[2024-09-28T02:19:00.970+0000] {processor.py:186} INFO - Started process (PID=86) to work on /home/airflow/.local/lib/python3.12/site-packages/airflow/example_dags/example_sla_dag.py
[2024-09-28T02:19:00.972+0000] {processor.py:914} INFO - Processing file /home/airflow/.local/lib/python3.12/site-packages/airflow/example_dags/example_sla_dag.py for tasks to queue
[2024-09-28T02:19:00.977+0000] {logging_mixin.py:190} INFO - [2024-09-28T02:19:00.977+0000] {dagbag.py:588} INFO - Filling up the DagBag from /home/airflow/.local/lib/python3.12/site-packages/airflow/example_dags/example_sla_dag.py
[2024-09-28T02:19:00.994+0000] {processor.py:925} INFO - DAG(s) 'example_sla_dag' retrieved from /home/airflow/.local/lib/python3.12/site-packages/airflow/example_dags/example_sla_dag.py
[2024-09-28T02:19:01.024+0000] {logging_mixin.py:190} INFO - [2024-09-28T02:19:01.024+0000] {dag.py:3239} INFO - Sync 1 DAGs
[2024-09-28T02:19:01.065+0000] {logging_mixin.py:190} INFO - [2024-09-28T02:19:01.064+0000] {dag.py:4180} INFO - Setting next_dagrun for example_sla_dag to 2024-09-28 02:16:00+00:00, run_after=2024-09-28 02:18:00+00:00
[2024-09-28T02:19:01.103+0000] {processor.py:208} INFO - Processing /home/airflow/.local/lib/python3.12/site-packages/airflow/example_dags/example_sla_dag.py took 0.142 seconds
[2024-09-28T02:19:31.929+0000] {processor.py:186} INFO - Started process (PID=149) to work on /home/airflow/.local/lib/python3.12/site-packages/airflow/example_dags/example_sla_dag.py
[2024-09-28T02:19:31.931+0000] {processor.py:914} INFO - Processing file /home/airflow/.local/lib/python3.12/site-packages/airflow/example_dags/example_sla_dag.py for tasks to queue
[2024-09-28T02:19:31.934+0000] {logging_mixin.py:190} INFO - [2024-09-28T02:19:31.934+0000] {dagbag.py:588} INFO - Filling up the DagBag from /home/airflow/.local/lib/python3.12/site-packages/airflow/example_dags/example_sla_dag.py
[2024-09-28T02:19:31.947+0000] {processor.py:925} INFO - DAG(s) 'example_sla_dag' retrieved from /home/airflow/.local/lib/python3.12/site-packages/airflow/example_dags/example_sla_dag.py
[2024-09-28T02:19:31.981+0000] {logging_mixin.py:190} INFO - [2024-09-28T02:19:31.980+0000] {dag.py:3239} INFO - Sync 1 DAGs
[2024-09-28T02:19:32.024+0000] {logging_mixin.py:190} INFO - [2024-09-28T02:19:32.023+0000] {dag.py:4180} INFO - Setting next_dagrun for example_sla_dag to 2024-09-28 02:16:00+00:00, run_after=2024-09-28 02:18:00+00:00
[2024-09-28T02:19:32.071+0000] {processor.py:208} INFO - Processing /home/airflow/.local/lib/python3.12/site-packages/airflow/example_dags/example_sla_dag.py took 0.149 seconds
[2024-09-28T02:20:02.904+0000] {processor.py:186} INFO - Started process (PID=212) to work on /home/airflow/.local/lib/python3.12/site-packages/airflow/example_dags/example_sla_dag.py
[2024-09-28T02:20:02.906+0000] {processor.py:914} INFO - Processing file /home/airflow/.local/lib/python3.12/site-packages/airflow/example_dags/example_sla_dag.py for tasks to queue
[2024-09-28T02:20:02.908+0000] {logging_mixin.py:190} INFO - [2024-09-28T02:20:02.908+0000] {dagbag.py:588} INFO - Filling up the DagBag from /home/airflow/.local/lib/python3.12/site-packages/airflow/example_dags/example_sla_dag.py
[2024-09-28T02:20:02.916+0000] {processor.py:925} INFO - DAG(s) 'example_sla_dag' retrieved from /home/airflow/.local/lib/python3.12/site-packages/airflow/example_dags/example_sla_dag.py
[2024-09-28T02:20:02.934+0000] {logging_mixin.py:190} INFO - [2024-09-28T02:20:02.934+0000] {dag.py:3239} INFO - Sync 1 DAGs
[2024-09-28T02:20:02.957+0000] {logging_mixin.py:190} INFO - [2024-09-28T02:20:02.956+0000] {dag.py:4180} INFO - Setting next_dagrun for example_sla_dag to 2024-09-28 02:18:00+00:00, run_after=2024-09-28 02:20:00+00:00
[2024-09-28T02:20:02.981+0000] {processor.py:208} INFO - Processing /home/airflow/.local/lib/python3.12/site-packages/airflow/example_dags/example_sla_dag.py took 0.081 seconds
[2024-09-28T02:20:33.305+0000] {processor.py:186} INFO - Started process (PID=275) to work on /home/airflow/.local/lib/python3.12/site-packages/airflow/example_dags/example_sla_dag.py
[2024-09-28T02:20:33.306+0000] {processor.py:914} INFO - Processing file /home/airflow/.local/lib/python3.12/site-packages/airflow/example_dags/example_sla_dag.py for tasks to queue
[2024-09-28T02:20:33.309+0000] {logging_mixin.py:190} INFO - [2024-09-28T02:20:33.309+0000] {dagbag.py:588} INFO - Filling up the DagBag from /home/airflow/.local/lib/python3.12/site-packages/airflow/example_dags/example_sla_dag.py
[2024-09-28T02:20:33.319+0000] {processor.py:925} INFO - DAG(s) 'example_sla_dag' retrieved from /home/airflow/.local/lib/python3.12/site-packages/airflow/example_dags/example_sla_dag.py
[2024-09-28T02:20:33.343+0000] {logging_mixin.py:190} INFO - [2024-09-28T02:20:33.343+0000] {dag.py:3239} INFO - Sync 1 DAGs
[2024-09-28T02:20:33.373+0000] {logging_mixin.py:190} INFO - [2024-09-28T02:20:33.372+0000] {dag.py:4180} INFO - Setting next_dagrun for example_sla_dag to 2024-09-28 02:18:00+00:00, run_after=2024-09-28 02:20:00+00:00
[2024-09-28T02:20:33.400+0000] {processor.py:208} INFO - Processing /home/airflow/.local/lib/python3.12/site-packages/airflow/example_dags/example_sla_dag.py took 0.101 seconds
[2024-09-28T02:21:04.024+0000] {processor.py:186} INFO - Started process (PID=338) to work on /home/airflow/.local/lib/python3.12/site-packages/airflow/example_dags/example_sla_dag.py
[2024-09-28T02:21:04.026+0000] {processor.py:914} INFO - Processing file /home/airflow/.local/lib/python3.12/site-packages/airflow/example_dags/example_sla_dag.py for tasks to queue
[2024-09-28T02:21:04.029+0000] {logging_mixin.py:190} INFO - [2024-09-28T02:21:04.028+0000] {dagbag.py:588} INFO - Filling up the DagBag from /home/airflow/.local/lib/python3.12/site-packages/airflow/example_dags/example_sla_dag.py
[2024-09-28T02:21:04.041+0000] {processor.py:925} INFO - DAG(s) 'example_sla_dag' retrieved from /home/airflow/.local/lib/python3.12/site-packages/airflow/example_dags/example_sla_dag.py
[2024-09-28T02:21:04.065+0000] {logging_mixin.py:190} INFO - [2024-09-28T02:21:04.064+0000] {dag.py:3239} INFO - Sync 1 DAGs
[2024-09-28T02:21:04.098+0000] {logging_mixin.py:190} INFO - [2024-09-28T02:21:04.098+0000] {dag.py:4180} INFO - Setting next_dagrun for example_sla_dag to 2024-09-28 02:18:00+00:00, run_after=2024-09-28 02:20:00+00:00
[2024-09-28T02:21:04.123+0000] {processor.py:208} INFO - Processing /home/airflow/.local/lib/python3.12/site-packages/airflow/example_dags/example_sla_dag.py took 0.105 seconds
[2024-09-28T02:21:35.019+0000] {processor.py:186} INFO - Started process (PID=401) to work on /home/airflow/.local/lib/python3.12/site-packages/airflow/example_dags/example_sla_dag.py
[2024-09-28T02:21:35.021+0000] {processor.py:914} INFO - Processing file /home/airflow/.local/lib/python3.12/site-packages/airflow/example_dags/example_sla_dag.py for tasks to queue
[2024-09-28T02:21:35.024+0000] {logging_mixin.py:190} INFO - [2024-09-28T02:21:35.024+0000] {dagbag.py:588} INFO - Filling up the DagBag from /home/airflow/.local/lib/python3.12/site-packages/airflow/example_dags/example_sla_dag.py
[2024-09-28T02:21:35.037+0000] {processor.py:925} INFO - DAG(s) 'example_sla_dag' retrieved from /home/airflow/.local/lib/python3.12/site-packages/airflow/example_dags/example_sla_dag.py
[2024-09-28T02:21:35.069+0000] {logging_mixin.py:190} INFO - [2024-09-28T02:21:35.069+0000] {dag.py:3239} INFO - Sync 1 DAGs
[2024-09-28T02:21:35.105+0000] {logging_mixin.py:190} INFO - [2024-09-28T02:21:35.104+0000] {dag.py:4180} INFO - Setting next_dagrun for example_sla_dag to 2024-09-28 02:18:00+00:00, run_after=2024-09-28 02:20:00+00:00
[2024-09-28T02:21:35.134+0000] {processor.py:208} INFO - Processing /home/airflow/.local/lib/python3.12/site-packages/airflow/example_dags/example_sla_dag.py took 0.121 seconds
[2024-09-28T02:22:05.923+0000] {processor.py:186} INFO - Started process (PID=464) to work on /home/airflow/.local/lib/python3.12/site-packages/airflow/example_dags/example_sla_dag.py
[2024-09-28T02:22:05.925+0000] {processor.py:914} INFO - Processing file /home/airflow/.local/lib/python3.12/site-packages/airflow/example_dags/example_sla_dag.py for tasks to queue
[2024-09-28T02:22:05.927+0000] {logging_mixin.py:190} INFO - [2024-09-28T02:22:05.927+0000] {dagbag.py:588} INFO - Filling up the DagBag from /home/airflow/.local/lib/python3.12/site-packages/airflow/example_dags/example_sla_dag.py
[2024-09-28T02:22:05.935+0000] {processor.py:925} INFO - DAG(s) 'example_sla_dag' retrieved from /home/airflow/.local/lib/python3.12/site-packages/airflow/example_dags/example_sla_dag.py
[2024-09-28T02:22:05.953+0000] {logging_mixin.py:190} INFO - [2024-09-28T02:22:05.953+0000] {dag.py:3239} INFO - Sync 1 DAGs
[2024-09-28T02:22:05.978+0000] {logging_mixin.py:190} INFO - [2024-09-28T02:22:05.977+0000] {dag.py:4180} INFO - Setting next_dagrun for example_sla_dag to 2024-09-28 02:20:00+00:00, run_after=2024-09-28 02:22:00+00:00
[2024-09-28T02:22:06.001+0000] {processor.py:208} INFO - Processing /home/airflow/.local/lib/python3.12/site-packages/airflow/example_dags/example_sla_dag.py took 0.082 seconds
[2024-09-28T02:22:36.269+0000] {processor.py:186} INFO - Started process (PID=527) to work on /home/airflow/.local/lib/python3.12/site-packages/airflow/example_dags/example_sla_dag.py
[2024-09-28T02:22:36.270+0000] {processor.py:914} INFO - Processing file /home/airflow/.local/lib/python3.12/site-packages/airflow/example_dags/example_sla_dag.py for tasks to queue
[2024-09-28T02:22:36.272+0000] {logging_mixin.py:190} INFO - [2024-09-28T02:22:36.271+0000] {dagbag.py:588} INFO - Filling up the DagBag from /home/airflow/.local/lib/python3.12/site-packages/airflow/example_dags/example_sla_dag.py
[2024-09-28T02:22:36.280+0000] {processor.py:925} INFO - DAG(s) 'example_sla_dag' retrieved from /home/airflow/.local/lib/python3.12/site-packages/airflow/example_dags/example_sla_dag.py
[2024-09-28T02:22:36.299+0000] {logging_mixin.py:190} INFO - [2024-09-28T02:22:36.299+0000] {dag.py:3239} INFO - Sync 1 DAGs
[2024-09-28T02:22:36.324+0000] {logging_mixin.py:190} INFO - [2024-09-28T02:22:36.324+0000] {dag.py:4180} INFO - Setting next_dagrun for example_sla_dag to 2024-09-28 02:20:00+00:00, run_after=2024-09-28 02:22:00+00:00
[2024-09-28T02:22:36.347+0000] {processor.py:208} INFO - Processing /home/airflow/.local/lib/python3.12/site-packages/airflow/example_dags/example_sla_dag.py took 0.084 seconds
[2024-09-28T02:23:07.232+0000] {processor.py:186} INFO - Started process (PID=591) to work on /home/airflow/.local/lib/python3.12/site-packages/airflow/example_dags/example_sla_dag.py
[2024-09-28T02:23:07.234+0000] {processor.py:914} INFO - Processing file /home/airflow/.local/lib/python3.12/site-packages/airflow/example_dags/example_sla_dag.py for tasks to queue
[2024-09-28T02:23:07.236+0000] {logging_mixin.py:190} INFO - [2024-09-28T02:23:07.236+0000] {dagbag.py:588} INFO - Filling up the DagBag from /home/airflow/.local/lib/python3.12/site-packages/airflow/example_dags/example_sla_dag.py
[2024-09-28T02:23:07.245+0000] {processor.py:925} INFO - DAG(s) 'example_sla_dag' retrieved from /home/airflow/.local/lib/python3.12/site-packages/airflow/example_dags/example_sla_dag.py
[2024-09-28T02:23:07.264+0000] {logging_mixin.py:190} INFO - [2024-09-28T02:23:07.264+0000] {dag.py:3239} INFO - Sync 1 DAGs
[2024-09-28T02:23:07.289+0000] {logging_mixin.py:190} INFO - [2024-09-28T02:23:07.288+0000] {dag.py:4180} INFO - Setting next_dagrun for example_sla_dag to 2024-09-28 02:20:00+00:00, run_after=2024-09-28 02:22:00+00:00
[2024-09-28T02:23:07.311+0000] {processor.py:208} INFO - Processing /home/airflow/.local/lib/python3.12/site-packages/airflow/example_dags/example_sla_dag.py took 0.085 seconds
[2024-09-28T02:23:37.450+0000] {processor.py:186} INFO - Started process (PID=654) to work on /home/airflow/.local/lib/python3.12/site-packages/airflow/example_dags/example_sla_dag.py
[2024-09-28T02:23:37.451+0000] {processor.py:914} INFO - Processing file /home/airflow/.local/lib/python3.12/site-packages/airflow/example_dags/example_sla_dag.py for tasks to queue
[2024-09-28T02:23:37.453+0000] {logging_mixin.py:190} INFO - [2024-09-28T02:23:37.453+0000] {dagbag.py:588} INFO - Filling up the DagBag from /home/airflow/.local/lib/python3.12/site-packages/airflow/example_dags/example_sla_dag.py
[2024-09-28T02:23:37.463+0000] {processor.py:925} INFO - DAG(s) 'example_sla_dag' retrieved from /home/airflow/.local/lib/python3.12/site-packages/airflow/example_dags/example_sla_dag.py
[2024-09-28T02:23:37.483+0000] {logging_mixin.py:190} INFO - [2024-09-28T02:23:37.483+0000] {dag.py:3239} INFO - Sync 1 DAGs
[2024-09-28T02:23:37.512+0000] {logging_mixin.py:190} INFO - [2024-09-28T02:23:37.512+0000] {dag.py:4180} INFO - Setting next_dagrun for example_sla_dag to 2024-09-28 02:20:00+00:00, run_after=2024-09-28 02:22:00+00:00
[2024-09-28T02:23:37.537+0000] {processor.py:208} INFO - Processing /home/airflow/.local/lib/python3.12/site-packages/airflow/example_dags/example_sla_dag.py took 0.091 seconds
[2024-09-28T02:24:08.539+0000] {processor.py:186} INFO - Started process (PID=717) to work on /home/airflow/.local/lib/python3.12/site-packages/airflow/example_dags/example_sla_dag.py
[2024-09-28T02:24:08.541+0000] {processor.py:914} INFO - Processing file /home/airflow/.local/lib/python3.12/site-packages/airflow/example_dags/example_sla_dag.py for tasks to queue
[2024-09-28T02:24:08.544+0000] {logging_mixin.py:190} INFO - [2024-09-28T02:24:08.543+0000] {dagbag.py:588} INFO - Filling up the DagBag from /home/airflow/.local/lib/python3.12/site-packages/airflow/example_dags/example_sla_dag.py
[2024-09-28T02:24:08.555+0000] {processor.py:925} INFO - DAG(s) 'example_sla_dag' retrieved from /home/airflow/.local/lib/python3.12/site-packages/airflow/example_dags/example_sla_dag.py
[2024-09-28T02:24:08.577+0000] {logging_mixin.py:190} INFO - [2024-09-28T02:24:08.576+0000] {dag.py:3239} INFO - Sync 1 DAGs
[2024-09-28T02:24:08.607+0000] {logging_mixin.py:190} INFO - [2024-09-28T02:24:08.607+0000] {dag.py:4180} INFO - Setting next_dagrun for example_sla_dag to 2024-09-28 02:22:00+00:00, run_after=2024-09-28 02:24:00+00:00
[2024-09-28T02:24:08.640+0000] {processor.py:208} INFO - Processing /home/airflow/.local/lib/python3.12/site-packages/airflow/example_dags/example_sla_dag.py took 0.108 seconds
[2024-09-28T02:24:39.065+0000] {processor.py:186} INFO - Started process (PID=780) to work on /home/airflow/.local/lib/python3.12/site-packages/airflow/example_dags/example_sla_dag.py
[2024-09-28T02:24:39.066+0000] {processor.py:914} INFO - Processing file /home/airflow/.local/lib/python3.12/site-packages/airflow/example_dags/example_sla_dag.py for tasks to queue
[2024-09-28T02:24:39.069+0000] {logging_mixin.py:190} INFO - [2024-09-28T02:24:39.069+0000] {dagbag.py:588} INFO - Filling up the DagBag from /home/airflow/.local/lib/python3.12/site-packages/airflow/example_dags/example_sla_dag.py
[2024-09-28T02:24:39.080+0000] {processor.py:925} INFO - DAG(s) 'example_sla_dag' retrieved from /home/airflow/.local/lib/python3.12/site-packages/airflow/example_dags/example_sla_dag.py
[2024-09-28T02:24:39.100+0000] {logging_mixin.py:190} INFO - [2024-09-28T02:24:39.100+0000] {dag.py:3239} INFO - Sync 1 DAGs
[2024-09-28T02:24:39.127+0000] {logging_mixin.py:190} INFO - [2024-09-28T02:24:39.127+0000] {dag.py:4180} INFO - Setting next_dagrun for example_sla_dag to 2024-09-28 02:22:00+00:00, run_after=2024-09-28 02:24:00+00:00
[2024-09-28T02:24:39.154+0000] {processor.py:208} INFO - Processing /home/airflow/.local/lib/python3.12/site-packages/airflow/example_dags/example_sla_dag.py took 0.094 seconds
[2024-09-28T02:25:09.607+0000] {processor.py:186} INFO - Started process (PID=843) to work on /home/airflow/.local/lib/python3.12/site-packages/airflow/example_dags/example_sla_dag.py
[2024-09-28T02:25:09.609+0000] {processor.py:914} INFO - Processing file /home/airflow/.local/lib/python3.12/site-packages/airflow/example_dags/example_sla_dag.py for tasks to queue
[2024-09-28T02:25:09.611+0000] {logging_mixin.py:190} INFO - [2024-09-28T02:25:09.611+0000] {dagbag.py:588} INFO - Filling up the DagBag from /home/airflow/.local/lib/python3.12/site-packages/airflow/example_dags/example_sla_dag.py
[2024-09-28T02:25:09.621+0000] {processor.py:925} INFO - DAG(s) 'example_sla_dag' retrieved from /home/airflow/.local/lib/python3.12/site-packages/airflow/example_dags/example_sla_dag.py
[2024-09-28T02:25:09.641+0000] {logging_mixin.py:190} INFO - [2024-09-28T02:25:09.641+0000] {dag.py:3239} INFO - Sync 1 DAGs
[2024-09-28T02:25:09.667+0000] {logging_mixin.py:190} INFO - [2024-09-28T02:25:09.667+0000] {dag.py:4180} INFO - Setting next_dagrun for example_sla_dag to 2024-09-28 02:22:00+00:00, run_after=2024-09-28 02:24:00+00:00
[2024-09-28T02:25:09.692+0000] {processor.py:208} INFO - Processing /home/airflow/.local/lib/python3.12/site-packages/airflow/example_dags/example_sla_dag.py took 0.090 seconds
[2024-09-28T02:25:39.913+0000] {processor.py:186} INFO - Started process (PID=906) to work on /home/airflow/.local/lib/python3.12/site-packages/airflow/example_dags/example_sla_dag.py
[2024-09-28T02:25:39.914+0000] {processor.py:914} INFO - Processing file /home/airflow/.local/lib/python3.12/site-packages/airflow/example_dags/example_sla_dag.py for tasks to queue
[2024-09-28T02:25:39.917+0000] {logging_mixin.py:190} INFO - [2024-09-28T02:25:39.917+0000] {dagbag.py:588} INFO - Filling up the DagBag from /home/airflow/.local/lib/python3.12/site-packages/airflow/example_dags/example_sla_dag.py
[2024-09-28T02:25:39.926+0000] {processor.py:925} INFO - DAG(s) 'example_sla_dag' retrieved from /home/airflow/.local/lib/python3.12/site-packages/airflow/example_dags/example_sla_dag.py
[2024-09-28T02:25:39.945+0000] {logging_mixin.py:190} INFO - [2024-09-28T02:25:39.945+0000] {dag.py:3239} INFO - Sync 1 DAGs
[2024-09-28T02:25:39.969+0000] {logging_mixin.py:190} INFO - [2024-09-28T02:25:39.969+0000] {dag.py:4180} INFO - Setting next_dagrun for example_sla_dag to 2024-09-28 02:22:00+00:00, run_after=2024-09-28 02:24:00+00:00
[2024-09-28T02:25:39.996+0000] {processor.py:208} INFO - Processing /home/airflow/.local/lib/python3.12/site-packages/airflow/example_dags/example_sla_dag.py took 0.087 seconds
[2024-09-28T02:26:10.415+0000] {processor.py:186} INFO - Started process (PID=969) to work on /home/airflow/.local/lib/python3.12/site-packages/airflow/example_dags/example_sla_dag.py
[2024-09-28T02:26:10.416+0000] {processor.py:914} INFO - Processing file /home/airflow/.local/lib/python3.12/site-packages/airflow/example_dags/example_sla_dag.py for tasks to queue
[2024-09-28T02:26:10.418+0000] {logging_mixin.py:190} INFO - [2024-09-28T02:26:10.418+0000] {dagbag.py:588} INFO - Filling up the DagBag from /home/airflow/.local/lib/python3.12/site-packages/airflow/example_dags/example_sla_dag.py
[2024-09-28T02:26:10.426+0000] {processor.py:925} INFO - DAG(s) 'example_sla_dag' retrieved from /home/airflow/.local/lib/python3.12/site-packages/airflow/example_dags/example_sla_dag.py
[2024-09-28T02:26:10.443+0000] {logging_mixin.py:190} INFO - [2024-09-28T02:26:10.443+0000] {dag.py:3239} INFO - Sync 1 DAGs
[2024-09-28T02:26:10.469+0000] {logging_mixin.py:190} INFO - [2024-09-28T02:26:10.468+0000] {dag.py:4180} INFO - Setting next_dagrun for example_sla_dag to 2024-09-28 02:24:00+00:00, run_after=2024-09-28 02:26:00+00:00
[2024-09-28T02:26:10.491+0000] {processor.py:208} INFO - Processing /home/airflow/.local/lib/python3.12/site-packages/airflow/example_dags/example_sla_dag.py took 0.081 seconds
[2024-09-28T02:46:04.785+0000] {processor.py:186} INFO - Started process (PID=85) to work on /home/airflow/.local/lib/python3.12/site-packages/airflow/example_dags/example_sla_dag.py
[2024-09-28T02:46:04.787+0000] {processor.py:914} INFO - Processing file /home/airflow/.local/lib/python3.12/site-packages/airflow/example_dags/example_sla_dag.py for tasks to queue
[2024-09-28T02:46:04.790+0000] {logging_mixin.py:190} INFO - [2024-09-28T02:46:04.789+0000] {dagbag.py:588} INFO - Filling up the DagBag from /home/airflow/.local/lib/python3.12/site-packages/airflow/example_dags/example_sla_dag.py
[2024-09-28T02:46:04.802+0000] {processor.py:925} INFO - DAG(s) 'example_sla_dag' retrieved from /home/airflow/.local/lib/python3.12/site-packages/airflow/example_dags/example_sla_dag.py
[2024-09-28T02:46:04.827+0000] {logging_mixin.py:190} INFO - [2024-09-28T02:46:04.826+0000] {dag.py:3239} INFO - Sync 1 DAGs
[2024-09-28T02:46:04.856+0000] {logging_mixin.py:190} INFO - [2024-09-28T02:46:04.856+0000] {dag.py:4180} INFO - Setting next_dagrun for example_sla_dag to 2024-09-28 02:44:00+00:00, run_after=2024-09-28 02:46:00+00:00
[2024-09-28T02:46:04.884+0000] {processor.py:208} INFO - Processing /home/airflow/.local/lib/python3.12/site-packages/airflow/example_dags/example_sla_dag.py took 0.105 seconds
[2024-09-28T02:46:36.696+0000] {processor.py:186} INFO - Started process (PID=148) to work on /home/airflow/.local/lib/python3.12/site-packages/airflow/example_dags/example_sla_dag.py
[2024-09-28T02:46:36.697+0000] {processor.py:914} INFO - Processing file /home/airflow/.local/lib/python3.12/site-packages/airflow/example_dags/example_sla_dag.py for tasks to queue
[2024-09-28T02:46:36.700+0000] {logging_mixin.py:190} INFO - [2024-09-28T02:46:36.700+0000] {dagbag.py:588} INFO - Filling up the DagBag from /home/airflow/.local/lib/python3.12/site-packages/airflow/example_dags/example_sla_dag.py
[2024-09-28T02:46:36.712+0000] {processor.py:925} INFO - DAG(s) 'example_sla_dag' retrieved from /home/airflow/.local/lib/python3.12/site-packages/airflow/example_dags/example_sla_dag.py
[2024-09-28T02:46:36.735+0000] {logging_mixin.py:190} INFO - [2024-09-28T02:46:36.735+0000] {dag.py:3239} INFO - Sync 1 DAGs
[2024-09-28T02:46:36.766+0000] {logging_mixin.py:190} INFO - [2024-09-28T02:46:36.765+0000] {dag.py:4180} INFO - Setting next_dagrun for example_sla_dag to 2024-09-28 02:44:00+00:00, run_after=2024-09-28 02:46:00+00:00
[2024-09-28T02:46:36.803+0000] {processor.py:208} INFO - Processing /home/airflow/.local/lib/python3.12/site-packages/airflow/example_dags/example_sla_dag.py took 0.114 seconds
[2024-09-28T02:47:08.813+0000] {processor.py:186} INFO - Started process (PID=211) to work on /home/airflow/.local/lib/python3.12/site-packages/airflow/example_dags/example_sla_dag.py
[2024-09-28T02:47:08.815+0000] {processor.py:914} INFO - Processing file /home/airflow/.local/lib/python3.12/site-packages/airflow/example_dags/example_sla_dag.py for tasks to queue
[2024-09-28T02:47:08.822+0000] {logging_mixin.py:190} INFO - [2024-09-28T02:47:08.821+0000] {dagbag.py:588} INFO - Filling up the DagBag from /home/airflow/.local/lib/python3.12/site-packages/airflow/example_dags/example_sla_dag.py
[2024-09-28T02:47:08.850+0000] {processor.py:925} INFO - DAG(s) 'example_sla_dag' retrieved from /home/airflow/.local/lib/python3.12/site-packages/airflow/example_dags/example_sla_dag.py
[2024-09-28T02:47:08.901+0000] {logging_mixin.py:190} INFO - [2024-09-28T02:47:08.901+0000] {dag.py:3239} INFO - Sync 1 DAGs
[2024-09-28T02:47:08.941+0000] {logging_mixin.py:190} INFO - [2024-09-28T02:47:08.940+0000] {dag.py:4180} INFO - Setting next_dagrun for example_sla_dag to 2024-09-28 02:44:00+00:00, run_after=2024-09-28 02:46:00+00:00
[2024-09-28T02:47:08.971+0000] {processor.py:208} INFO - Processing /home/airflow/.local/lib/python3.12/site-packages/airflow/example_dags/example_sla_dag.py took 0.165 seconds
[2024-09-28T02:47:39.151+0000] {processor.py:186} INFO - Started process (PID=275) to work on /home/airflow/.local/lib/python3.12/site-packages/airflow/example_dags/example_sla_dag.py
[2024-09-28T02:47:39.152+0000] {processor.py:914} INFO - Processing file /home/airflow/.local/lib/python3.12/site-packages/airflow/example_dags/example_sla_dag.py for tasks to queue
[2024-09-28T02:47:39.155+0000] {logging_mixin.py:190} INFO - [2024-09-28T02:47:39.154+0000] {dagbag.py:588} INFO - Filling up the DagBag from /home/airflow/.local/lib/python3.12/site-packages/airflow/example_dags/example_sla_dag.py
[2024-09-28T02:47:39.163+0000] {processor.py:925} INFO - DAG(s) 'example_sla_dag' retrieved from /home/airflow/.local/lib/python3.12/site-packages/airflow/example_dags/example_sla_dag.py
[2024-09-28T02:47:39.181+0000] {logging_mixin.py:190} INFO - [2024-09-28T02:47:39.181+0000] {dag.py:3239} INFO - Sync 1 DAGs
[2024-09-28T02:47:39.206+0000] {logging_mixin.py:190} INFO - [2024-09-28T02:47:39.205+0000] {dag.py:4180} INFO - Setting next_dagrun for example_sla_dag to 2024-09-28 02:44:00+00:00, run_after=2024-09-28 02:46:00+00:00
[2024-09-28T02:47:39.227+0000] {processor.py:208} INFO - Processing /home/airflow/.local/lib/python3.12/site-packages/airflow/example_dags/example_sla_dag.py took 0.080 seconds
[2024-09-28T02:48:11.227+0000] {processor.py:186} INFO - Started process (PID=338) to work on /home/airflow/.local/lib/python3.12/site-packages/airflow/example_dags/example_sla_dag.py
[2024-09-28T02:48:11.228+0000] {processor.py:914} INFO - Processing file /home/airflow/.local/lib/python3.12/site-packages/airflow/example_dags/example_sla_dag.py for tasks to queue
[2024-09-28T02:48:11.234+0000] {logging_mixin.py:190} INFO - [2024-09-28T02:48:11.231+0000] {dagbag.py:588} INFO - Filling up the DagBag from /home/airflow/.local/lib/python3.12/site-packages/airflow/example_dags/example_sla_dag.py
[2024-09-28T02:48:11.256+0000] {processor.py:925} INFO - DAG(s) 'example_sla_dag' retrieved from /home/airflow/.local/lib/python3.12/site-packages/airflow/example_dags/example_sla_dag.py
[2024-09-28T02:48:11.307+0000] {logging_mixin.py:190} INFO - [2024-09-28T02:48:11.307+0000] {dag.py:3239} INFO - Sync 1 DAGs
[2024-09-28T02:48:11.348+0000] {logging_mixin.py:190} INFO - [2024-09-28T02:48:11.347+0000] {dag.py:4180} INFO - Setting next_dagrun for example_sla_dag to 2024-09-28 02:46:00+00:00, run_after=2024-09-28 02:48:00+00:00
[2024-09-28T02:48:11.380+0000] {processor.py:208} INFO - Processing /home/airflow/.local/lib/python3.12/site-packages/airflow/example_dags/example_sla_dag.py took 0.168 seconds
[2024-09-28T02:48:42.139+0000] {processor.py:186} INFO - Started process (PID=401) to work on /home/airflow/.local/lib/python3.12/site-packages/airflow/example_dags/example_sla_dag.py
[2024-09-28T02:48:42.140+0000] {processor.py:914} INFO - Processing file /home/airflow/.local/lib/python3.12/site-packages/airflow/example_dags/example_sla_dag.py for tasks to queue
[2024-09-28T02:48:42.142+0000] {logging_mixin.py:190} INFO - [2024-09-28T02:48:42.142+0000] {dagbag.py:588} INFO - Filling up the DagBag from /home/airflow/.local/lib/python3.12/site-packages/airflow/example_dags/example_sla_dag.py
[2024-09-28T02:48:42.151+0000] {processor.py:925} INFO - DAG(s) 'example_sla_dag' retrieved from /home/airflow/.local/lib/python3.12/site-packages/airflow/example_dags/example_sla_dag.py
[2024-09-28T02:48:42.171+0000] {logging_mixin.py:190} INFO - [2024-09-28T02:48:42.171+0000] {dag.py:3239} INFO - Sync 1 DAGs
[2024-09-28T02:48:42.197+0000] {logging_mixin.py:190} INFO - [2024-09-28T02:48:42.197+0000] {dag.py:4180} INFO - Setting next_dagrun for example_sla_dag to 2024-09-28 02:46:00+00:00, run_after=2024-09-28 02:48:00+00:00
[2024-09-28T02:48:42.222+0000] {processor.py:208} INFO - Processing /home/airflow/.local/lib/python3.12/site-packages/airflow/example_dags/example_sla_dag.py took 0.088 seconds
[2024-09-28T02:49:12.726+0000] {processor.py:186} INFO - Started process (PID=464) to work on /home/airflow/.local/lib/python3.12/site-packages/airflow/example_dags/example_sla_dag.py
[2024-09-28T02:49:12.728+0000] {processor.py:914} INFO - Processing file /home/airflow/.local/lib/python3.12/site-packages/airflow/example_dags/example_sla_dag.py for tasks to queue
[2024-09-28T02:49:12.733+0000] {logging_mixin.py:190} INFO - [2024-09-28T02:49:12.732+0000] {dagbag.py:588} INFO - Filling up the DagBag from /home/airflow/.local/lib/python3.12/site-packages/airflow/example_dags/example_sla_dag.py
[2024-09-28T02:49:12.745+0000] {processor.py:925} INFO - DAG(s) 'example_sla_dag' retrieved from /home/airflow/.local/lib/python3.12/site-packages/airflow/example_dags/example_sla_dag.py
[2024-09-28T02:49:12.764+0000] {logging_mixin.py:190} INFO - [2024-09-28T02:49:12.763+0000] {dag.py:3239} INFO - Sync 1 DAGs
[2024-09-28T02:49:12.787+0000] {logging_mixin.py:190} INFO - [2024-09-28T02:49:12.787+0000] {dag.py:4180} INFO - Setting next_dagrun for example_sla_dag to 2024-09-28 02:46:00+00:00, run_after=2024-09-28 02:48:00+00:00
[2024-09-28T02:49:12.811+0000] {processor.py:208} INFO - Processing /home/airflow/.local/lib/python3.12/site-packages/airflow/example_dags/example_sla_dag.py took 0.090 seconds
[2024-09-28T02:49:43.125+0000] {processor.py:186} INFO - Started process (PID=527) to work on /home/airflow/.local/lib/python3.12/site-packages/airflow/example_dags/example_sla_dag.py
[2024-09-28T02:49:43.126+0000] {processor.py:914} INFO - Processing file /home/airflow/.local/lib/python3.12/site-packages/airflow/example_dags/example_sla_dag.py for tasks to queue
[2024-09-28T02:49:43.128+0000] {logging_mixin.py:190} INFO - [2024-09-28T02:49:43.128+0000] {dagbag.py:588} INFO - Filling up the DagBag from /home/airflow/.local/lib/python3.12/site-packages/airflow/example_dags/example_sla_dag.py
[2024-09-28T02:49:43.137+0000] {processor.py:925} INFO - DAG(s) 'example_sla_dag' retrieved from /home/airflow/.local/lib/python3.12/site-packages/airflow/example_dags/example_sla_dag.py
[2024-09-28T02:49:43.156+0000] {logging_mixin.py:190} INFO - [2024-09-28T02:49:43.156+0000] {dag.py:3239} INFO - Sync 1 DAGs
[2024-09-28T02:49:43.180+0000] {logging_mixin.py:190} INFO - [2024-09-28T02:49:43.180+0000] {dag.py:4180} INFO - Setting next_dagrun for example_sla_dag to 2024-09-28 02:46:00+00:00, run_after=2024-09-28 02:48:00+00:00
[2024-09-28T02:49:43.205+0000] {processor.py:208} INFO - Processing /home/airflow/.local/lib/python3.12/site-packages/airflow/example_dags/example_sla_dag.py took 0.085 seconds
[2024-09-28T02:50:14.012+0000] {processor.py:186} INFO - Started process (PID=591) to work on /home/airflow/.local/lib/python3.12/site-packages/airflow/example_dags/example_sla_dag.py
[2024-09-28T02:50:14.013+0000] {processor.py:914} INFO - Processing file /home/airflow/.local/lib/python3.12/site-packages/airflow/example_dags/example_sla_dag.py for tasks to queue
[2024-09-28T02:50:14.015+0000] {logging_mixin.py:190} INFO - [2024-09-28T02:50:14.015+0000] {dagbag.py:588} INFO - Filling up the DagBag from /home/airflow/.local/lib/python3.12/site-packages/airflow/example_dags/example_sla_dag.py
[2024-09-28T02:50:14.024+0000] {processor.py:925} INFO - DAG(s) 'example_sla_dag' retrieved from /home/airflow/.local/lib/python3.12/site-packages/airflow/example_dags/example_sla_dag.py
[2024-09-28T02:50:14.044+0000] {logging_mixin.py:190} INFO - [2024-09-28T02:50:14.043+0000] {dag.py:3239} INFO - Sync 1 DAGs
[2024-09-28T02:50:14.070+0000] {logging_mixin.py:190} INFO - [2024-09-28T02:50:14.070+0000] {dag.py:4180} INFO - Setting next_dagrun for example_sla_dag to 2024-09-28 02:48:00+00:00, run_after=2024-09-28 02:50:00+00:00
[2024-09-28T02:50:14.093+0000] {processor.py:208} INFO - Processing /home/airflow/.local/lib/python3.12/site-packages/airflow/example_dags/example_sla_dag.py took 0.085 seconds
[2024-09-28T02:50:44.608+0000] {processor.py:186} INFO - Started process (PID=654) to work on /home/airflow/.local/lib/python3.12/site-packages/airflow/example_dags/example_sla_dag.py
[2024-09-28T02:50:44.609+0000] {processor.py:914} INFO - Processing file /home/airflow/.local/lib/python3.12/site-packages/airflow/example_dags/example_sla_dag.py for tasks to queue
[2024-09-28T02:50:44.612+0000] {logging_mixin.py:190} INFO - [2024-09-28T02:50:44.611+0000] {dagbag.py:588} INFO - Filling up the DagBag from /home/airflow/.local/lib/python3.12/site-packages/airflow/example_dags/example_sla_dag.py
[2024-09-28T02:50:44.621+0000] {processor.py:925} INFO - DAG(s) 'example_sla_dag' retrieved from /home/airflow/.local/lib/python3.12/site-packages/airflow/example_dags/example_sla_dag.py
[2024-09-28T02:50:44.640+0000] {logging_mixin.py:190} INFO - [2024-09-28T02:50:44.639+0000] {dag.py:3239} INFO - Sync 1 DAGs
[2024-09-28T02:50:44.665+0000] {logging_mixin.py:190} INFO - [2024-09-28T02:50:44.664+0000] {dag.py:4180} INFO - Setting next_dagrun for example_sla_dag to 2024-09-28 02:48:00+00:00, run_after=2024-09-28 02:50:00+00:00
[2024-09-28T02:50:44.689+0000] {processor.py:208} INFO - Processing /home/airflow/.local/lib/python3.12/site-packages/airflow/example_dags/example_sla_dag.py took 0.086 seconds
[2024-09-28T02:51:15.577+0000] {processor.py:186} INFO - Started process (PID=717) to work on /home/airflow/.local/lib/python3.12/site-packages/airflow/example_dags/example_sla_dag.py
[2024-09-28T02:51:15.579+0000] {processor.py:914} INFO - Processing file /home/airflow/.local/lib/python3.12/site-packages/airflow/example_dags/example_sla_dag.py for tasks to queue
[2024-09-28T02:51:15.583+0000] {logging_mixin.py:190} INFO - [2024-09-28T02:51:15.583+0000] {dagbag.py:588} INFO - Filling up the DagBag from /home/airflow/.local/lib/python3.12/site-packages/airflow/example_dags/example_sla_dag.py
[2024-09-28T02:51:15.604+0000] {processor.py:925} INFO - DAG(s) 'example_sla_dag' retrieved from /home/airflow/.local/lib/python3.12/site-packages/airflow/example_dags/example_sla_dag.py
[2024-09-28T02:51:15.633+0000] {logging_mixin.py:190} INFO - [2024-09-28T02:51:15.632+0000] {dag.py:3239} INFO - Sync 1 DAGs
[2024-09-28T02:51:15.673+0000] {logging_mixin.py:190} INFO - [2024-09-28T02:51:15.673+0000] {dag.py:4180} INFO - Setting next_dagrun for example_sla_dag to 2024-09-28 02:48:00+00:00, run_after=2024-09-28 02:50:00+00:00
[2024-09-28T02:51:15.701+0000] {processor.py:208} INFO - Processing /home/airflow/.local/lib/python3.12/site-packages/airflow/example_dags/example_sla_dag.py took 0.133 seconds
[2024-09-28T02:51:46.659+0000] {processor.py:186} INFO - Started process (PID=780) to work on /home/airflow/.local/lib/python3.12/site-packages/airflow/example_dags/example_sla_dag.py
[2024-09-28T02:51:46.660+0000] {processor.py:914} INFO - Processing file /home/airflow/.local/lib/python3.12/site-packages/airflow/example_dags/example_sla_dag.py for tasks to queue
[2024-09-28T02:51:46.664+0000] {logging_mixin.py:190} INFO - [2024-09-28T02:51:46.663+0000] {dagbag.py:588} INFO - Filling up the DagBag from /home/airflow/.local/lib/python3.12/site-packages/airflow/example_dags/example_sla_dag.py
[2024-09-28T02:51:46.688+0000] {processor.py:925} INFO - DAG(s) 'example_sla_dag' retrieved from /home/airflow/.local/lib/python3.12/site-packages/airflow/example_dags/example_sla_dag.py
[2024-09-28T02:51:46.968+0000] {logging_mixin.py:190} INFO - [2024-09-28T02:51:46.963+0000] {dag.py:3239} INFO - Sync 1 DAGs
[2024-09-28T02:51:47.018+0000] {logging_mixin.py:190} INFO - [2024-09-28T02:51:47.018+0000] {dag.py:4180} INFO - Setting next_dagrun for example_sla_dag to 2024-09-28 02:48:00+00:00, run_after=2024-09-28 02:50:00+00:00
[2024-09-28T02:51:47.056+0000] {processor.py:208} INFO - Processing /home/airflow/.local/lib/python3.12/site-packages/airflow/example_dags/example_sla_dag.py took 0.411 seconds
[2024-09-28T03:30:33.962+0000] {processor.py:186} INFO - Started process (PID=851) to work on /home/airflow/.local/lib/python3.12/site-packages/airflow/example_dags/example_sla_dag.py
[2024-09-28T03:30:33.964+0000] {processor.py:914} INFO - Processing file /home/airflow/.local/lib/python3.12/site-packages/airflow/example_dags/example_sla_dag.py for tasks to queue
[2024-09-28T03:30:33.967+0000] {logging_mixin.py:190} INFO - [2024-09-28T03:30:33.967+0000] {dagbag.py:588} INFO - Filling up the DagBag from /home/airflow/.local/lib/python3.12/site-packages/airflow/example_dags/example_sla_dag.py
[2024-09-28T03:30:33.980+0000] {processor.py:925} INFO - DAG(s) 'example_sla_dag' retrieved from /home/airflow/.local/lib/python3.12/site-packages/airflow/example_dags/example_sla_dag.py
[2024-09-28T03:30:34.004+0000] {logging_mixin.py:190} INFO - [2024-09-28T03:30:34.004+0000] {dag.py:3239} INFO - Sync 1 DAGs
[2024-09-28T03:30:34.035+0000] {logging_mixin.py:190} INFO - [2024-09-28T03:30:34.034+0000] {dag.py:4180} INFO - Setting next_dagrun for example_sla_dag to 2024-09-28 03:28:00+00:00, run_after=2024-09-28 03:30:00+00:00
[2024-09-28T03:30:34.063+0000] {processor.py:208} INFO - Processing /home/airflow/.local/lib/python3.12/site-packages/airflow/example_dags/example_sla_dag.py took 0.108 seconds
[2024-09-28T03:34:13.932+0000] {processor.py:186} INFO - Started process (PID=908) to work on /home/airflow/.local/lib/python3.12/site-packages/airflow/example_dags/example_sla_dag.py
[2024-09-28T03:34:13.933+0000] {processor.py:914} INFO - Processing file /home/airflow/.local/lib/python3.12/site-packages/airflow/example_dags/example_sla_dag.py for tasks to queue
[2024-09-28T03:34:13.935+0000] {logging_mixin.py:190} INFO - [2024-09-28T03:34:13.934+0000] {dagbag.py:588} INFO - Filling up the DagBag from /home/airflow/.local/lib/python3.12/site-packages/airflow/example_dags/example_sla_dag.py
[2024-09-28T03:34:13.948+0000] {processor.py:925} INFO - DAG(s) 'example_sla_dag' retrieved from /home/airflow/.local/lib/python3.12/site-packages/airflow/example_dags/example_sla_dag.py
[2024-09-28T03:34:13.975+0000] {logging_mixin.py:190} INFO - [2024-09-28T03:34:13.974+0000] {dag.py:3239} INFO - Sync 1 DAGs
[2024-09-28T03:34:14.008+0000] {logging_mixin.py:190} INFO - [2024-09-28T03:34:14.008+0000] {dag.py:4180} INFO - Setting next_dagrun for example_sla_dag to 2024-09-28 03:32:00+00:00, run_after=2024-09-28 03:34:00+00:00
[2024-09-28T03:34:14.039+0000] {processor.py:208} INFO - Processing /home/airflow/.local/lib/python3.12/site-packages/airflow/example_dags/example_sla_dag.py took 0.113 seconds
[2024-09-28T03:34:44.525+0000] {processor.py:186} INFO - Started process (PID=971) to work on /home/airflow/.local/lib/python3.12/site-packages/airflow/example_dags/example_sla_dag.py
[2024-09-28T03:34:44.526+0000] {processor.py:914} INFO - Processing file /home/airflow/.local/lib/python3.12/site-packages/airflow/example_dags/example_sla_dag.py for tasks to queue
[2024-09-28T03:34:44.528+0000] {logging_mixin.py:190} INFO - [2024-09-28T03:34:44.527+0000] {dagbag.py:588} INFO - Filling up the DagBag from /home/airflow/.local/lib/python3.12/site-packages/airflow/example_dags/example_sla_dag.py
[2024-09-28T03:34:44.542+0000] {processor.py:925} INFO - DAG(s) 'example_sla_dag' retrieved from /home/airflow/.local/lib/python3.12/site-packages/airflow/example_dags/example_sla_dag.py
[2024-09-28T03:34:44.567+0000] {logging_mixin.py:190} INFO - [2024-09-28T03:34:44.566+0000] {dag.py:3239} INFO - Sync 1 DAGs
[2024-09-28T03:34:44.600+0000] {logging_mixin.py:190} INFO - [2024-09-28T03:34:44.600+0000] {dag.py:4180} INFO - Setting next_dagrun for example_sla_dag to 2024-09-28 03:32:00+00:00, run_after=2024-09-28 03:34:00+00:00
[2024-09-28T03:34:44.630+0000] {processor.py:208} INFO - Processing /home/airflow/.local/lib/python3.12/site-packages/airflow/example_dags/example_sla_dag.py took 0.112 seconds
[2024-09-28T03:40:10.986+0000] {processor.py:186} INFO - Started process (PID=100) to work on /home/airflow/.local/lib/python3.12/site-packages/airflow/example_dags/example_sla_dag.py
[2024-09-28T03:40:11.006+0000] {processor.py:914} INFO - Processing file /home/airflow/.local/lib/python3.12/site-packages/airflow/example_dags/example_sla_dag.py for tasks to queue
[2024-09-28T03:40:11.010+0000] {logging_mixin.py:190} INFO - [2024-09-28T03:40:11.009+0000] {dagbag.py:588} INFO - Filling up the DagBag from /home/airflow/.local/lib/python3.12/site-packages/airflow/example_dags/example_sla_dag.py
[2024-09-28T03:40:11.023+0000] {processor.py:925} INFO - DAG(s) 'example_sla_dag' retrieved from /home/airflow/.local/lib/python3.12/site-packages/airflow/example_dags/example_sla_dag.py
[2024-09-28T03:40:11.059+0000] {logging_mixin.py:190} INFO - [2024-09-28T03:40:11.059+0000] {dag.py:3239} INFO - Sync 1 DAGs
[2024-09-28T03:40:11.088+0000] {logging_mixin.py:190} INFO - [2024-09-28T03:40:11.088+0000] {dag.py:4180} INFO - Setting next_dagrun for example_sla_dag to 2024-09-28 03:38:00+00:00, run_after=2024-09-28 03:40:00+00:00
[2024-09-28T03:40:11.219+0000] {processor.py:208} INFO - Processing /home/airflow/.local/lib/python3.12/site-packages/airflow/example_dags/example_sla_dag.py took 0.239 seconds
[2024-09-28T03:40:41.609+0000] {processor.py:186} INFO - Started process (PID=174) to work on /home/airflow/.local/lib/python3.12/site-packages/airflow/example_dags/example_sla_dag.py
[2024-09-28T03:40:41.611+0000] {processor.py:914} INFO - Processing file /home/airflow/.local/lib/python3.12/site-packages/airflow/example_dags/example_sla_dag.py for tasks to queue
[2024-09-28T03:40:41.613+0000] {logging_mixin.py:190} INFO - [2024-09-28T03:40:41.613+0000] {dagbag.py:588} INFO - Filling up the DagBag from /home/airflow/.local/lib/python3.12/site-packages/airflow/example_dags/example_sla_dag.py
[2024-09-28T03:40:41.623+0000] {processor.py:925} INFO - DAG(s) 'example_sla_dag' retrieved from /home/airflow/.local/lib/python3.12/site-packages/airflow/example_dags/example_sla_dag.py
[2024-09-28T03:40:41.644+0000] {logging_mixin.py:190} INFO - [2024-09-28T03:40:41.643+0000] {dag.py:3239} INFO - Sync 1 DAGs
[2024-09-28T03:40:41.671+0000] {logging_mixin.py:190} INFO - [2024-09-28T03:40:41.671+0000] {dag.py:4180} INFO - Setting next_dagrun for example_sla_dag to 2024-09-28 03:38:00+00:00, run_after=2024-09-28 03:40:00+00:00
[2024-09-28T03:40:41.693+0000] {processor.py:208} INFO - Processing /home/airflow/.local/lib/python3.12/site-packages/airflow/example_dags/example_sla_dag.py took 0.089 seconds
[2024-09-28T03:41:12.908+0000] {processor.py:186} INFO - Started process (PID=248) to work on /home/airflow/.local/lib/python3.12/site-packages/airflow/example_dags/example_sla_dag.py
[2024-09-28T03:41:12.910+0000] {processor.py:914} INFO - Processing file /home/airflow/.local/lib/python3.12/site-packages/airflow/example_dags/example_sla_dag.py for tasks to queue
[2024-09-28T03:41:12.913+0000] {logging_mixin.py:190} INFO - [2024-09-28T03:41:12.912+0000] {dagbag.py:588} INFO - Filling up the DagBag from /home/airflow/.local/lib/python3.12/site-packages/airflow/example_dags/example_sla_dag.py
[2024-09-28T03:41:12.946+0000] {processor.py:925} INFO - DAG(s) 'example_sla_dag' retrieved from /home/airflow/.local/lib/python3.12/site-packages/airflow/example_dags/example_sla_dag.py
[2024-09-28T03:41:12.976+0000] {logging_mixin.py:190} INFO - [2024-09-28T03:41:12.976+0000] {dag.py:3239} INFO - Sync 1 DAGs
[2024-09-28T03:41:13.003+0000] {logging_mixin.py:190} INFO - [2024-09-28T03:41:13.003+0000] {dag.py:4180} INFO - Setting next_dagrun for example_sla_dag to 2024-09-28 03:38:00+00:00, run_after=2024-09-28 03:40:00+00:00
[2024-09-28T03:41:13.027+0000] {processor.py:208} INFO - Processing /home/airflow/.local/lib/python3.12/site-packages/airflow/example_dags/example_sla_dag.py took 0.125 seconds
[2024-09-28T03:41:43.784+0000] {processor.py:186} INFO - Started process (PID=322) to work on /home/airflow/.local/lib/python3.12/site-packages/airflow/example_dags/example_sla_dag.py
[2024-09-28T03:41:43.785+0000] {processor.py:914} INFO - Processing file /home/airflow/.local/lib/python3.12/site-packages/airflow/example_dags/example_sla_dag.py for tasks to queue
[2024-09-28T03:41:43.788+0000] {logging_mixin.py:190} INFO - [2024-09-28T03:41:43.787+0000] {dagbag.py:588} INFO - Filling up the DagBag from /home/airflow/.local/lib/python3.12/site-packages/airflow/example_dags/example_sla_dag.py
[2024-09-28T03:41:43.799+0000] {processor.py:925} INFO - DAG(s) 'example_sla_dag' retrieved from /home/airflow/.local/lib/python3.12/site-packages/airflow/example_dags/example_sla_dag.py
[2024-09-28T03:41:43.823+0000] {logging_mixin.py:190} INFO - [2024-09-28T03:41:43.822+0000] {dag.py:3239} INFO - Sync 1 DAGs
[2024-09-28T03:41:43.853+0000] {logging_mixin.py:190} INFO - [2024-09-28T03:41:43.852+0000] {dag.py:4180} INFO - Setting next_dagrun for example_sla_dag to 2024-09-28 03:38:00+00:00, run_after=2024-09-28 03:40:00+00:00
[2024-09-28T03:41:43.877+0000] {processor.py:208} INFO - Processing /home/airflow/.local/lib/python3.12/site-packages/airflow/example_dags/example_sla_dag.py took 0.099 seconds
[2024-09-28T03:42:14.032+0000] {processor.py:186} INFO - Started process (PID=396) to work on /home/airflow/.local/lib/python3.12/site-packages/airflow/example_dags/example_sla_dag.py
[2024-09-28T03:42:14.033+0000] {processor.py:914} INFO - Processing file /home/airflow/.local/lib/python3.12/site-packages/airflow/example_dags/example_sla_dag.py for tasks to queue
[2024-09-28T03:42:14.035+0000] {logging_mixin.py:190} INFO - [2024-09-28T03:42:14.035+0000] {dagbag.py:588} INFO - Filling up the DagBag from /home/airflow/.local/lib/python3.12/site-packages/airflow/example_dags/example_sla_dag.py
[2024-09-28T03:42:14.043+0000] {processor.py:925} INFO - DAG(s) 'example_sla_dag' retrieved from /home/airflow/.local/lib/python3.12/site-packages/airflow/example_dags/example_sla_dag.py
[2024-09-28T03:42:14.063+0000] {logging_mixin.py:190} INFO - [2024-09-28T03:42:14.063+0000] {dag.py:3239} INFO - Sync 1 DAGs
[2024-09-28T03:42:14.088+0000] {logging_mixin.py:190} INFO - [2024-09-28T03:42:14.088+0000] {dag.py:4180} INFO - Setting next_dagrun for example_sla_dag to 2024-09-28 03:40:00+00:00, run_after=2024-09-28 03:42:00+00:00
[2024-09-28T03:42:14.111+0000] {processor.py:208} INFO - Processing /home/airflow/.local/lib/python3.12/site-packages/airflow/example_dags/example_sla_dag.py took 0.084 seconds
[2024-09-28T03:42:44.403+0000] {processor.py:186} INFO - Started process (PID=470) to work on /home/airflow/.local/lib/python3.12/site-packages/airflow/example_dags/example_sla_dag.py
[2024-09-28T03:42:44.404+0000] {processor.py:914} INFO - Processing file /home/airflow/.local/lib/python3.12/site-packages/airflow/example_dags/example_sla_dag.py for tasks to queue
[2024-09-28T03:42:44.406+0000] {logging_mixin.py:190} INFO - [2024-09-28T03:42:44.406+0000] {dagbag.py:588} INFO - Filling up the DagBag from /home/airflow/.local/lib/python3.12/site-packages/airflow/example_dags/example_sla_dag.py
[2024-09-28T03:42:44.414+0000] {processor.py:925} INFO - DAG(s) 'example_sla_dag' retrieved from /home/airflow/.local/lib/python3.12/site-packages/airflow/example_dags/example_sla_dag.py
[2024-09-28T03:42:44.433+0000] {logging_mixin.py:190} INFO - [2024-09-28T03:42:44.433+0000] {dag.py:3239} INFO - Sync 1 DAGs
[2024-09-28T03:42:44.457+0000] {logging_mixin.py:190} INFO - [2024-09-28T03:42:44.457+0000] {dag.py:4180} INFO - Setting next_dagrun for example_sla_dag to 2024-09-28 03:40:00+00:00, run_after=2024-09-28 03:42:00+00:00
[2024-09-28T03:42:44.480+0000] {processor.py:208} INFO - Processing /home/airflow/.local/lib/python3.12/site-packages/airflow/example_dags/example_sla_dag.py took 0.082 seconds
[2024-09-28T03:43:15.221+0000] {processor.py:186} INFO - Started process (PID=544) to work on /home/airflow/.local/lib/python3.12/site-packages/airflow/example_dags/example_sla_dag.py
[2024-09-28T03:43:15.223+0000] {processor.py:914} INFO - Processing file /home/airflow/.local/lib/python3.12/site-packages/airflow/example_dags/example_sla_dag.py for tasks to queue
[2024-09-28T03:43:15.225+0000] {logging_mixin.py:190} INFO - [2024-09-28T03:43:15.225+0000] {dagbag.py:588} INFO - Filling up the DagBag from /home/airflow/.local/lib/python3.12/site-packages/airflow/example_dags/example_sla_dag.py
[2024-09-28T03:43:15.234+0000] {processor.py:925} INFO - DAG(s) 'example_sla_dag' retrieved from /home/airflow/.local/lib/python3.12/site-packages/airflow/example_dags/example_sla_dag.py
[2024-09-28T03:43:15.254+0000] {logging_mixin.py:190} INFO - [2024-09-28T03:43:15.254+0000] {dag.py:3239} INFO - Sync 1 DAGs
[2024-09-28T03:43:15.277+0000] {logging_mixin.py:190} INFO - [2024-09-28T03:43:15.277+0000] {dag.py:4180} INFO - Setting next_dagrun for example_sla_dag to 2024-09-28 03:40:00+00:00, run_after=2024-09-28 03:42:00+00:00
[2024-09-28T03:43:15.301+0000] {processor.py:208} INFO - Processing /home/airflow/.local/lib/python3.12/site-packages/airflow/example_dags/example_sla_dag.py took 0.085 seconds
[2024-09-28T03:43:45.439+0000] {processor.py:186} INFO - Started process (PID=618) to work on /home/airflow/.local/lib/python3.12/site-packages/airflow/example_dags/example_sla_dag.py
[2024-09-28T03:43:45.440+0000] {processor.py:914} INFO - Processing file /home/airflow/.local/lib/python3.12/site-packages/airflow/example_dags/example_sla_dag.py for tasks to queue
[2024-09-28T03:43:45.442+0000] {logging_mixin.py:190} INFO - [2024-09-28T03:43:45.442+0000] {dagbag.py:588} INFO - Filling up the DagBag from /home/airflow/.local/lib/python3.12/site-packages/airflow/example_dags/example_sla_dag.py
[2024-09-28T03:43:45.450+0000] {processor.py:925} INFO - DAG(s) 'example_sla_dag' retrieved from /home/airflow/.local/lib/python3.12/site-packages/airflow/example_dags/example_sla_dag.py
[2024-09-28T03:43:45.469+0000] {logging_mixin.py:190} INFO - [2024-09-28T03:43:45.468+0000] {dag.py:3239} INFO - Sync 1 DAGs
[2024-09-28T03:43:45.495+0000] {logging_mixin.py:190} INFO - [2024-09-28T03:43:45.495+0000] {dag.py:4180} INFO - Setting next_dagrun for example_sla_dag to 2024-09-28 03:40:00+00:00, run_after=2024-09-28 03:42:00+00:00
[2024-09-28T03:43:45.518+0000] {processor.py:208} INFO - Processing /home/airflow/.local/lib/python3.12/site-packages/airflow/example_dags/example_sla_dag.py took 0.084 seconds
[2024-09-28T03:44:15.918+0000] {processor.py:186} INFO - Started process (PID=692) to work on /home/airflow/.local/lib/python3.12/site-packages/airflow/example_dags/example_sla_dag.py
[2024-09-28T03:44:15.920+0000] {processor.py:914} INFO - Processing file /home/airflow/.local/lib/python3.12/site-packages/airflow/example_dags/example_sla_dag.py for tasks to queue
[2024-09-28T03:44:15.922+0000] {logging_mixin.py:190} INFO - [2024-09-28T03:44:15.922+0000] {dagbag.py:588} INFO - Filling up the DagBag from /home/airflow/.local/lib/python3.12/site-packages/airflow/example_dags/example_sla_dag.py
[2024-09-28T03:44:15.930+0000] {processor.py:925} INFO - DAG(s) 'example_sla_dag' retrieved from /home/airflow/.local/lib/python3.12/site-packages/airflow/example_dags/example_sla_dag.py
[2024-09-28T03:44:15.949+0000] {logging_mixin.py:190} INFO - [2024-09-28T03:44:15.949+0000] {dag.py:3239} INFO - Sync 1 DAGs
[2024-09-28T03:44:15.973+0000] {logging_mixin.py:190} INFO - [2024-09-28T03:44:15.973+0000] {dag.py:4180} INFO - Setting next_dagrun for example_sla_dag to 2024-09-28 03:42:00+00:00, run_after=2024-09-28 03:44:00+00:00
[2024-09-28T03:44:15.997+0000] {processor.py:208} INFO - Processing /home/airflow/.local/lib/python3.12/site-packages/airflow/example_dags/example_sla_dag.py took 0.083 seconds
[2024-09-28T03:44:46.379+0000] {processor.py:186} INFO - Started process (PID=766) to work on /home/airflow/.local/lib/python3.12/site-packages/airflow/example_dags/example_sla_dag.py
[2024-09-28T03:44:46.380+0000] {processor.py:914} INFO - Processing file /home/airflow/.local/lib/python3.12/site-packages/airflow/example_dags/example_sla_dag.py for tasks to queue
[2024-09-28T03:44:46.383+0000] {logging_mixin.py:190} INFO - [2024-09-28T03:44:46.383+0000] {dagbag.py:588} INFO - Filling up the DagBag from /home/airflow/.local/lib/python3.12/site-packages/airflow/example_dags/example_sla_dag.py
[2024-09-28T03:44:46.394+0000] {processor.py:925} INFO - DAG(s) 'example_sla_dag' retrieved from /home/airflow/.local/lib/python3.12/site-packages/airflow/example_dags/example_sla_dag.py
[2024-09-28T03:44:46.413+0000] {logging_mixin.py:190} INFO - [2024-09-28T03:44:46.412+0000] {dag.py:3239} INFO - Sync 1 DAGs
[2024-09-28T03:44:46.436+0000] {logging_mixin.py:190} INFO - [2024-09-28T03:44:46.436+0000] {dag.py:4180} INFO - Setting next_dagrun for example_sla_dag to 2024-09-28 03:42:00+00:00, run_after=2024-09-28 03:44:00+00:00
[2024-09-28T03:44:46.457+0000] {processor.py:208} INFO - Processing /home/airflow/.local/lib/python3.12/site-packages/airflow/example_dags/example_sla_dag.py took 0.083 seconds
[2024-09-28T03:45:17.361+0000] {processor.py:186} INFO - Started process (PID=840) to work on /home/airflow/.local/lib/python3.12/site-packages/airflow/example_dags/example_sla_dag.py
[2024-09-28T03:45:17.362+0000] {processor.py:914} INFO - Processing file /home/airflow/.local/lib/python3.12/site-packages/airflow/example_dags/example_sla_dag.py for tasks to queue
[2024-09-28T03:45:17.364+0000] {logging_mixin.py:190} INFO - [2024-09-28T03:45:17.364+0000] {dagbag.py:588} INFO - Filling up the DagBag from /home/airflow/.local/lib/python3.12/site-packages/airflow/example_dags/example_sla_dag.py
[2024-09-28T03:45:17.372+0000] {processor.py:925} INFO - DAG(s) 'example_sla_dag' retrieved from /home/airflow/.local/lib/python3.12/site-packages/airflow/example_dags/example_sla_dag.py
[2024-09-28T03:45:17.394+0000] {logging_mixin.py:190} INFO - [2024-09-28T03:45:17.394+0000] {dag.py:3239} INFO - Sync 1 DAGs
[2024-09-28T03:45:17.419+0000] {logging_mixin.py:190} INFO - [2024-09-28T03:45:17.419+0000] {dag.py:4180} INFO - Setting next_dagrun for example_sla_dag to 2024-09-28 03:42:00+00:00, run_after=2024-09-28 03:44:00+00:00
[2024-09-28T03:45:17.441+0000] {processor.py:208} INFO - Processing /home/airflow/.local/lib/python3.12/site-packages/airflow/example_dags/example_sla_dag.py took 0.085 seconds
[2024-09-28T03:45:47.865+0000] {processor.py:186} INFO - Started process (PID=915) to work on /home/airflow/.local/lib/python3.12/site-packages/airflow/example_dags/example_sla_dag.py
[2024-09-28T03:45:47.867+0000] {processor.py:914} INFO - Processing file /home/airflow/.local/lib/python3.12/site-packages/airflow/example_dags/example_sla_dag.py for tasks to queue
[2024-09-28T03:45:47.869+0000] {logging_mixin.py:190} INFO - [2024-09-28T03:45:47.869+0000] {dagbag.py:588} INFO - Filling up the DagBag from /home/airflow/.local/lib/python3.12/site-packages/airflow/example_dags/example_sla_dag.py
[2024-09-28T03:45:47.878+0000] {processor.py:925} INFO - DAG(s) 'example_sla_dag' retrieved from /home/airflow/.local/lib/python3.12/site-packages/airflow/example_dags/example_sla_dag.py
[2024-09-28T03:45:47.897+0000] {logging_mixin.py:190} INFO - [2024-09-28T03:45:47.897+0000] {dag.py:3239} INFO - Sync 1 DAGs
[2024-09-28T03:45:47.922+0000] {logging_mixin.py:190} INFO - [2024-09-28T03:45:47.922+0000] {dag.py:4180} INFO - Setting next_dagrun for example_sla_dag to 2024-09-28 03:42:00+00:00, run_after=2024-09-28 03:44:00+00:00
[2024-09-28T03:45:47.943+0000] {processor.py:208} INFO - Processing /home/airflow/.local/lib/python3.12/site-packages/airflow/example_dags/example_sla_dag.py took 0.082 seconds
[2024-09-28T03:46:18.757+0000] {processor.py:186} INFO - Started process (PID=989) to work on /home/airflow/.local/lib/python3.12/site-packages/airflow/example_dags/example_sla_dag.py
[2024-09-28T03:46:18.758+0000] {processor.py:914} INFO - Processing file /home/airflow/.local/lib/python3.12/site-packages/airflow/example_dags/example_sla_dag.py for tasks to queue
[2024-09-28T03:46:18.760+0000] {logging_mixin.py:190} INFO - [2024-09-28T03:46:18.760+0000] {dagbag.py:588} INFO - Filling up the DagBag from /home/airflow/.local/lib/python3.12/site-packages/airflow/example_dags/example_sla_dag.py
[2024-09-28T03:46:18.769+0000] {processor.py:925} INFO - DAG(s) 'example_sla_dag' retrieved from /home/airflow/.local/lib/python3.12/site-packages/airflow/example_dags/example_sla_dag.py
[2024-09-28T03:46:18.787+0000] {logging_mixin.py:190} INFO - [2024-09-28T03:46:18.787+0000] {dag.py:3239} INFO - Sync 1 DAGs
[2024-09-28T03:46:18.813+0000] {logging_mixin.py:190} INFO - [2024-09-28T03:46:18.812+0000] {dag.py:4180} INFO - Setting next_dagrun for example_sla_dag to 2024-09-28 03:44:00+00:00, run_after=2024-09-28 03:46:00+00:00
[2024-09-28T03:46:18.837+0000] {processor.py:208} INFO - Processing /home/airflow/.local/lib/python3.12/site-packages/airflow/example_dags/example_sla_dag.py took 0.085 seconds
[2024-09-28T03:46:49.190+0000] {processor.py:186} INFO - Started process (PID=1063) to work on /home/airflow/.local/lib/python3.12/site-packages/airflow/example_dags/example_sla_dag.py
[2024-09-28T03:46:49.192+0000] {processor.py:914} INFO - Processing file /home/airflow/.local/lib/python3.12/site-packages/airflow/example_dags/example_sla_dag.py for tasks to queue
[2024-09-28T03:46:49.195+0000] {logging_mixin.py:190} INFO - [2024-09-28T03:46:49.195+0000] {dagbag.py:588} INFO - Filling up the DagBag from /home/airflow/.local/lib/python3.12/site-packages/airflow/example_dags/example_sla_dag.py
[2024-09-28T03:46:49.208+0000] {processor.py:925} INFO - DAG(s) 'example_sla_dag' retrieved from /home/airflow/.local/lib/python3.12/site-packages/airflow/example_dags/example_sla_dag.py
[2024-09-28T03:46:49.233+0000] {logging_mixin.py:190} INFO - [2024-09-28T03:46:49.232+0000] {dag.py:3239} INFO - Sync 1 DAGs
[2024-09-28T03:46:49.264+0000] {logging_mixin.py:190} INFO - [2024-09-28T03:46:49.263+0000] {dag.py:4180} INFO - Setting next_dagrun for example_sla_dag to 2024-09-28 03:44:00+00:00, run_after=2024-09-28 03:46:00+00:00
[2024-09-28T03:46:49.292+0000] {processor.py:208} INFO - Processing /home/airflow/.local/lib/python3.12/site-packages/airflow/example_dags/example_sla_dag.py took 0.107 seconds
[2024-09-28T03:47:19.464+0000] {processor.py:186} INFO - Started process (PID=1137) to work on /home/airflow/.local/lib/python3.12/site-packages/airflow/example_dags/example_sla_dag.py
[2024-09-28T03:47:19.465+0000] {processor.py:914} INFO - Processing file /home/airflow/.local/lib/python3.12/site-packages/airflow/example_dags/example_sla_dag.py for tasks to queue
[2024-09-28T03:47:19.469+0000] {logging_mixin.py:190} INFO - [2024-09-28T03:47:19.468+0000] {dagbag.py:588} INFO - Filling up the DagBag from /home/airflow/.local/lib/python3.12/site-packages/airflow/example_dags/example_sla_dag.py
[2024-09-28T03:47:19.479+0000] {processor.py:925} INFO - DAG(s) 'example_sla_dag' retrieved from /home/airflow/.local/lib/python3.12/site-packages/airflow/example_dags/example_sla_dag.py
[2024-09-28T03:47:19.503+0000] {logging_mixin.py:190} INFO - [2024-09-28T03:47:19.503+0000] {dag.py:3239} INFO - Sync 1 DAGs
[2024-09-28T03:47:19.535+0000] {logging_mixin.py:190} INFO - [2024-09-28T03:47:19.534+0000] {dag.py:4180} INFO - Setting next_dagrun for example_sla_dag to 2024-09-28 03:44:00+00:00, run_after=2024-09-28 03:46:00+00:00
[2024-09-28T03:47:19.562+0000] {processor.py:208} INFO - Processing /home/airflow/.local/lib/python3.12/site-packages/airflow/example_dags/example_sla_dag.py took 0.104 seconds
[2024-09-28T03:47:49.892+0000] {processor.py:186} INFO - Started process (PID=1211) to work on /home/airflow/.local/lib/python3.12/site-packages/airflow/example_dags/example_sla_dag.py
[2024-09-28T03:47:49.894+0000] {processor.py:914} INFO - Processing file /home/airflow/.local/lib/python3.12/site-packages/airflow/example_dags/example_sla_dag.py for tasks to queue
[2024-09-28T03:47:49.897+0000] {logging_mixin.py:190} INFO - [2024-09-28T03:47:49.897+0000] {dagbag.py:588} INFO - Filling up the DagBag from /home/airflow/.local/lib/python3.12/site-packages/airflow/example_dags/example_sla_dag.py
[2024-09-28T03:47:49.916+0000] {processor.py:925} INFO - DAG(s) 'example_sla_dag' retrieved from /home/airflow/.local/lib/python3.12/site-packages/airflow/example_dags/example_sla_dag.py
[2024-09-28T03:47:49.944+0000] {logging_mixin.py:190} INFO - [2024-09-28T03:47:49.944+0000] {dag.py:3239} INFO - Sync 1 DAGs
[2024-09-28T03:47:49.982+0000] {logging_mixin.py:190} INFO - [2024-09-28T03:47:49.981+0000] {dag.py:4180} INFO - Setting next_dagrun for example_sla_dag to 2024-09-28 03:44:00+00:00, run_after=2024-09-28 03:46:00+00:00
[2024-09-28T03:47:50.015+0000] {processor.py:208} INFO - Processing /home/airflow/.local/lib/python3.12/site-packages/airflow/example_dags/example_sla_dag.py took 0.129 seconds
[2024-09-28T03:48:20.234+0000] {processor.py:186} INFO - Started process (PID=1285) to work on /home/airflow/.local/lib/python3.12/site-packages/airflow/example_dags/example_sla_dag.py
[2024-09-28T03:48:20.236+0000] {processor.py:914} INFO - Processing file /home/airflow/.local/lib/python3.12/site-packages/airflow/example_dags/example_sla_dag.py for tasks to queue
[2024-09-28T03:48:20.239+0000] {logging_mixin.py:190} INFO - [2024-09-28T03:48:20.239+0000] {dagbag.py:588} INFO - Filling up the DagBag from /home/airflow/.local/lib/python3.12/site-packages/airflow/example_dags/example_sla_dag.py
[2024-09-28T03:48:20.249+0000] {processor.py:925} INFO - DAG(s) 'example_sla_dag' retrieved from /home/airflow/.local/lib/python3.12/site-packages/airflow/example_dags/example_sla_dag.py
[2024-09-28T03:48:20.272+0000] {logging_mixin.py:190} INFO - [2024-09-28T03:48:20.271+0000] {dag.py:3239} INFO - Sync 1 DAGs
[2024-09-28T03:48:20.298+0000] {logging_mixin.py:190} INFO - [2024-09-28T03:48:20.297+0000] {dag.py:4180} INFO - Setting next_dagrun for example_sla_dag to 2024-09-28 03:46:00+00:00, run_after=2024-09-28 03:48:00+00:00
[2024-09-28T03:48:20.326+0000] {processor.py:208} INFO - Processing /home/airflow/.local/lib/python3.12/site-packages/airflow/example_dags/example_sla_dag.py took 0.101 seconds
[2024-09-28T03:48:51.244+0000] {processor.py:186} INFO - Started process (PID=1359) to work on /home/airflow/.local/lib/python3.12/site-packages/airflow/example_dags/example_sla_dag.py
[2024-09-28T03:48:51.245+0000] {processor.py:914} INFO - Processing file /home/airflow/.local/lib/python3.12/site-packages/airflow/example_dags/example_sla_dag.py for tasks to queue
[2024-09-28T03:48:51.248+0000] {logging_mixin.py:190} INFO - [2024-09-28T03:48:51.248+0000] {dagbag.py:588} INFO - Filling up the DagBag from /home/airflow/.local/lib/python3.12/site-packages/airflow/example_dags/example_sla_dag.py
[2024-09-28T03:48:51.258+0000] {processor.py:925} INFO - DAG(s) 'example_sla_dag' retrieved from /home/airflow/.local/lib/python3.12/site-packages/airflow/example_dags/example_sla_dag.py
[2024-09-28T03:48:51.282+0000] {logging_mixin.py:190} INFO - [2024-09-28T03:48:51.282+0000] {dag.py:3239} INFO - Sync 1 DAGs
[2024-09-28T03:48:51.314+0000] {logging_mixin.py:190} INFO - [2024-09-28T03:48:51.314+0000] {dag.py:4180} INFO - Setting next_dagrun for example_sla_dag to 2024-09-28 03:46:00+00:00, run_after=2024-09-28 03:48:00+00:00
[2024-09-28T03:48:51.341+0000] {processor.py:208} INFO - Processing /home/airflow/.local/lib/python3.12/site-packages/airflow/example_dags/example_sla_dag.py took 0.103 seconds
[2024-09-28T03:49:21.770+0000] {processor.py:186} INFO - Started process (PID=1433) to work on /home/airflow/.local/lib/python3.12/site-packages/airflow/example_dags/example_sla_dag.py
[2024-09-28T03:49:21.777+0000] {processor.py:914} INFO - Processing file /home/airflow/.local/lib/python3.12/site-packages/airflow/example_dags/example_sla_dag.py for tasks to queue
[2024-09-28T03:49:21.780+0000] {logging_mixin.py:190} INFO - [2024-09-28T03:49:21.780+0000] {dagbag.py:588} INFO - Filling up the DagBag from /home/airflow/.local/lib/python3.12/site-packages/airflow/example_dags/example_sla_dag.py
[2024-09-28T03:49:21.794+0000] {processor.py:925} INFO - DAG(s) 'example_sla_dag' retrieved from /home/airflow/.local/lib/python3.12/site-packages/airflow/example_dags/example_sla_dag.py
[2024-09-28T03:49:21.872+0000] {logging_mixin.py:190} INFO - [2024-09-28T03:49:21.871+0000] {dag.py:3239} INFO - Sync 1 DAGs
[2024-09-28T03:49:21.906+0000] {logging_mixin.py:190} INFO - [2024-09-28T03:49:21.906+0000] {dag.py:4180} INFO - Setting next_dagrun for example_sla_dag to 2024-09-28 03:46:00+00:00, run_after=2024-09-28 03:48:00+00:00
[2024-09-28T03:49:21.976+0000] {processor.py:208} INFO - Processing /home/airflow/.local/lib/python3.12/site-packages/airflow/example_dags/example_sla_dag.py took 0.212 seconds
[2024-09-28T03:49:53.130+0000] {processor.py:186} INFO - Started process (PID=1507) to work on /home/airflow/.local/lib/python3.12/site-packages/airflow/example_dags/example_sla_dag.py
[2024-09-28T03:49:53.131+0000] {processor.py:914} INFO - Processing file /home/airflow/.local/lib/python3.12/site-packages/airflow/example_dags/example_sla_dag.py for tasks to queue
[2024-09-28T03:49:53.134+0000] {logging_mixin.py:190} INFO - [2024-09-28T03:49:53.133+0000] {dagbag.py:588} INFO - Filling up the DagBag from /home/airflow/.local/lib/python3.12/site-packages/airflow/example_dags/example_sla_dag.py
[2024-09-28T03:49:53.146+0000] {processor.py:925} INFO - DAG(s) 'example_sla_dag' retrieved from /home/airflow/.local/lib/python3.12/site-packages/airflow/example_dags/example_sla_dag.py
[2024-09-28T03:49:53.171+0000] {logging_mixin.py:190} INFO - [2024-09-28T03:49:53.170+0000] {dag.py:3239} INFO - Sync 1 DAGs
[2024-09-28T03:49:53.205+0000] {logging_mixin.py:190} INFO - [2024-09-28T03:49:53.204+0000] {dag.py:4180} INFO - Setting next_dagrun for example_sla_dag to 2024-09-28 03:46:00+00:00, run_after=2024-09-28 03:48:00+00:00
[2024-09-28T03:49:53.239+0000] {processor.py:208} INFO - Processing /home/airflow/.local/lib/python3.12/site-packages/airflow/example_dags/example_sla_dag.py took 0.115 seconds
[2024-09-28T03:50:23.398+0000] {processor.py:186} INFO - Started process (PID=1581) to work on /home/airflow/.local/lib/python3.12/site-packages/airflow/example_dags/example_sla_dag.py
[2024-09-28T03:50:23.399+0000] {processor.py:914} INFO - Processing file /home/airflow/.local/lib/python3.12/site-packages/airflow/example_dags/example_sla_dag.py for tasks to queue
[2024-09-28T03:50:23.401+0000] {logging_mixin.py:190} INFO - [2024-09-28T03:50:23.401+0000] {dagbag.py:588} INFO - Filling up the DagBag from /home/airflow/.local/lib/python3.12/site-packages/airflow/example_dags/example_sla_dag.py
[2024-09-28T03:50:23.410+0000] {processor.py:925} INFO - DAG(s) 'example_sla_dag' retrieved from /home/airflow/.local/lib/python3.12/site-packages/airflow/example_dags/example_sla_dag.py
[2024-09-28T03:50:23.430+0000] {logging_mixin.py:190} INFO - [2024-09-28T03:50:23.430+0000] {dag.py:3239} INFO - Sync 1 DAGs
[2024-09-28T03:50:23.454+0000] {logging_mixin.py:190} INFO - [2024-09-28T03:50:23.453+0000] {dag.py:4180} INFO - Setting next_dagrun for example_sla_dag to 2024-09-28 03:48:00+00:00, run_after=2024-09-28 03:50:00+00:00
[2024-09-28T03:50:23.476+0000] {processor.py:208} INFO - Processing /home/airflow/.local/lib/python3.12/site-packages/airflow/example_dags/example_sla_dag.py took 0.083 seconds
[2024-09-28T03:53:35.181+0000] {processor.py:186} INFO - Started process (PID=98) to work on /home/airflow/.local/lib/python3.12/site-packages/airflow/example_dags/example_sla_dag.py
[2024-09-28T03:53:35.183+0000] {processor.py:914} INFO - Processing file /home/airflow/.local/lib/python3.12/site-packages/airflow/example_dags/example_sla_dag.py for tasks to queue
[2024-09-28T03:53:35.186+0000] {logging_mixin.py:190} INFO - [2024-09-28T03:53:35.185+0000] {dagbag.py:588} INFO - Filling up the DagBag from /home/airflow/.local/lib/python3.12/site-packages/airflow/example_dags/example_sla_dag.py
[2024-09-28T03:53:35.201+0000] {processor.py:925} INFO - DAG(s) 'example_sla_dag' retrieved from /home/airflow/.local/lib/python3.12/site-packages/airflow/example_dags/example_sla_dag.py
[2024-09-28T03:53:35.230+0000] {logging_mixin.py:190} INFO - [2024-09-28T03:53:35.229+0000] {dag.py:3239} INFO - Sync 1 DAGs
[2024-09-28T03:53:35.272+0000] {logging_mixin.py:190} INFO - [2024-09-28T03:53:35.272+0000] {dag.py:4180} INFO - Setting next_dagrun for example_sla_dag to 2024-09-28 03:50:00+00:00, run_after=2024-09-28 03:52:00+00:00
[2024-09-28T03:53:35.317+0000] {processor.py:208} INFO - Processing /home/airflow/.local/lib/python3.12/site-packages/airflow/example_dags/example_sla_dag.py took 0.143 seconds
[2024-09-28T03:54:06.172+0000] {processor.py:186} INFO - Started process (PID=173) to work on /home/airflow/.local/lib/python3.12/site-packages/airflow/example_dags/example_sla_dag.py
[2024-09-28T03:54:06.174+0000] {processor.py:914} INFO - Processing file /home/airflow/.local/lib/python3.12/site-packages/airflow/example_dags/example_sla_dag.py for tasks to queue
[2024-09-28T03:54:06.178+0000] {logging_mixin.py:190} INFO - [2024-09-28T03:54:06.177+0000] {dagbag.py:588} INFO - Filling up the DagBag from /home/airflow/.local/lib/python3.12/site-packages/airflow/example_dags/example_sla_dag.py
[2024-09-28T03:54:06.191+0000] {processor.py:925} INFO - DAG(s) 'example_sla_dag' retrieved from /home/airflow/.local/lib/python3.12/site-packages/airflow/example_dags/example_sla_dag.py
[2024-09-28T03:54:06.217+0000] {logging_mixin.py:190} INFO - [2024-09-28T03:54:06.217+0000] {dag.py:3239} INFO - Sync 1 DAGs
[2024-09-28T03:54:06.250+0000] {logging_mixin.py:190} INFO - [2024-09-28T03:54:06.250+0000] {dag.py:4180} INFO - Setting next_dagrun for example_sla_dag to 2024-09-28 03:52:00+00:00, run_after=2024-09-28 03:54:00+00:00
[2024-09-28T03:54:06.283+0000] {processor.py:208} INFO - Processing /home/airflow/.local/lib/python3.12/site-packages/airflow/example_dags/example_sla_dag.py took 0.118 seconds
[2024-09-28T03:54:36.944+0000] {processor.py:186} INFO - Started process (PID=247) to work on /home/airflow/.local/lib/python3.12/site-packages/airflow/example_dags/example_sla_dag.py
[2024-09-28T03:54:36.945+0000] {processor.py:914} INFO - Processing file /home/airflow/.local/lib/python3.12/site-packages/airflow/example_dags/example_sla_dag.py for tasks to queue
[2024-09-28T03:54:36.948+0000] {logging_mixin.py:190} INFO - [2024-09-28T03:54:36.948+0000] {dagbag.py:588} INFO - Filling up the DagBag from /home/airflow/.local/lib/python3.12/site-packages/airflow/example_dags/example_sla_dag.py
[2024-09-28T03:54:36.958+0000] {processor.py:925} INFO - DAG(s) 'example_sla_dag' retrieved from /home/airflow/.local/lib/python3.12/site-packages/airflow/example_dags/example_sla_dag.py
[2024-09-28T03:54:36.977+0000] {logging_mixin.py:190} INFO - [2024-09-28T03:54:36.977+0000] {dag.py:3239} INFO - Sync 1 DAGs
[2024-09-28T03:54:37.003+0000] {logging_mixin.py:190} INFO - [2024-09-28T03:54:37.003+0000] {dag.py:4180} INFO - Setting next_dagrun for example_sla_dag to 2024-09-28 03:52:00+00:00, run_after=2024-09-28 03:54:00+00:00
[2024-09-28T03:54:37.027+0000] {processor.py:208} INFO - Processing /home/airflow/.local/lib/python3.12/site-packages/airflow/example_dags/example_sla_dag.py took 0.089 seconds
[2024-09-28T03:55:07.797+0000] {processor.py:186} INFO - Started process (PID=321) to work on /home/airflow/.local/lib/python3.12/site-packages/airflow/example_dags/example_sla_dag.py
[2024-09-28T03:55:07.799+0000] {processor.py:914} INFO - Processing file /home/airflow/.local/lib/python3.12/site-packages/airflow/example_dags/example_sla_dag.py for tasks to queue
[2024-09-28T03:55:07.803+0000] {logging_mixin.py:190} INFO - [2024-09-28T03:55:07.802+0000] {dagbag.py:588} INFO - Filling up the DagBag from /home/airflow/.local/lib/python3.12/site-packages/airflow/example_dags/example_sla_dag.py
[2024-09-28T03:55:07.817+0000] {processor.py:925} INFO - DAG(s) 'example_sla_dag' retrieved from /home/airflow/.local/lib/python3.12/site-packages/airflow/example_dags/example_sla_dag.py
[2024-09-28T03:55:07.844+0000] {logging_mixin.py:190} INFO - [2024-09-28T03:55:07.843+0000] {dag.py:3239} INFO - Sync 1 DAGs
[2024-09-28T03:55:07.879+0000] {logging_mixin.py:190} INFO - [2024-09-28T03:55:07.879+0000] {dag.py:4180} INFO - Setting next_dagrun for example_sla_dag to 2024-09-28 03:52:00+00:00, run_after=2024-09-28 03:54:00+00:00
[2024-09-28T03:55:07.908+0000] {processor.py:208} INFO - Processing /home/airflow/.local/lib/python3.12/site-packages/airflow/example_dags/example_sla_dag.py took 0.119 seconds
[2024-09-28T03:55:38.668+0000] {processor.py:186} INFO - Started process (PID=408) to work on /home/airflow/.local/lib/python3.12/site-packages/airflow/example_dags/example_sla_dag.py
[2024-09-28T03:55:38.669+0000] {processor.py:914} INFO - Processing file /home/airflow/.local/lib/python3.12/site-packages/airflow/example_dags/example_sla_dag.py for tasks to queue
[2024-09-28T03:55:38.671+0000] {logging_mixin.py:190} INFO - [2024-09-28T03:55:38.671+0000] {dagbag.py:588} INFO - Filling up the DagBag from /home/airflow/.local/lib/python3.12/site-packages/airflow/example_dags/example_sla_dag.py
[2024-09-28T03:55:38.680+0000] {processor.py:925} INFO - DAG(s) 'example_sla_dag' retrieved from /home/airflow/.local/lib/python3.12/site-packages/airflow/example_dags/example_sla_dag.py
[2024-09-28T03:55:38.699+0000] {logging_mixin.py:190} INFO - [2024-09-28T03:55:38.699+0000] {dag.py:3239} INFO - Sync 1 DAGs
[2024-09-28T03:55:38.723+0000] {logging_mixin.py:190} INFO - [2024-09-28T03:55:38.723+0000] {dag.py:4180} INFO - Setting next_dagrun for example_sla_dag to 2024-09-28 03:52:00+00:00, run_after=2024-09-28 03:54:00+00:00
[2024-09-28T03:55:38.745+0000] {processor.py:208} INFO - Processing /home/airflow/.local/lib/python3.12/site-packages/airflow/example_dags/example_sla_dag.py took 0.081 seconds
[2024-09-28T03:56:09.421+0000] {processor.py:186} INFO - Started process (PID=592) to work on /home/airflow/.local/lib/python3.12/site-packages/airflow/example_dags/example_sla_dag.py
[2024-09-28T03:56:09.422+0000] {processor.py:914} INFO - Processing file /home/airflow/.local/lib/python3.12/site-packages/airflow/example_dags/example_sla_dag.py for tasks to queue
[2024-09-28T03:56:09.424+0000] {logging_mixin.py:190} INFO - [2024-09-28T03:56:09.424+0000] {dagbag.py:588} INFO - Filling up the DagBag from /home/airflow/.local/lib/python3.12/site-packages/airflow/example_dags/example_sla_dag.py
[2024-09-28T03:56:09.433+0000] {processor.py:925} INFO - DAG(s) 'example_sla_dag' retrieved from /home/airflow/.local/lib/python3.12/site-packages/airflow/example_dags/example_sla_dag.py
[2024-09-28T03:56:09.454+0000] {logging_mixin.py:190} INFO - [2024-09-28T03:56:09.454+0000] {dag.py:3239} INFO - Sync 1 DAGs
[2024-09-28T03:56:09.482+0000] {logging_mixin.py:190} INFO - [2024-09-28T03:56:09.482+0000] {dag.py:4180} INFO - Setting next_dagrun for example_sla_dag to 2024-09-28 03:54:00+00:00, run_after=2024-09-28 03:56:00+00:00
[2024-09-28T03:56:09.516+0000] {processor.py:208} INFO - Processing /home/airflow/.local/lib/python3.12/site-packages/airflow/example_dags/example_sla_dag.py took 0.101 seconds
[2024-09-28T03:56:40.333+0000] {processor.py:186} INFO - Started process (PID=657) to work on /home/airflow/.local/lib/python3.12/site-packages/airflow/example_dags/example_sla_dag.py
[2024-09-28T03:56:40.334+0000] {processor.py:914} INFO - Processing file /home/airflow/.local/lib/python3.12/site-packages/airflow/example_dags/example_sla_dag.py for tasks to queue
[2024-09-28T03:56:40.337+0000] {logging_mixin.py:190} INFO - [2024-09-28T03:56:40.337+0000] {dagbag.py:588} INFO - Filling up the DagBag from /home/airflow/.local/lib/python3.12/site-packages/airflow/example_dags/example_sla_dag.py
[2024-09-28T03:56:40.350+0000] {processor.py:925} INFO - DAG(s) 'example_sla_dag' retrieved from /home/airflow/.local/lib/python3.12/site-packages/airflow/example_dags/example_sla_dag.py
[2024-09-28T03:56:40.377+0000] {logging_mixin.py:190} INFO - [2024-09-28T03:56:40.377+0000] {dag.py:3239} INFO - Sync 1 DAGs
[2024-09-28T03:56:40.431+0000] {logging_mixin.py:190} INFO - [2024-09-28T03:56:40.430+0000] {dag.py:4180} INFO - Setting next_dagrun for example_sla_dag to 2024-09-28 03:54:00+00:00, run_after=2024-09-28 03:56:00+00:00
[2024-09-28T03:56:40.473+0000] {processor.py:208} INFO - Processing /home/airflow/.local/lib/python3.12/site-packages/airflow/example_dags/example_sla_dag.py took 0.147 seconds
[2024-09-28T04:03:07.876+0000] {processor.py:186} INFO - Started process (PID=88) to work on /home/airflow/.local/lib/python3.12/site-packages/airflow/example_dags/example_sla_dag.py
[2024-09-28T04:03:07.878+0000] {processor.py:914} INFO - Processing file /home/airflow/.local/lib/python3.12/site-packages/airflow/example_dags/example_sla_dag.py for tasks to queue
[2024-09-28T04:03:07.881+0000] {logging_mixin.py:190} INFO - [2024-09-28T04:03:07.880+0000] {dagbag.py:588} INFO - Filling up the DagBag from /home/airflow/.local/lib/python3.12/site-packages/airflow/example_dags/example_sla_dag.py
[2024-09-28T04:03:07.892+0000] {processor.py:925} INFO - DAG(s) 'example_sla_dag' retrieved from /home/airflow/.local/lib/python3.12/site-packages/airflow/example_dags/example_sla_dag.py
[2024-09-28T04:03:07.918+0000] {logging_mixin.py:190} INFO - [2024-09-28T04:03:07.917+0000] {dag.py:3239} INFO - Sync 1 DAGs
[2024-09-28T04:03:07.950+0000] {logging_mixin.py:190} INFO - [2024-09-28T04:03:07.950+0000] {dag.py:4180} INFO - Setting next_dagrun for example_sla_dag to 2024-09-28 04:00:00+00:00, run_after=2024-09-28 04:02:00+00:00
[2024-09-28T04:03:07.978+0000] {processor.py:208} INFO - Processing /home/airflow/.local/lib/python3.12/site-packages/airflow/example_dags/example_sla_dag.py took 0.108 seconds
[2024-09-28T04:03:38.634+0000] {processor.py:186} INFO - Started process (PID=151) to work on /home/airflow/.local/lib/python3.12/site-packages/airflow/example_dags/example_sla_dag.py
[2024-09-28T04:03:38.637+0000] {processor.py:914} INFO - Processing file /home/airflow/.local/lib/python3.12/site-packages/airflow/example_dags/example_sla_dag.py for tasks to queue
[2024-09-28T04:03:38.640+0000] {logging_mixin.py:190} INFO - [2024-09-28T04:03:38.640+0000] {dagbag.py:588} INFO - Filling up the DagBag from /home/airflow/.local/lib/python3.12/site-packages/airflow/example_dags/example_sla_dag.py
[2024-09-28T04:03:38.653+0000] {processor.py:925} INFO - DAG(s) 'example_sla_dag' retrieved from /home/airflow/.local/lib/python3.12/site-packages/airflow/example_dags/example_sla_dag.py
[2024-09-28T04:03:38.674+0000] {logging_mixin.py:190} INFO - [2024-09-28T04:03:38.674+0000] {dag.py:3239} INFO - Sync 1 DAGs
[2024-09-28T04:03:38.701+0000] {logging_mixin.py:190} INFO - [2024-09-28T04:03:38.701+0000] {dag.py:4180} INFO - Setting next_dagrun for example_sla_dag to 2024-09-28 04:00:00+00:00, run_after=2024-09-28 04:02:00+00:00
[2024-09-28T04:03:38.724+0000] {processor.py:208} INFO - Processing /home/airflow/.local/lib/python3.12/site-packages/airflow/example_dags/example_sla_dag.py took 0.096 seconds
[2024-09-28T04:04:10.273+0000] {processor.py:186} INFO - Started process (PID=214) to work on /home/airflow/.local/lib/python3.12/site-packages/airflow/example_dags/example_sla_dag.py
[2024-09-28T04:04:10.275+0000] {processor.py:914} INFO - Processing file /home/airflow/.local/lib/python3.12/site-packages/airflow/example_dags/example_sla_dag.py for tasks to queue
[2024-09-28T04:04:10.279+0000] {logging_mixin.py:190} INFO - [2024-09-28T04:04:10.278+0000] {dagbag.py:588} INFO - Filling up the DagBag from /home/airflow/.local/lib/python3.12/site-packages/airflow/example_dags/example_sla_dag.py
[2024-09-28T04:04:10.290+0000] {processor.py:925} INFO - DAG(s) 'example_sla_dag' retrieved from /home/airflow/.local/lib/python3.12/site-packages/airflow/example_dags/example_sla_dag.py
[2024-09-28T04:04:10.311+0000] {logging_mixin.py:190} INFO - [2024-09-28T04:04:10.310+0000] {dag.py:3239} INFO - Sync 1 DAGs
[2024-09-28T04:04:10.339+0000] {logging_mixin.py:190} INFO - [2024-09-28T04:04:10.338+0000] {dag.py:4180} INFO - Setting next_dagrun for example_sla_dag to 2024-09-28 04:02:00+00:00, run_after=2024-09-28 04:04:00+00:00
[2024-09-28T04:04:10.363+0000] {processor.py:208} INFO - Processing /home/airflow/.local/lib/python3.12/site-packages/airflow/example_dags/example_sla_dag.py took 0.096 seconds
[2024-09-28T04:04:40.512+0000] {processor.py:186} INFO - Started process (PID=277) to work on /home/airflow/.local/lib/python3.12/site-packages/airflow/example_dags/example_sla_dag.py
[2024-09-28T04:04:40.513+0000] {processor.py:914} INFO - Processing file /home/airflow/.local/lib/python3.12/site-packages/airflow/example_dags/example_sla_dag.py for tasks to queue
[2024-09-28T04:04:40.516+0000] {logging_mixin.py:190} INFO - [2024-09-28T04:04:40.515+0000] {dagbag.py:588} INFO - Filling up the DagBag from /home/airflow/.local/lib/python3.12/site-packages/airflow/example_dags/example_sla_dag.py
[2024-09-28T04:04:40.527+0000] {processor.py:925} INFO - DAG(s) 'example_sla_dag' retrieved from /home/airflow/.local/lib/python3.12/site-packages/airflow/example_dags/example_sla_dag.py
[2024-09-28T04:04:40.547+0000] {logging_mixin.py:190} INFO - [2024-09-28T04:04:40.546+0000] {dag.py:3239} INFO - Sync 1 DAGs
[2024-09-28T04:04:40.577+0000] {logging_mixin.py:190} INFO - [2024-09-28T04:04:40.577+0000] {dag.py:4180} INFO - Setting next_dagrun for example_sla_dag to 2024-09-28 04:02:00+00:00, run_after=2024-09-28 04:04:00+00:00
[2024-09-28T04:04:40.607+0000] {processor.py:208} INFO - Processing /home/airflow/.local/lib/python3.12/site-packages/airflow/example_dags/example_sla_dag.py took 0.100 seconds
[2024-09-28T04:05:10.988+0000] {processor.py:186} INFO - Started process (PID=363) to work on /home/airflow/.local/lib/python3.12/site-packages/airflow/example_dags/example_sla_dag.py
[2024-09-28T04:05:10.989+0000] {processor.py:914} INFO - Processing file /home/airflow/.local/lib/python3.12/site-packages/airflow/example_dags/example_sla_dag.py for tasks to queue
[2024-09-28T04:05:10.992+0000] {logging_mixin.py:190} INFO - [2024-09-28T04:05:10.991+0000] {dagbag.py:588} INFO - Filling up the DagBag from /home/airflow/.local/lib/python3.12/site-packages/airflow/example_dags/example_sla_dag.py
[2024-09-28T04:05:11.000+0000] {processor.py:925} INFO - DAG(s) 'example_sla_dag' retrieved from /home/airflow/.local/lib/python3.12/site-packages/airflow/example_dags/example_sla_dag.py
[2024-09-28T04:05:11.019+0000] {logging_mixin.py:190} INFO - [2024-09-28T04:05:11.019+0000] {dag.py:3239} INFO - Sync 1 DAGs
[2024-09-28T04:05:11.047+0000] {logging_mixin.py:190} INFO - [2024-09-28T04:05:11.046+0000] {dag.py:4180} INFO - Setting next_dagrun for example_sla_dag to 2024-09-28 04:02:00+00:00, run_after=2024-09-28 04:04:00+00:00
[2024-09-28T04:05:11.067+0000] {processor.py:208} INFO - Processing /home/airflow/.local/lib/python3.12/site-packages/airflow/example_dags/example_sla_dag.py took 0.084 seconds
[2024-09-28T04:05:51.990+0000] {processor.py:186} INFO - Started process (PID=86) to work on /home/airflow/.local/lib/python3.12/site-packages/airflow/example_dags/example_sla_dag.py
[2024-09-28T04:05:51.991+0000] {processor.py:914} INFO - Processing file /home/airflow/.local/lib/python3.12/site-packages/airflow/example_dags/example_sla_dag.py for tasks to queue
[2024-09-28T04:05:51.994+0000] {logging_mixin.py:190} INFO - [2024-09-28T04:05:51.994+0000] {dagbag.py:588} INFO - Filling up the DagBag from /home/airflow/.local/lib/python3.12/site-packages/airflow/example_dags/example_sla_dag.py
[2024-09-28T04:05:52.005+0000] {processor.py:925} INFO - DAG(s) 'example_sla_dag' retrieved from /home/airflow/.local/lib/python3.12/site-packages/airflow/example_dags/example_sla_dag.py
[2024-09-28T04:05:52.030+0000] {logging_mixin.py:190} INFO - [2024-09-28T04:05:52.029+0000] {dag.py:3239} INFO - Sync 1 DAGs
[2024-09-28T04:05:52.062+0000] {logging_mixin.py:190} INFO - [2024-09-28T04:05:52.062+0000] {dag.py:4180} INFO - Setting next_dagrun for example_sla_dag to 2024-09-28 04:02:00+00:00, run_after=2024-09-28 04:04:00+00:00
[2024-09-28T04:05:52.093+0000] {processor.py:208} INFO - Processing /home/airflow/.local/lib/python3.12/site-packages/airflow/example_dags/example_sla_dag.py took 0.109 seconds
[2024-09-28T04:06:22.267+0000] {processor.py:186} INFO - Started process (PID=160) to work on /home/airflow/.local/lib/python3.12/site-packages/airflow/example_dags/example_sla_dag.py
[2024-09-28T04:06:22.269+0000] {processor.py:914} INFO - Processing file /home/airflow/.local/lib/python3.12/site-packages/airflow/example_dags/example_sla_dag.py for tasks to queue
[2024-09-28T04:06:22.274+0000] {logging_mixin.py:190} INFO - [2024-09-28T04:06:22.273+0000] {dagbag.py:588} INFO - Filling up the DagBag from /home/airflow/.local/lib/python3.12/site-packages/airflow/example_dags/example_sla_dag.py
[2024-09-28T04:06:22.286+0000] {processor.py:925} INFO - DAG(s) 'example_sla_dag' retrieved from /home/airflow/.local/lib/python3.12/site-packages/airflow/example_dags/example_sla_dag.py
[2024-09-28T04:06:22.311+0000] {logging_mixin.py:190} INFO - [2024-09-28T04:06:22.311+0000] {dag.py:3239} INFO - Sync 1 DAGs
[2024-09-28T04:06:22.367+0000] {logging_mixin.py:190} INFO - [2024-09-28T04:06:22.366+0000] {dag.py:4180} INFO - Setting next_dagrun for example_sla_dag to 2024-09-28 04:04:00+00:00, run_after=2024-09-28 04:06:00+00:00
[2024-09-28T04:06:22.393+0000] {processor.py:208} INFO - Processing /home/airflow/.local/lib/python3.12/site-packages/airflow/example_dags/example_sla_dag.py took 0.133 seconds
[2024-09-28T04:06:52.756+0000] {processor.py:186} INFO - Started process (PID=234) to work on /home/airflow/.local/lib/python3.12/site-packages/airflow/example_dags/example_sla_dag.py
[2024-09-28T04:06:52.757+0000] {processor.py:914} INFO - Processing file /home/airflow/.local/lib/python3.12/site-packages/airflow/example_dags/example_sla_dag.py for tasks to queue
[2024-09-28T04:06:52.761+0000] {logging_mixin.py:190} INFO - [2024-09-28T04:06:52.760+0000] {dagbag.py:588} INFO - Filling up the DagBag from /home/airflow/.local/lib/python3.12/site-packages/airflow/example_dags/example_sla_dag.py
[2024-09-28T04:06:52.773+0000] {processor.py:925} INFO - DAG(s) 'example_sla_dag' retrieved from /home/airflow/.local/lib/python3.12/site-packages/airflow/example_dags/example_sla_dag.py
[2024-09-28T04:06:52.801+0000] {logging_mixin.py:190} INFO - [2024-09-28T04:06:52.800+0000] {dag.py:3239} INFO - Sync 1 DAGs
[2024-09-28T04:06:52.838+0000] {logging_mixin.py:190} INFO - [2024-09-28T04:06:52.837+0000] {dag.py:4180} INFO - Setting next_dagrun for example_sla_dag to 2024-09-28 04:04:00+00:00, run_after=2024-09-28 04:06:00+00:00
[2024-09-28T04:06:52.866+0000] {processor.py:208} INFO - Processing /home/airflow/.local/lib/python3.12/site-packages/airflow/example_dags/example_sla_dag.py took 0.116 seconds
[2024-09-28T04:07:23.820+0000] {processor.py:186} INFO - Started process (PID=314) to work on /home/airflow/.local/lib/python3.12/site-packages/airflow/example_dags/example_sla_dag.py
[2024-09-28T04:07:23.821+0000] {processor.py:914} INFO - Processing file /home/airflow/.local/lib/python3.12/site-packages/airflow/example_dags/example_sla_dag.py for tasks to queue
[2024-09-28T04:07:23.824+0000] {logging_mixin.py:190} INFO - [2024-09-28T04:07:23.824+0000] {dagbag.py:588} INFO - Filling up the DagBag from /home/airflow/.local/lib/python3.12/site-packages/airflow/example_dags/example_sla_dag.py
[2024-09-28T04:07:23.834+0000] {processor.py:925} INFO - DAG(s) 'example_sla_dag' retrieved from /home/airflow/.local/lib/python3.12/site-packages/airflow/example_dags/example_sla_dag.py
[2024-09-28T04:07:23.857+0000] {logging_mixin.py:190} INFO - [2024-09-28T04:07:23.856+0000] {dag.py:3239} INFO - Sync 1 DAGs
[2024-09-28T04:07:23.886+0000] {logging_mixin.py:190} INFO - [2024-09-28T04:07:23.886+0000] {dag.py:4180} INFO - Setting next_dagrun for example_sla_dag to 2024-09-28 04:04:00+00:00, run_after=2024-09-28 04:06:00+00:00
[2024-09-28T04:07:23.914+0000] {processor.py:208} INFO - Processing /home/airflow/.local/lib/python3.12/site-packages/airflow/example_dags/example_sla_dag.py took 0.099 seconds
[2024-09-28T04:07:55.138+0000] {processor.py:186} INFO - Started process (PID=388) to work on /home/airflow/.local/lib/python3.12/site-packages/airflow/example_dags/example_sla_dag.py
[2024-09-28T04:07:55.139+0000] {processor.py:914} INFO - Processing file /home/airflow/.local/lib/python3.12/site-packages/airflow/example_dags/example_sla_dag.py for tasks to queue
[2024-09-28T04:07:55.142+0000] {logging_mixin.py:190} INFO - [2024-09-28T04:07:55.141+0000] {dagbag.py:588} INFO - Filling up the DagBag from /home/airflow/.local/lib/python3.12/site-packages/airflow/example_dags/example_sla_dag.py
[2024-09-28T04:07:55.150+0000] {processor.py:925} INFO - DAG(s) 'example_sla_dag' retrieved from /home/airflow/.local/lib/python3.12/site-packages/airflow/example_dags/example_sla_dag.py
[2024-09-28T04:07:55.170+0000] {logging_mixin.py:190} INFO - [2024-09-28T04:07:55.169+0000] {dag.py:3239} INFO - Sync 1 DAGs
[2024-09-28T04:07:55.196+0000] {logging_mixin.py:190} INFO - [2024-09-28T04:07:55.196+0000] {dag.py:4180} INFO - Setting next_dagrun for example_sla_dag to 2024-09-28 04:04:00+00:00, run_after=2024-09-28 04:06:00+00:00
[2024-09-28T04:07:55.227+0000] {processor.py:208} INFO - Processing /home/airflow/.local/lib/python3.12/site-packages/airflow/example_dags/example_sla_dag.py took 0.094 seconds
