[2024-09-28T02:19:00.724+0000] {processor.py:186} INFO - Started process (PID=83) to work on /home/airflow/.local/lib/python3.12/site-packages/airflow/example_dags/example_branch_python_dop_operator_3.py
[2024-09-28T02:19:00.726+0000] {processor.py:914} INFO - Processing file /home/airflow/.local/lib/python3.12/site-packages/airflow/example_dags/example_branch_python_dop_operator_3.py for tasks to queue
[2024-09-28T02:19:00.729+0000] {logging_mixin.py:190} INFO - [2024-09-28T02:19:00.729+0000] {dagbag.py:588} INFO - Filling up the DagBag from /home/airflow/.local/lib/python3.12/site-packages/airflow/example_dags/example_branch_python_dop_operator_3.py
[2024-09-28T02:19:00.742+0000] {processor.py:925} INFO - DAG(s) 'example_branch_dop_operator_v3' retrieved from /home/airflow/.local/lib/python3.12/site-packages/airflow/example_dags/example_branch_python_dop_operator_3.py
[2024-09-28T02:19:00.771+0000] {logging_mixin.py:190} INFO - [2024-09-28T02:19:00.771+0000] {dag.py:3239} INFO - Sync 1 DAGs
[2024-09-28T02:19:00.809+0000] {logging_mixin.py:190} INFO - [2024-09-28T02:19:00.808+0000] {dag.py:4180} INFO - Setting next_dagrun for example_branch_dop_operator_v3 to 2024-09-28 02:18:00+00:00, run_after=2024-09-28 02:19:00+00:00
[2024-09-28T02:19:00.843+0000] {processor.py:208} INFO - Processing /home/airflow/.local/lib/python3.12/site-packages/airflow/example_dags/example_branch_python_dop_operator_3.py took 0.124 seconds
[2024-09-28T02:19:31.565+0000] {processor.py:186} INFO - Started process (PID=146) to work on /home/airflow/.local/lib/python3.12/site-packages/airflow/example_dags/example_branch_python_dop_operator_3.py
[2024-09-28T02:19:31.567+0000] {processor.py:914} INFO - Processing file /home/airflow/.local/lib/python3.12/site-packages/airflow/example_dags/example_branch_python_dop_operator_3.py for tasks to queue
[2024-09-28T02:19:31.571+0000] {logging_mixin.py:190} INFO - [2024-09-28T02:19:31.571+0000] {dagbag.py:588} INFO - Filling up the DagBag from /home/airflow/.local/lib/python3.12/site-packages/airflow/example_dags/example_branch_python_dop_operator_3.py
[2024-09-28T02:19:31.587+0000] {processor.py:925} INFO - DAG(s) 'example_branch_dop_operator_v3' retrieved from /home/airflow/.local/lib/python3.12/site-packages/airflow/example_dags/example_branch_python_dop_operator_3.py
[2024-09-28T02:19:31.612+0000] {logging_mixin.py:190} INFO - [2024-09-28T02:19:31.612+0000] {dag.py:3239} INFO - Sync 1 DAGs
[2024-09-28T02:19:31.649+0000] {logging_mixin.py:190} INFO - [2024-09-28T02:19:31.648+0000] {dag.py:4180} INFO - Setting next_dagrun for example_branch_dop_operator_v3 to 2024-09-28 02:18:00+00:00, run_after=2024-09-28 02:19:00+00:00
[2024-09-28T02:19:31.681+0000] {processor.py:208} INFO - Processing /home/airflow/.local/lib/python3.12/site-packages/airflow/example_dags/example_branch_python_dop_operator_3.py took 0.123 seconds
[2024-09-28T02:20:02.664+0000] {processor.py:186} INFO - Started process (PID=209) to work on /home/airflow/.local/lib/python3.12/site-packages/airflow/example_dags/example_branch_python_dop_operator_3.py
[2024-09-28T02:20:02.665+0000] {processor.py:914} INFO - Processing file /home/airflow/.local/lib/python3.12/site-packages/airflow/example_dags/example_branch_python_dop_operator_3.py for tasks to queue
[2024-09-28T02:20:02.668+0000] {logging_mixin.py:190} INFO - [2024-09-28T02:20:02.667+0000] {dagbag.py:588} INFO - Filling up the DagBag from /home/airflow/.local/lib/python3.12/site-packages/airflow/example_dags/example_branch_python_dop_operator_3.py
[2024-09-28T02:20:02.675+0000] {processor.py:925} INFO - DAG(s) 'example_branch_dop_operator_v3' retrieved from /home/airflow/.local/lib/python3.12/site-packages/airflow/example_dags/example_branch_python_dop_operator_3.py
[2024-09-28T02:20:02.694+0000] {logging_mixin.py:190} INFO - [2024-09-28T02:20:02.693+0000] {dag.py:3239} INFO - Sync 1 DAGs
[2024-09-28T02:20:02.719+0000] {logging_mixin.py:190} INFO - [2024-09-28T02:20:02.719+0000] {dag.py:4180} INFO - Setting next_dagrun for example_branch_dop_operator_v3 to 2024-09-28 02:19:00+00:00, run_after=2024-09-28 02:20:00+00:00
[2024-09-28T02:20:02.745+0000] {processor.py:208} INFO - Processing /home/airflow/.local/lib/python3.12/site-packages/airflow/example_dags/example_branch_python_dop_operator_3.py took 0.086 seconds
[2024-09-28T02:20:33.119+0000] {processor.py:186} INFO - Started process (PID=272) to work on /home/airflow/.local/lib/python3.12/site-packages/airflow/example_dags/example_branch_python_dop_operator_3.py
[2024-09-28T02:20:33.120+0000] {processor.py:914} INFO - Processing file /home/airflow/.local/lib/python3.12/site-packages/airflow/example_dags/example_branch_python_dop_operator_3.py for tasks to queue
[2024-09-28T02:20:33.123+0000] {logging_mixin.py:190} INFO - [2024-09-28T02:20:33.123+0000] {dagbag.py:588} INFO - Filling up the DagBag from /home/airflow/.local/lib/python3.12/site-packages/airflow/example_dags/example_branch_python_dop_operator_3.py
[2024-09-28T02:20:33.133+0000] {processor.py:925} INFO - DAG(s) 'example_branch_dop_operator_v3' retrieved from /home/airflow/.local/lib/python3.12/site-packages/airflow/example_dags/example_branch_python_dop_operator_3.py
[2024-09-28T02:20:33.161+0000] {logging_mixin.py:190} INFO - [2024-09-28T02:20:33.161+0000] {dag.py:3239} INFO - Sync 1 DAGs
[2024-09-28T02:20:33.193+0000] {logging_mixin.py:190} INFO - [2024-09-28T02:20:33.193+0000] {dag.py:4180} INFO - Setting next_dagrun for example_branch_dop_operator_v3 to 2024-09-28 02:19:00+00:00, run_after=2024-09-28 02:20:00+00:00
[2024-09-28T02:20:33.220+0000] {processor.py:208} INFO - Processing /home/airflow/.local/lib/python3.12/site-packages/airflow/example_dags/example_branch_python_dop_operator_3.py took 0.108 seconds
[2024-09-28T02:21:03.679+0000] {processor.py:186} INFO - Started process (PID=335) to work on /home/airflow/.local/lib/python3.12/site-packages/airflow/example_dags/example_branch_python_dop_operator_3.py
[2024-09-28T02:21:03.681+0000] {processor.py:914} INFO - Processing file /home/airflow/.local/lib/python3.12/site-packages/airflow/example_dags/example_branch_python_dop_operator_3.py for tasks to queue
[2024-09-28T02:21:03.684+0000] {logging_mixin.py:190} INFO - [2024-09-28T02:21:03.683+0000] {dagbag.py:588} INFO - Filling up the DagBag from /home/airflow/.local/lib/python3.12/site-packages/airflow/example_dags/example_branch_python_dop_operator_3.py
[2024-09-28T02:21:03.693+0000] {processor.py:925} INFO - DAG(s) 'example_branch_dop_operator_v3' retrieved from /home/airflow/.local/lib/python3.12/site-packages/airflow/example_dags/example_branch_python_dop_operator_3.py
[2024-09-28T02:21:03.714+0000] {logging_mixin.py:190} INFO - [2024-09-28T02:21:03.713+0000] {dag.py:3239} INFO - Sync 1 DAGs
[2024-09-28T02:21:03.744+0000] {logging_mixin.py:190} INFO - [2024-09-28T02:21:03.744+0000] {dag.py:4180} INFO - Setting next_dagrun for example_branch_dop_operator_v3 to 2024-09-28 02:20:00+00:00, run_after=2024-09-28 02:21:00+00:00
[2024-09-28T02:21:03.779+0000] {processor.py:208} INFO - Processing /home/airflow/.local/lib/python3.12/site-packages/airflow/example_dags/example_branch_python_dop_operator_3.py took 0.105 seconds
[2024-09-28T02:21:34.829+0000] {processor.py:186} INFO - Started process (PID=398) to work on /home/airflow/.local/lib/python3.12/site-packages/airflow/example_dags/example_branch_python_dop_operator_3.py
[2024-09-28T02:21:34.831+0000] {processor.py:914} INFO - Processing file /home/airflow/.local/lib/python3.12/site-packages/airflow/example_dags/example_branch_python_dop_operator_3.py for tasks to queue
[2024-09-28T02:21:34.835+0000] {logging_mixin.py:190} INFO - [2024-09-28T02:21:34.835+0000] {dagbag.py:588} INFO - Filling up the DagBag from /home/airflow/.local/lib/python3.12/site-packages/airflow/example_dags/example_branch_python_dop_operator_3.py
[2024-09-28T02:21:34.846+0000] {processor.py:925} INFO - DAG(s) 'example_branch_dop_operator_v3' retrieved from /home/airflow/.local/lib/python3.12/site-packages/airflow/example_dags/example_branch_python_dop_operator_3.py
[2024-09-28T02:21:34.874+0000] {logging_mixin.py:190} INFO - [2024-09-28T02:21:34.874+0000] {dag.py:3239} INFO - Sync 1 DAGs
[2024-09-28T02:21:34.912+0000] {logging_mixin.py:190} INFO - [2024-09-28T02:21:34.912+0000] {dag.py:4180} INFO - Setting next_dagrun for example_branch_dop_operator_v3 to 2024-09-28 02:20:00+00:00, run_after=2024-09-28 02:21:00+00:00
[2024-09-28T02:21:34.945+0000] {processor.py:208} INFO - Processing /home/airflow/.local/lib/python3.12/site-packages/airflow/example_dags/example_branch_python_dop_operator_3.py took 0.122 seconds
[2024-09-28T02:22:05.678+0000] {processor.py:186} INFO - Started process (PID=461) to work on /home/airflow/.local/lib/python3.12/site-packages/airflow/example_dags/example_branch_python_dop_operator_3.py
[2024-09-28T02:22:05.680+0000] {processor.py:914} INFO - Processing file /home/airflow/.local/lib/python3.12/site-packages/airflow/example_dags/example_branch_python_dop_operator_3.py for tasks to queue
[2024-09-28T02:22:05.682+0000] {logging_mixin.py:190} INFO - [2024-09-28T02:22:05.682+0000] {dagbag.py:588} INFO - Filling up the DagBag from /home/airflow/.local/lib/python3.12/site-packages/airflow/example_dags/example_branch_python_dop_operator_3.py
[2024-09-28T02:22:05.691+0000] {processor.py:925} INFO - DAG(s) 'example_branch_dop_operator_v3' retrieved from /home/airflow/.local/lib/python3.12/site-packages/airflow/example_dags/example_branch_python_dop_operator_3.py
[2024-09-28T02:22:05.711+0000] {logging_mixin.py:190} INFO - [2024-09-28T02:22:05.711+0000] {dag.py:3239} INFO - Sync 1 DAGs
[2024-09-28T02:22:05.736+0000] {logging_mixin.py:190} INFO - [2024-09-28T02:22:05.736+0000] {dag.py:4180} INFO - Setting next_dagrun for example_branch_dop_operator_v3 to 2024-09-28 02:21:00+00:00, run_after=2024-09-28 02:22:00+00:00
[2024-09-28T02:22:05.763+0000] {processor.py:208} INFO - Processing /home/airflow/.local/lib/python3.12/site-packages/airflow/example_dags/example_branch_python_dop_operator_3.py took 0.089 seconds
[2024-09-28T02:22:36.010+0000] {processor.py:186} INFO - Started process (PID=524) to work on /home/airflow/.local/lib/python3.12/site-packages/airflow/example_dags/example_branch_python_dop_operator_3.py
[2024-09-28T02:22:36.011+0000] {processor.py:914} INFO - Processing file /home/airflow/.local/lib/python3.12/site-packages/airflow/example_dags/example_branch_python_dop_operator_3.py for tasks to queue
[2024-09-28T02:22:36.014+0000] {logging_mixin.py:190} INFO - [2024-09-28T02:22:36.013+0000] {dagbag.py:588} INFO - Filling up the DagBag from /home/airflow/.local/lib/python3.12/site-packages/airflow/example_dags/example_branch_python_dop_operator_3.py
[2024-09-28T02:22:36.024+0000] {processor.py:925} INFO - DAG(s) 'example_branch_dop_operator_v3' retrieved from /home/airflow/.local/lib/python3.12/site-packages/airflow/example_dags/example_branch_python_dop_operator_3.py
[2024-09-28T02:22:36.044+0000] {logging_mixin.py:190} INFO - [2024-09-28T02:22:36.044+0000] {dag.py:3239} INFO - Sync 1 DAGs
[2024-09-28T02:22:36.075+0000] {logging_mixin.py:190} INFO - [2024-09-28T02:22:36.074+0000] {dag.py:4180} INFO - Setting next_dagrun for example_branch_dop_operator_v3 to 2024-09-28 02:21:00+00:00, run_after=2024-09-28 02:22:00+00:00
[2024-09-28T02:22:36.096+0000] {processor.py:208} INFO - Processing /home/airflow/.local/lib/python3.12/site-packages/airflow/example_dags/example_branch_python_dop_operator_3.py took 0.090 seconds
[2024-09-28T02:23:06.993+0000] {processor.py:186} INFO - Started process (PID=588) to work on /home/airflow/.local/lib/python3.12/site-packages/airflow/example_dags/example_branch_python_dop_operator_3.py
[2024-09-28T02:23:06.994+0000] {processor.py:914} INFO - Processing file /home/airflow/.local/lib/python3.12/site-packages/airflow/example_dags/example_branch_python_dop_operator_3.py for tasks to queue
[2024-09-28T02:23:06.996+0000] {logging_mixin.py:190} INFO - [2024-09-28T02:23:06.996+0000] {dagbag.py:588} INFO - Filling up the DagBag from /home/airflow/.local/lib/python3.12/site-packages/airflow/example_dags/example_branch_python_dop_operator_3.py
[2024-09-28T02:23:07.004+0000] {processor.py:925} INFO - DAG(s) 'example_branch_dop_operator_v3' retrieved from /home/airflow/.local/lib/python3.12/site-packages/airflow/example_dags/example_branch_python_dop_operator_3.py
[2024-09-28T02:23:07.022+0000] {logging_mixin.py:190} INFO - [2024-09-28T02:23:07.021+0000] {dag.py:3239} INFO - Sync 1 DAGs
[2024-09-28T02:23:07.047+0000] {logging_mixin.py:190} INFO - [2024-09-28T02:23:07.047+0000] {dag.py:4180} INFO - Setting next_dagrun for example_branch_dop_operator_v3 to 2024-09-28 02:22:00+00:00, run_after=2024-09-28 02:23:00+00:00
[2024-09-28T02:23:07.070+0000] {processor.py:208} INFO - Processing /home/airflow/.local/lib/python3.12/site-packages/airflow/example_dags/example_branch_python_dop_operator_3.py took 0.081 seconds
[2024-09-28T02:23:37.305+0000] {processor.py:186} INFO - Started process (PID=651) to work on /home/airflow/.local/lib/python3.12/site-packages/airflow/example_dags/example_branch_python_dop_operator_3.py
[2024-09-28T02:23:37.306+0000] {processor.py:914} INFO - Processing file /home/airflow/.local/lib/python3.12/site-packages/airflow/example_dags/example_branch_python_dop_operator_3.py for tasks to queue
[2024-09-28T02:23:37.308+0000] {logging_mixin.py:190} INFO - [2024-09-28T02:23:37.308+0000] {dagbag.py:588} INFO - Filling up the DagBag from /home/airflow/.local/lib/python3.12/site-packages/airflow/example_dags/example_branch_python_dop_operator_3.py
[2024-09-28T02:23:37.318+0000] {processor.py:925} INFO - DAG(s) 'example_branch_dop_operator_v3' retrieved from /home/airflow/.local/lib/python3.12/site-packages/airflow/example_dags/example_branch_python_dop_operator_3.py
[2024-09-28T02:23:37.336+0000] {logging_mixin.py:190} INFO - [2024-09-28T02:23:37.335+0000] {dag.py:3239} INFO - Sync 1 DAGs
[2024-09-28T02:23:37.359+0000] {logging_mixin.py:190} INFO - [2024-09-28T02:23:37.359+0000] {dag.py:4180} INFO - Setting next_dagrun for example_branch_dop_operator_v3 to 2024-09-28 02:22:00+00:00, run_after=2024-09-28 02:23:00+00:00
[2024-09-28T02:23:37.383+0000] {processor.py:208} INFO - Processing /home/airflow/.local/lib/python3.12/site-packages/airflow/example_dags/example_branch_python_dop_operator_3.py took 0.084 seconds
[2024-09-28T02:24:08.204+0000] {processor.py:186} INFO - Started process (PID=714) to work on /home/airflow/.local/lib/python3.12/site-packages/airflow/example_dags/example_branch_python_dop_operator_3.py
[2024-09-28T02:24:08.206+0000] {processor.py:914} INFO - Processing file /home/airflow/.local/lib/python3.12/site-packages/airflow/example_dags/example_branch_python_dop_operator_3.py for tasks to queue
[2024-09-28T02:24:08.209+0000] {logging_mixin.py:190} INFO - [2024-09-28T02:24:08.209+0000] {dagbag.py:588} INFO - Filling up the DagBag from /home/airflow/.local/lib/python3.12/site-packages/airflow/example_dags/example_branch_python_dop_operator_3.py
[2024-09-28T02:24:08.219+0000] {processor.py:925} INFO - DAG(s) 'example_branch_dop_operator_v3' retrieved from /home/airflow/.local/lib/python3.12/site-packages/airflow/example_dags/example_branch_python_dop_operator_3.py
[2024-09-28T02:24:08.242+0000] {logging_mixin.py:190} INFO - [2024-09-28T02:24:08.242+0000] {dag.py:3239} INFO - Sync 1 DAGs
[2024-09-28T02:24:08.271+0000] {logging_mixin.py:190} INFO - [2024-09-28T02:24:08.271+0000] {dag.py:4180} INFO - Setting next_dagrun for example_branch_dop_operator_v3 to 2024-09-28 02:23:00+00:00, run_after=2024-09-28 02:24:00+00:00
[2024-09-28T02:24:08.309+0000] {processor.py:208} INFO - Processing /home/airflow/.local/lib/python3.12/site-packages/airflow/example_dags/example_branch_python_dop_operator_3.py took 0.112 seconds
[2024-09-28T02:24:38.916+0000] {processor.py:186} INFO - Started process (PID=777) to work on /home/airflow/.local/lib/python3.12/site-packages/airflow/example_dags/example_branch_python_dop_operator_3.py
[2024-09-28T02:24:38.917+0000] {processor.py:914} INFO - Processing file /home/airflow/.local/lib/python3.12/site-packages/airflow/example_dags/example_branch_python_dop_operator_3.py for tasks to queue
[2024-09-28T02:24:38.920+0000] {logging_mixin.py:190} INFO - [2024-09-28T02:24:38.919+0000] {dagbag.py:588} INFO - Filling up the DagBag from /home/airflow/.local/lib/python3.12/site-packages/airflow/example_dags/example_branch_python_dop_operator_3.py
[2024-09-28T02:24:38.929+0000] {processor.py:925} INFO - DAG(s) 'example_branch_dop_operator_v3' retrieved from /home/airflow/.local/lib/python3.12/site-packages/airflow/example_dags/example_branch_python_dop_operator_3.py
[2024-09-28T02:24:38.951+0000] {logging_mixin.py:190} INFO - [2024-09-28T02:24:38.950+0000] {dag.py:3239} INFO - Sync 1 DAGs
[2024-09-28T02:24:38.979+0000] {logging_mixin.py:190} INFO - [2024-09-28T02:24:38.979+0000] {dag.py:4180} INFO - Setting next_dagrun for example_branch_dop_operator_v3 to 2024-09-28 02:23:00+00:00, run_after=2024-09-28 02:24:00+00:00
[2024-09-28T02:24:39.004+0000] {processor.py:208} INFO - Processing /home/airflow/.local/lib/python3.12/site-packages/airflow/example_dags/example_branch_python_dop_operator_3.py took 0.094 seconds
[2024-09-28T02:25:09.350+0000] {processor.py:186} INFO - Started process (PID=840) to work on /home/airflow/.local/lib/python3.12/site-packages/airflow/example_dags/example_branch_python_dop_operator_3.py
[2024-09-28T02:25:09.351+0000] {processor.py:914} INFO - Processing file /home/airflow/.local/lib/python3.12/site-packages/airflow/example_dags/example_branch_python_dop_operator_3.py for tasks to queue
[2024-09-28T02:25:09.354+0000] {logging_mixin.py:190} INFO - [2024-09-28T02:25:09.353+0000] {dagbag.py:588} INFO - Filling up the DagBag from /home/airflow/.local/lib/python3.12/site-packages/airflow/example_dags/example_branch_python_dop_operator_3.py
[2024-09-28T02:25:09.363+0000] {processor.py:925} INFO - DAG(s) 'example_branch_dop_operator_v3' retrieved from /home/airflow/.local/lib/python3.12/site-packages/airflow/example_dags/example_branch_python_dop_operator_3.py
[2024-09-28T02:25:09.385+0000] {logging_mixin.py:190} INFO - [2024-09-28T02:25:09.384+0000] {dag.py:3239} INFO - Sync 1 DAGs
[2024-09-28T02:25:09.410+0000] {logging_mixin.py:190} INFO - [2024-09-28T02:25:09.410+0000] {dag.py:4180} INFO - Setting next_dagrun for example_branch_dop_operator_v3 to 2024-09-28 02:24:00+00:00, run_after=2024-09-28 02:25:00+00:00
[2024-09-28T02:25:09.436+0000] {processor.py:208} INFO - Processing /home/airflow/.local/lib/python3.12/site-packages/airflow/example_dags/example_branch_python_dop_operator_3.py took 0.091 seconds
[2024-09-28T02:25:39.664+0000] {processor.py:186} INFO - Started process (PID=903) to work on /home/airflow/.local/lib/python3.12/site-packages/airflow/example_dags/example_branch_python_dop_operator_3.py
[2024-09-28T02:25:39.665+0000] {processor.py:914} INFO - Processing file /home/airflow/.local/lib/python3.12/site-packages/airflow/example_dags/example_branch_python_dop_operator_3.py for tasks to queue
[2024-09-28T02:25:39.667+0000] {logging_mixin.py:190} INFO - [2024-09-28T02:25:39.667+0000] {dagbag.py:588} INFO - Filling up the DagBag from /home/airflow/.local/lib/python3.12/site-packages/airflow/example_dags/example_branch_python_dop_operator_3.py
[2024-09-28T02:25:39.676+0000] {processor.py:925} INFO - DAG(s) 'example_branch_dop_operator_v3' retrieved from /home/airflow/.local/lib/python3.12/site-packages/airflow/example_dags/example_branch_python_dop_operator_3.py
[2024-09-28T02:25:39.696+0000] {logging_mixin.py:190} INFO - [2024-09-28T02:25:39.696+0000] {dag.py:3239} INFO - Sync 1 DAGs
[2024-09-28T02:25:39.721+0000] {logging_mixin.py:190} INFO - [2024-09-28T02:25:39.721+0000] {dag.py:4180} INFO - Setting next_dagrun for example_branch_dop_operator_v3 to 2024-09-28 02:24:00+00:00, run_after=2024-09-28 02:25:00+00:00
[2024-09-28T02:25:39.745+0000] {processor.py:208} INFO - Processing /home/airflow/.local/lib/python3.12/site-packages/airflow/example_dags/example_branch_python_dop_operator_3.py took 0.086 seconds
[2024-09-28T02:26:10.165+0000] {processor.py:186} INFO - Started process (PID=966) to work on /home/airflow/.local/lib/python3.12/site-packages/airflow/example_dags/example_branch_python_dop_operator_3.py
[2024-09-28T02:26:10.166+0000] {processor.py:914} INFO - Processing file /home/airflow/.local/lib/python3.12/site-packages/airflow/example_dags/example_branch_python_dop_operator_3.py for tasks to queue
[2024-09-28T02:26:10.169+0000] {logging_mixin.py:190} INFO - [2024-09-28T02:26:10.169+0000] {dagbag.py:588} INFO - Filling up the DagBag from /home/airflow/.local/lib/python3.12/site-packages/airflow/example_dags/example_branch_python_dop_operator_3.py
[2024-09-28T02:26:10.178+0000] {processor.py:925} INFO - DAG(s) 'example_branch_dop_operator_v3' retrieved from /home/airflow/.local/lib/python3.12/site-packages/airflow/example_dags/example_branch_python_dop_operator_3.py
[2024-09-28T02:26:10.197+0000] {logging_mixin.py:190} INFO - [2024-09-28T02:26:10.196+0000] {dag.py:3239} INFO - Sync 1 DAGs
[2024-09-28T02:26:10.222+0000] {logging_mixin.py:190} INFO - [2024-09-28T02:26:10.222+0000] {dag.py:4180} INFO - Setting next_dagrun for example_branch_dop_operator_v3 to 2024-09-28 02:25:00+00:00, run_after=2024-09-28 02:26:00+00:00
[2024-09-28T02:26:10.247+0000] {processor.py:208} INFO - Processing /home/airflow/.local/lib/python3.12/site-packages/airflow/example_dags/example_branch_python_dop_operator_3.py took 0.086 seconds
[2024-09-28T02:46:04.598+0000] {processor.py:186} INFO - Started process (PID=82) to work on /home/airflow/.local/lib/python3.12/site-packages/airflow/example_dags/example_branch_python_dop_operator_3.py
[2024-09-28T02:46:04.600+0000] {processor.py:914} INFO - Processing file /home/airflow/.local/lib/python3.12/site-packages/airflow/example_dags/example_branch_python_dop_operator_3.py for tasks to queue
[2024-09-28T02:46:04.604+0000] {logging_mixin.py:190} INFO - [2024-09-28T02:46:04.603+0000] {dagbag.py:588} INFO - Filling up the DagBag from /home/airflow/.local/lib/python3.12/site-packages/airflow/example_dags/example_branch_python_dop_operator_3.py
[2024-09-28T02:46:04.617+0000] {processor.py:925} INFO - DAG(s) 'example_branch_dop_operator_v3' retrieved from /home/airflow/.local/lib/python3.12/site-packages/airflow/example_dags/example_branch_python_dop_operator_3.py
[2024-09-28T02:46:04.645+0000] {logging_mixin.py:190} INFO - [2024-09-28T02:46:04.645+0000] {dag.py:3239} INFO - Sync 1 DAGs
[2024-09-28T02:46:04.681+0000] {logging_mixin.py:190} INFO - [2024-09-28T02:46:04.680+0000] {dag.py:4180} INFO - Setting next_dagrun for example_branch_dop_operator_v3 to 2024-09-28 02:45:00+00:00, run_after=2024-09-28 02:46:00+00:00
[2024-09-28T02:46:04.706+0000] {processor.py:208} INFO - Processing /home/airflow/.local/lib/python3.12/site-packages/airflow/example_dags/example_branch_python_dop_operator_3.py took 0.115 seconds
[2024-09-28T02:46:36.377+0000] {processor.py:186} INFO - Started process (PID=145) to work on /home/airflow/.local/lib/python3.12/site-packages/airflow/example_dags/example_branch_python_dop_operator_3.py
[2024-09-28T02:46:36.381+0000] {processor.py:914} INFO - Processing file /home/airflow/.local/lib/python3.12/site-packages/airflow/example_dags/example_branch_python_dop_operator_3.py for tasks to queue
[2024-09-28T02:46:36.385+0000] {logging_mixin.py:190} INFO - [2024-09-28T02:46:36.384+0000] {dagbag.py:588} INFO - Filling up the DagBag from /home/airflow/.local/lib/python3.12/site-packages/airflow/example_dags/example_branch_python_dop_operator_3.py
[2024-09-28T02:46:36.411+0000] {processor.py:925} INFO - DAG(s) 'example_branch_dop_operator_v3' retrieved from /home/airflow/.local/lib/python3.12/site-packages/airflow/example_dags/example_branch_python_dop_operator_3.py
[2024-09-28T02:46:36.480+0000] {logging_mixin.py:190} INFO - [2024-09-28T02:46:36.480+0000] {dag.py:3239} INFO - Sync 1 DAGs
[2024-09-28T02:46:36.543+0000] {logging_mixin.py:190} INFO - [2024-09-28T02:46:36.541+0000] {dag.py:4180} INFO - Setting next_dagrun for example_branch_dop_operator_v3 to 2024-09-28 02:45:00+00:00, run_after=2024-09-28 02:46:00+00:00
[2024-09-28T02:46:36.583+0000] {processor.py:208} INFO - Processing /home/airflow/.local/lib/python3.12/site-packages/airflow/example_dags/example_branch_python_dop_operator_3.py took 0.215 seconds
[2024-09-28T02:47:08.361+0000] {processor.py:186} INFO - Started process (PID=208) to work on /home/airflow/.local/lib/python3.12/site-packages/airflow/example_dags/example_branch_python_dop_operator_3.py
[2024-09-28T02:47:08.362+0000] {processor.py:914} INFO - Processing file /home/airflow/.local/lib/python3.12/site-packages/airflow/example_dags/example_branch_python_dop_operator_3.py for tasks to queue
[2024-09-28T02:47:08.367+0000] {logging_mixin.py:190} INFO - [2024-09-28T02:47:08.364+0000] {dagbag.py:588} INFO - Filling up the DagBag from /home/airflow/.local/lib/python3.12/site-packages/airflow/example_dags/example_branch_python_dop_operator_3.py
[2024-09-28T02:47:08.397+0000] {processor.py:925} INFO - DAG(s) 'example_branch_dop_operator_v3' retrieved from /home/airflow/.local/lib/python3.12/site-packages/airflow/example_dags/example_branch_python_dop_operator_3.py
[2024-09-28T02:47:08.561+0000] {logging_mixin.py:190} INFO - [2024-09-28T02:47:08.561+0000] {dag.py:3239} INFO - Sync 1 DAGs
[2024-09-28T02:47:08.593+0000] {logging_mixin.py:190} INFO - [2024-09-28T02:47:08.593+0000] {dag.py:4180} INFO - Setting next_dagrun for example_branch_dop_operator_v3 to 2024-09-28 02:46:00+00:00, run_after=2024-09-28 02:47:00+00:00
[2024-09-28T02:47:08.617+0000] {processor.py:208} INFO - Processing /home/airflow/.local/lib/python3.12/site-packages/airflow/example_dags/example_branch_python_dop_operator_3.py took 0.269 seconds
[2024-09-28T02:47:39.016+0000] {processor.py:186} INFO - Started process (PID=272) to work on /home/airflow/.local/lib/python3.12/site-packages/airflow/example_dags/example_branch_python_dop_operator_3.py
[2024-09-28T02:47:39.017+0000] {processor.py:914} INFO - Processing file /home/airflow/.local/lib/python3.12/site-packages/airflow/example_dags/example_branch_python_dop_operator_3.py for tasks to queue
[2024-09-28T02:47:39.019+0000] {logging_mixin.py:190} INFO - [2024-09-28T02:47:39.018+0000] {dagbag.py:588} INFO - Filling up the DagBag from /home/airflow/.local/lib/python3.12/site-packages/airflow/example_dags/example_branch_python_dop_operator_3.py
[2024-09-28T02:47:39.028+0000] {processor.py:925} INFO - DAG(s) 'example_branch_dop_operator_v3' retrieved from /home/airflow/.local/lib/python3.12/site-packages/airflow/example_dags/example_branch_python_dop_operator_3.py
[2024-09-28T02:47:39.047+0000] {logging_mixin.py:190} INFO - [2024-09-28T02:47:39.047+0000] {dag.py:3239} INFO - Sync 1 DAGs
[2024-09-28T02:47:39.076+0000] {logging_mixin.py:190} INFO - [2024-09-28T02:47:39.076+0000] {dag.py:4180} INFO - Setting next_dagrun for example_branch_dop_operator_v3 to 2024-09-28 02:46:00+00:00, run_after=2024-09-28 02:47:00+00:00
[2024-09-28T02:47:39.099+0000] {processor.py:208} INFO - Processing /home/airflow/.local/lib/python3.12/site-packages/airflow/example_dags/example_branch_python_dop_operator_3.py took 0.089 seconds
[2024-09-28T02:48:10.774+0000] {processor.py:186} INFO - Started process (PID=335) to work on /home/airflow/.local/lib/python3.12/site-packages/airflow/example_dags/example_branch_python_dop_operator_3.py
[2024-09-28T02:48:10.775+0000] {processor.py:914} INFO - Processing file /home/airflow/.local/lib/python3.12/site-packages/airflow/example_dags/example_branch_python_dop_operator_3.py for tasks to queue
[2024-09-28T02:48:10.780+0000] {logging_mixin.py:190} INFO - [2024-09-28T02:48:10.777+0000] {dagbag.py:588} INFO - Filling up the DagBag from /home/airflow/.local/lib/python3.12/site-packages/airflow/example_dags/example_branch_python_dop_operator_3.py
[2024-09-28T02:48:10.807+0000] {processor.py:925} INFO - DAG(s) 'example_branch_dop_operator_v3' retrieved from /home/airflow/.local/lib/python3.12/site-packages/airflow/example_dags/example_branch_python_dop_operator_3.py
[2024-09-28T02:48:10.914+0000] {logging_mixin.py:190} INFO - [2024-09-28T02:48:10.914+0000] {dag.py:3239} INFO - Sync 1 DAGs
[2024-09-28T02:48:10.956+0000] {logging_mixin.py:190} INFO - [2024-09-28T02:48:10.956+0000] {dag.py:4180} INFO - Setting next_dagrun for example_branch_dop_operator_v3 to 2024-09-28 02:47:00+00:00, run_after=2024-09-28 02:48:00+00:00
[2024-09-28T02:48:10.988+0000] {processor.py:208} INFO - Processing /home/airflow/.local/lib/python3.12/site-packages/airflow/example_dags/example_branch_python_dop_operator_3.py took 0.227 seconds
[2024-09-28T02:48:41.997+0000] {processor.py:186} INFO - Started process (PID=398) to work on /home/airflow/.local/lib/python3.12/site-packages/airflow/example_dags/example_branch_python_dop_operator_3.py
[2024-09-28T02:48:41.998+0000] {processor.py:914} INFO - Processing file /home/airflow/.local/lib/python3.12/site-packages/airflow/example_dags/example_branch_python_dop_operator_3.py for tasks to queue
[2024-09-28T02:48:42.001+0000] {logging_mixin.py:190} INFO - [2024-09-28T02:48:42.000+0000] {dagbag.py:588} INFO - Filling up the DagBag from /home/airflow/.local/lib/python3.12/site-packages/airflow/example_dags/example_branch_python_dop_operator_3.py
[2024-09-28T02:48:42.010+0000] {processor.py:925} INFO - DAG(s) 'example_branch_dop_operator_v3' retrieved from /home/airflow/.local/lib/python3.12/site-packages/airflow/example_dags/example_branch_python_dop_operator_3.py
[2024-09-28T02:48:42.029+0000] {logging_mixin.py:190} INFO - [2024-09-28T02:48:42.029+0000] {dag.py:3239} INFO - Sync 1 DAGs
[2024-09-28T02:48:42.056+0000] {logging_mixin.py:190} INFO - [2024-09-28T02:48:42.056+0000] {dag.py:4180} INFO - Setting next_dagrun for example_branch_dop_operator_v3 to 2024-09-28 02:47:00+00:00, run_after=2024-09-28 02:48:00+00:00
[2024-09-28T02:48:42.078+0000] {processor.py:208} INFO - Processing /home/airflow/.local/lib/python3.12/site-packages/airflow/example_dags/example_branch_python_dop_operator_3.py took 0.089 seconds
[2024-09-28T02:49:12.472+0000] {processor.py:186} INFO - Started process (PID=461) to work on /home/airflow/.local/lib/python3.12/site-packages/airflow/example_dags/example_branch_python_dop_operator_3.py
[2024-09-28T02:49:12.473+0000] {processor.py:914} INFO - Processing file /home/airflow/.local/lib/python3.12/site-packages/airflow/example_dags/example_branch_python_dop_operator_3.py for tasks to queue
[2024-09-28T02:49:12.475+0000] {logging_mixin.py:190} INFO - [2024-09-28T02:49:12.475+0000] {dagbag.py:588} INFO - Filling up the DagBag from /home/airflow/.local/lib/python3.12/site-packages/airflow/example_dags/example_branch_python_dop_operator_3.py
[2024-09-28T02:49:12.484+0000] {processor.py:925} INFO - DAG(s) 'example_branch_dop_operator_v3' retrieved from /home/airflow/.local/lib/python3.12/site-packages/airflow/example_dags/example_branch_python_dop_operator_3.py
[2024-09-28T02:49:12.505+0000] {logging_mixin.py:190} INFO - [2024-09-28T02:49:12.505+0000] {dag.py:3239} INFO - Sync 1 DAGs
[2024-09-28T02:49:12.533+0000] {logging_mixin.py:190} INFO - [2024-09-28T02:49:12.533+0000] {dag.py:4180} INFO - Setting next_dagrun for example_branch_dop_operator_v3 to 2024-09-28 02:48:00+00:00, run_after=2024-09-28 02:49:00+00:00
[2024-09-28T02:49:12.556+0000] {processor.py:208} INFO - Processing /home/airflow/.local/lib/python3.12/site-packages/airflow/example_dags/example_branch_python_dop_operator_3.py took 0.088 seconds
[2024-09-28T02:49:42.962+0000] {processor.py:186} INFO - Started process (PID=524) to work on /home/airflow/.local/lib/python3.12/site-packages/airflow/example_dags/example_branch_python_dop_operator_3.py
[2024-09-28T02:49:42.964+0000] {processor.py:914} INFO - Processing file /home/airflow/.local/lib/python3.12/site-packages/airflow/example_dags/example_branch_python_dop_operator_3.py for tasks to queue
[2024-09-28T02:49:42.966+0000] {logging_mixin.py:190} INFO - [2024-09-28T02:49:42.966+0000] {dagbag.py:588} INFO - Filling up the DagBag from /home/airflow/.local/lib/python3.12/site-packages/airflow/example_dags/example_branch_python_dop_operator_3.py
[2024-09-28T02:49:42.976+0000] {processor.py:925} INFO - DAG(s) 'example_branch_dop_operator_v3' retrieved from /home/airflow/.local/lib/python3.12/site-packages/airflow/example_dags/example_branch_python_dop_operator_3.py
[2024-09-28T02:49:42.999+0000] {logging_mixin.py:190} INFO - [2024-09-28T02:49:42.999+0000] {dag.py:3239} INFO - Sync 1 DAGs
[2024-09-28T02:49:43.029+0000] {logging_mixin.py:190} INFO - [2024-09-28T02:49:43.028+0000] {dag.py:4180} INFO - Setting next_dagrun for example_branch_dop_operator_v3 to 2024-09-28 02:48:00+00:00, run_after=2024-09-28 02:49:00+00:00
[2024-09-28T02:49:43.056+0000] {processor.py:208} INFO - Processing /home/airflow/.local/lib/python3.12/site-packages/airflow/example_dags/example_branch_python_dop_operator_3.py took 0.099 seconds
[2024-09-28T02:50:13.762+0000] {processor.py:186} INFO - Started process (PID=588) to work on /home/airflow/.local/lib/python3.12/site-packages/airflow/example_dags/example_branch_python_dop_operator_3.py
[2024-09-28T02:50:13.763+0000] {processor.py:914} INFO - Processing file /home/airflow/.local/lib/python3.12/site-packages/airflow/example_dags/example_branch_python_dop_operator_3.py for tasks to queue
[2024-09-28T02:50:13.765+0000] {logging_mixin.py:190} INFO - [2024-09-28T02:50:13.765+0000] {dagbag.py:588} INFO - Filling up the DagBag from /home/airflow/.local/lib/python3.12/site-packages/airflow/example_dags/example_branch_python_dop_operator_3.py
[2024-09-28T02:50:13.774+0000] {processor.py:925} INFO - DAG(s) 'example_branch_dop_operator_v3' retrieved from /home/airflow/.local/lib/python3.12/site-packages/airflow/example_dags/example_branch_python_dop_operator_3.py
[2024-09-28T02:50:13.793+0000] {logging_mixin.py:190} INFO - [2024-09-28T02:50:13.792+0000] {dag.py:3239} INFO - Sync 1 DAGs
[2024-09-28T02:50:13.822+0000] {logging_mixin.py:190} INFO - [2024-09-28T02:50:13.822+0000] {dag.py:4180} INFO - Setting next_dagrun for example_branch_dop_operator_v3 to 2024-09-28 02:49:00+00:00, run_after=2024-09-28 02:50:00+00:00
[2024-09-28T02:50:13.843+0000] {processor.py:208} INFO - Processing /home/airflow/.local/lib/python3.12/site-packages/airflow/example_dags/example_branch_python_dop_operator_3.py took 0.087 seconds
[2024-09-28T02:50:44.361+0000] {processor.py:186} INFO - Started process (PID=651) to work on /home/airflow/.local/lib/python3.12/site-packages/airflow/example_dags/example_branch_python_dop_operator_3.py
[2024-09-28T02:50:44.363+0000] {processor.py:914} INFO - Processing file /home/airflow/.local/lib/python3.12/site-packages/airflow/example_dags/example_branch_python_dop_operator_3.py for tasks to queue
[2024-09-28T02:50:44.365+0000] {logging_mixin.py:190} INFO - [2024-09-28T02:50:44.365+0000] {dagbag.py:588} INFO - Filling up the DagBag from /home/airflow/.local/lib/python3.12/site-packages/airflow/example_dags/example_branch_python_dop_operator_3.py
[2024-09-28T02:50:44.374+0000] {processor.py:925} INFO - DAG(s) 'example_branch_dop_operator_v3' retrieved from /home/airflow/.local/lib/python3.12/site-packages/airflow/example_dags/example_branch_python_dop_operator_3.py
[2024-09-28T02:50:44.395+0000] {logging_mixin.py:190} INFO - [2024-09-28T02:50:44.395+0000] {dag.py:3239} INFO - Sync 1 DAGs
[2024-09-28T02:50:44.421+0000] {logging_mixin.py:190} INFO - [2024-09-28T02:50:44.420+0000] {dag.py:4180} INFO - Setting next_dagrun for example_branch_dop_operator_v3 to 2024-09-28 02:49:00+00:00, run_after=2024-09-28 02:50:00+00:00
[2024-09-28T02:50:44.445+0000] {processor.py:208} INFO - Processing /home/airflow/.local/lib/python3.12/site-packages/airflow/example_dags/example_branch_python_dop_operator_3.py took 0.088 seconds
[2024-09-28T02:51:15.230+0000] {processor.py:186} INFO - Started process (PID=714) to work on /home/airflow/.local/lib/python3.12/site-packages/airflow/example_dags/example_branch_python_dop_operator_3.py
[2024-09-28T02:51:15.231+0000] {processor.py:914} INFO - Processing file /home/airflow/.local/lib/python3.12/site-packages/airflow/example_dags/example_branch_python_dop_operator_3.py for tasks to queue
[2024-09-28T02:51:15.234+0000] {logging_mixin.py:190} INFO - [2024-09-28T02:51:15.234+0000] {dagbag.py:588} INFO - Filling up the DagBag from /home/airflow/.local/lib/python3.12/site-packages/airflow/example_dags/example_branch_python_dop_operator_3.py
[2024-09-28T02:51:15.248+0000] {processor.py:925} INFO - DAG(s) 'example_branch_dop_operator_v3' retrieved from /home/airflow/.local/lib/python3.12/site-packages/airflow/example_dags/example_branch_python_dop_operator_3.py
[2024-09-28T02:51:15.275+0000] {logging_mixin.py:190} INFO - [2024-09-28T02:51:15.275+0000] {dag.py:3239} INFO - Sync 1 DAGs
[2024-09-28T02:51:15.313+0000] {logging_mixin.py:190} INFO - [2024-09-28T02:51:15.313+0000] {dag.py:4180} INFO - Setting next_dagrun for example_branch_dop_operator_v3 to 2024-09-28 02:50:00+00:00, run_after=2024-09-28 02:51:00+00:00
[2024-09-28T02:51:15.341+0000] {processor.py:208} INFO - Processing /home/airflow/.local/lib/python3.12/site-packages/airflow/example_dags/example_branch_python_dop_operator_3.py took 0.120 seconds
[2024-09-28T02:51:46.290+0000] {processor.py:186} INFO - Started process (PID=777) to work on /home/airflow/.local/lib/python3.12/site-packages/airflow/example_dags/example_branch_python_dop_operator_3.py
[2024-09-28T02:51:46.291+0000] {processor.py:914} INFO - Processing file /home/airflow/.local/lib/python3.12/site-packages/airflow/example_dags/example_branch_python_dop_operator_3.py for tasks to queue
[2024-09-28T02:51:46.296+0000] {logging_mixin.py:190} INFO - [2024-09-28T02:51:46.293+0000] {dagbag.py:588} INFO - Filling up the DagBag from /home/airflow/.local/lib/python3.12/site-packages/airflow/example_dags/example_branch_python_dop_operator_3.py
[2024-09-28T02:51:46.322+0000] {processor.py:925} INFO - DAG(s) 'example_branch_dop_operator_v3' retrieved from /home/airflow/.local/lib/python3.12/site-packages/airflow/example_dags/example_branch_python_dop_operator_3.py
[2024-09-28T02:51:46.374+0000] {logging_mixin.py:190} INFO - [2024-09-28T02:51:46.374+0000] {dag.py:3239} INFO - Sync 1 DAGs
[2024-09-28T02:51:46.403+0000] {logging_mixin.py:190} INFO - [2024-09-28T02:51:46.403+0000] {dag.py:4180} INFO - Setting next_dagrun for example_branch_dop_operator_v3 to 2024-09-28 02:50:00+00:00, run_after=2024-09-28 02:51:00+00:00
[2024-09-28T02:51:46.426+0000] {processor.py:208} INFO - Processing /home/airflow/.local/lib/python3.12/site-packages/airflow/example_dags/example_branch_python_dop_operator_3.py took 0.149 seconds
[2024-09-28T03:30:33.644+0000] {processor.py:186} INFO - Started process (PID=848) to work on /home/airflow/.local/lib/python3.12/site-packages/airflow/example_dags/example_branch_python_dop_operator_3.py
[2024-09-28T03:30:33.646+0000] {processor.py:914} INFO - Processing file /home/airflow/.local/lib/python3.12/site-packages/airflow/example_dags/example_branch_python_dop_operator_3.py for tasks to queue
[2024-09-28T03:30:33.648+0000] {logging_mixin.py:190} INFO - [2024-09-28T03:30:33.648+0000] {dagbag.py:588} INFO - Filling up the DagBag from /home/airflow/.local/lib/python3.12/site-packages/airflow/example_dags/example_branch_python_dop_operator_3.py
[2024-09-28T03:30:33.658+0000] {processor.py:925} INFO - DAG(s) 'example_branch_dop_operator_v3' retrieved from /home/airflow/.local/lib/python3.12/site-packages/airflow/example_dags/example_branch_python_dop_operator_3.py
[2024-09-28T03:30:33.680+0000] {logging_mixin.py:190} INFO - [2024-09-28T03:30:33.680+0000] {dag.py:3239} INFO - Sync 1 DAGs
[2024-09-28T03:30:33.710+0000] {logging_mixin.py:190} INFO - [2024-09-28T03:30:33.710+0000] {dag.py:4180} INFO - Setting next_dagrun for example_branch_dop_operator_v3 to 2024-09-28 03:29:00+00:00, run_after=2024-09-28 03:30:00+00:00
[2024-09-28T03:30:33.738+0000] {processor.py:208} INFO - Processing /home/airflow/.local/lib/python3.12/site-packages/airflow/example_dags/example_branch_python_dop_operator_3.py took 0.099 seconds
[2024-09-28T03:34:13.571+0000] {processor.py:186} INFO - Started process (PID=905) to work on /home/airflow/.local/lib/python3.12/site-packages/airflow/example_dags/example_branch_python_dop_operator_3.py
[2024-09-28T03:34:13.572+0000] {processor.py:914} INFO - Processing file /home/airflow/.local/lib/python3.12/site-packages/airflow/example_dags/example_branch_python_dop_operator_3.py for tasks to queue
[2024-09-28T03:34:13.574+0000] {logging_mixin.py:190} INFO - [2024-09-28T03:34:13.574+0000] {dagbag.py:588} INFO - Filling up the DagBag from /home/airflow/.local/lib/python3.12/site-packages/airflow/example_dags/example_branch_python_dop_operator_3.py
[2024-09-28T03:34:13.585+0000] {processor.py:925} INFO - DAG(s) 'example_branch_dop_operator_v3' retrieved from /home/airflow/.local/lib/python3.12/site-packages/airflow/example_dags/example_branch_python_dop_operator_3.py
[2024-09-28T03:34:13.608+0000] {logging_mixin.py:190} INFO - [2024-09-28T03:34:13.607+0000] {dag.py:3239} INFO - Sync 1 DAGs
[2024-09-28T03:34:13.643+0000] {logging_mixin.py:190} INFO - [2024-09-28T03:34:13.642+0000] {dag.py:4180} INFO - Setting next_dagrun for example_branch_dop_operator_v3 to 2024-09-28 03:33:00+00:00, run_after=2024-09-28 03:34:00+00:00
[2024-09-28T03:34:13.669+0000] {processor.py:208} INFO - Processing /home/airflow/.local/lib/python3.12/site-packages/airflow/example_dags/example_branch_python_dop_operator_3.py took 0.104 seconds
[2024-09-28T03:34:44.303+0000] {processor.py:186} INFO - Started process (PID=968) to work on /home/airflow/.local/lib/python3.12/site-packages/airflow/example_dags/example_branch_python_dop_operator_3.py
[2024-09-28T03:34:44.304+0000] {processor.py:914} INFO - Processing file /home/airflow/.local/lib/python3.12/site-packages/airflow/example_dags/example_branch_python_dop_operator_3.py for tasks to queue
[2024-09-28T03:34:44.306+0000] {logging_mixin.py:190} INFO - [2024-09-28T03:34:44.306+0000] {dagbag.py:588} INFO - Filling up the DagBag from /home/airflow/.local/lib/python3.12/site-packages/airflow/example_dags/example_branch_python_dop_operator_3.py
[2024-09-28T03:34:44.318+0000] {processor.py:925} INFO - DAG(s) 'example_branch_dop_operator_v3' retrieved from /home/airflow/.local/lib/python3.12/site-packages/airflow/example_dags/example_branch_python_dop_operator_3.py
[2024-09-28T03:34:44.340+0000] {logging_mixin.py:190} INFO - [2024-09-28T03:34:44.339+0000] {dag.py:3239} INFO - Sync 1 DAGs
[2024-09-28T03:34:44.370+0000] {logging_mixin.py:190} INFO - [2024-09-28T03:34:44.369+0000] {dag.py:4180} INFO - Setting next_dagrun for example_branch_dop_operator_v3 to 2024-09-28 03:33:00+00:00, run_after=2024-09-28 03:34:00+00:00
[2024-09-28T03:34:44.396+0000] {processor.py:208} INFO - Processing /home/airflow/.local/lib/python3.12/site-packages/airflow/example_dags/example_branch_python_dop_operator_3.py took 0.099 seconds
[2024-09-28T03:40:10.601+0000] {processor.py:186} INFO - Started process (PID=97) to work on /home/airflow/.local/lib/python3.12/site-packages/airflow/example_dags/example_branch_python_dop_operator_3.py
[2024-09-28T03:40:10.602+0000] {processor.py:914} INFO - Processing file /home/airflow/.local/lib/python3.12/site-packages/airflow/example_dags/example_branch_python_dop_operator_3.py for tasks to queue
[2024-09-28T03:40:10.606+0000] {logging_mixin.py:190} INFO - [2024-09-28T03:40:10.605+0000] {dagbag.py:588} INFO - Filling up the DagBag from /home/airflow/.local/lib/python3.12/site-packages/airflow/example_dags/example_branch_python_dop_operator_3.py
[2024-09-28T03:40:10.618+0000] {processor.py:925} INFO - DAG(s) 'example_branch_dop_operator_v3' retrieved from /home/airflow/.local/lib/python3.12/site-packages/airflow/example_dags/example_branch_python_dop_operator_3.py
[2024-09-28T03:40:10.650+0000] {logging_mixin.py:190} INFO - [2024-09-28T03:40:10.650+0000] {dag.py:3239} INFO - Sync 1 DAGs
[2024-09-28T03:40:10.682+0000] {logging_mixin.py:190} INFO - [2024-09-28T03:40:10.682+0000] {dag.py:4180} INFO - Setting next_dagrun for example_branch_dop_operator_v3 to 2024-09-28 03:39:00+00:00, run_after=2024-09-28 03:40:00+00:00
[2024-09-28T03:40:10.726+0000] {processor.py:208} INFO - Processing /home/airflow/.local/lib/python3.12/site-packages/airflow/example_dags/example_branch_python_dop_operator_3.py took 0.131 seconds
[2024-09-28T03:40:41.304+0000] {processor.py:186} INFO - Started process (PID=171) to work on /home/airflow/.local/lib/python3.12/site-packages/airflow/example_dags/example_branch_python_dop_operator_3.py
[2024-09-28T03:40:41.306+0000] {processor.py:914} INFO - Processing file /home/airflow/.local/lib/python3.12/site-packages/airflow/example_dags/example_branch_python_dop_operator_3.py for tasks to queue
[2024-09-28T03:40:41.308+0000] {logging_mixin.py:190} INFO - [2024-09-28T03:40:41.308+0000] {dagbag.py:588} INFO - Filling up the DagBag from /home/airflow/.local/lib/python3.12/site-packages/airflow/example_dags/example_branch_python_dop_operator_3.py
[2024-09-28T03:40:41.317+0000] {processor.py:925} INFO - DAG(s) 'example_branch_dop_operator_v3' retrieved from /home/airflow/.local/lib/python3.12/site-packages/airflow/example_dags/example_branch_python_dop_operator_3.py
[2024-09-28T03:40:41.337+0000] {logging_mixin.py:190} INFO - [2024-09-28T03:40:41.337+0000] {dag.py:3239} INFO - Sync 1 DAGs
[2024-09-28T03:40:41.363+0000] {logging_mixin.py:190} INFO - [2024-09-28T03:40:41.362+0000] {dag.py:4180} INFO - Setting next_dagrun for example_branch_dop_operator_v3 to 2024-09-28 03:39:00+00:00, run_after=2024-09-28 03:40:00+00:00
[2024-09-28T03:40:41.387+0000] {processor.py:208} INFO - Processing /home/airflow/.local/lib/python3.12/site-packages/airflow/example_dags/example_branch_python_dop_operator_3.py took 0.087 seconds
[2024-09-28T03:41:12.606+0000] {processor.py:186} INFO - Started process (PID=245) to work on /home/airflow/.local/lib/python3.12/site-packages/airflow/example_dags/example_branch_python_dop_operator_3.py
[2024-09-28T03:41:12.608+0000] {processor.py:914} INFO - Processing file /home/airflow/.local/lib/python3.12/site-packages/airflow/example_dags/example_branch_python_dop_operator_3.py for tasks to queue
[2024-09-28T03:41:12.612+0000] {logging_mixin.py:190} INFO - [2024-09-28T03:41:12.611+0000] {dagbag.py:588} INFO - Filling up the DagBag from /home/airflow/.local/lib/python3.12/site-packages/airflow/example_dags/example_branch_python_dop_operator_3.py
[2024-09-28T03:41:12.634+0000] {processor.py:925} INFO - DAG(s) 'example_branch_dop_operator_v3' retrieved from /home/airflow/.local/lib/python3.12/site-packages/airflow/example_dags/example_branch_python_dop_operator_3.py
[2024-09-28T03:41:12.676+0000] {logging_mixin.py:190} INFO - [2024-09-28T03:41:12.676+0000] {dag.py:3239} INFO - Sync 1 DAGs
[2024-09-28T03:41:12.732+0000] {logging_mixin.py:190} INFO - [2024-09-28T03:41:12.732+0000] {dag.py:4180} INFO - Setting next_dagrun for example_branch_dop_operator_v3 to 2024-09-28 03:40:00+00:00, run_after=2024-09-28 03:41:00+00:00
[2024-09-28T03:41:12.768+0000] {processor.py:208} INFO - Processing /home/airflow/.local/lib/python3.12/site-packages/airflow/example_dags/example_branch_python_dop_operator_3.py took 0.169 seconds
[2024-09-28T03:41:43.486+0000] {processor.py:186} INFO - Started process (PID=319) to work on /home/airflow/.local/lib/python3.12/site-packages/airflow/example_dags/example_branch_python_dop_operator_3.py
[2024-09-28T03:41:43.487+0000] {processor.py:914} INFO - Processing file /home/airflow/.local/lib/python3.12/site-packages/airflow/example_dags/example_branch_python_dop_operator_3.py for tasks to queue
[2024-09-28T03:41:43.490+0000] {logging_mixin.py:190} INFO - [2024-09-28T03:41:43.489+0000] {dagbag.py:588} INFO - Filling up the DagBag from /home/airflow/.local/lib/python3.12/site-packages/airflow/example_dags/example_branch_python_dop_operator_3.py
[2024-09-28T03:41:43.499+0000] {processor.py:925} INFO - DAG(s) 'example_branch_dop_operator_v3' retrieved from /home/airflow/.local/lib/python3.12/site-packages/airflow/example_dags/example_branch_python_dop_operator_3.py
[2024-09-28T03:41:43.520+0000] {logging_mixin.py:190} INFO - [2024-09-28T03:41:43.519+0000] {dag.py:3239} INFO - Sync 1 DAGs
[2024-09-28T03:41:43.547+0000] {logging_mixin.py:190} INFO - [2024-09-28T03:41:43.547+0000] {dag.py:4180} INFO - Setting next_dagrun for example_branch_dop_operator_v3 to 2024-09-28 03:40:00+00:00, run_after=2024-09-28 03:41:00+00:00
[2024-09-28T03:41:43.573+0000] {processor.py:208} INFO - Processing /home/airflow/.local/lib/python3.12/site-packages/airflow/example_dags/example_branch_python_dop_operator_3.py took 0.092 seconds
[2024-09-28T03:42:13.780+0000] {processor.py:186} INFO - Started process (PID=393) to work on /home/airflow/.local/lib/python3.12/site-packages/airflow/example_dags/example_branch_python_dop_operator_3.py
[2024-09-28T03:42:13.781+0000] {processor.py:914} INFO - Processing file /home/airflow/.local/lib/python3.12/site-packages/airflow/example_dags/example_branch_python_dop_operator_3.py for tasks to queue
[2024-09-28T03:42:13.783+0000] {logging_mixin.py:190} INFO - [2024-09-28T03:42:13.783+0000] {dagbag.py:588} INFO - Filling up the DagBag from /home/airflow/.local/lib/python3.12/site-packages/airflow/example_dags/example_branch_python_dop_operator_3.py
[2024-09-28T03:42:13.791+0000] {processor.py:925} INFO - DAG(s) 'example_branch_dop_operator_v3' retrieved from /home/airflow/.local/lib/python3.12/site-packages/airflow/example_dags/example_branch_python_dop_operator_3.py
[2024-09-28T03:42:13.811+0000] {logging_mixin.py:190} INFO - [2024-09-28T03:42:13.811+0000] {dag.py:3239} INFO - Sync 1 DAGs
[2024-09-28T03:42:13.837+0000] {logging_mixin.py:190} INFO - [2024-09-28T03:42:13.837+0000] {dag.py:4180} INFO - Setting next_dagrun for example_branch_dop_operator_v3 to 2024-09-28 03:41:00+00:00, run_after=2024-09-28 03:42:00+00:00
[2024-09-28T03:42:13.860+0000] {processor.py:208} INFO - Processing /home/airflow/.local/lib/python3.12/site-packages/airflow/example_dags/example_branch_python_dop_operator_3.py took 0.084 seconds
[2024-09-28T03:42:44.129+0000] {processor.py:186} INFO - Started process (PID=467) to work on /home/airflow/.local/lib/python3.12/site-packages/airflow/example_dags/example_branch_python_dop_operator_3.py
[2024-09-28T03:42:44.130+0000] {processor.py:914} INFO - Processing file /home/airflow/.local/lib/python3.12/site-packages/airflow/example_dags/example_branch_python_dop_operator_3.py for tasks to queue
[2024-09-28T03:42:44.133+0000] {logging_mixin.py:190} INFO - [2024-09-28T03:42:44.133+0000] {dagbag.py:588} INFO - Filling up the DagBag from /home/airflow/.local/lib/python3.12/site-packages/airflow/example_dags/example_branch_python_dop_operator_3.py
[2024-09-28T03:42:44.141+0000] {processor.py:925} INFO - DAG(s) 'example_branch_dop_operator_v3' retrieved from /home/airflow/.local/lib/python3.12/site-packages/airflow/example_dags/example_branch_python_dop_operator_3.py
[2024-09-28T03:42:44.165+0000] {logging_mixin.py:190} INFO - [2024-09-28T03:42:44.165+0000] {dag.py:3239} INFO - Sync 1 DAGs
[2024-09-28T03:42:44.195+0000] {logging_mixin.py:190} INFO - [2024-09-28T03:42:44.195+0000] {dag.py:4180} INFO - Setting next_dagrun for example_branch_dop_operator_v3 to 2024-09-28 03:41:00+00:00, run_after=2024-09-28 03:42:00+00:00
[2024-09-28T03:42:44.219+0000] {processor.py:208} INFO - Processing /home/airflow/.local/lib/python3.12/site-packages/airflow/example_dags/example_branch_python_dop_operator_3.py took 0.094 seconds
[2024-09-28T03:43:14.867+0000] {processor.py:186} INFO - Started process (PID=541) to work on /home/airflow/.local/lib/python3.12/site-packages/airflow/example_dags/example_branch_python_dop_operator_3.py
[2024-09-28T03:43:14.868+0000] {processor.py:914} INFO - Processing file /home/airflow/.local/lib/python3.12/site-packages/airflow/example_dags/example_branch_python_dop_operator_3.py for tasks to queue
[2024-09-28T03:43:14.871+0000] {logging_mixin.py:190} INFO - [2024-09-28T03:43:14.871+0000] {dagbag.py:588} INFO - Filling up the DagBag from /home/airflow/.local/lib/python3.12/site-packages/airflow/example_dags/example_branch_python_dop_operator_3.py
[2024-09-28T03:43:14.945+0000] {processor.py:925} INFO - DAG(s) 'example_branch_dop_operator_v3' retrieved from /home/airflow/.local/lib/python3.12/site-packages/airflow/example_dags/example_branch_python_dop_operator_3.py
[2024-09-28T03:43:14.968+0000] {logging_mixin.py:190} INFO - [2024-09-28T03:43:14.968+0000] {dag.py:3239} INFO - Sync 1 DAGs
[2024-09-28T03:43:14.998+0000] {logging_mixin.py:190} INFO - [2024-09-28T03:43:14.998+0000] {dag.py:4180} INFO - Setting next_dagrun for example_branch_dop_operator_v3 to 2024-09-28 03:42:00+00:00, run_after=2024-09-28 03:43:00+00:00
[2024-09-28T03:43:15.026+0000] {processor.py:208} INFO - Processing /home/airflow/.local/lib/python3.12/site-packages/airflow/example_dags/example_branch_python_dop_operator_3.py took 0.164 seconds
[2024-09-28T03:43:45.200+0000] {processor.py:186} INFO - Started process (PID=615) to work on /home/airflow/.local/lib/python3.12/site-packages/airflow/example_dags/example_branch_python_dop_operator_3.py
[2024-09-28T03:43:45.201+0000] {processor.py:914} INFO - Processing file /home/airflow/.local/lib/python3.12/site-packages/airflow/example_dags/example_branch_python_dop_operator_3.py for tasks to queue
[2024-09-28T03:43:45.203+0000] {logging_mixin.py:190} INFO - [2024-09-28T03:43:45.203+0000] {dagbag.py:588} INFO - Filling up the DagBag from /home/airflow/.local/lib/python3.12/site-packages/airflow/example_dags/example_branch_python_dop_operator_3.py
[2024-09-28T03:43:45.211+0000] {processor.py:925} INFO - DAG(s) 'example_branch_dop_operator_v3' retrieved from /home/airflow/.local/lib/python3.12/site-packages/airflow/example_dags/example_branch_python_dop_operator_3.py
[2024-09-28T03:43:45.230+0000] {logging_mixin.py:190} INFO - [2024-09-28T03:43:45.230+0000] {dag.py:3239} INFO - Sync 1 DAGs
[2024-09-28T03:43:45.253+0000] {logging_mixin.py:190} INFO - [2024-09-28T03:43:45.253+0000] {dag.py:4180} INFO - Setting next_dagrun for example_branch_dop_operator_v3 to 2024-09-28 03:42:00+00:00, run_after=2024-09-28 03:43:00+00:00
[2024-09-28T03:43:45.277+0000] {processor.py:208} INFO - Processing /home/airflow/.local/lib/python3.12/site-packages/airflow/example_dags/example_branch_python_dop_operator_3.py took 0.081 seconds
[2024-09-28T03:44:15.774+0000] {processor.py:186} INFO - Started process (PID=689) to work on /home/airflow/.local/lib/python3.12/site-packages/airflow/example_dags/example_branch_python_dop_operator_3.py
[2024-09-28T03:44:15.775+0000] {processor.py:914} INFO - Processing file /home/airflow/.local/lib/python3.12/site-packages/airflow/example_dags/example_branch_python_dop_operator_3.py for tasks to queue
[2024-09-28T03:44:15.778+0000] {logging_mixin.py:190} INFO - [2024-09-28T03:44:15.777+0000] {dagbag.py:588} INFO - Filling up the DagBag from /home/airflow/.local/lib/python3.12/site-packages/airflow/example_dags/example_branch_python_dop_operator_3.py
[2024-09-28T03:44:15.786+0000] {processor.py:925} INFO - DAG(s) 'example_branch_dop_operator_v3' retrieved from /home/airflow/.local/lib/python3.12/site-packages/airflow/example_dags/example_branch_python_dop_operator_3.py
[2024-09-28T03:44:15.802+0000] {logging_mixin.py:190} INFO - [2024-09-28T03:44:15.802+0000] {dag.py:3239} INFO - Sync 1 DAGs
[2024-09-28T03:44:15.825+0000] {logging_mixin.py:190} INFO - [2024-09-28T03:44:15.825+0000] {dag.py:4180} INFO - Setting next_dagrun for example_branch_dop_operator_v3 to 2024-09-28 03:43:00+00:00, run_after=2024-09-28 03:44:00+00:00
[2024-09-28T03:44:15.846+0000] {processor.py:208} INFO - Processing /home/airflow/.local/lib/python3.12/site-packages/airflow/example_dags/example_branch_python_dop_operator_3.py took 0.077 seconds
[2024-09-28T03:44:46.138+0000] {processor.py:186} INFO - Started process (PID=763) to work on /home/airflow/.local/lib/python3.12/site-packages/airflow/example_dags/example_branch_python_dop_operator_3.py
[2024-09-28T03:44:46.139+0000] {processor.py:914} INFO - Processing file /home/airflow/.local/lib/python3.12/site-packages/airflow/example_dags/example_branch_python_dop_operator_3.py for tasks to queue
[2024-09-28T03:44:46.142+0000] {logging_mixin.py:190} INFO - [2024-09-28T03:44:46.142+0000] {dagbag.py:588} INFO - Filling up the DagBag from /home/airflow/.local/lib/python3.12/site-packages/airflow/example_dags/example_branch_python_dop_operator_3.py
[2024-09-28T03:44:46.151+0000] {processor.py:925} INFO - DAG(s) 'example_branch_dop_operator_v3' retrieved from /home/airflow/.local/lib/python3.12/site-packages/airflow/example_dags/example_branch_python_dop_operator_3.py
[2024-09-28T03:44:46.171+0000] {logging_mixin.py:190} INFO - [2024-09-28T03:44:46.171+0000] {dag.py:3239} INFO - Sync 1 DAGs
[2024-09-28T03:44:46.196+0000] {logging_mixin.py:190} INFO - [2024-09-28T03:44:46.195+0000] {dag.py:4180} INFO - Setting next_dagrun for example_branch_dop_operator_v3 to 2024-09-28 03:43:00+00:00, run_after=2024-09-28 03:44:00+00:00
[2024-09-28T03:44:46.218+0000] {processor.py:208} INFO - Processing /home/airflow/.local/lib/python3.12/site-packages/airflow/example_dags/example_branch_python_dop_operator_3.py took 0.084 seconds
[2024-09-28T03:45:17.210+0000] {processor.py:186} INFO - Started process (PID=837) to work on /home/airflow/.local/lib/python3.12/site-packages/airflow/example_dags/example_branch_python_dop_operator_3.py
[2024-09-28T03:45:17.211+0000] {processor.py:914} INFO - Processing file /home/airflow/.local/lib/python3.12/site-packages/airflow/example_dags/example_branch_python_dop_operator_3.py for tasks to queue
[2024-09-28T03:45:17.222+0000] {logging_mixin.py:190} INFO - [2024-09-28T03:45:17.222+0000] {dagbag.py:588} INFO - Filling up the DagBag from /home/airflow/.local/lib/python3.12/site-packages/airflow/example_dags/example_branch_python_dop_operator_3.py
[2024-09-28T03:45:17.233+0000] {processor.py:925} INFO - DAG(s) 'example_branch_dop_operator_v3' retrieved from /home/airflow/.local/lib/python3.12/site-packages/airflow/example_dags/example_branch_python_dop_operator_3.py
[2024-09-28T03:45:17.255+0000] {logging_mixin.py:190} INFO - [2024-09-28T03:45:17.255+0000] {dag.py:3239} INFO - Sync 1 DAGs
[2024-09-28T03:45:17.282+0000] {logging_mixin.py:190} INFO - [2024-09-28T03:45:17.282+0000] {dag.py:4180} INFO - Setting next_dagrun for example_branch_dop_operator_v3 to 2024-09-28 03:44:00+00:00, run_after=2024-09-28 03:45:00+00:00
[2024-09-28T03:45:17.303+0000] {processor.py:208} INFO - Processing /home/airflow/.local/lib/python3.12/site-packages/airflow/example_dags/example_branch_python_dop_operator_3.py took 0.098 seconds
[2024-09-28T03:45:47.608+0000] {processor.py:186} INFO - Started process (PID=912) to work on /home/airflow/.local/lib/python3.12/site-packages/airflow/example_dags/example_branch_python_dop_operator_3.py
[2024-09-28T03:45:47.609+0000] {processor.py:914} INFO - Processing file /home/airflow/.local/lib/python3.12/site-packages/airflow/example_dags/example_branch_python_dop_operator_3.py for tasks to queue
[2024-09-28T03:45:47.612+0000] {logging_mixin.py:190} INFO - [2024-09-28T03:45:47.611+0000] {dagbag.py:588} INFO - Filling up the DagBag from /home/airflow/.local/lib/python3.12/site-packages/airflow/example_dags/example_branch_python_dop_operator_3.py
[2024-09-28T03:45:47.621+0000] {processor.py:925} INFO - DAG(s) 'example_branch_dop_operator_v3' retrieved from /home/airflow/.local/lib/python3.12/site-packages/airflow/example_dags/example_branch_python_dop_operator_3.py
[2024-09-28T03:45:47.642+0000] {logging_mixin.py:190} INFO - [2024-09-28T03:45:47.642+0000] {dag.py:3239} INFO - Sync 1 DAGs
[2024-09-28T03:45:47.668+0000] {logging_mixin.py:190} INFO - [2024-09-28T03:45:47.668+0000] {dag.py:4180} INFO - Setting next_dagrun for example_branch_dop_operator_v3 to 2024-09-28 03:44:00+00:00, run_after=2024-09-28 03:45:00+00:00
[2024-09-28T03:45:47.694+0000] {processor.py:208} INFO - Processing /home/airflow/.local/lib/python3.12/site-packages/airflow/example_dags/example_branch_python_dop_operator_3.py took 0.091 seconds
[2024-09-28T03:46:18.515+0000] {processor.py:186} INFO - Started process (PID=986) to work on /home/airflow/.local/lib/python3.12/site-packages/airflow/example_dags/example_branch_python_dop_operator_3.py
[2024-09-28T03:46:18.516+0000] {processor.py:914} INFO - Processing file /home/airflow/.local/lib/python3.12/site-packages/airflow/example_dags/example_branch_python_dop_operator_3.py for tasks to queue
[2024-09-28T03:46:18.518+0000] {logging_mixin.py:190} INFO - [2024-09-28T03:46:18.518+0000] {dagbag.py:588} INFO - Filling up the DagBag from /home/airflow/.local/lib/python3.12/site-packages/airflow/example_dags/example_branch_python_dop_operator_3.py
[2024-09-28T03:46:18.526+0000] {processor.py:925} INFO - DAG(s) 'example_branch_dop_operator_v3' retrieved from /home/airflow/.local/lib/python3.12/site-packages/airflow/example_dags/example_branch_python_dop_operator_3.py
[2024-09-28T03:46:18.545+0000] {logging_mixin.py:190} INFO - [2024-09-28T03:46:18.545+0000] {dag.py:3239} INFO - Sync 1 DAGs
[2024-09-28T03:46:18.570+0000] {logging_mixin.py:190} INFO - [2024-09-28T03:46:18.570+0000] {dag.py:4180} INFO - Setting next_dagrun for example_branch_dop_operator_v3 to 2024-09-28 03:45:00+00:00, run_after=2024-09-28 03:46:00+00:00
[2024-09-28T03:46:18.595+0000] {processor.py:208} INFO - Processing /home/airflow/.local/lib/python3.12/site-packages/airflow/example_dags/example_branch_python_dop_operator_3.py took 0.085 seconds
[2024-09-28T03:46:48.871+0000] {processor.py:186} INFO - Started process (PID=1060) to work on /home/airflow/.local/lib/python3.12/site-packages/airflow/example_dags/example_branch_python_dop_operator_3.py
[2024-09-28T03:46:48.872+0000] {processor.py:914} INFO - Processing file /home/airflow/.local/lib/python3.12/site-packages/airflow/example_dags/example_branch_python_dop_operator_3.py for tasks to queue
[2024-09-28T03:46:48.876+0000] {logging_mixin.py:190} INFO - [2024-09-28T03:46:48.875+0000] {dagbag.py:588} INFO - Filling up the DagBag from /home/airflow/.local/lib/python3.12/site-packages/airflow/example_dags/example_branch_python_dop_operator_3.py
[2024-09-28T03:46:48.887+0000] {processor.py:925} INFO - DAG(s) 'example_branch_dop_operator_v3' retrieved from /home/airflow/.local/lib/python3.12/site-packages/airflow/example_dags/example_branch_python_dop_operator_3.py
[2024-09-28T03:46:48.913+0000] {logging_mixin.py:190} INFO - [2024-09-28T03:46:48.912+0000] {dag.py:3239} INFO - Sync 1 DAGs
[2024-09-28T03:46:48.948+0000] {logging_mixin.py:190} INFO - [2024-09-28T03:46:48.947+0000] {dag.py:4180} INFO - Setting next_dagrun for example_branch_dop_operator_v3 to 2024-09-28 03:45:00+00:00, run_after=2024-09-28 03:46:00+00:00
[2024-09-28T03:46:48.975+0000] {processor.py:208} INFO - Processing /home/airflow/.local/lib/python3.12/site-packages/airflow/example_dags/example_branch_python_dop_operator_3.py took 0.110 seconds
[2024-09-28T03:47:19.263+0000] {processor.py:186} INFO - Started process (PID=1134) to work on /home/airflow/.local/lib/python3.12/site-packages/airflow/example_dags/example_branch_python_dop_operator_3.py
[2024-09-28T03:47:19.265+0000] {processor.py:914} INFO - Processing file /home/airflow/.local/lib/python3.12/site-packages/airflow/example_dags/example_branch_python_dop_operator_3.py for tasks to queue
[2024-09-28T03:47:19.269+0000] {logging_mixin.py:190} INFO - [2024-09-28T03:47:19.268+0000] {dagbag.py:588} INFO - Filling up the DagBag from /home/airflow/.local/lib/python3.12/site-packages/airflow/example_dags/example_branch_python_dop_operator_3.py
[2024-09-28T03:47:19.281+0000] {processor.py:925} INFO - DAG(s) 'example_branch_dop_operator_v3' retrieved from /home/airflow/.local/lib/python3.12/site-packages/airflow/example_dags/example_branch_python_dop_operator_3.py
[2024-09-28T03:47:19.309+0000] {logging_mixin.py:190} INFO - [2024-09-28T03:47:19.309+0000] {dag.py:3239} INFO - Sync 1 DAGs
[2024-09-28T03:47:19.348+0000] {logging_mixin.py:190} INFO - [2024-09-28T03:47:19.348+0000] {dag.py:4180} INFO - Setting next_dagrun for example_branch_dop_operator_v3 to 2024-09-28 03:46:00+00:00, run_after=2024-09-28 03:47:00+00:00
[2024-09-28T03:47:19.381+0000] {processor.py:208} INFO - Processing /home/airflow/.local/lib/python3.12/site-packages/airflow/example_dags/example_branch_python_dop_operator_3.py took 0.125 seconds
[2024-09-28T03:47:49.712+0000] {processor.py:186} INFO - Started process (PID=1208) to work on /home/airflow/.local/lib/python3.12/site-packages/airflow/example_dags/example_branch_python_dop_operator_3.py
[2024-09-28T03:47:49.714+0000] {processor.py:914} INFO - Processing file /home/airflow/.local/lib/python3.12/site-packages/airflow/example_dags/example_branch_python_dop_operator_3.py for tasks to queue
[2024-09-28T03:47:49.717+0000] {logging_mixin.py:190} INFO - [2024-09-28T03:47:49.717+0000] {dagbag.py:588} INFO - Filling up the DagBag from /home/airflow/.local/lib/python3.12/site-packages/airflow/example_dags/example_branch_python_dop_operator_3.py
[2024-09-28T03:47:49.728+0000] {processor.py:925} INFO - DAG(s) 'example_branch_dop_operator_v3' retrieved from /home/airflow/.local/lib/python3.12/site-packages/airflow/example_dags/example_branch_python_dop_operator_3.py
[2024-09-28T03:47:49.754+0000] {logging_mixin.py:190} INFO - [2024-09-28T03:47:49.753+0000] {dag.py:3239} INFO - Sync 1 DAGs
[2024-09-28T03:47:49.786+0000] {logging_mixin.py:190} INFO - [2024-09-28T03:47:49.786+0000] {dag.py:4180} INFO - Setting next_dagrun for example_branch_dop_operator_v3 to 2024-09-28 03:46:00+00:00, run_after=2024-09-28 03:47:00+00:00
[2024-09-28T03:47:49.813+0000] {processor.py:208} INFO - Processing /home/airflow/.local/lib/python3.12/site-packages/airflow/example_dags/example_branch_python_dop_operator_3.py took 0.108 seconds
[2024-09-28T03:48:20.046+0000] {processor.py:186} INFO - Started process (PID=1282) to work on /home/airflow/.local/lib/python3.12/site-packages/airflow/example_dags/example_branch_python_dop_operator_3.py
[2024-09-28T03:48:20.048+0000] {processor.py:914} INFO - Processing file /home/airflow/.local/lib/python3.12/site-packages/airflow/example_dags/example_branch_python_dop_operator_3.py for tasks to queue
[2024-09-28T03:48:20.051+0000] {logging_mixin.py:190} INFO - [2024-09-28T03:48:20.050+0000] {dagbag.py:588} INFO - Filling up the DagBag from /home/airflow/.local/lib/python3.12/site-packages/airflow/example_dags/example_branch_python_dop_operator_3.py
[2024-09-28T03:48:20.062+0000] {processor.py:925} INFO - DAG(s) 'example_branch_dop_operator_v3' retrieved from /home/airflow/.local/lib/python3.12/site-packages/airflow/example_dags/example_branch_python_dop_operator_3.py
[2024-09-28T03:48:20.085+0000] {logging_mixin.py:190} INFO - [2024-09-28T03:48:20.084+0000] {dag.py:3239} INFO - Sync 1 DAGs
[2024-09-28T03:48:20.118+0000] {logging_mixin.py:190} INFO - [2024-09-28T03:48:20.117+0000] {dag.py:4180} INFO - Setting next_dagrun for example_branch_dop_operator_v3 to 2024-09-28 03:47:00+00:00, run_after=2024-09-28 03:48:00+00:00
[2024-09-28T03:48:20.150+0000] {processor.py:208} INFO - Processing /home/airflow/.local/lib/python3.12/site-packages/airflow/example_dags/example_branch_python_dop_operator_3.py took 0.109 seconds
[2024-09-28T03:48:50.911+0000] {processor.py:186} INFO - Started process (PID=1356) to work on /home/airflow/.local/lib/python3.12/site-packages/airflow/example_dags/example_branch_python_dop_operator_3.py
[2024-09-28T03:48:50.912+0000] {processor.py:914} INFO - Processing file /home/airflow/.local/lib/python3.12/site-packages/airflow/example_dags/example_branch_python_dop_operator_3.py for tasks to queue
[2024-09-28T03:48:50.916+0000] {logging_mixin.py:190} INFO - [2024-09-28T03:48:50.916+0000] {dagbag.py:588} INFO - Filling up the DagBag from /home/airflow/.local/lib/python3.12/site-packages/airflow/example_dags/example_branch_python_dop_operator_3.py
[2024-09-28T03:48:50.928+0000] {processor.py:925} INFO - DAG(s) 'example_branch_dop_operator_v3' retrieved from /home/airflow/.local/lib/python3.12/site-packages/airflow/example_dags/example_branch_python_dop_operator_3.py
[2024-09-28T03:48:50.951+0000] {logging_mixin.py:190} INFO - [2024-09-28T03:48:50.951+0000] {dag.py:3239} INFO - Sync 1 DAGs
[2024-09-28T03:48:50.983+0000] {logging_mixin.py:190} INFO - [2024-09-28T03:48:50.983+0000] {dag.py:4180} INFO - Setting next_dagrun for example_branch_dop_operator_v3 to 2024-09-28 03:47:00+00:00, run_after=2024-09-28 03:48:00+00:00
[2024-09-28T03:48:51.014+0000] {processor.py:208} INFO - Processing /home/airflow/.local/lib/python3.12/site-packages/airflow/example_dags/example_branch_python_dop_operator_3.py took 0.109 seconds
[2024-09-28T03:49:21.575+0000] {processor.py:186} INFO - Started process (PID=1430) to work on /home/airflow/.local/lib/python3.12/site-packages/airflow/example_dags/example_branch_python_dop_operator_3.py
[2024-09-28T03:49:21.577+0000] {processor.py:914} INFO - Processing file /home/airflow/.local/lib/python3.12/site-packages/airflow/example_dags/example_branch_python_dop_operator_3.py for tasks to queue
[2024-09-28T03:49:21.580+0000] {logging_mixin.py:190} INFO - [2024-09-28T03:49:21.579+0000] {dagbag.py:588} INFO - Filling up the DagBag from /home/airflow/.local/lib/python3.12/site-packages/airflow/example_dags/example_branch_python_dop_operator_3.py
[2024-09-28T03:49:21.595+0000] {processor.py:925} INFO - DAG(s) 'example_branch_dop_operator_v3' retrieved from /home/airflow/.local/lib/python3.12/site-packages/airflow/example_dags/example_branch_python_dop_operator_3.py
[2024-09-28T03:49:21.621+0000] {logging_mixin.py:190} INFO - [2024-09-28T03:49:21.620+0000] {dag.py:3239} INFO - Sync 1 DAGs
[2024-09-28T03:49:21.653+0000] {logging_mixin.py:190} INFO - [2024-09-28T03:49:21.653+0000] {dag.py:4180} INFO - Setting next_dagrun for example_branch_dop_operator_v3 to 2024-09-28 03:48:00+00:00, run_after=2024-09-28 03:49:00+00:00
[2024-09-28T03:49:21.683+0000] {processor.py:208} INFO - Processing /home/airflow/.local/lib/python3.12/site-packages/airflow/example_dags/example_branch_python_dop_operator_3.py took 0.115 seconds
[2024-09-28T03:49:52.823+0000] {processor.py:186} INFO - Started process (PID=1504) to work on /home/airflow/.local/lib/python3.12/site-packages/airflow/example_dags/example_branch_python_dop_operator_3.py
[2024-09-28T03:49:52.824+0000] {processor.py:914} INFO - Processing file /home/airflow/.local/lib/python3.12/site-packages/airflow/example_dags/example_branch_python_dop_operator_3.py for tasks to queue
[2024-09-28T03:49:52.827+0000] {logging_mixin.py:190} INFO - [2024-09-28T03:49:52.827+0000] {dagbag.py:588} INFO - Filling up the DagBag from /home/airflow/.local/lib/python3.12/site-packages/airflow/example_dags/example_branch_python_dop_operator_3.py
[2024-09-28T03:49:52.839+0000] {processor.py:925} INFO - DAG(s) 'example_branch_dop_operator_v3' retrieved from /home/airflow/.local/lib/python3.12/site-packages/airflow/example_dags/example_branch_python_dop_operator_3.py
[2024-09-28T03:49:52.864+0000] {logging_mixin.py:190} INFO - [2024-09-28T03:49:52.864+0000] {dag.py:3239} INFO - Sync 1 DAGs
[2024-09-28T03:49:52.897+0000] {logging_mixin.py:190} INFO - [2024-09-28T03:49:52.897+0000] {dag.py:4180} INFO - Setting next_dagrun for example_branch_dop_operator_v3 to 2024-09-28 03:48:00+00:00, run_after=2024-09-28 03:49:00+00:00
[2024-09-28T03:49:52.924+0000] {processor.py:208} INFO - Processing /home/airflow/.local/lib/python3.12/site-packages/airflow/example_dags/example_branch_python_dop_operator_3.py took 0.108 seconds
[2024-09-28T03:50:23.106+0000] {processor.py:186} INFO - Started process (PID=1578) to work on /home/airflow/.local/lib/python3.12/site-packages/airflow/example_dags/example_branch_python_dop_operator_3.py
[2024-09-28T03:50:23.107+0000] {processor.py:914} INFO - Processing file /home/airflow/.local/lib/python3.12/site-packages/airflow/example_dags/example_branch_python_dop_operator_3.py for tasks to queue
[2024-09-28T03:50:23.109+0000] {logging_mixin.py:190} INFO - [2024-09-28T03:50:23.109+0000] {dagbag.py:588} INFO - Filling up the DagBag from /home/airflow/.local/lib/python3.12/site-packages/airflow/example_dags/example_branch_python_dop_operator_3.py
[2024-09-28T03:50:23.118+0000] {processor.py:925} INFO - DAG(s) 'example_branch_dop_operator_v3' retrieved from /home/airflow/.local/lib/python3.12/site-packages/airflow/example_dags/example_branch_python_dop_operator_3.py
[2024-09-28T03:50:23.139+0000] {logging_mixin.py:190} INFO - [2024-09-28T03:50:23.139+0000] {dag.py:3239} INFO - Sync 1 DAGs
[2024-09-28T03:50:23.164+0000] {logging_mixin.py:190} INFO - [2024-09-28T03:50:23.164+0000] {dag.py:4180} INFO - Setting next_dagrun for example_branch_dop_operator_v3 to 2024-09-28 03:49:00+00:00, run_after=2024-09-28 03:50:00+00:00
[2024-09-28T03:50:23.189+0000] {processor.py:208} INFO - Processing /home/airflow/.local/lib/python3.12/site-packages/airflow/example_dags/example_branch_python_dop_operator_3.py took 0.088 seconds
[2024-09-28T03:53:34.791+0000] {processor.py:186} INFO - Started process (PID=95) to work on /home/airflow/.local/lib/python3.12/site-packages/airflow/example_dags/example_branch_python_dop_operator_3.py
[2024-09-28T03:53:34.793+0000] {processor.py:914} INFO - Processing file /home/airflow/.local/lib/python3.12/site-packages/airflow/example_dags/example_branch_python_dop_operator_3.py for tasks to queue
[2024-09-28T03:53:34.795+0000] {logging_mixin.py:190} INFO - [2024-09-28T03:53:34.795+0000] {dagbag.py:588} INFO - Filling up the DagBag from /home/airflow/.local/lib/python3.12/site-packages/airflow/example_dags/example_branch_python_dop_operator_3.py
[2024-09-28T03:53:34.807+0000] {processor.py:925} INFO - DAG(s) 'example_branch_dop_operator_v3' retrieved from /home/airflow/.local/lib/python3.12/site-packages/airflow/example_dags/example_branch_python_dop_operator_3.py
[2024-09-28T03:53:34.831+0000] {logging_mixin.py:190} INFO - [2024-09-28T03:53:34.831+0000] {dag.py:3239} INFO - Sync 1 DAGs
[2024-09-28T03:53:34.888+0000] {logging_mixin.py:190} INFO - [2024-09-28T03:53:34.887+0000] {dag.py:4180} INFO - Setting next_dagrun for example_branch_dop_operator_v3 to 2024-09-28 03:52:00+00:00, run_after=2024-09-28 03:53:00+00:00
[2024-09-28T03:53:34.925+0000] {processor.py:208} INFO - Processing /home/airflow/.local/lib/python3.12/site-packages/airflow/example_dags/example_branch_python_dop_operator_3.py took 0.140 seconds
[2024-09-28T03:54:05.830+0000] {processor.py:186} INFO - Started process (PID=170) to work on /home/airflow/.local/lib/python3.12/site-packages/airflow/example_dags/example_branch_python_dop_operator_3.py
[2024-09-28T03:54:05.832+0000] {processor.py:914} INFO - Processing file /home/airflow/.local/lib/python3.12/site-packages/airflow/example_dags/example_branch_python_dop_operator_3.py for tasks to queue
[2024-09-28T03:54:05.836+0000] {logging_mixin.py:190} INFO - [2024-09-28T03:54:05.836+0000] {dagbag.py:588} INFO - Filling up the DagBag from /home/airflow/.local/lib/python3.12/site-packages/airflow/example_dags/example_branch_python_dop_operator_3.py
[2024-09-28T03:54:05.849+0000] {processor.py:925} INFO - DAG(s) 'example_branch_dop_operator_v3' retrieved from /home/airflow/.local/lib/python3.12/site-packages/airflow/example_dags/example_branch_python_dop_operator_3.py
[2024-09-28T03:54:05.876+0000] {logging_mixin.py:190} INFO - [2024-09-28T03:54:05.875+0000] {dag.py:3239} INFO - Sync 1 DAGs
[2024-09-28T03:54:05.910+0000] {logging_mixin.py:190} INFO - [2024-09-28T03:54:05.910+0000] {dag.py:4180} INFO - Setting next_dagrun for example_branch_dop_operator_v3 to 2024-09-28 03:53:00+00:00, run_after=2024-09-28 03:54:00+00:00
[2024-09-28T03:54:05.944+0000] {processor.py:208} INFO - Processing /home/airflow/.local/lib/python3.12/site-packages/airflow/example_dags/example_branch_python_dop_operator_3.py took 0.120 seconds
[2024-09-28T03:54:36.643+0000] {processor.py:186} INFO - Started process (PID=244) to work on /home/airflow/.local/lib/python3.12/site-packages/airflow/example_dags/example_branch_python_dop_operator_3.py
[2024-09-28T03:54:36.644+0000] {processor.py:914} INFO - Processing file /home/airflow/.local/lib/python3.12/site-packages/airflow/example_dags/example_branch_python_dop_operator_3.py for tasks to queue
[2024-09-28T03:54:36.646+0000] {logging_mixin.py:190} INFO - [2024-09-28T03:54:36.646+0000] {dagbag.py:588} INFO - Filling up the DagBag from /home/airflow/.local/lib/python3.12/site-packages/airflow/example_dags/example_branch_python_dop_operator_3.py
[2024-09-28T03:54:36.659+0000] {processor.py:925} INFO - DAG(s) 'example_branch_dop_operator_v3' retrieved from /home/airflow/.local/lib/python3.12/site-packages/airflow/example_dags/example_branch_python_dop_operator_3.py
[2024-09-28T03:54:36.679+0000] {logging_mixin.py:190} INFO - [2024-09-28T03:54:36.679+0000] {dag.py:3239} INFO - Sync 1 DAGs
[2024-09-28T03:54:36.708+0000] {logging_mixin.py:190} INFO - [2024-09-28T03:54:36.707+0000] {dag.py:4180} INFO - Setting next_dagrun for example_branch_dop_operator_v3 to 2024-09-28 03:53:00+00:00, run_after=2024-09-28 03:54:00+00:00
[2024-09-28T03:54:36.732+0000] {processor.py:208} INFO - Processing /home/airflow/.local/lib/python3.12/site-packages/airflow/example_dags/example_branch_python_dop_operator_3.py took 0.095 seconds
[2024-09-28T03:55:07.560+0000] {processor.py:186} INFO - Started process (PID=318) to work on /home/airflow/.local/lib/python3.12/site-packages/airflow/example_dags/example_branch_python_dop_operator_3.py
[2024-09-28T03:55:07.561+0000] {processor.py:914} INFO - Processing file /home/airflow/.local/lib/python3.12/site-packages/airflow/example_dags/example_branch_python_dop_operator_3.py for tasks to queue
[2024-09-28T03:55:07.565+0000] {logging_mixin.py:190} INFO - [2024-09-28T03:55:07.564+0000] {dagbag.py:588} INFO - Filling up the DagBag from /home/airflow/.local/lib/python3.12/site-packages/airflow/example_dags/example_branch_python_dop_operator_3.py
[2024-09-28T03:55:07.579+0000] {processor.py:925} INFO - DAG(s) 'example_branch_dop_operator_v3' retrieved from /home/airflow/.local/lib/python3.12/site-packages/airflow/example_dags/example_branch_python_dop_operator_3.py
[2024-09-28T03:55:07.614+0000] {logging_mixin.py:190} INFO - [2024-09-28T03:55:07.613+0000] {dag.py:3239} INFO - Sync 1 DAGs
[2024-09-28T03:55:07.652+0000] {logging_mixin.py:190} INFO - [2024-09-28T03:55:07.652+0000] {dag.py:4180} INFO - Setting next_dagrun for example_branch_dop_operator_v3 to 2024-09-28 03:54:00+00:00, run_after=2024-09-28 03:55:00+00:00
[2024-09-28T03:55:07.684+0000] {processor.py:208} INFO - Processing /home/airflow/.local/lib/python3.12/site-packages/airflow/example_dags/example_branch_python_dop_operator_3.py took 0.137 seconds
[2024-09-28T03:55:38.429+0000] {processor.py:186} INFO - Started process (PID=405) to work on /home/airflow/.local/lib/python3.12/site-packages/airflow/example_dags/example_branch_python_dop_operator_3.py
[2024-09-28T03:55:38.430+0000] {processor.py:914} INFO - Processing file /home/airflow/.local/lib/python3.12/site-packages/airflow/example_dags/example_branch_python_dop_operator_3.py for tasks to queue
[2024-09-28T03:55:38.433+0000] {logging_mixin.py:190} INFO - [2024-09-28T03:55:38.433+0000] {dagbag.py:588} INFO - Filling up the DagBag from /home/airflow/.local/lib/python3.12/site-packages/airflow/example_dags/example_branch_python_dop_operator_3.py
[2024-09-28T03:55:38.441+0000] {processor.py:925} INFO - DAG(s) 'example_branch_dop_operator_v3' retrieved from /home/airflow/.local/lib/python3.12/site-packages/airflow/example_dags/example_branch_python_dop_operator_3.py
[2024-09-28T03:55:38.460+0000] {logging_mixin.py:190} INFO - [2024-09-28T03:55:38.460+0000] {dag.py:3239} INFO - Sync 1 DAGs
[2024-09-28T03:55:38.486+0000] {logging_mixin.py:190} INFO - [2024-09-28T03:55:38.486+0000] {dag.py:4180} INFO - Setting next_dagrun for example_branch_dop_operator_v3 to 2024-09-28 03:54:00+00:00, run_after=2024-09-28 03:55:00+00:00
[2024-09-28T03:55:38.508+0000] {processor.py:208} INFO - Processing /home/airflow/.local/lib/python3.12/site-packages/airflow/example_dags/example_branch_python_dop_operator_3.py took 0.083 seconds
[2024-09-28T03:56:09.268+0000] {processor.py:186} INFO - Started process (PID=589) to work on /home/airflow/.local/lib/python3.12/site-packages/airflow/example_dags/example_branch_python_dop_operator_3.py
[2024-09-28T03:56:09.269+0000] {processor.py:914} INFO - Processing file /home/airflow/.local/lib/python3.12/site-packages/airflow/example_dags/example_branch_python_dop_operator_3.py for tasks to queue
[2024-09-28T03:56:09.272+0000] {logging_mixin.py:190} INFO - [2024-09-28T03:56:09.271+0000] {dagbag.py:588} INFO - Filling up the DagBag from /home/airflow/.local/lib/python3.12/site-packages/airflow/example_dags/example_branch_python_dop_operator_3.py
[2024-09-28T03:56:09.281+0000] {processor.py:925} INFO - DAG(s) 'example_branch_dop_operator_v3' retrieved from /home/airflow/.local/lib/python3.12/site-packages/airflow/example_dags/example_branch_python_dop_operator_3.py
[2024-09-28T03:56:09.302+0000] {logging_mixin.py:190} INFO - [2024-09-28T03:56:09.302+0000] {dag.py:3239} INFO - Sync 1 DAGs
[2024-09-28T03:56:09.327+0000] {logging_mixin.py:190} INFO - [2024-09-28T03:56:09.327+0000] {dag.py:4180} INFO - Setting next_dagrun for example_branch_dop_operator_v3 to 2024-09-28 03:55:00+00:00, run_after=2024-09-28 03:56:00+00:00
[2024-09-28T03:56:09.351+0000] {processor.py:208} INFO - Processing /home/airflow/.local/lib/python3.12/site-packages/airflow/example_dags/example_branch_python_dop_operator_3.py took 0.089 seconds
[2024-09-28T03:56:40.144+0000] {processor.py:186} INFO - Started process (PID=654) to work on /home/airflow/.local/lib/python3.12/site-packages/airflow/example_dags/example_branch_python_dop_operator_3.py
[2024-09-28T03:56:40.145+0000] {processor.py:914} INFO - Processing file /home/airflow/.local/lib/python3.12/site-packages/airflow/example_dags/example_branch_python_dop_operator_3.py for tasks to queue
[2024-09-28T03:56:40.149+0000] {logging_mixin.py:190} INFO - [2024-09-28T03:56:40.148+0000] {dagbag.py:588} INFO - Filling up the DagBag from /home/airflow/.local/lib/python3.12/site-packages/airflow/example_dags/example_branch_python_dop_operator_3.py
[2024-09-28T03:56:40.159+0000] {processor.py:925} INFO - DAG(s) 'example_branch_dop_operator_v3' retrieved from /home/airflow/.local/lib/python3.12/site-packages/airflow/example_dags/example_branch_python_dop_operator_3.py
[2024-09-28T03:56:40.181+0000] {logging_mixin.py:190} INFO - [2024-09-28T03:56:40.181+0000] {dag.py:3239} INFO - Sync 1 DAGs
[2024-09-28T03:56:40.210+0000] {logging_mixin.py:190} INFO - [2024-09-28T03:56:40.210+0000] {dag.py:4180} INFO - Setting next_dagrun for example_branch_dop_operator_v3 to 2024-09-28 03:55:00+00:00, run_after=2024-09-28 03:56:00+00:00
[2024-09-28T03:56:40.236+0000] {processor.py:208} INFO - Processing /home/airflow/.local/lib/python3.12/site-packages/airflow/example_dags/example_branch_python_dop_operator_3.py took 0.099 seconds
[2024-09-28T04:03:07.496+0000] {processor.py:186} INFO - Started process (PID=85) to work on /home/airflow/.local/lib/python3.12/site-packages/airflow/example_dags/example_branch_python_dop_operator_3.py
[2024-09-28T04:03:07.497+0000] {processor.py:914} INFO - Processing file /home/airflow/.local/lib/python3.12/site-packages/airflow/example_dags/example_branch_python_dop_operator_3.py for tasks to queue
[2024-09-28T04:03:07.501+0000] {logging_mixin.py:190} INFO - [2024-09-28T04:03:07.501+0000] {dagbag.py:588} INFO - Filling up the DagBag from /home/airflow/.local/lib/python3.12/site-packages/airflow/example_dags/example_branch_python_dop_operator_3.py
[2024-09-28T04:03:07.516+0000] {processor.py:925} INFO - DAG(s) 'example_branch_dop_operator_v3' retrieved from /home/airflow/.local/lib/python3.12/site-packages/airflow/example_dags/example_branch_python_dop_operator_3.py
[2024-09-28T04:03:07.548+0000] {logging_mixin.py:190} INFO - [2024-09-28T04:03:07.548+0000] {dag.py:3239} INFO - Sync 1 DAGs
[2024-09-28T04:03:07.597+0000] {logging_mixin.py:190} INFO - [2024-09-28T04:03:07.596+0000] {dag.py:4180} INFO - Setting next_dagrun for example_branch_dop_operator_v3 to 2024-09-28 04:02:00+00:00, run_after=2024-09-28 04:03:00+00:00
[2024-09-28T04:03:07.628+0000] {processor.py:208} INFO - Processing /home/airflow/.local/lib/python3.12/site-packages/airflow/example_dags/example_branch_python_dop_operator_3.py took 0.138 seconds
[2024-09-28T04:03:38.232+0000] {processor.py:186} INFO - Started process (PID=148) to work on /home/airflow/.local/lib/python3.12/site-packages/airflow/example_dags/example_branch_python_dop_operator_3.py
[2024-09-28T04:03:38.235+0000] {processor.py:914} INFO - Processing file /home/airflow/.local/lib/python3.12/site-packages/airflow/example_dags/example_branch_python_dop_operator_3.py for tasks to queue
[2024-09-28T04:03:38.240+0000] {logging_mixin.py:190} INFO - [2024-09-28T04:03:38.239+0000] {dagbag.py:588} INFO - Filling up the DagBag from /home/airflow/.local/lib/python3.12/site-packages/airflow/example_dags/example_branch_python_dop_operator_3.py
[2024-09-28T04:03:38.262+0000] {processor.py:925} INFO - DAG(s) 'example_branch_dop_operator_v3' retrieved from /home/airflow/.local/lib/python3.12/site-packages/airflow/example_dags/example_branch_python_dop_operator_3.py
[2024-09-28T04:03:38.289+0000] {logging_mixin.py:190} INFO - [2024-09-28T04:03:38.288+0000] {dag.py:3239} INFO - Sync 1 DAGs
[2024-09-28T04:03:38.336+0000] {logging_mixin.py:190} INFO - [2024-09-28T04:03:38.335+0000] {dag.py:4180} INFO - Setting next_dagrun for example_branch_dop_operator_v3 to 2024-09-28 04:02:00+00:00, run_after=2024-09-28 04:03:00+00:00
[2024-09-28T04:03:38.383+0000] {processor.py:208} INFO - Processing /home/airflow/.local/lib/python3.12/site-packages/airflow/example_dags/example_branch_python_dop_operator_3.py took 0.159 seconds
[2024-09-28T04:04:09.774+0000] {processor.py:186} INFO - Started process (PID=211) to work on /home/airflow/.local/lib/python3.12/site-packages/airflow/example_dags/example_branch_python_dop_operator_3.py
[2024-09-28T04:04:09.805+0000] {processor.py:914} INFO - Processing file /home/airflow/.local/lib/python3.12/site-packages/airflow/example_dags/example_branch_python_dop_operator_3.py for tasks to queue
[2024-09-28T04:04:09.809+0000] {logging_mixin.py:190} INFO - [2024-09-28T04:04:09.808+0000] {dagbag.py:588} INFO - Filling up the DagBag from /home/airflow/.local/lib/python3.12/site-packages/airflow/example_dags/example_branch_python_dop_operator_3.py
[2024-09-28T04:04:09.819+0000] {processor.py:925} INFO - DAG(s) 'example_branch_dop_operator_v3' retrieved from /home/airflow/.local/lib/python3.12/site-packages/airflow/example_dags/example_branch_python_dop_operator_3.py
[2024-09-28T04:04:09.837+0000] {logging_mixin.py:190} INFO - [2024-09-28T04:04:09.837+0000] {dag.py:3239} INFO - Sync 1 DAGs
[2024-09-28T04:04:09.862+0000] {logging_mixin.py:190} INFO - [2024-09-28T04:04:09.862+0000] {dag.py:4180} INFO - Setting next_dagrun for example_branch_dop_operator_v3 to 2024-09-28 04:03:00+00:00, run_after=2024-09-28 04:04:00+00:00
[2024-09-28T04:04:10.091+0000] {processor.py:208} INFO - Processing /home/airflow/.local/lib/python3.12/site-packages/airflow/example_dags/example_branch_python_dop_operator_3.py took 0.322 seconds
[2024-09-28T04:04:40.363+0000] {processor.py:186} INFO - Started process (PID=274) to work on /home/airflow/.local/lib/python3.12/site-packages/airflow/example_dags/example_branch_python_dop_operator_3.py
[2024-09-28T04:04:40.364+0000] {processor.py:914} INFO - Processing file /home/airflow/.local/lib/python3.12/site-packages/airflow/example_dags/example_branch_python_dop_operator_3.py for tasks to queue
[2024-09-28T04:04:40.366+0000] {logging_mixin.py:190} INFO - [2024-09-28T04:04:40.366+0000] {dagbag.py:588} INFO - Filling up the DagBag from /home/airflow/.local/lib/python3.12/site-packages/airflow/example_dags/example_branch_python_dop_operator_3.py
[2024-09-28T04:04:40.375+0000] {processor.py:925} INFO - DAG(s) 'example_branch_dop_operator_v3' retrieved from /home/airflow/.local/lib/python3.12/site-packages/airflow/example_dags/example_branch_python_dop_operator_3.py
[2024-09-28T04:04:40.394+0000] {logging_mixin.py:190} INFO - [2024-09-28T04:04:40.394+0000] {dag.py:3239} INFO - Sync 1 DAGs
[2024-09-28T04:04:40.419+0000] {logging_mixin.py:190} INFO - [2024-09-28T04:04:40.419+0000] {dag.py:4180} INFO - Setting next_dagrun for example_branch_dop_operator_v3 to 2024-09-28 04:03:00+00:00, run_after=2024-09-28 04:04:00+00:00
[2024-09-28T04:04:40.444+0000] {processor.py:208} INFO - Processing /home/airflow/.local/lib/python3.12/site-packages/airflow/example_dags/example_branch_python_dop_operator_3.py took 0.086 seconds
[2024-09-28T04:05:10.738+0000] {processor.py:186} INFO - Started process (PID=360) to work on /home/airflow/.local/lib/python3.12/site-packages/airflow/example_dags/example_branch_python_dop_operator_3.py
[2024-09-28T04:05:10.739+0000] {processor.py:914} INFO - Processing file /home/airflow/.local/lib/python3.12/site-packages/airflow/example_dags/example_branch_python_dop_operator_3.py for tasks to queue
[2024-09-28T04:05:10.741+0000] {logging_mixin.py:190} INFO - [2024-09-28T04:05:10.741+0000] {dagbag.py:588} INFO - Filling up the DagBag from /home/airflow/.local/lib/python3.12/site-packages/airflow/example_dags/example_branch_python_dop_operator_3.py
[2024-09-28T04:05:10.749+0000] {processor.py:925} INFO - DAG(s) 'example_branch_dop_operator_v3' retrieved from /home/airflow/.local/lib/python3.12/site-packages/airflow/example_dags/example_branch_python_dop_operator_3.py
[2024-09-28T04:05:10.769+0000] {logging_mixin.py:190} INFO - [2024-09-28T04:05:10.769+0000] {dag.py:3239} INFO - Sync 1 DAGs
[2024-09-28T04:05:10.796+0000] {logging_mixin.py:190} INFO - [2024-09-28T04:05:10.796+0000] {dag.py:4180} INFO - Setting next_dagrun for example_branch_dop_operator_v3 to 2024-09-28 04:04:00+00:00, run_after=2024-09-28 04:05:00+00:00
[2024-09-28T04:05:10.820+0000] {processor.py:208} INFO - Processing /home/airflow/.local/lib/python3.12/site-packages/airflow/example_dags/example_branch_python_dop_operator_3.py took 0.087 seconds
[2024-09-28T04:05:51.677+0000] {processor.py:186} INFO - Started process (PID=83) to work on /home/airflow/.local/lib/python3.12/site-packages/airflow/example_dags/example_branch_python_dop_operator_3.py
[2024-09-28T04:05:51.678+0000] {processor.py:914} INFO - Processing file /home/airflow/.local/lib/python3.12/site-packages/airflow/example_dags/example_branch_python_dop_operator_3.py for tasks to queue
[2024-09-28T04:05:51.681+0000] {logging_mixin.py:190} INFO - [2024-09-28T04:05:51.680+0000] {dagbag.py:588} INFO - Filling up the DagBag from /home/airflow/.local/lib/python3.12/site-packages/airflow/example_dags/example_branch_python_dop_operator_3.py
[2024-09-28T04:05:51.691+0000] {processor.py:925} INFO - DAG(s) 'example_branch_dop_operator_v3' retrieved from /home/airflow/.local/lib/python3.12/site-packages/airflow/example_dags/example_branch_python_dop_operator_3.py
[2024-09-28T04:05:51.716+0000] {logging_mixin.py:190} INFO - [2024-09-28T04:05:51.716+0000] {dag.py:3239} INFO - Sync 1 DAGs
[2024-09-28T04:05:51.749+0000] {logging_mixin.py:190} INFO - [2024-09-28T04:05:51.748+0000] {dag.py:4180} INFO - Setting next_dagrun for example_branch_dop_operator_v3 to 2024-09-28 04:04:00+00:00, run_after=2024-09-28 04:05:00+00:00
[2024-09-28T04:05:51.776+0000] {processor.py:208} INFO - Processing /home/airflow/.local/lib/python3.12/site-packages/airflow/example_dags/example_branch_python_dop_operator_3.py took 0.104 seconds
[2024-09-28T04:06:22.002+0000] {processor.py:186} INFO - Started process (PID=157) to work on /home/airflow/.local/lib/python3.12/site-packages/airflow/example_dags/example_branch_python_dop_operator_3.py
[2024-09-28T04:06:22.004+0000] {processor.py:914} INFO - Processing file /home/airflow/.local/lib/python3.12/site-packages/airflow/example_dags/example_branch_python_dop_operator_3.py for tasks to queue
[2024-09-28T04:06:22.006+0000] {logging_mixin.py:190} INFO - [2024-09-28T04:06:22.006+0000] {dagbag.py:588} INFO - Filling up the DagBag from /home/airflow/.local/lib/python3.12/site-packages/airflow/example_dags/example_branch_python_dop_operator_3.py
[2024-09-28T04:06:22.015+0000] {processor.py:925} INFO - DAG(s) 'example_branch_dop_operator_v3' retrieved from /home/airflow/.local/lib/python3.12/site-packages/airflow/example_dags/example_branch_python_dop_operator_3.py
[2024-09-28T04:06:22.036+0000] {logging_mixin.py:190} INFO - [2024-09-28T04:06:22.035+0000] {dag.py:3239} INFO - Sync 1 DAGs
[2024-09-28T04:06:22.063+0000] {logging_mixin.py:190} INFO - [2024-09-28T04:06:22.063+0000] {dag.py:4180} INFO - Setting next_dagrun for example_branch_dop_operator_v3 to 2024-09-28 04:05:00+00:00, run_after=2024-09-28 04:06:00+00:00
[2024-09-28T04:06:22.090+0000] {processor.py:208} INFO - Processing /home/airflow/.local/lib/python3.12/site-packages/airflow/example_dags/example_branch_python_dop_operator_3.py took 0.093 seconds
[2024-09-28T04:06:52.478+0000] {processor.py:186} INFO - Started process (PID=231) to work on /home/airflow/.local/lib/python3.12/site-packages/airflow/example_dags/example_branch_python_dop_operator_3.py
[2024-09-28T04:06:52.480+0000] {processor.py:914} INFO - Processing file /home/airflow/.local/lib/python3.12/site-packages/airflow/example_dags/example_branch_python_dop_operator_3.py for tasks to queue
[2024-09-28T04:06:52.483+0000] {logging_mixin.py:190} INFO - [2024-09-28T04:06:52.482+0000] {dagbag.py:588} INFO - Filling up the DagBag from /home/airflow/.local/lib/python3.12/site-packages/airflow/example_dags/example_branch_python_dop_operator_3.py
[2024-09-28T04:06:52.500+0000] {processor.py:925} INFO - DAG(s) 'example_branch_dop_operator_v3' retrieved from /home/airflow/.local/lib/python3.12/site-packages/airflow/example_dags/example_branch_python_dop_operator_3.py
[2024-09-28T04:06:52.531+0000] {logging_mixin.py:190} INFO - [2024-09-28T04:06:52.531+0000] {dag.py:3239} INFO - Sync 1 DAGs
[2024-09-28T04:06:52.563+0000] {logging_mixin.py:190} INFO - [2024-09-28T04:06:52.563+0000] {dag.py:4180} INFO - Setting next_dagrun for example_branch_dop_operator_v3 to 2024-09-28 04:05:00+00:00, run_after=2024-09-28 04:06:00+00:00
[2024-09-28T04:06:52.592+0000] {processor.py:208} INFO - Processing /home/airflow/.local/lib/python3.12/site-packages/airflow/example_dags/example_branch_python_dop_operator_3.py took 0.121 seconds
[2024-09-28T04:07:23.657+0000] {processor.py:186} INFO - Started process (PID=311) to work on /home/airflow/.local/lib/python3.12/site-packages/airflow/example_dags/example_branch_python_dop_operator_3.py
[2024-09-28T04:07:23.658+0000] {processor.py:914} INFO - Processing file /home/airflow/.local/lib/python3.12/site-packages/airflow/example_dags/example_branch_python_dop_operator_3.py for tasks to queue
[2024-09-28T04:07:23.661+0000] {logging_mixin.py:190} INFO - [2024-09-28T04:07:23.660+0000] {dagbag.py:588} INFO - Filling up the DagBag from /home/airflow/.local/lib/python3.12/site-packages/airflow/example_dags/example_branch_python_dop_operator_3.py
[2024-09-28T04:07:23.670+0000] {processor.py:925} INFO - DAG(s) 'example_branch_dop_operator_v3' retrieved from /home/airflow/.local/lib/python3.12/site-packages/airflow/example_dags/example_branch_python_dop_operator_3.py
[2024-09-28T04:07:23.692+0000] {logging_mixin.py:190} INFO - [2024-09-28T04:07:23.691+0000] {dag.py:3239} INFO - Sync 1 DAGs
[2024-09-28T04:07:23.721+0000] {logging_mixin.py:190} INFO - [2024-09-28T04:07:23.721+0000] {dag.py:4180} INFO - Setting next_dagrun for example_branch_dop_operator_v3 to 2024-09-28 04:06:00+00:00, run_after=2024-09-28 04:07:00+00:00
[2024-09-28T04:07:23.746+0000] {processor.py:208} INFO - Processing /home/airflow/.local/lib/python3.12/site-packages/airflow/example_dags/example_branch_python_dop_operator_3.py took 0.095 seconds
[2024-09-28T04:07:54.883+0000] {processor.py:186} INFO - Started process (PID=385) to work on /home/airflow/.local/lib/python3.12/site-packages/airflow/example_dags/example_branch_python_dop_operator_3.py
[2024-09-28T04:07:54.885+0000] {processor.py:914} INFO - Processing file /home/airflow/.local/lib/python3.12/site-packages/airflow/example_dags/example_branch_python_dop_operator_3.py for tasks to queue
[2024-09-28T04:07:54.887+0000] {logging_mixin.py:190} INFO - [2024-09-28T04:07:54.887+0000] {dagbag.py:588} INFO - Filling up the DagBag from /home/airflow/.local/lib/python3.12/site-packages/airflow/example_dags/example_branch_python_dop_operator_3.py
[2024-09-28T04:07:54.895+0000] {processor.py:925} INFO - DAG(s) 'example_branch_dop_operator_v3' retrieved from /home/airflow/.local/lib/python3.12/site-packages/airflow/example_dags/example_branch_python_dop_operator_3.py
[2024-09-28T04:07:54.914+0000] {logging_mixin.py:190} INFO - [2024-09-28T04:07:54.914+0000] {dag.py:3239} INFO - Sync 1 DAGs
[2024-09-28T04:07:54.939+0000] {logging_mixin.py:190} INFO - [2024-09-28T04:07:54.938+0000] {dag.py:4180} INFO - Setting next_dagrun for example_branch_dop_operator_v3 to 2024-09-28 04:06:00+00:00, run_after=2024-09-28 04:07:00+00:00
[2024-09-28T04:07:54.962+0000] {processor.py:208} INFO - Processing /home/airflow/.local/lib/python3.12/site-packages/airflow/example_dags/example_branch_python_dop_operator_3.py took 0.083 seconds
