[2024-09-28T02:19:00.757+0000] {processor.py:186} INFO - Started process (PID=84) to work on /home/airflow/.local/lib/python3.12/site-packages/airflow/example_dags/example_bash_operator.py
[2024-09-28T02:19:00.758+0000] {processor.py:914} INFO - Processing file /home/airflow/.local/lib/python3.12/site-packages/airflow/example_dags/example_bash_operator.py for tasks to queue
[2024-09-28T02:19:00.762+0000] {logging_mixin.py:190} INFO - [2024-09-28T02:19:00.761+0000] {dagbag.py:588} INFO - Filling up the DagBag from /home/airflow/.local/lib/python3.12/site-packages/airflow/example_dags/example_bash_operator.py
[2024-09-28T02:19:00.781+0000] {processor.py:925} INFO - DAG(s) 'example_bash_operator' retrieved from /home/airflow/.local/lib/python3.12/site-packages/airflow/example_dags/example_bash_operator.py
[2024-09-28T02:19:00.830+0000] {logging_mixin.py:190} INFO - [2024-09-28T02:19:00.829+0000] {dag.py:3239} INFO - Sync 1 DAGs
[2024-09-28T02:19:00.868+0000] {logging_mixin.py:190} INFO - [2024-09-28T02:19:00.867+0000] {dag.py:4180} INFO - Setting next_dagrun for example_bash_operator to 2024-09-27 00:00:00+00:00, run_after=2024-09-28 00:00:00+00:00
[2024-09-28T02:19:00.908+0000] {processor.py:208} INFO - Processing /home/airflow/.local/lib/python3.12/site-packages/airflow/example_dags/example_bash_operator.py took 0.158 seconds
[2024-09-28T02:19:31.741+0000] {processor.py:186} INFO - Started process (PID=147) to work on /home/airflow/.local/lib/python3.12/site-packages/airflow/example_dags/example_bash_operator.py
[2024-09-28T02:19:31.743+0000] {processor.py:914} INFO - Processing file /home/airflow/.local/lib/python3.12/site-packages/airflow/example_dags/example_bash_operator.py for tasks to queue
[2024-09-28T02:19:31.746+0000] {logging_mixin.py:190} INFO - [2024-09-28T02:19:31.746+0000] {dagbag.py:588} INFO - Filling up the DagBag from /home/airflow/.local/lib/python3.12/site-packages/airflow/example_dags/example_bash_operator.py
[2024-09-28T02:19:31.764+0000] {processor.py:925} INFO - DAG(s) 'example_bash_operator' retrieved from /home/airflow/.local/lib/python3.12/site-packages/airflow/example_dags/example_bash_operator.py
[2024-09-28T02:19:31.806+0000] {logging_mixin.py:190} INFO - [2024-09-28T02:19:31.805+0000] {dag.py:3239} INFO - Sync 1 DAGs
[2024-09-28T02:19:31.848+0000] {logging_mixin.py:190} INFO - [2024-09-28T02:19:31.847+0000] {dag.py:4180} INFO - Setting next_dagrun for example_bash_operator to 2024-09-27 00:00:00+00:00, run_after=2024-09-28 00:00:00+00:00
[2024-09-28T02:19:31.878+0000] {processor.py:208} INFO - Processing /home/airflow/.local/lib/python3.12/site-packages/airflow/example_dags/example_bash_operator.py took 0.143 seconds
[2024-09-28T02:20:02.781+0000] {processor.py:186} INFO - Started process (PID=210) to work on /home/airflow/.local/lib/python3.12/site-packages/airflow/example_dags/example_bash_operator.py
[2024-09-28T02:20:02.782+0000] {processor.py:914} INFO - Processing file /home/airflow/.local/lib/python3.12/site-packages/airflow/example_dags/example_bash_operator.py for tasks to queue
[2024-09-28T02:20:02.785+0000] {logging_mixin.py:190} INFO - [2024-09-28T02:20:02.784+0000] {dagbag.py:588} INFO - Filling up the DagBag from /home/airflow/.local/lib/python3.12/site-packages/airflow/example_dags/example_bash_operator.py
[2024-09-28T02:20:02.795+0000] {processor.py:925} INFO - DAG(s) 'example_bash_operator' retrieved from /home/airflow/.local/lib/python3.12/site-packages/airflow/example_dags/example_bash_operator.py
[2024-09-28T02:20:02.822+0000] {logging_mixin.py:190} INFO - [2024-09-28T02:20:02.822+0000] {dag.py:3239} INFO - Sync 1 DAGs
[2024-09-28T02:20:02.846+0000] {logging_mixin.py:190} INFO - [2024-09-28T02:20:02.845+0000] {dag.py:4180} INFO - Setting next_dagrun for example_bash_operator to 2024-09-27 00:00:00+00:00, run_after=2024-09-28 00:00:00+00:00
[2024-09-28T02:20:02.867+0000] {processor.py:208} INFO - Processing /home/airflow/.local/lib/python3.12/site-packages/airflow/example_dags/example_bash_operator.py took 0.091 seconds
[2024-09-28T02:20:33.166+0000] {processor.py:186} INFO - Started process (PID=273) to work on /home/airflow/.local/lib/python3.12/site-packages/airflow/example_dags/example_bash_operator.py
[2024-09-28T02:20:33.167+0000] {processor.py:914} INFO - Processing file /home/airflow/.local/lib/python3.12/site-packages/airflow/example_dags/example_bash_operator.py for tasks to queue
[2024-09-28T02:20:33.170+0000] {logging_mixin.py:190} INFO - [2024-09-28T02:20:33.169+0000] {dagbag.py:588} INFO - Filling up the DagBag from /home/airflow/.local/lib/python3.12/site-packages/airflow/example_dags/example_bash_operator.py
[2024-09-28T02:20:33.183+0000] {processor.py:925} INFO - DAG(s) 'example_bash_operator' retrieved from /home/airflow/.local/lib/python3.12/site-packages/airflow/example_dags/example_bash_operator.py
[2024-09-28T02:20:33.213+0000] {logging_mixin.py:190} INFO - [2024-09-28T02:20:33.213+0000] {dag.py:3239} INFO - Sync 1 DAGs
[2024-09-28T02:20:33.241+0000] {logging_mixin.py:190} INFO - [2024-09-28T02:20:33.240+0000] {dag.py:4180} INFO - Setting next_dagrun for example_bash_operator to 2024-09-27 00:00:00+00:00, run_after=2024-09-28 00:00:00+00:00
[2024-09-28T02:20:33.267+0000] {processor.py:208} INFO - Processing /home/airflow/.local/lib/python3.12/site-packages/airflow/example_dags/example_bash_operator.py took 0.107 seconds
[2024-09-28T02:21:03.828+0000] {processor.py:186} INFO - Started process (PID=336) to work on /home/airflow/.local/lib/python3.12/site-packages/airflow/example_dags/example_bash_operator.py
[2024-09-28T02:21:03.831+0000] {processor.py:914} INFO - Processing file /home/airflow/.local/lib/python3.12/site-packages/airflow/example_dags/example_bash_operator.py for tasks to queue
[2024-09-28T02:21:03.835+0000] {logging_mixin.py:190} INFO - [2024-09-28T02:21:03.835+0000] {dagbag.py:588} INFO - Filling up the DagBag from /home/airflow/.local/lib/python3.12/site-packages/airflow/example_dags/example_bash_operator.py
[2024-09-28T02:21:03.857+0000] {processor.py:925} INFO - DAG(s) 'example_bash_operator' retrieved from /home/airflow/.local/lib/python3.12/site-packages/airflow/example_dags/example_bash_operator.py
[2024-09-28T02:21:03.893+0000] {logging_mixin.py:190} INFO - [2024-09-28T02:21:03.893+0000] {dag.py:3239} INFO - Sync 1 DAGs
[2024-09-28T02:21:03.944+0000] {logging_mixin.py:190} INFO - [2024-09-28T02:21:03.943+0000] {dag.py:4180} INFO - Setting next_dagrun for example_bash_operator to 2024-09-27 00:00:00+00:00, run_after=2024-09-28 00:00:00+00:00
[2024-09-28T02:21:03.979+0000] {processor.py:208} INFO - Processing /home/airflow/.local/lib/python3.12/site-packages/airflow/example_dags/example_bash_operator.py took 0.158 seconds
[2024-09-28T02:21:34.847+0000] {processor.py:186} INFO - Started process (PID=399) to work on /home/airflow/.local/lib/python3.12/site-packages/airflow/example_dags/example_bash_operator.py
[2024-09-28T02:21:34.848+0000] {processor.py:914} INFO - Processing file /home/airflow/.local/lib/python3.12/site-packages/airflow/example_dags/example_bash_operator.py for tasks to queue
[2024-09-28T02:21:34.852+0000] {logging_mixin.py:190} INFO - [2024-09-28T02:21:34.851+0000] {dagbag.py:588} INFO - Filling up the DagBag from /home/airflow/.local/lib/python3.12/site-packages/airflow/example_dags/example_bash_operator.py
[2024-09-28T02:21:34.867+0000] {processor.py:925} INFO - DAG(s) 'example_bash_operator' retrieved from /home/airflow/.local/lib/python3.12/site-packages/airflow/example_dags/example_bash_operator.py
[2024-09-28T02:21:34.907+0000] {logging_mixin.py:190} INFO - [2024-09-28T02:21:34.906+0000] {dag.py:3239} INFO - Sync 1 DAGs
[2024-09-28T02:21:34.941+0000] {logging_mixin.py:190} INFO - [2024-09-28T02:21:34.940+0000] {dag.py:4180} INFO - Setting next_dagrun for example_bash_operator to 2024-09-27 00:00:00+00:00, run_after=2024-09-28 00:00:00+00:00
[2024-09-28T02:21:34.973+0000] {processor.py:208} INFO - Processing /home/airflow/.local/lib/python3.12/site-packages/airflow/example_dags/example_bash_operator.py took 0.133 seconds
[2024-09-28T02:22:05.800+0000] {processor.py:186} INFO - Started process (PID=462) to work on /home/airflow/.local/lib/python3.12/site-packages/airflow/example_dags/example_bash_operator.py
[2024-09-28T02:22:05.801+0000] {processor.py:914} INFO - Processing file /home/airflow/.local/lib/python3.12/site-packages/airflow/example_dags/example_bash_operator.py for tasks to queue
[2024-09-28T02:22:05.803+0000] {logging_mixin.py:190} INFO - [2024-09-28T02:22:05.803+0000] {dagbag.py:588} INFO - Filling up the DagBag from /home/airflow/.local/lib/python3.12/site-packages/airflow/example_dags/example_bash_operator.py
[2024-09-28T02:22:05.814+0000] {processor.py:925} INFO - DAG(s) 'example_bash_operator' retrieved from /home/airflow/.local/lib/python3.12/site-packages/airflow/example_dags/example_bash_operator.py
[2024-09-28T02:22:05.841+0000] {logging_mixin.py:190} INFO - [2024-09-28T02:22:05.840+0000] {dag.py:3239} INFO - Sync 1 DAGs
[2024-09-28T02:22:05.864+0000] {logging_mixin.py:190} INFO - [2024-09-28T02:22:05.864+0000] {dag.py:4180} INFO - Setting next_dagrun for example_bash_operator to 2024-09-27 00:00:00+00:00, run_after=2024-09-28 00:00:00+00:00
[2024-09-28T02:22:05.888+0000] {processor.py:208} INFO - Processing /home/airflow/.local/lib/python3.12/site-packages/airflow/example_dags/example_bash_operator.py took 0.092 seconds
[2024-09-28T02:22:36.135+0000] {processor.py:186} INFO - Started process (PID=525) to work on /home/airflow/.local/lib/python3.12/site-packages/airflow/example_dags/example_bash_operator.py
[2024-09-28T02:22:36.137+0000] {processor.py:914} INFO - Processing file /home/airflow/.local/lib/python3.12/site-packages/airflow/example_dags/example_bash_operator.py for tasks to queue
[2024-09-28T02:22:36.140+0000] {logging_mixin.py:190} INFO - [2024-09-28T02:22:36.139+0000] {dagbag.py:588} INFO - Filling up the DagBag from /home/airflow/.local/lib/python3.12/site-packages/airflow/example_dags/example_bash_operator.py
[2024-09-28T02:22:36.151+0000] {processor.py:925} INFO - DAG(s) 'example_bash_operator' retrieved from /home/airflow/.local/lib/python3.12/site-packages/airflow/example_dags/example_bash_operator.py
[2024-09-28T02:22:36.178+0000] {logging_mixin.py:190} INFO - [2024-09-28T02:22:36.178+0000] {dag.py:3239} INFO - Sync 1 DAGs
[2024-09-28T02:22:36.205+0000] {logging_mixin.py:190} INFO - [2024-09-28T02:22:36.205+0000] {dag.py:4180} INFO - Setting next_dagrun for example_bash_operator to 2024-09-27 00:00:00+00:00, run_after=2024-09-28 00:00:00+00:00
[2024-09-28T02:22:36.229+0000] {processor.py:208} INFO - Processing /home/airflow/.local/lib/python3.12/site-packages/airflow/example_dags/example_bash_operator.py took 0.098 seconds
[2024-09-28T02:23:07.107+0000] {processor.py:186} INFO - Started process (PID=589) to work on /home/airflow/.local/lib/python3.12/site-packages/airflow/example_dags/example_bash_operator.py
[2024-09-28T02:23:07.108+0000] {processor.py:914} INFO - Processing file /home/airflow/.local/lib/python3.12/site-packages/airflow/example_dags/example_bash_operator.py for tasks to queue
[2024-09-28T02:23:07.110+0000] {logging_mixin.py:190} INFO - [2024-09-28T02:23:07.110+0000] {dagbag.py:588} INFO - Filling up the DagBag from /home/airflow/.local/lib/python3.12/site-packages/airflow/example_dags/example_bash_operator.py
[2024-09-28T02:23:07.122+0000] {processor.py:925} INFO - DAG(s) 'example_bash_operator' retrieved from /home/airflow/.local/lib/python3.12/site-packages/airflow/example_dags/example_bash_operator.py
[2024-09-28T02:23:07.148+0000] {logging_mixin.py:190} INFO - [2024-09-28T02:23:07.148+0000] {dag.py:3239} INFO - Sync 1 DAGs
[2024-09-28T02:23:07.172+0000] {logging_mixin.py:190} INFO - [2024-09-28T02:23:07.172+0000] {dag.py:4180} INFO - Setting next_dagrun for example_bash_operator to 2024-09-27 00:00:00+00:00, run_after=2024-09-28 00:00:00+00:00
[2024-09-28T02:23:07.194+0000] {processor.py:208} INFO - Processing /home/airflow/.local/lib/python3.12/site-packages/airflow/example_dags/example_bash_operator.py took 0.092 seconds
[2024-09-28T02:23:37.329+0000] {processor.py:186} INFO - Started process (PID=652) to work on /home/airflow/.local/lib/python3.12/site-packages/airflow/example_dags/example_bash_operator.py
[2024-09-28T02:23:37.330+0000] {processor.py:914} INFO - Processing file /home/airflow/.local/lib/python3.12/site-packages/airflow/example_dags/example_bash_operator.py for tasks to queue
[2024-09-28T02:23:37.332+0000] {logging_mixin.py:190} INFO - [2024-09-28T02:23:37.332+0000] {dagbag.py:588} INFO - Filling up the DagBag from /home/airflow/.local/lib/python3.12/site-packages/airflow/example_dags/example_bash_operator.py
[2024-09-28T02:23:37.343+0000] {processor.py:925} INFO - DAG(s) 'example_bash_operator' retrieved from /home/airflow/.local/lib/python3.12/site-packages/airflow/example_dags/example_bash_operator.py
[2024-09-28T02:23:37.368+0000] {logging_mixin.py:190} INFO - [2024-09-28T02:23:37.368+0000] {dag.py:3239} INFO - Sync 1 DAGs
[2024-09-28T02:23:37.393+0000] {logging_mixin.py:190} INFO - [2024-09-28T02:23:37.393+0000] {dag.py:4180} INFO - Setting next_dagrun for example_bash_operator to 2024-09-27 00:00:00+00:00, run_after=2024-09-28 00:00:00+00:00
[2024-09-28T02:23:37.416+0000] {processor.py:208} INFO - Processing /home/airflow/.local/lib/python3.12/site-packages/airflow/example_dags/example_bash_operator.py took 0.092 seconds
[2024-09-28T02:24:08.352+0000] {processor.py:186} INFO - Started process (PID=715) to work on /home/airflow/.local/lib/python3.12/site-packages/airflow/example_dags/example_bash_operator.py
[2024-09-28T02:24:08.354+0000] {processor.py:914} INFO - Processing file /home/airflow/.local/lib/python3.12/site-packages/airflow/example_dags/example_bash_operator.py for tasks to queue
[2024-09-28T02:24:08.357+0000] {logging_mixin.py:190} INFO - [2024-09-28T02:24:08.357+0000] {dagbag.py:588} INFO - Filling up the DagBag from /home/airflow/.local/lib/python3.12/site-packages/airflow/example_dags/example_bash_operator.py
[2024-09-28T02:24:08.375+0000] {processor.py:925} INFO - DAG(s) 'example_bash_operator' retrieved from /home/airflow/.local/lib/python3.12/site-packages/airflow/example_dags/example_bash_operator.py
[2024-09-28T02:24:08.413+0000] {logging_mixin.py:190} INFO - [2024-09-28T02:24:08.413+0000] {dag.py:3239} INFO - Sync 1 DAGs
[2024-09-28T02:24:08.455+0000] {logging_mixin.py:190} INFO - [2024-09-28T02:24:08.454+0000] {dag.py:4180} INFO - Setting next_dagrun for example_bash_operator to 2024-09-27 00:00:00+00:00, run_after=2024-09-28 00:00:00+00:00
[2024-09-28T02:24:08.486+0000] {processor.py:208} INFO - Processing /home/airflow/.local/lib/python3.12/site-packages/airflow/example_dags/example_bash_operator.py took 0.139 seconds
[2024-09-28T02:24:38.929+0000] {processor.py:186} INFO - Started process (PID=778) to work on /home/airflow/.local/lib/python3.12/site-packages/airflow/example_dags/example_bash_operator.py
[2024-09-28T02:24:38.930+0000] {processor.py:914} INFO - Processing file /home/airflow/.local/lib/python3.12/site-packages/airflow/example_dags/example_bash_operator.py for tasks to queue
[2024-09-28T02:24:38.933+0000] {logging_mixin.py:190} INFO - [2024-09-28T02:24:38.932+0000] {dagbag.py:588} INFO - Filling up the DagBag from /home/airflow/.local/lib/python3.12/site-packages/airflow/example_dags/example_bash_operator.py
[2024-09-28T02:24:38.946+0000] {processor.py:925} INFO - DAG(s) 'example_bash_operator' retrieved from /home/airflow/.local/lib/python3.12/site-packages/airflow/example_dags/example_bash_operator.py
[2024-09-28T02:24:38.975+0000] {logging_mixin.py:190} INFO - [2024-09-28T02:24:38.974+0000] {dag.py:3239} INFO - Sync 1 DAGs
[2024-09-28T02:24:39.001+0000] {logging_mixin.py:190} INFO - [2024-09-28T02:24:39.001+0000] {dag.py:4180} INFO - Setting next_dagrun for example_bash_operator to 2024-09-27 00:00:00+00:00, run_after=2024-09-28 00:00:00+00:00
[2024-09-28T02:24:39.026+0000] {processor.py:208} INFO - Processing /home/airflow/.local/lib/python3.12/site-packages/airflow/example_dags/example_bash_operator.py took 0.102 seconds
[2024-09-28T02:25:09.474+0000] {processor.py:186} INFO - Started process (PID=841) to work on /home/airflow/.local/lib/python3.12/site-packages/airflow/example_dags/example_bash_operator.py
[2024-09-28T02:25:09.476+0000] {processor.py:914} INFO - Processing file /home/airflow/.local/lib/python3.12/site-packages/airflow/example_dags/example_bash_operator.py for tasks to queue
[2024-09-28T02:25:09.478+0000] {logging_mixin.py:190} INFO - [2024-09-28T02:25:09.477+0000] {dagbag.py:588} INFO - Filling up the DagBag from /home/airflow/.local/lib/python3.12/site-packages/airflow/example_dags/example_bash_operator.py
[2024-09-28T02:25:09.489+0000] {processor.py:925} INFO - DAG(s) 'example_bash_operator' retrieved from /home/airflow/.local/lib/python3.12/site-packages/airflow/example_dags/example_bash_operator.py
[2024-09-28T02:25:09.515+0000] {logging_mixin.py:190} INFO - [2024-09-28T02:25:09.515+0000] {dag.py:3239} INFO - Sync 1 DAGs
[2024-09-28T02:25:09.540+0000] {logging_mixin.py:190} INFO - [2024-09-28T02:25:09.540+0000] {dag.py:4180} INFO - Setting next_dagrun for example_bash_operator to 2024-09-27 00:00:00+00:00, run_after=2024-09-28 00:00:00+00:00
[2024-09-28T02:25:09.566+0000] {processor.py:208} INFO - Processing /home/airflow/.local/lib/python3.12/site-packages/airflow/example_dags/example_bash_operator.py took 0.096 seconds
[2024-09-28T02:25:39.782+0000] {processor.py:186} INFO - Started process (PID=904) to work on /home/airflow/.local/lib/python3.12/site-packages/airflow/example_dags/example_bash_operator.py
[2024-09-28T02:25:39.784+0000] {processor.py:914} INFO - Processing file /home/airflow/.local/lib/python3.12/site-packages/airflow/example_dags/example_bash_operator.py for tasks to queue
[2024-09-28T02:25:39.786+0000] {logging_mixin.py:190} INFO - [2024-09-28T02:25:39.786+0000] {dagbag.py:588} INFO - Filling up the DagBag from /home/airflow/.local/lib/python3.12/site-packages/airflow/example_dags/example_bash_operator.py
[2024-09-28T02:25:39.797+0000] {processor.py:925} INFO - DAG(s) 'example_bash_operator' retrieved from /home/airflow/.local/lib/python3.12/site-packages/airflow/example_dags/example_bash_operator.py
[2024-09-28T02:25:39.824+0000] {logging_mixin.py:190} INFO - [2024-09-28T02:25:39.823+0000] {dag.py:3239} INFO - Sync 1 DAGs
[2024-09-28T02:25:39.848+0000] {logging_mixin.py:190} INFO - [2024-09-28T02:25:39.847+0000] {dag.py:4180} INFO - Setting next_dagrun for example_bash_operator to 2024-09-27 00:00:00+00:00, run_after=2024-09-28 00:00:00+00:00
[2024-09-28T02:25:39.873+0000] {processor.py:208} INFO - Processing /home/airflow/.local/lib/python3.12/site-packages/airflow/example_dags/example_bash_operator.py took 0.095 seconds
[2024-09-28T02:26:10.290+0000] {processor.py:186} INFO - Started process (PID=967) to work on /home/airflow/.local/lib/python3.12/site-packages/airflow/example_dags/example_bash_operator.py
[2024-09-28T02:26:10.291+0000] {processor.py:914} INFO - Processing file /home/airflow/.local/lib/python3.12/site-packages/airflow/example_dags/example_bash_operator.py for tasks to queue
[2024-09-28T02:26:10.293+0000] {logging_mixin.py:190} INFO - [2024-09-28T02:26:10.293+0000] {dagbag.py:588} INFO - Filling up the DagBag from /home/airflow/.local/lib/python3.12/site-packages/airflow/example_dags/example_bash_operator.py
[2024-09-28T02:26:10.305+0000] {processor.py:925} INFO - DAG(s) 'example_bash_operator' retrieved from /home/airflow/.local/lib/python3.12/site-packages/airflow/example_dags/example_bash_operator.py
[2024-09-28T02:26:10.335+0000] {logging_mixin.py:190} INFO - [2024-09-28T02:26:10.334+0000] {dag.py:3239} INFO - Sync 1 DAGs
[2024-09-28T02:26:10.360+0000] {logging_mixin.py:190} INFO - [2024-09-28T02:26:10.359+0000] {dag.py:4180} INFO - Setting next_dagrun for example_bash_operator to 2024-09-27 00:00:00+00:00, run_after=2024-09-28 00:00:00+00:00
[2024-09-28T02:26:10.382+0000] {processor.py:208} INFO - Processing /home/airflow/.local/lib/python3.12/site-packages/airflow/example_dags/example_bash_operator.py took 0.098 seconds
[2024-09-28T02:46:04.620+0000] {processor.py:186} INFO - Started process (PID=83) to work on /home/airflow/.local/lib/python3.12/site-packages/airflow/example_dags/example_bash_operator.py
[2024-09-28T02:46:04.622+0000] {processor.py:914} INFO - Processing file /home/airflow/.local/lib/python3.12/site-packages/airflow/example_dags/example_bash_operator.py for tasks to queue
[2024-09-28T02:46:04.625+0000] {logging_mixin.py:190} INFO - [2024-09-28T02:46:04.625+0000] {dagbag.py:588} INFO - Filling up the DagBag from /home/airflow/.local/lib/python3.12/site-packages/airflow/example_dags/example_bash_operator.py
[2024-09-28T02:46:04.641+0000] {processor.py:925} INFO - DAG(s) 'example_bash_operator' retrieved from /home/airflow/.local/lib/python3.12/site-packages/airflow/example_dags/example_bash_operator.py
[2024-09-28T02:46:04.680+0000] {logging_mixin.py:190} INFO - [2024-09-28T02:46:04.680+0000] {dag.py:3239} INFO - Sync 1 DAGs
[2024-09-28T02:46:04.707+0000] {logging_mixin.py:190} INFO - [2024-09-28T02:46:04.707+0000] {dag.py:4180} INFO - Setting next_dagrun for example_bash_operator to 2024-09-27 00:00:00+00:00, run_after=2024-09-28 00:00:00+00:00
[2024-09-28T02:46:04.738+0000] {processor.py:208} INFO - Processing /home/airflow/.local/lib/python3.12/site-packages/airflow/example_dags/example_bash_operator.py took 0.124 seconds
[2024-09-28T02:46:36.476+0000] {processor.py:186} INFO - Started process (PID=146) to work on /home/airflow/.local/lib/python3.12/site-packages/airflow/example_dags/example_bash_operator.py
[2024-09-28T02:46:36.478+0000] {processor.py:914} INFO - Processing file /home/airflow/.local/lib/python3.12/site-packages/airflow/example_dags/example_bash_operator.py for tasks to queue
[2024-09-28T02:46:36.484+0000] {logging_mixin.py:190} INFO - [2024-09-28T02:46:36.483+0000] {dagbag.py:588} INFO - Filling up the DagBag from /home/airflow/.local/lib/python3.12/site-packages/airflow/example_dags/example_bash_operator.py
[2024-09-28T02:46:36.516+0000] {processor.py:925} INFO - DAG(s) 'example_bash_operator' retrieved from /home/airflow/.local/lib/python3.12/site-packages/airflow/example_dags/example_bash_operator.py
[2024-09-28T02:46:36.571+0000] {logging_mixin.py:190} INFO - [2024-09-28T02:46:36.570+0000] {dag.py:3239} INFO - Sync 1 DAGs
[2024-09-28T02:46:36.624+0000] {logging_mixin.py:190} INFO - [2024-09-28T02:46:36.624+0000] {dag.py:4180} INFO - Setting next_dagrun for example_bash_operator to 2024-09-27 00:00:00+00:00, run_after=2024-09-28 00:00:00+00:00
[2024-09-28T02:46:36.655+0000] {processor.py:208} INFO - Processing /home/airflow/.local/lib/python3.12/site-packages/airflow/example_dags/example_bash_operator.py took 0.195 seconds
[2024-09-28T02:47:08.659+0000] {processor.py:186} INFO - Started process (PID=209) to work on /home/airflow/.local/lib/python3.12/site-packages/airflow/example_dags/example_bash_operator.py
[2024-09-28T02:47:08.660+0000] {processor.py:914} INFO - Processing file /home/airflow/.local/lib/python3.12/site-packages/airflow/example_dags/example_bash_operator.py for tasks to queue
[2024-09-28T02:47:08.662+0000] {logging_mixin.py:190} INFO - [2024-09-28T02:47:08.662+0000] {dagbag.py:588} INFO - Filling up the DagBag from /home/airflow/.local/lib/python3.12/site-packages/airflow/example_dags/example_bash_operator.py
[2024-09-28T02:47:08.678+0000] {processor.py:925} INFO - DAG(s) 'example_bash_operator' retrieved from /home/airflow/.local/lib/python3.12/site-packages/airflow/example_dags/example_bash_operator.py
[2024-09-28T02:47:08.718+0000] {logging_mixin.py:190} INFO - [2024-09-28T02:47:08.717+0000] {dag.py:3239} INFO - Sync 1 DAGs
[2024-09-28T02:47:08.746+0000] {logging_mixin.py:190} INFO - [2024-09-28T02:47:08.745+0000] {dag.py:4180} INFO - Setting next_dagrun for example_bash_operator to 2024-09-27 00:00:00+00:00, run_after=2024-09-28 00:00:00+00:00
[2024-09-28T02:47:08.771+0000] {processor.py:208} INFO - Processing /home/airflow/.local/lib/python3.12/site-packages/airflow/example_dags/example_bash_operator.py took 0.117 seconds
[2024-09-28T02:47:39.030+0000] {processor.py:186} INFO - Started process (PID=273) to work on /home/airflow/.local/lib/python3.12/site-packages/airflow/example_dags/example_bash_operator.py
[2024-09-28T02:47:39.031+0000] {processor.py:914} INFO - Processing file /home/airflow/.local/lib/python3.12/site-packages/airflow/example_dags/example_bash_operator.py for tasks to queue
[2024-09-28T02:47:39.034+0000] {logging_mixin.py:190} INFO - [2024-09-28T02:47:39.034+0000] {dagbag.py:588} INFO - Filling up the DagBag from /home/airflow/.local/lib/python3.12/site-packages/airflow/example_dags/example_bash_operator.py
[2024-09-28T02:47:39.046+0000] {processor.py:925} INFO - DAG(s) 'example_bash_operator' retrieved from /home/airflow/.local/lib/python3.12/site-packages/airflow/example_dags/example_bash_operator.py
[2024-09-28T02:47:39.074+0000] {logging_mixin.py:190} INFO - [2024-09-28T02:47:39.074+0000] {dag.py:3239} INFO - Sync 1 DAGs
[2024-09-28T02:47:39.097+0000] {logging_mixin.py:190} INFO - [2024-09-28T02:47:39.097+0000] {dag.py:4180} INFO - Setting next_dagrun for example_bash_operator to 2024-09-27 00:00:00+00:00, run_after=2024-09-28 00:00:00+00:00
[2024-09-28T02:47:39.120+0000] {processor.py:208} INFO - Processing /home/airflow/.local/lib/python3.12/site-packages/airflow/example_dags/example_bash_operator.py took 0.095 seconds
[2024-09-28T02:48:10.994+0000] {processor.py:186} INFO - Started process (PID=336) to work on /home/airflow/.local/lib/python3.12/site-packages/airflow/example_dags/example_bash_operator.py
[2024-09-28T02:48:10.996+0000] {processor.py:914} INFO - Processing file /home/airflow/.local/lib/python3.12/site-packages/airflow/example_dags/example_bash_operator.py for tasks to queue
[2024-09-28T02:48:11.000+0000] {logging_mixin.py:190} INFO - [2024-09-28T02:48:10.999+0000] {dagbag.py:588} INFO - Filling up the DagBag from /home/airflow/.local/lib/python3.12/site-packages/airflow/example_dags/example_bash_operator.py
[2024-09-28T02:48:11.024+0000] {processor.py:925} INFO - DAG(s) 'example_bash_operator' retrieved from /home/airflow/.local/lib/python3.12/site-packages/airflow/example_dags/example_bash_operator.py
[2024-09-28T02:48:11.079+0000] {logging_mixin.py:190} INFO - [2024-09-28T02:48:11.079+0000] {dag.py:3239} INFO - Sync 1 DAGs
[2024-09-28T02:48:11.123+0000] {logging_mixin.py:190} INFO - [2024-09-28T02:48:11.123+0000] {dag.py:4180} INFO - Setting next_dagrun for example_bash_operator to 2024-09-27 00:00:00+00:00, run_after=2024-09-28 00:00:00+00:00
[2024-09-28T02:48:11.160+0000] {processor.py:208} INFO - Processing /home/airflow/.local/lib/python3.12/site-packages/airflow/example_dags/example_bash_operator.py took 0.174 seconds
[2024-09-28T02:48:42.014+0000] {processor.py:186} INFO - Started process (PID=399) to work on /home/airflow/.local/lib/python3.12/site-packages/airflow/example_dags/example_bash_operator.py
[2024-09-28T02:48:42.015+0000] {processor.py:914} INFO - Processing file /home/airflow/.local/lib/python3.12/site-packages/airflow/example_dags/example_bash_operator.py for tasks to queue
[2024-09-28T02:48:42.017+0000] {logging_mixin.py:190} INFO - [2024-09-28T02:48:42.017+0000] {dagbag.py:588} INFO - Filling up the DagBag from /home/airflow/.local/lib/python3.12/site-packages/airflow/example_dags/example_bash_operator.py
[2024-09-28T02:48:42.030+0000] {processor.py:925} INFO - DAG(s) 'example_bash_operator' retrieved from /home/airflow/.local/lib/python3.12/site-packages/airflow/example_dags/example_bash_operator.py
[2024-09-28T02:48:42.056+0000] {logging_mixin.py:190} INFO - [2024-09-28T02:48:42.056+0000] {dag.py:3239} INFO - Sync 1 DAGs
[2024-09-28T02:48:42.080+0000] {logging_mixin.py:190} INFO - [2024-09-28T02:48:42.079+0000] {dag.py:4180} INFO - Setting next_dagrun for example_bash_operator to 2024-09-27 00:00:00+00:00, run_after=2024-09-28 00:00:00+00:00
[2024-09-28T02:48:42.104+0000] {processor.py:208} INFO - Processing /home/airflow/.local/lib/python3.12/site-packages/airflow/example_dags/example_bash_operator.py took 0.095 seconds
[2024-09-28T02:49:12.593+0000] {processor.py:186} INFO - Started process (PID=462) to work on /home/airflow/.local/lib/python3.12/site-packages/airflow/example_dags/example_bash_operator.py
[2024-09-28T02:49:12.595+0000] {processor.py:914} INFO - Processing file /home/airflow/.local/lib/python3.12/site-packages/airflow/example_dags/example_bash_operator.py for tasks to queue
[2024-09-28T02:49:12.597+0000] {logging_mixin.py:190} INFO - [2024-09-28T02:49:12.597+0000] {dagbag.py:588} INFO - Filling up the DagBag from /home/airflow/.local/lib/python3.12/site-packages/airflow/example_dags/example_bash_operator.py
[2024-09-28T02:49:12.608+0000] {processor.py:925} INFO - DAG(s) 'example_bash_operator' retrieved from /home/airflow/.local/lib/python3.12/site-packages/airflow/example_dags/example_bash_operator.py
[2024-09-28T02:49:12.636+0000] {logging_mixin.py:190} INFO - [2024-09-28T02:49:12.636+0000] {dag.py:3239} INFO - Sync 1 DAGs
[2024-09-28T02:49:12.661+0000] {logging_mixin.py:190} INFO - [2024-09-28T02:49:12.661+0000] {dag.py:4180} INFO - Setting next_dagrun for example_bash_operator to 2024-09-27 00:00:00+00:00, run_after=2024-09-28 00:00:00+00:00
[2024-09-28T02:49:12.686+0000] {processor.py:208} INFO - Processing /home/airflow/.local/lib/python3.12/site-packages/airflow/example_dags/example_bash_operator.py took 0.097 seconds
[2024-09-28T02:49:42.977+0000] {processor.py:186} INFO - Started process (PID=525) to work on /home/airflow/.local/lib/python3.12/site-packages/airflow/example_dags/example_bash_operator.py
[2024-09-28T02:49:42.978+0000] {processor.py:914} INFO - Processing file /home/airflow/.local/lib/python3.12/site-packages/airflow/example_dags/example_bash_operator.py for tasks to queue
[2024-09-28T02:49:42.980+0000] {logging_mixin.py:190} INFO - [2024-09-28T02:49:42.980+0000] {dagbag.py:588} INFO - Filling up the DagBag from /home/airflow/.local/lib/python3.12/site-packages/airflow/example_dags/example_bash_operator.py
[2024-09-28T02:49:42.995+0000] {processor.py:925} INFO - DAG(s) 'example_bash_operator' retrieved from /home/airflow/.local/lib/python3.12/site-packages/airflow/example_dags/example_bash_operator.py
[2024-09-28T02:49:43.025+0000] {logging_mixin.py:190} INFO - [2024-09-28T02:49:43.025+0000] {dag.py:3239} INFO - Sync 1 DAGs
[2024-09-28T02:49:43.053+0000] {logging_mixin.py:190} INFO - [2024-09-28T02:49:43.052+0000] {dag.py:4180} INFO - Setting next_dagrun for example_bash_operator to 2024-09-27 00:00:00+00:00, run_after=2024-09-28 00:00:00+00:00
[2024-09-28T02:49:43.085+0000] {processor.py:208} INFO - Processing /home/airflow/.local/lib/python3.12/site-packages/airflow/example_dags/example_bash_operator.py took 0.113 seconds
[2024-09-28T02:50:13.881+0000] {processor.py:186} INFO - Started process (PID=589) to work on /home/airflow/.local/lib/python3.12/site-packages/airflow/example_dags/example_bash_operator.py
[2024-09-28T02:50:13.883+0000] {processor.py:914} INFO - Processing file /home/airflow/.local/lib/python3.12/site-packages/airflow/example_dags/example_bash_operator.py for tasks to queue
[2024-09-28T02:50:13.885+0000] {logging_mixin.py:190} INFO - [2024-09-28T02:50:13.885+0000] {dagbag.py:588} INFO - Filling up the DagBag from /home/airflow/.local/lib/python3.12/site-packages/airflow/example_dags/example_bash_operator.py
[2024-09-28T02:50:13.898+0000] {processor.py:925} INFO - DAG(s) 'example_bash_operator' retrieved from /home/airflow/.local/lib/python3.12/site-packages/airflow/example_dags/example_bash_operator.py
[2024-09-28T02:50:13.926+0000] {logging_mixin.py:190} INFO - [2024-09-28T02:50:13.926+0000] {dag.py:3239} INFO - Sync 1 DAGs
[2024-09-28T02:50:13.950+0000] {logging_mixin.py:190} INFO - [2024-09-28T02:50:13.950+0000] {dag.py:4180} INFO - Setting next_dagrun for example_bash_operator to 2024-09-27 00:00:00+00:00, run_after=2024-09-28 00:00:00+00:00
[2024-09-28T02:50:13.973+0000] {processor.py:208} INFO - Processing /home/airflow/.local/lib/python3.12/site-packages/airflow/example_dags/example_bash_operator.py took 0.097 seconds
[2024-09-28T02:50:44.486+0000] {processor.py:186} INFO - Started process (PID=652) to work on /home/airflow/.local/lib/python3.12/site-packages/airflow/example_dags/example_bash_operator.py
[2024-09-28T02:50:44.487+0000] {processor.py:914} INFO - Processing file /home/airflow/.local/lib/python3.12/site-packages/airflow/example_dags/example_bash_operator.py for tasks to queue
[2024-09-28T02:50:44.490+0000] {logging_mixin.py:190} INFO - [2024-09-28T02:50:44.490+0000] {dagbag.py:588} INFO - Filling up the DagBag from /home/airflow/.local/lib/python3.12/site-packages/airflow/example_dags/example_bash_operator.py
[2024-09-28T02:50:44.502+0000] {processor.py:925} INFO - DAG(s) 'example_bash_operator' retrieved from /home/airflow/.local/lib/python3.12/site-packages/airflow/example_dags/example_bash_operator.py
[2024-09-28T02:50:44.529+0000] {logging_mixin.py:190} INFO - [2024-09-28T02:50:44.529+0000] {dag.py:3239} INFO - Sync 1 DAGs
[2024-09-28T02:50:44.552+0000] {logging_mixin.py:190} INFO - [2024-09-28T02:50:44.552+0000] {dag.py:4180} INFO - Setting next_dagrun for example_bash_operator to 2024-09-27 00:00:00+00:00, run_after=2024-09-28 00:00:00+00:00
[2024-09-28T02:50:44.574+0000] {processor.py:208} INFO - Processing /home/airflow/.local/lib/python3.12/site-packages/airflow/example_dags/example_bash_operator.py took 0.092 seconds
[2024-09-28T02:51:15.395+0000] {processor.py:186} INFO - Started process (PID=715) to work on /home/airflow/.local/lib/python3.12/site-packages/airflow/example_dags/example_bash_operator.py
[2024-09-28T02:51:15.396+0000] {processor.py:914} INFO - Processing file /home/airflow/.local/lib/python3.12/site-packages/airflow/example_dags/example_bash_operator.py for tasks to queue
[2024-09-28T02:51:15.399+0000] {logging_mixin.py:190} INFO - [2024-09-28T02:51:15.399+0000] {dagbag.py:588} INFO - Filling up the DagBag from /home/airflow/.local/lib/python3.12/site-packages/airflow/example_dags/example_bash_operator.py
[2024-09-28T02:51:15.416+0000] {processor.py:925} INFO - DAG(s) 'example_bash_operator' retrieved from /home/airflow/.local/lib/python3.12/site-packages/airflow/example_dags/example_bash_operator.py
[2024-09-28T02:51:15.456+0000] {logging_mixin.py:190} INFO - [2024-09-28T02:51:15.456+0000] {dag.py:3239} INFO - Sync 1 DAGs
[2024-09-28T02:51:15.491+0000] {logging_mixin.py:190} INFO - [2024-09-28T02:51:15.491+0000] {dag.py:4180} INFO - Setting next_dagrun for example_bash_operator to 2024-09-27 00:00:00+00:00, run_after=2024-09-28 00:00:00+00:00
[2024-09-28T02:51:15.521+0000] {processor.py:208} INFO - Processing /home/airflow/.local/lib/python3.12/site-packages/airflow/example_dags/example_bash_operator.py took 0.132 seconds
[2024-09-28T02:51:46.468+0000] {processor.py:186} INFO - Started process (PID=778) to work on /home/airflow/.local/lib/python3.12/site-packages/airflow/example_dags/example_bash_operator.py
[2024-09-28T02:51:46.469+0000] {processor.py:914} INFO - Processing file /home/airflow/.local/lib/python3.12/site-packages/airflow/example_dags/example_bash_operator.py for tasks to queue
[2024-09-28T02:51:46.471+0000] {logging_mixin.py:190} INFO - [2024-09-28T02:51:46.471+0000] {dagbag.py:588} INFO - Filling up the DagBag from /home/airflow/.local/lib/python3.12/site-packages/airflow/example_dags/example_bash_operator.py
[2024-09-28T02:51:46.485+0000] {processor.py:925} INFO - DAG(s) 'example_bash_operator' retrieved from /home/airflow/.local/lib/python3.12/site-packages/airflow/example_dags/example_bash_operator.py
[2024-09-28T02:51:46.527+0000] {logging_mixin.py:190} INFO - [2024-09-28T02:51:46.527+0000] {dag.py:3239} INFO - Sync 1 DAGs
[2024-09-28T02:51:46.566+0000] {logging_mixin.py:190} INFO - [2024-09-28T02:51:46.566+0000] {dag.py:4180} INFO - Setting next_dagrun for example_bash_operator to 2024-09-27 00:00:00+00:00, run_after=2024-09-28 00:00:00+00:00
[2024-09-28T02:51:46.600+0000] {processor.py:208} INFO - Processing /home/airflow/.local/lib/python3.12/site-packages/airflow/example_dags/example_bash_operator.py took 0.138 seconds
[2024-09-28T03:30:33.775+0000] {processor.py:186} INFO - Started process (PID=849) to work on /home/airflow/.local/lib/python3.12/site-packages/airflow/example_dags/example_bash_operator.py
[2024-09-28T03:30:33.777+0000] {processor.py:914} INFO - Processing file /home/airflow/.local/lib/python3.12/site-packages/airflow/example_dags/example_bash_operator.py for tasks to queue
[2024-09-28T03:30:33.780+0000] {logging_mixin.py:190} INFO - [2024-09-28T03:30:33.779+0000] {dagbag.py:588} INFO - Filling up the DagBag from /home/airflow/.local/lib/python3.12/site-packages/airflow/example_dags/example_bash_operator.py
[2024-09-28T03:30:33.793+0000] {processor.py:925} INFO - DAG(s) 'example_bash_operator' retrieved from /home/airflow/.local/lib/python3.12/site-packages/airflow/example_dags/example_bash_operator.py
[2024-09-28T03:30:33.824+0000] {logging_mixin.py:190} INFO - [2024-09-28T03:30:33.824+0000] {dag.py:3239} INFO - Sync 1 DAGs
[2024-09-28T03:30:33.852+0000] {logging_mixin.py:190} INFO - [2024-09-28T03:30:33.851+0000] {dag.py:4180} INFO - Setting next_dagrun for example_bash_operator to 2024-09-27 00:00:00+00:00, run_after=2024-09-28 00:00:00+00:00
[2024-09-28T03:30:33.879+0000] {processor.py:208} INFO - Processing /home/airflow/.local/lib/python3.12/site-packages/airflow/example_dags/example_bash_operator.py took 0.109 seconds
[2024-09-28T03:34:13.708+0000] {processor.py:186} INFO - Started process (PID=906) to work on /home/airflow/.local/lib/python3.12/site-packages/airflow/example_dags/example_bash_operator.py
[2024-09-28T03:34:13.709+0000] {processor.py:914} INFO - Processing file /home/airflow/.local/lib/python3.12/site-packages/airflow/example_dags/example_bash_operator.py for tasks to queue
[2024-09-28T03:34:13.710+0000] {logging_mixin.py:190} INFO - [2024-09-28T03:34:13.710+0000] {dagbag.py:588} INFO - Filling up the DagBag from /home/airflow/.local/lib/python3.12/site-packages/airflow/example_dags/example_bash_operator.py
[2024-09-28T03:34:13.724+0000] {processor.py:925} INFO - DAG(s) 'example_bash_operator' retrieved from /home/airflow/.local/lib/python3.12/site-packages/airflow/example_dags/example_bash_operator.py
[2024-09-28T03:34:13.754+0000] {logging_mixin.py:190} INFO - [2024-09-28T03:34:13.754+0000] {dag.py:3239} INFO - Sync 1 DAGs
[2024-09-28T03:34:13.791+0000] {logging_mixin.py:190} INFO - [2024-09-28T03:34:13.790+0000] {dag.py:4180} INFO - Setting next_dagrun for example_bash_operator to 2024-09-27 00:00:00+00:00, run_after=2024-09-28 00:00:00+00:00
[2024-09-28T03:34:13.820+0000] {processor.py:208} INFO - Processing /home/airflow/.local/lib/python3.12/site-packages/airflow/example_dags/example_bash_operator.py took 0.119 seconds
[2024-09-28T03:34:44.358+0000] {processor.py:186} INFO - Started process (PID=969) to work on /home/airflow/.local/lib/python3.12/site-packages/airflow/example_dags/example_bash_operator.py
[2024-09-28T03:34:44.359+0000] {processor.py:914} INFO - Processing file /home/airflow/.local/lib/python3.12/site-packages/airflow/example_dags/example_bash_operator.py for tasks to queue
[2024-09-28T03:34:44.360+0000] {logging_mixin.py:190} INFO - [2024-09-28T03:34:44.360+0000] {dagbag.py:588} INFO - Filling up the DagBag from /home/airflow/.local/lib/python3.12/site-packages/airflow/example_dags/example_bash_operator.py
[2024-09-28T03:34:44.372+0000] {processor.py:925} INFO - DAG(s) 'example_bash_operator' retrieved from /home/airflow/.local/lib/python3.12/site-packages/airflow/example_dags/example_bash_operator.py
[2024-09-28T03:34:44.402+0000] {logging_mixin.py:190} INFO - [2024-09-28T03:34:44.401+0000] {dag.py:3239} INFO - Sync 1 DAGs
[2024-09-28T03:34:44.430+0000] {logging_mixin.py:190} INFO - [2024-09-28T03:34:44.430+0000] {dag.py:4180} INFO - Setting next_dagrun for example_bash_operator to 2024-09-27 00:00:00+00:00, run_after=2024-09-28 00:00:00+00:00
[2024-09-28T03:34:44.466+0000] {processor.py:208} INFO - Processing /home/airflow/.local/lib/python3.12/site-packages/airflow/example_dags/example_bash_operator.py took 0.113 seconds
[2024-09-28T03:40:10.783+0000] {processor.py:186} INFO - Started process (PID=98) to work on /home/airflow/.local/lib/python3.12/site-packages/airflow/example_dags/example_bash_operator.py
[2024-09-28T03:40:10.784+0000] {processor.py:914} INFO - Processing file /home/airflow/.local/lib/python3.12/site-packages/airflow/example_dags/example_bash_operator.py for tasks to queue
[2024-09-28T03:40:10.788+0000] {logging_mixin.py:190} INFO - [2024-09-28T03:40:10.787+0000] {dagbag.py:588} INFO - Filling up the DagBag from /home/airflow/.local/lib/python3.12/site-packages/airflow/example_dags/example_bash_operator.py
[2024-09-28T03:40:10.808+0000] {processor.py:925} INFO - DAG(s) 'example_bash_operator' retrieved from /home/airflow/.local/lib/python3.12/site-packages/airflow/example_dags/example_bash_operator.py
[2024-09-28T03:40:10.867+0000] {logging_mixin.py:190} INFO - [2024-09-28T03:40:10.866+0000] {dag.py:3239} INFO - Sync 1 DAGs
[2024-09-28T03:40:10.906+0000] {logging_mixin.py:190} INFO - [2024-09-28T03:40:10.906+0000] {dag.py:4180} INFO - Setting next_dagrun for example_bash_operator to 2024-09-27 00:00:00+00:00, run_after=2024-09-28 00:00:00+00:00
[2024-09-28T03:40:10.943+0000] {processor.py:208} INFO - Processing /home/airflow/.local/lib/python3.12/site-packages/airflow/example_dags/example_bash_operator.py took 0.168 seconds
[2024-09-28T03:40:41.426+0000] {processor.py:186} INFO - Started process (PID=172) to work on /home/airflow/.local/lib/python3.12/site-packages/airflow/example_dags/example_bash_operator.py
[2024-09-28T03:40:41.427+0000] {processor.py:914} INFO - Processing file /home/airflow/.local/lib/python3.12/site-packages/airflow/example_dags/example_bash_operator.py for tasks to queue
[2024-09-28T03:40:41.430+0000] {logging_mixin.py:190} INFO - [2024-09-28T03:40:41.429+0000] {dagbag.py:588} INFO - Filling up the DagBag from /home/airflow/.local/lib/python3.12/site-packages/airflow/example_dags/example_bash_operator.py
[2024-09-28T03:40:41.441+0000] {processor.py:925} INFO - DAG(s) 'example_bash_operator' retrieved from /home/airflow/.local/lib/python3.12/site-packages/airflow/example_dags/example_bash_operator.py
[2024-09-28T03:40:41.479+0000] {logging_mixin.py:190} INFO - [2024-09-28T03:40:41.478+0000] {dag.py:3239} INFO - Sync 1 DAGs
[2024-09-28T03:40:41.512+0000] {logging_mixin.py:190} INFO - [2024-09-28T03:40:41.512+0000] {dag.py:4180} INFO - Setting next_dagrun for example_bash_operator to 2024-09-27 00:00:00+00:00, run_after=2024-09-28 00:00:00+00:00
[2024-09-28T03:40:41.552+0000] {processor.py:208} INFO - Processing /home/airflow/.local/lib/python3.12/site-packages/airflow/example_dags/example_bash_operator.py took 0.132 seconds
[2024-09-28T03:41:12.727+0000] {processor.py:186} INFO - Started process (PID=246) to work on /home/airflow/.local/lib/python3.12/site-packages/airflow/example_dags/example_bash_operator.py
[2024-09-28T03:41:12.729+0000] {processor.py:914} INFO - Processing file /home/airflow/.local/lib/python3.12/site-packages/airflow/example_dags/example_bash_operator.py for tasks to queue
[2024-09-28T03:41:12.734+0000] {logging_mixin.py:190} INFO - [2024-09-28T03:41:12.733+0000] {dagbag.py:588} INFO - Filling up the DagBag from /home/airflow/.local/lib/python3.12/site-packages/airflow/example_dags/example_bash_operator.py
[2024-09-28T03:41:12.753+0000] {processor.py:925} INFO - DAG(s) 'example_bash_operator' retrieved from /home/airflow/.local/lib/python3.12/site-packages/airflow/example_dags/example_bash_operator.py
[2024-09-28T03:41:12.794+0000] {logging_mixin.py:190} INFO - [2024-09-28T03:41:12.794+0000] {dag.py:3239} INFO - Sync 1 DAGs
[2024-09-28T03:41:12.830+0000] {logging_mixin.py:190} INFO - [2024-09-28T03:41:12.830+0000] {dag.py:4180} INFO - Setting next_dagrun for example_bash_operator to 2024-09-27 00:00:00+00:00, run_after=2024-09-28 00:00:00+00:00
[2024-09-28T03:41:12.869+0000] {processor.py:208} INFO - Processing /home/airflow/.local/lib/python3.12/site-packages/airflow/example_dags/example_bash_operator.py took 0.149 seconds
[2024-09-28T03:41:43.634+0000] {processor.py:186} INFO - Started process (PID=320) to work on /home/airflow/.local/lib/python3.12/site-packages/airflow/example_dags/example_bash_operator.py
[2024-09-28T03:41:43.635+0000] {processor.py:914} INFO - Processing file /home/airflow/.local/lib/python3.12/site-packages/airflow/example_dags/example_bash_operator.py for tasks to queue
[2024-09-28T03:41:43.638+0000] {logging_mixin.py:190} INFO - [2024-09-28T03:41:43.637+0000] {dagbag.py:588} INFO - Filling up the DagBag from /home/airflow/.local/lib/python3.12/site-packages/airflow/example_dags/example_bash_operator.py
[2024-09-28T03:41:43.653+0000] {processor.py:925} INFO - DAG(s) 'example_bash_operator' retrieved from /home/airflow/.local/lib/python3.12/site-packages/airflow/example_dags/example_bash_operator.py
[2024-09-28T03:41:43.688+0000] {logging_mixin.py:190} INFO - [2024-09-28T03:41:43.687+0000] {dag.py:3239} INFO - Sync 1 DAGs
[2024-09-28T03:41:43.717+0000] {logging_mixin.py:190} INFO - [2024-09-28T03:41:43.716+0000] {dag.py:4180} INFO - Setting next_dagrun for example_bash_operator to 2024-09-27 00:00:00+00:00, run_after=2024-09-28 00:00:00+00:00
[2024-09-28T03:41:43.746+0000] {processor.py:208} INFO - Processing /home/airflow/.local/lib/python3.12/site-packages/airflow/example_dags/example_bash_operator.py took 0.118 seconds
[2024-09-28T03:42:13.900+0000] {processor.py:186} INFO - Started process (PID=394) to work on /home/airflow/.local/lib/python3.12/site-packages/airflow/example_dags/example_bash_operator.py
[2024-09-28T03:42:13.901+0000] {processor.py:914} INFO - Processing file /home/airflow/.local/lib/python3.12/site-packages/airflow/example_dags/example_bash_operator.py for tasks to queue
[2024-09-28T03:42:13.904+0000] {logging_mixin.py:190} INFO - [2024-09-28T03:42:13.904+0000] {dagbag.py:588} INFO - Filling up the DagBag from /home/airflow/.local/lib/python3.12/site-packages/airflow/example_dags/example_bash_operator.py
[2024-09-28T03:42:13.918+0000] {processor.py:925} INFO - DAG(s) 'example_bash_operator' retrieved from /home/airflow/.local/lib/python3.12/site-packages/airflow/example_dags/example_bash_operator.py
[2024-09-28T03:42:13.945+0000] {logging_mixin.py:190} INFO - [2024-09-28T03:42:13.945+0000] {dag.py:3239} INFO - Sync 1 DAGs
[2024-09-28T03:42:13.969+0000] {logging_mixin.py:190} INFO - [2024-09-28T03:42:13.969+0000] {dag.py:4180} INFO - Setting next_dagrun for example_bash_operator to 2024-09-27 00:00:00+00:00, run_after=2024-09-28 00:00:00+00:00
[2024-09-28T03:42:13.993+0000] {processor.py:208} INFO - Processing /home/airflow/.local/lib/python3.12/site-packages/airflow/example_dags/example_bash_operator.py took 0.098 seconds
[2024-09-28T03:42:44.266+0000] {processor.py:186} INFO - Started process (PID=468) to work on /home/airflow/.local/lib/python3.12/site-packages/airflow/example_dags/example_bash_operator.py
[2024-09-28T03:42:44.267+0000] {processor.py:914} INFO - Processing file /home/airflow/.local/lib/python3.12/site-packages/airflow/example_dags/example_bash_operator.py for tasks to queue
[2024-09-28T03:42:44.271+0000] {logging_mixin.py:190} INFO - [2024-09-28T03:42:44.270+0000] {dagbag.py:588} INFO - Filling up the DagBag from /home/airflow/.local/lib/python3.12/site-packages/airflow/example_dags/example_bash_operator.py
[2024-09-28T03:42:44.286+0000] {processor.py:925} INFO - DAG(s) 'example_bash_operator' retrieved from /home/airflow/.local/lib/python3.12/site-packages/airflow/example_dags/example_bash_operator.py
[2024-09-28T03:42:44.318+0000] {logging_mixin.py:190} INFO - [2024-09-28T03:42:44.317+0000] {dag.py:3239} INFO - Sync 1 DAGs
[2024-09-28T03:42:44.343+0000] {logging_mixin.py:190} INFO - [2024-09-28T03:42:44.342+0000] {dag.py:4180} INFO - Setting next_dagrun for example_bash_operator to 2024-09-27 00:00:00+00:00, run_after=2024-09-28 00:00:00+00:00
[2024-09-28T03:42:44.365+0000] {processor.py:208} INFO - Processing /home/airflow/.local/lib/python3.12/site-packages/airflow/example_dags/example_bash_operator.py took 0.104 seconds
[2024-09-28T03:43:15.066+0000] {processor.py:186} INFO - Started process (PID=542) to work on /home/airflow/.local/lib/python3.12/site-packages/airflow/example_dags/example_bash_operator.py
[2024-09-28T03:43:15.067+0000] {processor.py:914} INFO - Processing file /home/airflow/.local/lib/python3.12/site-packages/airflow/example_dags/example_bash_operator.py for tasks to queue
[2024-09-28T03:43:15.070+0000] {logging_mixin.py:190} INFO - [2024-09-28T03:43:15.070+0000] {dagbag.py:588} INFO - Filling up the DagBag from /home/airflow/.local/lib/python3.12/site-packages/airflow/example_dags/example_bash_operator.py
[2024-09-28T03:43:15.082+0000] {processor.py:925} INFO - DAG(s) 'example_bash_operator' retrieved from /home/airflow/.local/lib/python3.12/site-packages/airflow/example_dags/example_bash_operator.py
[2024-09-28T03:43:15.118+0000] {logging_mixin.py:190} INFO - [2024-09-28T03:43:15.118+0000] {dag.py:3239} INFO - Sync 1 DAGs
[2024-09-28T03:43:15.147+0000] {logging_mixin.py:190} INFO - [2024-09-28T03:43:15.146+0000] {dag.py:4180} INFO - Setting next_dagrun for example_bash_operator to 2024-09-27 00:00:00+00:00, run_after=2024-09-28 00:00:00+00:00
[2024-09-28T03:43:15.178+0000] {processor.py:208} INFO - Processing /home/airflow/.local/lib/python3.12/site-packages/airflow/example_dags/example_bash_operator.py took 0.117 seconds
[2024-09-28T03:43:45.314+0000] {processor.py:186} INFO - Started process (PID=616) to work on /home/airflow/.local/lib/python3.12/site-packages/airflow/example_dags/example_bash_operator.py
[2024-09-28T03:43:45.315+0000] {processor.py:914} INFO - Processing file /home/airflow/.local/lib/python3.12/site-packages/airflow/example_dags/example_bash_operator.py for tasks to queue
[2024-09-28T03:43:45.318+0000] {logging_mixin.py:190} INFO - [2024-09-28T03:43:45.317+0000] {dagbag.py:588} INFO - Filling up the DagBag from /home/airflow/.local/lib/python3.12/site-packages/airflow/example_dags/example_bash_operator.py
[2024-09-28T03:43:45.328+0000] {processor.py:925} INFO - DAG(s) 'example_bash_operator' retrieved from /home/airflow/.local/lib/python3.12/site-packages/airflow/example_dags/example_bash_operator.py
[2024-09-28T03:43:45.355+0000] {logging_mixin.py:190} INFO - [2024-09-28T03:43:45.355+0000] {dag.py:3239} INFO - Sync 1 DAGs
[2024-09-28T03:43:45.378+0000] {logging_mixin.py:190} INFO - [2024-09-28T03:43:45.378+0000] {dag.py:4180} INFO - Setting next_dagrun for example_bash_operator to 2024-09-27 00:00:00+00:00, run_after=2024-09-28 00:00:00+00:00
[2024-09-28T03:43:45.401+0000] {processor.py:208} INFO - Processing /home/airflow/.local/lib/python3.12/site-packages/airflow/example_dags/example_bash_operator.py took 0.091 seconds
[2024-09-28T03:44:15.793+0000] {processor.py:186} INFO - Started process (PID=690) to work on /home/airflow/.local/lib/python3.12/site-packages/airflow/example_dags/example_bash_operator.py
[2024-09-28T03:44:15.795+0000] {processor.py:914} INFO - Processing file /home/airflow/.local/lib/python3.12/site-packages/airflow/example_dags/example_bash_operator.py for tasks to queue
[2024-09-28T03:44:15.798+0000] {logging_mixin.py:190} INFO - [2024-09-28T03:44:15.797+0000] {dagbag.py:588} INFO - Filling up the DagBag from /home/airflow/.local/lib/python3.12/site-packages/airflow/example_dags/example_bash_operator.py
[2024-09-28T03:44:15.809+0000] {processor.py:925} INFO - DAG(s) 'example_bash_operator' retrieved from /home/airflow/.local/lib/python3.12/site-packages/airflow/example_dags/example_bash_operator.py
[2024-09-28T03:44:15.833+0000] {logging_mixin.py:190} INFO - [2024-09-28T03:44:15.832+0000] {dag.py:3239} INFO - Sync 1 DAGs
[2024-09-28T03:44:15.857+0000] {logging_mixin.py:190} INFO - [2024-09-28T03:44:15.857+0000] {dag.py:4180} INFO - Setting next_dagrun for example_bash_operator to 2024-09-27 00:00:00+00:00, run_after=2024-09-28 00:00:00+00:00
[2024-09-28T03:44:15.882+0000] {processor.py:208} INFO - Processing /home/airflow/.local/lib/python3.12/site-packages/airflow/example_dags/example_bash_operator.py took 0.093 seconds
[2024-09-28T03:44:46.255+0000] {processor.py:186} INFO - Started process (PID=764) to work on /home/airflow/.local/lib/python3.12/site-packages/airflow/example_dags/example_bash_operator.py
[2024-09-28T03:44:46.256+0000] {processor.py:914} INFO - Processing file /home/airflow/.local/lib/python3.12/site-packages/airflow/example_dags/example_bash_operator.py for tasks to queue
[2024-09-28T03:44:46.259+0000] {logging_mixin.py:190} INFO - [2024-09-28T03:44:46.259+0000] {dagbag.py:588} INFO - Filling up the DagBag from /home/airflow/.local/lib/python3.12/site-packages/airflow/example_dags/example_bash_operator.py
[2024-09-28T03:44:46.269+0000] {processor.py:925} INFO - DAG(s) 'example_bash_operator' retrieved from /home/airflow/.local/lib/python3.12/site-packages/airflow/example_dags/example_bash_operator.py
[2024-09-28T03:44:46.294+0000] {logging_mixin.py:190} INFO - [2024-09-28T03:44:46.293+0000] {dag.py:3239} INFO - Sync 1 DAGs
[2024-09-28T03:44:46.317+0000] {logging_mixin.py:190} INFO - [2024-09-28T03:44:46.317+0000] {dag.py:4180} INFO - Setting next_dagrun for example_bash_operator to 2024-09-27 00:00:00+00:00, run_after=2024-09-28 00:00:00+00:00
[2024-09-28T03:44:46.340+0000] {processor.py:208} INFO - Processing /home/airflow/.local/lib/python3.12/site-packages/airflow/example_dags/example_bash_operator.py took 0.089 seconds
[2024-09-28T03:45:17.235+0000] {processor.py:186} INFO - Started process (PID=838) to work on /home/airflow/.local/lib/python3.12/site-packages/airflow/example_dags/example_bash_operator.py
[2024-09-28T03:45:17.236+0000] {processor.py:914} INFO - Processing file /home/airflow/.local/lib/python3.12/site-packages/airflow/example_dags/example_bash_operator.py for tasks to queue
[2024-09-28T03:45:17.240+0000] {logging_mixin.py:190} INFO - [2024-09-28T03:45:17.240+0000] {dagbag.py:588} INFO - Filling up the DagBag from /home/airflow/.local/lib/python3.12/site-packages/airflow/example_dags/example_bash_operator.py
[2024-09-28T03:45:17.253+0000] {processor.py:925} INFO - DAG(s) 'example_bash_operator' retrieved from /home/airflow/.local/lib/python3.12/site-packages/airflow/example_dags/example_bash_operator.py
[2024-09-28T03:45:17.282+0000] {logging_mixin.py:190} INFO - [2024-09-28T03:45:17.281+0000] {dag.py:3239} INFO - Sync 1 DAGs
[2024-09-28T03:45:17.305+0000] {logging_mixin.py:190} INFO - [2024-09-28T03:45:17.304+0000] {dag.py:4180} INFO - Setting next_dagrun for example_bash_operator to 2024-09-27 00:00:00+00:00, run_after=2024-09-28 00:00:00+00:00
[2024-09-28T03:45:17.328+0000] {processor.py:208} INFO - Processing /home/airflow/.local/lib/python3.12/site-packages/airflow/example_dags/example_bash_operator.py took 0.097 seconds
[2024-09-28T03:45:47.730+0000] {processor.py:186} INFO - Started process (PID=913) to work on /home/airflow/.local/lib/python3.12/site-packages/airflow/example_dags/example_bash_operator.py
[2024-09-28T03:45:47.732+0000] {processor.py:914} INFO - Processing file /home/airflow/.local/lib/python3.12/site-packages/airflow/example_dags/example_bash_operator.py for tasks to queue
[2024-09-28T03:45:47.734+0000] {logging_mixin.py:190} INFO - [2024-09-28T03:45:47.734+0000] {dagbag.py:588} INFO - Filling up the DagBag from /home/airflow/.local/lib/python3.12/site-packages/airflow/example_dags/example_bash_operator.py
[2024-09-28T03:45:47.747+0000] {processor.py:925} INFO - DAG(s) 'example_bash_operator' retrieved from /home/airflow/.local/lib/python3.12/site-packages/airflow/example_dags/example_bash_operator.py
[2024-09-28T03:45:47.777+0000] {logging_mixin.py:190} INFO - [2024-09-28T03:45:47.776+0000] {dag.py:3239} INFO - Sync 1 DAGs
[2024-09-28T03:45:47.800+0000] {logging_mixin.py:190} INFO - [2024-09-28T03:45:47.800+0000] {dag.py:4180} INFO - Setting next_dagrun for example_bash_operator to 2024-09-27 00:00:00+00:00, run_after=2024-09-28 00:00:00+00:00
[2024-09-28T03:45:47.826+0000] {processor.py:208} INFO - Processing /home/airflow/.local/lib/python3.12/site-packages/airflow/example_dags/example_bash_operator.py took 0.100 seconds
[2024-09-28T03:46:18.632+0000] {processor.py:186} INFO - Started process (PID=987) to work on /home/airflow/.local/lib/python3.12/site-packages/airflow/example_dags/example_bash_operator.py
[2024-09-28T03:46:18.633+0000] {processor.py:914} INFO - Processing file /home/airflow/.local/lib/python3.12/site-packages/airflow/example_dags/example_bash_operator.py for tasks to queue
[2024-09-28T03:46:18.636+0000] {logging_mixin.py:190} INFO - [2024-09-28T03:46:18.635+0000] {dagbag.py:588} INFO - Filling up the DagBag from /home/airflow/.local/lib/python3.12/site-packages/airflow/example_dags/example_bash_operator.py
[2024-09-28T03:46:18.646+0000] {processor.py:925} INFO - DAG(s) 'example_bash_operator' retrieved from /home/airflow/.local/lib/python3.12/site-packages/airflow/example_dags/example_bash_operator.py
[2024-09-28T03:46:18.673+0000] {logging_mixin.py:190} INFO - [2024-09-28T03:46:18.673+0000] {dag.py:3239} INFO - Sync 1 DAGs
[2024-09-28T03:46:18.698+0000] {logging_mixin.py:190} INFO - [2024-09-28T03:46:18.698+0000] {dag.py:4180} INFO - Setting next_dagrun for example_bash_operator to 2024-09-27 00:00:00+00:00, run_after=2024-09-28 00:00:00+00:00
[2024-09-28T03:46:18.721+0000] {processor.py:208} INFO - Processing /home/airflow/.local/lib/python3.12/site-packages/airflow/example_dags/example_bash_operator.py took 0.093 seconds
[2024-09-28T03:46:49.026+0000] {processor.py:186} INFO - Started process (PID=1061) to work on /home/airflow/.local/lib/python3.12/site-packages/airflow/example_dags/example_bash_operator.py
[2024-09-28T03:46:49.027+0000] {processor.py:914} INFO - Processing file /home/airflow/.local/lib/python3.12/site-packages/airflow/example_dags/example_bash_operator.py for tasks to queue
[2024-09-28T03:46:49.031+0000] {logging_mixin.py:190} INFO - [2024-09-28T03:46:49.030+0000] {dagbag.py:588} INFO - Filling up the DagBag from /home/airflow/.local/lib/python3.12/site-packages/airflow/example_dags/example_bash_operator.py
[2024-09-28T03:46:49.045+0000] {processor.py:925} INFO - DAG(s) 'example_bash_operator' retrieved from /home/airflow/.local/lib/python3.12/site-packages/airflow/example_dags/example_bash_operator.py
[2024-09-28T03:46:49.082+0000] {logging_mixin.py:190} INFO - [2024-09-28T03:46:49.082+0000] {dag.py:3239} INFO - Sync 1 DAGs
[2024-09-28T03:46:49.114+0000] {logging_mixin.py:190} INFO - [2024-09-28T03:46:49.114+0000] {dag.py:4180} INFO - Setting next_dagrun for example_bash_operator to 2024-09-27 00:00:00+00:00, run_after=2024-09-28 00:00:00+00:00
[2024-09-28T03:46:49.142+0000] {processor.py:208} INFO - Processing /home/airflow/.local/lib/python3.12/site-packages/airflow/example_dags/example_bash_operator.py took 0.122 seconds
[2024-09-28T03:47:19.301+0000] {processor.py:186} INFO - Started process (PID=1135) to work on /home/airflow/.local/lib/python3.12/site-packages/airflow/example_dags/example_bash_operator.py
[2024-09-28T03:47:19.302+0000] {processor.py:914} INFO - Processing file /home/airflow/.local/lib/python3.12/site-packages/airflow/example_dags/example_bash_operator.py for tasks to queue
[2024-09-28T03:47:19.306+0000] {logging_mixin.py:190} INFO - [2024-09-28T03:47:19.306+0000] {dagbag.py:588} INFO - Filling up the DagBag from /home/airflow/.local/lib/python3.12/site-packages/airflow/example_dags/example_bash_operator.py
[2024-09-28T03:47:19.321+0000] {processor.py:925} INFO - DAG(s) 'example_bash_operator' retrieved from /home/airflow/.local/lib/python3.12/site-packages/airflow/example_dags/example_bash_operator.py
[2024-09-28T03:47:19.358+0000] {logging_mixin.py:190} INFO - [2024-09-28T03:47:19.358+0000] {dag.py:3239} INFO - Sync 1 DAGs
[2024-09-28T03:47:19.390+0000] {logging_mixin.py:190} INFO - [2024-09-28T03:47:19.390+0000] {dag.py:4180} INFO - Setting next_dagrun for example_bash_operator to 2024-09-27 00:00:00+00:00, run_after=2024-09-28 00:00:00+00:00
[2024-09-28T03:47:19.421+0000] {processor.py:208} INFO - Processing /home/airflow/.local/lib/python3.12/site-packages/airflow/example_dags/example_bash_operator.py took 0.128 seconds
[2024-09-28T03:47:49.731+0000] {processor.py:186} INFO - Started process (PID=1209) to work on /home/airflow/.local/lib/python3.12/site-packages/airflow/example_dags/example_bash_operator.py
[2024-09-28T03:47:49.732+0000] {processor.py:914} INFO - Processing file /home/airflow/.local/lib/python3.12/site-packages/airflow/example_dags/example_bash_operator.py for tasks to queue
[2024-09-28T03:47:49.735+0000] {logging_mixin.py:190} INFO - [2024-09-28T03:47:49.735+0000] {dagbag.py:588} INFO - Filling up the DagBag from /home/airflow/.local/lib/python3.12/site-packages/airflow/example_dags/example_bash_operator.py
[2024-09-28T03:47:49.750+0000] {processor.py:925} INFO - DAG(s) 'example_bash_operator' retrieved from /home/airflow/.local/lib/python3.12/site-packages/airflow/example_dags/example_bash_operator.py
[2024-09-28T03:47:49.786+0000] {logging_mixin.py:190} INFO - [2024-09-28T03:47:49.786+0000] {dag.py:3239} INFO - Sync 1 DAGs
[2024-09-28T03:47:49.818+0000] {logging_mixin.py:190} INFO - [2024-09-28T03:47:49.817+0000] {dag.py:4180} INFO - Setting next_dagrun for example_bash_operator to 2024-09-27 00:00:00+00:00, run_after=2024-09-28 00:00:00+00:00
[2024-09-28T03:47:49.851+0000] {processor.py:208} INFO - Processing /home/airflow/.local/lib/python3.12/site-packages/airflow/example_dags/example_bash_operator.py took 0.127 seconds
[2024-09-28T03:48:20.069+0000] {processor.py:186} INFO - Started process (PID=1283) to work on /home/airflow/.local/lib/python3.12/site-packages/airflow/example_dags/example_bash_operator.py
[2024-09-28T03:48:20.070+0000] {processor.py:914} INFO - Processing file /home/airflow/.local/lib/python3.12/site-packages/airflow/example_dags/example_bash_operator.py for tasks to queue
[2024-09-28T03:48:20.073+0000] {logging_mixin.py:190} INFO - [2024-09-28T03:48:20.072+0000] {dagbag.py:588} INFO - Filling up the DagBag from /home/airflow/.local/lib/python3.12/site-packages/airflow/example_dags/example_bash_operator.py
[2024-09-28T03:48:20.087+0000] {processor.py:925} INFO - DAG(s) 'example_bash_operator' retrieved from /home/airflow/.local/lib/python3.12/site-packages/airflow/example_dags/example_bash_operator.py
[2024-09-28T03:48:20.125+0000] {logging_mixin.py:190} INFO - [2024-09-28T03:48:20.125+0000] {dag.py:3239} INFO - Sync 1 DAGs
[2024-09-28T03:48:20.158+0000] {logging_mixin.py:190} INFO - [2024-09-28T03:48:20.157+0000] {dag.py:4180} INFO - Setting next_dagrun for example_bash_operator to 2024-09-27 00:00:00+00:00, run_after=2024-09-28 00:00:00+00:00
[2024-09-28T03:48:20.192+0000] {processor.py:208} INFO - Processing /home/airflow/.local/lib/python3.12/site-packages/airflow/example_dags/example_bash_operator.py took 0.129 seconds
[2024-09-28T03:48:51.060+0000] {processor.py:186} INFO - Started process (PID=1357) to work on /home/airflow/.local/lib/python3.12/site-packages/airflow/example_dags/example_bash_operator.py
[2024-09-28T03:48:51.062+0000] {processor.py:914} INFO - Processing file /home/airflow/.local/lib/python3.12/site-packages/airflow/example_dags/example_bash_operator.py for tasks to queue
[2024-09-28T03:48:51.065+0000] {logging_mixin.py:190} INFO - [2024-09-28T03:48:51.065+0000] {dagbag.py:588} INFO - Filling up the DagBag from /home/airflow/.local/lib/python3.12/site-packages/airflow/example_dags/example_bash_operator.py
[2024-09-28T03:48:51.081+0000] {processor.py:925} INFO - DAG(s) 'example_bash_operator' retrieved from /home/airflow/.local/lib/python3.12/site-packages/airflow/example_dags/example_bash_operator.py
[2024-09-28T03:48:51.125+0000] {logging_mixin.py:190} INFO - [2024-09-28T03:48:51.125+0000] {dag.py:3239} INFO - Sync 1 DAGs
[2024-09-28T03:48:51.164+0000] {logging_mixin.py:190} INFO - [2024-09-28T03:48:51.164+0000] {dag.py:4180} INFO - Setting next_dagrun for example_bash_operator to 2024-09-27 00:00:00+00:00, run_after=2024-09-28 00:00:00+00:00
[2024-09-28T03:48:51.198+0000] {processor.py:208} INFO - Processing /home/airflow/.local/lib/python3.12/site-packages/airflow/example_dags/example_bash_operator.py took 0.145 seconds
[2024-09-28T03:49:21.607+0000] {processor.py:186} INFO - Started process (PID=1431) to work on /home/airflow/.local/lib/python3.12/site-packages/airflow/example_dags/example_bash_operator.py
[2024-09-28T03:49:21.609+0000] {processor.py:914} INFO - Processing file /home/airflow/.local/lib/python3.12/site-packages/airflow/example_dags/example_bash_operator.py for tasks to queue
[2024-09-28T03:49:21.612+0000] {logging_mixin.py:190} INFO - [2024-09-28T03:49:21.612+0000] {dagbag.py:588} INFO - Filling up the DagBag from /home/airflow/.local/lib/python3.12/site-packages/airflow/example_dags/example_bash_operator.py
[2024-09-28T03:49:21.628+0000] {processor.py:925} INFO - DAG(s) 'example_bash_operator' retrieved from /home/airflow/.local/lib/python3.12/site-packages/airflow/example_dags/example_bash_operator.py
[2024-09-28T03:49:21.663+0000] {logging_mixin.py:190} INFO - [2024-09-28T03:49:21.662+0000] {dag.py:3239} INFO - Sync 1 DAGs
[2024-09-28T03:49:21.694+0000] {logging_mixin.py:190} INFO - [2024-09-28T03:49:21.694+0000] {dag.py:4180} INFO - Setting next_dagrun for example_bash_operator to 2024-09-27 00:00:00+00:00, run_after=2024-09-28 00:00:00+00:00
[2024-09-28T03:49:21.726+0000] {processor.py:208} INFO - Processing /home/airflow/.local/lib/python3.12/site-packages/airflow/example_dags/example_bash_operator.py took 0.126 seconds
[2024-09-28T03:49:52.976+0000] {processor.py:186} INFO - Started process (PID=1505) to work on /home/airflow/.local/lib/python3.12/site-packages/airflow/example_dags/example_bash_operator.py
[2024-09-28T03:49:52.978+0000] {processor.py:914} INFO - Processing file /home/airflow/.local/lib/python3.12/site-packages/airflow/example_dags/example_bash_operator.py for tasks to queue
[2024-09-28T03:49:52.981+0000] {logging_mixin.py:190} INFO - [2024-09-28T03:49:52.981+0000] {dagbag.py:588} INFO - Filling up the DagBag from /home/airflow/.local/lib/python3.12/site-packages/airflow/example_dags/example_bash_operator.py
[2024-09-28T03:49:52.996+0000] {processor.py:925} INFO - DAG(s) 'example_bash_operator' retrieved from /home/airflow/.local/lib/python3.12/site-packages/airflow/example_dags/example_bash_operator.py
[2024-09-28T03:49:53.032+0000] {logging_mixin.py:190} INFO - [2024-09-28T03:49:53.032+0000] {dag.py:3239} INFO - Sync 1 DAGs
[2024-09-28T03:49:53.062+0000] {logging_mixin.py:190} INFO - [2024-09-28T03:49:53.062+0000] {dag.py:4180} INFO - Setting next_dagrun for example_bash_operator to 2024-09-27 00:00:00+00:00, run_after=2024-09-28 00:00:00+00:00
[2024-09-28T03:49:53.090+0000] {processor.py:208} INFO - Processing /home/airflow/.local/lib/python3.12/site-packages/airflow/example_dags/example_bash_operator.py took 0.119 seconds
[2024-09-28T03:50:23.226+0000] {processor.py:186} INFO - Started process (PID=1579) to work on /home/airflow/.local/lib/python3.12/site-packages/airflow/example_dags/example_bash_operator.py
[2024-09-28T03:50:23.227+0000] {processor.py:914} INFO - Processing file /home/airflow/.local/lib/python3.12/site-packages/airflow/example_dags/example_bash_operator.py for tasks to queue
[2024-09-28T03:50:23.230+0000] {logging_mixin.py:190} INFO - [2024-09-28T03:50:23.230+0000] {dagbag.py:588} INFO - Filling up the DagBag from /home/airflow/.local/lib/python3.12/site-packages/airflow/example_dags/example_bash_operator.py
[2024-09-28T03:50:23.247+0000] {processor.py:925} INFO - DAG(s) 'example_bash_operator' retrieved from /home/airflow/.local/lib/python3.12/site-packages/airflow/example_dags/example_bash_operator.py
[2024-09-28T03:50:23.285+0000] {logging_mixin.py:190} INFO - [2024-09-28T03:50:23.284+0000] {dag.py:3239} INFO - Sync 1 DAGs
[2024-09-28T03:50:23.316+0000] {logging_mixin.py:190} INFO - [2024-09-28T03:50:23.315+0000] {dag.py:4180} INFO - Setting next_dagrun for example_bash_operator to 2024-09-27 00:00:00+00:00, run_after=2024-09-28 00:00:00+00:00
[2024-09-28T03:50:23.339+0000] {processor.py:208} INFO - Processing /home/airflow/.local/lib/python3.12/site-packages/airflow/example_dags/example_bash_operator.py took 0.118 seconds
[2024-09-28T03:53:34.965+0000] {processor.py:186} INFO - Started process (PID=96) to work on /home/airflow/.local/lib/python3.12/site-packages/airflow/example_dags/example_bash_operator.py
[2024-09-28T03:53:34.966+0000] {processor.py:914} INFO - Processing file /home/airflow/.local/lib/python3.12/site-packages/airflow/example_dags/example_bash_operator.py for tasks to queue
[2024-09-28T03:53:34.969+0000] {logging_mixin.py:190} INFO - [2024-09-28T03:53:34.968+0000] {dagbag.py:588} INFO - Filling up the DagBag from /home/airflow/.local/lib/python3.12/site-packages/airflow/example_dags/example_bash_operator.py
[2024-09-28T03:53:34.987+0000] {processor.py:925} INFO - DAG(s) 'example_bash_operator' retrieved from /home/airflow/.local/lib/python3.12/site-packages/airflow/example_dags/example_bash_operator.py
[2024-09-28T03:53:35.031+0000] {logging_mixin.py:190} INFO - [2024-09-28T03:53:35.031+0000] {dag.py:3239} INFO - Sync 1 DAGs
[2024-09-28T03:53:35.090+0000] {logging_mixin.py:190} INFO - [2024-09-28T03:53:35.090+0000] {dag.py:4180} INFO - Setting next_dagrun for example_bash_operator to 2024-09-27 00:00:00+00:00, run_after=2024-09-28 00:00:00+00:00
[2024-09-28T03:53:35.136+0000] {processor.py:208} INFO - Processing /home/airflow/.local/lib/python3.12/site-packages/airflow/example_dags/example_bash_operator.py took 0.176 seconds
[2024-09-28T03:54:05.999+0000] {processor.py:186} INFO - Started process (PID=171) to work on /home/airflow/.local/lib/python3.12/site-packages/airflow/example_dags/example_bash_operator.py
[2024-09-28T03:54:06.001+0000] {processor.py:914} INFO - Processing file /home/airflow/.local/lib/python3.12/site-packages/airflow/example_dags/example_bash_operator.py for tasks to queue
[2024-09-28T03:54:06.005+0000] {logging_mixin.py:190} INFO - [2024-09-28T03:54:06.004+0000] {dagbag.py:588} INFO - Filling up the DagBag from /home/airflow/.local/lib/python3.12/site-packages/airflow/example_dags/example_bash_operator.py
[2024-09-28T03:54:06.020+0000] {processor.py:925} INFO - DAG(s) 'example_bash_operator' retrieved from /home/airflow/.local/lib/python3.12/site-packages/airflow/example_dags/example_bash_operator.py
[2024-09-28T03:54:06.054+0000] {logging_mixin.py:190} INFO - [2024-09-28T03:54:06.054+0000] {dag.py:3239} INFO - Sync 1 DAGs
[2024-09-28T03:54:06.086+0000] {logging_mixin.py:190} INFO - [2024-09-28T03:54:06.086+0000] {dag.py:4180} INFO - Setting next_dagrun for example_bash_operator to 2024-09-27 00:00:00+00:00, run_after=2024-09-28 00:00:00+00:00
[2024-09-28T03:54:06.116+0000] {processor.py:208} INFO - Processing /home/airflow/.local/lib/python3.12/site-packages/airflow/example_dags/example_bash_operator.py took 0.123 seconds
[2024-09-28T03:54:36.777+0000] {processor.py:186} INFO - Started process (PID=245) to work on /home/airflow/.local/lib/python3.12/site-packages/airflow/example_dags/example_bash_operator.py
[2024-09-28T03:54:36.778+0000] {processor.py:914} INFO - Processing file /home/airflow/.local/lib/python3.12/site-packages/airflow/example_dags/example_bash_operator.py for tasks to queue
[2024-09-28T03:54:36.781+0000] {logging_mixin.py:190} INFO - [2024-09-28T03:54:36.781+0000] {dagbag.py:588} INFO - Filling up the DagBag from /home/airflow/.local/lib/python3.12/site-packages/airflow/example_dags/example_bash_operator.py
[2024-09-28T03:54:36.801+0000] {processor.py:925} INFO - DAG(s) 'example_bash_operator' retrieved from /home/airflow/.local/lib/python3.12/site-packages/airflow/example_dags/example_bash_operator.py
[2024-09-28T03:54:36.844+0000] {logging_mixin.py:190} INFO - [2024-09-28T03:54:36.843+0000] {dag.py:3239} INFO - Sync 1 DAGs
[2024-09-28T03:54:36.872+0000] {logging_mixin.py:190} INFO - [2024-09-28T03:54:36.872+0000] {dag.py:4180} INFO - Setting next_dagrun for example_bash_operator to 2024-09-27 00:00:00+00:00, run_after=2024-09-28 00:00:00+00:00
[2024-09-28T03:54:36.901+0000] {processor.py:208} INFO - Processing /home/airflow/.local/lib/python3.12/site-packages/airflow/example_dags/example_bash_operator.py took 0.129 seconds
[2024-09-28T03:55:07.598+0000] {processor.py:186} INFO - Started process (PID=319) to work on /home/airflow/.local/lib/python3.12/site-packages/airflow/example_dags/example_bash_operator.py
[2024-09-28T03:55:07.600+0000] {processor.py:914} INFO - Processing file /home/airflow/.local/lib/python3.12/site-packages/airflow/example_dags/example_bash_operator.py for tasks to queue
[2024-09-28T03:55:07.604+0000] {logging_mixin.py:190} INFO - [2024-09-28T03:55:07.603+0000] {dagbag.py:588} INFO - Filling up the DagBag from /home/airflow/.local/lib/python3.12/site-packages/airflow/example_dags/example_bash_operator.py
[2024-09-28T03:55:07.627+0000] {processor.py:925} INFO - DAG(s) 'example_bash_operator' retrieved from /home/airflow/.local/lib/python3.12/site-packages/airflow/example_dags/example_bash_operator.py
[2024-09-28T03:55:07.665+0000] {logging_mixin.py:190} INFO - [2024-09-28T03:55:07.665+0000] {dag.py:3239} INFO - Sync 1 DAGs
[2024-09-28T03:55:07.700+0000] {logging_mixin.py:190} INFO - [2024-09-28T03:55:07.699+0000] {dag.py:4180} INFO - Setting next_dagrun for example_bash_operator to 2024-09-27 00:00:00+00:00, run_after=2024-09-28 00:00:00+00:00
[2024-09-28T03:55:07.731+0000] {processor.py:208} INFO - Processing /home/airflow/.local/lib/python3.12/site-packages/airflow/example_dags/example_bash_operator.py took 0.155 seconds
[2024-09-28T03:55:38.542+0000] {processor.py:186} INFO - Started process (PID=406) to work on /home/airflow/.local/lib/python3.12/site-packages/airflow/example_dags/example_bash_operator.py
[2024-09-28T03:55:38.544+0000] {processor.py:914} INFO - Processing file /home/airflow/.local/lib/python3.12/site-packages/airflow/example_dags/example_bash_operator.py for tasks to queue
[2024-09-28T03:55:38.547+0000] {logging_mixin.py:190} INFO - [2024-09-28T03:55:38.546+0000] {dagbag.py:588} INFO - Filling up the DagBag from /home/airflow/.local/lib/python3.12/site-packages/airflow/example_dags/example_bash_operator.py
[2024-09-28T03:55:38.556+0000] {processor.py:925} INFO - DAG(s) 'example_bash_operator' retrieved from /home/airflow/.local/lib/python3.12/site-packages/airflow/example_dags/example_bash_operator.py
[2024-09-28T03:55:38.582+0000] {logging_mixin.py:190} INFO - [2024-09-28T03:55:38.582+0000] {dag.py:3239} INFO - Sync 1 DAGs
[2024-09-28T03:55:38.606+0000] {logging_mixin.py:190} INFO - [2024-09-28T03:55:38.606+0000] {dag.py:4180} INFO - Setting next_dagrun for example_bash_operator to 2024-09-27 00:00:00+00:00, run_after=2024-09-28 00:00:00+00:00
[2024-09-28T03:55:38.630+0000] {processor.py:208} INFO - Processing /home/airflow/.local/lib/python3.12/site-packages/airflow/example_dags/example_bash_operator.py took 0.092 seconds
[2024-09-28T03:56:09.294+0000] {processor.py:186} INFO - Started process (PID=590) to work on /home/airflow/.local/lib/python3.12/site-packages/airflow/example_dags/example_bash_operator.py
[2024-09-28T03:56:09.296+0000] {processor.py:914} INFO - Processing file /home/airflow/.local/lib/python3.12/site-packages/airflow/example_dags/example_bash_operator.py for tasks to queue
[2024-09-28T03:56:09.298+0000] {logging_mixin.py:190} INFO - [2024-09-28T03:56:09.298+0000] {dagbag.py:588} INFO - Filling up the DagBag from /home/airflow/.local/lib/python3.12/site-packages/airflow/example_dags/example_bash_operator.py
[2024-09-28T03:56:09.310+0000] {processor.py:925} INFO - DAG(s) 'example_bash_operator' retrieved from /home/airflow/.local/lib/python3.12/site-packages/airflow/example_dags/example_bash_operator.py
[2024-09-28T03:56:09.339+0000] {logging_mixin.py:190} INFO - [2024-09-28T03:56:09.338+0000] {dag.py:3239} INFO - Sync 1 DAGs
[2024-09-28T03:56:09.362+0000] {logging_mixin.py:190} INFO - [2024-09-28T03:56:09.362+0000] {dag.py:4180} INFO - Setting next_dagrun for example_bash_operator to 2024-09-27 00:00:00+00:00, run_after=2024-09-28 00:00:00+00:00
[2024-09-28T03:56:09.385+0000] {processor.py:208} INFO - Processing /home/airflow/.local/lib/python3.12/site-packages/airflow/example_dags/example_bash_operator.py took 0.095 seconds
[2024-09-28T03:56:40.166+0000] {processor.py:186} INFO - Started process (PID=655) to work on /home/airflow/.local/lib/python3.12/site-packages/airflow/example_dags/example_bash_operator.py
[2024-09-28T03:56:40.167+0000] {processor.py:914} INFO - Processing file /home/airflow/.local/lib/python3.12/site-packages/airflow/example_dags/example_bash_operator.py for tasks to queue
[2024-09-28T03:56:40.170+0000] {logging_mixin.py:190} INFO - [2024-09-28T03:56:40.170+0000] {dagbag.py:588} INFO - Filling up the DagBag from /home/airflow/.local/lib/python3.12/site-packages/airflow/example_dags/example_bash_operator.py
[2024-09-28T03:56:40.183+0000] {processor.py:925} INFO - DAG(s) 'example_bash_operator' retrieved from /home/airflow/.local/lib/python3.12/site-packages/airflow/example_dags/example_bash_operator.py
[2024-09-28T03:56:40.216+0000] {logging_mixin.py:190} INFO - [2024-09-28T03:56:40.215+0000] {dag.py:3239} INFO - Sync 1 DAGs
[2024-09-28T03:56:40.243+0000] {logging_mixin.py:190} INFO - [2024-09-28T03:56:40.243+0000] {dag.py:4180} INFO - Setting next_dagrun for example_bash_operator to 2024-09-27 00:00:00+00:00, run_after=2024-09-28 00:00:00+00:00
[2024-09-28T03:56:40.276+0000] {processor.py:208} INFO - Processing /home/airflow/.local/lib/python3.12/site-packages/airflow/example_dags/example_bash_operator.py took 0.116 seconds
[2024-09-28T04:03:07.679+0000] {processor.py:186} INFO - Started process (PID=86) to work on /home/airflow/.local/lib/python3.12/site-packages/airflow/example_dags/example_bash_operator.py
[2024-09-28T04:03:07.680+0000] {processor.py:914} INFO - Processing file /home/airflow/.local/lib/python3.12/site-packages/airflow/example_dags/example_bash_operator.py for tasks to queue
[2024-09-28T04:03:07.684+0000] {logging_mixin.py:190} INFO - [2024-09-28T04:03:07.683+0000] {dagbag.py:588} INFO - Filling up the DagBag from /home/airflow/.local/lib/python3.12/site-packages/airflow/example_dags/example_bash_operator.py
[2024-09-28T04:03:07.702+0000] {processor.py:925} INFO - DAG(s) 'example_bash_operator' retrieved from /home/airflow/.local/lib/python3.12/site-packages/airflow/example_dags/example_bash_operator.py
[2024-09-28T04:03:07.766+0000] {logging_mixin.py:190} INFO - [2024-09-28T04:03:07.766+0000] {dag.py:3239} INFO - Sync 1 DAGs
[2024-09-28T04:03:07.805+0000] {logging_mixin.py:190} INFO - [2024-09-28T04:03:07.805+0000] {dag.py:4180} INFO - Setting next_dagrun for example_bash_operator to 2024-09-27 00:00:00+00:00, run_after=2024-09-28 00:00:00+00:00
[2024-09-28T04:03:07.839+0000] {processor.py:208} INFO - Processing /home/airflow/.local/lib/python3.12/site-packages/airflow/example_dags/example_bash_operator.py took 0.167 seconds
[2024-09-28T04:03:38.456+0000] {processor.py:186} INFO - Started process (PID=149) to work on /home/airflow/.local/lib/python3.12/site-packages/airflow/example_dags/example_bash_operator.py
[2024-09-28T04:03:38.457+0000] {processor.py:914} INFO - Processing file /home/airflow/.local/lib/python3.12/site-packages/airflow/example_dags/example_bash_operator.py for tasks to queue
[2024-09-28T04:03:38.462+0000] {logging_mixin.py:190} INFO - [2024-09-28T04:03:38.461+0000] {dagbag.py:588} INFO - Filling up the DagBag from /home/airflow/.local/lib/python3.12/site-packages/airflow/example_dags/example_bash_operator.py
[2024-09-28T04:03:38.492+0000] {processor.py:925} INFO - DAG(s) 'example_bash_operator' retrieved from /home/airflow/.local/lib/python3.12/site-packages/airflow/example_dags/example_bash_operator.py
[2024-09-28T04:03:38.522+0000] {logging_mixin.py:190} INFO - [2024-09-28T04:03:38.522+0000] {dag.py:3239} INFO - Sync 1 DAGs
[2024-09-28T04:03:38.557+0000] {logging_mixin.py:190} INFO - [2024-09-28T04:03:38.556+0000] {dag.py:4180} INFO - Setting next_dagrun for example_bash_operator to 2024-09-27 00:00:00+00:00, run_after=2024-09-28 00:00:00+00:00
[2024-09-28T04:03:38.591+0000] {processor.py:208} INFO - Processing /home/airflow/.local/lib/python3.12/site-packages/airflow/example_dags/example_bash_operator.py took 0.143 seconds
[2024-09-28T04:04:10.127+0000] {processor.py:186} INFO - Started process (PID=212) to work on /home/airflow/.local/lib/python3.12/site-packages/airflow/example_dags/example_bash_operator.py
[2024-09-28T04:04:10.128+0000] {processor.py:914} INFO - Processing file /home/airflow/.local/lib/python3.12/site-packages/airflow/example_dags/example_bash_operator.py for tasks to queue
[2024-09-28T04:04:10.131+0000] {logging_mixin.py:190} INFO - [2024-09-28T04:04:10.131+0000] {dagbag.py:588} INFO - Filling up the DagBag from /home/airflow/.local/lib/python3.12/site-packages/airflow/example_dags/example_bash_operator.py
[2024-09-28T04:04:10.150+0000] {processor.py:925} INFO - DAG(s) 'example_bash_operator' retrieved from /home/airflow/.local/lib/python3.12/site-packages/airflow/example_dags/example_bash_operator.py
[2024-09-28T04:04:10.181+0000] {logging_mixin.py:190} INFO - [2024-09-28T04:04:10.181+0000] {dag.py:3239} INFO - Sync 1 DAGs
[2024-09-28T04:04:10.204+0000] {logging_mixin.py:190} INFO - [2024-09-28T04:04:10.204+0000] {dag.py:4180} INFO - Setting next_dagrun for example_bash_operator to 2024-09-27 00:00:00+00:00, run_after=2024-09-28 00:00:00+00:00
[2024-09-28T04:04:10.228+0000] {processor.py:208} INFO - Processing /home/airflow/.local/lib/python3.12/site-packages/airflow/example_dags/example_bash_operator.py took 0.106 seconds
[2024-09-28T04:04:40.383+0000] {processor.py:186} INFO - Started process (PID=275) to work on /home/airflow/.local/lib/python3.12/site-packages/airflow/example_dags/example_bash_operator.py
[2024-09-28T04:04:40.384+0000] {processor.py:914} INFO - Processing file /home/airflow/.local/lib/python3.12/site-packages/airflow/example_dags/example_bash_operator.py for tasks to queue
[2024-09-28T04:04:40.387+0000] {logging_mixin.py:190} INFO - [2024-09-28T04:04:40.387+0000] {dagbag.py:588} INFO - Filling up the DagBag from /home/airflow/.local/lib/python3.12/site-packages/airflow/example_dags/example_bash_operator.py
[2024-09-28T04:04:40.399+0000] {processor.py:925} INFO - DAG(s) 'example_bash_operator' retrieved from /home/airflow/.local/lib/python3.12/site-packages/airflow/example_dags/example_bash_operator.py
[2024-09-28T04:04:40.427+0000] {logging_mixin.py:190} INFO - [2024-09-28T04:04:40.427+0000] {dag.py:3239} INFO - Sync 1 DAGs
[2024-09-28T04:04:40.451+0000] {logging_mixin.py:190} INFO - [2024-09-28T04:04:40.451+0000] {dag.py:4180} INFO - Setting next_dagrun for example_bash_operator to 2024-09-27 00:00:00+00:00, run_after=2024-09-28 00:00:00+00:00
[2024-09-28T04:04:40.476+0000] {processor.py:208} INFO - Processing /home/airflow/.local/lib/python3.12/site-packages/airflow/example_dags/example_bash_operator.py took 0.098 seconds
[2024-09-28T04:05:10.859+0000] {processor.py:186} INFO - Started process (PID=361) to work on /home/airflow/.local/lib/python3.12/site-packages/airflow/example_dags/example_bash_operator.py
[2024-09-28T04:05:10.860+0000] {processor.py:914} INFO - Processing file /home/airflow/.local/lib/python3.12/site-packages/airflow/example_dags/example_bash_operator.py for tasks to queue
[2024-09-28T04:05:10.863+0000] {logging_mixin.py:190} INFO - [2024-09-28T04:05:10.862+0000] {dagbag.py:588} INFO - Filling up the DagBag from /home/airflow/.local/lib/python3.12/site-packages/airflow/example_dags/example_bash_operator.py
[2024-09-28T04:05:10.873+0000] {processor.py:925} INFO - DAG(s) 'example_bash_operator' retrieved from /home/airflow/.local/lib/python3.12/site-packages/airflow/example_dags/example_bash_operator.py
[2024-09-28T04:05:10.900+0000] {logging_mixin.py:190} INFO - [2024-09-28T04:05:10.900+0000] {dag.py:3239} INFO - Sync 1 DAGs
[2024-09-28T04:05:10.925+0000] {logging_mixin.py:190} INFO - [2024-09-28T04:05:10.924+0000] {dag.py:4180} INFO - Setting next_dagrun for example_bash_operator to 2024-09-27 00:00:00+00:00, run_after=2024-09-28 00:00:00+00:00
[2024-09-28T04:05:10.948+0000] {processor.py:208} INFO - Processing /home/airflow/.local/lib/python3.12/site-packages/airflow/example_dags/example_bash_operator.py took 0.093 seconds
[2024-09-28T04:05:51.832+0000] {processor.py:186} INFO - Started process (PID=84) to work on /home/airflow/.local/lib/python3.12/site-packages/airflow/example_dags/example_bash_operator.py
[2024-09-28T04:05:51.833+0000] {processor.py:914} INFO - Processing file /home/airflow/.local/lib/python3.12/site-packages/airflow/example_dags/example_bash_operator.py for tasks to queue
[2024-09-28T04:05:51.836+0000] {logging_mixin.py:190} INFO - [2024-09-28T04:05:51.836+0000] {dagbag.py:588} INFO - Filling up the DagBag from /home/airflow/.local/lib/python3.12/site-packages/airflow/example_dags/example_bash_operator.py
[2024-09-28T04:05:51.851+0000] {processor.py:925} INFO - DAG(s) 'example_bash_operator' retrieved from /home/airflow/.local/lib/python3.12/site-packages/airflow/example_dags/example_bash_operator.py
[2024-09-28T04:05:51.893+0000] {logging_mixin.py:190} INFO - [2024-09-28T04:05:51.893+0000] {dag.py:3239} INFO - Sync 1 DAGs
[2024-09-28T04:05:51.924+0000] {logging_mixin.py:190} INFO - [2024-09-28T04:05:51.923+0000] {dag.py:4180} INFO - Setting next_dagrun for example_bash_operator to 2024-09-27 00:00:00+00:00, run_after=2024-09-28 00:00:00+00:00
[2024-09-28T04:05:51.951+0000] {processor.py:208} INFO - Processing /home/airflow/.local/lib/python3.12/site-packages/airflow/example_dags/example_bash_operator.py took 0.125 seconds
[2024-09-28T04:06:22.103+0000] {processor.py:186} INFO - Started process (PID=158) to work on /home/airflow/.local/lib/python3.12/site-packages/airflow/example_dags/example_bash_operator.py
[2024-09-28T04:06:22.105+0000] {processor.py:914} INFO - Processing file /home/airflow/.local/lib/python3.12/site-packages/airflow/example_dags/example_bash_operator.py for tasks to queue
[2024-09-28T04:06:22.108+0000] {logging_mixin.py:190} INFO - [2024-09-28T04:06:22.108+0000] {dagbag.py:588} INFO - Filling up the DagBag from /home/airflow/.local/lib/python3.12/site-packages/airflow/example_dags/example_bash_operator.py
[2024-09-28T04:06:22.122+0000] {processor.py:925} INFO - DAG(s) 'example_bash_operator' retrieved from /home/airflow/.local/lib/python3.12/site-packages/airflow/example_dags/example_bash_operator.py
[2024-09-28T04:06:22.152+0000] {logging_mixin.py:190} INFO - [2024-09-28T04:06:22.152+0000] {dag.py:3239} INFO - Sync 1 DAGs
[2024-09-28T04:06:22.181+0000] {logging_mixin.py:190} INFO - [2024-09-28T04:06:22.180+0000] {dag.py:4180} INFO - Setting next_dagrun for example_bash_operator to 2024-09-27 00:00:00+00:00, run_after=2024-09-28 00:00:00+00:00
[2024-09-28T04:06:22.210+0000] {processor.py:208} INFO - Processing /home/airflow/.local/lib/python3.12/site-packages/airflow/example_dags/example_bash_operator.py took 0.112 seconds
[2024-09-28T04:06:52.607+0000] {processor.py:186} INFO - Started process (PID=232) to work on /home/airflow/.local/lib/python3.12/site-packages/airflow/example_dags/example_bash_operator.py
[2024-09-28T04:06:52.609+0000] {processor.py:914} INFO - Processing file /home/airflow/.local/lib/python3.12/site-packages/airflow/example_dags/example_bash_operator.py for tasks to queue
[2024-09-28T04:06:52.612+0000] {logging_mixin.py:190} INFO - [2024-09-28T04:06:52.612+0000] {dagbag.py:588} INFO - Filling up the DagBag from /home/airflow/.local/lib/python3.12/site-packages/airflow/example_dags/example_bash_operator.py
[2024-09-28T04:06:52.625+0000] {processor.py:925} INFO - DAG(s) 'example_bash_operator' retrieved from /home/airflow/.local/lib/python3.12/site-packages/airflow/example_dags/example_bash_operator.py
[2024-09-28T04:06:52.655+0000] {logging_mixin.py:190} INFO - [2024-09-28T04:06:52.654+0000] {dag.py:3239} INFO - Sync 1 DAGs
[2024-09-28T04:06:52.681+0000] {logging_mixin.py:190} INFO - [2024-09-28T04:06:52.681+0000] {dag.py:4180} INFO - Setting next_dagrun for example_bash_operator to 2024-09-27 00:00:00+00:00, run_after=2024-09-28 00:00:00+00:00
[2024-09-28T04:06:52.706+0000] {processor.py:208} INFO - Processing /home/airflow/.local/lib/python3.12/site-packages/airflow/example_dags/example_bash_operator.py took 0.105 seconds
[2024-09-28T04:07:23.677+0000] {processor.py:186} INFO - Started process (PID=312) to work on /home/airflow/.local/lib/python3.12/site-packages/airflow/example_dags/example_bash_operator.py
[2024-09-28T04:07:23.678+0000] {processor.py:914} INFO - Processing file /home/airflow/.local/lib/python3.12/site-packages/airflow/example_dags/example_bash_operator.py for tasks to queue
[2024-09-28T04:07:23.682+0000] {logging_mixin.py:190} INFO - [2024-09-28T04:07:23.681+0000] {dagbag.py:588} INFO - Filling up the DagBag from /home/airflow/.local/lib/python3.12/site-packages/airflow/example_dags/example_bash_operator.py
[2024-09-28T04:07:23.695+0000] {processor.py:925} INFO - DAG(s) 'example_bash_operator' retrieved from /home/airflow/.local/lib/python3.12/site-packages/airflow/example_dags/example_bash_operator.py
[2024-09-28T04:07:23.726+0000] {logging_mixin.py:190} INFO - [2024-09-28T04:07:23.726+0000] {dag.py:3239} INFO - Sync 1 DAGs
[2024-09-28T04:07:23.755+0000] {logging_mixin.py:190} INFO - [2024-09-28T04:07:23.755+0000] {dag.py:4180} INFO - Setting next_dagrun for example_bash_operator to 2024-09-27 00:00:00+00:00, run_after=2024-09-28 00:00:00+00:00
[2024-09-28T04:07:23.781+0000] {processor.py:208} INFO - Processing /home/airflow/.local/lib/python3.12/site-packages/airflow/example_dags/example_bash_operator.py took 0.109 seconds
[2024-09-28T04:07:55.002+0000] {processor.py:186} INFO - Started process (PID=386) to work on /home/airflow/.local/lib/python3.12/site-packages/airflow/example_dags/example_bash_operator.py
[2024-09-28T04:07:55.003+0000] {processor.py:914} INFO - Processing file /home/airflow/.local/lib/python3.12/site-packages/airflow/example_dags/example_bash_operator.py for tasks to queue
[2024-09-28T04:07:55.006+0000] {logging_mixin.py:190} INFO - [2024-09-28T04:07:55.006+0000] {dagbag.py:588} INFO - Filling up the DagBag from /home/airflow/.local/lib/python3.12/site-packages/airflow/example_dags/example_bash_operator.py
[2024-09-28T04:07:55.017+0000] {processor.py:925} INFO - DAG(s) 'example_bash_operator' retrieved from /home/airflow/.local/lib/python3.12/site-packages/airflow/example_dags/example_bash_operator.py
[2024-09-28T04:07:55.044+0000] {logging_mixin.py:190} INFO - [2024-09-28T04:07:55.044+0000] {dag.py:3239} INFO - Sync 1 DAGs
[2024-09-28T04:07:55.068+0000] {logging_mixin.py:190} INFO - [2024-09-28T04:07:55.068+0000] {dag.py:4180} INFO - Setting next_dagrun for example_bash_operator to 2024-09-27 00:00:00+00:00, run_after=2024-09-28 00:00:00+00:00
[2024-09-28T04:07:55.094+0000] {processor.py:208} INFO - Processing /home/airflow/.local/lib/python3.12/site-packages/airflow/example_dags/example_bash_operator.py took 0.097 seconds
