[2024-09-28T02:19:01.158+0000] {processor.py:186} INFO - Started process (PID=87) to work on /home/airflow/.local/lib/python3.12/site-packages/airflow/example_dags/example_latest_only_with_trigger.py
[2024-09-28T02:19:01.159+0000] {processor.py:914} INFO - Processing file /home/airflow/.local/lib/python3.12/site-packages/airflow/example_dags/example_latest_only_with_trigger.py for tasks to queue
[2024-09-28T02:19:01.164+0000] {logging_mixin.py:190} INFO - [2024-09-28T02:19:01.163+0000] {dagbag.py:588} INFO - Filling up the DagBag from /home/airflow/.local/lib/python3.12/site-packages/airflow/example_dags/example_latest_only_with_trigger.py
[2024-09-28T02:19:01.177+0000] {processor.py:925} INFO - DAG(s) 'latest_only_with_trigger' retrieved from /home/airflow/.local/lib/python3.12/site-packages/airflow/example_dags/example_latest_only_with_trigger.py
[2024-09-28T02:19:01.218+0000] {logging_mixin.py:190} INFO - [2024-09-28T02:19:01.218+0000] {dag.py:3239} INFO - Sync 1 DAGs
[2024-09-28T02:19:01.250+0000] {logging_mixin.py:190} INFO - [2024-09-28T02:19:01.249+0000] {dag.py:4180} INFO - Setting next_dagrun for latest_only_with_trigger to 2024-09-27 20:00:00+00:00, run_after=2024-09-28 00:00:00+00:00
[2024-09-28T02:19:01.280+0000] {processor.py:208} INFO - Processing /home/airflow/.local/lib/python3.12/site-packages/airflow/example_dags/example_latest_only_with_trigger.py took 0.131 seconds
[2024-09-28T02:19:31.944+0000] {processor.py:186} INFO - Started process (PID=150) to work on /home/airflow/.local/lib/python3.12/site-packages/airflow/example_dags/example_latest_only_with_trigger.py
[2024-09-28T02:19:31.946+0000] {processor.py:914} INFO - Processing file /home/airflow/.local/lib/python3.12/site-packages/airflow/example_dags/example_latest_only_with_trigger.py for tasks to queue
[2024-09-28T02:19:31.949+0000] {logging_mixin.py:190} INFO - [2024-09-28T02:19:31.949+0000] {dagbag.py:588} INFO - Filling up the DagBag from /home/airflow/.local/lib/python3.12/site-packages/airflow/example_dags/example_latest_only_with_trigger.py
[2024-09-28T02:19:31.961+0000] {processor.py:925} INFO - DAG(s) 'latest_only_with_trigger' retrieved from /home/airflow/.local/lib/python3.12/site-packages/airflow/example_dags/example_latest_only_with_trigger.py
[2024-09-28T02:19:31.998+0000] {logging_mixin.py:190} INFO - [2024-09-28T02:19:31.997+0000] {dag.py:3239} INFO - Sync 1 DAGs
[2024-09-28T02:19:32.048+0000] {logging_mixin.py:190} INFO - [2024-09-28T02:19:32.048+0000] {dag.py:4180} INFO - Setting next_dagrun for latest_only_with_trigger to 2024-09-27 20:00:00+00:00, run_after=2024-09-28 00:00:00+00:00
[2024-09-28T02:19:32.097+0000] {processor.py:208} INFO - Processing /home/airflow/.local/lib/python3.12/site-packages/airflow/example_dags/example_latest_only_with_trigger.py took 0.160 seconds
[2024-09-28T02:20:03.020+0000] {processor.py:186} INFO - Started process (PID=213) to work on /home/airflow/.local/lib/python3.12/site-packages/airflow/example_dags/example_latest_only_with_trigger.py
[2024-09-28T02:20:03.022+0000] {processor.py:914} INFO - Processing file /home/airflow/.local/lib/python3.12/site-packages/airflow/example_dags/example_latest_only_with_trigger.py for tasks to queue
[2024-09-28T02:20:03.025+0000] {logging_mixin.py:190} INFO - [2024-09-28T02:20:03.024+0000] {dagbag.py:588} INFO - Filling up the DagBag from /home/airflow/.local/lib/python3.12/site-packages/airflow/example_dags/example_latest_only_with_trigger.py
[2024-09-28T02:20:03.031+0000] {processor.py:925} INFO - DAG(s) 'latest_only_with_trigger' retrieved from /home/airflow/.local/lib/python3.12/site-packages/airflow/example_dags/example_latest_only_with_trigger.py
[2024-09-28T02:20:03.052+0000] {logging_mixin.py:190} INFO - [2024-09-28T02:20:03.051+0000] {dag.py:3239} INFO - Sync 1 DAGs
[2024-09-28T02:20:03.075+0000] {logging_mixin.py:190} INFO - [2024-09-28T02:20:03.075+0000] {dag.py:4180} INFO - Setting next_dagrun for latest_only_with_trigger to 2024-09-27 20:00:00+00:00, run_after=2024-09-28 00:00:00+00:00
[2024-09-28T02:20:03.099+0000] {processor.py:208} INFO - Processing /home/airflow/.local/lib/python3.12/site-packages/airflow/example_dags/example_latest_only_with_trigger.py took 0.084 seconds
[2024-09-28T02:20:33.414+0000] {processor.py:186} INFO - Started process (PID=276) to work on /home/airflow/.local/lib/python3.12/site-packages/airflow/example_dags/example_latest_only_with_trigger.py
[2024-09-28T02:20:33.416+0000] {processor.py:914} INFO - Processing file /home/airflow/.local/lib/python3.12/site-packages/airflow/example_dags/example_latest_only_with_trigger.py for tasks to queue
[2024-09-28T02:20:33.419+0000] {logging_mixin.py:190} INFO - [2024-09-28T02:20:33.418+0000] {dagbag.py:588} INFO - Filling up the DagBag from /home/airflow/.local/lib/python3.12/site-packages/airflow/example_dags/example_latest_only_with_trigger.py
[2024-09-28T02:20:33.427+0000] {processor.py:925} INFO - DAG(s) 'latest_only_with_trigger' retrieved from /home/airflow/.local/lib/python3.12/site-packages/airflow/example_dags/example_latest_only_with_trigger.py
[2024-09-28T02:20:33.454+0000] {logging_mixin.py:190} INFO - [2024-09-28T02:20:33.454+0000] {dag.py:3239} INFO - Sync 1 DAGs
[2024-09-28T02:20:33.488+0000] {logging_mixin.py:190} INFO - [2024-09-28T02:20:33.488+0000] {dag.py:4180} INFO - Setting next_dagrun for latest_only_with_trigger to 2024-09-27 20:00:00+00:00, run_after=2024-09-28 00:00:00+00:00
[2024-09-28T02:20:33.521+0000] {processor.py:208} INFO - Processing /home/airflow/.local/lib/python3.12/site-packages/airflow/example_dags/example_latest_only_with_trigger.py took 0.112 seconds
[2024-09-28T02:21:04.041+0000] {processor.py:186} INFO - Started process (PID=339) to work on /home/airflow/.local/lib/python3.12/site-packages/airflow/example_dags/example_latest_only_with_trigger.py
[2024-09-28T02:21:04.043+0000] {processor.py:914} INFO - Processing file /home/airflow/.local/lib/python3.12/site-packages/airflow/example_dags/example_latest_only_with_trigger.py for tasks to queue
[2024-09-28T02:21:04.047+0000] {logging_mixin.py:190} INFO - [2024-09-28T02:21:04.046+0000] {dagbag.py:588} INFO - Filling up the DagBag from /home/airflow/.local/lib/python3.12/site-packages/airflow/example_dags/example_latest_only_with_trigger.py
[2024-09-28T02:21:04.056+0000] {processor.py:925} INFO - DAG(s) 'latest_only_with_trigger' retrieved from /home/airflow/.local/lib/python3.12/site-packages/airflow/example_dags/example_latest_only_with_trigger.py
[2024-09-28T02:21:04.080+0000] {logging_mixin.py:190} INFO - [2024-09-28T02:21:04.079+0000] {dag.py:3239} INFO - Sync 1 DAGs
[2024-09-28T02:21:04.108+0000] {logging_mixin.py:190} INFO - [2024-09-28T02:21:04.107+0000] {dag.py:4180} INFO - Setting next_dagrun for latest_only_with_trigger to 2024-09-27 20:00:00+00:00, run_after=2024-09-28 00:00:00+00:00
[2024-09-28T02:21:04.134+0000] {processor.py:208} INFO - Processing /home/airflow/.local/lib/python3.12/site-packages/airflow/example_dags/example_latest_only_with_trigger.py took 0.099 seconds
[2024-09-28T02:21:35.182+0000] {processor.py:186} INFO - Started process (PID=402) to work on /home/airflow/.local/lib/python3.12/site-packages/airflow/example_dags/example_latest_only_with_trigger.py
[2024-09-28T02:21:35.183+0000] {processor.py:914} INFO - Processing file /home/airflow/.local/lib/python3.12/site-packages/airflow/example_dags/example_latest_only_with_trigger.py for tasks to queue
[2024-09-28T02:21:35.186+0000] {logging_mixin.py:190} INFO - [2024-09-28T02:21:35.186+0000] {dagbag.py:588} INFO - Filling up the DagBag from /home/airflow/.local/lib/python3.12/site-packages/airflow/example_dags/example_latest_only_with_trigger.py
[2024-09-28T02:21:35.195+0000] {processor.py:925} INFO - DAG(s) 'latest_only_with_trigger' retrieved from /home/airflow/.local/lib/python3.12/site-packages/airflow/example_dags/example_latest_only_with_trigger.py
[2024-09-28T02:21:35.221+0000] {logging_mixin.py:190} INFO - [2024-09-28T02:21:35.221+0000] {dag.py:3239} INFO - Sync 1 DAGs
[2024-09-28T02:21:35.253+0000] {logging_mixin.py:190} INFO - [2024-09-28T02:21:35.253+0000] {dag.py:4180} INFO - Setting next_dagrun for latest_only_with_trigger to 2024-09-27 20:00:00+00:00, run_after=2024-09-28 00:00:00+00:00
[2024-09-28T02:21:35.286+0000] {processor.py:208} INFO - Processing /home/airflow/.local/lib/python3.12/site-packages/airflow/example_dags/example_latest_only_with_trigger.py took 0.111 seconds
[2024-09-28T02:22:06.035+0000] {processor.py:186} INFO - Started process (PID=465) to work on /home/airflow/.local/lib/python3.12/site-packages/airflow/example_dags/example_latest_only_with_trigger.py
[2024-09-28T02:22:06.036+0000] {processor.py:914} INFO - Processing file /home/airflow/.local/lib/python3.12/site-packages/airflow/example_dags/example_latest_only_with_trigger.py for tasks to queue
[2024-09-28T02:22:06.038+0000] {logging_mixin.py:190} INFO - [2024-09-28T02:22:06.038+0000] {dagbag.py:588} INFO - Filling up the DagBag from /home/airflow/.local/lib/python3.12/site-packages/airflow/example_dags/example_latest_only_with_trigger.py
[2024-09-28T02:22:06.045+0000] {processor.py:925} INFO - DAG(s) 'latest_only_with_trigger' retrieved from /home/airflow/.local/lib/python3.12/site-packages/airflow/example_dags/example_latest_only_with_trigger.py
[2024-09-28T02:22:06.064+0000] {logging_mixin.py:190} INFO - [2024-09-28T02:22:06.064+0000] {dag.py:3239} INFO - Sync 1 DAGs
[2024-09-28T02:22:06.087+0000] {logging_mixin.py:190} INFO - [2024-09-28T02:22:06.087+0000] {dag.py:4180} INFO - Setting next_dagrun for latest_only_with_trigger to 2024-09-27 20:00:00+00:00, run_after=2024-09-28 00:00:00+00:00
[2024-09-28T02:22:06.108+0000] {processor.py:208} INFO - Processing /home/airflow/.local/lib/python3.12/site-packages/airflow/example_dags/example_latest_only_with_trigger.py took 0.078 seconds
[2024-09-28T02:22:36.384+0000] {processor.py:186} INFO - Started process (PID=528) to work on /home/airflow/.local/lib/python3.12/site-packages/airflow/example_dags/example_latest_only_with_trigger.py
[2024-09-28T02:22:36.385+0000] {processor.py:914} INFO - Processing file /home/airflow/.local/lib/python3.12/site-packages/airflow/example_dags/example_latest_only_with_trigger.py for tasks to queue
[2024-09-28T02:22:36.387+0000] {logging_mixin.py:190} INFO - [2024-09-28T02:22:36.387+0000] {dagbag.py:588} INFO - Filling up the DagBag from /home/airflow/.local/lib/python3.12/site-packages/airflow/example_dags/example_latest_only_with_trigger.py
[2024-09-28T02:22:36.394+0000] {processor.py:925} INFO - DAG(s) 'latest_only_with_trigger' retrieved from /home/airflow/.local/lib/python3.12/site-packages/airflow/example_dags/example_latest_only_with_trigger.py
[2024-09-28T02:22:36.413+0000] {logging_mixin.py:190} INFO - [2024-09-28T02:22:36.413+0000] {dag.py:3239} INFO - Sync 1 DAGs
[2024-09-28T02:22:36.438+0000] {logging_mixin.py:190} INFO - [2024-09-28T02:22:36.438+0000] {dag.py:4180} INFO - Setting next_dagrun for latest_only_with_trigger to 2024-09-27 20:00:00+00:00, run_after=2024-09-28 00:00:00+00:00
[2024-09-28T02:22:36.460+0000] {processor.py:208} INFO - Processing /home/airflow/.local/lib/python3.12/site-packages/airflow/example_dags/example_latest_only_with_trigger.py took 0.081 seconds
[2024-09-28T02:23:07.348+0000] {processor.py:186} INFO - Started process (PID=592) to work on /home/airflow/.local/lib/python3.12/site-packages/airflow/example_dags/example_latest_only_with_trigger.py
[2024-09-28T02:23:07.349+0000] {processor.py:914} INFO - Processing file /home/airflow/.local/lib/python3.12/site-packages/airflow/example_dags/example_latest_only_with_trigger.py for tasks to queue
[2024-09-28T02:23:07.352+0000] {logging_mixin.py:190} INFO - [2024-09-28T02:23:07.351+0000] {dagbag.py:588} INFO - Filling up the DagBag from /home/airflow/.local/lib/python3.12/site-packages/airflow/example_dags/example_latest_only_with_trigger.py
[2024-09-28T02:23:07.360+0000] {processor.py:925} INFO - DAG(s) 'latest_only_with_trigger' retrieved from /home/airflow/.local/lib/python3.12/site-packages/airflow/example_dags/example_latest_only_with_trigger.py
[2024-09-28T02:23:07.382+0000] {logging_mixin.py:190} INFO - [2024-09-28T02:23:07.382+0000] {dag.py:3239} INFO - Sync 1 DAGs
[2024-09-28T02:23:07.406+0000] {logging_mixin.py:190} INFO - [2024-09-28T02:23:07.406+0000] {dag.py:4180} INFO - Setting next_dagrun for latest_only_with_trigger to 2024-09-27 20:00:00+00:00, run_after=2024-09-28 00:00:00+00:00
[2024-09-28T02:23:07.459+0000] {processor.py:208} INFO - Processing /home/airflow/.local/lib/python3.12/site-packages/airflow/example_dags/example_latest_only_with_trigger.py took 0.116 seconds
[2024-09-28T02:23:37.550+0000] {processor.py:186} INFO - Started process (PID=655) to work on /home/airflow/.local/lib/python3.12/site-packages/airflow/example_dags/example_latest_only_with_trigger.py
[2024-09-28T02:23:37.551+0000] {processor.py:914} INFO - Processing file /home/airflow/.local/lib/python3.12/site-packages/airflow/example_dags/example_latest_only_with_trigger.py for tasks to queue
[2024-09-28T02:23:37.553+0000] {logging_mixin.py:190} INFO - [2024-09-28T02:23:37.553+0000] {dagbag.py:588} INFO - Filling up the DagBag from /home/airflow/.local/lib/python3.12/site-packages/airflow/example_dags/example_latest_only_with_trigger.py
[2024-09-28T02:23:37.559+0000] {processor.py:925} INFO - DAG(s) 'latest_only_with_trigger' retrieved from /home/airflow/.local/lib/python3.12/site-packages/airflow/example_dags/example_latest_only_with_trigger.py
[2024-09-28T02:23:37.579+0000] {logging_mixin.py:190} INFO - [2024-09-28T02:23:37.579+0000] {dag.py:3239} INFO - Sync 1 DAGs
[2024-09-28T02:23:37.604+0000] {logging_mixin.py:190} INFO - [2024-09-28T02:23:37.603+0000] {dag.py:4180} INFO - Setting next_dagrun for latest_only_with_trigger to 2024-09-27 20:00:00+00:00, run_after=2024-09-28 00:00:00+00:00
[2024-09-28T02:23:37.626+0000] {processor.py:208} INFO - Processing /home/airflow/.local/lib/python3.12/site-packages/airflow/example_dags/example_latest_only_with_trigger.py took 0.080 seconds
[2024-09-28T02:24:08.710+0000] {processor.py:186} INFO - Started process (PID=718) to work on /home/airflow/.local/lib/python3.12/site-packages/airflow/example_dags/example_latest_only_with_trigger.py
[2024-09-28T02:24:08.713+0000] {processor.py:914} INFO - Processing file /home/airflow/.local/lib/python3.12/site-packages/airflow/example_dags/example_latest_only_with_trigger.py for tasks to queue
[2024-09-28T02:24:08.716+0000] {logging_mixin.py:190} INFO - [2024-09-28T02:24:08.715+0000] {dagbag.py:588} INFO - Filling up the DagBag from /home/airflow/.local/lib/python3.12/site-packages/airflow/example_dags/example_latest_only_with_trigger.py
[2024-09-28T02:24:08.727+0000] {processor.py:925} INFO - DAG(s) 'latest_only_with_trigger' retrieved from /home/airflow/.local/lib/python3.12/site-packages/airflow/example_dags/example_latest_only_with_trigger.py
[2024-09-28T02:24:08.757+0000] {logging_mixin.py:190} INFO - [2024-09-28T02:24:08.756+0000] {dag.py:3239} INFO - Sync 1 DAGs
[2024-09-28T02:24:08.795+0000] {logging_mixin.py:190} INFO - [2024-09-28T02:24:08.795+0000] {dag.py:4180} INFO - Setting next_dagrun for latest_only_with_trigger to 2024-09-27 20:00:00+00:00, run_after=2024-09-28 00:00:00+00:00
[2024-09-28T02:24:08.828+0000] {processor.py:208} INFO - Processing /home/airflow/.local/lib/python3.12/site-packages/airflow/example_dags/example_latest_only_with_trigger.py took 0.130 seconds
[2024-09-28T02:24:39.192+0000] {processor.py:186} INFO - Started process (PID=781) to work on /home/airflow/.local/lib/python3.12/site-packages/airflow/example_dags/example_latest_only_with_trigger.py
[2024-09-28T02:24:39.194+0000] {processor.py:914} INFO - Processing file /home/airflow/.local/lib/python3.12/site-packages/airflow/example_dags/example_latest_only_with_trigger.py for tasks to queue
[2024-09-28T02:24:39.196+0000] {logging_mixin.py:190} INFO - [2024-09-28T02:24:39.196+0000] {dagbag.py:588} INFO - Filling up the DagBag from /home/airflow/.local/lib/python3.12/site-packages/airflow/example_dags/example_latest_only_with_trigger.py
[2024-09-28T02:24:39.204+0000] {processor.py:925} INFO - DAG(s) 'latest_only_with_trigger' retrieved from /home/airflow/.local/lib/python3.12/site-packages/airflow/example_dags/example_latest_only_with_trigger.py
[2024-09-28T02:24:39.224+0000] {logging_mixin.py:190} INFO - [2024-09-28T02:24:39.224+0000] {dag.py:3239} INFO - Sync 1 DAGs
[2024-09-28T02:24:39.257+0000] {logging_mixin.py:190} INFO - [2024-09-28T02:24:39.256+0000] {dag.py:4180} INFO - Setting next_dagrun for latest_only_with_trigger to 2024-09-27 20:00:00+00:00, run_after=2024-09-28 00:00:00+00:00
[2024-09-28T02:24:39.285+0000] {processor.py:208} INFO - Processing /home/airflow/.local/lib/python3.12/site-packages/airflow/example_dags/example_latest_only_with_trigger.py took 0.098 seconds
[2024-09-28T02:25:09.725+0000] {processor.py:186} INFO - Started process (PID=844) to work on /home/airflow/.local/lib/python3.12/site-packages/airflow/example_dags/example_latest_only_with_trigger.py
[2024-09-28T02:25:09.726+0000] {processor.py:914} INFO - Processing file /home/airflow/.local/lib/python3.12/site-packages/airflow/example_dags/example_latest_only_with_trigger.py for tasks to queue
[2024-09-28T02:25:09.728+0000] {logging_mixin.py:190} INFO - [2024-09-28T02:25:09.728+0000] {dagbag.py:588} INFO - Filling up the DagBag from /home/airflow/.local/lib/python3.12/site-packages/airflow/example_dags/example_latest_only_with_trigger.py
[2024-09-28T02:25:09.736+0000] {processor.py:925} INFO - DAG(s) 'latest_only_with_trigger' retrieved from /home/airflow/.local/lib/python3.12/site-packages/airflow/example_dags/example_latest_only_with_trigger.py
[2024-09-28T02:25:09.757+0000] {logging_mixin.py:190} INFO - [2024-09-28T02:25:09.757+0000] {dag.py:3239} INFO - Sync 1 DAGs
[2024-09-28T02:25:09.780+0000] {logging_mixin.py:190} INFO - [2024-09-28T02:25:09.780+0000] {dag.py:4180} INFO - Setting next_dagrun for latest_only_with_trigger to 2024-09-27 20:00:00+00:00, run_after=2024-09-28 00:00:00+00:00
[2024-09-28T02:25:09.806+0000] {processor.py:208} INFO - Processing /home/airflow/.local/lib/python3.12/site-packages/airflow/example_dags/example_latest_only_with_trigger.py took 0.087 seconds
[2024-09-28T02:25:40.030+0000] {processor.py:186} INFO - Started process (PID=907) to work on /home/airflow/.local/lib/python3.12/site-packages/airflow/example_dags/example_latest_only_with_trigger.py
[2024-09-28T02:25:40.031+0000] {processor.py:914} INFO - Processing file /home/airflow/.local/lib/python3.12/site-packages/airflow/example_dags/example_latest_only_with_trigger.py for tasks to queue
[2024-09-28T02:25:40.033+0000] {logging_mixin.py:190} INFO - [2024-09-28T02:25:40.033+0000] {dagbag.py:588} INFO - Filling up the DagBag from /home/airflow/.local/lib/python3.12/site-packages/airflow/example_dags/example_latest_only_with_trigger.py
[2024-09-28T02:25:40.040+0000] {processor.py:925} INFO - DAG(s) 'latest_only_with_trigger' retrieved from /home/airflow/.local/lib/python3.12/site-packages/airflow/example_dags/example_latest_only_with_trigger.py
[2024-09-28T02:25:40.060+0000] {logging_mixin.py:190} INFO - [2024-09-28T02:25:40.060+0000] {dag.py:3239} INFO - Sync 1 DAGs
[2024-09-28T02:25:40.083+0000] {logging_mixin.py:190} INFO - [2024-09-28T02:25:40.083+0000] {dag.py:4180} INFO - Setting next_dagrun for latest_only_with_trigger to 2024-09-27 20:00:00+00:00, run_after=2024-09-28 00:00:00+00:00
[2024-09-28T02:25:40.109+0000] {processor.py:208} INFO - Processing /home/airflow/.local/lib/python3.12/site-packages/airflow/example_dags/example_latest_only_with_trigger.py took 0.083 seconds
[2024-09-28T02:26:10.429+0000] {processor.py:186} INFO - Started process (PID=970) to work on /home/airflow/.local/lib/python3.12/site-packages/airflow/example_dags/example_latest_only_with_trigger.py
[2024-09-28T02:26:10.430+0000] {processor.py:914} INFO - Processing file /home/airflow/.local/lib/python3.12/site-packages/airflow/example_dags/example_latest_only_with_trigger.py for tasks to queue
[2024-09-28T02:26:10.433+0000] {logging_mixin.py:190} INFO - [2024-09-28T02:26:10.432+0000] {dagbag.py:588} INFO - Filling up the DagBag from /home/airflow/.local/lib/python3.12/site-packages/airflow/example_dags/example_latest_only_with_trigger.py
[2024-09-28T02:26:10.439+0000] {processor.py:925} INFO - DAG(s) 'latest_only_with_trigger' retrieved from /home/airflow/.local/lib/python3.12/site-packages/airflow/example_dags/example_latest_only_with_trigger.py
[2024-09-28T02:26:10.457+0000] {logging_mixin.py:190} INFO - [2024-09-28T02:26:10.457+0000] {dag.py:3239} INFO - Sync 1 DAGs
[2024-09-28T02:26:10.480+0000] {logging_mixin.py:190} INFO - [2024-09-28T02:26:10.479+0000] {dag.py:4180} INFO - Setting next_dagrun for latest_only_with_trigger to 2024-09-27 20:00:00+00:00, run_after=2024-09-28 00:00:00+00:00
[2024-09-28T02:26:10.502+0000] {processor.py:208} INFO - Processing /home/airflow/.local/lib/python3.12/site-packages/airflow/example_dags/example_latest_only_with_trigger.py took 0.078 seconds
[2024-09-28T02:46:04.928+0000] {processor.py:186} INFO - Started process (PID=86) to work on /home/airflow/.local/lib/python3.12/site-packages/airflow/example_dags/example_latest_only_with_trigger.py
[2024-09-28T02:46:04.930+0000] {processor.py:914} INFO - Processing file /home/airflow/.local/lib/python3.12/site-packages/airflow/example_dags/example_latest_only_with_trigger.py for tasks to queue
[2024-09-28T02:46:04.932+0000] {logging_mixin.py:190} INFO - [2024-09-28T02:46:04.932+0000] {dagbag.py:588} INFO - Filling up the DagBag from /home/airflow/.local/lib/python3.12/site-packages/airflow/example_dags/example_latest_only_with_trigger.py
[2024-09-28T02:46:04.940+0000] {processor.py:925} INFO - DAG(s) 'latest_only_with_trigger' retrieved from /home/airflow/.local/lib/python3.12/site-packages/airflow/example_dags/example_latest_only_with_trigger.py
[2024-09-28T02:46:04.965+0000] {logging_mixin.py:190} INFO - [2024-09-28T02:46:04.965+0000] {dag.py:3239} INFO - Sync 1 DAGs
[2024-09-28T02:46:04.999+0000] {logging_mixin.py:190} INFO - [2024-09-28T02:46:04.998+0000] {dag.py:4180} INFO - Setting next_dagrun for latest_only_with_trigger to 2024-09-27 20:00:00+00:00, run_after=2024-09-28 00:00:00+00:00
[2024-09-28T02:46:05.041+0000] {processor.py:208} INFO - Processing /home/airflow/.local/lib/python3.12/site-packages/airflow/example_dags/example_latest_only_with_trigger.py took 0.118 seconds
[2024-09-28T02:46:36.819+0000] {processor.py:186} INFO - Started process (PID=149) to work on /home/airflow/.local/lib/python3.12/site-packages/airflow/example_dags/example_latest_only_with_trigger.py
[2024-09-28T02:46:36.821+0000] {processor.py:914} INFO - Processing file /home/airflow/.local/lib/python3.12/site-packages/airflow/example_dags/example_latest_only_with_trigger.py for tasks to queue
[2024-09-28T02:46:36.827+0000] {logging_mixin.py:190} INFO - [2024-09-28T02:46:36.825+0000] {dagbag.py:588} INFO - Filling up the DagBag from /home/airflow/.local/lib/python3.12/site-packages/airflow/example_dags/example_latest_only_with_trigger.py
[2024-09-28T02:46:36.840+0000] {processor.py:925} INFO - DAG(s) 'latest_only_with_trigger' retrieved from /home/airflow/.local/lib/python3.12/site-packages/airflow/example_dags/example_latest_only_with_trigger.py
[2024-09-28T02:46:36.869+0000] {logging_mixin.py:190} INFO - [2024-09-28T02:46:36.869+0000] {dag.py:3239} INFO - Sync 1 DAGs
[2024-09-28T02:46:36.902+0000] {logging_mixin.py:190} INFO - [2024-09-28T02:46:36.902+0000] {dag.py:4180} INFO - Setting next_dagrun for latest_only_with_trigger to 2024-09-27 20:00:00+00:00, run_after=2024-09-28 00:00:00+00:00
[2024-09-28T02:46:36.934+0000] {processor.py:208} INFO - Processing /home/airflow/.local/lib/python3.12/site-packages/airflow/example_dags/example_latest_only_with_trigger.py took 0.122 seconds
[2024-09-28T02:47:08.848+0000] {processor.py:186} INFO - Started process (PID=212) to work on /home/airflow/.local/lib/python3.12/site-packages/airflow/example_dags/example_latest_only_with_trigger.py
[2024-09-28T02:47:08.850+0000] {processor.py:914} INFO - Processing file /home/airflow/.local/lib/python3.12/site-packages/airflow/example_dags/example_latest_only_with_trigger.py for tasks to queue
[2024-09-28T02:47:08.864+0000] {logging_mixin.py:190} INFO - [2024-09-28T02:47:08.863+0000] {dagbag.py:588} INFO - Filling up the DagBag from /home/airflow/.local/lib/python3.12/site-packages/airflow/example_dags/example_latest_only_with_trigger.py
[2024-09-28T02:47:08.889+0000] {processor.py:925} INFO - DAG(s) 'latest_only_with_trigger' retrieved from /home/airflow/.local/lib/python3.12/site-packages/airflow/example_dags/example_latest_only_with_trigger.py
[2024-09-28T02:47:08.923+0000] {logging_mixin.py:190} INFO - [2024-09-28T02:47:08.922+0000] {dag.py:3239} INFO - Sync 1 DAGs
[2024-09-28T02:47:08.959+0000] {logging_mixin.py:190} INFO - [2024-09-28T02:47:08.959+0000] {dag.py:4180} INFO - Setting next_dagrun for latest_only_with_trigger to 2024-09-27 20:00:00+00:00, run_after=2024-09-28 00:00:00+00:00
[2024-09-28T02:47:08.994+0000] {processor.py:208} INFO - Processing /home/airflow/.local/lib/python3.12/site-packages/airflow/example_dags/example_latest_only_with_trigger.py took 0.156 seconds
[2024-09-28T02:47:39.265+0000] {processor.py:186} INFO - Started process (PID=276) to work on /home/airflow/.local/lib/python3.12/site-packages/airflow/example_dags/example_latest_only_with_trigger.py
[2024-09-28T02:47:39.267+0000] {processor.py:914} INFO - Processing file /home/airflow/.local/lib/python3.12/site-packages/airflow/example_dags/example_latest_only_with_trigger.py for tasks to queue
[2024-09-28T02:47:39.269+0000] {logging_mixin.py:190} INFO - [2024-09-28T02:47:39.268+0000] {dagbag.py:588} INFO - Filling up the DagBag from /home/airflow/.local/lib/python3.12/site-packages/airflow/example_dags/example_latest_only_with_trigger.py
[2024-09-28T02:47:39.275+0000] {processor.py:925} INFO - DAG(s) 'latest_only_with_trigger' retrieved from /home/airflow/.local/lib/python3.12/site-packages/airflow/example_dags/example_latest_only_with_trigger.py
[2024-09-28T02:47:39.295+0000] {logging_mixin.py:190} INFO - [2024-09-28T02:47:39.295+0000] {dag.py:3239} INFO - Sync 1 DAGs
[2024-09-28T02:47:39.318+0000] {logging_mixin.py:190} INFO - [2024-09-28T02:47:39.318+0000] {dag.py:4180} INFO - Setting next_dagrun for latest_only_with_trigger to 2024-09-27 20:00:00+00:00, run_after=2024-09-28 00:00:00+00:00
[2024-09-28T02:47:39.344+0000] {processor.py:208} INFO - Processing /home/airflow/.local/lib/python3.12/site-packages/airflow/example_dags/example_latest_only_with_trigger.py took 0.083 seconds
[2024-09-28T02:48:11.255+0000] {processor.py:186} INFO - Started process (PID=339) to work on /home/airflow/.local/lib/python3.12/site-packages/airflow/example_dags/example_latest_only_with_trigger.py
[2024-09-28T02:48:11.257+0000] {processor.py:914} INFO - Processing file /home/airflow/.local/lib/python3.12/site-packages/airflow/example_dags/example_latest_only_with_trigger.py for tasks to queue
[2024-09-28T02:48:11.260+0000] {logging_mixin.py:190} INFO - [2024-09-28T02:48:11.259+0000] {dagbag.py:588} INFO - Filling up the DagBag from /home/airflow/.local/lib/python3.12/site-packages/airflow/example_dags/example_latest_only_with_trigger.py
[2024-09-28T02:48:11.275+0000] {processor.py:925} INFO - DAG(s) 'latest_only_with_trigger' retrieved from /home/airflow/.local/lib/python3.12/site-packages/airflow/example_dags/example_latest_only_with_trigger.py
[2024-09-28T02:48:11.307+0000] {logging_mixin.py:190} INFO - [2024-09-28T02:48:11.307+0000] {dag.py:3239} INFO - Sync 1 DAGs
[2024-09-28T02:48:11.345+0000] {logging_mixin.py:190} INFO - [2024-09-28T02:48:11.345+0000] {dag.py:4180} INFO - Setting next_dagrun for latest_only_with_trigger to 2024-09-27 20:00:00+00:00, run_after=2024-09-28 00:00:00+00:00
[2024-09-28T02:48:11.381+0000] {processor.py:208} INFO - Processing /home/airflow/.local/lib/python3.12/site-packages/airflow/example_dags/example_latest_only_with_trigger.py took 0.135 seconds
[2024-09-28T02:48:42.258+0000] {processor.py:186} INFO - Started process (PID=402) to work on /home/airflow/.local/lib/python3.12/site-packages/airflow/example_dags/example_latest_only_with_trigger.py
[2024-09-28T02:48:42.259+0000] {processor.py:914} INFO - Processing file /home/airflow/.local/lib/python3.12/site-packages/airflow/example_dags/example_latest_only_with_trigger.py for tasks to queue
[2024-09-28T02:48:42.261+0000] {logging_mixin.py:190} INFO - [2024-09-28T02:48:42.261+0000] {dagbag.py:588} INFO - Filling up the DagBag from /home/airflow/.local/lib/python3.12/site-packages/airflow/example_dags/example_latest_only_with_trigger.py
[2024-09-28T02:48:42.269+0000] {processor.py:925} INFO - DAG(s) 'latest_only_with_trigger' retrieved from /home/airflow/.local/lib/python3.12/site-packages/airflow/example_dags/example_latest_only_with_trigger.py
[2024-09-28T02:48:42.290+0000] {logging_mixin.py:190} INFO - [2024-09-28T02:48:42.289+0000] {dag.py:3239} INFO - Sync 1 DAGs
[2024-09-28T02:48:42.315+0000] {logging_mixin.py:190} INFO - [2024-09-28T02:48:42.314+0000] {dag.py:4180} INFO - Setting next_dagrun for latest_only_with_trigger to 2024-09-27 20:00:00+00:00, run_after=2024-09-28 00:00:00+00:00
[2024-09-28T02:48:42.339+0000] {processor.py:208} INFO - Processing /home/airflow/.local/lib/python3.12/site-packages/airflow/example_dags/example_latest_only_with_trigger.py took 0.086 seconds
[2024-09-28T02:49:12.850+0000] {processor.py:186} INFO - Started process (PID=465) to work on /home/airflow/.local/lib/python3.12/site-packages/airflow/example_dags/example_latest_only_with_trigger.py
[2024-09-28T02:49:12.867+0000] {processor.py:914} INFO - Processing file /home/airflow/.local/lib/python3.12/site-packages/airflow/example_dags/example_latest_only_with_trigger.py for tasks to queue
[2024-09-28T02:49:12.869+0000] {logging_mixin.py:190} INFO - [2024-09-28T02:49:12.869+0000] {dagbag.py:588} INFO - Filling up the DagBag from /home/airflow/.local/lib/python3.12/site-packages/airflow/example_dags/example_latest_only_with_trigger.py
[2024-09-28T02:49:12.879+0000] {processor.py:925} INFO - DAG(s) 'latest_only_with_trigger' retrieved from /home/airflow/.local/lib/python3.12/site-packages/airflow/example_dags/example_latest_only_with_trigger.py
[2024-09-28T02:49:12.904+0000] {logging_mixin.py:190} INFO - [2024-09-28T02:49:12.904+0000] {dag.py:3239} INFO - Sync 1 DAGs
[2024-09-28T02:49:12.927+0000] {logging_mixin.py:190} INFO - [2024-09-28T02:49:12.927+0000] {dag.py:4180} INFO - Setting next_dagrun for latest_only_with_trigger to 2024-09-27 20:00:00+00:00, run_after=2024-09-28 00:00:00+00:00
[2024-09-28T02:49:12.950+0000] {processor.py:208} INFO - Processing /home/airflow/.local/lib/python3.12/site-packages/airflow/example_dags/example_latest_only_with_trigger.py took 0.107 seconds
[2024-09-28T02:49:43.242+0000] {processor.py:186} INFO - Started process (PID=528) to work on /home/airflow/.local/lib/python3.12/site-packages/airflow/example_dags/example_latest_only_with_trigger.py
[2024-09-28T02:49:43.243+0000] {processor.py:914} INFO - Processing file /home/airflow/.local/lib/python3.12/site-packages/airflow/example_dags/example_latest_only_with_trigger.py for tasks to queue
[2024-09-28T02:49:43.245+0000] {logging_mixin.py:190} INFO - [2024-09-28T02:49:43.245+0000] {dagbag.py:588} INFO - Filling up the DagBag from /home/airflow/.local/lib/python3.12/site-packages/airflow/example_dags/example_latest_only_with_trigger.py
[2024-09-28T02:49:43.253+0000] {processor.py:925} INFO - DAG(s) 'latest_only_with_trigger' retrieved from /home/airflow/.local/lib/python3.12/site-packages/airflow/example_dags/example_latest_only_with_trigger.py
[2024-09-28T02:49:43.273+0000] {logging_mixin.py:190} INFO - [2024-09-28T02:49:43.273+0000] {dag.py:3239} INFO - Sync 1 DAGs
[2024-09-28T02:49:43.296+0000] {logging_mixin.py:190} INFO - [2024-09-28T02:49:43.296+0000] {dag.py:4180} INFO - Setting next_dagrun for latest_only_with_trigger to 2024-09-27 20:00:00+00:00, run_after=2024-09-28 00:00:00+00:00
[2024-09-28T02:49:43.321+0000] {processor.py:208} INFO - Processing /home/airflow/.local/lib/python3.12/site-packages/airflow/example_dags/example_latest_only_with_trigger.py took 0.083 seconds
[2024-09-28T02:50:14.132+0000] {processor.py:186} INFO - Started process (PID=592) to work on /home/airflow/.local/lib/python3.12/site-packages/airflow/example_dags/example_latest_only_with_trigger.py
[2024-09-28T02:50:14.133+0000] {processor.py:914} INFO - Processing file /home/airflow/.local/lib/python3.12/site-packages/airflow/example_dags/example_latest_only_with_trigger.py for tasks to queue
[2024-09-28T02:50:14.136+0000] {logging_mixin.py:190} INFO - [2024-09-28T02:50:14.135+0000] {dagbag.py:588} INFO - Filling up the DagBag from /home/airflow/.local/lib/python3.12/site-packages/airflow/example_dags/example_latest_only_with_trigger.py
[2024-09-28T02:50:14.142+0000] {processor.py:925} INFO - DAG(s) 'latest_only_with_trigger' retrieved from /home/airflow/.local/lib/python3.12/site-packages/airflow/example_dags/example_latest_only_with_trigger.py
[2024-09-28T02:50:14.162+0000] {logging_mixin.py:190} INFO - [2024-09-28T02:50:14.161+0000] {dag.py:3239} INFO - Sync 1 DAGs
[2024-09-28T02:50:14.185+0000] {logging_mixin.py:190} INFO - [2024-09-28T02:50:14.185+0000] {dag.py:4180} INFO - Setting next_dagrun for latest_only_with_trigger to 2024-09-27 20:00:00+00:00, run_after=2024-09-28 00:00:00+00:00
[2024-09-28T02:50:14.208+0000] {processor.py:208} INFO - Processing /home/airflow/.local/lib/python3.12/site-packages/airflow/example_dags/example_latest_only_with_trigger.py took 0.081 seconds
[2024-09-28T02:50:44.621+0000] {processor.py:186} INFO - Started process (PID=655) to work on /home/airflow/.local/lib/python3.12/site-packages/airflow/example_dags/example_latest_only_with_trigger.py
[2024-09-28T02:50:44.622+0000] {processor.py:914} INFO - Processing file /home/airflow/.local/lib/python3.12/site-packages/airflow/example_dags/example_latest_only_with_trigger.py for tasks to queue
[2024-09-28T02:50:44.624+0000] {logging_mixin.py:190} INFO - [2024-09-28T02:50:44.624+0000] {dagbag.py:588} INFO - Filling up the DagBag from /home/airflow/.local/lib/python3.12/site-packages/airflow/example_dags/example_latest_only_with_trigger.py
[2024-09-28T02:50:44.632+0000] {processor.py:925} INFO - DAG(s) 'latest_only_with_trigger' retrieved from /home/airflow/.local/lib/python3.12/site-packages/airflow/example_dags/example_latest_only_with_trigger.py
[2024-09-28T02:50:44.652+0000] {logging_mixin.py:190} INFO - [2024-09-28T02:50:44.652+0000] {dag.py:3239} INFO - Sync 1 DAGs
[2024-09-28T02:50:44.675+0000] {logging_mixin.py:190} INFO - [2024-09-28T02:50:44.675+0000] {dag.py:4180} INFO - Setting next_dagrun for latest_only_with_trigger to 2024-09-27 20:00:00+00:00, run_after=2024-09-28 00:00:00+00:00
[2024-09-28T02:50:44.701+0000] {processor.py:208} INFO - Processing /home/airflow/.local/lib/python3.12/site-packages/airflow/example_dags/example_latest_only_with_trigger.py took 0.085 seconds
[2024-09-28T02:51:15.610+0000] {processor.py:186} INFO - Started process (PID=718) to work on /home/airflow/.local/lib/python3.12/site-packages/airflow/example_dags/example_latest_only_with_trigger.py
[2024-09-28T02:51:15.611+0000] {processor.py:914} INFO - Processing file /home/airflow/.local/lib/python3.12/site-packages/airflow/example_dags/example_latest_only_with_trigger.py for tasks to queue
[2024-09-28T02:51:15.615+0000] {logging_mixin.py:190} INFO - [2024-09-28T02:51:15.614+0000] {dagbag.py:588} INFO - Filling up the DagBag from /home/airflow/.local/lib/python3.12/site-packages/airflow/example_dags/example_latest_only_with_trigger.py
[2024-09-28T02:51:15.626+0000] {processor.py:925} INFO - DAG(s) 'latest_only_with_trigger' retrieved from /home/airflow/.local/lib/python3.12/site-packages/airflow/example_dags/example_latest_only_with_trigger.py
[2024-09-28T02:51:15.659+0000] {logging_mixin.py:190} INFO - [2024-09-28T02:51:15.659+0000] {dag.py:3239} INFO - Sync 1 DAGs
[2024-09-28T02:51:15.699+0000] {logging_mixin.py:190} INFO - [2024-09-28T02:51:15.699+0000] {dag.py:4180} INFO - Setting next_dagrun for latest_only_with_trigger to 2024-09-27 20:00:00+00:00, run_after=2024-09-28 00:00:00+00:00
[2024-09-28T02:51:15.734+0000] {processor.py:208} INFO - Processing /home/airflow/.local/lib/python3.12/site-packages/airflow/example_dags/example_latest_only_with_trigger.py took 0.132 seconds
[2024-09-28T02:51:46.675+0000] {processor.py:186} INFO - Started process (PID=781) to work on /home/airflow/.local/lib/python3.12/site-packages/airflow/example_dags/example_latest_only_with_trigger.py
[2024-09-28T02:51:46.677+0000] {processor.py:914} INFO - Processing file /home/airflow/.local/lib/python3.12/site-packages/airflow/example_dags/example_latest_only_with_trigger.py for tasks to queue
[2024-09-28T02:51:46.680+0000] {logging_mixin.py:190} INFO - [2024-09-28T02:51:46.680+0000] {dagbag.py:588} INFO - Filling up the DagBag from /home/airflow/.local/lib/python3.12/site-packages/airflow/example_dags/example_latest_only_with_trigger.py
[2024-09-28T02:51:46.690+0000] {processor.py:925} INFO - DAG(s) 'latest_only_with_trigger' retrieved from /home/airflow/.local/lib/python3.12/site-packages/airflow/example_dags/example_latest_only_with_trigger.py
[2024-09-28T02:51:46.968+0000] {logging_mixin.py:190} INFO - [2024-09-28T02:51:46.963+0000] {dag.py:3239} INFO - Sync 1 DAGs
[2024-09-28T02:51:47.012+0000] {logging_mixin.py:190} INFO - [2024-09-28T02:51:47.012+0000] {dag.py:4180} INFO - Setting next_dagrun for latest_only_with_trigger to 2024-09-27 20:00:00+00:00, run_after=2024-09-28 00:00:00+00:00
[2024-09-28T02:51:47.053+0000] {processor.py:208} INFO - Processing /home/airflow/.local/lib/python3.12/site-packages/airflow/example_dags/example_latest_only_with_trigger.py took 0.385 seconds
[2024-09-28T03:30:34.104+0000] {processor.py:186} INFO - Started process (PID=852) to work on /home/airflow/.local/lib/python3.12/site-packages/airflow/example_dags/example_latest_only_with_trigger.py
[2024-09-28T03:30:34.106+0000] {processor.py:914} INFO - Processing file /home/airflow/.local/lib/python3.12/site-packages/airflow/example_dags/example_latest_only_with_trigger.py for tasks to queue
[2024-09-28T03:30:34.108+0000] {logging_mixin.py:190} INFO - [2024-09-28T03:30:34.108+0000] {dagbag.py:588} INFO - Filling up the DagBag from /home/airflow/.local/lib/python3.12/site-packages/airflow/example_dags/example_latest_only_with_trigger.py
[2024-09-28T03:30:34.116+0000] {processor.py:925} INFO - DAG(s) 'latest_only_with_trigger' retrieved from /home/airflow/.local/lib/python3.12/site-packages/airflow/example_dags/example_latest_only_with_trigger.py
[2024-09-28T03:30:34.141+0000] {logging_mixin.py:190} INFO - [2024-09-28T03:30:34.141+0000] {dag.py:3239} INFO - Sync 1 DAGs
[2024-09-28T03:30:34.168+0000] {logging_mixin.py:190} INFO - [2024-09-28T03:30:34.168+0000] {dag.py:4180} INFO - Setting next_dagrun for latest_only_with_trigger to 2024-09-27 20:00:00+00:00, run_after=2024-09-28 00:00:00+00:00
[2024-09-28T03:30:34.195+0000] {processor.py:208} INFO - Processing /home/airflow/.local/lib/python3.12/site-packages/airflow/example_dags/example_latest_only_with_trigger.py took 0.096 seconds
[2024-09-28T03:34:14.051+0000] {processor.py:186} INFO - Started process (PID=909) to work on /home/airflow/.local/lib/python3.12/site-packages/airflow/example_dags/example_latest_only_with_trigger.py
[2024-09-28T03:34:14.052+0000] {processor.py:914} INFO - Processing file /home/airflow/.local/lib/python3.12/site-packages/airflow/example_dags/example_latest_only_with_trigger.py for tasks to queue
[2024-09-28T03:34:14.054+0000] {logging_mixin.py:190} INFO - [2024-09-28T03:34:14.053+0000] {dagbag.py:588} INFO - Filling up the DagBag from /home/airflow/.local/lib/python3.12/site-packages/airflow/example_dags/example_latest_only_with_trigger.py
[2024-09-28T03:34:14.062+0000] {processor.py:925} INFO - DAG(s) 'latest_only_with_trigger' retrieved from /home/airflow/.local/lib/python3.12/site-packages/airflow/example_dags/example_latest_only_with_trigger.py
[2024-09-28T03:34:14.085+0000] {logging_mixin.py:190} INFO - [2024-09-28T03:34:14.085+0000] {dag.py:3239} INFO - Sync 1 DAGs
[2024-09-28T03:34:14.113+0000] {logging_mixin.py:190} INFO - [2024-09-28T03:34:14.113+0000] {dag.py:4180} INFO - Setting next_dagrun for latest_only_with_trigger to 2024-09-27 20:00:00+00:00, run_after=2024-09-28 00:00:00+00:00
[2024-09-28T03:34:14.139+0000] {processor.py:208} INFO - Processing /home/airflow/.local/lib/python3.12/site-packages/airflow/example_dags/example_latest_only_with_trigger.py took 0.094 seconds
[2024-09-28T03:34:44.625+0000] {processor.py:186} INFO - Started process (PID=972) to work on /home/airflow/.local/lib/python3.12/site-packages/airflow/example_dags/example_latest_only_with_trigger.py
[2024-09-28T03:34:44.626+0000] {processor.py:914} INFO - Processing file /home/airflow/.local/lib/python3.12/site-packages/airflow/example_dags/example_latest_only_with_trigger.py for tasks to queue
[2024-09-28T03:34:44.627+0000] {logging_mixin.py:190} INFO - [2024-09-28T03:34:44.627+0000] {dagbag.py:588} INFO - Filling up the DagBag from /home/airflow/.local/lib/python3.12/site-packages/airflow/example_dags/example_latest_only_with_trigger.py
[2024-09-28T03:34:44.635+0000] {processor.py:925} INFO - DAG(s) 'latest_only_with_trigger' retrieved from /home/airflow/.local/lib/python3.12/site-packages/airflow/example_dags/example_latest_only_with_trigger.py
[2024-09-28T03:34:44.654+0000] {logging_mixin.py:190} INFO - [2024-09-28T03:34:44.654+0000] {dag.py:3239} INFO - Sync 1 DAGs
[2024-09-28T03:34:44.679+0000] {logging_mixin.py:190} INFO - [2024-09-28T03:34:44.679+0000] {dag.py:4180} INFO - Setting next_dagrun for latest_only_with_trigger to 2024-09-27 20:00:00+00:00, run_after=2024-09-28 00:00:00+00:00
[2024-09-28T03:34:44.703+0000] {processor.py:208} INFO - Processing /home/airflow/.local/lib/python3.12/site-packages/airflow/example_dags/example_latest_only_with_trigger.py took 0.084 seconds
[2024-09-28T03:40:11.289+0000] {processor.py:186} INFO - Started process (PID=101) to work on /home/airflow/.local/lib/python3.12/site-packages/airflow/example_dags/example_latest_only_with_trigger.py
[2024-09-28T03:40:11.311+0000] {processor.py:914} INFO - Processing file /home/airflow/.local/lib/python3.12/site-packages/airflow/example_dags/example_latest_only_with_trigger.py for tasks to queue
[2024-09-28T03:40:11.314+0000] {logging_mixin.py:190} INFO - [2024-09-28T03:40:11.313+0000] {dagbag.py:588} INFO - Filling up the DagBag from /home/airflow/.local/lib/python3.12/site-packages/airflow/example_dags/example_latest_only_with_trigger.py
[2024-09-28T03:40:11.323+0000] {processor.py:925} INFO - DAG(s) 'latest_only_with_trigger' retrieved from /home/airflow/.local/lib/python3.12/site-packages/airflow/example_dags/example_latest_only_with_trigger.py
[2024-09-28T03:40:11.394+0000] {logging_mixin.py:190} INFO - [2024-09-28T03:40:11.394+0000] {dag.py:3239} INFO - Sync 1 DAGs
[2024-09-28T03:40:11.416+0000] {logging_mixin.py:190} INFO - [2024-09-28T03:40:11.416+0000] {dag.py:4180} INFO - Setting next_dagrun for latest_only_with_trigger to 2024-09-27 20:00:00+00:00, run_after=2024-09-28 00:00:00+00:00
[2024-09-28T03:40:11.495+0000] {processor.py:208} INFO - Processing /home/airflow/.local/lib/python3.12/site-packages/airflow/example_dags/example_latest_only_with_trigger.py took 0.212 seconds
[2024-09-28T03:40:41.734+0000] {processor.py:186} INFO - Started process (PID=175) to work on /home/airflow/.local/lib/python3.12/site-packages/airflow/example_dags/example_latest_only_with_trigger.py
[2024-09-28T03:40:41.735+0000] {processor.py:914} INFO - Processing file /home/airflow/.local/lib/python3.12/site-packages/airflow/example_dags/example_latest_only_with_trigger.py for tasks to queue
[2024-09-28T03:40:41.737+0000] {logging_mixin.py:190} INFO - [2024-09-28T03:40:41.737+0000] {dagbag.py:588} INFO - Filling up the DagBag from /home/airflow/.local/lib/python3.12/site-packages/airflow/example_dags/example_latest_only_with_trigger.py
[2024-09-28T03:40:41.744+0000] {processor.py:925} INFO - DAG(s) 'latest_only_with_trigger' retrieved from /home/airflow/.local/lib/python3.12/site-packages/airflow/example_dags/example_latest_only_with_trigger.py
[2024-09-28T03:40:41.766+0000] {logging_mixin.py:190} INFO - [2024-09-28T03:40:41.765+0000] {dag.py:3239} INFO - Sync 1 DAGs
[2024-09-28T03:40:41.789+0000] {logging_mixin.py:190} INFO - [2024-09-28T03:40:41.789+0000] {dag.py:4180} INFO - Setting next_dagrun for latest_only_with_trigger to 2024-09-27 20:00:00+00:00, run_after=2024-09-28 00:00:00+00:00
[2024-09-28T03:40:41.813+0000] {processor.py:208} INFO - Processing /home/airflow/.local/lib/python3.12/site-packages/airflow/example_dags/example_latest_only_with_trigger.py took 0.083 seconds
[2024-09-28T03:41:12.999+0000] {processor.py:186} INFO - Started process (PID=249) to work on /home/airflow/.local/lib/python3.12/site-packages/airflow/example_dags/example_latest_only_with_trigger.py
[2024-09-28T03:41:13.000+0000] {processor.py:914} INFO - Processing file /home/airflow/.local/lib/python3.12/site-packages/airflow/example_dags/example_latest_only_with_trigger.py for tasks to queue
[2024-09-28T03:41:13.003+0000] {logging_mixin.py:190} INFO - [2024-09-28T03:41:13.002+0000] {dagbag.py:588} INFO - Filling up the DagBag from /home/airflow/.local/lib/python3.12/site-packages/airflow/example_dags/example_latest_only_with_trigger.py
[2024-09-28T03:41:13.009+0000] {processor.py:925} INFO - DAG(s) 'latest_only_with_trigger' retrieved from /home/airflow/.local/lib/python3.12/site-packages/airflow/example_dags/example_latest_only_with_trigger.py
[2024-09-28T03:41:13.030+0000] {logging_mixin.py:190} INFO - [2024-09-28T03:41:13.030+0000] {dag.py:3239} INFO - Sync 1 DAGs
[2024-09-28T03:41:13.057+0000] {logging_mixin.py:190} INFO - [2024-09-28T03:41:13.057+0000] {dag.py:4180} INFO - Setting next_dagrun for latest_only_with_trigger to 2024-09-27 20:00:00+00:00, run_after=2024-09-28 00:00:00+00:00
[2024-09-28T03:41:13.082+0000] {processor.py:208} INFO - Processing /home/airflow/.local/lib/python3.12/site-packages/airflow/example_dags/example_latest_only_with_trigger.py took 0.088 seconds
[2024-09-28T03:41:43.803+0000] {processor.py:186} INFO - Started process (PID=323) to work on /home/airflow/.local/lib/python3.12/site-packages/airflow/example_dags/example_latest_only_with_trigger.py
[2024-09-28T03:41:43.804+0000] {processor.py:914} INFO - Processing file /home/airflow/.local/lib/python3.12/site-packages/airflow/example_dags/example_latest_only_with_trigger.py for tasks to queue
[2024-09-28T03:41:43.807+0000] {logging_mixin.py:190} INFO - [2024-09-28T03:41:43.807+0000] {dagbag.py:588} INFO - Filling up the DagBag from /home/airflow/.local/lib/python3.12/site-packages/airflow/example_dags/example_latest_only_with_trigger.py
[2024-09-28T03:41:43.815+0000] {processor.py:925} INFO - DAG(s) 'latest_only_with_trigger' retrieved from /home/airflow/.local/lib/python3.12/site-packages/airflow/example_dags/example_latest_only_with_trigger.py
[2024-09-28T03:41:43.839+0000] {logging_mixin.py:190} INFO - [2024-09-28T03:41:43.838+0000] {dag.py:3239} INFO - Sync 1 DAGs
[2024-09-28T03:41:43.866+0000] {logging_mixin.py:190} INFO - [2024-09-28T03:41:43.865+0000] {dag.py:4180} INFO - Setting next_dagrun for latest_only_with_trigger to 2024-09-27 20:00:00+00:00, run_after=2024-09-28 00:00:00+00:00
[2024-09-28T03:41:43.891+0000] {processor.py:208} INFO - Processing /home/airflow/.local/lib/python3.12/site-packages/airflow/example_dags/example_latest_only_with_trigger.py took 0.094 seconds
[2024-09-28T03:42:14.153+0000] {processor.py:186} INFO - Started process (PID=397) to work on /home/airflow/.local/lib/python3.12/site-packages/airflow/example_dags/example_latest_only_with_trigger.py
[2024-09-28T03:42:14.155+0000] {processor.py:914} INFO - Processing file /home/airflow/.local/lib/python3.12/site-packages/airflow/example_dags/example_latest_only_with_trigger.py for tasks to queue
[2024-09-28T03:42:14.158+0000] {logging_mixin.py:190} INFO - [2024-09-28T03:42:14.157+0000] {dagbag.py:588} INFO - Filling up the DagBag from /home/airflow/.local/lib/python3.12/site-packages/airflow/example_dags/example_latest_only_with_trigger.py
[2024-09-28T03:42:14.167+0000] {processor.py:925} INFO - DAG(s) 'latest_only_with_trigger' retrieved from /home/airflow/.local/lib/python3.12/site-packages/airflow/example_dags/example_latest_only_with_trigger.py
[2024-09-28T03:42:14.187+0000] {logging_mixin.py:190} INFO - [2024-09-28T03:42:14.186+0000] {dag.py:3239} INFO - Sync 1 DAGs
[2024-09-28T03:42:14.210+0000] {logging_mixin.py:190} INFO - [2024-09-28T03:42:14.210+0000] {dag.py:4180} INFO - Setting next_dagrun for latest_only_with_trigger to 2024-09-27 20:00:00+00:00, run_after=2024-09-28 00:00:00+00:00
[2024-09-28T03:42:14.240+0000] {processor.py:208} INFO - Processing /home/airflow/.local/lib/python3.12/site-packages/airflow/example_dags/example_latest_only_with_trigger.py took 0.092 seconds
[2024-09-28T03:42:44.519+0000] {processor.py:186} INFO - Started process (PID=471) to work on /home/airflow/.local/lib/python3.12/site-packages/airflow/example_dags/example_latest_only_with_trigger.py
[2024-09-28T03:42:44.520+0000] {processor.py:914} INFO - Processing file /home/airflow/.local/lib/python3.12/site-packages/airflow/example_dags/example_latest_only_with_trigger.py for tasks to queue
[2024-09-28T03:42:44.523+0000] {logging_mixin.py:190} INFO - [2024-09-28T03:42:44.522+0000] {dagbag.py:588} INFO - Filling up the DagBag from /home/airflow/.local/lib/python3.12/site-packages/airflow/example_dags/example_latest_only_with_trigger.py
[2024-09-28T03:42:44.529+0000] {processor.py:925} INFO - DAG(s) 'latest_only_with_trigger' retrieved from /home/airflow/.local/lib/python3.12/site-packages/airflow/example_dags/example_latest_only_with_trigger.py
[2024-09-28T03:42:44.549+0000] {logging_mixin.py:190} INFO - [2024-09-28T03:42:44.548+0000] {dag.py:3239} INFO - Sync 1 DAGs
[2024-09-28T03:42:44.571+0000] {logging_mixin.py:190} INFO - [2024-09-28T03:42:44.571+0000] {dag.py:4180} INFO - Setting next_dagrun for latest_only_with_trigger to 2024-09-27 20:00:00+00:00, run_after=2024-09-28 00:00:00+00:00
[2024-09-28T03:42:44.594+0000] {processor.py:208} INFO - Processing /home/airflow/.local/lib/python3.12/site-packages/airflow/example_dags/example_latest_only_with_trigger.py took 0.079 seconds
[2024-09-28T03:43:15.341+0000] {processor.py:186} INFO - Started process (PID=545) to work on /home/airflow/.local/lib/python3.12/site-packages/airflow/example_dags/example_latest_only_with_trigger.py
[2024-09-28T03:43:15.342+0000] {processor.py:914} INFO - Processing file /home/airflow/.local/lib/python3.12/site-packages/airflow/example_dags/example_latest_only_with_trigger.py for tasks to queue
[2024-09-28T03:43:15.345+0000] {logging_mixin.py:190} INFO - [2024-09-28T03:43:15.345+0000] {dagbag.py:588} INFO - Filling up the DagBag from /home/airflow/.local/lib/python3.12/site-packages/airflow/example_dags/example_latest_only_with_trigger.py
[2024-09-28T03:43:15.354+0000] {processor.py:925} INFO - DAG(s) 'latest_only_with_trigger' retrieved from /home/airflow/.local/lib/python3.12/site-packages/airflow/example_dags/example_latest_only_with_trigger.py
[2024-09-28T03:43:15.380+0000] {logging_mixin.py:190} INFO - [2024-09-28T03:43:15.380+0000] {dag.py:3239} INFO - Sync 1 DAGs
[2024-09-28T03:43:15.415+0000] {logging_mixin.py:190} INFO - [2024-09-28T03:43:15.415+0000] {dag.py:4180} INFO - Setting next_dagrun for latest_only_with_trigger to 2024-09-27 20:00:00+00:00, run_after=2024-09-28 00:00:00+00:00
[2024-09-28T03:43:15.444+0000] {processor.py:208} INFO - Processing /home/airflow/.local/lib/python3.12/site-packages/airflow/example_dags/example_latest_only_with_trigger.py took 0.109 seconds
[2024-09-28T03:43:45.556+0000] {processor.py:186} INFO - Started process (PID=619) to work on /home/airflow/.local/lib/python3.12/site-packages/airflow/example_dags/example_latest_only_with_trigger.py
[2024-09-28T03:43:45.557+0000] {processor.py:914} INFO - Processing file /home/airflow/.local/lib/python3.12/site-packages/airflow/example_dags/example_latest_only_with_trigger.py for tasks to queue
[2024-09-28T03:43:45.559+0000] {logging_mixin.py:190} INFO - [2024-09-28T03:43:45.559+0000] {dagbag.py:588} INFO - Filling up the DagBag from /home/airflow/.local/lib/python3.12/site-packages/airflow/example_dags/example_latest_only_with_trigger.py
[2024-09-28T03:43:45.565+0000] {processor.py:925} INFO - DAG(s) 'latest_only_with_trigger' retrieved from /home/airflow/.local/lib/python3.12/site-packages/airflow/example_dags/example_latest_only_with_trigger.py
[2024-09-28T03:43:45.584+0000] {logging_mixin.py:190} INFO - [2024-09-28T03:43:45.583+0000] {dag.py:3239} INFO - Sync 1 DAGs
[2024-09-28T03:43:45.608+0000] {logging_mixin.py:190} INFO - [2024-09-28T03:43:45.608+0000] {dag.py:4180} INFO - Setting next_dagrun for latest_only_with_trigger to 2024-09-27 20:00:00+00:00, run_after=2024-09-28 00:00:00+00:00
[2024-09-28T03:43:45.632+0000] {processor.py:208} INFO - Processing /home/airflow/.local/lib/python3.12/site-packages/airflow/example_dags/example_latest_only_with_trigger.py took 0.081 seconds
[2024-09-28T03:44:16.003+0000] {processor.py:186} INFO - Started process (PID=693) to work on /home/airflow/.local/lib/python3.12/site-packages/airflow/example_dags/example_latest_only_with_trigger.py
[2024-09-28T03:44:16.005+0000] {processor.py:914} INFO - Processing file /home/airflow/.local/lib/python3.12/site-packages/airflow/example_dags/example_latest_only_with_trigger.py for tasks to queue
[2024-09-28T03:44:16.008+0000] {logging_mixin.py:190} INFO - [2024-09-28T03:44:16.007+0000] {dagbag.py:588} INFO - Filling up the DagBag from /home/airflow/.local/lib/python3.12/site-packages/airflow/example_dags/example_latest_only_with_trigger.py
[2024-09-28T03:44:16.015+0000] {processor.py:925} INFO - DAG(s) 'latest_only_with_trigger' retrieved from /home/airflow/.local/lib/python3.12/site-packages/airflow/example_dags/example_latest_only_with_trigger.py
[2024-09-28T03:44:16.035+0000] {logging_mixin.py:190} INFO - [2024-09-28T03:44:16.035+0000] {dag.py:3239} INFO - Sync 1 DAGs
[2024-09-28T03:44:16.056+0000] {logging_mixin.py:190} INFO - [2024-09-28T03:44:16.056+0000] {dag.py:4180} INFO - Setting next_dagrun for latest_only_with_trigger to 2024-09-27 20:00:00+00:00, run_after=2024-09-28 00:00:00+00:00
[2024-09-28T03:44:16.078+0000] {processor.py:208} INFO - Processing /home/airflow/.local/lib/python3.12/site-packages/airflow/example_dags/example_latest_only_with_trigger.py took 0.080 seconds
[2024-09-28T03:44:46.392+0000] {processor.py:186} INFO - Started process (PID=767) to work on /home/airflow/.local/lib/python3.12/site-packages/airflow/example_dags/example_latest_only_with_trigger.py
[2024-09-28T03:44:46.394+0000] {processor.py:914} INFO - Processing file /home/airflow/.local/lib/python3.12/site-packages/airflow/example_dags/example_latest_only_with_trigger.py for tasks to queue
[2024-09-28T03:44:46.396+0000] {logging_mixin.py:190} INFO - [2024-09-28T03:44:46.396+0000] {dagbag.py:588} INFO - Filling up the DagBag from /home/airflow/.local/lib/python3.12/site-packages/airflow/example_dags/example_latest_only_with_trigger.py
[2024-09-28T03:44:46.404+0000] {processor.py:925} INFO - DAG(s) 'latest_only_with_trigger' retrieved from /home/airflow/.local/lib/python3.12/site-packages/airflow/example_dags/example_latest_only_with_trigger.py
[2024-09-28T03:44:46.423+0000] {logging_mixin.py:190} INFO - [2024-09-28T03:44:46.423+0000] {dag.py:3239} INFO - Sync 1 DAGs
[2024-09-28T03:44:46.445+0000] {logging_mixin.py:190} INFO - [2024-09-28T03:44:46.445+0000] {dag.py:4180} INFO - Setting next_dagrun for latest_only_with_trigger to 2024-09-27 20:00:00+00:00, run_after=2024-09-28 00:00:00+00:00
[2024-09-28T03:44:46.467+0000] {processor.py:208} INFO - Processing /home/airflow/.local/lib/python3.12/site-packages/airflow/example_dags/example_latest_only_with_trigger.py took 0.080 seconds
[2024-09-28T03:45:17.476+0000] {processor.py:186} INFO - Started process (PID=841) to work on /home/airflow/.local/lib/python3.12/site-packages/airflow/example_dags/example_latest_only_with_trigger.py
[2024-09-28T03:45:17.477+0000] {processor.py:914} INFO - Processing file /home/airflow/.local/lib/python3.12/site-packages/airflow/example_dags/example_latest_only_with_trigger.py for tasks to queue
[2024-09-28T03:45:17.480+0000] {logging_mixin.py:190} INFO - [2024-09-28T03:45:17.480+0000] {dagbag.py:588} INFO - Filling up the DagBag from /home/airflow/.local/lib/python3.12/site-packages/airflow/example_dags/example_latest_only_with_trigger.py
[2024-09-28T03:45:17.486+0000] {processor.py:925} INFO - DAG(s) 'latest_only_with_trigger' retrieved from /home/airflow/.local/lib/python3.12/site-packages/airflow/example_dags/example_latest_only_with_trigger.py
[2024-09-28T03:45:17.505+0000] {logging_mixin.py:190} INFO - [2024-09-28T03:45:17.505+0000] {dag.py:3239} INFO - Sync 1 DAGs
[2024-09-28T03:45:17.528+0000] {logging_mixin.py:190} INFO - [2024-09-28T03:45:17.528+0000] {dag.py:4180} INFO - Setting next_dagrun for latest_only_with_trigger to 2024-09-27 20:00:00+00:00, run_after=2024-09-28 00:00:00+00:00
[2024-09-28T03:45:17.553+0000] {processor.py:208} INFO - Processing /home/airflow/.local/lib/python3.12/site-packages/airflow/example_dags/example_latest_only_with_trigger.py took 0.081 seconds
[2024-09-28T03:45:47.976+0000] {processor.py:186} INFO - Started process (PID=916) to work on /home/airflow/.local/lib/python3.12/site-packages/airflow/example_dags/example_latest_only_with_trigger.py
[2024-09-28T03:45:47.977+0000] {processor.py:914} INFO - Processing file /home/airflow/.local/lib/python3.12/site-packages/airflow/example_dags/example_latest_only_with_trigger.py for tasks to queue
[2024-09-28T03:45:47.979+0000] {logging_mixin.py:190} INFO - [2024-09-28T03:45:47.979+0000] {dagbag.py:588} INFO - Filling up the DagBag from /home/airflow/.local/lib/python3.12/site-packages/airflow/example_dags/example_latest_only_with_trigger.py
[2024-09-28T03:45:47.986+0000] {processor.py:925} INFO - DAG(s) 'latest_only_with_trigger' retrieved from /home/airflow/.local/lib/python3.12/site-packages/airflow/example_dags/example_latest_only_with_trigger.py
[2024-09-28T03:45:48.004+0000] {logging_mixin.py:190} INFO - [2024-09-28T03:45:48.004+0000] {dag.py:3239} INFO - Sync 1 DAGs
[2024-09-28T03:45:48.026+0000] {logging_mixin.py:190} INFO - [2024-09-28T03:45:48.026+0000] {dag.py:4180} INFO - Setting next_dagrun for latest_only_with_trigger to 2024-09-27 20:00:00+00:00, run_after=2024-09-28 00:00:00+00:00
[2024-09-28T03:45:48.048+0000] {processor.py:208} INFO - Processing /home/airflow/.local/lib/python3.12/site-packages/airflow/example_dags/example_latest_only_with_trigger.py took 0.077 seconds
[2024-09-28T03:46:18.767+0000] {processor.py:186} INFO - Started process (PID=990) to work on /home/airflow/.local/lib/python3.12/site-packages/airflow/example_dags/example_latest_only_with_trigger.py
[2024-09-28T03:46:18.768+0000] {processor.py:914} INFO - Processing file /home/airflow/.local/lib/python3.12/site-packages/airflow/example_dags/example_latest_only_with_trigger.py for tasks to queue
[2024-09-28T03:46:18.770+0000] {logging_mixin.py:190} INFO - [2024-09-28T03:46:18.770+0000] {dagbag.py:588} INFO - Filling up the DagBag from /home/airflow/.local/lib/python3.12/site-packages/airflow/example_dags/example_latest_only_with_trigger.py
[2024-09-28T03:46:18.776+0000] {processor.py:925} INFO - DAG(s) 'latest_only_with_trigger' retrieved from /home/airflow/.local/lib/python3.12/site-packages/airflow/example_dags/example_latest_only_with_trigger.py
[2024-09-28T03:46:18.795+0000] {logging_mixin.py:190} INFO - [2024-09-28T03:46:18.795+0000] {dag.py:3239} INFO - Sync 1 DAGs
[2024-09-28T03:46:18.820+0000] {logging_mixin.py:190} INFO - [2024-09-28T03:46:18.820+0000] {dag.py:4180} INFO - Setting next_dagrun for latest_only_with_trigger to 2024-09-27 20:00:00+00:00, run_after=2024-09-28 00:00:00+00:00
[2024-09-28T03:46:18.843+0000] {processor.py:208} INFO - Processing /home/airflow/.local/lib/python3.12/site-packages/airflow/example_dags/example_latest_only_with_trigger.py took 0.081 seconds
[2024-09-28T03:46:49.338+0000] {processor.py:186} INFO - Started process (PID=1064) to work on /home/airflow/.local/lib/python3.12/site-packages/airflow/example_dags/example_latest_only_with_trigger.py
[2024-09-28T03:46:49.340+0000] {processor.py:914} INFO - Processing file /home/airflow/.local/lib/python3.12/site-packages/airflow/example_dags/example_latest_only_with_trigger.py for tasks to queue
[2024-09-28T03:46:49.343+0000] {logging_mixin.py:190} INFO - [2024-09-28T03:46:49.342+0000] {dagbag.py:588} INFO - Filling up the DagBag from /home/airflow/.local/lib/python3.12/site-packages/airflow/example_dags/example_latest_only_with_trigger.py
[2024-09-28T03:46:49.351+0000] {processor.py:925} INFO - DAG(s) 'latest_only_with_trigger' retrieved from /home/airflow/.local/lib/python3.12/site-packages/airflow/example_dags/example_latest_only_with_trigger.py
[2024-09-28T03:46:49.378+0000] {logging_mixin.py:190} INFO - [2024-09-28T03:46:49.377+0000] {dag.py:3239} INFO - Sync 1 DAGs
[2024-09-28T03:46:49.409+0000] {logging_mixin.py:190} INFO - [2024-09-28T03:46:49.409+0000] {dag.py:4180} INFO - Setting next_dagrun for latest_only_with_trigger to 2024-09-27 20:00:00+00:00, run_after=2024-09-28 00:00:00+00:00
[2024-09-28T03:46:49.441+0000] {processor.py:208} INFO - Processing /home/airflow/.local/lib/python3.12/site-packages/airflow/example_dags/example_latest_only_with_trigger.py took 0.109 seconds
[2024-09-28T03:47:19.746+0000] {processor.py:186} INFO - Started process (PID=1139) to work on /home/airflow/.local/lib/python3.12/site-packages/airflow/example_dags/example_latest_only_with_trigger.py
[2024-09-28T03:47:19.748+0000] {processor.py:914} INFO - Processing file /home/airflow/.local/lib/python3.12/site-packages/airflow/example_dags/example_latest_only_with_trigger.py for tasks to queue
[2024-09-28T03:47:19.751+0000] {logging_mixin.py:190} INFO - [2024-09-28T03:47:19.750+0000] {dagbag.py:588} INFO - Filling up the DagBag from /home/airflow/.local/lib/python3.12/site-packages/airflow/example_dags/example_latest_only_with_trigger.py
[2024-09-28T03:47:19.760+0000] {processor.py:925} INFO - DAG(s) 'latest_only_with_trigger' retrieved from /home/airflow/.local/lib/python3.12/site-packages/airflow/example_dags/example_latest_only_with_trigger.py
[2024-09-28T03:47:19.791+0000] {logging_mixin.py:190} INFO - [2024-09-28T03:47:19.791+0000] {dag.py:3239} INFO - Sync 1 DAGs
[2024-09-28T03:47:19.824+0000] {logging_mixin.py:190} INFO - [2024-09-28T03:47:19.823+0000] {dag.py:4180} INFO - Setting next_dagrun for latest_only_with_trigger to 2024-09-27 20:00:00+00:00, run_after=2024-09-28 00:00:00+00:00
[2024-09-28T03:47:19.855+0000] {processor.py:208} INFO - Processing /home/airflow/.local/lib/python3.12/site-packages/airflow/example_dags/example_latest_only_with_trigger.py took 0.115 seconds
[2024-09-28T03:47:50.054+0000] {processor.py:186} INFO - Started process (PID=1212) to work on /home/airflow/.local/lib/python3.12/site-packages/airflow/example_dags/example_latest_only_with_trigger.py
[2024-09-28T03:47:50.056+0000] {processor.py:914} INFO - Processing file /home/airflow/.local/lib/python3.12/site-packages/airflow/example_dags/example_latest_only_with_trigger.py for tasks to queue
[2024-09-28T03:47:50.058+0000] {logging_mixin.py:190} INFO - [2024-09-28T03:47:50.058+0000] {dagbag.py:588} INFO - Filling up the DagBag from /home/airflow/.local/lib/python3.12/site-packages/airflow/example_dags/example_latest_only_with_trigger.py
[2024-09-28T03:47:50.066+0000] {processor.py:925} INFO - DAG(s) 'latest_only_with_trigger' retrieved from /home/airflow/.local/lib/python3.12/site-packages/airflow/example_dags/example_latest_only_with_trigger.py
[2024-09-28T03:47:50.091+0000] {logging_mixin.py:190} INFO - [2024-09-28T03:47:50.090+0000] {dag.py:3239} INFO - Sync 1 DAGs
[2024-09-28T03:47:50.119+0000] {logging_mixin.py:190} INFO - [2024-09-28T03:47:50.119+0000] {dag.py:4180} INFO - Setting next_dagrun for latest_only_with_trigger to 2024-09-27 20:00:00+00:00, run_after=2024-09-28 00:00:00+00:00
[2024-09-28T03:47:50.147+0000] {processor.py:208} INFO - Processing /home/airflow/.local/lib/python3.12/site-packages/airflow/example_dags/example_latest_only_with_trigger.py took 0.099 seconds
[2024-09-28T03:48:20.364+0000] {processor.py:186} INFO - Started process (PID=1286) to work on /home/airflow/.local/lib/python3.12/site-packages/airflow/example_dags/example_latest_only_with_trigger.py
[2024-09-28T03:48:20.366+0000] {processor.py:914} INFO - Processing file /home/airflow/.local/lib/python3.12/site-packages/airflow/example_dags/example_latest_only_with_trigger.py for tasks to queue
[2024-09-28T03:48:20.368+0000] {logging_mixin.py:190} INFO - [2024-09-28T03:48:20.368+0000] {dagbag.py:588} INFO - Filling up the DagBag from /home/airflow/.local/lib/python3.12/site-packages/airflow/example_dags/example_latest_only_with_trigger.py
[2024-09-28T03:48:20.375+0000] {processor.py:925} INFO - DAG(s) 'latest_only_with_trigger' retrieved from /home/airflow/.local/lib/python3.12/site-packages/airflow/example_dags/example_latest_only_with_trigger.py
[2024-09-28T03:48:20.397+0000] {logging_mixin.py:190} INFO - [2024-09-28T03:48:20.396+0000] {dag.py:3239} INFO - Sync 1 DAGs
[2024-09-28T03:48:20.421+0000] {logging_mixin.py:190} INFO - [2024-09-28T03:48:20.421+0000] {dag.py:4180} INFO - Setting next_dagrun for latest_only_with_trigger to 2024-09-27 20:00:00+00:00, run_after=2024-09-28 00:00:00+00:00
[2024-09-28T03:48:20.448+0000] {processor.py:208} INFO - Processing /home/airflow/.local/lib/python3.12/site-packages/airflow/example_dags/example_latest_only_with_trigger.py took 0.089 seconds
[2024-09-28T03:48:51.385+0000] {processor.py:186} INFO - Started process (PID=1360) to work on /home/airflow/.local/lib/python3.12/site-packages/airflow/example_dags/example_latest_only_with_trigger.py
[2024-09-28T03:48:51.386+0000] {processor.py:914} INFO - Processing file /home/airflow/.local/lib/python3.12/site-packages/airflow/example_dags/example_latest_only_with_trigger.py for tasks to queue
[2024-09-28T03:48:51.389+0000] {logging_mixin.py:190} INFO - [2024-09-28T03:48:51.388+0000] {dagbag.py:588} INFO - Filling up the DagBag from /home/airflow/.local/lib/python3.12/site-packages/airflow/example_dags/example_latest_only_with_trigger.py
[2024-09-28T03:48:51.397+0000] {processor.py:925} INFO - DAG(s) 'latest_only_with_trigger' retrieved from /home/airflow/.local/lib/python3.12/site-packages/airflow/example_dags/example_latest_only_with_trigger.py
[2024-09-28T03:48:51.422+0000] {logging_mixin.py:190} INFO - [2024-09-28T03:48:51.421+0000] {dag.py:3239} INFO - Sync 1 DAGs
[2024-09-28T03:48:51.450+0000] {logging_mixin.py:190} INFO - [2024-09-28T03:48:51.449+0000] {dag.py:4180} INFO - Setting next_dagrun for latest_only_with_trigger to 2024-09-27 20:00:00+00:00, run_after=2024-09-28 00:00:00+00:00
[2024-09-28T03:48:51.721+0000] {processor.py:208} INFO - Processing /home/airflow/.local/lib/python3.12/site-packages/airflow/example_dags/example_latest_only_with_trigger.py took 0.342 seconds
[2024-09-28T03:49:21.996+0000] {processor.py:186} INFO - Started process (PID=1434) to work on /home/airflow/.local/lib/python3.12/site-packages/airflow/example_dags/example_latest_only_with_trigger.py
[2024-09-28T03:49:22.004+0000] {processor.py:914} INFO - Processing file /home/airflow/.local/lib/python3.12/site-packages/airflow/example_dags/example_latest_only_with_trigger.py for tasks to queue
[2024-09-28T03:49:22.007+0000] {logging_mixin.py:190} INFO - [2024-09-28T03:49:22.007+0000] {dagbag.py:588} INFO - Filling up the DagBag from /home/airflow/.local/lib/python3.12/site-packages/airflow/example_dags/example_latest_only_with_trigger.py
[2024-09-28T03:49:22.018+0000] {processor.py:925} INFO - DAG(s) 'latest_only_with_trigger' retrieved from /home/airflow/.local/lib/python3.12/site-packages/airflow/example_dags/example_latest_only_with_trigger.py
[2024-09-28T03:49:22.046+0000] {logging_mixin.py:190} INFO - [2024-09-28T03:49:22.046+0000] {dag.py:3239} INFO - Sync 1 DAGs
[2024-09-28T03:49:22.093+0000] {logging_mixin.py:190} INFO - [2024-09-28T03:49:22.092+0000] {dag.py:4180} INFO - Setting next_dagrun for latest_only_with_trigger to 2024-09-27 20:00:00+00:00, run_after=2024-09-28 00:00:00+00:00
[2024-09-28T03:49:22.151+0000] {processor.py:208} INFO - Processing /home/airflow/.local/lib/python3.12/site-packages/airflow/example_dags/example_latest_only_with_trigger.py took 0.167 seconds
[2024-09-28T03:49:53.150+0000] {processor.py:186} INFO - Started process (PID=1508) to work on /home/airflow/.local/lib/python3.12/site-packages/airflow/example_dags/example_latest_only_with_trigger.py
[2024-09-28T03:49:53.152+0000] {processor.py:914} INFO - Processing file /home/airflow/.local/lib/python3.12/site-packages/airflow/example_dags/example_latest_only_with_trigger.py for tasks to queue
[2024-09-28T03:49:53.155+0000] {logging_mixin.py:190} INFO - [2024-09-28T03:49:53.154+0000] {dagbag.py:588} INFO - Filling up the DagBag from /home/airflow/.local/lib/python3.12/site-packages/airflow/example_dags/example_latest_only_with_trigger.py
[2024-09-28T03:49:53.164+0000] {processor.py:925} INFO - DAG(s) 'latest_only_with_trigger' retrieved from /home/airflow/.local/lib/python3.12/site-packages/airflow/example_dags/example_latest_only_with_trigger.py
[2024-09-28T03:49:53.193+0000] {logging_mixin.py:190} INFO - [2024-09-28T03:49:53.193+0000] {dag.py:3239} INFO - Sync 1 DAGs
[2024-09-28T03:49:53.227+0000] {logging_mixin.py:190} INFO - [2024-09-28T03:49:53.227+0000] {dag.py:4180} INFO - Setting next_dagrun for latest_only_with_trigger to 2024-09-27 20:00:00+00:00, run_after=2024-09-28 00:00:00+00:00
[2024-09-28T03:49:53.258+0000] {processor.py:208} INFO - Processing /home/airflow/.local/lib/python3.12/site-packages/airflow/example_dags/example_latest_only_with_trigger.py took 0.114 seconds
[2024-09-28T03:50:23.506+0000] {processor.py:186} INFO - Started process (PID=1582) to work on /home/airflow/.local/lib/python3.12/site-packages/airflow/example_dags/example_latest_only_with_trigger.py
[2024-09-28T03:50:23.507+0000] {processor.py:914} INFO - Processing file /home/airflow/.local/lib/python3.12/site-packages/airflow/example_dags/example_latest_only_with_trigger.py for tasks to queue
[2024-09-28T03:50:23.509+0000] {logging_mixin.py:190} INFO - [2024-09-28T03:50:23.509+0000] {dagbag.py:588} INFO - Filling up the DagBag from /home/airflow/.local/lib/python3.12/site-packages/airflow/example_dags/example_latest_only_with_trigger.py
[2024-09-28T03:50:23.516+0000] {processor.py:925} INFO - DAG(s) 'latest_only_with_trigger' retrieved from /home/airflow/.local/lib/python3.12/site-packages/airflow/example_dags/example_latest_only_with_trigger.py
[2024-09-28T03:50:23.535+0000] {logging_mixin.py:190} INFO - [2024-09-28T03:50:23.535+0000] {dag.py:3239} INFO - Sync 1 DAGs
[2024-09-28T03:50:23.557+0000] {logging_mixin.py:190} INFO - [2024-09-28T03:50:23.557+0000] {dag.py:4180} INFO - Setting next_dagrun for latest_only_with_trigger to 2024-09-27 20:00:00+00:00, run_after=2024-09-28 00:00:00+00:00
[2024-09-28T03:50:23.580+0000] {processor.py:208} INFO - Processing /home/airflow/.local/lib/python3.12/site-packages/airflow/example_dags/example_latest_only_with_trigger.py took 0.079 seconds
[2024-09-28T03:53:35.370+0000] {processor.py:186} INFO - Started process (PID=99) to work on /home/airflow/.local/lib/python3.12/site-packages/airflow/example_dags/example_latest_only_with_trigger.py
[2024-09-28T03:53:35.373+0000] {processor.py:914} INFO - Processing file /home/airflow/.local/lib/python3.12/site-packages/airflow/example_dags/example_latest_only_with_trigger.py for tasks to queue
[2024-09-28T03:53:35.376+0000] {logging_mixin.py:190} INFO - [2024-09-28T03:53:35.375+0000] {dagbag.py:588} INFO - Filling up the DagBag from /home/airflow/.local/lib/python3.12/site-packages/airflow/example_dags/example_latest_only_with_trigger.py
[2024-09-28T03:53:35.387+0000] {processor.py:925} INFO - DAG(s) 'latest_only_with_trigger' retrieved from /home/airflow/.local/lib/python3.12/site-packages/airflow/example_dags/example_latest_only_with_trigger.py
[2024-09-28T03:53:35.423+0000] {logging_mixin.py:190} INFO - [2024-09-28T03:53:35.422+0000] {dag.py:3239} INFO - Sync 1 DAGs
[2024-09-28T03:53:35.472+0000] {logging_mixin.py:190} INFO - [2024-09-28T03:53:35.471+0000] {dag.py:4180} INFO - Setting next_dagrun for latest_only_with_trigger to 2024-09-27 20:00:00+00:00, run_after=2024-09-28 00:00:00+00:00
[2024-09-28T03:53:35.523+0000] {processor.py:208} INFO - Processing /home/airflow/.local/lib/python3.12/site-packages/airflow/example_dags/example_latest_only_with_trigger.py took 0.160 seconds
[2024-09-28T03:54:06.342+0000] {processor.py:186} INFO - Started process (PID=174) to work on /home/airflow/.local/lib/python3.12/site-packages/airflow/example_dags/example_latest_only_with_trigger.py
[2024-09-28T03:54:06.345+0000] {processor.py:914} INFO - Processing file /home/airflow/.local/lib/python3.12/site-packages/airflow/example_dags/example_latest_only_with_trigger.py for tasks to queue
[2024-09-28T03:54:06.349+0000] {logging_mixin.py:190} INFO - [2024-09-28T03:54:06.348+0000] {dagbag.py:588} INFO - Filling up the DagBag from /home/airflow/.local/lib/python3.12/site-packages/airflow/example_dags/example_latest_only_with_trigger.py
[2024-09-28T03:54:06.360+0000] {processor.py:925} INFO - DAG(s) 'latest_only_with_trigger' retrieved from /home/airflow/.local/lib/python3.12/site-packages/airflow/example_dags/example_latest_only_with_trigger.py
[2024-09-28T03:54:06.398+0000] {logging_mixin.py:190} INFO - [2024-09-28T03:54:06.397+0000] {dag.py:3239} INFO - Sync 1 DAGs
[2024-09-28T03:54:06.438+0000] {logging_mixin.py:190} INFO - [2024-09-28T03:54:06.437+0000] {dag.py:4180} INFO - Setting next_dagrun for latest_only_with_trigger to 2024-09-27 20:00:00+00:00, run_after=2024-09-28 00:00:00+00:00
[2024-09-28T03:54:06.482+0000] {processor.py:208} INFO - Processing /home/airflow/.local/lib/python3.12/site-packages/airflow/example_dags/example_latest_only_with_trigger.py took 0.149 seconds
[2024-09-28T03:54:37.067+0000] {processor.py:186} INFO - Started process (PID=248) to work on /home/airflow/.local/lib/python3.12/site-packages/airflow/example_dags/example_latest_only_with_trigger.py
[2024-09-28T03:54:37.068+0000] {processor.py:914} INFO - Processing file /home/airflow/.local/lib/python3.12/site-packages/airflow/example_dags/example_latest_only_with_trigger.py for tasks to queue
[2024-09-28T03:54:37.071+0000] {logging_mixin.py:190} INFO - [2024-09-28T03:54:37.070+0000] {dagbag.py:588} INFO - Filling up the DagBag from /home/airflow/.local/lib/python3.12/site-packages/airflow/example_dags/example_latest_only_with_trigger.py
[2024-09-28T03:54:37.078+0000] {processor.py:925} INFO - DAG(s) 'latest_only_with_trigger' retrieved from /home/airflow/.local/lib/python3.12/site-packages/airflow/example_dags/example_latest_only_with_trigger.py
[2024-09-28T03:54:37.100+0000] {logging_mixin.py:190} INFO - [2024-09-28T03:54:37.100+0000] {dag.py:3239} INFO - Sync 1 DAGs
[2024-09-28T03:54:37.128+0000] {logging_mixin.py:190} INFO - [2024-09-28T03:54:37.127+0000] {dag.py:4180} INFO - Setting next_dagrun for latest_only_with_trigger to 2024-09-27 20:00:00+00:00, run_after=2024-09-28 00:00:00+00:00
[2024-09-28T03:54:37.155+0000] {processor.py:208} INFO - Processing /home/airflow/.local/lib/python3.12/site-packages/airflow/example_dags/example_latest_only_with_trigger.py took 0.093 seconds
[2024-09-28T03:55:07.924+0000] {processor.py:186} INFO - Started process (PID=322) to work on /home/airflow/.local/lib/python3.12/site-packages/airflow/example_dags/example_latest_only_with_trigger.py
[2024-09-28T03:55:07.925+0000] {processor.py:914} INFO - Processing file /home/airflow/.local/lib/python3.12/site-packages/airflow/example_dags/example_latest_only_with_trigger.py for tasks to queue
[2024-09-28T03:55:07.928+0000] {logging_mixin.py:190} INFO - [2024-09-28T03:55:07.928+0000] {dagbag.py:588} INFO - Filling up the DagBag from /home/airflow/.local/lib/python3.12/site-packages/airflow/example_dags/example_latest_only_with_trigger.py
[2024-09-28T03:55:07.938+0000] {processor.py:925} INFO - DAG(s) 'latest_only_with_trigger' retrieved from /home/airflow/.local/lib/python3.12/site-packages/airflow/example_dags/example_latest_only_with_trigger.py
[2024-09-28T03:55:07.966+0000] {logging_mixin.py:190} INFO - [2024-09-28T03:55:07.965+0000] {dag.py:3239} INFO - Sync 1 DAGs
[2024-09-28T03:55:07.998+0000] {logging_mixin.py:190} INFO - [2024-09-28T03:55:07.998+0000] {dag.py:4180} INFO - Setting next_dagrun for latest_only_with_trigger to 2024-09-27 20:00:00+00:00, run_after=2024-09-28 00:00:00+00:00
[2024-09-28T03:55:08.025+0000] {processor.py:208} INFO - Processing /home/airflow/.local/lib/python3.12/site-packages/airflow/example_dags/example_latest_only_with_trigger.py took 0.107 seconds
[2024-09-28T03:55:38.781+0000] {processor.py:186} INFO - Started process (PID=409) to work on /home/airflow/.local/lib/python3.12/site-packages/airflow/example_dags/example_latest_only_with_trigger.py
[2024-09-28T03:55:38.783+0000] {processor.py:914} INFO - Processing file /home/airflow/.local/lib/python3.12/site-packages/airflow/example_dags/example_latest_only_with_trigger.py for tasks to queue
[2024-09-28T03:55:38.785+0000] {logging_mixin.py:190} INFO - [2024-09-28T03:55:38.785+0000] {dagbag.py:588} INFO - Filling up the DagBag from /home/airflow/.local/lib/python3.12/site-packages/airflow/example_dags/example_latest_only_with_trigger.py
[2024-09-28T03:55:38.792+0000] {processor.py:925} INFO - DAG(s) 'latest_only_with_trigger' retrieved from /home/airflow/.local/lib/python3.12/site-packages/airflow/example_dags/example_latest_only_with_trigger.py
[2024-09-28T03:55:38.813+0000] {logging_mixin.py:190} INFO - [2024-09-28T03:55:38.813+0000] {dag.py:3239} INFO - Sync 1 DAGs
[2024-09-28T03:55:38.834+0000] {logging_mixin.py:190} INFO - [2024-09-28T03:55:38.834+0000] {dag.py:4180} INFO - Setting next_dagrun for latest_only_with_trigger to 2024-09-27 20:00:00+00:00, run_after=2024-09-28 00:00:00+00:00
[2024-09-28T03:55:38.855+0000] {processor.py:208} INFO - Processing /home/airflow/.local/lib/python3.12/site-packages/airflow/example_dags/example_latest_only_with_trigger.py took 0.080 seconds
[2024-09-28T03:56:09.532+0000] {processor.py:186} INFO - Started process (PID=593) to work on /home/airflow/.local/lib/python3.12/site-packages/airflow/example_dags/example_latest_only_with_trigger.py
[2024-09-28T03:56:09.534+0000] {processor.py:914} INFO - Processing file /home/airflow/.local/lib/python3.12/site-packages/airflow/example_dags/example_latest_only_with_trigger.py for tasks to queue
[2024-09-28T03:56:09.540+0000] {logging_mixin.py:190} INFO - [2024-09-28T03:56:09.539+0000] {dagbag.py:588} INFO - Filling up the DagBag from /home/airflow/.local/lib/python3.12/site-packages/airflow/example_dags/example_latest_only_with_trigger.py
[2024-09-28T03:56:09.555+0000] {processor.py:925} INFO - DAG(s) 'latest_only_with_trigger' retrieved from /home/airflow/.local/lib/python3.12/site-packages/airflow/example_dags/example_latest_only_with_trigger.py
[2024-09-28T03:56:09.595+0000] {logging_mixin.py:190} INFO - [2024-09-28T03:56:09.594+0000] {dag.py:3239} INFO - Sync 1 DAGs
[2024-09-28T03:56:09.637+0000] {logging_mixin.py:190} INFO - [2024-09-28T03:56:09.637+0000] {dag.py:4180} INFO - Setting next_dagrun for latest_only_with_trigger to 2024-09-27 20:00:00+00:00, run_after=2024-09-28 00:00:00+00:00
[2024-09-28T03:56:09.674+0000] {processor.py:208} INFO - Processing /home/airflow/.local/lib/python3.12/site-packages/airflow/example_dags/example_latest_only_with_trigger.py took 0.150 seconds
[2024-09-28T03:56:40.518+0000] {processor.py:186} INFO - Started process (PID=658) to work on /home/airflow/.local/lib/python3.12/site-packages/airflow/example_dags/example_latest_only_with_trigger.py
[2024-09-28T03:56:40.519+0000] {processor.py:914} INFO - Processing file /home/airflow/.local/lib/python3.12/site-packages/airflow/example_dags/example_latest_only_with_trigger.py for tasks to queue
[2024-09-28T03:56:40.522+0000] {logging_mixin.py:190} INFO - [2024-09-28T03:56:40.522+0000] {dagbag.py:588} INFO - Filling up the DagBag from /home/airflow/.local/lib/python3.12/site-packages/airflow/example_dags/example_latest_only_with_trigger.py
[2024-09-28T03:56:40.530+0000] {processor.py:925} INFO - DAG(s) 'latest_only_with_trigger' retrieved from /home/airflow/.local/lib/python3.12/site-packages/airflow/example_dags/example_latest_only_with_trigger.py
[2024-09-28T03:56:40.557+0000] {logging_mixin.py:190} INFO - [2024-09-28T03:56:40.556+0000] {dag.py:3239} INFO - Sync 1 DAGs
[2024-09-28T03:56:40.588+0000] {logging_mixin.py:190} INFO - [2024-09-28T03:56:40.588+0000] {dag.py:4180} INFO - Setting next_dagrun for latest_only_with_trigger to 2024-09-27 20:00:00+00:00, run_after=2024-09-28 00:00:00+00:00
[2024-09-28T03:56:40.613+0000] {processor.py:208} INFO - Processing /home/airflow/.local/lib/python3.12/site-packages/airflow/example_dags/example_latest_only_with_trigger.py took 0.101 seconds
[2024-09-28T04:03:08.010+0000] {processor.py:186} INFO - Started process (PID=89) to work on /home/airflow/.local/lib/python3.12/site-packages/airflow/example_dags/example_latest_only_with_trigger.py
[2024-09-28T04:03:08.011+0000] {processor.py:914} INFO - Processing file /home/airflow/.local/lib/python3.12/site-packages/airflow/example_dags/example_latest_only_with_trigger.py for tasks to queue
[2024-09-28T04:03:08.014+0000] {logging_mixin.py:190} INFO - [2024-09-28T04:03:08.013+0000] {dagbag.py:588} INFO - Filling up the DagBag from /home/airflow/.local/lib/python3.12/site-packages/airflow/example_dags/example_latest_only_with_trigger.py
[2024-09-28T04:03:08.021+0000] {processor.py:925} INFO - DAG(s) 'latest_only_with_trigger' retrieved from /home/airflow/.local/lib/python3.12/site-packages/airflow/example_dags/example_latest_only_with_trigger.py
[2024-09-28T04:03:08.042+0000] {logging_mixin.py:190} INFO - [2024-09-28T04:03:08.042+0000] {dag.py:3239} INFO - Sync 1 DAGs
[2024-09-28T04:03:08.065+0000] {logging_mixin.py:190} INFO - [2024-09-28T04:03:08.065+0000] {dag.py:4180} INFO - Setting next_dagrun for latest_only_with_trigger to 2024-09-28 00:00:00+00:00, run_after=2024-09-28 04:00:00+00:00
[2024-09-28T04:03:08.090+0000] {processor.py:208} INFO - Processing /home/airflow/.local/lib/python3.12/site-packages/airflow/example_dags/example_latest_only_with_trigger.py took 0.085 seconds
[2024-09-28T04:03:38.706+0000] {processor.py:186} INFO - Started process (PID=152) to work on /home/airflow/.local/lib/python3.12/site-packages/airflow/example_dags/example_latest_only_with_trigger.py
[2024-09-28T04:03:38.708+0000] {processor.py:914} INFO - Processing file /home/airflow/.local/lib/python3.12/site-packages/airflow/example_dags/example_latest_only_with_trigger.py for tasks to queue
[2024-09-28T04:03:38.711+0000] {logging_mixin.py:190} INFO - [2024-09-28T04:03:38.710+0000] {dagbag.py:588} INFO - Filling up the DagBag from /home/airflow/.local/lib/python3.12/site-packages/airflow/example_dags/example_latest_only_with_trigger.py
[2024-09-28T04:03:38.720+0000] {processor.py:925} INFO - DAG(s) 'latest_only_with_trigger' retrieved from /home/airflow/.local/lib/python3.12/site-packages/airflow/example_dags/example_latest_only_with_trigger.py
[2024-09-28T04:03:38.747+0000] {logging_mixin.py:190} INFO - [2024-09-28T04:03:38.746+0000] {dag.py:3239} INFO - Sync 1 DAGs
[2024-09-28T04:03:38.783+0000] {logging_mixin.py:190} INFO - [2024-09-28T04:03:38.782+0000] {dag.py:4180} INFO - Setting next_dagrun for latest_only_with_trigger to 2024-09-28 00:00:00+00:00, run_after=2024-09-28 04:00:00+00:00
[2024-09-28T04:03:38.815+0000] {processor.py:208} INFO - Processing /home/airflow/.local/lib/python3.12/site-packages/airflow/example_dags/example_latest_only_with_trigger.py took 0.115 seconds
[2024-09-28T04:04:10.399+0000] {processor.py:186} INFO - Started process (PID=215) to work on /home/airflow/.local/lib/python3.12/site-packages/airflow/example_dags/example_latest_only_with_trigger.py
[2024-09-28T04:04:10.400+0000] {processor.py:914} INFO - Processing file /home/airflow/.local/lib/python3.12/site-packages/airflow/example_dags/example_latest_only_with_trigger.py for tasks to queue
[2024-09-28T04:04:10.403+0000] {logging_mixin.py:190} INFO - [2024-09-28T04:04:10.403+0000] {dagbag.py:588} INFO - Filling up the DagBag from /home/airflow/.local/lib/python3.12/site-packages/airflow/example_dags/example_latest_only_with_trigger.py
[2024-09-28T04:04:10.410+0000] {processor.py:925} INFO - DAG(s) 'latest_only_with_trigger' retrieved from /home/airflow/.local/lib/python3.12/site-packages/airflow/example_dags/example_latest_only_with_trigger.py
[2024-09-28T04:04:10.432+0000] {logging_mixin.py:190} INFO - [2024-09-28T04:04:10.432+0000] {dag.py:3239} INFO - Sync 1 DAGs
[2024-09-28T04:04:10.459+0000] {logging_mixin.py:190} INFO - [2024-09-28T04:04:10.459+0000] {dag.py:4180} INFO - Setting next_dagrun for latest_only_with_trigger to 2024-09-28 00:00:00+00:00, run_after=2024-09-28 04:00:00+00:00
[2024-09-28T04:04:10.484+0000] {processor.py:208} INFO - Processing /home/airflow/.local/lib/python3.12/site-packages/airflow/example_dags/example_latest_only_with_trigger.py took 0.091 seconds
[2024-09-28T04:04:40.629+0000] {processor.py:186} INFO - Started process (PID=278) to work on /home/airflow/.local/lib/python3.12/site-packages/airflow/example_dags/example_latest_only_with_trigger.py
[2024-09-28T04:04:40.631+0000] {processor.py:914} INFO - Processing file /home/airflow/.local/lib/python3.12/site-packages/airflow/example_dags/example_latest_only_with_trigger.py for tasks to queue
[2024-09-28T04:04:40.634+0000] {logging_mixin.py:190} INFO - [2024-09-28T04:04:40.633+0000] {dagbag.py:588} INFO - Filling up the DagBag from /home/airflow/.local/lib/python3.12/site-packages/airflow/example_dags/example_latest_only_with_trigger.py
[2024-09-28T04:04:40.642+0000] {processor.py:925} INFO - DAG(s) 'latest_only_with_trigger' retrieved from /home/airflow/.local/lib/python3.12/site-packages/airflow/example_dags/example_latest_only_with_trigger.py
[2024-09-28T04:04:40.667+0000] {logging_mixin.py:190} INFO - [2024-09-28T04:04:40.667+0000] {dag.py:3239} INFO - Sync 1 DAGs
[2024-09-28T04:04:40.701+0000] {logging_mixin.py:190} INFO - [2024-09-28T04:04:40.701+0000] {dag.py:4180} INFO - Setting next_dagrun for latest_only_with_trigger to 2024-09-28 00:00:00+00:00, run_after=2024-09-28 04:00:00+00:00
[2024-09-28T04:04:40.729+0000] {processor.py:208} INFO - Processing /home/airflow/.local/lib/python3.12/site-packages/airflow/example_dags/example_latest_only_with_trigger.py took 0.106 seconds
[2024-09-28T04:05:11.103+0000] {processor.py:186} INFO - Started process (PID=364) to work on /home/airflow/.local/lib/python3.12/site-packages/airflow/example_dags/example_latest_only_with_trigger.py
[2024-09-28T04:05:11.104+0000] {processor.py:914} INFO - Processing file /home/airflow/.local/lib/python3.12/site-packages/airflow/example_dags/example_latest_only_with_trigger.py for tasks to queue
[2024-09-28T04:05:11.106+0000] {logging_mixin.py:190} INFO - [2024-09-28T04:05:11.106+0000] {dagbag.py:588} INFO - Filling up the DagBag from /home/airflow/.local/lib/python3.12/site-packages/airflow/example_dags/example_latest_only_with_trigger.py
[2024-09-28T04:05:11.113+0000] {processor.py:925} INFO - DAG(s) 'latest_only_with_trigger' retrieved from /home/airflow/.local/lib/python3.12/site-packages/airflow/example_dags/example_latest_only_with_trigger.py
[2024-09-28T04:05:11.133+0000] {logging_mixin.py:190} INFO - [2024-09-28T04:05:11.132+0000] {dag.py:3239} INFO - Sync 1 DAGs
[2024-09-28T04:05:11.155+0000] {logging_mixin.py:190} INFO - [2024-09-28T04:05:11.155+0000] {dag.py:4180} INFO - Setting next_dagrun for latest_only_with_trigger to 2024-09-28 00:00:00+00:00, run_after=2024-09-28 04:00:00+00:00
[2024-09-28T04:05:11.178+0000] {processor.py:208} INFO - Processing /home/airflow/.local/lib/python3.12/site-packages/airflow/example_dags/example_latest_only_with_trigger.py took 0.079 seconds
[2024-09-28T04:05:52.116+0000] {processor.py:186} INFO - Started process (PID=87) to work on /home/airflow/.local/lib/python3.12/site-packages/airflow/example_dags/example_latest_only_with_trigger.py
[2024-09-28T04:05:52.118+0000] {processor.py:914} INFO - Processing file /home/airflow/.local/lib/python3.12/site-packages/airflow/example_dags/example_latest_only_with_trigger.py for tasks to queue
[2024-09-28T04:05:52.121+0000] {logging_mixin.py:190} INFO - [2024-09-28T04:05:52.120+0000] {dagbag.py:588} INFO - Filling up the DagBag from /home/airflow/.local/lib/python3.12/site-packages/airflow/example_dags/example_latest_only_with_trigger.py
[2024-09-28T04:05:52.130+0000] {processor.py:925} INFO - DAG(s) 'latest_only_with_trigger' retrieved from /home/airflow/.local/lib/python3.12/site-packages/airflow/example_dags/example_latest_only_with_trigger.py
[2024-09-28T04:05:52.154+0000] {logging_mixin.py:190} INFO - [2024-09-28T04:05:52.153+0000] {dag.py:3239} INFO - Sync 1 DAGs
[2024-09-28T04:05:52.180+0000] {logging_mixin.py:190} INFO - [2024-09-28T04:05:52.180+0000] {dag.py:4180} INFO - Setting next_dagrun for latest_only_with_trigger to 2024-09-28 00:00:00+00:00, run_after=2024-09-28 04:00:00+00:00
[2024-09-28T04:05:52.211+0000] {processor.py:208} INFO - Processing /home/airflow/.local/lib/python3.12/site-packages/airflow/example_dags/example_latest_only_with_trigger.py took 0.100 seconds
[2024-09-28T04:06:22.315+0000] {processor.py:186} INFO - Started process (PID=161) to work on /home/airflow/.local/lib/python3.12/site-packages/airflow/example_dags/example_latest_only_with_trigger.py
[2024-09-28T04:06:22.317+0000] {processor.py:914} INFO - Processing file /home/airflow/.local/lib/python3.12/site-packages/airflow/example_dags/example_latest_only_with_trigger.py for tasks to queue
[2024-09-28T04:06:22.325+0000] {logging_mixin.py:190} INFO - [2024-09-28T04:06:22.325+0000] {dagbag.py:588} INFO - Filling up the DagBag from /home/airflow/.local/lib/python3.12/site-packages/airflow/example_dags/example_latest_only_with_trigger.py
[2024-09-28T04:06:22.344+0000] {processor.py:925} INFO - DAG(s) 'latest_only_with_trigger' retrieved from /home/airflow/.local/lib/python3.12/site-packages/airflow/example_dags/example_latest_only_with_trigger.py
[2024-09-28T04:06:22.374+0000] {logging_mixin.py:190} INFO - [2024-09-28T04:06:22.374+0000] {dag.py:3239} INFO - Sync 1 DAGs
[2024-09-28T04:06:22.406+0000] {logging_mixin.py:190} INFO - [2024-09-28T04:06:22.406+0000] {dag.py:4180} INFO - Setting next_dagrun for latest_only_with_trigger to 2024-09-28 00:00:00+00:00, run_after=2024-09-28 04:00:00+00:00
[2024-09-28T04:06:22.444+0000] {processor.py:208} INFO - Processing /home/airflow/.local/lib/python3.12/site-packages/airflow/example_dags/example_latest_only_with_trigger.py took 0.135 seconds
[2024-09-28T04:06:52.814+0000] {processor.py:186} INFO - Started process (PID=235) to work on /home/airflow/.local/lib/python3.12/site-packages/airflow/example_dags/example_latest_only_with_trigger.py
[2024-09-28T04:06:52.815+0000] {processor.py:914} INFO - Processing file /home/airflow/.local/lib/python3.12/site-packages/airflow/example_dags/example_latest_only_with_trigger.py for tasks to queue
[2024-09-28T04:06:52.818+0000] {logging_mixin.py:190} INFO - [2024-09-28T04:06:52.818+0000] {dagbag.py:588} INFO - Filling up the DagBag from /home/airflow/.local/lib/python3.12/site-packages/airflow/example_dags/example_latest_only_with_trigger.py
[2024-09-28T04:06:52.828+0000] {processor.py:925} INFO - DAG(s) 'latest_only_with_trigger' retrieved from /home/airflow/.local/lib/python3.12/site-packages/airflow/example_dags/example_latest_only_with_trigger.py
[2024-09-28T04:06:52.855+0000] {logging_mixin.py:190} INFO - [2024-09-28T04:06:52.855+0000] {dag.py:3239} INFO - Sync 1 DAGs
[2024-09-28T04:06:52.886+0000] {logging_mixin.py:190} INFO - [2024-09-28T04:06:52.884+0000] {dag.py:4180} INFO - Setting next_dagrun for latest_only_with_trigger to 2024-09-28 00:00:00+00:00, run_after=2024-09-28 04:00:00+00:00
[2024-09-28T04:06:52.921+0000] {processor.py:208} INFO - Processing /home/airflow/.local/lib/python3.12/site-packages/airflow/example_dags/example_latest_only_with_trigger.py took 0.115 seconds
[2024-09-28T04:07:23.942+0000] {processor.py:186} INFO - Started process (PID=315) to work on /home/airflow/.local/lib/python3.12/site-packages/airflow/example_dags/example_latest_only_with_trigger.py
[2024-09-28T04:07:23.943+0000] {processor.py:914} INFO - Processing file /home/airflow/.local/lib/python3.12/site-packages/airflow/example_dags/example_latest_only_with_trigger.py for tasks to queue
[2024-09-28T04:07:23.946+0000] {logging_mixin.py:190} INFO - [2024-09-28T04:07:23.946+0000] {dagbag.py:588} INFO - Filling up the DagBag from /home/airflow/.local/lib/python3.12/site-packages/airflow/example_dags/example_latest_only_with_trigger.py
[2024-09-28T04:07:23.957+0000] {processor.py:925} INFO - DAG(s) 'latest_only_with_trigger' retrieved from /home/airflow/.local/lib/python3.12/site-packages/airflow/example_dags/example_latest_only_with_trigger.py
[2024-09-28T04:07:23.984+0000] {logging_mixin.py:190} INFO - [2024-09-28T04:07:23.984+0000] {dag.py:3239} INFO - Sync 1 DAGs
[2024-09-28T04:07:24.016+0000] {logging_mixin.py:190} INFO - [2024-09-28T04:07:24.015+0000] {dag.py:4180} INFO - Setting next_dagrun for latest_only_with_trigger to 2024-09-28 00:00:00+00:00, run_after=2024-09-28 04:00:00+00:00
[2024-09-28T04:07:24.042+0000] {processor.py:208} INFO - Processing /home/airflow/.local/lib/python3.12/site-packages/airflow/example_dags/example_latest_only_with_trigger.py took 0.113 seconds
[2024-09-28T04:07:55.269+0000] {processor.py:186} INFO - Started process (PID=389) to work on /home/airflow/.local/lib/python3.12/site-packages/airflow/example_dags/example_latest_only_with_trigger.py
[2024-09-28T04:07:55.271+0000] {processor.py:914} INFO - Processing file /home/airflow/.local/lib/python3.12/site-packages/airflow/example_dags/example_latest_only_with_trigger.py for tasks to queue
[2024-09-28T04:07:55.273+0000] {logging_mixin.py:190} INFO - [2024-09-28T04:07:55.273+0000] {dagbag.py:588} INFO - Filling up the DagBag from /home/airflow/.local/lib/python3.12/site-packages/airflow/example_dags/example_latest_only_with_trigger.py
[2024-09-28T04:07:55.279+0000] {processor.py:925} INFO - DAG(s) 'latest_only_with_trigger' retrieved from /home/airflow/.local/lib/python3.12/site-packages/airflow/example_dags/example_latest_only_with_trigger.py
[2024-09-28T04:07:55.300+0000] {logging_mixin.py:190} INFO - [2024-09-28T04:07:55.300+0000] {dag.py:3239} INFO - Sync 1 DAGs
[2024-09-28T04:07:55.321+0000] {logging_mixin.py:190} INFO - [2024-09-28T04:07:55.321+0000] {dag.py:4180} INFO - Setting next_dagrun for latest_only_with_trigger to 2024-09-28 00:00:00+00:00, run_after=2024-09-28 04:00:00+00:00
[2024-09-28T04:07:55.346+0000] {processor.py:208} INFO - Processing /home/airflow/.local/lib/python3.12/site-packages/airflow/example_dags/example_latest_only_with_trigger.py took 0.081 seconds
