[2024-09-28T02:18:57.400+0000] {processor.py:186} INFO - Started process (PID=74) to work on /home/airflow/.local/lib/python3.12/site-packages/airflow/example_dags/example_bash_decorator.py
[2024-09-28T02:18:57.404+0000] {processor.py:914} INFO - Processing file /home/airflow/.local/lib/python3.12/site-packages/airflow/example_dags/example_bash_decorator.py for tasks to queue
[2024-09-28T02:18:57.425+0000] {logging_mixin.py:190} INFO - [2024-09-28T02:18:57.423+0000] {dagbag.py:588} INFO - Filling up the DagBag from /home/airflow/.local/lib/python3.12/site-packages/airflow/example_dags/example_bash_decorator.py
[2024-09-28T02:18:57.537+0000] {processor.py:925} INFO - DAG(s) 'example_bash_decorator' retrieved from /home/airflow/.local/lib/python3.12/site-packages/airflow/example_dags/example_bash_decorator.py
[2024-09-28T02:18:57.909+0000] {logging_mixin.py:190} INFO - [2024-09-28T02:18:57.909+0000] {dag.py:3239} INFO - Sync 1 DAGs
[2024-09-28T02:18:58.696+0000] {logging_mixin.py:190} INFO - [2024-09-28T02:18:58.695+0000] {dag.py:4180} INFO - Setting next_dagrun for example_bash_decorator to None, run_after=None
[2024-09-28T02:18:58.776+0000] {processor.py:208} INFO - Processing /home/airflow/.local/lib/python3.12/site-packages/airflow/example_dags/example_bash_decorator.py took 1.449 seconds
[2024-09-28T02:19:28.847+0000] {processor.py:186} INFO - Started process (PID=137) to work on /home/airflow/.local/lib/python3.12/site-packages/airflow/example_dags/example_bash_decorator.py
[2024-09-28T02:19:28.849+0000] {processor.py:914} INFO - Processing file /home/airflow/.local/lib/python3.12/site-packages/airflow/example_dags/example_bash_decorator.py for tasks to queue
[2024-09-28T02:19:28.851+0000] {logging_mixin.py:190} INFO - [2024-09-28T02:19:28.851+0000] {dagbag.py:588} INFO - Filling up the DagBag from /home/airflow/.local/lib/python3.12/site-packages/airflow/example_dags/example_bash_decorator.py
[2024-09-28T02:19:28.865+0000] {processor.py:925} INFO - DAG(s) 'example_bash_decorator' retrieved from /home/airflow/.local/lib/python3.12/site-packages/airflow/example_dags/example_bash_decorator.py
[2024-09-28T02:19:28.888+0000] {logging_mixin.py:190} INFO - [2024-09-28T02:19:28.888+0000] {dag.py:3239} INFO - Sync 1 DAGs
[2024-09-28T02:19:28.901+0000] {logging_mixin.py:190} INFO - [2024-09-28T02:19:28.901+0000] {dag.py:4180} INFO - Setting next_dagrun for example_bash_decorator to None, run_after=None
[2024-09-28T02:19:28.926+0000] {processor.py:208} INFO - Processing /home/airflow/.local/lib/python3.12/site-packages/airflow/example_dags/example_bash_decorator.py took 0.083 seconds
[2024-09-28T02:19:59.874+0000] {processor.py:186} INFO - Started process (PID=200) to work on /home/airflow/.local/lib/python3.12/site-packages/airflow/example_dags/example_bash_decorator.py
[2024-09-28T02:19:59.876+0000] {processor.py:914} INFO - Processing file /home/airflow/.local/lib/python3.12/site-packages/airflow/example_dags/example_bash_decorator.py for tasks to queue
[2024-09-28T02:19:59.878+0000] {logging_mixin.py:190} INFO - [2024-09-28T02:19:59.877+0000] {dagbag.py:588} INFO - Filling up the DagBag from /home/airflow/.local/lib/python3.12/site-packages/airflow/example_dags/example_bash_decorator.py
[2024-09-28T02:19:59.891+0000] {processor.py:925} INFO - DAG(s) 'example_bash_decorator' retrieved from /home/airflow/.local/lib/python3.12/site-packages/airflow/example_dags/example_bash_decorator.py
[2024-09-28T02:19:59.914+0000] {logging_mixin.py:190} INFO - [2024-09-28T02:19:59.913+0000] {dag.py:3239} INFO - Sync 1 DAGs
[2024-09-28T02:19:59.927+0000] {logging_mixin.py:190} INFO - [2024-09-28T02:19:59.927+0000] {dag.py:4180} INFO - Setting next_dagrun for example_bash_decorator to None, run_after=None
[2024-09-28T02:19:59.952+0000] {processor.py:208} INFO - Processing /home/airflow/.local/lib/python3.12/site-packages/airflow/example_dags/example_bash_decorator.py took 0.082 seconds
[2024-09-28T02:20:30.104+0000] {processor.py:186} INFO - Started process (PID=263) to work on /home/airflow/.local/lib/python3.12/site-packages/airflow/example_dags/example_bash_decorator.py
[2024-09-28T02:20:30.106+0000] {processor.py:914} INFO - Processing file /home/airflow/.local/lib/python3.12/site-packages/airflow/example_dags/example_bash_decorator.py for tasks to queue
[2024-09-28T02:20:30.108+0000] {logging_mixin.py:190} INFO - [2024-09-28T02:20:30.108+0000] {dagbag.py:588} INFO - Filling up the DagBag from /home/airflow/.local/lib/python3.12/site-packages/airflow/example_dags/example_bash_decorator.py
[2024-09-28T02:20:30.123+0000] {processor.py:925} INFO - DAG(s) 'example_bash_decorator' retrieved from /home/airflow/.local/lib/python3.12/site-packages/airflow/example_dags/example_bash_decorator.py
[2024-09-28T02:20:30.146+0000] {logging_mixin.py:190} INFO - [2024-09-28T02:20:30.146+0000] {dag.py:3239} INFO - Sync 1 DAGs
[2024-09-28T02:20:30.161+0000] {logging_mixin.py:190} INFO - [2024-09-28T02:20:30.160+0000] {dag.py:4180} INFO - Setting next_dagrun for example_bash_decorator to None, run_after=None
[2024-09-28T02:20:30.184+0000] {processor.py:208} INFO - Processing /home/airflow/.local/lib/python3.12/site-packages/airflow/example_dags/example_bash_decorator.py took 0.085 seconds
[2024-09-28T02:21:01.250+0000] {processor.py:186} INFO - Started process (PID=326) to work on /home/airflow/.local/lib/python3.12/site-packages/airflow/example_dags/example_bash_decorator.py
[2024-09-28T02:21:01.252+0000] {processor.py:914} INFO - Processing file /home/airflow/.local/lib/python3.12/site-packages/airflow/example_dags/example_bash_decorator.py for tasks to queue
[2024-09-28T02:21:01.256+0000] {logging_mixin.py:190} INFO - [2024-09-28T02:21:01.255+0000] {dagbag.py:588} INFO - Filling up the DagBag from /home/airflow/.local/lib/python3.12/site-packages/airflow/example_dags/example_bash_decorator.py
[2024-09-28T02:21:01.278+0000] {processor.py:925} INFO - DAG(s) 'example_bash_decorator' retrieved from /home/airflow/.local/lib/python3.12/site-packages/airflow/example_dags/example_bash_decorator.py
[2024-09-28T02:21:01.312+0000] {logging_mixin.py:190} INFO - [2024-09-28T02:21:01.312+0000] {dag.py:3239} INFO - Sync 1 DAGs
[2024-09-28T02:21:01.339+0000] {logging_mixin.py:190} INFO - [2024-09-28T02:21:01.339+0000] {dag.py:4180} INFO - Setting next_dagrun for example_bash_decorator to None, run_after=None
[2024-09-28T02:21:01.370+0000] {processor.py:208} INFO - Processing /home/airflow/.local/lib/python3.12/site-packages/airflow/example_dags/example_bash_decorator.py took 0.126 seconds
[2024-09-28T02:21:31.554+0000] {processor.py:186} INFO - Started process (PID=389) to work on /home/airflow/.local/lib/python3.12/site-packages/airflow/example_dags/example_bash_decorator.py
[2024-09-28T02:21:31.555+0000] {processor.py:914} INFO - Processing file /home/airflow/.local/lib/python3.12/site-packages/airflow/example_dags/example_bash_decorator.py for tasks to queue
[2024-09-28T02:21:31.558+0000] {logging_mixin.py:190} INFO - [2024-09-28T02:21:31.557+0000] {dagbag.py:588} INFO - Filling up the DagBag from /home/airflow/.local/lib/python3.12/site-packages/airflow/example_dags/example_bash_decorator.py
[2024-09-28T02:21:31.571+0000] {processor.py:925} INFO - DAG(s) 'example_bash_decorator' retrieved from /home/airflow/.local/lib/python3.12/site-packages/airflow/example_dags/example_bash_decorator.py
[2024-09-28T02:21:31.597+0000] {logging_mixin.py:190} INFO - [2024-09-28T02:21:31.596+0000] {dag.py:3239} INFO - Sync 1 DAGs
[2024-09-28T02:21:31.610+0000] {logging_mixin.py:190} INFO - [2024-09-28T02:21:31.610+0000] {dag.py:4180} INFO - Setting next_dagrun for example_bash_decorator to None, run_after=None
[2024-09-28T02:21:31.640+0000] {processor.py:208} INFO - Processing /home/airflow/.local/lib/python3.12/site-packages/airflow/example_dags/example_bash_decorator.py took 0.092 seconds
[2024-09-28T02:22:01.895+0000] {processor.py:186} INFO - Started process (PID=452) to work on /home/airflow/.local/lib/python3.12/site-packages/airflow/example_dags/example_bash_decorator.py
[2024-09-28T02:22:01.896+0000] {processor.py:914} INFO - Processing file /home/airflow/.local/lib/python3.12/site-packages/airflow/example_dags/example_bash_decorator.py for tasks to queue
[2024-09-28T02:22:01.898+0000] {logging_mixin.py:190} INFO - [2024-09-28T02:22:01.898+0000] {dagbag.py:588} INFO - Filling up the DagBag from /home/airflow/.local/lib/python3.12/site-packages/airflow/example_dags/example_bash_decorator.py
[2024-09-28T02:22:01.910+0000] {processor.py:925} INFO - DAG(s) 'example_bash_decorator' retrieved from /home/airflow/.local/lib/python3.12/site-packages/airflow/example_dags/example_bash_decorator.py
[2024-09-28T02:22:01.933+0000] {logging_mixin.py:190} INFO - [2024-09-28T02:22:01.933+0000] {dag.py:3239} INFO - Sync 1 DAGs
[2024-09-28T02:22:01.947+0000] {logging_mixin.py:190} INFO - [2024-09-28T02:22:01.946+0000] {dag.py:4180} INFO - Setting next_dagrun for example_bash_decorator to None, run_after=None
[2024-09-28T02:22:01.969+0000] {processor.py:208} INFO - Processing /home/airflow/.local/lib/python3.12/site-packages/airflow/example_dags/example_bash_decorator.py took 0.079 seconds
[2024-09-28T02:22:32.180+0000] {processor.py:186} INFO - Started process (PID=515) to work on /home/airflow/.local/lib/python3.12/site-packages/airflow/example_dags/example_bash_decorator.py
[2024-09-28T02:22:32.181+0000] {processor.py:914} INFO - Processing file /home/airflow/.local/lib/python3.12/site-packages/airflow/example_dags/example_bash_decorator.py for tasks to queue
[2024-09-28T02:22:32.184+0000] {logging_mixin.py:190} INFO - [2024-09-28T02:22:32.184+0000] {dagbag.py:588} INFO - Filling up the DagBag from /home/airflow/.local/lib/python3.12/site-packages/airflow/example_dags/example_bash_decorator.py
[2024-09-28T02:22:32.196+0000] {processor.py:925} INFO - DAG(s) 'example_bash_decorator' retrieved from /home/airflow/.local/lib/python3.12/site-packages/airflow/example_dags/example_bash_decorator.py
[2024-09-28T02:22:32.219+0000] {logging_mixin.py:190} INFO - [2024-09-28T02:22:32.219+0000] {dag.py:3239} INFO - Sync 1 DAGs
[2024-09-28T02:22:32.233+0000] {logging_mixin.py:190} INFO - [2024-09-28T02:22:32.233+0000] {dag.py:4180} INFO - Setting next_dagrun for example_bash_decorator to None, run_after=None
[2024-09-28T02:22:32.257+0000] {processor.py:208} INFO - Processing /home/airflow/.local/lib/python3.12/site-packages/airflow/example_dags/example_bash_decorator.py took 0.081 seconds
[2024-09-28T02:23:03.252+0000] {processor.py:186} INFO - Started process (PID=579) to work on /home/airflow/.local/lib/python3.12/site-packages/airflow/example_dags/example_bash_decorator.py
[2024-09-28T02:23:03.253+0000] {processor.py:914} INFO - Processing file /home/airflow/.local/lib/python3.12/site-packages/airflow/example_dags/example_bash_decorator.py for tasks to queue
[2024-09-28T02:23:03.256+0000] {logging_mixin.py:190} INFO - [2024-09-28T02:23:03.255+0000] {dagbag.py:588} INFO - Filling up the DagBag from /home/airflow/.local/lib/python3.12/site-packages/airflow/example_dags/example_bash_decorator.py
[2024-09-28T02:23:03.268+0000] {processor.py:925} INFO - DAG(s) 'example_bash_decorator' retrieved from /home/airflow/.local/lib/python3.12/site-packages/airflow/example_dags/example_bash_decorator.py
[2024-09-28T02:23:03.290+0000] {logging_mixin.py:190} INFO - [2024-09-28T02:23:03.290+0000] {dag.py:3239} INFO - Sync 1 DAGs
[2024-09-28T02:23:03.304+0000] {logging_mixin.py:190} INFO - [2024-09-28T02:23:03.304+0000] {dag.py:4180} INFO - Setting next_dagrun for example_bash_decorator to None, run_after=None
[2024-09-28T02:23:03.330+0000] {processor.py:208} INFO - Processing /home/airflow/.local/lib/python3.12/site-packages/airflow/example_dags/example_bash_decorator.py took 0.083 seconds
[2024-09-28T02:23:33.503+0000] {processor.py:186} INFO - Started process (PID=642) to work on /home/airflow/.local/lib/python3.12/site-packages/airflow/example_dags/example_bash_decorator.py
[2024-09-28T02:23:33.504+0000] {processor.py:914} INFO - Processing file /home/airflow/.local/lib/python3.12/site-packages/airflow/example_dags/example_bash_decorator.py for tasks to queue
[2024-09-28T02:23:33.507+0000] {logging_mixin.py:190} INFO - [2024-09-28T02:23:33.506+0000] {dagbag.py:588} INFO - Filling up the DagBag from /home/airflow/.local/lib/python3.12/site-packages/airflow/example_dags/example_bash_decorator.py
[2024-09-28T02:23:33.521+0000] {processor.py:925} INFO - DAG(s) 'example_bash_decorator' retrieved from /home/airflow/.local/lib/python3.12/site-packages/airflow/example_dags/example_bash_decorator.py
[2024-09-28T02:23:33.548+0000] {logging_mixin.py:190} INFO - [2024-09-28T02:23:33.548+0000] {dag.py:3239} INFO - Sync 1 DAGs
[2024-09-28T02:23:33.565+0000] {logging_mixin.py:190} INFO - [2024-09-28T02:23:33.564+0000] {dag.py:4180} INFO - Setting next_dagrun for example_bash_decorator to None, run_after=None
[2024-09-28T02:23:33.586+0000] {processor.py:208} INFO - Processing /home/airflow/.local/lib/python3.12/site-packages/airflow/example_dags/example_bash_decorator.py took 0.088 seconds
[2024-09-28T02:24:03.844+0000] {processor.py:186} INFO - Started process (PID=705) to work on /home/airflow/.local/lib/python3.12/site-packages/airflow/example_dags/example_bash_decorator.py
[2024-09-28T02:24:03.845+0000] {processor.py:914} INFO - Processing file /home/airflow/.local/lib/python3.12/site-packages/airflow/example_dags/example_bash_decorator.py for tasks to queue
[2024-09-28T02:24:03.851+0000] {logging_mixin.py:190} INFO - [2024-09-28T02:24:03.849+0000] {dagbag.py:588} INFO - Filling up the DagBag from /home/airflow/.local/lib/python3.12/site-packages/airflow/example_dags/example_bash_decorator.py
[2024-09-28T02:24:03.886+0000] {processor.py:925} INFO - DAG(s) 'example_bash_decorator' retrieved from /home/airflow/.local/lib/python3.12/site-packages/airflow/example_dags/example_bash_decorator.py
[2024-09-28T02:24:03.947+0000] {logging_mixin.py:190} INFO - [2024-09-28T02:24:03.946+0000] {dag.py:3239} INFO - Sync 1 DAGs
[2024-09-28T02:24:03.971+0000] {logging_mixin.py:190} INFO - [2024-09-28T02:24:03.970+0000] {dag.py:4180} INFO - Setting next_dagrun for example_bash_decorator to None, run_after=None
[2024-09-28T02:24:04.009+0000] {processor.py:208} INFO - Processing /home/airflow/.local/lib/python3.12/site-packages/airflow/example_dags/example_bash_decorator.py took 0.173 seconds
[2024-09-28T02:24:34.109+0000] {processor.py:186} INFO - Started process (PID=768) to work on /home/airflow/.local/lib/python3.12/site-packages/airflow/example_dags/example_bash_decorator.py
[2024-09-28T02:24:34.110+0000] {processor.py:914} INFO - Processing file /home/airflow/.local/lib/python3.12/site-packages/airflow/example_dags/example_bash_decorator.py for tasks to queue
[2024-09-28T02:24:34.113+0000] {logging_mixin.py:190} INFO - [2024-09-28T02:24:34.113+0000] {dagbag.py:588} INFO - Filling up the DagBag from /home/airflow/.local/lib/python3.12/site-packages/airflow/example_dags/example_bash_decorator.py
[2024-09-28T02:24:34.130+0000] {processor.py:925} INFO - DAG(s) 'example_bash_decorator' retrieved from /home/airflow/.local/lib/python3.12/site-packages/airflow/example_dags/example_bash_decorator.py
[2024-09-28T02:24:34.165+0000] {logging_mixin.py:190} INFO - [2024-09-28T02:24:34.165+0000] {dag.py:3239} INFO - Sync 1 DAGs
[2024-09-28T02:24:34.185+0000] {logging_mixin.py:190} INFO - [2024-09-28T02:24:34.184+0000] {dag.py:4180} INFO - Setting next_dagrun for example_bash_decorator to None, run_after=None
[2024-09-28T02:24:34.225+0000] {processor.py:208} INFO - Processing /home/airflow/.local/lib/python3.12/site-packages/airflow/example_dags/example_bash_decorator.py took 0.124 seconds
[2024-09-28T02:25:04.475+0000] {processor.py:186} INFO - Started process (PID=831) to work on /home/airflow/.local/lib/python3.12/site-packages/airflow/example_dags/example_bash_decorator.py
[2024-09-28T02:25:04.476+0000] {processor.py:914} INFO - Processing file /home/airflow/.local/lib/python3.12/site-packages/airflow/example_dags/example_bash_decorator.py for tasks to queue
[2024-09-28T02:25:04.478+0000] {logging_mixin.py:190} INFO - [2024-09-28T02:25:04.478+0000] {dagbag.py:588} INFO - Filling up the DagBag from /home/airflow/.local/lib/python3.12/site-packages/airflow/example_dags/example_bash_decorator.py
[2024-09-28T02:25:04.492+0000] {processor.py:925} INFO - DAG(s) 'example_bash_decorator' retrieved from /home/airflow/.local/lib/python3.12/site-packages/airflow/example_dags/example_bash_decorator.py
[2024-09-28T02:25:04.515+0000] {logging_mixin.py:190} INFO - [2024-09-28T02:25:04.515+0000] {dag.py:3239} INFO - Sync 1 DAGs
[2024-09-28T02:25:04.530+0000] {logging_mixin.py:190} INFO - [2024-09-28T02:25:04.530+0000] {dag.py:4180} INFO - Setting next_dagrun for example_bash_decorator to None, run_after=None
[2024-09-28T02:25:04.556+0000] {processor.py:208} INFO - Processing /home/airflow/.local/lib/python3.12/site-packages/airflow/example_dags/example_bash_decorator.py took 0.086 seconds
[2024-09-28T02:25:34.818+0000] {processor.py:186} INFO - Started process (PID=894) to work on /home/airflow/.local/lib/python3.12/site-packages/airflow/example_dags/example_bash_decorator.py
[2024-09-28T02:25:34.819+0000] {processor.py:914} INFO - Processing file /home/airflow/.local/lib/python3.12/site-packages/airflow/example_dags/example_bash_decorator.py for tasks to queue
[2024-09-28T02:25:34.822+0000] {logging_mixin.py:190} INFO - [2024-09-28T02:25:34.821+0000] {dagbag.py:588} INFO - Filling up the DagBag from /home/airflow/.local/lib/python3.12/site-packages/airflow/example_dags/example_bash_decorator.py
[2024-09-28T02:25:34.835+0000] {processor.py:925} INFO - DAG(s) 'example_bash_decorator' retrieved from /home/airflow/.local/lib/python3.12/site-packages/airflow/example_dags/example_bash_decorator.py
[2024-09-28T02:25:34.858+0000] {logging_mixin.py:190} INFO - [2024-09-28T02:25:34.858+0000] {dag.py:3239} INFO - Sync 1 DAGs
[2024-09-28T02:25:34.873+0000] {logging_mixin.py:190} INFO - [2024-09-28T02:25:34.873+0000] {dag.py:4180} INFO - Setting next_dagrun for example_bash_decorator to None, run_after=None
[2024-09-28T02:25:34.900+0000] {processor.py:208} INFO - Processing /home/airflow/.local/lib/python3.12/site-packages/airflow/example_dags/example_bash_decorator.py took 0.088 seconds
[2024-09-28T02:26:05.274+0000] {processor.py:186} INFO - Started process (PID=957) to work on /home/airflow/.local/lib/python3.12/site-packages/airflow/example_dags/example_bash_decorator.py
[2024-09-28T02:26:05.275+0000] {processor.py:914} INFO - Processing file /home/airflow/.local/lib/python3.12/site-packages/airflow/example_dags/example_bash_decorator.py for tasks to queue
[2024-09-28T02:26:05.278+0000] {logging_mixin.py:190} INFO - [2024-09-28T02:26:05.277+0000] {dagbag.py:588} INFO - Filling up the DagBag from /home/airflow/.local/lib/python3.12/site-packages/airflow/example_dags/example_bash_decorator.py
[2024-09-28T02:26:05.294+0000] {processor.py:925} INFO - DAG(s) 'example_bash_decorator' retrieved from /home/airflow/.local/lib/python3.12/site-packages/airflow/example_dags/example_bash_decorator.py
[2024-09-28T02:26:05.326+0000] {logging_mixin.py:190} INFO - [2024-09-28T02:26:05.325+0000] {dag.py:3239} INFO - Sync 1 DAGs
[2024-09-28T02:26:05.347+0000] {logging_mixin.py:190} INFO - [2024-09-28T02:26:05.346+0000] {dag.py:4180} INFO - Setting next_dagrun for example_bash_decorator to None, run_after=None
[2024-09-28T02:26:05.379+0000] {processor.py:208} INFO - Processing /home/airflow/.local/lib/python3.12/site-packages/airflow/example_dags/example_bash_decorator.py took 0.112 seconds
[2024-09-28T02:46:00.518+0000] {processor.py:186} INFO - Started process (PID=73) to work on /home/airflow/.local/lib/python3.12/site-packages/airflow/example_dags/example_bash_decorator.py
[2024-09-28T02:46:00.523+0000] {processor.py:914} INFO - Processing file /home/airflow/.local/lib/python3.12/site-packages/airflow/example_dags/example_bash_decorator.py for tasks to queue
[2024-09-28T02:46:00.529+0000] {logging_mixin.py:190} INFO - [2024-09-28T02:46:00.528+0000] {dagbag.py:588} INFO - Filling up the DagBag from /home/airflow/.local/lib/python3.12/site-packages/airflow/example_dags/example_bash_decorator.py
[2024-09-28T02:46:00.601+0000] {processor.py:925} INFO - DAG(s) 'example_bash_decorator' retrieved from /home/airflow/.local/lib/python3.12/site-packages/airflow/example_dags/example_bash_decorator.py
[2024-09-28T02:46:00.944+0000] {logging_mixin.py:190} INFO - [2024-09-28T02:46:00.944+0000] {dag.py:3239} INFO - Sync 1 DAGs
[2024-09-28T02:46:00.979+0000] {logging_mixin.py:190} INFO - [2024-09-28T02:46:00.978+0000] {dag.py:4180} INFO - Setting next_dagrun for example_bash_decorator to None, run_after=None
[2024-09-28T02:46:01.272+0000] {processor.py:208} INFO - Processing /home/airflow/.local/lib/python3.12/site-packages/airflow/example_dags/example_bash_decorator.py took 0.765 seconds
[2024-09-28T02:46:31.698+0000] {processor.py:186} INFO - Started process (PID=136) to work on /home/airflow/.local/lib/python3.12/site-packages/airflow/example_dags/example_bash_decorator.py
[2024-09-28T02:46:31.702+0000] {processor.py:914} INFO - Processing file /home/airflow/.local/lib/python3.12/site-packages/airflow/example_dags/example_bash_decorator.py for tasks to queue
[2024-09-28T02:46:31.705+0000] {logging_mixin.py:190} INFO - [2024-09-28T02:46:31.704+0000] {dagbag.py:588} INFO - Filling up the DagBag from /home/airflow/.local/lib/python3.12/site-packages/airflow/example_dags/example_bash_decorator.py
[2024-09-28T02:46:31.724+0000] {processor.py:925} INFO - DAG(s) 'example_bash_decorator' retrieved from /home/airflow/.local/lib/python3.12/site-packages/airflow/example_dags/example_bash_decorator.py
[2024-09-28T02:46:31.782+0000] {logging_mixin.py:190} INFO - [2024-09-28T02:46:31.782+0000] {dag.py:3239} INFO - Sync 1 DAGs
[2024-09-28T02:46:31.808+0000] {logging_mixin.py:190} INFO - [2024-09-28T02:46:31.807+0000] {dag.py:4180} INFO - Setting next_dagrun for example_bash_decorator to None, run_after=None
[2024-09-28T02:46:31.844+0000] {processor.py:208} INFO - Processing /home/airflow/.local/lib/python3.12/site-packages/airflow/example_dags/example_bash_decorator.py took 0.152 seconds
[2024-09-28T02:47:02.440+0000] {processor.py:186} INFO - Started process (PID=199) to work on /home/airflow/.local/lib/python3.12/site-packages/airflow/example_dags/example_bash_decorator.py
[2024-09-28T02:47:02.442+0000] {processor.py:914} INFO - Processing file /home/airflow/.local/lib/python3.12/site-packages/airflow/example_dags/example_bash_decorator.py for tasks to queue
[2024-09-28T02:47:02.445+0000] {logging_mixin.py:190} INFO - [2024-09-28T02:47:02.444+0000] {dagbag.py:588} INFO - Filling up the DagBag from /home/airflow/.local/lib/python3.12/site-packages/airflow/example_dags/example_bash_decorator.py
[2024-09-28T02:47:02.470+0000] {processor.py:925} INFO - DAG(s) 'example_bash_decorator' retrieved from /home/airflow/.local/lib/python3.12/site-packages/airflow/example_dags/example_bash_decorator.py
[2024-09-28T02:47:02.502+0000] {logging_mixin.py:190} INFO - [2024-09-28T02:47:02.502+0000] {dag.py:3239} INFO - Sync 1 DAGs
[2024-09-28T02:47:02.521+0000] {logging_mixin.py:190} INFO - [2024-09-28T02:47:02.521+0000] {dag.py:4180} INFO - Setting next_dagrun for example_bash_decorator to None, run_after=None
[2024-09-28T02:47:02.555+0000] {processor.py:208} INFO - Processing /home/airflow/.local/lib/python3.12/site-packages/airflow/example_dags/example_bash_decorator.py took 0.122 seconds
[2024-09-28T02:47:32.925+0000] {processor.py:186} INFO - Started process (PID=263) to work on /home/airflow/.local/lib/python3.12/site-packages/airflow/example_dags/example_bash_decorator.py
[2024-09-28T02:47:32.926+0000] {processor.py:914} INFO - Processing file /home/airflow/.local/lib/python3.12/site-packages/airflow/example_dags/example_bash_decorator.py for tasks to queue
[2024-09-28T02:47:32.929+0000] {logging_mixin.py:190} INFO - [2024-09-28T02:47:32.929+0000] {dagbag.py:588} INFO - Filling up the DagBag from /home/airflow/.local/lib/python3.12/site-packages/airflow/example_dags/example_bash_decorator.py
[2024-09-28T02:47:32.946+0000] {processor.py:925} INFO - DAG(s) 'example_bash_decorator' retrieved from /home/airflow/.local/lib/python3.12/site-packages/airflow/example_dags/example_bash_decorator.py
[2024-09-28T02:47:32.970+0000] {logging_mixin.py:190} INFO - [2024-09-28T02:47:32.970+0000] {dag.py:3239} INFO - Sync 1 DAGs
[2024-09-28T02:47:32.986+0000] {logging_mixin.py:190} INFO - [2024-09-28T02:47:32.986+0000] {dag.py:4180} INFO - Setting next_dagrun for example_bash_decorator to None, run_after=None
[2024-09-28T02:47:33.013+0000] {processor.py:208} INFO - Processing /home/airflow/.local/lib/python3.12/site-packages/airflow/example_dags/example_bash_decorator.py took 0.095 seconds
[2024-09-28T02:48:03.156+0000] {processor.py:186} INFO - Started process (PID=326) to work on /home/airflow/.local/lib/python3.12/site-packages/airflow/example_dags/example_bash_decorator.py
[2024-09-28T02:48:03.157+0000] {processor.py:914} INFO - Processing file /home/airflow/.local/lib/python3.12/site-packages/airflow/example_dags/example_bash_decorator.py for tasks to queue
[2024-09-28T02:48:03.159+0000] {logging_mixin.py:190} INFO - [2024-09-28T02:48:03.159+0000] {dagbag.py:588} INFO - Filling up the DagBag from /home/airflow/.local/lib/python3.12/site-packages/airflow/example_dags/example_bash_decorator.py
[2024-09-28T02:48:03.177+0000] {processor.py:925} INFO - DAG(s) 'example_bash_decorator' retrieved from /home/airflow/.local/lib/python3.12/site-packages/airflow/example_dags/example_bash_decorator.py
[2024-09-28T02:48:03.200+0000] {logging_mixin.py:190} INFO - [2024-09-28T02:48:03.200+0000] {dag.py:3239} INFO - Sync 1 DAGs
[2024-09-28T02:48:03.213+0000] {logging_mixin.py:190} INFO - [2024-09-28T02:48:03.213+0000] {dag.py:4180} INFO - Setting next_dagrun for example_bash_decorator to None, run_after=None
[2024-09-28T02:48:03.235+0000] {processor.py:208} INFO - Processing /home/airflow/.local/lib/python3.12/site-packages/airflow/example_dags/example_bash_decorator.py took 0.084 seconds
[2024-09-28T02:48:34.101+0000] {processor.py:186} INFO - Started process (PID=389) to work on /home/airflow/.local/lib/python3.12/site-packages/airflow/example_dags/example_bash_decorator.py
[2024-09-28T02:48:34.102+0000] {processor.py:914} INFO - Processing file /home/airflow/.local/lib/python3.12/site-packages/airflow/example_dags/example_bash_decorator.py for tasks to queue
[2024-09-28T02:48:34.105+0000] {logging_mixin.py:190} INFO - [2024-09-28T02:48:34.105+0000] {dagbag.py:588} INFO - Filling up the DagBag from /home/airflow/.local/lib/python3.12/site-packages/airflow/example_dags/example_bash_decorator.py
[2024-09-28T02:48:34.119+0000] {processor.py:925} INFO - DAG(s) 'example_bash_decorator' retrieved from /home/airflow/.local/lib/python3.12/site-packages/airflow/example_dags/example_bash_decorator.py
[2024-09-28T02:48:34.142+0000] {logging_mixin.py:190} INFO - [2024-09-28T02:48:34.142+0000] {dag.py:3239} INFO - Sync 1 DAGs
[2024-09-28T02:48:34.156+0000] {logging_mixin.py:190} INFO - [2024-09-28T02:48:34.156+0000] {dag.py:4180} INFO - Setting next_dagrun for example_bash_decorator to None, run_after=None
[2024-09-28T02:48:34.180+0000] {processor.py:208} INFO - Processing /home/airflow/.local/lib/python3.12/site-packages/airflow/example_dags/example_bash_decorator.py took 0.083 seconds
[2024-09-28T02:49:05.011+0000] {processor.py:186} INFO - Started process (PID=452) to work on /home/airflow/.local/lib/python3.12/site-packages/airflow/example_dags/example_bash_decorator.py
[2024-09-28T02:49:05.012+0000] {processor.py:914} INFO - Processing file /home/airflow/.local/lib/python3.12/site-packages/airflow/example_dags/example_bash_decorator.py for tasks to queue
[2024-09-28T02:49:05.015+0000] {logging_mixin.py:190} INFO - [2024-09-28T02:49:05.015+0000] {dagbag.py:588} INFO - Filling up the DagBag from /home/airflow/.local/lib/python3.12/site-packages/airflow/example_dags/example_bash_decorator.py
[2024-09-28T02:49:05.041+0000] {processor.py:925} INFO - DAG(s) 'example_bash_decorator' retrieved from /home/airflow/.local/lib/python3.12/site-packages/airflow/example_dags/example_bash_decorator.py
[2024-09-28T02:49:05.075+0000] {logging_mixin.py:190} INFO - [2024-09-28T02:49:05.074+0000] {dag.py:3239} INFO - Sync 1 DAGs
[2024-09-28T02:49:05.090+0000] {logging_mixin.py:190} INFO - [2024-09-28T02:49:05.090+0000] {dag.py:4180} INFO - Setting next_dagrun for example_bash_decorator to None, run_after=None
[2024-09-28T02:49:05.118+0000] {processor.py:208} INFO - Processing /home/airflow/.local/lib/python3.12/site-packages/airflow/example_dags/example_bash_decorator.py took 0.112 seconds
[2024-09-28T02:49:35.923+0000] {processor.py:186} INFO - Started process (PID=515) to work on /home/airflow/.local/lib/python3.12/site-packages/airflow/example_dags/example_bash_decorator.py
[2024-09-28T02:49:35.924+0000] {processor.py:914} INFO - Processing file /home/airflow/.local/lib/python3.12/site-packages/airflow/example_dags/example_bash_decorator.py for tasks to queue
[2024-09-28T02:49:35.926+0000] {logging_mixin.py:190} INFO - [2024-09-28T02:49:35.926+0000] {dagbag.py:588} INFO - Filling up the DagBag from /home/airflow/.local/lib/python3.12/site-packages/airflow/example_dags/example_bash_decorator.py
[2024-09-28T02:49:35.940+0000] {processor.py:925} INFO - DAG(s) 'example_bash_decorator' retrieved from /home/airflow/.local/lib/python3.12/site-packages/airflow/example_dags/example_bash_decorator.py
[2024-09-28T02:49:35.965+0000] {logging_mixin.py:190} INFO - [2024-09-28T02:49:35.965+0000] {dag.py:3239} INFO - Sync 1 DAGs
[2024-09-28T02:49:35.981+0000] {logging_mixin.py:190} INFO - [2024-09-28T02:49:35.980+0000] {dag.py:4180} INFO - Setting next_dagrun for example_bash_decorator to None, run_after=None
[2024-09-28T02:49:36.006+0000] {processor.py:208} INFO - Processing /home/airflow/.local/lib/python3.12/site-packages/airflow/example_dags/example_bash_decorator.py took 0.088 seconds
[2024-09-28T02:50:06.688+0000] {processor.py:186} INFO - Started process (PID=579) to work on /home/airflow/.local/lib/python3.12/site-packages/airflow/example_dags/example_bash_decorator.py
[2024-09-28T02:50:06.689+0000] {processor.py:914} INFO - Processing file /home/airflow/.local/lib/python3.12/site-packages/airflow/example_dags/example_bash_decorator.py for tasks to queue
[2024-09-28T02:50:06.692+0000] {logging_mixin.py:190} INFO - [2024-09-28T02:50:06.691+0000] {dagbag.py:588} INFO - Filling up the DagBag from /home/airflow/.local/lib/python3.12/site-packages/airflow/example_dags/example_bash_decorator.py
[2024-09-28T02:50:06.710+0000] {processor.py:925} INFO - DAG(s) 'example_bash_decorator' retrieved from /home/airflow/.local/lib/python3.12/site-packages/airflow/example_dags/example_bash_decorator.py
[2024-09-28T02:50:06.765+0000] {logging_mixin.py:190} INFO - [2024-09-28T02:50:06.764+0000] {dag.py:3239} INFO - Sync 1 DAGs
[2024-09-28T02:50:06.786+0000] {logging_mixin.py:190} INFO - [2024-09-28T02:50:06.786+0000] {dag.py:4180} INFO - Setting next_dagrun for example_bash_decorator to None, run_after=None
[2024-09-28T02:50:06.818+0000] {processor.py:208} INFO - Processing /home/airflow/.local/lib/python3.12/site-packages/airflow/example_dags/example_bash_decorator.py took 0.137 seconds
[2024-09-28T02:50:37.440+0000] {processor.py:186} INFO - Started process (PID=642) to work on /home/airflow/.local/lib/python3.12/site-packages/airflow/example_dags/example_bash_decorator.py
[2024-09-28T02:50:37.441+0000] {processor.py:914} INFO - Processing file /home/airflow/.local/lib/python3.12/site-packages/airflow/example_dags/example_bash_decorator.py for tasks to queue
[2024-09-28T02:50:37.443+0000] {logging_mixin.py:190} INFO - [2024-09-28T02:50:37.443+0000] {dagbag.py:588} INFO - Filling up the DagBag from /home/airflow/.local/lib/python3.12/site-packages/airflow/example_dags/example_bash_decorator.py
[2024-09-28T02:50:37.457+0000] {processor.py:925} INFO - DAG(s) 'example_bash_decorator' retrieved from /home/airflow/.local/lib/python3.12/site-packages/airflow/example_dags/example_bash_decorator.py
[2024-09-28T02:50:37.484+0000] {logging_mixin.py:190} INFO - [2024-09-28T02:50:37.484+0000] {dag.py:3239} INFO - Sync 1 DAGs
[2024-09-28T02:50:37.498+0000] {logging_mixin.py:190} INFO - [2024-09-28T02:50:37.497+0000] {dag.py:4180} INFO - Setting next_dagrun for example_bash_decorator to None, run_after=None
[2024-09-28T02:50:37.523+0000] {processor.py:208} INFO - Processing /home/airflow/.local/lib/python3.12/site-packages/airflow/example_dags/example_bash_decorator.py took 0.088 seconds
[2024-09-28T02:51:07.960+0000] {processor.py:186} INFO - Started process (PID=705) to work on /home/airflow/.local/lib/python3.12/site-packages/airflow/example_dags/example_bash_decorator.py
[2024-09-28T02:51:07.962+0000] {processor.py:914} INFO - Processing file /home/airflow/.local/lib/python3.12/site-packages/airflow/example_dags/example_bash_decorator.py for tasks to queue
[2024-09-28T02:51:07.977+0000] {logging_mixin.py:190} INFO - [2024-09-28T02:51:07.977+0000] {dagbag.py:588} INFO - Filling up the DagBag from /home/airflow/.local/lib/python3.12/site-packages/airflow/example_dags/example_bash_decorator.py
[2024-09-28T02:51:07.995+0000] {processor.py:925} INFO - DAG(s) 'example_bash_decorator' retrieved from /home/airflow/.local/lib/python3.12/site-packages/airflow/example_dags/example_bash_decorator.py
[2024-09-28T02:51:08.034+0000] {logging_mixin.py:190} INFO - [2024-09-28T02:51:08.034+0000] {dag.py:3239} INFO - Sync 1 DAGs
[2024-09-28T02:51:08.051+0000] {logging_mixin.py:190} INFO - [2024-09-28T02:51:08.051+0000] {dag.py:4180} INFO - Setting next_dagrun for example_bash_decorator to None, run_after=None
[2024-09-28T02:51:08.079+0000] {processor.py:208} INFO - Processing /home/airflow/.local/lib/python3.12/site-packages/airflow/example_dags/example_bash_decorator.py took 0.125 seconds
[2024-09-28T02:51:38.609+0000] {processor.py:186} INFO - Started process (PID=768) to work on /home/airflow/.local/lib/python3.12/site-packages/airflow/example_dags/example_bash_decorator.py
[2024-09-28T02:51:38.610+0000] {processor.py:914} INFO - Processing file /home/airflow/.local/lib/python3.12/site-packages/airflow/example_dags/example_bash_decorator.py for tasks to queue
[2024-09-28T02:51:38.612+0000] {logging_mixin.py:190} INFO - [2024-09-28T02:51:38.612+0000] {dagbag.py:588} INFO - Filling up the DagBag from /home/airflow/.local/lib/python3.12/site-packages/airflow/example_dags/example_bash_decorator.py
[2024-09-28T02:51:38.625+0000] {processor.py:925} INFO - DAG(s) 'example_bash_decorator' retrieved from /home/airflow/.local/lib/python3.12/site-packages/airflow/example_dags/example_bash_decorator.py
[2024-09-28T02:51:38.646+0000] {logging_mixin.py:190} INFO - [2024-09-28T02:51:38.645+0000] {dag.py:3239} INFO - Sync 1 DAGs
[2024-09-28T02:51:38.660+0000] {logging_mixin.py:190} INFO - [2024-09-28T02:51:38.660+0000] {dag.py:4180} INFO - Setting next_dagrun for example_bash_decorator to None, run_after=None
[2024-09-28T02:51:38.684+0000] {processor.py:208} INFO - Processing /home/airflow/.local/lib/python3.12/site-packages/airflow/example_dags/example_bash_decorator.py took 0.079 seconds
[2024-09-28T03:30:32.055+0000] {processor.py:186} INFO - Started process (PID=839) to work on /home/airflow/.local/lib/python3.12/site-packages/airflow/example_dags/example_bash_decorator.py
[2024-09-28T03:30:32.057+0000] {processor.py:914} INFO - Processing file /home/airflow/.local/lib/python3.12/site-packages/airflow/example_dags/example_bash_decorator.py for tasks to queue
[2024-09-28T03:30:32.060+0000] {logging_mixin.py:190} INFO - [2024-09-28T03:30:32.060+0000] {dagbag.py:588} INFO - Filling up the DagBag from /home/airflow/.local/lib/python3.12/site-packages/airflow/example_dags/example_bash_decorator.py
[2024-09-28T03:30:32.086+0000] {processor.py:925} INFO - DAG(s) 'example_bash_decorator' retrieved from /home/airflow/.local/lib/python3.12/site-packages/airflow/example_dags/example_bash_decorator.py
[2024-09-28T03:30:32.126+0000] {logging_mixin.py:190} INFO - [2024-09-28T03:30:32.125+0000] {dag.py:3239} INFO - Sync 1 DAGs
[2024-09-28T03:30:32.150+0000] {logging_mixin.py:190} INFO - [2024-09-28T03:30:32.150+0000] {dag.py:4180} INFO - Setting next_dagrun for example_bash_decorator to None, run_after=None
[2024-09-28T03:30:32.185+0000] {processor.py:208} INFO - Processing /home/airflow/.local/lib/python3.12/site-packages/airflow/example_dags/example_bash_decorator.py took 0.138 seconds
[2024-09-28T03:34:12.377+0000] {processor.py:186} INFO - Started process (PID=896) to work on /home/airflow/.local/lib/python3.12/site-packages/airflow/example_dags/example_bash_decorator.py
[2024-09-28T03:34:12.378+0000] {processor.py:914} INFO - Processing file /home/airflow/.local/lib/python3.12/site-packages/airflow/example_dags/example_bash_decorator.py for tasks to queue
[2024-09-28T03:34:12.380+0000] {logging_mixin.py:190} INFO - [2024-09-28T03:34:12.379+0000] {dagbag.py:588} INFO - Filling up the DagBag from /home/airflow/.local/lib/python3.12/site-packages/airflow/example_dags/example_bash_decorator.py
[2024-09-28T03:34:12.395+0000] {processor.py:925} INFO - DAG(s) 'example_bash_decorator' retrieved from /home/airflow/.local/lib/python3.12/site-packages/airflow/example_dags/example_bash_decorator.py
[2024-09-28T03:34:12.420+0000] {logging_mixin.py:190} INFO - [2024-09-28T03:34:12.419+0000] {dag.py:3239} INFO - Sync 1 DAGs
[2024-09-28T03:34:12.437+0000] {logging_mixin.py:190} INFO - [2024-09-28T03:34:12.437+0000] {dag.py:4180} INFO - Setting next_dagrun for example_bash_decorator to None, run_after=None
[2024-09-28T03:34:12.466+0000] {processor.py:208} INFO - Processing /home/airflow/.local/lib/python3.12/site-packages/airflow/example_dags/example_bash_decorator.py took 0.094 seconds
[2024-09-28T03:34:42.566+0000] {processor.py:186} INFO - Started process (PID=959) to work on /home/airflow/.local/lib/python3.12/site-packages/airflow/example_dags/example_bash_decorator.py
[2024-09-28T03:34:42.568+0000] {processor.py:914} INFO - Processing file /home/airflow/.local/lib/python3.12/site-packages/airflow/example_dags/example_bash_decorator.py for tasks to queue
[2024-09-28T03:34:42.569+0000] {logging_mixin.py:190} INFO - [2024-09-28T03:34:42.569+0000] {dagbag.py:588} INFO - Filling up the DagBag from /home/airflow/.local/lib/python3.12/site-packages/airflow/example_dags/example_bash_decorator.py
[2024-09-28T03:34:42.581+0000] {processor.py:925} INFO - DAG(s) 'example_bash_decorator' retrieved from /home/airflow/.local/lib/python3.12/site-packages/airflow/example_dags/example_bash_decorator.py
[2024-09-28T03:34:42.604+0000] {logging_mixin.py:190} INFO - [2024-09-28T03:34:42.603+0000] {dag.py:3239} INFO - Sync 1 DAGs
[2024-09-28T03:34:42.618+0000] {logging_mixin.py:190} INFO - [2024-09-28T03:34:42.618+0000] {dag.py:4180} INFO - Setting next_dagrun for example_bash_decorator to None, run_after=None
[2024-09-28T03:34:42.641+0000] {processor.py:208} INFO - Processing /home/airflow/.local/lib/python3.12/site-packages/airflow/example_dags/example_bash_decorator.py took 0.079 seconds
[2024-09-28T03:40:05.744+0000] {processor.py:186} INFO - Started process (PID=82) to work on /home/airflow/.local/lib/python3.12/site-packages/airflow/example_dags/example_bash_decorator.py
[2024-09-28T03:40:05.753+0000] {processor.py:914} INFO - Processing file /home/airflow/.local/lib/python3.12/site-packages/airflow/example_dags/example_bash_decorator.py for tasks to queue
[2024-09-28T03:40:05.779+0000] {logging_mixin.py:190} INFO - [2024-09-28T03:40:05.776+0000] {dagbag.py:588} INFO - Filling up the DagBag from /home/airflow/.local/lib/python3.12/site-packages/airflow/example_dags/example_bash_decorator.py
[2024-09-28T03:40:05.988+0000] {processor.py:925} INFO - DAG(s) 'example_bash_decorator' retrieved from /home/airflow/.local/lib/python3.12/site-packages/airflow/example_dags/example_bash_decorator.py
[2024-09-28T03:40:07.418+0000] {logging_mixin.py:190} INFO - [2024-09-28T03:40:07.418+0000] {dag.py:3239} INFO - Sync 1 DAGs
[2024-09-28T03:40:07.483+0000] {logging_mixin.py:190} INFO - [2024-09-28T03:40:07.482+0000] {dag.py:4180} INFO - Setting next_dagrun for example_bash_decorator to None, run_after=None
[2024-09-28T03:40:07.692+0000] {processor.py:208} INFO - Processing /home/airflow/.local/lib/python3.12/site-packages/airflow/example_dags/example_bash_decorator.py took 2.006 seconds
[2024-09-28T03:40:38.212+0000] {processor.py:186} INFO - Started process (PID=163) to work on /home/airflow/.local/lib/python3.12/site-packages/airflow/example_dags/example_bash_decorator.py
[2024-09-28T03:40:38.214+0000] {processor.py:914} INFO - Processing file /home/airflow/.local/lib/python3.12/site-packages/airflow/example_dags/example_bash_decorator.py for tasks to queue
[2024-09-28T03:40:38.229+0000] {logging_mixin.py:190} INFO - [2024-09-28T03:40:38.227+0000] {dagbag.py:588} INFO - Filling up the DagBag from /home/airflow/.local/lib/python3.12/site-packages/airflow/example_dags/example_bash_decorator.py
[2024-09-28T03:40:38.518+0000] {processor.py:925} INFO - DAG(s) 'example_bash_decorator' retrieved from /home/airflow/.local/lib/python3.12/site-packages/airflow/example_dags/example_bash_decorator.py
[2024-09-28T03:40:38.557+0000] {logging_mixin.py:190} INFO - [2024-09-28T03:40:38.557+0000] {dag.py:3239} INFO - Sync 1 DAGs
[2024-09-28T03:40:38.578+0000] {logging_mixin.py:190} INFO - [2024-09-28T03:40:38.578+0000] {dag.py:4180} INFO - Setting next_dagrun for example_bash_decorator to None, run_after=None
[2024-09-28T03:40:38.612+0000] {processor.py:208} INFO - Processing /home/airflow/.local/lib/python3.12/site-packages/airflow/example_dags/example_bash_decorator.py took 0.406 seconds
[2024-09-28T03:41:09.489+0000] {processor.py:186} INFO - Started process (PID=237) to work on /home/airflow/.local/lib/python3.12/site-packages/airflow/example_dags/example_bash_decorator.py
[2024-09-28T03:41:09.490+0000] {processor.py:914} INFO - Processing file /home/airflow/.local/lib/python3.12/site-packages/airflow/example_dags/example_bash_decorator.py for tasks to queue
[2024-09-28T03:41:09.493+0000] {logging_mixin.py:190} INFO - [2024-09-28T03:41:09.492+0000] {dagbag.py:588} INFO - Filling up the DagBag from /home/airflow/.local/lib/python3.12/site-packages/airflow/example_dags/example_bash_decorator.py
[2024-09-28T03:41:09.507+0000] {processor.py:925} INFO - DAG(s) 'example_bash_decorator' retrieved from /home/airflow/.local/lib/python3.12/site-packages/airflow/example_dags/example_bash_decorator.py
[2024-09-28T03:41:09.532+0000] {logging_mixin.py:190} INFO - [2024-09-28T03:41:09.531+0000] {dag.py:3239} INFO - Sync 1 DAGs
[2024-09-28T03:41:09.550+0000] {logging_mixin.py:190} INFO - [2024-09-28T03:41:09.549+0000] {dag.py:4180} INFO - Setting next_dagrun for example_bash_decorator to None, run_after=None
[2024-09-28T03:41:09.583+0000] {processor.py:208} INFO - Processing /home/airflow/.local/lib/python3.12/site-packages/airflow/example_dags/example_bash_decorator.py took 0.099 seconds
[2024-09-28T03:41:39.641+0000] {processor.py:186} INFO - Started process (PID=311) to work on /home/airflow/.local/lib/python3.12/site-packages/airflow/example_dags/example_bash_decorator.py
[2024-09-28T03:41:39.643+0000] {processor.py:914} INFO - Processing file /home/airflow/.local/lib/python3.12/site-packages/airflow/example_dags/example_bash_decorator.py for tasks to queue
[2024-09-28T03:41:39.646+0000] {logging_mixin.py:190} INFO - [2024-09-28T03:41:39.645+0000] {dagbag.py:588} INFO - Filling up the DagBag from /home/airflow/.local/lib/python3.12/site-packages/airflow/example_dags/example_bash_decorator.py
[2024-09-28T03:41:39.661+0000] {processor.py:925} INFO - DAG(s) 'example_bash_decorator' retrieved from /home/airflow/.local/lib/python3.12/site-packages/airflow/example_dags/example_bash_decorator.py
[2024-09-28T03:41:39.686+0000] {logging_mixin.py:190} INFO - [2024-09-28T03:41:39.686+0000] {dag.py:3239} INFO - Sync 1 DAGs
[2024-09-28T03:41:39.702+0000] {logging_mixin.py:190} INFO - [2024-09-28T03:41:39.701+0000] {dag.py:4180} INFO - Setting next_dagrun for example_bash_decorator to None, run_after=None
[2024-09-28T03:41:39.724+0000] {processor.py:208} INFO - Processing /home/airflow/.local/lib/python3.12/site-packages/airflow/example_dags/example_bash_decorator.py took 0.088 seconds
[2024-09-28T03:42:09.948+0000] {processor.py:186} INFO - Started process (PID=385) to work on /home/airflow/.local/lib/python3.12/site-packages/airflow/example_dags/example_bash_decorator.py
[2024-09-28T03:42:09.950+0000] {processor.py:914} INFO - Processing file /home/airflow/.local/lib/python3.12/site-packages/airflow/example_dags/example_bash_decorator.py for tasks to queue
[2024-09-28T03:42:09.952+0000] {logging_mixin.py:190} INFO - [2024-09-28T03:42:09.952+0000] {dagbag.py:588} INFO - Filling up the DagBag from /home/airflow/.local/lib/python3.12/site-packages/airflow/example_dags/example_bash_decorator.py
[2024-09-28T03:42:09.970+0000] {processor.py:925} INFO - DAG(s) 'example_bash_decorator' retrieved from /home/airflow/.local/lib/python3.12/site-packages/airflow/example_dags/example_bash_decorator.py
[2024-09-28T03:42:10.037+0000] {logging_mixin.py:190} INFO - [2024-09-28T03:42:10.037+0000] {dag.py:3239} INFO - Sync 1 DAGs
[2024-09-28T03:42:10.071+0000] {logging_mixin.py:190} INFO - [2024-09-28T03:42:10.071+0000] {dag.py:4180} INFO - Setting next_dagrun for example_bash_decorator to None, run_after=None
[2024-09-28T03:42:10.112+0000] {processor.py:208} INFO - Processing /home/airflow/.local/lib/python3.12/site-packages/airflow/example_dags/example_bash_decorator.py took 0.169 seconds
[2024-09-28T03:42:40.380+0000] {processor.py:186} INFO - Started process (PID=459) to work on /home/airflow/.local/lib/python3.12/site-packages/airflow/example_dags/example_bash_decorator.py
[2024-09-28T03:42:40.381+0000] {processor.py:914} INFO - Processing file /home/airflow/.local/lib/python3.12/site-packages/airflow/example_dags/example_bash_decorator.py for tasks to queue
[2024-09-28T03:42:40.384+0000] {logging_mixin.py:190} INFO - [2024-09-28T03:42:40.384+0000] {dagbag.py:588} INFO - Filling up the DagBag from /home/airflow/.local/lib/python3.12/site-packages/airflow/example_dags/example_bash_decorator.py
[2024-09-28T03:42:40.399+0000] {processor.py:925} INFO - DAG(s) 'example_bash_decorator' retrieved from /home/airflow/.local/lib/python3.12/site-packages/airflow/example_dags/example_bash_decorator.py
[2024-09-28T03:42:40.422+0000] {logging_mixin.py:190} INFO - [2024-09-28T03:42:40.422+0000] {dag.py:3239} INFO - Sync 1 DAGs
[2024-09-28T03:42:40.437+0000] {logging_mixin.py:190} INFO - [2024-09-28T03:42:40.436+0000] {dag.py:4180} INFO - Setting next_dagrun for example_bash_decorator to None, run_after=None
[2024-09-28T03:42:40.460+0000] {processor.py:208} INFO - Processing /home/airflow/.local/lib/python3.12/site-packages/airflow/example_dags/example_bash_decorator.py took 0.085 seconds
[2024-09-28T03:43:11.097+0000] {processor.py:186} INFO - Started process (PID=533) to work on /home/airflow/.local/lib/python3.12/site-packages/airflow/example_dags/example_bash_decorator.py
[2024-09-28T03:43:11.099+0000] {processor.py:914} INFO - Processing file /home/airflow/.local/lib/python3.12/site-packages/airflow/example_dags/example_bash_decorator.py for tasks to queue
[2024-09-28T03:43:11.101+0000] {logging_mixin.py:190} INFO - [2024-09-28T03:43:11.100+0000] {dagbag.py:588} INFO - Filling up the DagBag from /home/airflow/.local/lib/python3.12/site-packages/airflow/example_dags/example_bash_decorator.py
[2024-09-28T03:43:11.112+0000] {processor.py:925} INFO - DAG(s) 'example_bash_decorator' retrieved from /home/airflow/.local/lib/python3.12/site-packages/airflow/example_dags/example_bash_decorator.py
[2024-09-28T03:43:11.134+0000] {logging_mixin.py:190} INFO - [2024-09-28T03:43:11.134+0000] {dag.py:3239} INFO - Sync 1 DAGs
[2024-09-28T03:43:11.147+0000] {logging_mixin.py:190} INFO - [2024-09-28T03:43:11.147+0000] {dag.py:4180} INFO - Setting next_dagrun for example_bash_decorator to None, run_after=None
[2024-09-28T03:43:11.169+0000] {processor.py:208} INFO - Processing /home/airflow/.local/lib/python3.12/site-packages/airflow/example_dags/example_bash_decorator.py took 0.077 seconds
[2024-09-28T03:43:41.498+0000] {processor.py:186} INFO - Started process (PID=607) to work on /home/airflow/.local/lib/python3.12/site-packages/airflow/example_dags/example_bash_decorator.py
[2024-09-28T03:43:41.499+0000] {processor.py:914} INFO - Processing file /home/airflow/.local/lib/python3.12/site-packages/airflow/example_dags/example_bash_decorator.py for tasks to queue
[2024-09-28T03:43:41.502+0000] {logging_mixin.py:190} INFO - [2024-09-28T03:43:41.501+0000] {dagbag.py:588} INFO - Filling up the DagBag from /home/airflow/.local/lib/python3.12/site-packages/airflow/example_dags/example_bash_decorator.py
[2024-09-28T03:43:41.514+0000] {processor.py:925} INFO - DAG(s) 'example_bash_decorator' retrieved from /home/airflow/.local/lib/python3.12/site-packages/airflow/example_dags/example_bash_decorator.py
[2024-09-28T03:43:41.538+0000] {logging_mixin.py:190} INFO - [2024-09-28T03:43:41.537+0000] {dag.py:3239} INFO - Sync 1 DAGs
[2024-09-28T03:43:41.553+0000] {logging_mixin.py:190} INFO - [2024-09-28T03:43:41.553+0000] {dag.py:4180} INFO - Setting next_dagrun for example_bash_decorator to None, run_after=None
[2024-09-28T03:43:41.580+0000] {processor.py:208} INFO - Processing /home/airflow/.local/lib/python3.12/site-packages/airflow/example_dags/example_bash_decorator.py took 0.086 seconds
[2024-09-28T03:44:12.058+0000] {processor.py:186} INFO - Started process (PID=681) to work on /home/airflow/.local/lib/python3.12/site-packages/airflow/example_dags/example_bash_decorator.py
[2024-09-28T03:44:12.059+0000] {processor.py:914} INFO - Processing file /home/airflow/.local/lib/python3.12/site-packages/airflow/example_dags/example_bash_decorator.py for tasks to queue
[2024-09-28T03:44:12.062+0000] {logging_mixin.py:190} INFO - [2024-09-28T03:44:12.062+0000] {dagbag.py:588} INFO - Filling up the DagBag from /home/airflow/.local/lib/python3.12/site-packages/airflow/example_dags/example_bash_decorator.py
[2024-09-28T03:44:12.077+0000] {processor.py:925} INFO - DAG(s) 'example_bash_decorator' retrieved from /home/airflow/.local/lib/python3.12/site-packages/airflow/example_dags/example_bash_decorator.py
[2024-09-28T03:44:12.112+0000] {logging_mixin.py:190} INFO - [2024-09-28T03:44:12.112+0000] {dag.py:3239} INFO - Sync 1 DAGs
[2024-09-28T03:44:12.130+0000] {logging_mixin.py:190} INFO - [2024-09-28T03:44:12.130+0000] {dag.py:4180} INFO - Setting next_dagrun for example_bash_decorator to None, run_after=None
[2024-09-28T03:44:12.157+0000] {processor.py:208} INFO - Processing /home/airflow/.local/lib/python3.12/site-packages/airflow/example_dags/example_bash_decorator.py took 0.104 seconds
[2024-09-28T03:44:42.374+0000] {processor.py:186} INFO - Started process (PID=755) to work on /home/airflow/.local/lib/python3.12/site-packages/airflow/example_dags/example_bash_decorator.py
[2024-09-28T03:44:42.375+0000] {processor.py:914} INFO - Processing file /home/airflow/.local/lib/python3.12/site-packages/airflow/example_dags/example_bash_decorator.py for tasks to queue
[2024-09-28T03:44:42.378+0000] {logging_mixin.py:190} INFO - [2024-09-28T03:44:42.377+0000] {dagbag.py:588} INFO - Filling up the DagBag from /home/airflow/.local/lib/python3.12/site-packages/airflow/example_dags/example_bash_decorator.py
[2024-09-28T03:44:42.390+0000] {processor.py:925} INFO - DAG(s) 'example_bash_decorator' retrieved from /home/airflow/.local/lib/python3.12/site-packages/airflow/example_dags/example_bash_decorator.py
[2024-09-28T03:44:42.413+0000] {logging_mixin.py:190} INFO - [2024-09-28T03:44:42.413+0000] {dag.py:3239} INFO - Sync 1 DAGs
[2024-09-28T03:44:42.426+0000] {logging_mixin.py:190} INFO - [2024-09-28T03:44:42.426+0000] {dag.py:4180} INFO - Setting next_dagrun for example_bash_decorator to None, run_after=None
[2024-09-28T03:44:42.449+0000] {processor.py:208} INFO - Processing /home/airflow/.local/lib/python3.12/site-packages/airflow/example_dags/example_bash_decorator.py took 0.080 seconds
[2024-09-28T03:45:12.553+0000] {processor.py:186} INFO - Started process (PID=829) to work on /home/airflow/.local/lib/python3.12/site-packages/airflow/example_dags/example_bash_decorator.py
[2024-09-28T03:45:12.554+0000] {processor.py:914} INFO - Processing file /home/airflow/.local/lib/python3.12/site-packages/airflow/example_dags/example_bash_decorator.py for tasks to queue
[2024-09-28T03:45:12.556+0000] {logging_mixin.py:190} INFO - [2024-09-28T03:45:12.556+0000] {dagbag.py:588} INFO - Filling up the DagBag from /home/airflow/.local/lib/python3.12/site-packages/airflow/example_dags/example_bash_decorator.py
[2024-09-28T03:45:12.569+0000] {processor.py:925} INFO - DAG(s) 'example_bash_decorator' retrieved from /home/airflow/.local/lib/python3.12/site-packages/airflow/example_dags/example_bash_decorator.py
[2024-09-28T03:45:12.590+0000] {logging_mixin.py:190} INFO - [2024-09-28T03:45:12.590+0000] {dag.py:3239} INFO - Sync 1 DAGs
[2024-09-28T03:45:12.604+0000] {logging_mixin.py:190} INFO - [2024-09-28T03:45:12.604+0000] {dag.py:4180} INFO - Setting next_dagrun for example_bash_decorator to None, run_after=None
[2024-09-28T03:45:12.627+0000] {processor.py:208} INFO - Processing /home/airflow/.local/lib/python3.12/site-packages/airflow/example_dags/example_bash_decorator.py took 0.079 seconds
[2024-09-28T03:45:42.900+0000] {processor.py:186} INFO - Started process (PID=904) to work on /home/airflow/.local/lib/python3.12/site-packages/airflow/example_dags/example_bash_decorator.py
[2024-09-28T03:45:42.901+0000] {processor.py:914} INFO - Processing file /home/airflow/.local/lib/python3.12/site-packages/airflow/example_dags/example_bash_decorator.py for tasks to queue
[2024-09-28T03:45:42.904+0000] {logging_mixin.py:190} INFO - [2024-09-28T03:45:42.903+0000] {dagbag.py:588} INFO - Filling up the DagBag from /home/airflow/.local/lib/python3.12/site-packages/airflow/example_dags/example_bash_decorator.py
[2024-09-28T03:45:42.916+0000] {processor.py:925} INFO - DAG(s) 'example_bash_decorator' retrieved from /home/airflow/.local/lib/python3.12/site-packages/airflow/example_dags/example_bash_decorator.py
[2024-09-28T03:45:42.937+0000] {logging_mixin.py:190} INFO - [2024-09-28T03:45:42.937+0000] {dag.py:3239} INFO - Sync 1 DAGs
[2024-09-28T03:45:42.950+0000] {logging_mixin.py:190} INFO - [2024-09-28T03:45:42.950+0000] {dag.py:4180} INFO - Setting next_dagrun for example_bash_decorator to None, run_after=None
[2024-09-28T03:45:42.994+0000] {processor.py:208} INFO - Processing /home/airflow/.local/lib/python3.12/site-packages/airflow/example_dags/example_bash_decorator.py took 0.099 seconds
[2024-09-28T03:46:13.774+0000] {processor.py:186} INFO - Started process (PID=978) to work on /home/airflow/.local/lib/python3.12/site-packages/airflow/example_dags/example_bash_decorator.py
[2024-09-28T03:46:13.776+0000] {processor.py:914} INFO - Processing file /home/airflow/.local/lib/python3.12/site-packages/airflow/example_dags/example_bash_decorator.py for tasks to queue
[2024-09-28T03:46:13.778+0000] {logging_mixin.py:190} INFO - [2024-09-28T03:46:13.778+0000] {dagbag.py:588} INFO - Filling up the DagBag from /home/airflow/.local/lib/python3.12/site-packages/airflow/example_dags/example_bash_decorator.py
[2024-09-28T03:46:13.790+0000] {processor.py:925} INFO - DAG(s) 'example_bash_decorator' retrieved from /home/airflow/.local/lib/python3.12/site-packages/airflow/example_dags/example_bash_decorator.py
[2024-09-28T03:46:13.812+0000] {logging_mixin.py:190} INFO - [2024-09-28T03:46:13.812+0000] {dag.py:3239} INFO - Sync 1 DAGs
[2024-09-28T03:46:13.826+0000] {logging_mixin.py:190} INFO - [2024-09-28T03:46:13.825+0000] {dag.py:4180} INFO - Setting next_dagrun for example_bash_decorator to None, run_after=None
[2024-09-28T03:46:13.849+0000] {processor.py:208} INFO - Processing /home/airflow/.local/lib/python3.12/site-packages/airflow/example_dags/example_bash_decorator.py took 0.086 seconds
[2024-09-28T03:46:44.128+0000] {processor.py:186} INFO - Started process (PID=1052) to work on /home/airflow/.local/lib/python3.12/site-packages/airflow/example_dags/example_bash_decorator.py
[2024-09-28T03:46:44.130+0000] {processor.py:914} INFO - Processing file /home/airflow/.local/lib/python3.12/site-packages/airflow/example_dags/example_bash_decorator.py for tasks to queue
[2024-09-28T03:46:44.134+0000] {logging_mixin.py:190} INFO - [2024-09-28T03:46:44.133+0000] {dagbag.py:588} INFO - Filling up the DagBag from /home/airflow/.local/lib/python3.12/site-packages/airflow/example_dags/example_bash_decorator.py
[2024-09-28T03:46:44.150+0000] {processor.py:925} INFO - DAG(s) 'example_bash_decorator' retrieved from /home/airflow/.local/lib/python3.12/site-packages/airflow/example_dags/example_bash_decorator.py
[2024-09-28T03:46:44.178+0000] {logging_mixin.py:190} INFO - [2024-09-28T03:46:44.178+0000] {dag.py:3239} INFO - Sync 1 DAGs
[2024-09-28T03:46:44.196+0000] {logging_mixin.py:190} INFO - [2024-09-28T03:46:44.195+0000] {dag.py:4180} INFO - Setting next_dagrun for example_bash_decorator to None, run_after=None
[2024-09-28T03:46:44.251+0000] {processor.py:208} INFO - Processing /home/airflow/.local/lib/python3.12/site-packages/airflow/example_dags/example_bash_decorator.py took 0.128 seconds
[2024-09-28T03:47:14.369+0000] {processor.py:186} INFO - Started process (PID=1126) to work on /home/airflow/.local/lib/python3.12/site-packages/airflow/example_dags/example_bash_decorator.py
[2024-09-28T03:47:14.371+0000] {processor.py:914} INFO - Processing file /home/airflow/.local/lib/python3.12/site-packages/airflow/example_dags/example_bash_decorator.py for tasks to queue
[2024-09-28T03:47:14.375+0000] {logging_mixin.py:190} INFO - [2024-09-28T03:47:14.375+0000] {dagbag.py:588} INFO - Filling up the DagBag from /home/airflow/.local/lib/python3.12/site-packages/airflow/example_dags/example_bash_decorator.py
[2024-09-28T03:47:14.398+0000] {processor.py:925} INFO - DAG(s) 'example_bash_decorator' retrieved from /home/airflow/.local/lib/python3.12/site-packages/airflow/example_dags/example_bash_decorator.py
[2024-09-28T03:47:14.431+0000] {logging_mixin.py:190} INFO - [2024-09-28T03:47:14.431+0000] {dag.py:3239} INFO - Sync 1 DAGs
[2024-09-28T03:47:14.455+0000] {logging_mixin.py:190} INFO - [2024-09-28T03:47:14.454+0000] {dag.py:4180} INFO - Setting next_dagrun for example_bash_decorator to None, run_after=None
[2024-09-28T03:47:14.490+0000] {processor.py:208} INFO - Processing /home/airflow/.local/lib/python3.12/site-packages/airflow/example_dags/example_bash_decorator.py took 0.129 seconds
[2024-09-28T03:47:44.684+0000] {processor.py:186} INFO - Started process (PID=1200) to work on /home/airflow/.local/lib/python3.12/site-packages/airflow/example_dags/example_bash_decorator.py
[2024-09-28T03:47:44.686+0000] {processor.py:914} INFO - Processing file /home/airflow/.local/lib/python3.12/site-packages/airflow/example_dags/example_bash_decorator.py for tasks to queue
[2024-09-28T03:47:44.688+0000] {logging_mixin.py:190} INFO - [2024-09-28T03:47:44.688+0000] {dagbag.py:588} INFO - Filling up the DagBag from /home/airflow/.local/lib/python3.12/site-packages/airflow/example_dags/example_bash_decorator.py
[2024-09-28T03:47:44.728+0000] {processor.py:925} INFO - DAG(s) 'example_bash_decorator' retrieved from /home/airflow/.local/lib/python3.12/site-packages/airflow/example_dags/example_bash_decorator.py
[2024-09-28T03:47:44.760+0000] {logging_mixin.py:190} INFO - [2024-09-28T03:47:44.760+0000] {dag.py:3239} INFO - Sync 1 DAGs
[2024-09-28T03:47:44.792+0000] {logging_mixin.py:190} INFO - [2024-09-28T03:47:44.791+0000] {dag.py:4180} INFO - Setting next_dagrun for example_bash_decorator to None, run_after=None
[2024-09-28T03:47:44.821+0000] {processor.py:208} INFO - Processing /home/airflow/.local/lib/python3.12/site-packages/airflow/example_dags/example_bash_decorator.py took 0.145 seconds
[2024-09-28T03:48:15.283+0000] {processor.py:186} INFO - Started process (PID=1274) to work on /home/airflow/.local/lib/python3.12/site-packages/airflow/example_dags/example_bash_decorator.py
[2024-09-28T03:48:15.285+0000] {processor.py:914} INFO - Processing file /home/airflow/.local/lib/python3.12/site-packages/airflow/example_dags/example_bash_decorator.py for tasks to queue
[2024-09-28T03:48:15.287+0000] {logging_mixin.py:190} INFO - [2024-09-28T03:48:15.287+0000] {dagbag.py:588} INFO - Filling up the DagBag from /home/airflow/.local/lib/python3.12/site-packages/airflow/example_dags/example_bash_decorator.py
[2024-09-28T03:48:15.300+0000] {processor.py:925} INFO - DAG(s) 'example_bash_decorator' retrieved from /home/airflow/.local/lib/python3.12/site-packages/airflow/example_dags/example_bash_decorator.py
[2024-09-28T03:48:15.327+0000] {logging_mixin.py:190} INFO - [2024-09-28T03:48:15.327+0000] {dag.py:3239} INFO - Sync 1 DAGs
[2024-09-28T03:48:15.344+0000] {logging_mixin.py:190} INFO - [2024-09-28T03:48:15.344+0000] {dag.py:4180} INFO - Setting next_dagrun for example_bash_decorator to None, run_after=None
[2024-09-28T03:48:15.373+0000] {processor.py:208} INFO - Processing /home/airflow/.local/lib/python3.12/site-packages/airflow/example_dags/example_bash_decorator.py took 0.094 seconds
[2024-09-28T03:48:46.069+0000] {processor.py:186} INFO - Started process (PID=1348) to work on /home/airflow/.local/lib/python3.12/site-packages/airflow/example_dags/example_bash_decorator.py
[2024-09-28T03:48:46.070+0000] {processor.py:914} INFO - Processing file /home/airflow/.local/lib/python3.12/site-packages/airflow/example_dags/example_bash_decorator.py for tasks to queue
[2024-09-28T03:48:46.074+0000] {logging_mixin.py:190} INFO - [2024-09-28T03:48:46.073+0000] {dagbag.py:588} INFO - Filling up the DagBag from /home/airflow/.local/lib/python3.12/site-packages/airflow/example_dags/example_bash_decorator.py
[2024-09-28T03:48:46.091+0000] {processor.py:925} INFO - DAG(s) 'example_bash_decorator' retrieved from /home/airflow/.local/lib/python3.12/site-packages/airflow/example_dags/example_bash_decorator.py
[2024-09-28T03:48:46.121+0000] {logging_mixin.py:190} INFO - [2024-09-28T03:48:46.121+0000] {dag.py:3239} INFO - Sync 1 DAGs
[2024-09-28T03:48:46.140+0000] {logging_mixin.py:190} INFO - [2024-09-28T03:48:46.139+0000] {dag.py:4180} INFO - Setting next_dagrun for example_bash_decorator to None, run_after=None
[2024-09-28T03:48:46.170+0000] {processor.py:208} INFO - Processing /home/airflow/.local/lib/python3.12/site-packages/airflow/example_dags/example_bash_decorator.py took 0.107 seconds
[2024-09-28T03:49:16.711+0000] {processor.py:186} INFO - Started process (PID=1422) to work on /home/airflow/.local/lib/python3.12/site-packages/airflow/example_dags/example_bash_decorator.py
[2024-09-28T03:49:16.713+0000] {processor.py:914} INFO - Processing file /home/airflow/.local/lib/python3.12/site-packages/airflow/example_dags/example_bash_decorator.py for tasks to queue
[2024-09-28T03:49:16.717+0000] {logging_mixin.py:190} INFO - [2024-09-28T03:49:16.716+0000] {dagbag.py:588} INFO - Filling up the DagBag from /home/airflow/.local/lib/python3.12/site-packages/airflow/example_dags/example_bash_decorator.py
[2024-09-28T03:49:16.735+0000] {processor.py:925} INFO - DAG(s) 'example_bash_decorator' retrieved from /home/airflow/.local/lib/python3.12/site-packages/airflow/example_dags/example_bash_decorator.py
[2024-09-28T03:49:16.765+0000] {logging_mixin.py:190} INFO - [2024-09-28T03:49:16.765+0000] {dag.py:3239} INFO - Sync 1 DAGs
[2024-09-28T03:49:16.783+0000] {logging_mixin.py:190} INFO - [2024-09-28T03:49:16.783+0000] {dag.py:4180} INFO - Setting next_dagrun for example_bash_decorator to None, run_after=None
[2024-09-28T03:49:16.809+0000] {processor.py:208} INFO - Processing /home/airflow/.local/lib/python3.12/site-packages/airflow/example_dags/example_bash_decorator.py took 0.106 seconds
[2024-09-28T03:49:46.866+0000] {processor.py:186} INFO - Started process (PID=1496) to work on /home/airflow/.local/lib/python3.12/site-packages/airflow/example_dags/example_bash_decorator.py
[2024-09-28T03:49:46.867+0000] {processor.py:914} INFO - Processing file /home/airflow/.local/lib/python3.12/site-packages/airflow/example_dags/example_bash_decorator.py for tasks to queue
[2024-09-28T03:49:46.870+0000] {logging_mixin.py:190} INFO - [2024-09-28T03:49:46.869+0000] {dagbag.py:588} INFO - Filling up the DagBag from /home/airflow/.local/lib/python3.12/site-packages/airflow/example_dags/example_bash_decorator.py
[2024-09-28T03:49:46.883+0000] {processor.py:925} INFO - DAG(s) 'example_bash_decorator' retrieved from /home/airflow/.local/lib/python3.12/site-packages/airflow/example_dags/example_bash_decorator.py
[2024-09-28T03:49:46.908+0000] {logging_mixin.py:190} INFO - [2024-09-28T03:49:46.908+0000] {dag.py:3239} INFO - Sync 1 DAGs
[2024-09-28T03:49:46.923+0000] {logging_mixin.py:190} INFO - [2024-09-28T03:49:46.923+0000] {dag.py:4180} INFO - Setting next_dagrun for example_bash_decorator to None, run_after=None
[2024-09-28T03:49:46.949+0000] {processor.py:208} INFO - Processing /home/airflow/.local/lib/python3.12/site-packages/airflow/example_dags/example_bash_decorator.py took 0.088 seconds
[2024-09-28T03:50:17.145+0000] {processor.py:186} INFO - Started process (PID=1570) to work on /home/airflow/.local/lib/python3.12/site-packages/airflow/example_dags/example_bash_decorator.py
[2024-09-28T03:50:17.146+0000] {processor.py:914} INFO - Processing file /home/airflow/.local/lib/python3.12/site-packages/airflow/example_dags/example_bash_decorator.py for tasks to queue
[2024-09-28T03:50:17.149+0000] {logging_mixin.py:190} INFO - [2024-09-28T03:50:17.148+0000] {dagbag.py:588} INFO - Filling up the DagBag from /home/airflow/.local/lib/python3.12/site-packages/airflow/example_dags/example_bash_decorator.py
[2024-09-28T03:50:17.162+0000] {processor.py:925} INFO - DAG(s) 'example_bash_decorator' retrieved from /home/airflow/.local/lib/python3.12/site-packages/airflow/example_dags/example_bash_decorator.py
[2024-09-28T03:50:17.184+0000] {logging_mixin.py:190} INFO - [2024-09-28T03:50:17.184+0000] {dag.py:3239} INFO - Sync 1 DAGs
[2024-09-28T03:50:17.197+0000] {logging_mixin.py:190} INFO - [2024-09-28T03:50:17.197+0000] {dag.py:4180} INFO - Setting next_dagrun for example_bash_decorator to None, run_after=None
[2024-09-28T03:50:17.220+0000] {processor.py:208} INFO - Processing /home/airflow/.local/lib/python3.12/site-packages/airflow/example_dags/example_bash_decorator.py took 0.079 seconds
[2024-09-28T03:53:32.519+0000] {processor.py:186} INFO - Started process (PID=86) to work on /home/airflow/.local/lib/python3.12/site-packages/airflow/example_dags/example_bash_decorator.py
[2024-09-28T03:53:32.522+0000] {processor.py:914} INFO - Processing file /home/airflow/.local/lib/python3.12/site-packages/airflow/example_dags/example_bash_decorator.py for tasks to queue
[2024-09-28T03:53:32.528+0000] {logging_mixin.py:190} INFO - [2024-09-28T03:53:32.527+0000] {dagbag.py:588} INFO - Filling up the DagBag from /home/airflow/.local/lib/python3.12/site-packages/airflow/example_dags/example_bash_decorator.py
[2024-09-28T03:53:32.574+0000] {processor.py:925} INFO - DAG(s) 'example_bash_decorator' retrieved from /home/airflow/.local/lib/python3.12/site-packages/airflow/example_dags/example_bash_decorator.py
[2024-09-28T03:53:33.125+0000] {logging_mixin.py:190} INFO - [2024-09-28T03:53:33.124+0000] {dag.py:3239} INFO - Sync 1 DAGs
[2024-09-28T03:53:33.164+0000] {logging_mixin.py:190} INFO - [2024-09-28T03:53:33.163+0000] {dag.py:4180} INFO - Setting next_dagrun for example_bash_decorator to None, run_after=None
[2024-09-28T03:53:33.213+0000] {processor.py:208} INFO - Processing /home/airflow/.local/lib/python3.12/site-packages/airflow/example_dags/example_bash_decorator.py took 0.711 seconds
[2024-09-28T03:54:03.699+0000] {processor.py:186} INFO - Started process (PID=161) to work on /home/airflow/.local/lib/python3.12/site-packages/airflow/example_dags/example_bash_decorator.py
[2024-09-28T03:54:03.701+0000] {processor.py:914} INFO - Processing file /home/airflow/.local/lib/python3.12/site-packages/airflow/example_dags/example_bash_decorator.py for tasks to queue
[2024-09-28T03:54:03.706+0000] {logging_mixin.py:190} INFO - [2024-09-28T03:54:03.705+0000] {dagbag.py:588} INFO - Filling up the DagBag from /home/airflow/.local/lib/python3.12/site-packages/airflow/example_dags/example_bash_decorator.py
[2024-09-28T03:54:03.727+0000] {processor.py:925} INFO - DAG(s) 'example_bash_decorator' retrieved from /home/airflow/.local/lib/python3.12/site-packages/airflow/example_dags/example_bash_decorator.py
[2024-09-28T03:54:03.755+0000] {logging_mixin.py:190} INFO - [2024-09-28T03:54:03.755+0000] {dag.py:3239} INFO - Sync 1 DAGs
[2024-09-28T03:54:03.773+0000] {logging_mixin.py:190} INFO - [2024-09-28T03:54:03.772+0000] {dag.py:4180} INFO - Setting next_dagrun for example_bash_decorator to None, run_after=None
[2024-09-28T03:54:03.800+0000] {processor.py:208} INFO - Processing /home/airflow/.local/lib/python3.12/site-packages/airflow/example_dags/example_bash_decorator.py took 0.107 seconds
[2024-09-28T03:54:34.377+0000] {processor.py:186} INFO - Started process (PID=235) to work on /home/airflow/.local/lib/python3.12/site-packages/airflow/example_dags/example_bash_decorator.py
[2024-09-28T03:54:34.379+0000] {processor.py:914} INFO - Processing file /home/airflow/.local/lib/python3.12/site-packages/airflow/example_dags/example_bash_decorator.py for tasks to queue
[2024-09-28T03:54:34.381+0000] {logging_mixin.py:190} INFO - [2024-09-28T03:54:34.381+0000] {dagbag.py:588} INFO - Filling up the DagBag from /home/airflow/.local/lib/python3.12/site-packages/airflow/example_dags/example_bash_decorator.py
[2024-09-28T03:54:34.394+0000] {processor.py:925} INFO - DAG(s) 'example_bash_decorator' retrieved from /home/airflow/.local/lib/python3.12/site-packages/airflow/example_dags/example_bash_decorator.py
[2024-09-28T03:54:34.417+0000] {logging_mixin.py:190} INFO - [2024-09-28T03:54:34.417+0000] {dag.py:3239} INFO - Sync 1 DAGs
[2024-09-28T03:54:34.435+0000] {logging_mixin.py:190} INFO - [2024-09-28T03:54:34.435+0000] {dag.py:4180} INFO - Setting next_dagrun for example_bash_decorator to None, run_after=None
[2024-09-28T03:54:34.459+0000] {processor.py:208} INFO - Processing /home/airflow/.local/lib/python3.12/site-packages/airflow/example_dags/example_bash_decorator.py took 0.087 seconds
[2024-09-28T03:55:04.535+0000] {processor.py:186} INFO - Started process (PID=309) to work on /home/airflow/.local/lib/python3.12/site-packages/airflow/example_dags/example_bash_decorator.py
[2024-09-28T03:55:04.536+0000] {processor.py:914} INFO - Processing file /home/airflow/.local/lib/python3.12/site-packages/airflow/example_dags/example_bash_decorator.py for tasks to queue
[2024-09-28T03:55:04.539+0000] {logging_mixin.py:190} INFO - [2024-09-28T03:55:04.538+0000] {dagbag.py:588} INFO - Filling up the DagBag from /home/airflow/.local/lib/python3.12/site-packages/airflow/example_dags/example_bash_decorator.py
[2024-09-28T03:55:04.553+0000] {processor.py:925} INFO - DAG(s) 'example_bash_decorator' retrieved from /home/airflow/.local/lib/python3.12/site-packages/airflow/example_dags/example_bash_decorator.py
[2024-09-28T03:55:04.580+0000] {logging_mixin.py:190} INFO - [2024-09-28T03:55:04.580+0000] {dag.py:3239} INFO - Sync 1 DAGs
[2024-09-28T03:55:04.595+0000] {logging_mixin.py:190} INFO - [2024-09-28T03:55:04.595+0000] {dag.py:4180} INFO - Setting next_dagrun for example_bash_decorator to None, run_after=None
[2024-09-28T03:55:04.619+0000] {processor.py:208} INFO - Processing /home/airflow/.local/lib/python3.12/site-packages/airflow/example_dags/example_bash_decorator.py took 0.091 seconds
[2024-09-28T03:55:35.686+0000] {processor.py:186} INFO - Started process (PID=396) to work on /home/airflow/.local/lib/python3.12/site-packages/airflow/example_dags/example_bash_decorator.py
[2024-09-28T03:55:35.688+0000] {processor.py:914} INFO - Processing file /home/airflow/.local/lib/python3.12/site-packages/airflow/example_dags/example_bash_decorator.py for tasks to queue
[2024-09-28T03:55:35.691+0000] {logging_mixin.py:190} INFO - [2024-09-28T03:55:35.691+0000] {dagbag.py:588} INFO - Filling up the DagBag from /home/airflow/.local/lib/python3.12/site-packages/airflow/example_dags/example_bash_decorator.py
[2024-09-28T03:55:35.708+0000] {processor.py:925} INFO - DAG(s) 'example_bash_decorator' retrieved from /home/airflow/.local/lib/python3.12/site-packages/airflow/example_dags/example_bash_decorator.py
[2024-09-28T03:55:35.735+0000] {logging_mixin.py:190} INFO - [2024-09-28T03:55:35.735+0000] {dag.py:3239} INFO - Sync 1 DAGs
[2024-09-28T03:55:35.755+0000] {logging_mixin.py:190} INFO - [2024-09-28T03:55:35.754+0000] {dag.py:4180} INFO - Setting next_dagrun for example_bash_decorator to None, run_after=None
[2024-09-28T03:55:35.779+0000] {processor.py:208} INFO - Processing /home/airflow/.local/lib/python3.12/site-packages/airflow/example_dags/example_bash_decorator.py took 0.099 seconds
[2024-09-28T03:56:06.160+0000] {processor.py:186} INFO - Started process (PID=580) to work on /home/airflow/.local/lib/python3.12/site-packages/airflow/example_dags/example_bash_decorator.py
[2024-09-28T03:56:06.161+0000] {processor.py:914} INFO - Processing file /home/airflow/.local/lib/python3.12/site-packages/airflow/example_dags/example_bash_decorator.py for tasks to queue
[2024-09-28T03:56:06.164+0000] {logging_mixin.py:190} INFO - [2024-09-28T03:56:06.163+0000] {dagbag.py:588} INFO - Filling up the DagBag from /home/airflow/.local/lib/python3.12/site-packages/airflow/example_dags/example_bash_decorator.py
[2024-09-28T03:56:06.180+0000] {processor.py:925} INFO - DAG(s) 'example_bash_decorator' retrieved from /home/airflow/.local/lib/python3.12/site-packages/airflow/example_dags/example_bash_decorator.py
[2024-09-28T03:56:06.207+0000] {logging_mixin.py:190} INFO - [2024-09-28T03:56:06.207+0000] {dag.py:3239} INFO - Sync 1 DAGs
[2024-09-28T03:56:06.226+0000] {logging_mixin.py:190} INFO - [2024-09-28T03:56:06.225+0000] {dag.py:4180} INFO - Setting next_dagrun for example_bash_decorator to None, run_after=None
[2024-09-28T03:56:06.254+0000] {processor.py:208} INFO - Processing /home/airflow/.local/lib/python3.12/site-packages/airflow/example_dags/example_bash_decorator.py took 0.100 seconds
[2024-09-28T03:56:36.325+0000] {processor.py:186} INFO - Started process (PID=645) to work on /home/airflow/.local/lib/python3.12/site-packages/airflow/example_dags/example_bash_decorator.py
[2024-09-28T03:56:36.326+0000] {processor.py:914} INFO - Processing file /home/airflow/.local/lib/python3.12/site-packages/airflow/example_dags/example_bash_decorator.py for tasks to queue
[2024-09-28T03:56:36.329+0000] {logging_mixin.py:190} INFO - [2024-09-28T03:56:36.328+0000] {dagbag.py:588} INFO - Filling up the DagBag from /home/airflow/.local/lib/python3.12/site-packages/airflow/example_dags/example_bash_decorator.py
[2024-09-28T03:56:36.347+0000] {processor.py:925} INFO - DAG(s) 'example_bash_decorator' retrieved from /home/airflow/.local/lib/python3.12/site-packages/airflow/example_dags/example_bash_decorator.py
[2024-09-28T03:56:36.377+0000] {logging_mixin.py:190} INFO - [2024-09-28T03:56:36.377+0000] {dag.py:3239} INFO - Sync 1 DAGs
[2024-09-28T03:56:36.396+0000] {logging_mixin.py:190} INFO - [2024-09-28T03:56:36.396+0000] {dag.py:4180} INFO - Setting next_dagrun for example_bash_decorator to None, run_after=None
[2024-09-28T03:56:36.432+0000] {processor.py:208} INFO - Processing /home/airflow/.local/lib/python3.12/site-packages/airflow/example_dags/example_bash_decorator.py took 0.114 seconds
[2024-09-28T04:03:03.497+0000] {processor.py:186} INFO - Started process (PID=76) to work on /home/airflow/.local/lib/python3.12/site-packages/airflow/example_dags/example_bash_decorator.py
[2024-09-28T04:03:03.498+0000] {processor.py:914} INFO - Processing file /home/airflow/.local/lib/python3.12/site-packages/airflow/example_dags/example_bash_decorator.py for tasks to queue
[2024-09-28T04:03:03.502+0000] {logging_mixin.py:190} INFO - [2024-09-28T04:03:03.501+0000] {dagbag.py:588} INFO - Filling up the DagBag from /home/airflow/.local/lib/python3.12/site-packages/airflow/example_dags/example_bash_decorator.py
[2024-09-28T04:03:03.552+0000] {processor.py:925} INFO - DAG(s) 'example_bash_decorator' retrieved from /home/airflow/.local/lib/python3.12/site-packages/airflow/example_dags/example_bash_decorator.py
[2024-09-28T04:03:05.033+0000] {logging_mixin.py:190} INFO - [2024-09-28T04:03:05.032+0000] {dag.py:3239} INFO - Sync 1 DAGs
[2024-09-28T04:03:05.073+0000] {logging_mixin.py:190} INFO - [2024-09-28T04:03:05.073+0000] {dag.py:4180} INFO - Setting next_dagrun for example_bash_decorator to None, run_after=None
[2024-09-28T04:03:05.156+0000] {processor.py:208} INFO - Processing /home/airflow/.local/lib/python3.12/site-packages/airflow/example_dags/example_bash_decorator.py took 1.666 seconds
[2024-09-28T04:03:35.307+0000] {processor.py:186} INFO - Started process (PID=140) to work on /home/airflow/.local/lib/python3.12/site-packages/airflow/example_dags/example_bash_decorator.py
[2024-09-28T04:03:35.309+0000] {processor.py:914} INFO - Processing file /home/airflow/.local/lib/python3.12/site-packages/airflow/example_dags/example_bash_decorator.py for tasks to queue
[2024-09-28T04:03:35.312+0000] {logging_mixin.py:190} INFO - [2024-09-28T04:03:35.312+0000] {dagbag.py:588} INFO - Filling up the DagBag from /home/airflow/.local/lib/python3.12/site-packages/airflow/example_dags/example_bash_decorator.py
[2024-09-28T04:03:35.331+0000] {processor.py:925} INFO - DAG(s) 'example_bash_decorator' retrieved from /home/airflow/.local/lib/python3.12/site-packages/airflow/example_dags/example_bash_decorator.py
[2024-09-28T04:03:35.381+0000] {logging_mixin.py:190} INFO - [2024-09-28T04:03:35.380+0000] {dag.py:3239} INFO - Sync 1 DAGs
[2024-09-28T04:03:35.400+0000] {logging_mixin.py:190} INFO - [2024-09-28T04:03:35.400+0000] {dag.py:4180} INFO - Setting next_dagrun for example_bash_decorator to None, run_after=None
[2024-09-28T04:03:35.427+0000] {processor.py:208} INFO - Processing /home/airflow/.local/lib/python3.12/site-packages/airflow/example_dags/example_bash_decorator.py took 0.125 seconds
[2024-09-28T04:04:06.220+0000] {processor.py:186} INFO - Started process (PID=202) to work on /home/airflow/.local/lib/python3.12/site-packages/airflow/example_dags/example_bash_decorator.py
[2024-09-28T04:04:06.222+0000] {processor.py:914} INFO - Processing file /home/airflow/.local/lib/python3.12/site-packages/airflow/example_dags/example_bash_decorator.py for tasks to queue
[2024-09-28T04:04:06.225+0000] {logging_mixin.py:190} INFO - [2024-09-28T04:04:06.224+0000] {dagbag.py:588} INFO - Filling up the DagBag from /home/airflow/.local/lib/python3.12/site-packages/airflow/example_dags/example_bash_decorator.py
[2024-09-28T04:04:06.241+0000] {processor.py:925} INFO - DAG(s) 'example_bash_decorator' retrieved from /home/airflow/.local/lib/python3.12/site-packages/airflow/example_dags/example_bash_decorator.py
[2024-09-28T04:04:06.266+0000] {logging_mixin.py:190} INFO - [2024-09-28T04:04:06.265+0000] {dag.py:3239} INFO - Sync 1 DAGs
[2024-09-28T04:04:06.283+0000] {logging_mixin.py:190} INFO - [2024-09-28T04:04:06.282+0000] {dag.py:4180} INFO - Setting next_dagrun for example_bash_decorator to None, run_after=None
[2024-09-28T04:04:06.313+0000] {processor.py:208} INFO - Processing /home/airflow/.local/lib/python3.12/site-packages/airflow/example_dags/example_bash_decorator.py took 0.098 seconds
[2024-09-28T04:04:36.614+0000] {processor.py:186} INFO - Started process (PID=265) to work on /home/airflow/.local/lib/python3.12/site-packages/airflow/example_dags/example_bash_decorator.py
[2024-09-28T04:04:36.616+0000] {processor.py:914} INFO - Processing file /home/airflow/.local/lib/python3.12/site-packages/airflow/example_dags/example_bash_decorator.py for tasks to queue
[2024-09-28T04:04:36.618+0000] {logging_mixin.py:190} INFO - [2024-09-28T04:04:36.618+0000] {dagbag.py:588} INFO - Filling up the DagBag from /home/airflow/.local/lib/python3.12/site-packages/airflow/example_dags/example_bash_decorator.py
[2024-09-28T04:04:36.631+0000] {processor.py:925} INFO - DAG(s) 'example_bash_decorator' retrieved from /home/airflow/.local/lib/python3.12/site-packages/airflow/example_dags/example_bash_decorator.py
[2024-09-28T04:04:36.655+0000] {logging_mixin.py:190} INFO - [2024-09-28T04:04:36.655+0000] {dag.py:3239} INFO - Sync 1 DAGs
[2024-09-28T04:04:36.668+0000] {logging_mixin.py:190} INFO - [2024-09-28T04:04:36.668+0000] {dag.py:4180} INFO - Setting next_dagrun for example_bash_decorator to None, run_after=None
[2024-09-28T04:04:36.693+0000] {processor.py:208} INFO - Processing /home/airflow/.local/lib/python3.12/site-packages/airflow/example_dags/example_bash_decorator.py took 0.083 seconds
[2024-09-28T04:05:06.918+0000] {processor.py:186} INFO - Started process (PID=351) to work on /home/airflow/.local/lib/python3.12/site-packages/airflow/example_dags/example_bash_decorator.py
[2024-09-28T04:05:06.919+0000] {processor.py:914} INFO - Processing file /home/airflow/.local/lib/python3.12/site-packages/airflow/example_dags/example_bash_decorator.py for tasks to queue
[2024-09-28T04:05:06.921+0000] {logging_mixin.py:190} INFO - [2024-09-28T04:05:06.921+0000] {dagbag.py:588} INFO - Filling up the DagBag from /home/airflow/.local/lib/python3.12/site-packages/airflow/example_dags/example_bash_decorator.py
[2024-09-28T04:05:06.935+0000] {processor.py:925} INFO - DAG(s) 'example_bash_decorator' retrieved from /home/airflow/.local/lib/python3.12/site-packages/airflow/example_dags/example_bash_decorator.py
[2024-09-28T04:05:06.958+0000] {logging_mixin.py:190} INFO - [2024-09-28T04:05:06.958+0000] {dag.py:3239} INFO - Sync 1 DAGs
[2024-09-28T04:05:06.973+0000] {logging_mixin.py:190} INFO - [2024-09-28T04:05:06.973+0000] {dag.py:4180} INFO - Setting next_dagrun for example_bash_decorator to None, run_after=None
[2024-09-28T04:05:07.022+0000] {processor.py:208} INFO - Processing /home/airflow/.local/lib/python3.12/site-packages/airflow/example_dags/example_bash_decorator.py took 0.109 seconds
[2024-09-28T04:05:50.202+0000] {processor.py:186} INFO - Started process (PID=74) to work on /home/airflow/.local/lib/python3.12/site-packages/airflow/example_dags/example_bash_decorator.py
[2024-09-28T04:05:50.203+0000] {processor.py:914} INFO - Processing file /home/airflow/.local/lib/python3.12/site-packages/airflow/example_dags/example_bash_decorator.py for tasks to queue
[2024-09-28T04:05:50.206+0000] {logging_mixin.py:190} INFO - [2024-09-28T04:05:50.206+0000] {dagbag.py:588} INFO - Filling up the DagBag from /home/airflow/.local/lib/python3.12/site-packages/airflow/example_dags/example_bash_decorator.py
[2024-09-28T04:05:50.224+0000] {processor.py:925} INFO - DAG(s) 'example_bash_decorator' retrieved from /home/airflow/.local/lib/python3.12/site-packages/airflow/example_dags/example_bash_decorator.py
[2024-09-28T04:05:50.478+0000] {logging_mixin.py:190} INFO - [2024-09-28T04:05:50.477+0000] {dag.py:3239} INFO - Sync 1 DAGs
[2024-09-28T04:05:50.493+0000] {logging_mixin.py:190} INFO - [2024-09-28T04:05:50.493+0000] {dag.py:4180} INFO - Setting next_dagrun for example_bash_decorator to None, run_after=None
[2024-09-28T04:05:50.533+0000] {processor.py:208} INFO - Processing /home/airflow/.local/lib/python3.12/site-packages/airflow/example_dags/example_bash_decorator.py took 0.336 seconds
[2024-09-28T04:06:21.241+0000] {processor.py:186} INFO - Started process (PID=148) to work on /home/airflow/.local/lib/python3.12/site-packages/airflow/example_dags/example_bash_decorator.py
[2024-09-28T04:06:21.242+0000] {processor.py:914} INFO - Processing file /home/airflow/.local/lib/python3.12/site-packages/airflow/example_dags/example_bash_decorator.py for tasks to queue
[2024-09-28T04:06:21.244+0000] {logging_mixin.py:190} INFO - [2024-09-28T04:06:21.244+0000] {dagbag.py:588} INFO - Filling up the DagBag from /home/airflow/.local/lib/python3.12/site-packages/airflow/example_dags/example_bash_decorator.py
[2024-09-28T04:06:21.256+0000] {processor.py:925} INFO - DAG(s) 'example_bash_decorator' retrieved from /home/airflow/.local/lib/python3.12/site-packages/airflow/example_dags/example_bash_decorator.py
[2024-09-28T04:06:21.278+0000] {logging_mixin.py:190} INFO - [2024-09-28T04:06:21.278+0000] {dag.py:3239} INFO - Sync 1 DAGs
[2024-09-28T04:06:21.292+0000] {logging_mixin.py:190} INFO - [2024-09-28T04:06:21.291+0000] {dag.py:4180} INFO - Setting next_dagrun for example_bash_decorator to None, run_after=None
[2024-09-28T04:06:21.313+0000] {processor.py:208} INFO - Processing /home/airflow/.local/lib/python3.12/site-packages/airflow/example_dags/example_bash_decorator.py took 0.076 seconds
[2024-09-28T04:06:51.597+0000] {processor.py:186} INFO - Started process (PID=222) to work on /home/airflow/.local/lib/python3.12/site-packages/airflow/example_dags/example_bash_decorator.py
[2024-09-28T04:06:51.599+0000] {processor.py:914} INFO - Processing file /home/airflow/.local/lib/python3.12/site-packages/airflow/example_dags/example_bash_decorator.py for tasks to queue
[2024-09-28T04:06:51.601+0000] {logging_mixin.py:190} INFO - [2024-09-28T04:06:51.601+0000] {dagbag.py:588} INFO - Filling up the DagBag from /home/airflow/.local/lib/python3.12/site-packages/airflow/example_dags/example_bash_decorator.py
[2024-09-28T04:06:51.616+0000] {processor.py:925} INFO - DAG(s) 'example_bash_decorator' retrieved from /home/airflow/.local/lib/python3.12/site-packages/airflow/example_dags/example_bash_decorator.py
[2024-09-28T04:06:51.644+0000] {logging_mixin.py:190} INFO - [2024-09-28T04:06:51.644+0000] {dag.py:3239} INFO - Sync 1 DAGs
[2024-09-28T04:06:51.658+0000] {logging_mixin.py:190} INFO - [2024-09-28T04:06:51.658+0000] {dag.py:4180} INFO - Setting next_dagrun for example_bash_decorator to None, run_after=None
[2024-09-28T04:06:51.690+0000] {processor.py:208} INFO - Processing /home/airflow/.local/lib/python3.12/site-packages/airflow/example_dags/example_bash_decorator.py took 0.098 seconds
[2024-09-28T04:07:21.790+0000] {processor.py:186} INFO - Started process (PID=296) to work on /home/airflow/.local/lib/python3.12/site-packages/airflow/example_dags/example_bash_decorator.py
[2024-09-28T04:07:21.791+0000] {processor.py:914} INFO - Processing file /home/airflow/.local/lib/python3.12/site-packages/airflow/example_dags/example_bash_decorator.py for tasks to queue
[2024-09-28T04:07:21.793+0000] {logging_mixin.py:190} INFO - [2024-09-28T04:07:21.793+0000] {dagbag.py:588} INFO - Filling up the DagBag from /home/airflow/.local/lib/python3.12/site-packages/airflow/example_dags/example_bash_decorator.py
[2024-09-28T04:07:21.805+0000] {processor.py:925} INFO - DAG(s) 'example_bash_decorator' retrieved from /home/airflow/.local/lib/python3.12/site-packages/airflow/example_dags/example_bash_decorator.py
[2024-09-28T04:07:21.827+0000] {logging_mixin.py:190} INFO - [2024-09-28T04:07:21.827+0000] {dag.py:3239} INFO - Sync 1 DAGs
[2024-09-28T04:07:21.841+0000] {logging_mixin.py:190} INFO - [2024-09-28T04:07:21.841+0000] {dag.py:4180} INFO - Setting next_dagrun for example_bash_decorator to None, run_after=None
[2024-09-28T04:07:21.864+0000] {processor.py:208} INFO - Processing /home/airflow/.local/lib/python3.12/site-packages/airflow/example_dags/example_bash_decorator.py took 0.078 seconds
[2024-09-28T04:07:52.016+0000] {processor.py:186} INFO - Started process (PID=370) to work on /home/airflow/.local/lib/python3.12/site-packages/airflow/example_dags/example_bash_decorator.py
[2024-09-28T04:07:52.017+0000] {processor.py:914} INFO - Processing file /home/airflow/.local/lib/python3.12/site-packages/airflow/example_dags/example_bash_decorator.py for tasks to queue
[2024-09-28T04:07:52.019+0000] {logging_mixin.py:190} INFO - [2024-09-28T04:07:52.018+0000] {dagbag.py:588} INFO - Filling up the DagBag from /home/airflow/.local/lib/python3.12/site-packages/airflow/example_dags/example_bash_decorator.py
[2024-09-28T04:07:52.030+0000] {processor.py:925} INFO - DAG(s) 'example_bash_decorator' retrieved from /home/airflow/.local/lib/python3.12/site-packages/airflow/example_dags/example_bash_decorator.py
[2024-09-28T04:07:52.052+0000] {logging_mixin.py:190} INFO - [2024-09-28T04:07:52.051+0000] {dag.py:3239} INFO - Sync 1 DAGs
[2024-09-28T04:07:52.064+0000] {logging_mixin.py:190} INFO - [2024-09-28T04:07:52.064+0000] {dag.py:4180} INFO - Setting next_dagrun for example_bash_decorator to None, run_after=None
[2024-09-28T04:07:52.085+0000] {processor.py:208} INFO - Processing /home/airflow/.local/lib/python3.12/site-packages/airflow/example_dags/example_bash_decorator.py took 0.073 seconds
