[2024-09-28T02:18:59.578+0000] {processor.py:186} INFO - Started process (PID=80) to work on /home/airflow/.local/lib/python3.12/site-packages/airflow/example_dags/example_branch_day_of_week_operator.py
[2024-09-28T02:18:59.580+0000] {processor.py:914} INFO - Processing file /home/airflow/.local/lib/python3.12/site-packages/airflow/example_dags/example_branch_day_of_week_operator.py for tasks to queue
[2024-09-28T02:18:59.583+0000] {logging_mixin.py:190} INFO - [2024-09-28T02:18:59.583+0000] {dagbag.py:588} INFO - Filling up the DagBag from /home/airflow/.local/lib/python3.12/site-packages/airflow/example_dags/example_branch_day_of_week_operator.py
[2024-09-28T02:18:59.595+0000] {processor.py:925} INFO - DAG(s) 'example_weekday_branch_operator' retrieved from /home/airflow/.local/lib/python3.12/site-packages/airflow/example_dags/example_branch_day_of_week_operator.py
[2024-09-28T02:18:59.621+0000] {logging_mixin.py:190} INFO - [2024-09-28T02:18:59.620+0000] {dag.py:3239} INFO - Sync 1 DAGs
[2024-09-28T02:18:59.650+0000] {logging_mixin.py:190} INFO - [2024-09-28T02:18:59.650+0000] {dag.py:4180} INFO - Setting next_dagrun for example_weekday_branch_operator to 2024-09-27 00:00:00+00:00, run_after=2024-09-28 00:00:00+00:00
[2024-09-28T02:18:59.676+0000] {processor.py:208} INFO - Processing /home/airflow/.local/lib/python3.12/site-packages/airflow/example_dags/example_branch_day_of_week_operator.py took 0.104 seconds
[2024-09-28T02:19:30.663+0000] {processor.py:186} INFO - Started process (PID=143) to work on /home/airflow/.local/lib/python3.12/site-packages/airflow/example_dags/example_branch_day_of_week_operator.py
[2024-09-28T02:19:30.719+0000] {processor.py:914} INFO - Processing file /home/airflow/.local/lib/python3.12/site-packages/airflow/example_dags/example_branch_day_of_week_operator.py for tasks to queue
[2024-09-28T02:19:30.723+0000] {logging_mixin.py:190} INFO - [2024-09-28T02:19:30.722+0000] {dagbag.py:588} INFO - Filling up the DagBag from /home/airflow/.local/lib/python3.12/site-packages/airflow/example_dags/example_branch_day_of_week_operator.py
[2024-09-28T02:19:30.747+0000] {processor.py:925} INFO - DAG(s) 'example_weekday_branch_operator' retrieved from /home/airflow/.local/lib/python3.12/site-packages/airflow/example_dags/example_branch_day_of_week_operator.py
[2024-09-28T02:19:30.792+0000] {logging_mixin.py:190} INFO - [2024-09-28T02:19:30.791+0000] {dag.py:3239} INFO - Sync 1 DAGs
[2024-09-28T02:19:30.840+0000] {logging_mixin.py:190} INFO - [2024-09-28T02:19:30.840+0000] {dag.py:4180} INFO - Setting next_dagrun for example_weekday_branch_operator to 2024-09-27 00:00:00+00:00, run_after=2024-09-28 00:00:00+00:00
[2024-09-28T02:19:30.878+0000] {processor.py:208} INFO - Processing /home/airflow/.local/lib/python3.12/site-packages/airflow/example_dags/example_branch_day_of_week_operator.py took 0.233 seconds
[2024-09-28T02:20:01.373+0000] {processor.py:186} INFO - Started process (PID=206) to work on /home/airflow/.local/lib/python3.12/site-packages/airflow/example_dags/example_branch_day_of_week_operator.py
[2024-09-28T02:20:01.377+0000] {processor.py:914} INFO - Processing file /home/airflow/.local/lib/python3.12/site-packages/airflow/example_dags/example_branch_day_of_week_operator.py for tasks to queue
[2024-09-28T02:20:01.380+0000] {logging_mixin.py:190} INFO - [2024-09-28T02:20:01.380+0000] {dagbag.py:588} INFO - Filling up the DagBag from /home/airflow/.local/lib/python3.12/site-packages/airflow/example_dags/example_branch_day_of_week_operator.py
[2024-09-28T02:20:01.388+0000] {processor.py:925} INFO - DAG(s) 'example_weekday_branch_operator' retrieved from /home/airflow/.local/lib/python3.12/site-packages/airflow/example_dags/example_branch_day_of_week_operator.py
[2024-09-28T02:20:01.407+0000] {logging_mixin.py:190} INFO - [2024-09-28T02:20:01.407+0000] {dag.py:3239} INFO - Sync 1 DAGs
[2024-09-28T02:20:01.430+0000] {logging_mixin.py:190} INFO - [2024-09-28T02:20:01.430+0000] {dag.py:4180} INFO - Setting next_dagrun for example_weekday_branch_operator to 2024-09-27 00:00:00+00:00, run_after=2024-09-28 00:00:00+00:00
[2024-09-28T02:20:01.451+0000] {processor.py:208} INFO - Processing /home/airflow/.local/lib/python3.12/site-packages/airflow/example_dags/example_branch_day_of_week_operator.py took 0.083 seconds
[2024-09-28T02:20:31.630+0000] {processor.py:186} INFO - Started process (PID=269) to work on /home/airflow/.local/lib/python3.12/site-packages/airflow/example_dags/example_branch_day_of_week_operator.py
[2024-09-28T02:20:31.631+0000] {processor.py:914} INFO - Processing file /home/airflow/.local/lib/python3.12/site-packages/airflow/example_dags/example_branch_day_of_week_operator.py for tasks to queue
[2024-09-28T02:20:31.634+0000] {logging_mixin.py:190} INFO - [2024-09-28T02:20:31.634+0000] {dagbag.py:588} INFO - Filling up the DagBag from /home/airflow/.local/lib/python3.12/site-packages/airflow/example_dags/example_branch_day_of_week_operator.py
[2024-09-28T02:20:31.642+0000] {processor.py:925} INFO - DAG(s) 'example_weekday_branch_operator' retrieved from /home/airflow/.local/lib/python3.12/site-packages/airflow/example_dags/example_branch_day_of_week_operator.py
[2024-09-28T02:20:31.663+0000] {logging_mixin.py:190} INFO - [2024-09-28T02:20:31.663+0000] {dag.py:3239} INFO - Sync 1 DAGs
[2024-09-28T02:20:31.689+0000] {logging_mixin.py:190} INFO - [2024-09-28T02:20:31.688+0000] {dag.py:4180} INFO - Setting next_dagrun for example_weekday_branch_operator to 2024-09-27 00:00:00+00:00, run_after=2024-09-28 00:00:00+00:00
[2024-09-28T02:20:31.714+0000] {processor.py:208} INFO - Processing /home/airflow/.local/lib/python3.12/site-packages/airflow/example_dags/example_branch_day_of_week_operator.py took 0.089 seconds
[2024-09-28T02:21:02.034+0000] {processor.py:186} INFO - Started process (PID=332) to work on /home/airflow/.local/lib/python3.12/site-packages/airflow/example_dags/example_branch_day_of_week_operator.py
[2024-09-28T02:21:02.036+0000] {processor.py:914} INFO - Processing file /home/airflow/.local/lib/python3.12/site-packages/airflow/example_dags/example_branch_day_of_week_operator.py for tasks to queue
[2024-09-28T02:21:02.040+0000] {logging_mixin.py:190} INFO - [2024-09-28T02:21:02.039+0000] {dagbag.py:588} INFO - Filling up the DagBag from /home/airflow/.local/lib/python3.12/site-packages/airflow/example_dags/example_branch_day_of_week_operator.py
[2024-09-28T02:21:02.052+0000] {processor.py:925} INFO - DAG(s) 'example_weekday_branch_operator' retrieved from /home/airflow/.local/lib/python3.12/site-packages/airflow/example_dags/example_branch_day_of_week_operator.py
[2024-09-28T02:21:02.081+0000] {logging_mixin.py:190} INFO - [2024-09-28T02:21:02.081+0000] {dag.py:3239} INFO - Sync 1 DAGs
[2024-09-28T02:21:02.118+0000] {logging_mixin.py:190} INFO - [2024-09-28T02:21:02.118+0000] {dag.py:4180} INFO - Setting next_dagrun for example_weekday_branch_operator to 2024-09-27 00:00:00+00:00, run_after=2024-09-28 00:00:00+00:00
[2024-09-28T02:21:02.144+0000] {processor.py:208} INFO - Processing /home/airflow/.local/lib/python3.12/site-packages/airflow/example_dags/example_branch_day_of_week_operator.py took 0.119 seconds
[2024-09-28T02:21:32.331+0000] {processor.py:186} INFO - Started process (PID=395) to work on /home/airflow/.local/lib/python3.12/site-packages/airflow/example_dags/example_branch_day_of_week_operator.py
[2024-09-28T02:21:32.332+0000] {processor.py:914} INFO - Processing file /home/airflow/.local/lib/python3.12/site-packages/airflow/example_dags/example_branch_day_of_week_operator.py for tasks to queue
[2024-09-28T02:21:32.336+0000] {logging_mixin.py:190} INFO - [2024-09-28T02:21:32.336+0000] {dagbag.py:588} INFO - Filling up the DagBag from /home/airflow/.local/lib/python3.12/site-packages/airflow/example_dags/example_branch_day_of_week_operator.py
[2024-09-28T02:21:32.349+0000] {processor.py:925} INFO - DAG(s) 'example_weekday_branch_operator' retrieved from /home/airflow/.local/lib/python3.12/site-packages/airflow/example_dags/example_branch_day_of_week_operator.py
[2024-09-28T02:21:32.373+0000] {logging_mixin.py:190} INFO - [2024-09-28T02:21:32.372+0000] {dag.py:3239} INFO - Sync 1 DAGs
[2024-09-28T02:21:32.402+0000] {logging_mixin.py:190} INFO - [2024-09-28T02:21:32.402+0000] {dag.py:4180} INFO - Setting next_dagrun for example_weekday_branch_operator to 2024-09-27 00:00:00+00:00, run_after=2024-09-28 00:00:00+00:00
[2024-09-28T02:21:32.428+0000] {processor.py:208} INFO - Processing /home/airflow/.local/lib/python3.12/site-packages/airflow/example_dags/example_branch_day_of_week_operator.py took 0.104 seconds
[2024-09-28T02:22:03.265+0000] {processor.py:186} INFO - Started process (PID=458) to work on /home/airflow/.local/lib/python3.12/site-packages/airflow/example_dags/example_branch_day_of_week_operator.py
[2024-09-28T02:22:03.266+0000] {processor.py:914} INFO - Processing file /home/airflow/.local/lib/python3.12/site-packages/airflow/example_dags/example_branch_day_of_week_operator.py for tasks to queue
[2024-09-28T02:22:03.269+0000] {logging_mixin.py:190} INFO - [2024-09-28T02:22:03.268+0000] {dagbag.py:588} INFO - Filling up the DagBag from /home/airflow/.local/lib/python3.12/site-packages/airflow/example_dags/example_branch_day_of_week_operator.py
[2024-09-28T02:22:03.277+0000] {processor.py:925} INFO - DAG(s) 'example_weekday_branch_operator' retrieved from /home/airflow/.local/lib/python3.12/site-packages/airflow/example_dags/example_branch_day_of_week_operator.py
[2024-09-28T02:22:03.296+0000] {logging_mixin.py:190} INFO - [2024-09-28T02:22:03.296+0000] {dag.py:3239} INFO - Sync 1 DAGs
[2024-09-28T02:22:03.320+0000] {logging_mixin.py:190} INFO - [2024-09-28T02:22:03.320+0000] {dag.py:4180} INFO - Setting next_dagrun for example_weekday_branch_operator to 2024-09-27 00:00:00+00:00, run_after=2024-09-28 00:00:00+00:00
[2024-09-28T02:22:03.343+0000] {processor.py:208} INFO - Processing /home/airflow/.local/lib/python3.12/site-packages/airflow/example_dags/example_branch_day_of_week_operator.py took 0.082 seconds
[2024-09-28T02:22:33.459+0000] {processor.py:186} INFO - Started process (PID=520) to work on /home/airflow/.local/lib/python3.12/site-packages/airflow/example_dags/example_branch_day_of_week_operator.py
[2024-09-28T02:22:33.460+0000] {processor.py:914} INFO - Processing file /home/airflow/.local/lib/python3.12/site-packages/airflow/example_dags/example_branch_day_of_week_operator.py for tasks to queue
[2024-09-28T02:22:33.463+0000] {logging_mixin.py:190} INFO - [2024-09-28T02:22:33.462+0000] {dagbag.py:588} INFO - Filling up the DagBag from /home/airflow/.local/lib/python3.12/site-packages/airflow/example_dags/example_branch_day_of_week_operator.py
[2024-09-28T02:22:33.470+0000] {processor.py:925} INFO - DAG(s) 'example_weekday_branch_operator' retrieved from /home/airflow/.local/lib/python3.12/site-packages/airflow/example_dags/example_branch_day_of_week_operator.py
[2024-09-28T02:22:33.490+0000] {logging_mixin.py:190} INFO - [2024-09-28T02:22:33.489+0000] {dag.py:3239} INFO - Sync 1 DAGs
[2024-09-28T02:22:33.512+0000] {logging_mixin.py:190} INFO - [2024-09-28T02:22:33.512+0000] {dag.py:4180} INFO - Setting next_dagrun for example_weekday_branch_operator to 2024-09-27 00:00:00+00:00, run_after=2024-09-28 00:00:00+00:00
[2024-09-28T02:22:33.537+0000] {processor.py:208} INFO - Processing /home/airflow/.local/lib/python3.12/site-packages/airflow/example_dags/example_branch_day_of_week_operator.py took 0.083 seconds
[2024-09-28T02:23:03.597+0000] {processor.py:186} INFO - Started process (PID=584) to work on /home/airflow/.local/lib/python3.12/site-packages/airflow/example_dags/example_branch_day_of_week_operator.py
[2024-09-28T02:23:03.598+0000] {processor.py:914} INFO - Processing file /home/airflow/.local/lib/python3.12/site-packages/airflow/example_dags/example_branch_day_of_week_operator.py for tasks to queue
[2024-09-28T02:23:03.601+0000] {logging_mixin.py:190} INFO - [2024-09-28T02:23:03.600+0000] {dagbag.py:588} INFO - Filling up the DagBag from /home/airflow/.local/lib/python3.12/site-packages/airflow/example_dags/example_branch_day_of_week_operator.py
[2024-09-28T02:23:03.608+0000] {processor.py:925} INFO - DAG(s) 'example_weekday_branch_operator' retrieved from /home/airflow/.local/lib/python3.12/site-packages/airflow/example_dags/example_branch_day_of_week_operator.py
[2024-09-28T02:23:03.629+0000] {logging_mixin.py:190} INFO - [2024-09-28T02:23:03.628+0000] {dag.py:3239} INFO - Sync 1 DAGs
[2024-09-28T02:23:03.651+0000] {logging_mixin.py:190} INFO - [2024-09-28T02:23:03.650+0000] {dag.py:4180} INFO - Setting next_dagrun for example_weekday_branch_operator to 2024-09-27 00:00:00+00:00, run_after=2024-09-28 00:00:00+00:00
[2024-09-28T02:23:03.677+0000] {processor.py:208} INFO - Processing /home/airflow/.local/lib/python3.12/site-packages/airflow/example_dags/example_branch_day_of_week_operator.py took 0.085 seconds
[2024-09-28T02:23:33.913+0000] {processor.py:186} INFO - Started process (PID=647) to work on /home/airflow/.local/lib/python3.12/site-packages/airflow/example_dags/example_branch_day_of_week_operator.py
[2024-09-28T02:23:33.915+0000] {processor.py:914} INFO - Processing file /home/airflow/.local/lib/python3.12/site-packages/airflow/example_dags/example_branch_day_of_week_operator.py for tasks to queue
[2024-09-28T02:23:33.918+0000] {logging_mixin.py:190} INFO - [2024-09-28T02:23:33.917+0000] {dagbag.py:588} INFO - Filling up the DagBag from /home/airflow/.local/lib/python3.12/site-packages/airflow/example_dags/example_branch_day_of_week_operator.py
[2024-09-28T02:23:33.926+0000] {processor.py:925} INFO - DAG(s) 'example_weekday_branch_operator' retrieved from /home/airflow/.local/lib/python3.12/site-packages/airflow/example_dags/example_branch_day_of_week_operator.py
[2024-09-28T02:23:33.948+0000] {logging_mixin.py:190} INFO - [2024-09-28T02:23:33.947+0000] {dag.py:3239} INFO - Sync 1 DAGs
[2024-09-28T02:23:33.975+0000] {logging_mixin.py:190} INFO - [2024-09-28T02:23:33.974+0000] {dag.py:4180} INFO - Setting next_dagrun for example_weekday_branch_operator to 2024-09-27 00:00:00+00:00, run_after=2024-09-28 00:00:00+00:00
[2024-09-28T02:23:33.997+0000] {processor.py:208} INFO - Processing /home/airflow/.local/lib/python3.12/site-packages/airflow/example_dags/example_branch_day_of_week_operator.py took 0.090 seconds
[2024-09-28T02:24:04.606+0000] {processor.py:186} INFO - Started process (PID=710) to work on /home/airflow/.local/lib/python3.12/site-packages/airflow/example_dags/example_branch_day_of_week_operator.py
[2024-09-28T02:24:04.609+0000] {processor.py:914} INFO - Processing file /home/airflow/.local/lib/python3.12/site-packages/airflow/example_dags/example_branch_day_of_week_operator.py for tasks to queue
[2024-09-28T02:24:04.614+0000] {logging_mixin.py:190} INFO - [2024-09-28T02:24:04.614+0000] {dagbag.py:588} INFO - Filling up the DagBag from /home/airflow/.local/lib/python3.12/site-packages/airflow/example_dags/example_branch_day_of_week_operator.py
[2024-09-28T02:24:04.629+0000] {processor.py:925} INFO - DAG(s) 'example_weekday_branch_operator' retrieved from /home/airflow/.local/lib/python3.12/site-packages/airflow/example_dags/example_branch_day_of_week_operator.py
[2024-09-28T02:24:04.675+0000] {logging_mixin.py:190} INFO - [2024-09-28T02:24:04.675+0000] {dag.py:3239} INFO - Sync 1 DAGs
[2024-09-28T02:24:04.712+0000] {logging_mixin.py:190} INFO - [2024-09-28T02:24:04.711+0000] {dag.py:4180} INFO - Setting next_dagrun for example_weekday_branch_operator to 2024-09-27 00:00:00+00:00, run_after=2024-09-28 00:00:00+00:00
[2024-09-28T02:24:04.762+0000] {processor.py:208} INFO - Processing /home/airflow/.local/lib/python3.12/site-packages/airflow/example_dags/example_branch_day_of_week_operator.py took 0.166 seconds
[2024-09-28T02:24:35.485+0000] {processor.py:186} INFO - Started process (PID=773) to work on /home/airflow/.local/lib/python3.12/site-packages/airflow/example_dags/example_branch_day_of_week_operator.py
[2024-09-28T02:24:35.487+0000] {processor.py:914} INFO - Processing file /home/airflow/.local/lib/python3.12/site-packages/airflow/example_dags/example_branch_day_of_week_operator.py for tasks to queue
[2024-09-28T02:24:35.491+0000] {logging_mixin.py:190} INFO - [2024-09-28T02:24:35.490+0000] {dagbag.py:588} INFO - Filling up the DagBag from /home/airflow/.local/lib/python3.12/site-packages/airflow/example_dags/example_branch_day_of_week_operator.py
[2024-09-28T02:24:35.500+0000] {processor.py:925} INFO - DAG(s) 'example_weekday_branch_operator' retrieved from /home/airflow/.local/lib/python3.12/site-packages/airflow/example_dags/example_branch_day_of_week_operator.py
[2024-09-28T02:24:35.522+0000] {logging_mixin.py:190} INFO - [2024-09-28T02:24:35.522+0000] {dag.py:3239} INFO - Sync 1 DAGs
[2024-09-28T02:24:35.548+0000] {logging_mixin.py:190} INFO - [2024-09-28T02:24:35.548+0000] {dag.py:4180} INFO - Setting next_dagrun for example_weekday_branch_operator to 2024-09-27 00:00:00+00:00, run_after=2024-09-28 00:00:00+00:00
[2024-09-28T02:24:35.577+0000] {processor.py:208} INFO - Processing /home/airflow/.local/lib/python3.12/site-packages/airflow/example_dags/example_branch_day_of_week_operator.py took 0.098 seconds
[2024-09-28T02:25:05.724+0000] {processor.py:186} INFO - Started process (PID=836) to work on /home/airflow/.local/lib/python3.12/site-packages/airflow/example_dags/example_branch_day_of_week_operator.py
[2024-09-28T02:25:05.726+0000] {processor.py:914} INFO - Processing file /home/airflow/.local/lib/python3.12/site-packages/airflow/example_dags/example_branch_day_of_week_operator.py for tasks to queue
[2024-09-28T02:25:05.729+0000] {logging_mixin.py:190} INFO - [2024-09-28T02:25:05.728+0000] {dagbag.py:588} INFO - Filling up the DagBag from /home/airflow/.local/lib/python3.12/site-packages/airflow/example_dags/example_branch_day_of_week_operator.py
[2024-09-28T02:25:05.738+0000] {processor.py:925} INFO - DAG(s) 'example_weekday_branch_operator' retrieved from /home/airflow/.local/lib/python3.12/site-packages/airflow/example_dags/example_branch_day_of_week_operator.py
[2024-09-28T02:25:05.760+0000] {logging_mixin.py:190} INFO - [2024-09-28T02:25:05.760+0000] {dag.py:3239} INFO - Sync 1 DAGs
[2024-09-28T02:25:05.785+0000] {logging_mixin.py:190} INFO - [2024-09-28T02:25:05.784+0000] {dag.py:4180} INFO - Setting next_dagrun for example_weekday_branch_operator to 2024-09-27 00:00:00+00:00, run_after=2024-09-28 00:00:00+00:00
[2024-09-28T02:25:05.808+0000] {processor.py:208} INFO - Processing /home/airflow/.local/lib/python3.12/site-packages/airflow/example_dags/example_branch_day_of_week_operator.py took 0.090 seconds
[2024-09-28T02:25:36.111+0000] {processor.py:186} INFO - Started process (PID=899) to work on /home/airflow/.local/lib/python3.12/site-packages/airflow/example_dags/example_branch_day_of_week_operator.py
[2024-09-28T02:25:36.112+0000] {processor.py:914} INFO - Processing file /home/airflow/.local/lib/python3.12/site-packages/airflow/example_dags/example_branch_day_of_week_operator.py for tasks to queue
[2024-09-28T02:25:36.115+0000] {logging_mixin.py:190} INFO - [2024-09-28T02:25:36.114+0000] {dagbag.py:588} INFO - Filling up the DagBag from /home/airflow/.local/lib/python3.12/site-packages/airflow/example_dags/example_branch_day_of_week_operator.py
[2024-09-28T02:25:36.123+0000] {processor.py:925} INFO - DAG(s) 'example_weekday_branch_operator' retrieved from /home/airflow/.local/lib/python3.12/site-packages/airflow/example_dags/example_branch_day_of_week_operator.py
[2024-09-28T02:25:36.144+0000] {logging_mixin.py:190} INFO - [2024-09-28T02:25:36.144+0000] {dag.py:3239} INFO - Sync 1 DAGs
[2024-09-28T02:25:36.168+0000] {logging_mixin.py:190} INFO - [2024-09-28T02:25:36.168+0000] {dag.py:4180} INFO - Setting next_dagrun for example_weekday_branch_operator to 2024-09-27 00:00:00+00:00, run_after=2024-09-28 00:00:00+00:00
[2024-09-28T02:25:36.192+0000] {processor.py:208} INFO - Processing /home/airflow/.local/lib/python3.12/site-packages/airflow/example_dags/example_branch_day_of_week_operator.py took 0.086 seconds
[2024-09-28T02:26:06.714+0000] {processor.py:186} INFO - Started process (PID=962) to work on /home/airflow/.local/lib/python3.12/site-packages/airflow/example_dags/example_branch_day_of_week_operator.py
[2024-09-28T02:26:06.715+0000] {processor.py:914} INFO - Processing file /home/airflow/.local/lib/python3.12/site-packages/airflow/example_dags/example_branch_day_of_week_operator.py for tasks to queue
[2024-09-28T02:26:06.719+0000] {logging_mixin.py:190} INFO - [2024-09-28T02:26:06.719+0000] {dagbag.py:588} INFO - Filling up the DagBag from /home/airflow/.local/lib/python3.12/site-packages/airflow/example_dags/example_branch_day_of_week_operator.py
[2024-09-28T02:26:06.731+0000] {processor.py:925} INFO - DAG(s) 'example_weekday_branch_operator' retrieved from /home/airflow/.local/lib/python3.12/site-packages/airflow/example_dags/example_branch_day_of_week_operator.py
[2024-09-28T02:26:06.758+0000] {logging_mixin.py:190} INFO - [2024-09-28T02:26:06.758+0000] {dag.py:3239} INFO - Sync 1 DAGs
[2024-09-28T02:26:06.796+0000] {logging_mixin.py:190} INFO - [2024-09-28T02:26:06.795+0000] {dag.py:4180} INFO - Setting next_dagrun for example_weekday_branch_operator to 2024-09-27 00:00:00+00:00, run_after=2024-09-28 00:00:00+00:00
[2024-09-28T02:26:06.831+0000] {processor.py:208} INFO - Processing /home/airflow/.local/lib/python3.12/site-packages/airflow/example_dags/example_branch_day_of_week_operator.py took 0.124 seconds
[2024-09-28T02:46:02.963+0000] {processor.py:186} INFO - Started process (PID=79) to work on /home/airflow/.local/lib/python3.12/site-packages/airflow/example_dags/example_branch_day_of_week_operator.py
[2024-09-28T02:46:02.965+0000] {processor.py:914} INFO - Processing file /home/airflow/.local/lib/python3.12/site-packages/airflow/example_dags/example_branch_day_of_week_operator.py for tasks to queue
[2024-09-28T02:46:02.968+0000] {logging_mixin.py:190} INFO - [2024-09-28T02:46:02.967+0000] {dagbag.py:588} INFO - Filling up the DagBag from /home/airflow/.local/lib/python3.12/site-packages/airflow/example_dags/example_branch_day_of_week_operator.py
[2024-09-28T02:46:02.986+0000] {processor.py:925} INFO - DAG(s) 'example_weekday_branch_operator' retrieved from /home/airflow/.local/lib/python3.12/site-packages/airflow/example_dags/example_branch_day_of_week_operator.py
[2024-09-28T02:46:03.033+0000] {logging_mixin.py:190} INFO - [2024-09-28T02:46:03.033+0000] {dag.py:3239} INFO - Sync 1 DAGs
[2024-09-28T02:46:03.074+0000] {logging_mixin.py:190} INFO - [2024-09-28T02:46:03.074+0000] {dag.py:4180} INFO - Setting next_dagrun for example_weekday_branch_operator to 2024-09-27 00:00:00+00:00, run_after=2024-09-28 00:00:00+00:00
[2024-09-28T02:46:03.112+0000] {processor.py:208} INFO - Processing /home/airflow/.local/lib/python3.12/site-packages/airflow/example_dags/example_branch_day_of_week_operator.py took 0.157 seconds
[2024-09-28T02:46:33.391+0000] {processor.py:186} INFO - Started process (PID=142) to work on /home/airflow/.local/lib/python3.12/site-packages/airflow/example_dags/example_branch_day_of_week_operator.py
[2024-09-28T02:46:33.393+0000] {processor.py:914} INFO - Processing file /home/airflow/.local/lib/python3.12/site-packages/airflow/example_dags/example_branch_day_of_week_operator.py for tasks to queue
[2024-09-28T02:46:33.404+0000] {logging_mixin.py:190} INFO - [2024-09-28T02:46:33.403+0000] {dagbag.py:588} INFO - Filling up the DagBag from /home/airflow/.local/lib/python3.12/site-packages/airflow/example_dags/example_branch_day_of_week_operator.py
[2024-09-28T02:46:33.418+0000] {processor.py:925} INFO - DAG(s) 'example_weekday_branch_operator' retrieved from /home/airflow/.local/lib/python3.12/site-packages/airflow/example_dags/example_branch_day_of_week_operator.py
[2024-09-28T02:46:33.452+0000] {logging_mixin.py:190} INFO - [2024-09-28T02:46:33.451+0000] {dag.py:3239} INFO - Sync 1 DAGs
[2024-09-28T02:46:33.508+0000] {logging_mixin.py:190} INFO - [2024-09-28T02:46:33.507+0000] {dag.py:4180} INFO - Setting next_dagrun for example_weekday_branch_operator to 2024-09-27 00:00:00+00:00, run_after=2024-09-28 00:00:00+00:00
[2024-09-28T02:46:33.540+0000] {processor.py:208} INFO - Processing /home/airflow/.local/lib/python3.12/site-packages/airflow/example_dags/example_branch_day_of_week_operator.py took 0.155 seconds
[2024-09-28T02:47:04.031+0000] {processor.py:186} INFO - Started process (PID=205) to work on /home/airflow/.local/lib/python3.12/site-packages/airflow/example_dags/example_branch_day_of_week_operator.py
[2024-09-28T02:47:04.033+0000] {processor.py:914} INFO - Processing file /home/airflow/.local/lib/python3.12/site-packages/airflow/example_dags/example_branch_day_of_week_operator.py for tasks to queue
[2024-09-28T02:47:04.036+0000] {logging_mixin.py:190} INFO - [2024-09-28T02:47:04.035+0000] {dagbag.py:588} INFO - Filling up the DagBag from /home/airflow/.local/lib/python3.12/site-packages/airflow/example_dags/example_branch_day_of_week_operator.py
[2024-09-28T02:47:04.050+0000] {processor.py:925} INFO - DAG(s) 'example_weekday_branch_operator' retrieved from /home/airflow/.local/lib/python3.12/site-packages/airflow/example_dags/example_branch_day_of_week_operator.py
[2024-09-28T02:47:04.079+0000] {logging_mixin.py:190} INFO - [2024-09-28T02:47:04.078+0000] {dag.py:3239} INFO - Sync 1 DAGs
[2024-09-28T02:47:04.109+0000] {logging_mixin.py:190} INFO - [2024-09-28T02:47:04.109+0000] {dag.py:4180} INFO - Setting next_dagrun for example_weekday_branch_operator to 2024-09-27 00:00:00+00:00, run_after=2024-09-28 00:00:00+00:00
[2024-09-28T02:47:04.138+0000] {processor.py:208} INFO - Processing /home/airflow/.local/lib/python3.12/site-packages/airflow/example_dags/example_branch_day_of_week_operator.py took 0.113 seconds
[2024-09-28T02:47:34.377+0000] {processor.py:186} INFO - Started process (PID=269) to work on /home/airflow/.local/lib/python3.12/site-packages/airflow/example_dags/example_branch_day_of_week_operator.py
[2024-09-28T02:47:34.378+0000] {processor.py:914} INFO - Processing file /home/airflow/.local/lib/python3.12/site-packages/airflow/example_dags/example_branch_day_of_week_operator.py for tasks to queue
[2024-09-28T02:47:34.382+0000] {logging_mixin.py:190} INFO - [2024-09-28T02:47:34.381+0000] {dagbag.py:588} INFO - Filling up the DagBag from /home/airflow/.local/lib/python3.12/site-packages/airflow/example_dags/example_branch_day_of_week_operator.py
[2024-09-28T02:47:34.393+0000] {processor.py:925} INFO - DAG(s) 'example_weekday_branch_operator' retrieved from /home/airflow/.local/lib/python3.12/site-packages/airflow/example_dags/example_branch_day_of_week_operator.py
[2024-09-28T02:47:34.427+0000] {logging_mixin.py:190} INFO - [2024-09-28T02:47:34.426+0000] {dag.py:3239} INFO - Sync 1 DAGs
[2024-09-28T02:47:34.454+0000] {logging_mixin.py:190} INFO - [2024-09-28T02:47:34.453+0000] {dag.py:4180} INFO - Setting next_dagrun for example_weekday_branch_operator to 2024-09-27 00:00:00+00:00, run_after=2024-09-28 00:00:00+00:00
[2024-09-28T02:47:34.483+0000] {processor.py:208} INFO - Processing /home/airflow/.local/lib/python3.12/site-packages/airflow/example_dags/example_branch_day_of_week_operator.py took 0.111 seconds
[2024-09-28T02:48:04.545+0000] {processor.py:186} INFO - Started process (PID=331) to work on /home/airflow/.local/lib/python3.12/site-packages/airflow/example_dags/example_branch_day_of_week_operator.py
[2024-09-28T02:48:04.547+0000] {processor.py:914} INFO - Processing file /home/airflow/.local/lib/python3.12/site-packages/airflow/example_dags/example_branch_day_of_week_operator.py for tasks to queue
[2024-09-28T02:48:04.549+0000] {logging_mixin.py:190} INFO - [2024-09-28T02:48:04.549+0000] {dagbag.py:588} INFO - Filling up the DagBag from /home/airflow/.local/lib/python3.12/site-packages/airflow/example_dags/example_branch_day_of_week_operator.py
[2024-09-28T02:48:04.557+0000] {processor.py:925} INFO - DAG(s) 'example_weekday_branch_operator' retrieved from /home/airflow/.local/lib/python3.12/site-packages/airflow/example_dags/example_branch_day_of_week_operator.py
[2024-09-28T02:48:04.578+0000] {logging_mixin.py:190} INFO - [2024-09-28T02:48:04.577+0000] {dag.py:3239} INFO - Sync 1 DAGs
[2024-09-28T02:48:04.604+0000] {logging_mixin.py:190} INFO - [2024-09-28T02:48:04.603+0000] {dag.py:4180} INFO - Setting next_dagrun for example_weekday_branch_operator to 2024-09-27 00:00:00+00:00, run_after=2024-09-28 00:00:00+00:00
[2024-09-28T02:48:04.626+0000] {processor.py:208} INFO - Processing /home/airflow/.local/lib/python3.12/site-packages/airflow/example_dags/example_branch_day_of_week_operator.py took 0.085 seconds
[2024-09-28T02:48:35.362+0000] {processor.py:186} INFO - Started process (PID=395) to work on /home/airflow/.local/lib/python3.12/site-packages/airflow/example_dags/example_branch_day_of_week_operator.py
[2024-09-28T02:48:35.363+0000] {processor.py:914} INFO - Processing file /home/airflow/.local/lib/python3.12/site-packages/airflow/example_dags/example_branch_day_of_week_operator.py for tasks to queue
[2024-09-28T02:48:35.366+0000] {logging_mixin.py:190} INFO - [2024-09-28T02:48:35.365+0000] {dagbag.py:588} INFO - Filling up the DagBag from /home/airflow/.local/lib/python3.12/site-packages/airflow/example_dags/example_branch_day_of_week_operator.py
[2024-09-28T02:48:35.374+0000] {processor.py:925} INFO - DAG(s) 'example_weekday_branch_operator' retrieved from /home/airflow/.local/lib/python3.12/site-packages/airflow/example_dags/example_branch_day_of_week_operator.py
[2024-09-28T02:48:35.394+0000] {logging_mixin.py:190} INFO - [2024-09-28T02:48:35.394+0000] {dag.py:3239} INFO - Sync 1 DAGs
[2024-09-28T02:48:35.419+0000] {logging_mixin.py:190} INFO - [2024-09-28T02:48:35.419+0000] {dag.py:4180} INFO - Setting next_dagrun for example_weekday_branch_operator to 2024-09-27 00:00:00+00:00, run_after=2024-09-28 00:00:00+00:00
[2024-09-28T02:48:35.440+0000] {processor.py:208} INFO - Processing /home/airflow/.local/lib/python3.12/site-packages/airflow/example_dags/example_branch_day_of_week_operator.py took 0.083 seconds
[2024-09-28T02:49:05.478+0000] {processor.py:186} INFO - Started process (PID=457) to work on /home/airflow/.local/lib/python3.12/site-packages/airflow/example_dags/example_branch_day_of_week_operator.py
[2024-09-28T02:49:05.479+0000] {processor.py:914} INFO - Processing file /home/airflow/.local/lib/python3.12/site-packages/airflow/example_dags/example_branch_day_of_week_operator.py for tasks to queue
[2024-09-28T02:49:05.481+0000] {logging_mixin.py:190} INFO - [2024-09-28T02:49:05.481+0000] {dagbag.py:588} INFO - Filling up the DagBag from /home/airflow/.local/lib/python3.12/site-packages/airflow/example_dags/example_branch_day_of_week_operator.py
[2024-09-28T02:49:05.490+0000] {processor.py:925} INFO - DAG(s) 'example_weekday_branch_operator' retrieved from /home/airflow/.local/lib/python3.12/site-packages/airflow/example_dags/example_branch_day_of_week_operator.py
[2024-09-28T02:49:05.515+0000] {logging_mixin.py:190} INFO - [2024-09-28T02:49:05.515+0000] {dag.py:3239} INFO - Sync 1 DAGs
[2024-09-28T02:49:05.545+0000] {logging_mixin.py:190} INFO - [2024-09-28T02:49:05.545+0000] {dag.py:4180} INFO - Setting next_dagrun for example_weekday_branch_operator to 2024-09-27 00:00:00+00:00, run_after=2024-09-28 00:00:00+00:00
[2024-09-28T02:49:05.584+0000] {processor.py:208} INFO - Processing /home/airflow/.local/lib/python3.12/site-packages/airflow/example_dags/example_branch_day_of_week_operator.py took 0.110 seconds
[2024-09-28T02:49:36.329+0000] {processor.py:186} INFO - Started process (PID=520) to work on /home/airflow/.local/lib/python3.12/site-packages/airflow/example_dags/example_branch_day_of_week_operator.py
[2024-09-28T02:49:36.330+0000] {processor.py:914} INFO - Processing file /home/airflow/.local/lib/python3.12/site-packages/airflow/example_dags/example_branch_day_of_week_operator.py for tasks to queue
[2024-09-28T02:49:36.332+0000] {logging_mixin.py:190} INFO - [2024-09-28T02:49:36.332+0000] {dagbag.py:588} INFO - Filling up the DagBag from /home/airflow/.local/lib/python3.12/site-packages/airflow/example_dags/example_branch_day_of_week_operator.py
[2024-09-28T02:49:36.341+0000] {processor.py:925} INFO - DAG(s) 'example_weekday_branch_operator' retrieved from /home/airflow/.local/lib/python3.12/site-packages/airflow/example_dags/example_branch_day_of_week_operator.py
[2024-09-28T02:49:36.360+0000] {logging_mixin.py:190} INFO - [2024-09-28T02:49:36.360+0000] {dag.py:3239} INFO - Sync 1 DAGs
[2024-09-28T02:49:36.386+0000] {logging_mixin.py:190} INFO - [2024-09-28T02:49:36.386+0000] {dag.py:4180} INFO - Setting next_dagrun for example_weekday_branch_operator to 2024-09-27 00:00:00+00:00, run_after=2024-09-28 00:00:00+00:00
[2024-09-28T02:49:36.408+0000] {processor.py:208} INFO - Processing /home/airflow/.local/lib/python3.12/site-packages/airflow/example_dags/example_branch_day_of_week_operator.py took 0.084 seconds
[2024-09-28T02:50:07.139+0000] {processor.py:186} INFO - Started process (PID=584) to work on /home/airflow/.local/lib/python3.12/site-packages/airflow/example_dags/example_branch_day_of_week_operator.py
[2024-09-28T02:50:07.140+0000] {processor.py:914} INFO - Processing file /home/airflow/.local/lib/python3.12/site-packages/airflow/example_dags/example_branch_day_of_week_operator.py for tasks to queue
[2024-09-28T02:50:07.143+0000] {logging_mixin.py:190} INFO - [2024-09-28T02:50:07.142+0000] {dagbag.py:588} INFO - Filling up the DagBag from /home/airflow/.local/lib/python3.12/site-packages/airflow/example_dags/example_branch_day_of_week_operator.py
[2024-09-28T02:50:07.151+0000] {processor.py:925} INFO - DAG(s) 'example_weekday_branch_operator' retrieved from /home/airflow/.local/lib/python3.12/site-packages/airflow/example_dags/example_branch_day_of_week_operator.py
[2024-09-28T02:50:07.171+0000] {logging_mixin.py:190} INFO - [2024-09-28T02:50:07.171+0000] {dag.py:3239} INFO - Sync 1 DAGs
[2024-09-28T02:50:07.194+0000] {logging_mixin.py:190} INFO - [2024-09-28T02:50:07.194+0000] {dag.py:4180} INFO - Setting next_dagrun for example_weekday_branch_operator to 2024-09-27 00:00:00+00:00, run_after=2024-09-28 00:00:00+00:00
[2024-09-28T02:50:07.216+0000] {processor.py:208} INFO - Processing /home/airflow/.local/lib/python3.12/site-packages/airflow/example_dags/example_branch_day_of_week_operator.py took 0.081 seconds
[2024-09-28T02:50:37.742+0000] {processor.py:186} INFO - Started process (PID=647) to work on /home/airflow/.local/lib/python3.12/site-packages/airflow/example_dags/example_branch_day_of_week_operator.py
[2024-09-28T02:50:37.743+0000] {processor.py:914} INFO - Processing file /home/airflow/.local/lib/python3.12/site-packages/airflow/example_dags/example_branch_day_of_week_operator.py for tasks to queue
[2024-09-28T02:50:37.745+0000] {logging_mixin.py:190} INFO - [2024-09-28T02:50:37.745+0000] {dagbag.py:588} INFO - Filling up the DagBag from /home/airflow/.local/lib/python3.12/site-packages/airflow/example_dags/example_branch_day_of_week_operator.py
[2024-09-28T02:50:37.757+0000] {processor.py:925} INFO - DAG(s) 'example_weekday_branch_operator' retrieved from /home/airflow/.local/lib/python3.12/site-packages/airflow/example_dags/example_branch_day_of_week_operator.py
[2024-09-28T02:50:37.783+0000] {logging_mixin.py:190} INFO - [2024-09-28T02:50:37.783+0000] {dag.py:3239} INFO - Sync 1 DAGs
[2024-09-28T02:50:37.815+0000] {logging_mixin.py:190} INFO - [2024-09-28T02:50:37.815+0000] {dag.py:4180} INFO - Setting next_dagrun for example_weekday_branch_operator to 2024-09-27 00:00:00+00:00, run_after=2024-09-28 00:00:00+00:00
[2024-09-28T02:50:37.848+0000] {processor.py:208} INFO - Processing /home/airflow/.local/lib/python3.12/site-packages/airflow/example_dags/example_branch_day_of_week_operator.py took 0.112 seconds
[2024-09-28T02:51:08.414+0000] {processor.py:186} INFO - Started process (PID=710) to work on /home/airflow/.local/lib/python3.12/site-packages/airflow/example_dags/example_branch_day_of_week_operator.py
[2024-09-28T02:51:08.415+0000] {processor.py:914} INFO - Processing file /home/airflow/.local/lib/python3.12/site-packages/airflow/example_dags/example_branch_day_of_week_operator.py for tasks to queue
[2024-09-28T02:51:08.417+0000] {logging_mixin.py:190} INFO - [2024-09-28T02:51:08.417+0000] {dagbag.py:588} INFO - Filling up the DagBag from /home/airflow/.local/lib/python3.12/site-packages/airflow/example_dags/example_branch_day_of_week_operator.py
[2024-09-28T02:51:08.426+0000] {processor.py:925} INFO - DAG(s) 'example_weekday_branch_operator' retrieved from /home/airflow/.local/lib/python3.12/site-packages/airflow/example_dags/example_branch_day_of_week_operator.py
[2024-09-28T02:51:08.447+0000] {logging_mixin.py:190} INFO - [2024-09-28T02:51:08.447+0000] {dag.py:3239} INFO - Sync 1 DAGs
[2024-09-28T02:51:08.474+0000] {logging_mixin.py:190} INFO - [2024-09-28T02:51:08.474+0000] {dag.py:4180} INFO - Setting next_dagrun for example_weekday_branch_operator to 2024-09-27 00:00:00+00:00, run_after=2024-09-28 00:00:00+00:00
[2024-09-28T02:51:08.497+0000] {processor.py:208} INFO - Processing /home/airflow/.local/lib/python3.12/site-packages/airflow/example_dags/example_branch_day_of_week_operator.py took 0.088 seconds
[2024-09-28T02:51:38.872+0000] {processor.py:186} INFO - Started process (PID=773) to work on /home/airflow/.local/lib/python3.12/site-packages/airflow/example_dags/example_branch_day_of_week_operator.py
[2024-09-28T02:51:38.874+0000] {processor.py:914} INFO - Processing file /home/airflow/.local/lib/python3.12/site-packages/airflow/example_dags/example_branch_day_of_week_operator.py for tasks to queue
[2024-09-28T02:51:38.876+0000] {logging_mixin.py:190} INFO - [2024-09-28T02:51:38.876+0000] {dagbag.py:588} INFO - Filling up the DagBag from /home/airflow/.local/lib/python3.12/site-packages/airflow/example_dags/example_branch_day_of_week_operator.py
[2024-09-28T02:51:38.887+0000] {processor.py:925} INFO - DAG(s) 'example_weekday_branch_operator' retrieved from /home/airflow/.local/lib/python3.12/site-packages/airflow/example_dags/example_branch_day_of_week_operator.py
[2024-09-28T02:51:38.906+0000] {logging_mixin.py:190} INFO - [2024-09-28T02:51:38.906+0000] {dag.py:3239} INFO - Sync 1 DAGs
[2024-09-28T02:51:38.931+0000] {logging_mixin.py:190} INFO - [2024-09-28T02:51:38.930+0000] {dag.py:4180} INFO - Setting next_dagrun for example_weekday_branch_operator to 2024-09-27 00:00:00+00:00, run_after=2024-09-28 00:00:00+00:00
[2024-09-28T02:51:38.956+0000] {processor.py:208} INFO - Processing /home/airflow/.local/lib/python3.12/site-packages/airflow/example_dags/example_branch_day_of_week_operator.py took 0.088 seconds
[2024-09-28T03:30:33.023+0000] {processor.py:186} INFO - Started process (PID=845) to work on /home/airflow/.local/lib/python3.12/site-packages/airflow/example_dags/example_branch_day_of_week_operator.py
[2024-09-28T03:30:33.025+0000] {processor.py:914} INFO - Processing file /home/airflow/.local/lib/python3.12/site-packages/airflow/example_dags/example_branch_day_of_week_operator.py for tasks to queue
[2024-09-28T03:30:33.028+0000] {logging_mixin.py:190} INFO - [2024-09-28T03:30:33.027+0000] {dagbag.py:588} INFO - Filling up the DagBag from /home/airflow/.local/lib/python3.12/site-packages/airflow/example_dags/example_branch_day_of_week_operator.py
[2024-09-28T03:30:33.038+0000] {processor.py:925} INFO - DAG(s) 'example_weekday_branch_operator' retrieved from /home/airflow/.local/lib/python3.12/site-packages/airflow/example_dags/example_branch_day_of_week_operator.py
[2024-09-28T03:30:33.064+0000] {logging_mixin.py:190} INFO - [2024-09-28T03:30:33.063+0000] {dag.py:3239} INFO - Sync 1 DAGs
[2024-09-28T03:30:33.099+0000] {logging_mixin.py:190} INFO - [2024-09-28T03:30:33.098+0000] {dag.py:4180} INFO - Setting next_dagrun for example_weekday_branch_operator to 2024-09-27 00:00:00+00:00, run_after=2024-09-28 00:00:00+00:00
[2024-09-28T03:30:33.133+0000] {processor.py:208} INFO - Processing /home/airflow/.local/lib/python3.12/site-packages/airflow/example_dags/example_branch_day_of_week_operator.py took 0.116 seconds
[2024-09-28T03:34:13.059+0000] {processor.py:186} INFO - Started process (PID=902) to work on /home/airflow/.local/lib/python3.12/site-packages/airflow/example_dags/example_branch_day_of_week_operator.py
[2024-09-28T03:34:13.060+0000] {processor.py:914} INFO - Processing file /home/airflow/.local/lib/python3.12/site-packages/airflow/example_dags/example_branch_day_of_week_operator.py for tasks to queue
[2024-09-28T03:34:13.062+0000] {logging_mixin.py:190} INFO - [2024-09-28T03:34:13.062+0000] {dagbag.py:588} INFO - Filling up the DagBag from /home/airflow/.local/lib/python3.12/site-packages/airflow/example_dags/example_branch_day_of_week_operator.py
[2024-09-28T03:34:13.074+0000] {processor.py:925} INFO - DAG(s) 'example_weekday_branch_operator' retrieved from /home/airflow/.local/lib/python3.12/site-packages/airflow/example_dags/example_branch_day_of_week_operator.py
[2024-09-28T03:34:13.103+0000] {logging_mixin.py:190} INFO - [2024-09-28T03:34:13.102+0000] {dag.py:3239} INFO - Sync 1 DAGs
[2024-09-28T03:34:13.146+0000] {logging_mixin.py:190} INFO - [2024-09-28T03:34:13.146+0000] {dag.py:4180} INFO - Setting next_dagrun for example_weekday_branch_operator to 2024-09-27 00:00:00+00:00, run_after=2024-09-28 00:00:00+00:00
[2024-09-28T03:34:13.180+0000] {processor.py:208} INFO - Processing /home/airflow/.local/lib/python3.12/site-packages/airflow/example_dags/example_branch_day_of_week_operator.py took 0.126 seconds
[2024-09-28T03:34:43.971+0000] {processor.py:186} INFO - Started process (PID=965) to work on /home/airflow/.local/lib/python3.12/site-packages/airflow/example_dags/example_branch_day_of_week_operator.py
[2024-09-28T03:34:43.972+0000] {processor.py:914} INFO - Processing file /home/airflow/.local/lib/python3.12/site-packages/airflow/example_dags/example_branch_day_of_week_operator.py for tasks to queue
[2024-09-28T03:34:43.973+0000] {logging_mixin.py:190} INFO - [2024-09-28T03:34:43.973+0000] {dagbag.py:588} INFO - Filling up the DagBag from /home/airflow/.local/lib/python3.12/site-packages/airflow/example_dags/example_branch_day_of_week_operator.py
[2024-09-28T03:34:43.983+0000] {processor.py:925} INFO - DAG(s) 'example_weekday_branch_operator' retrieved from /home/airflow/.local/lib/python3.12/site-packages/airflow/example_dags/example_branch_day_of_week_operator.py
[2024-09-28T03:34:44.002+0000] {logging_mixin.py:190} INFO - [2024-09-28T03:34:44.001+0000] {dag.py:3239} INFO - Sync 1 DAGs
[2024-09-28T03:34:44.027+0000] {logging_mixin.py:190} INFO - [2024-09-28T03:34:44.026+0000] {dag.py:4180} INFO - Setting next_dagrun for example_weekday_branch_operator to 2024-09-27 00:00:00+00:00, run_after=2024-09-28 00:00:00+00:00
[2024-09-28T03:34:44.050+0000] {processor.py:208} INFO - Processing /home/airflow/.local/lib/python3.12/site-packages/airflow/example_dags/example_branch_day_of_week_operator.py took 0.084 seconds
[2024-09-28T03:40:08.803+0000] {processor.py:186} INFO - Started process (PID=94) to work on /home/airflow/.local/lib/python3.12/site-packages/airflow/example_dags/example_branch_day_of_week_operator.py
[2024-09-28T03:40:08.805+0000] {processor.py:914} INFO - Processing file /home/airflow/.local/lib/python3.12/site-packages/airflow/example_dags/example_branch_day_of_week_operator.py for tasks to queue
[2024-09-28T03:40:08.819+0000] {logging_mixin.py:190} INFO - [2024-09-28T03:40:08.817+0000] {dagbag.py:588} INFO - Filling up the DagBag from /home/airflow/.local/lib/python3.12/site-packages/airflow/example_dags/example_branch_day_of_week_operator.py
[2024-09-28T03:40:08.857+0000] {processor.py:925} INFO - DAG(s) 'example_weekday_branch_operator' retrieved from /home/airflow/.local/lib/python3.12/site-packages/airflow/example_dags/example_branch_day_of_week_operator.py
[2024-09-28T03:40:09.278+0000] {logging_mixin.py:190} INFO - [2024-09-28T03:40:09.278+0000] {dag.py:3239} INFO - Sync 1 DAGs
[2024-09-28T03:40:09.329+0000] {logging_mixin.py:190} INFO - [2024-09-28T03:40:09.329+0000] {dag.py:4180} INFO - Setting next_dagrun for example_weekday_branch_operator to 2024-09-27 00:00:00+00:00, run_after=2024-09-28 00:00:00+00:00
[2024-09-28T03:40:09.367+0000] {processor.py:208} INFO - Processing /home/airflow/.local/lib/python3.12/site-packages/airflow/example_dags/example_branch_day_of_week_operator.py took 0.598 seconds
[2024-09-28T03:40:39.844+0000] {processor.py:186} INFO - Started process (PID=168) to work on /home/airflow/.local/lib/python3.12/site-packages/airflow/example_dags/example_branch_day_of_week_operator.py
[2024-09-28T03:40:39.845+0000] {processor.py:914} INFO - Processing file /home/airflow/.local/lib/python3.12/site-packages/airflow/example_dags/example_branch_day_of_week_operator.py for tasks to queue
[2024-09-28T03:40:39.848+0000] {logging_mixin.py:190} INFO - [2024-09-28T03:40:39.848+0000] {dagbag.py:588} INFO - Filling up the DagBag from /home/airflow/.local/lib/python3.12/site-packages/airflow/example_dags/example_branch_day_of_week_operator.py
[2024-09-28T03:40:39.856+0000] {processor.py:925} INFO - DAG(s) 'example_weekday_branch_operator' retrieved from /home/airflow/.local/lib/python3.12/site-packages/airflow/example_dags/example_branch_day_of_week_operator.py
[2024-09-28T03:40:39.877+0000] {logging_mixin.py:190} INFO - [2024-09-28T03:40:39.877+0000] {dag.py:3239} INFO - Sync 1 DAGs
[2024-09-28T03:40:39.901+0000] {logging_mixin.py:190} INFO - [2024-09-28T03:40:39.900+0000] {dag.py:4180} INFO - Setting next_dagrun for example_weekday_branch_operator to 2024-09-27 00:00:00+00:00, run_after=2024-09-28 00:00:00+00:00
[2024-09-28T03:40:39.922+0000] {processor.py:208} INFO - Processing /home/airflow/.local/lib/python3.12/site-packages/airflow/example_dags/example_branch_day_of_week_operator.py took 0.082 seconds
[2024-09-28T03:41:10.785+0000] {processor.py:186} INFO - Started process (PID=242) to work on /home/airflow/.local/lib/python3.12/site-packages/airflow/example_dags/example_branch_day_of_week_operator.py
[2024-09-28T03:41:10.786+0000] {processor.py:914} INFO - Processing file /home/airflow/.local/lib/python3.12/site-packages/airflow/example_dags/example_branch_day_of_week_operator.py for tasks to queue
[2024-09-28T03:41:10.789+0000] {logging_mixin.py:190} INFO - [2024-09-28T03:41:10.789+0000] {dagbag.py:588} INFO - Filling up the DagBag from /home/airflow/.local/lib/python3.12/site-packages/airflow/example_dags/example_branch_day_of_week_operator.py
[2024-09-28T03:41:10.808+0000] {processor.py:925} INFO - DAG(s) 'example_weekday_branch_operator' retrieved from /home/airflow/.local/lib/python3.12/site-packages/airflow/example_dags/example_branch_day_of_week_operator.py
[2024-09-28T03:41:10.841+0000] {logging_mixin.py:190} INFO - [2024-09-28T03:41:10.840+0000] {dag.py:3239} INFO - Sync 1 DAGs
[2024-09-28T03:41:10.892+0000] {logging_mixin.py:190} INFO - [2024-09-28T03:41:10.892+0000] {dag.py:4180} INFO - Setting next_dagrun for example_weekday_branch_operator to 2024-09-27 00:00:00+00:00, run_after=2024-09-28 00:00:00+00:00
[2024-09-28T03:41:10.981+0000] {processor.py:208} INFO - Processing /home/airflow/.local/lib/python3.12/site-packages/airflow/example_dags/example_branch_day_of_week_operator.py took 0.201 seconds
[2024-09-28T03:41:41.069+0000] {processor.py:186} INFO - Started process (PID=315) to work on /home/airflow/.local/lib/python3.12/site-packages/airflow/example_dags/example_branch_day_of_week_operator.py
[2024-09-28T03:41:41.070+0000] {processor.py:914} INFO - Processing file /home/airflow/.local/lib/python3.12/site-packages/airflow/example_dags/example_branch_day_of_week_operator.py for tasks to queue
[2024-09-28T03:41:41.073+0000] {logging_mixin.py:190} INFO - [2024-09-28T03:41:41.072+0000] {dagbag.py:588} INFO - Filling up the DagBag from /home/airflow/.local/lib/python3.12/site-packages/airflow/example_dags/example_branch_day_of_week_operator.py
[2024-09-28T03:41:41.080+0000] {processor.py:925} INFO - DAG(s) 'example_weekday_branch_operator' retrieved from /home/airflow/.local/lib/python3.12/site-packages/airflow/example_dags/example_branch_day_of_week_operator.py
[2024-09-28T03:41:41.099+0000] {logging_mixin.py:190} INFO - [2024-09-28T03:41:41.099+0000] {dag.py:3239} INFO - Sync 1 DAGs
[2024-09-28T03:41:41.121+0000] {logging_mixin.py:190} INFO - [2024-09-28T03:41:41.121+0000] {dag.py:4180} INFO - Setting next_dagrun for example_weekday_branch_operator to 2024-09-27 00:00:00+00:00, run_after=2024-09-28 00:00:00+00:00
[2024-09-28T03:41:41.143+0000] {processor.py:208} INFO - Processing /home/airflow/.local/lib/python3.12/site-packages/airflow/example_dags/example_branch_day_of_week_operator.py took 0.079 seconds
[2024-09-28T03:42:11.354+0000] {processor.py:186} INFO - Started process (PID=389) to work on /home/airflow/.local/lib/python3.12/site-packages/airflow/example_dags/example_branch_day_of_week_operator.py
[2024-09-28T03:42:11.355+0000] {processor.py:914} INFO - Processing file /home/airflow/.local/lib/python3.12/site-packages/airflow/example_dags/example_branch_day_of_week_operator.py for tasks to queue
[2024-09-28T03:42:11.358+0000] {logging_mixin.py:190} INFO - [2024-09-28T03:42:11.358+0000] {dagbag.py:588} INFO - Filling up the DagBag from /home/airflow/.local/lib/python3.12/site-packages/airflow/example_dags/example_branch_day_of_week_operator.py
[2024-09-28T03:42:11.369+0000] {processor.py:925} INFO - DAG(s) 'example_weekday_branch_operator' retrieved from /home/airflow/.local/lib/python3.12/site-packages/airflow/example_dags/example_branch_day_of_week_operator.py
[2024-09-28T03:42:11.392+0000] {logging_mixin.py:190} INFO - [2024-09-28T03:42:11.392+0000] {dag.py:3239} INFO - Sync 1 DAGs
[2024-09-28T03:42:11.417+0000] {logging_mixin.py:190} INFO - [2024-09-28T03:42:11.417+0000] {dag.py:4180} INFO - Setting next_dagrun for example_weekday_branch_operator to 2024-09-27 00:00:00+00:00, run_after=2024-09-28 00:00:00+00:00
[2024-09-28T03:42:11.454+0000] {processor.py:208} INFO - Processing /home/airflow/.local/lib/python3.12/site-packages/airflow/example_dags/example_branch_day_of_week_operator.py took 0.105 seconds
[2024-09-28T03:42:41.670+0000] {processor.py:186} INFO - Started process (PID=464) to work on /home/airflow/.local/lib/python3.12/site-packages/airflow/example_dags/example_branch_day_of_week_operator.py
[2024-09-28T03:42:41.672+0000] {processor.py:914} INFO - Processing file /home/airflow/.local/lib/python3.12/site-packages/airflow/example_dags/example_branch_day_of_week_operator.py for tasks to queue
[2024-09-28T03:42:41.678+0000] {logging_mixin.py:190} INFO - [2024-09-28T03:42:41.677+0000] {dagbag.py:588} INFO - Filling up the DagBag from /home/airflow/.local/lib/python3.12/site-packages/airflow/example_dags/example_branch_day_of_week_operator.py
[2024-09-28T03:42:41.702+0000] {processor.py:925} INFO - DAG(s) 'example_weekday_branch_operator' retrieved from /home/airflow/.local/lib/python3.12/site-packages/airflow/example_dags/example_branch_day_of_week_operator.py
[2024-09-28T03:42:41.738+0000] {logging_mixin.py:190} INFO - [2024-09-28T03:42:41.738+0000] {dag.py:3239} INFO - Sync 1 DAGs
[2024-09-28T03:42:41.767+0000] {logging_mixin.py:190} INFO - [2024-09-28T03:42:41.766+0000] {dag.py:4180} INFO - Setting next_dagrun for example_weekday_branch_operator to 2024-09-27 00:00:00+00:00, run_after=2024-09-28 00:00:00+00:00
[2024-09-28T03:42:41.793+0000] {processor.py:208} INFO - Processing /home/airflow/.local/lib/python3.12/site-packages/airflow/example_dags/example_branch_day_of_week_operator.py took 0.138 seconds
[2024-09-28T03:43:12.340+0000] {processor.py:186} INFO - Started process (PID=538) to work on /home/airflow/.local/lib/python3.12/site-packages/airflow/example_dags/example_branch_day_of_week_operator.py
[2024-09-28T03:43:12.341+0000] {processor.py:914} INFO - Processing file /home/airflow/.local/lib/python3.12/site-packages/airflow/example_dags/example_branch_day_of_week_operator.py for tasks to queue
[2024-09-28T03:43:12.344+0000] {logging_mixin.py:190} INFO - [2024-09-28T03:43:12.343+0000] {dagbag.py:588} INFO - Filling up the DagBag from /home/airflow/.local/lib/python3.12/site-packages/airflow/example_dags/example_branch_day_of_week_operator.py
[2024-09-28T03:43:12.352+0000] {processor.py:925} INFO - DAG(s) 'example_weekday_branch_operator' retrieved from /home/airflow/.local/lib/python3.12/site-packages/airflow/example_dags/example_branch_day_of_week_operator.py
[2024-09-28T03:43:12.372+0000] {logging_mixin.py:190} INFO - [2024-09-28T03:43:12.371+0000] {dag.py:3239} INFO - Sync 1 DAGs
[2024-09-28T03:43:12.395+0000] {logging_mixin.py:190} INFO - [2024-09-28T03:43:12.394+0000] {dag.py:4180} INFO - Setting next_dagrun for example_weekday_branch_operator to 2024-09-27 00:00:00+00:00, run_after=2024-09-28 00:00:00+00:00
[2024-09-28T03:43:12.419+0000] {processor.py:208} INFO - Processing /home/airflow/.local/lib/python3.12/site-packages/airflow/example_dags/example_branch_day_of_week_operator.py took 0.083 seconds
[2024-09-28T03:43:42.801+0000] {processor.py:186} INFO - Started process (PID=612) to work on /home/airflow/.local/lib/python3.12/site-packages/airflow/example_dags/example_branch_day_of_week_operator.py
[2024-09-28T03:43:42.803+0000] {processor.py:914} INFO - Processing file /home/airflow/.local/lib/python3.12/site-packages/airflow/example_dags/example_branch_day_of_week_operator.py for tasks to queue
[2024-09-28T03:43:42.805+0000] {logging_mixin.py:190} INFO - [2024-09-28T03:43:42.805+0000] {dagbag.py:588} INFO - Filling up the DagBag from /home/airflow/.local/lib/python3.12/site-packages/airflow/example_dags/example_branch_day_of_week_operator.py
[2024-09-28T03:43:42.813+0000] {processor.py:925} INFO - DAG(s) 'example_weekday_branch_operator' retrieved from /home/airflow/.local/lib/python3.12/site-packages/airflow/example_dags/example_branch_day_of_week_operator.py
[2024-09-28T03:43:42.834+0000] {logging_mixin.py:190} INFO - [2024-09-28T03:43:42.833+0000] {dag.py:3239} INFO - Sync 1 DAGs
[2024-09-28T03:43:42.857+0000] {logging_mixin.py:190} INFO - [2024-09-28T03:43:42.857+0000] {dag.py:4180} INFO - Setting next_dagrun for example_weekday_branch_operator to 2024-09-27 00:00:00+00:00, run_after=2024-09-28 00:00:00+00:00
[2024-09-28T03:43:42.882+0000] {processor.py:208} INFO - Processing /home/airflow/.local/lib/python3.12/site-packages/airflow/example_dags/example_branch_day_of_week_operator.py took 0.085 seconds
[2024-09-28T03:44:13.374+0000] {processor.py:186} INFO - Started process (PID=686) to work on /home/airflow/.local/lib/python3.12/site-packages/airflow/example_dags/example_branch_day_of_week_operator.py
[2024-09-28T03:44:13.376+0000] {processor.py:914} INFO - Processing file /home/airflow/.local/lib/python3.12/site-packages/airflow/example_dags/example_branch_day_of_week_operator.py for tasks to queue
[2024-09-28T03:44:13.381+0000] {logging_mixin.py:190} INFO - [2024-09-28T03:44:13.381+0000] {dagbag.py:588} INFO - Filling up the DagBag from /home/airflow/.local/lib/python3.12/site-packages/airflow/example_dags/example_branch_day_of_week_operator.py
[2024-09-28T03:44:13.393+0000] {processor.py:925} INFO - DAG(s) 'example_weekday_branch_operator' retrieved from /home/airflow/.local/lib/python3.12/site-packages/airflow/example_dags/example_branch_day_of_week_operator.py
[2024-09-28T03:44:13.419+0000] {logging_mixin.py:190} INFO - [2024-09-28T03:44:13.419+0000] {dag.py:3239} INFO - Sync 1 DAGs
[2024-09-28T03:44:13.446+0000] {logging_mixin.py:190} INFO - [2024-09-28T03:44:13.446+0000] {dag.py:4180} INFO - Setting next_dagrun for example_weekday_branch_operator to 2024-09-27 00:00:00+00:00, run_after=2024-09-28 00:00:00+00:00
[2024-09-28T03:44:13.475+0000] {processor.py:208} INFO - Processing /home/airflow/.local/lib/python3.12/site-packages/airflow/example_dags/example_branch_day_of_week_operator.py took 0.106 seconds
[2024-09-28T03:44:43.621+0000] {processor.py:186} INFO - Started process (PID=759) to work on /home/airflow/.local/lib/python3.12/site-packages/airflow/example_dags/example_branch_day_of_week_operator.py
[2024-09-28T03:44:43.622+0000] {processor.py:914} INFO - Processing file /home/airflow/.local/lib/python3.12/site-packages/airflow/example_dags/example_branch_day_of_week_operator.py for tasks to queue
[2024-09-28T03:44:43.624+0000] {logging_mixin.py:190} INFO - [2024-09-28T03:44:43.624+0000] {dagbag.py:588} INFO - Filling up the DagBag from /home/airflow/.local/lib/python3.12/site-packages/airflow/example_dags/example_branch_day_of_week_operator.py
[2024-09-28T03:44:43.632+0000] {processor.py:925} INFO - DAG(s) 'example_weekday_branch_operator' retrieved from /home/airflow/.local/lib/python3.12/site-packages/airflow/example_dags/example_branch_day_of_week_operator.py
[2024-09-28T03:44:43.652+0000] {logging_mixin.py:190} INFO - [2024-09-28T03:44:43.652+0000] {dag.py:3239} INFO - Sync 1 DAGs
[2024-09-28T03:44:43.685+0000] {logging_mixin.py:190} INFO - [2024-09-28T03:44:43.685+0000] {dag.py:4180} INFO - Setting next_dagrun for example_weekday_branch_operator to 2024-09-27 00:00:00+00:00, run_after=2024-09-28 00:00:00+00:00
[2024-09-28T03:44:43.708+0000] {processor.py:208} INFO - Processing /home/airflow/.local/lib/python3.12/site-packages/airflow/example_dags/example_branch_day_of_week_operator.py took 0.092 seconds
[2024-09-28T03:45:13.803+0000] {processor.py:186} INFO - Started process (PID=833) to work on /home/airflow/.local/lib/python3.12/site-packages/airflow/example_dags/example_branch_day_of_week_operator.py
[2024-09-28T03:45:13.804+0000] {processor.py:914} INFO - Processing file /home/airflow/.local/lib/python3.12/site-packages/airflow/example_dags/example_branch_day_of_week_operator.py for tasks to queue
[2024-09-28T03:45:13.806+0000] {logging_mixin.py:190} INFO - [2024-09-28T03:45:13.806+0000] {dagbag.py:588} INFO - Filling up the DagBag from /home/airflow/.local/lib/python3.12/site-packages/airflow/example_dags/example_branch_day_of_week_operator.py
[2024-09-28T03:45:13.814+0000] {processor.py:925} INFO - DAG(s) 'example_weekday_branch_operator' retrieved from /home/airflow/.local/lib/python3.12/site-packages/airflow/example_dags/example_branch_day_of_week_operator.py
[2024-09-28T03:45:13.834+0000] {logging_mixin.py:190} INFO - [2024-09-28T03:45:13.834+0000] {dag.py:3239} INFO - Sync 1 DAGs
[2024-09-28T03:45:13.859+0000] {logging_mixin.py:190} INFO - [2024-09-28T03:45:13.859+0000] {dag.py:4180} INFO - Setting next_dagrun for example_weekday_branch_operator to 2024-09-27 00:00:00+00:00, run_after=2024-09-28 00:00:00+00:00
[2024-09-28T03:45:13.881+0000] {processor.py:208} INFO - Processing /home/airflow/.local/lib/python3.12/site-packages/airflow/example_dags/example_branch_day_of_week_operator.py took 0.082 seconds
[2024-09-28T03:45:44.177+0000] {processor.py:186} INFO - Started process (PID=909) to work on /home/airflow/.local/lib/python3.12/site-packages/airflow/example_dags/example_branch_day_of_week_operator.py
[2024-09-28T03:45:44.178+0000] {processor.py:914} INFO - Processing file /home/airflow/.local/lib/python3.12/site-packages/airflow/example_dags/example_branch_day_of_week_operator.py for tasks to queue
[2024-09-28T03:45:44.181+0000] {logging_mixin.py:190} INFO - [2024-09-28T03:45:44.180+0000] {dagbag.py:588} INFO - Filling up the DagBag from /home/airflow/.local/lib/python3.12/site-packages/airflow/example_dags/example_branch_day_of_week_operator.py
[2024-09-28T03:45:44.190+0000] {processor.py:925} INFO - DAG(s) 'example_weekday_branch_operator' retrieved from /home/airflow/.local/lib/python3.12/site-packages/airflow/example_dags/example_branch_day_of_week_operator.py
[2024-09-28T03:45:44.210+0000] {logging_mixin.py:190} INFO - [2024-09-28T03:45:44.209+0000] {dag.py:3239} INFO - Sync 1 DAGs
[2024-09-28T03:45:44.233+0000] {logging_mixin.py:190} INFO - [2024-09-28T03:45:44.232+0000] {dag.py:4180} INFO - Setting next_dagrun for example_weekday_branch_operator to 2024-09-27 00:00:00+00:00, run_after=2024-09-28 00:00:00+00:00
[2024-09-28T03:45:44.255+0000] {processor.py:208} INFO - Processing /home/airflow/.local/lib/python3.12/site-packages/airflow/example_dags/example_branch_day_of_week_operator.py took 0.082 seconds
[2024-09-28T03:46:15.036+0000] {processor.py:186} INFO - Started process (PID=983) to work on /home/airflow/.local/lib/python3.12/site-packages/airflow/example_dags/example_branch_day_of_week_operator.py
[2024-09-28T03:46:15.037+0000] {processor.py:914} INFO - Processing file /home/airflow/.local/lib/python3.12/site-packages/airflow/example_dags/example_branch_day_of_week_operator.py for tasks to queue
[2024-09-28T03:46:15.039+0000] {logging_mixin.py:190} INFO - [2024-09-28T03:46:15.039+0000] {dagbag.py:588} INFO - Filling up the DagBag from /home/airflow/.local/lib/python3.12/site-packages/airflow/example_dags/example_branch_day_of_week_operator.py
[2024-09-28T03:46:15.048+0000] {processor.py:925} INFO - DAG(s) 'example_weekday_branch_operator' retrieved from /home/airflow/.local/lib/python3.12/site-packages/airflow/example_dags/example_branch_day_of_week_operator.py
[2024-09-28T03:46:15.068+0000] {logging_mixin.py:190} INFO - [2024-09-28T03:46:15.067+0000] {dag.py:3239} INFO - Sync 1 DAGs
[2024-09-28T03:46:15.092+0000] {logging_mixin.py:190} INFO - [2024-09-28T03:46:15.091+0000] {dag.py:4180} INFO - Setting next_dagrun for example_weekday_branch_operator to 2024-09-27 00:00:00+00:00, run_after=2024-09-28 00:00:00+00:00
[2024-09-28T03:46:15.117+0000] {processor.py:208} INFO - Processing /home/airflow/.local/lib/python3.12/site-packages/airflow/example_dags/example_branch_day_of_week_operator.py took 0.084 seconds
[2024-09-28T03:46:45.339+0000] {processor.py:186} INFO - Started process (PID=1057) to work on /home/airflow/.local/lib/python3.12/site-packages/airflow/example_dags/example_branch_day_of_week_operator.py
[2024-09-28T03:46:45.340+0000] {processor.py:914} INFO - Processing file /home/airflow/.local/lib/python3.12/site-packages/airflow/example_dags/example_branch_day_of_week_operator.py for tasks to queue
[2024-09-28T03:46:45.343+0000] {logging_mixin.py:190} INFO - [2024-09-28T03:46:45.343+0000] {dagbag.py:588} INFO - Filling up the DagBag from /home/airflow/.local/lib/python3.12/site-packages/airflow/example_dags/example_branch_day_of_week_operator.py
[2024-09-28T03:46:45.355+0000] {processor.py:925} INFO - DAG(s) 'example_weekday_branch_operator' retrieved from /home/airflow/.local/lib/python3.12/site-packages/airflow/example_dags/example_branch_day_of_week_operator.py
[2024-09-28T03:46:45.385+0000] {logging_mixin.py:190} INFO - [2024-09-28T03:46:45.384+0000] {dag.py:3239} INFO - Sync 1 DAGs
[2024-09-28T03:46:45.424+0000] {logging_mixin.py:190} INFO - [2024-09-28T03:46:45.424+0000] {dag.py:4180} INFO - Setting next_dagrun for example_weekday_branch_operator to 2024-09-27 00:00:00+00:00, run_after=2024-09-28 00:00:00+00:00
[2024-09-28T03:46:45.457+0000] {processor.py:208} INFO - Processing /home/airflow/.local/lib/python3.12/site-packages/airflow/example_dags/example_branch_day_of_week_operator.py took 0.124 seconds
[2024-09-28T03:47:15.739+0000] {processor.py:186} INFO - Started process (PID=1131) to work on /home/airflow/.local/lib/python3.12/site-packages/airflow/example_dags/example_branch_day_of_week_operator.py
[2024-09-28T03:47:15.741+0000] {processor.py:914} INFO - Processing file /home/airflow/.local/lib/python3.12/site-packages/airflow/example_dags/example_branch_day_of_week_operator.py for tasks to queue
[2024-09-28T03:47:15.744+0000] {logging_mixin.py:190} INFO - [2024-09-28T03:47:15.743+0000] {dagbag.py:588} INFO - Filling up the DagBag from /home/airflow/.local/lib/python3.12/site-packages/airflow/example_dags/example_branch_day_of_week_operator.py
[2024-09-28T03:47:15.756+0000] {processor.py:925} INFO - DAG(s) 'example_weekday_branch_operator' retrieved from /home/airflow/.local/lib/python3.12/site-packages/airflow/example_dags/example_branch_day_of_week_operator.py
[2024-09-28T03:47:15.784+0000] {logging_mixin.py:190} INFO - [2024-09-28T03:47:15.784+0000] {dag.py:3239} INFO - Sync 1 DAGs
[2024-09-28T03:47:15.817+0000] {logging_mixin.py:190} INFO - [2024-09-28T03:47:15.817+0000] {dag.py:4180} INFO - Setting next_dagrun for example_weekday_branch_operator to 2024-09-27 00:00:00+00:00, run_after=2024-09-28 00:00:00+00:00
[2024-09-28T03:47:15.849+0000] {processor.py:208} INFO - Processing /home/airflow/.local/lib/python3.12/site-packages/airflow/example_dags/example_branch_day_of_week_operator.py took 0.115 seconds
[2024-09-28T03:47:46.062+0000] {processor.py:186} INFO - Started process (PID=1205) to work on /home/airflow/.local/lib/python3.12/site-packages/airflow/example_dags/example_branch_day_of_week_operator.py
[2024-09-28T03:47:46.063+0000] {processor.py:914} INFO - Processing file /home/airflow/.local/lib/python3.12/site-packages/airflow/example_dags/example_branch_day_of_week_operator.py for tasks to queue
[2024-09-28T03:47:46.067+0000] {logging_mixin.py:190} INFO - [2024-09-28T03:47:46.067+0000] {dagbag.py:588} INFO - Filling up the DagBag from /home/airflow/.local/lib/python3.12/site-packages/airflow/example_dags/example_branch_day_of_week_operator.py
[2024-09-28T03:47:46.078+0000] {processor.py:925} INFO - DAG(s) 'example_weekday_branch_operator' retrieved from /home/airflow/.local/lib/python3.12/site-packages/airflow/example_dags/example_branch_day_of_week_operator.py
[2024-09-28T03:47:46.107+0000] {logging_mixin.py:190} INFO - [2024-09-28T03:47:46.106+0000] {dag.py:3239} INFO - Sync 1 DAGs
[2024-09-28T03:47:46.157+0000] {logging_mixin.py:190} INFO - [2024-09-28T03:47:46.157+0000] {dag.py:4180} INFO - Setting next_dagrun for example_weekday_branch_operator to 2024-09-27 00:00:00+00:00, run_after=2024-09-28 00:00:00+00:00
[2024-09-28T03:47:46.190+0000] {processor.py:208} INFO - Processing /home/airflow/.local/lib/python3.12/site-packages/airflow/example_dags/example_branch_day_of_week_operator.py took 0.134 seconds
[2024-09-28T03:48:16.582+0000] {processor.py:186} INFO - Started process (PID=1279) to work on /home/airflow/.local/lib/python3.12/site-packages/airflow/example_dags/example_branch_day_of_week_operator.py
[2024-09-28T03:48:16.583+0000] {processor.py:914} INFO - Processing file /home/airflow/.local/lib/python3.12/site-packages/airflow/example_dags/example_branch_day_of_week_operator.py for tasks to queue
[2024-09-28T03:48:16.585+0000] {logging_mixin.py:190} INFO - [2024-09-28T03:48:16.585+0000] {dagbag.py:588} INFO - Filling up the DagBag from /home/airflow/.local/lib/python3.12/site-packages/airflow/example_dags/example_branch_day_of_week_operator.py
[2024-09-28T03:48:16.594+0000] {processor.py:925} INFO - DAG(s) 'example_weekday_branch_operator' retrieved from /home/airflow/.local/lib/python3.12/site-packages/airflow/example_dags/example_branch_day_of_week_operator.py
[2024-09-28T03:48:16.615+0000] {logging_mixin.py:190} INFO - [2024-09-28T03:48:16.615+0000] {dag.py:3239} INFO - Sync 1 DAGs
[2024-09-28T03:48:16.638+0000] {logging_mixin.py:190} INFO - [2024-09-28T03:48:16.638+0000] {dag.py:4180} INFO - Setting next_dagrun for example_weekday_branch_operator to 2024-09-27 00:00:00+00:00, run_after=2024-09-28 00:00:00+00:00
[2024-09-28T03:48:16.663+0000] {processor.py:208} INFO - Processing /home/airflow/.local/lib/python3.12/site-packages/airflow/example_dags/example_branch_day_of_week_operator.py took 0.087 seconds
[2024-09-28T03:48:47.396+0000] {processor.py:186} INFO - Started process (PID=1353) to work on /home/airflow/.local/lib/python3.12/site-packages/airflow/example_dags/example_branch_day_of_week_operator.py
[2024-09-28T03:48:47.398+0000] {processor.py:914} INFO - Processing file /home/airflow/.local/lib/python3.12/site-packages/airflow/example_dags/example_branch_day_of_week_operator.py for tasks to queue
[2024-09-28T03:48:47.402+0000] {logging_mixin.py:190} INFO - [2024-09-28T03:48:47.401+0000] {dagbag.py:588} INFO - Filling up the DagBag from /home/airflow/.local/lib/python3.12/site-packages/airflow/example_dags/example_branch_day_of_week_operator.py
[2024-09-28T03:48:47.413+0000] {processor.py:925} INFO - DAG(s) 'example_weekday_branch_operator' retrieved from /home/airflow/.local/lib/python3.12/site-packages/airflow/example_dags/example_branch_day_of_week_operator.py
[2024-09-28T03:48:47.442+0000] {logging_mixin.py:190} INFO - [2024-09-28T03:48:47.442+0000] {dag.py:3239} INFO - Sync 1 DAGs
[2024-09-28T03:48:47.476+0000] {logging_mixin.py:190} INFO - [2024-09-28T03:48:47.476+0000] {dag.py:4180} INFO - Setting next_dagrun for example_weekday_branch_operator to 2024-09-27 00:00:00+00:00, run_after=2024-09-28 00:00:00+00:00
[2024-09-28T03:48:47.507+0000] {processor.py:208} INFO - Processing /home/airflow/.local/lib/python3.12/site-packages/airflow/example_dags/example_branch_day_of_week_operator.py took 0.116 seconds
[2024-09-28T03:49:18.000+0000] {processor.py:186} INFO - Started process (PID=1427) to work on /home/airflow/.local/lib/python3.12/site-packages/airflow/example_dags/example_branch_day_of_week_operator.py
[2024-09-28T03:49:18.003+0000] {processor.py:914} INFO - Processing file /home/airflow/.local/lib/python3.12/site-packages/airflow/example_dags/example_branch_day_of_week_operator.py for tasks to queue
[2024-09-28T03:49:18.005+0000] {logging_mixin.py:190} INFO - [2024-09-28T03:49:18.005+0000] {dagbag.py:588} INFO - Filling up the DagBag from /home/airflow/.local/lib/python3.12/site-packages/airflow/example_dags/example_branch_day_of_week_operator.py
[2024-09-28T03:49:18.014+0000] {processor.py:925} INFO - DAG(s) 'example_weekday_branch_operator' retrieved from /home/airflow/.local/lib/python3.12/site-packages/airflow/example_dags/example_branch_day_of_week_operator.py
[2024-09-28T03:49:18.043+0000] {logging_mixin.py:190} INFO - [2024-09-28T03:49:18.043+0000] {dag.py:3239} INFO - Sync 1 DAGs
[2024-09-28T03:49:18.071+0000] {logging_mixin.py:190} INFO - [2024-09-28T03:49:18.071+0000] {dag.py:4180} INFO - Setting next_dagrun for example_weekday_branch_operator to 2024-09-27 00:00:00+00:00, run_after=2024-09-28 00:00:00+00:00
[2024-09-28T03:49:18.100+0000] {processor.py:208} INFO - Processing /home/airflow/.local/lib/python3.12/site-packages/airflow/example_dags/example_branch_day_of_week_operator.py took 0.105 seconds
[2024-09-28T03:49:48.143+0000] {processor.py:186} INFO - Started process (PID=1500) to work on /home/airflow/.local/lib/python3.12/site-packages/airflow/example_dags/example_branch_day_of_week_operator.py
[2024-09-28T03:49:48.145+0000] {processor.py:914} INFO - Processing file /home/airflow/.local/lib/python3.12/site-packages/airflow/example_dags/example_branch_day_of_week_operator.py for tasks to queue
[2024-09-28T03:49:48.147+0000] {logging_mixin.py:190} INFO - [2024-09-28T03:49:48.147+0000] {dagbag.py:588} INFO - Filling up the DagBag from /home/airflow/.local/lib/python3.12/site-packages/airflow/example_dags/example_branch_day_of_week_operator.py
[2024-09-28T03:49:48.156+0000] {processor.py:925} INFO - DAG(s) 'example_weekday_branch_operator' retrieved from /home/airflow/.local/lib/python3.12/site-packages/airflow/example_dags/example_branch_day_of_week_operator.py
[2024-09-28T03:49:48.179+0000] {logging_mixin.py:190} INFO - [2024-09-28T03:49:48.179+0000] {dag.py:3239} INFO - Sync 1 DAGs
[2024-09-28T03:49:48.204+0000] {logging_mixin.py:190} INFO - [2024-09-28T03:49:48.203+0000] {dag.py:4180} INFO - Setting next_dagrun for example_weekday_branch_operator to 2024-09-27 00:00:00+00:00, run_after=2024-09-28 00:00:00+00:00
[2024-09-28T03:49:48.230+0000] {processor.py:208} INFO - Processing /home/airflow/.local/lib/python3.12/site-packages/airflow/example_dags/example_branch_day_of_week_operator.py took 0.092 seconds
[2024-09-28T03:50:18.437+0000] {processor.py:186} INFO - Started process (PID=1574) to work on /home/airflow/.local/lib/python3.12/site-packages/airflow/example_dags/example_branch_day_of_week_operator.py
[2024-09-28T03:50:18.438+0000] {processor.py:914} INFO - Processing file /home/airflow/.local/lib/python3.12/site-packages/airflow/example_dags/example_branch_day_of_week_operator.py for tasks to queue
[2024-09-28T03:50:18.440+0000] {logging_mixin.py:190} INFO - [2024-09-28T03:50:18.440+0000] {dagbag.py:588} INFO - Filling up the DagBag from /home/airflow/.local/lib/python3.12/site-packages/airflow/example_dags/example_branch_day_of_week_operator.py
[2024-09-28T03:50:18.449+0000] {processor.py:925} INFO - DAG(s) 'example_weekday_branch_operator' retrieved from /home/airflow/.local/lib/python3.12/site-packages/airflow/example_dags/example_branch_day_of_week_operator.py
[2024-09-28T03:50:18.471+0000] {logging_mixin.py:190} INFO - [2024-09-28T03:50:18.470+0000] {dag.py:3239} INFO - Sync 1 DAGs
[2024-09-28T03:50:18.496+0000] {logging_mixin.py:190} INFO - [2024-09-28T03:50:18.495+0000] {dag.py:4180} INFO - Setting next_dagrun for example_weekday_branch_operator to 2024-09-27 00:00:00+00:00, run_after=2024-09-28 00:00:00+00:00
[2024-09-28T03:50:18.523+0000] {processor.py:208} INFO - Processing /home/airflow/.local/lib/python3.12/site-packages/airflow/example_dags/example_branch_day_of_week_operator.py took 0.091 seconds
[2024-09-28T03:53:33.721+0000] {processor.py:186} INFO - Started process (PID=92) to work on /home/airflow/.local/lib/python3.12/site-packages/airflow/example_dags/example_branch_day_of_week_operator.py
[2024-09-28T03:53:33.722+0000] {processor.py:914} INFO - Processing file /home/airflow/.local/lib/python3.12/site-packages/airflow/example_dags/example_branch_day_of_week_operator.py for tasks to queue
[2024-09-28T03:53:33.725+0000] {logging_mixin.py:190} INFO - [2024-09-28T03:53:33.725+0000] {dagbag.py:588} INFO - Filling up the DagBag from /home/airflow/.local/lib/python3.12/site-packages/airflow/example_dags/example_branch_day_of_week_operator.py
[2024-09-28T03:53:33.736+0000] {processor.py:925} INFO - DAG(s) 'example_weekday_branch_operator' retrieved from /home/airflow/.local/lib/python3.12/site-packages/airflow/example_dags/example_branch_day_of_week_operator.py
[2024-09-28T03:53:33.762+0000] {logging_mixin.py:190} INFO - [2024-09-28T03:53:33.761+0000] {dag.py:3239} INFO - Sync 1 DAGs
[2024-09-28T03:53:33.791+0000] {logging_mixin.py:190} INFO - [2024-09-28T03:53:33.790+0000] {dag.py:4180} INFO - Setting next_dagrun for example_weekday_branch_operator to 2024-09-27 00:00:00+00:00, run_after=2024-09-28 00:00:00+00:00
[2024-09-28T03:53:33.825+0000] {processor.py:208} INFO - Processing /home/airflow/.local/lib/python3.12/site-packages/airflow/example_dags/example_branch_day_of_week_operator.py took 0.110 seconds
[2024-09-28T03:54:04.250+0000] {processor.py:186} INFO - Started process (PID=167) to work on /home/airflow/.local/lib/python3.12/site-packages/airflow/example_dags/example_branch_day_of_week_operator.py
[2024-09-28T03:54:04.251+0000] {processor.py:914} INFO - Processing file /home/airflow/.local/lib/python3.12/site-packages/airflow/example_dags/example_branch_day_of_week_operator.py for tasks to queue
[2024-09-28T03:54:04.254+0000] {logging_mixin.py:190} INFO - [2024-09-28T03:54:04.254+0000] {dagbag.py:588} INFO - Filling up the DagBag from /home/airflow/.local/lib/python3.12/site-packages/airflow/example_dags/example_branch_day_of_week_operator.py
[2024-09-28T03:54:04.265+0000] {processor.py:925} INFO - DAG(s) 'example_weekday_branch_operator' retrieved from /home/airflow/.local/lib/python3.12/site-packages/airflow/example_dags/example_branch_day_of_week_operator.py
[2024-09-28T03:54:04.290+0000] {logging_mixin.py:190} INFO - [2024-09-28T03:54:04.290+0000] {dag.py:3239} INFO - Sync 1 DAGs
[2024-09-28T03:54:04.321+0000] {logging_mixin.py:190} INFO - [2024-09-28T03:54:04.321+0000] {dag.py:4180} INFO - Setting next_dagrun for example_weekday_branch_operator to 2024-09-27 00:00:00+00:00, run_after=2024-09-28 00:00:00+00:00
[2024-09-28T03:54:04.346+0000] {processor.py:208} INFO - Processing /home/airflow/.local/lib/python3.12/site-packages/airflow/example_dags/example_branch_day_of_week_operator.py took 0.102 seconds
[2024-09-28T03:54:34.964+0000] {processor.py:186} INFO - Started process (PID=241) to work on /home/airflow/.local/lib/python3.12/site-packages/airflow/example_dags/example_branch_day_of_week_operator.py
[2024-09-28T03:54:34.966+0000] {processor.py:914} INFO - Processing file /home/airflow/.local/lib/python3.12/site-packages/airflow/example_dags/example_branch_day_of_week_operator.py for tasks to queue
[2024-09-28T03:54:34.969+0000] {logging_mixin.py:190} INFO - [2024-09-28T03:54:34.969+0000] {dagbag.py:588} INFO - Filling up the DagBag from /home/airflow/.local/lib/python3.12/site-packages/airflow/example_dags/example_branch_day_of_week_operator.py
[2024-09-28T03:54:34.978+0000] {processor.py:925} INFO - DAG(s) 'example_weekday_branch_operator' retrieved from /home/airflow/.local/lib/python3.12/site-packages/airflow/example_dags/example_branch_day_of_week_operator.py
[2024-09-28T03:54:35.002+0000] {logging_mixin.py:190} INFO - [2024-09-28T03:54:35.002+0000] {dag.py:3239} INFO - Sync 1 DAGs
[2024-09-28T03:54:35.027+0000] {logging_mixin.py:190} INFO - [2024-09-28T03:54:35.027+0000] {dag.py:4180} INFO - Setting next_dagrun for example_weekday_branch_operator to 2024-09-27 00:00:00+00:00, run_after=2024-09-28 00:00:00+00:00
[2024-09-28T03:54:35.052+0000] {processor.py:208} INFO - Processing /home/airflow/.local/lib/python3.12/site-packages/airflow/example_dags/example_branch_day_of_week_operator.py took 0.093 seconds
[2024-09-28T03:55:05.139+0000] {processor.py:186} INFO - Started process (PID=315) to work on /home/airflow/.local/lib/python3.12/site-packages/airflow/example_dags/example_branch_day_of_week_operator.py
[2024-09-28T03:55:05.141+0000] {processor.py:914} INFO - Processing file /home/airflow/.local/lib/python3.12/site-packages/airflow/example_dags/example_branch_day_of_week_operator.py for tasks to queue
[2024-09-28T03:55:05.144+0000] {logging_mixin.py:190} INFO - [2024-09-28T03:55:05.143+0000] {dagbag.py:588} INFO - Filling up the DagBag from /home/airflow/.local/lib/python3.12/site-packages/airflow/example_dags/example_branch_day_of_week_operator.py
[2024-09-28T03:55:05.154+0000] {processor.py:925} INFO - DAG(s) 'example_weekday_branch_operator' retrieved from /home/airflow/.local/lib/python3.12/site-packages/airflow/example_dags/example_branch_day_of_week_operator.py
[2024-09-28T03:55:05.178+0000] {logging_mixin.py:190} INFO - [2024-09-28T03:55:05.178+0000] {dag.py:3239} INFO - Sync 1 DAGs
[2024-09-28T03:55:05.211+0000] {logging_mixin.py:190} INFO - [2024-09-28T03:55:05.211+0000] {dag.py:4180} INFO - Setting next_dagrun for example_weekday_branch_operator to 2024-09-27 00:00:00+00:00, run_after=2024-09-28 00:00:00+00:00
[2024-09-28T03:55:05.238+0000] {processor.py:208} INFO - Processing /home/airflow/.local/lib/python3.12/site-packages/airflow/example_dags/example_branch_day_of_week_operator.py took 0.105 seconds
[2024-09-28T03:55:36.136+0000] {processor.py:186} INFO - Started process (PID=402) to work on /home/airflow/.local/lib/python3.12/site-packages/airflow/example_dags/example_branch_day_of_week_operator.py
[2024-09-28T03:55:36.138+0000] {processor.py:914} INFO - Processing file /home/airflow/.local/lib/python3.12/site-packages/airflow/example_dags/example_branch_day_of_week_operator.py for tasks to queue
[2024-09-28T03:55:36.141+0000] {logging_mixin.py:190} INFO - [2024-09-28T03:55:36.141+0000] {dagbag.py:588} INFO - Filling up the DagBag from /home/airflow/.local/lib/python3.12/site-packages/airflow/example_dags/example_branch_day_of_week_operator.py
[2024-09-28T03:55:36.151+0000] {processor.py:925} INFO - DAG(s) 'example_weekday_branch_operator' retrieved from /home/airflow/.local/lib/python3.12/site-packages/airflow/example_dags/example_branch_day_of_week_operator.py
[2024-09-28T03:55:36.171+0000] {logging_mixin.py:190} INFO - [2024-09-28T03:55:36.171+0000] {dag.py:3239} INFO - Sync 1 DAGs
[2024-09-28T03:55:36.195+0000] {logging_mixin.py:190} INFO - [2024-09-28T03:55:36.195+0000] {dag.py:4180} INFO - Setting next_dagrun for example_weekday_branch_operator to 2024-09-27 00:00:00+00:00, run_after=2024-09-28 00:00:00+00:00
[2024-09-28T03:55:36.217+0000] {processor.py:208} INFO - Processing /home/airflow/.local/lib/python3.12/site-packages/airflow/example_dags/example_branch_day_of_week_operator.py took 0.088 seconds
[2024-09-28T03:56:06.832+0000] {processor.py:186} INFO - Started process (PID=586) to work on /home/airflow/.local/lib/python3.12/site-packages/airflow/example_dags/example_branch_day_of_week_operator.py
[2024-09-28T03:56:06.833+0000] {processor.py:914} INFO - Processing file /home/airflow/.local/lib/python3.12/site-packages/airflow/example_dags/example_branch_day_of_week_operator.py for tasks to queue
[2024-09-28T03:56:06.836+0000] {logging_mixin.py:190} INFO - [2024-09-28T03:56:06.835+0000] {dagbag.py:588} INFO - Filling up the DagBag from /home/airflow/.local/lib/python3.12/site-packages/airflow/example_dags/example_branch_day_of_week_operator.py
[2024-09-28T03:56:06.845+0000] {processor.py:925} INFO - DAG(s) 'example_weekday_branch_operator' retrieved from /home/airflow/.local/lib/python3.12/site-packages/airflow/example_dags/example_branch_day_of_week_operator.py
[2024-09-28T03:56:06.869+0000] {logging_mixin.py:190} INFO - [2024-09-28T03:56:06.868+0000] {dag.py:3239} INFO - Sync 1 DAGs
[2024-09-28T03:56:06.896+0000] {logging_mixin.py:190} INFO - [2024-09-28T03:56:06.896+0000] {dag.py:4180} INFO - Setting next_dagrun for example_weekday_branch_operator to 2024-09-27 00:00:00+00:00, run_after=2024-09-28 00:00:00+00:00
[2024-09-28T03:56:06.925+0000] {processor.py:208} INFO - Processing /home/airflow/.local/lib/python3.12/site-packages/airflow/example_dags/example_branch_day_of_week_operator.py took 0.099 seconds
[2024-09-28T03:56:37.813+0000] {processor.py:186} INFO - Started process (PID=651) to work on /home/airflow/.local/lib/python3.12/site-packages/airflow/example_dags/example_branch_day_of_week_operator.py
[2024-09-28T03:56:37.814+0000] {processor.py:914} INFO - Processing file /home/airflow/.local/lib/python3.12/site-packages/airflow/example_dags/example_branch_day_of_week_operator.py for tasks to queue
[2024-09-28T03:56:37.818+0000] {logging_mixin.py:190} INFO - [2024-09-28T03:56:37.817+0000] {dagbag.py:588} INFO - Filling up the DagBag from /home/airflow/.local/lib/python3.12/site-packages/airflow/example_dags/example_branch_day_of_week_operator.py
[2024-09-28T03:56:37.830+0000] {processor.py:925} INFO - DAG(s) 'example_weekday_branch_operator' retrieved from /home/airflow/.local/lib/python3.12/site-packages/airflow/example_dags/example_branch_day_of_week_operator.py
[2024-09-28T03:56:37.854+0000] {logging_mixin.py:190} INFO - [2024-09-28T03:56:37.854+0000] {dag.py:3239} INFO - Sync 1 DAGs
[2024-09-28T03:56:37.885+0000] {logging_mixin.py:190} INFO - [2024-09-28T03:56:37.884+0000] {dag.py:4180} INFO - Setting next_dagrun for example_weekday_branch_operator to 2024-09-27 00:00:00+00:00, run_after=2024-09-28 00:00:00+00:00
[2024-09-28T03:56:37.911+0000] {processor.py:208} INFO - Processing /home/airflow/.local/lib/python3.12/site-packages/airflow/example_dags/example_branch_day_of_week_operator.py took 0.105 seconds
[2024-09-28T04:03:05.897+0000] {processor.py:186} INFO - Started process (PID=82) to work on /home/airflow/.local/lib/python3.12/site-packages/airflow/example_dags/example_branch_day_of_week_operator.py
[2024-09-28T04:03:05.979+0000] {processor.py:914} INFO - Processing file /home/airflow/.local/lib/python3.12/site-packages/airflow/example_dags/example_branch_day_of_week_operator.py for tasks to queue
[2024-09-28T04:03:05.981+0000] {logging_mixin.py:190} INFO - [2024-09-28T04:03:05.981+0000] {dagbag.py:588} INFO - Filling up the DagBag from /home/airflow/.local/lib/python3.12/site-packages/airflow/example_dags/example_branch_day_of_week_operator.py
[2024-09-28T04:03:06.065+0000] {processor.py:925} INFO - DAG(s) 'example_weekday_branch_operator' retrieved from /home/airflow/.local/lib/python3.12/site-packages/airflow/example_dags/example_branch_day_of_week_operator.py
[2024-09-28T04:03:06.104+0000] {logging_mixin.py:190} INFO - [2024-09-28T04:03:06.103+0000] {dag.py:3239} INFO - Sync 1 DAGs
[2024-09-28T04:03:06.128+0000] {logging_mixin.py:190} INFO - [2024-09-28T04:03:06.128+0000] {dag.py:4180} INFO - Setting next_dagrun for example_weekday_branch_operator to 2024-09-27 00:00:00+00:00, run_after=2024-09-28 00:00:00+00:00
[2024-09-28T04:03:06.178+0000] {processor.py:208} INFO - Processing /home/airflow/.local/lib/python3.12/site-packages/airflow/example_dags/example_branch_day_of_week_operator.py took 0.286 seconds
[2024-09-28T04:03:36.695+0000] {processor.py:186} INFO - Started process (PID=145) to work on /home/airflow/.local/lib/python3.12/site-packages/airflow/example_dags/example_branch_day_of_week_operator.py
[2024-09-28T04:03:36.696+0000] {processor.py:914} INFO - Processing file /home/airflow/.local/lib/python3.12/site-packages/airflow/example_dags/example_branch_day_of_week_operator.py for tasks to queue
[2024-09-28T04:03:36.699+0000] {logging_mixin.py:190} INFO - [2024-09-28T04:03:36.699+0000] {dagbag.py:588} INFO - Filling up the DagBag from /home/airflow/.local/lib/python3.12/site-packages/airflow/example_dags/example_branch_day_of_week_operator.py
[2024-09-28T04:03:36.709+0000] {processor.py:925} INFO - DAG(s) 'example_weekday_branch_operator' retrieved from /home/airflow/.local/lib/python3.12/site-packages/airflow/example_dags/example_branch_day_of_week_operator.py
[2024-09-28T04:03:36.731+0000] {logging_mixin.py:190} INFO - [2024-09-28T04:03:36.731+0000] {dag.py:3239} INFO - Sync 1 DAGs
[2024-09-28T04:03:36.755+0000] {logging_mixin.py:190} INFO - [2024-09-28T04:03:36.755+0000] {dag.py:4180} INFO - Setting next_dagrun for example_weekday_branch_operator to 2024-09-27 00:00:00+00:00, run_after=2024-09-28 00:00:00+00:00
[2024-09-28T04:03:36.778+0000] {processor.py:208} INFO - Processing /home/airflow/.local/lib/python3.12/site-packages/airflow/example_dags/example_branch_day_of_week_operator.py took 0.088 seconds
[2024-09-28T04:04:07.674+0000] {processor.py:186} INFO - Started process (PID=208) to work on /home/airflow/.local/lib/python3.12/site-packages/airflow/example_dags/example_branch_day_of_week_operator.py
[2024-09-28T04:04:07.676+0000] {processor.py:914} INFO - Processing file /home/airflow/.local/lib/python3.12/site-packages/airflow/example_dags/example_branch_day_of_week_operator.py for tasks to queue
[2024-09-28T04:04:07.679+0000] {logging_mixin.py:190} INFO - [2024-09-28T04:04:07.679+0000] {dagbag.py:588} INFO - Filling up the DagBag from /home/airflow/.local/lib/python3.12/site-packages/airflow/example_dags/example_branch_day_of_week_operator.py
[2024-09-28T04:04:07.689+0000] {processor.py:925} INFO - DAG(s) 'example_weekday_branch_operator' retrieved from /home/airflow/.local/lib/python3.12/site-packages/airflow/example_dags/example_branch_day_of_week_operator.py
[2024-09-28T04:04:07.712+0000] {logging_mixin.py:190} INFO - [2024-09-28T04:04:07.711+0000] {dag.py:3239} INFO - Sync 1 DAGs
[2024-09-28T04:04:07.744+0000] {logging_mixin.py:190} INFO - [2024-09-28T04:04:07.743+0000] {dag.py:4180} INFO - Setting next_dagrun for example_weekday_branch_operator to 2024-09-27 00:00:00+00:00, run_after=2024-09-28 00:00:00+00:00
[2024-09-28T04:04:07.779+0000] {processor.py:208} INFO - Processing /home/airflow/.local/lib/python3.12/site-packages/airflow/example_dags/example_branch_day_of_week_operator.py took 0.110 seconds
[2024-09-28T04:04:37.999+0000] {processor.py:186} INFO - Started process (PID=271) to work on /home/airflow/.local/lib/python3.12/site-packages/airflow/example_dags/example_branch_day_of_week_operator.py
[2024-09-28T04:04:38.000+0000] {processor.py:914} INFO - Processing file /home/airflow/.local/lib/python3.12/site-packages/airflow/example_dags/example_branch_day_of_week_operator.py for tasks to queue
[2024-09-28T04:04:38.003+0000] {logging_mixin.py:190} INFO - [2024-09-28T04:04:38.002+0000] {dagbag.py:588} INFO - Filling up the DagBag from /home/airflow/.local/lib/python3.12/site-packages/airflow/example_dags/example_branch_day_of_week_operator.py
[2024-09-28T04:04:38.011+0000] {processor.py:925} INFO - DAG(s) 'example_weekday_branch_operator' retrieved from /home/airflow/.local/lib/python3.12/site-packages/airflow/example_dags/example_branch_day_of_week_operator.py
[2024-09-28T04:04:38.031+0000] {logging_mixin.py:190} INFO - [2024-09-28T04:04:38.031+0000] {dag.py:3239} INFO - Sync 1 DAGs
[2024-09-28T04:04:38.055+0000] {logging_mixin.py:190} INFO - [2024-09-28T04:04:38.055+0000] {dag.py:4180} INFO - Setting next_dagrun for example_weekday_branch_operator to 2024-09-27 00:00:00+00:00, run_after=2024-09-28 00:00:00+00:00
[2024-09-28T04:04:38.077+0000] {processor.py:208} INFO - Processing /home/airflow/.local/lib/python3.12/site-packages/airflow/example_dags/example_branch_day_of_week_operator.py took 0.083 seconds
[2024-09-28T04:05:08.357+0000] {processor.py:186} INFO - Started process (PID=357) to work on /home/airflow/.local/lib/python3.12/site-packages/airflow/example_dags/example_branch_day_of_week_operator.py
[2024-09-28T04:05:08.358+0000] {processor.py:914} INFO - Processing file /home/airflow/.local/lib/python3.12/site-packages/airflow/example_dags/example_branch_day_of_week_operator.py for tasks to queue
[2024-09-28T04:05:08.361+0000] {logging_mixin.py:190} INFO - [2024-09-28T04:05:08.361+0000] {dagbag.py:588} INFO - Filling up the DagBag from /home/airflow/.local/lib/python3.12/site-packages/airflow/example_dags/example_branch_day_of_week_operator.py
[2024-09-28T04:05:08.371+0000] {processor.py:925} INFO - DAG(s) 'example_weekday_branch_operator' retrieved from /home/airflow/.local/lib/python3.12/site-packages/airflow/example_dags/example_branch_day_of_week_operator.py
[2024-09-28T04:05:08.398+0000] {logging_mixin.py:190} INFO - [2024-09-28T04:05:08.398+0000] {dag.py:3239} INFO - Sync 1 DAGs
[2024-09-28T04:05:08.441+0000] {logging_mixin.py:190} INFO - [2024-09-28T04:05:08.440+0000] {dag.py:4180} INFO - Setting next_dagrun for example_weekday_branch_operator to 2024-09-27 00:00:00+00:00, run_after=2024-09-28 00:00:00+00:00
[2024-09-28T04:05:08.465+0000] {processor.py:208} INFO - Processing /home/airflow/.local/lib/python3.12/site-packages/airflow/example_dags/example_branch_day_of_week_operator.py took 0.114 seconds
[2024-09-28T04:05:50.961+0000] {processor.py:186} INFO - Started process (PID=80) to work on /home/airflow/.local/lib/python3.12/site-packages/airflow/example_dags/example_branch_day_of_week_operator.py
[2024-09-28T04:05:50.963+0000] {processor.py:914} INFO - Processing file /home/airflow/.local/lib/python3.12/site-packages/airflow/example_dags/example_branch_day_of_week_operator.py for tasks to queue
[2024-09-28T04:05:50.966+0000] {logging_mixin.py:190} INFO - [2024-09-28T04:05:50.965+0000] {dagbag.py:588} INFO - Filling up the DagBag from /home/airflow/.local/lib/python3.12/site-packages/airflow/example_dags/example_branch_day_of_week_operator.py
[2024-09-28T04:05:50.977+0000] {processor.py:925} INFO - DAG(s) 'example_weekday_branch_operator' retrieved from /home/airflow/.local/lib/python3.12/site-packages/airflow/example_dags/example_branch_day_of_week_operator.py
[2024-09-28T04:05:51.004+0000] {logging_mixin.py:190} INFO - [2024-09-28T04:05:51.004+0000] {dag.py:3239} INFO - Sync 1 DAGs
[2024-09-28T04:05:51.033+0000] {logging_mixin.py:190} INFO - [2024-09-28T04:05:51.033+0000] {dag.py:4180} INFO - Setting next_dagrun for example_weekday_branch_operator to 2024-09-27 00:00:00+00:00, run_after=2024-09-28 00:00:00+00:00
[2024-09-28T04:05:51.058+0000] {processor.py:208} INFO - Processing /home/airflow/.local/lib/python3.12/site-packages/airflow/example_dags/example_branch_day_of_week_operator.py took 0.103 seconds
[2024-09-28T04:06:21.680+0000] {processor.py:186} INFO - Started process (PID=154) to work on /home/airflow/.local/lib/python3.12/site-packages/airflow/example_dags/example_branch_day_of_week_operator.py
[2024-09-28T04:06:21.682+0000] {processor.py:914} INFO - Processing file /home/airflow/.local/lib/python3.12/site-packages/airflow/example_dags/example_branch_day_of_week_operator.py for tasks to queue
[2024-09-28T04:06:21.684+0000] {logging_mixin.py:190} INFO - [2024-09-28T04:06:21.684+0000] {dagbag.py:588} INFO - Filling up the DagBag from /home/airflow/.local/lib/python3.12/site-packages/airflow/example_dags/example_branch_day_of_week_operator.py
[2024-09-28T04:06:21.692+0000] {processor.py:925} INFO - DAG(s) 'example_weekday_branch_operator' retrieved from /home/airflow/.local/lib/python3.12/site-packages/airflow/example_dags/example_branch_day_of_week_operator.py
[2024-09-28T04:06:21.722+0000] {logging_mixin.py:190} INFO - [2024-09-28T04:06:21.722+0000] {dag.py:3239} INFO - Sync 1 DAGs
[2024-09-28T04:06:21.747+0000] {logging_mixin.py:190} INFO - [2024-09-28T04:06:21.746+0000] {dag.py:4180} INFO - Setting next_dagrun for example_weekday_branch_operator to 2024-09-27 00:00:00+00:00, run_after=2024-09-28 00:00:00+00:00
[2024-09-28T04:06:21.771+0000] {processor.py:208} INFO - Processing /home/airflow/.local/lib/python3.12/site-packages/airflow/example_dags/example_branch_day_of_week_operator.py took 0.096 seconds
[2024-09-28T04:06:52.067+0000] {processor.py:186} INFO - Started process (PID=228) to work on /home/airflow/.local/lib/python3.12/site-packages/airflow/example_dags/example_branch_day_of_week_operator.py
[2024-09-28T04:06:52.069+0000] {processor.py:914} INFO - Processing file /home/airflow/.local/lib/python3.12/site-packages/airflow/example_dags/example_branch_day_of_week_operator.py for tasks to queue
[2024-09-28T04:06:52.071+0000] {logging_mixin.py:190} INFO - [2024-09-28T04:06:52.071+0000] {dagbag.py:588} INFO - Filling up the DagBag from /home/airflow/.local/lib/python3.12/site-packages/airflow/example_dags/example_branch_day_of_week_operator.py
[2024-09-28T04:06:52.082+0000] {processor.py:925} INFO - DAG(s) 'example_weekday_branch_operator' retrieved from /home/airflow/.local/lib/python3.12/site-packages/airflow/example_dags/example_branch_day_of_week_operator.py
[2024-09-28T04:06:52.103+0000] {logging_mixin.py:190} INFO - [2024-09-28T04:06:52.103+0000] {dag.py:3239} INFO - Sync 1 DAGs
[2024-09-28T04:06:52.129+0000] {logging_mixin.py:190} INFO - [2024-09-28T04:06:52.129+0000] {dag.py:4180} INFO - Setting next_dagrun for example_weekday_branch_operator to 2024-09-27 00:00:00+00:00, run_after=2024-09-28 00:00:00+00:00
[2024-09-28T04:06:52.161+0000] {processor.py:208} INFO - Processing /home/airflow/.local/lib/python3.12/site-packages/airflow/example_dags/example_branch_day_of_week_operator.py took 0.099 seconds
[2024-09-28T04:07:22.278+0000] {processor.py:186} INFO - Started process (PID=302) to work on /home/airflow/.local/lib/python3.12/site-packages/airflow/example_dags/example_branch_day_of_week_operator.py
[2024-09-28T04:07:22.279+0000] {processor.py:914} INFO - Processing file /home/airflow/.local/lib/python3.12/site-packages/airflow/example_dags/example_branch_day_of_week_operator.py for tasks to queue
[2024-09-28T04:07:22.282+0000] {logging_mixin.py:190} INFO - [2024-09-28T04:07:22.282+0000] {dagbag.py:588} INFO - Filling up the DagBag from /home/airflow/.local/lib/python3.12/site-packages/airflow/example_dags/example_branch_day_of_week_operator.py
[2024-09-28T04:07:22.295+0000] {processor.py:925} INFO - DAG(s) 'example_weekday_branch_operator' retrieved from /home/airflow/.local/lib/python3.12/site-packages/airflow/example_dags/example_branch_day_of_week_operator.py
[2024-09-28T04:07:22.322+0000] {logging_mixin.py:190} INFO - [2024-09-28T04:07:22.321+0000] {dag.py:3239} INFO - Sync 1 DAGs
[2024-09-28T04:07:22.353+0000] {logging_mixin.py:190} INFO - [2024-09-28T04:07:22.353+0000] {dag.py:4180} INFO - Setting next_dagrun for example_weekday_branch_operator to 2024-09-27 00:00:00+00:00, run_after=2024-09-28 00:00:00+00:00
[2024-09-28T04:07:22.381+0000] {processor.py:208} INFO - Processing /home/airflow/.local/lib/python3.12/site-packages/airflow/example_dags/example_branch_day_of_week_operator.py took 0.111 seconds
[2024-09-28T04:07:52.447+0000] {processor.py:186} INFO - Started process (PID=376) to work on /home/airflow/.local/lib/python3.12/site-packages/airflow/example_dags/example_branch_day_of_week_operator.py
[2024-09-28T04:07:52.448+0000] {processor.py:914} INFO - Processing file /home/airflow/.local/lib/python3.12/site-packages/airflow/example_dags/example_branch_day_of_week_operator.py for tasks to queue
[2024-09-28T04:07:52.451+0000] {logging_mixin.py:190} INFO - [2024-09-28T04:07:52.450+0000] {dagbag.py:588} INFO - Filling up the DagBag from /home/airflow/.local/lib/python3.12/site-packages/airflow/example_dags/example_branch_day_of_week_operator.py
[2024-09-28T04:07:52.460+0000] {processor.py:925} INFO - DAG(s) 'example_weekday_branch_operator' retrieved from /home/airflow/.local/lib/python3.12/site-packages/airflow/example_dags/example_branch_day_of_week_operator.py
[2024-09-28T04:07:52.483+0000] {logging_mixin.py:190} INFO - [2024-09-28T04:07:52.482+0000] {dag.py:3239} INFO - Sync 1 DAGs
[2024-09-28T04:07:52.508+0000] {logging_mixin.py:190} INFO - [2024-09-28T04:07:52.508+0000] {dag.py:4180} INFO - Setting next_dagrun for example_weekday_branch_operator to 2024-09-27 00:00:00+00:00, run_after=2024-09-28 00:00:00+00:00
[2024-09-28T04:07:52.533+0000] {processor.py:208} INFO - Processing /home/airflow/.local/lib/python3.12/site-packages/airflow/example_dags/example_branch_day_of_week_operator.py took 0.091 seconds
