[2024-09-28T02:18:54.877+0000] {processor.py:186} INFO - Started process (PID=70) to work on /home/airflow/.local/lib/python3.12/site-packages/airflow/example_dags/example_workday_timetable.py
[2024-09-28T02:18:54.883+0000] {processor.py:914} INFO - Processing file /home/airflow/.local/lib/python3.12/site-packages/airflow/example_dags/example_workday_timetable.py for tasks to queue
[2024-09-28T02:18:54.942+0000] {logging_mixin.py:190} INFO - [2024-09-28T02:18:54.941+0000] {dagbag.py:588} INFO - Filling up the DagBag from /home/airflow/.local/lib/python3.12/site-packages/airflow/example_dags/example_workday_timetable.py
[2024-09-28T02:18:54.985+0000] {processor.py:925} INFO - DAG(s) 'example_workday_timetable' retrieved from /home/airflow/.local/lib/python3.12/site-packages/airflow/example_dags/example_workday_timetable.py
[2024-09-28T02:18:55.115+0000] {logging_mixin.py:190} INFO - [2024-09-28T02:18:55.115+0000] {dag.py:3239} INFO - Sync 1 DAGs
[2024-09-28T02:18:55.308+0000] {logging_mixin.py:190} INFO - [2024-09-28T02:18:55.307+0000] {dag.py:4180} INFO - Setting next_dagrun for example_workday_timetable to 2021-01-04 00:00:00+00:00, run_after=2021-01-05 00:00:00+00:00
[2024-09-28T02:18:55.491+0000] {processor.py:208} INFO - Processing /home/airflow/.local/lib/python3.12/site-packages/airflow/example_dags/example_workday_timetable.py took 0.632 seconds
[2024-09-28T02:19:26.596+0000] {processor.py:186} INFO - Started process (PID=133) to work on /home/airflow/.local/lib/python3.12/site-packages/airflow/example_dags/example_workday_timetable.py
[2024-09-28T02:19:26.597+0000] {processor.py:914} INFO - Processing file /home/airflow/.local/lib/python3.12/site-packages/airflow/example_dags/example_workday_timetable.py for tasks to queue
[2024-09-28T02:19:26.600+0000] {logging_mixin.py:190} INFO - [2024-09-28T02:19:26.599+0000] {dagbag.py:588} INFO - Filling up the DagBag from /home/airflow/.local/lib/python3.12/site-packages/airflow/example_dags/example_workday_timetable.py
[2024-09-28T02:19:26.605+0000] {processor.py:925} INFO - DAG(s) 'example_workday_timetable' retrieved from /home/airflow/.local/lib/python3.12/site-packages/airflow/example_dags/example_workday_timetable.py
[2024-09-28T02:19:26.628+0000] {logging_mixin.py:190} INFO - [2024-09-28T02:19:26.627+0000] {dag.py:3239} INFO - Sync 1 DAGs
[2024-09-28T02:19:26.732+0000] {logging_mixin.py:190} INFO - [2024-09-28T02:19:26.732+0000] {dag.py:4180} INFO - Setting next_dagrun for example_workday_timetable to 2021-01-04 00:00:00+00:00, run_after=2021-01-05 00:00:00+00:00
[2024-09-28T02:19:26.754+0000] {processor.py:208} INFO - Processing /home/airflow/.local/lib/python3.12/site-packages/airflow/example_dags/example_workday_timetable.py took 0.163 seconds
[2024-09-28T02:19:57.557+0000] {processor.py:186} INFO - Started process (PID=196) to work on /home/airflow/.local/lib/python3.12/site-packages/airflow/example_dags/example_workday_timetable.py
[2024-09-28T02:19:57.559+0000] {processor.py:914} INFO - Processing file /home/airflow/.local/lib/python3.12/site-packages/airflow/example_dags/example_workday_timetable.py for tasks to queue
[2024-09-28T02:19:57.561+0000] {logging_mixin.py:190} INFO - [2024-09-28T02:19:57.561+0000] {dagbag.py:588} INFO - Filling up the DagBag from /home/airflow/.local/lib/python3.12/site-packages/airflow/example_dags/example_workday_timetable.py
[2024-09-28T02:19:57.567+0000] {processor.py:925} INFO - DAG(s) 'example_workday_timetable' retrieved from /home/airflow/.local/lib/python3.12/site-packages/airflow/example_dags/example_workday_timetable.py
[2024-09-28T02:19:57.584+0000] {logging_mixin.py:190} INFO - [2024-09-28T02:19:57.584+0000] {dag.py:3239} INFO - Sync 1 DAGs
[2024-09-28T02:19:57.662+0000] {logging_mixin.py:190} INFO - [2024-09-28T02:19:57.662+0000] {dag.py:4180} INFO - Setting next_dagrun for example_workday_timetable to 2021-01-04 00:00:00+00:00, run_after=2021-01-05 00:00:00+00:00
[2024-09-28T02:19:57.685+0000] {processor.py:208} INFO - Processing /home/airflow/.local/lib/python3.12/site-packages/airflow/example_dags/example_workday_timetable.py took 0.133 seconds
[2024-09-28T02:20:27.928+0000] {processor.py:186} INFO - Started process (PID=259) to work on /home/airflow/.local/lib/python3.12/site-packages/airflow/example_dags/example_workday_timetable.py
[2024-09-28T02:20:27.929+0000] {processor.py:914} INFO - Processing file /home/airflow/.local/lib/python3.12/site-packages/airflow/example_dags/example_workday_timetable.py for tasks to queue
[2024-09-28T02:20:27.932+0000] {logging_mixin.py:190} INFO - [2024-09-28T02:20:27.932+0000] {dagbag.py:588} INFO - Filling up the DagBag from /home/airflow/.local/lib/python3.12/site-packages/airflow/example_dags/example_workday_timetable.py
[2024-09-28T02:20:27.939+0000] {processor.py:925} INFO - DAG(s) 'example_workday_timetable' retrieved from /home/airflow/.local/lib/python3.12/site-packages/airflow/example_dags/example_workday_timetable.py
[2024-09-28T02:20:27.966+0000] {logging_mixin.py:190} INFO - [2024-09-28T02:20:27.965+0000] {dag.py:3239} INFO - Sync 1 DAGs
[2024-09-28T02:20:28.070+0000] {logging_mixin.py:190} INFO - [2024-09-28T02:20:28.069+0000] {dag.py:4180} INFO - Setting next_dagrun for example_workday_timetable to 2021-01-04 00:00:00+00:00, run_after=2021-01-05 00:00:00+00:00
[2024-09-28T02:20:28.100+0000] {processor.py:208} INFO - Processing /home/airflow/.local/lib/python3.12/site-packages/airflow/example_dags/example_workday_timetable.py took 0.178 seconds
[2024-09-28T02:20:58.825+0000] {processor.py:186} INFO - Started process (PID=322) to work on /home/airflow/.local/lib/python3.12/site-packages/airflow/example_dags/example_workday_timetable.py
[2024-09-28T02:20:58.827+0000] {processor.py:914} INFO - Processing file /home/airflow/.local/lib/python3.12/site-packages/airflow/example_dags/example_workday_timetable.py for tasks to queue
[2024-09-28T02:20:58.830+0000] {logging_mixin.py:190} INFO - [2024-09-28T02:20:58.829+0000] {dagbag.py:588} INFO - Filling up the DagBag from /home/airflow/.local/lib/python3.12/site-packages/airflow/example_dags/example_workday_timetable.py
[2024-09-28T02:20:58.836+0000] {processor.py:925} INFO - DAG(s) 'example_workday_timetable' retrieved from /home/airflow/.local/lib/python3.12/site-packages/airflow/example_dags/example_workday_timetable.py
[2024-09-28T02:20:58.861+0000] {logging_mixin.py:190} INFO - [2024-09-28T02:20:58.861+0000] {dag.py:3239} INFO - Sync 1 DAGs
[2024-09-28T02:20:58.954+0000] {logging_mixin.py:190} INFO - [2024-09-28T02:20:58.954+0000] {dag.py:4180} INFO - Setting next_dagrun for example_workday_timetable to 2021-01-04 00:00:00+00:00, run_after=2021-01-05 00:00:00+00:00
[2024-09-28T02:20:58.989+0000] {processor.py:208} INFO - Processing /home/airflow/.local/lib/python3.12/site-packages/airflow/example_dags/example_workday_timetable.py took 0.170 seconds
[2024-09-28T02:21:29.199+0000] {processor.py:186} INFO - Started process (PID=385) to work on /home/airflow/.local/lib/python3.12/site-packages/airflow/example_dags/example_workday_timetable.py
[2024-09-28T02:21:29.201+0000] {processor.py:914} INFO - Processing file /home/airflow/.local/lib/python3.12/site-packages/airflow/example_dags/example_workday_timetable.py for tasks to queue
[2024-09-28T02:21:29.204+0000] {logging_mixin.py:190} INFO - [2024-09-28T02:21:29.204+0000] {dagbag.py:588} INFO - Filling up the DagBag from /home/airflow/.local/lib/python3.12/site-packages/airflow/example_dags/example_workday_timetable.py
[2024-09-28T02:21:29.210+0000] {processor.py:925} INFO - DAG(s) 'example_workday_timetable' retrieved from /home/airflow/.local/lib/python3.12/site-packages/airflow/example_dags/example_workday_timetable.py
[2024-09-28T02:21:29.232+0000] {logging_mixin.py:190} INFO - [2024-09-28T02:21:29.232+0000] {dag.py:3239} INFO - Sync 1 DAGs
[2024-09-28T02:21:29.330+0000] {logging_mixin.py:190} INFO - [2024-09-28T02:21:29.330+0000] {dag.py:4180} INFO - Setting next_dagrun for example_workday_timetable to 2021-01-04 00:00:00+00:00, run_after=2021-01-05 00:00:00+00:00
[2024-09-28T02:21:29.371+0000] {processor.py:208} INFO - Processing /home/airflow/.local/lib/python3.12/site-packages/airflow/example_dags/example_workday_timetable.py took 0.178 seconds
[2024-09-28T02:21:59.613+0000] {processor.py:186} INFO - Started process (PID=448) to work on /home/airflow/.local/lib/python3.12/site-packages/airflow/example_dags/example_workday_timetable.py
[2024-09-28T02:21:59.614+0000] {processor.py:914} INFO - Processing file /home/airflow/.local/lib/python3.12/site-packages/airflow/example_dags/example_workday_timetable.py for tasks to queue
[2024-09-28T02:21:59.617+0000] {logging_mixin.py:190} INFO - [2024-09-28T02:21:59.616+0000] {dagbag.py:588} INFO - Filling up the DagBag from /home/airflow/.local/lib/python3.12/site-packages/airflow/example_dags/example_workday_timetable.py
[2024-09-28T02:21:59.621+0000] {processor.py:925} INFO - DAG(s) 'example_workday_timetable' retrieved from /home/airflow/.local/lib/python3.12/site-packages/airflow/example_dags/example_workday_timetable.py
[2024-09-28T02:21:59.640+0000] {logging_mixin.py:190} INFO - [2024-09-28T02:21:59.640+0000] {dag.py:3239} INFO - Sync 1 DAGs
[2024-09-28T02:21:59.724+0000] {logging_mixin.py:190} INFO - [2024-09-28T02:21:59.724+0000] {dag.py:4180} INFO - Setting next_dagrun for example_workday_timetable to 2021-01-04 00:00:00+00:00, run_after=2021-01-05 00:00:00+00:00
[2024-09-28T02:21:59.748+0000] {processor.py:208} INFO - Processing /home/airflow/.local/lib/python3.12/site-packages/airflow/example_dags/example_workday_timetable.py took 0.139 seconds
[2024-09-28T02:22:30.004+0000] {processor.py:186} INFO - Started process (PID=511) to work on /home/airflow/.local/lib/python3.12/site-packages/airflow/example_dags/example_workday_timetable.py
[2024-09-28T02:22:30.005+0000] {processor.py:914} INFO - Processing file /home/airflow/.local/lib/python3.12/site-packages/airflow/example_dags/example_workday_timetable.py for tasks to queue
[2024-09-28T02:22:30.008+0000] {logging_mixin.py:190} INFO - [2024-09-28T02:22:30.007+0000] {dagbag.py:588} INFO - Filling up the DagBag from /home/airflow/.local/lib/python3.12/site-packages/airflow/example_dags/example_workday_timetable.py
[2024-09-28T02:22:30.014+0000] {processor.py:925} INFO - DAG(s) 'example_workday_timetable' retrieved from /home/airflow/.local/lib/python3.12/site-packages/airflow/example_dags/example_workday_timetable.py
[2024-09-28T02:22:30.031+0000] {logging_mixin.py:190} INFO - [2024-09-28T02:22:30.031+0000] {dag.py:3239} INFO - Sync 1 DAGs
[2024-09-28T02:22:30.096+0000] {logging_mixin.py:190} INFO - [2024-09-28T02:22:30.096+0000] {dag.py:4180} INFO - Setting next_dagrun for example_workday_timetable to 2021-01-04 00:00:00+00:00, run_after=2021-01-05 00:00:00+00:00
[2024-09-28T02:22:30.119+0000] {processor.py:208} INFO - Processing /home/airflow/.local/lib/python3.12/site-packages/airflow/example_dags/example_workday_timetable.py took 0.120 seconds
[2024-09-28T02:23:00.181+0000] {processor.py:186} INFO - Started process (PID=575) to work on /home/airflow/.local/lib/python3.12/site-packages/airflow/example_dags/example_workday_timetable.py
[2024-09-28T02:23:00.183+0000] {processor.py:914} INFO - Processing file /home/airflow/.local/lib/python3.12/site-packages/airflow/example_dags/example_workday_timetable.py for tasks to queue
[2024-09-28T02:23:00.185+0000] {logging_mixin.py:190} INFO - [2024-09-28T02:23:00.185+0000] {dagbag.py:588} INFO - Filling up the DagBag from /home/airflow/.local/lib/python3.12/site-packages/airflow/example_dags/example_workday_timetable.py
[2024-09-28T02:23:00.191+0000] {processor.py:925} INFO - DAG(s) 'example_workday_timetable' retrieved from /home/airflow/.local/lib/python3.12/site-packages/airflow/example_dags/example_workday_timetable.py
[2024-09-28T02:23:00.211+0000] {logging_mixin.py:190} INFO - [2024-09-28T02:23:00.211+0000] {dag.py:3239} INFO - Sync 1 DAGs
[2024-09-28T02:23:00.267+0000] {logging_mixin.py:190} INFO - [2024-09-28T02:23:00.267+0000] {dag.py:4180} INFO - Setting next_dagrun for example_workday_timetable to 2021-01-04 00:00:00+00:00, run_after=2021-01-05 00:00:00+00:00
[2024-09-28T02:23:00.293+0000] {processor.py:208} INFO - Processing /home/airflow/.local/lib/python3.12/site-packages/airflow/example_dags/example_workday_timetable.py took 0.117 seconds
[2024-09-28T02:23:30.435+0000] {processor.py:186} INFO - Started process (PID=638) to work on /home/airflow/.local/lib/python3.12/site-packages/airflow/example_dags/example_workday_timetable.py
[2024-09-28T02:23:30.436+0000] {processor.py:914} INFO - Processing file /home/airflow/.local/lib/python3.12/site-packages/airflow/example_dags/example_workday_timetable.py for tasks to queue
[2024-09-28T02:23:30.438+0000] {logging_mixin.py:190} INFO - [2024-09-28T02:23:30.438+0000] {dagbag.py:588} INFO - Filling up the DagBag from /home/airflow/.local/lib/python3.12/site-packages/airflow/example_dags/example_workday_timetable.py
[2024-09-28T02:23:30.443+0000] {processor.py:925} INFO - DAG(s) 'example_workday_timetable' retrieved from /home/airflow/.local/lib/python3.12/site-packages/airflow/example_dags/example_workday_timetable.py
[2024-09-28T02:23:30.461+0000] {logging_mixin.py:190} INFO - [2024-09-28T02:23:30.461+0000] {dag.py:3239} INFO - Sync 1 DAGs
[2024-09-28T02:23:30.521+0000] {logging_mixin.py:190} INFO - [2024-09-28T02:23:30.521+0000] {dag.py:4180} INFO - Setting next_dagrun for example_workday_timetable to 2021-01-04 00:00:00+00:00, run_after=2021-01-05 00:00:00+00:00
[2024-09-28T02:23:30.546+0000] {processor.py:208} INFO - Processing /home/airflow/.local/lib/python3.12/site-packages/airflow/example_dags/example_workday_timetable.py took 0.117 seconds
[2024-09-28T02:24:01.437+0000] {processor.py:186} INFO - Started process (PID=701) to work on /home/airflow/.local/lib/python3.12/site-packages/airflow/example_dags/example_workday_timetable.py
[2024-09-28T02:24:01.439+0000] {processor.py:914} INFO - Processing file /home/airflow/.local/lib/python3.12/site-packages/airflow/example_dags/example_workday_timetable.py for tasks to queue
[2024-09-28T02:24:01.443+0000] {logging_mixin.py:190} INFO - [2024-09-28T02:24:01.442+0000] {dagbag.py:588} INFO - Filling up the DagBag from /home/airflow/.local/lib/python3.12/site-packages/airflow/example_dags/example_workday_timetable.py
[2024-09-28T02:24:01.449+0000] {processor.py:925} INFO - DAG(s) 'example_workday_timetable' retrieved from /home/airflow/.local/lib/python3.12/site-packages/airflow/example_dags/example_workday_timetable.py
[2024-09-28T02:24:01.476+0000] {logging_mixin.py:190} INFO - [2024-09-28T02:24:01.475+0000] {dag.py:3239} INFO - Sync 1 DAGs
[2024-09-28T02:24:01.575+0000] {logging_mixin.py:190} INFO - [2024-09-28T02:24:01.575+0000] {dag.py:4180} INFO - Setting next_dagrun for example_workday_timetable to 2021-01-04 00:00:00+00:00, run_after=2021-01-05 00:00:00+00:00
[2024-09-28T02:24:01.609+0000] {processor.py:208} INFO - Processing /home/airflow/.local/lib/python3.12/site-packages/airflow/example_dags/example_workday_timetable.py took 0.179 seconds
[2024-09-28T02:24:31.792+0000] {processor.py:186} INFO - Started process (PID=765) to work on /home/airflow/.local/lib/python3.12/site-packages/airflow/example_dags/example_workday_timetable.py
[2024-09-28T02:24:31.793+0000] {processor.py:914} INFO - Processing file /home/airflow/.local/lib/python3.12/site-packages/airflow/example_dags/example_workday_timetable.py for tasks to queue
[2024-09-28T02:24:31.796+0000] {logging_mixin.py:190} INFO - [2024-09-28T02:24:31.796+0000] {dagbag.py:588} INFO - Filling up the DagBag from /home/airflow/.local/lib/python3.12/site-packages/airflow/example_dags/example_workday_timetable.py
[2024-09-28T02:24:31.805+0000] {processor.py:925} INFO - DAG(s) 'example_workday_timetable' retrieved from /home/airflow/.local/lib/python3.12/site-packages/airflow/example_dags/example_workday_timetable.py
[2024-09-28T02:24:31.823+0000] {logging_mixin.py:190} INFO - [2024-09-28T02:24:31.823+0000] {dag.py:3239} INFO - Sync 1 DAGs
[2024-09-28T02:24:31.886+0000] {logging_mixin.py:190} INFO - [2024-09-28T02:24:31.886+0000] {dag.py:4180} INFO - Setting next_dagrun for example_workday_timetable to 2021-01-04 00:00:00+00:00, run_after=2021-01-05 00:00:00+00:00
[2024-09-28T02:24:31.910+0000] {processor.py:208} INFO - Processing /home/airflow/.local/lib/python3.12/site-packages/airflow/example_dags/example_workday_timetable.py took 0.122 seconds
[2024-09-28T02:25:02.298+0000] {processor.py:186} INFO - Started process (PID=827) to work on /home/airflow/.local/lib/python3.12/site-packages/airflow/example_dags/example_workday_timetable.py
[2024-09-28T02:25:02.299+0000] {processor.py:914} INFO - Processing file /home/airflow/.local/lib/python3.12/site-packages/airflow/example_dags/example_workday_timetable.py for tasks to queue
[2024-09-28T02:25:02.302+0000] {logging_mixin.py:190} INFO - [2024-09-28T02:25:02.301+0000] {dagbag.py:588} INFO - Filling up the DagBag from /home/airflow/.local/lib/python3.12/site-packages/airflow/example_dags/example_workday_timetable.py
[2024-09-28T02:25:02.307+0000] {processor.py:925} INFO - DAG(s) 'example_workday_timetable' retrieved from /home/airflow/.local/lib/python3.12/site-packages/airflow/example_dags/example_workday_timetable.py
[2024-09-28T02:25:02.327+0000] {logging_mixin.py:190} INFO - [2024-09-28T02:25:02.326+0000] {dag.py:3239} INFO - Sync 1 DAGs
[2024-09-28T02:25:02.386+0000] {logging_mixin.py:190} INFO - [2024-09-28T02:25:02.386+0000] {dag.py:4180} INFO - Setting next_dagrun for example_workday_timetable to 2021-01-04 00:00:00+00:00, run_after=2021-01-05 00:00:00+00:00
[2024-09-28T02:25:02.410+0000] {processor.py:208} INFO - Processing /home/airflow/.local/lib/python3.12/site-packages/airflow/example_dags/example_workday_timetable.py took 0.116 seconds
[2024-09-28T02:25:32.608+0000] {processor.py:186} INFO - Started process (PID=890) to work on /home/airflow/.local/lib/python3.12/site-packages/airflow/example_dags/example_workday_timetable.py
[2024-09-28T02:25:32.609+0000] {processor.py:914} INFO - Processing file /home/airflow/.local/lib/python3.12/site-packages/airflow/example_dags/example_workday_timetable.py for tasks to queue
[2024-09-28T02:25:32.612+0000] {logging_mixin.py:190} INFO - [2024-09-28T02:25:32.612+0000] {dagbag.py:588} INFO - Filling up the DagBag from /home/airflow/.local/lib/python3.12/site-packages/airflow/example_dags/example_workday_timetable.py
[2024-09-28T02:25:32.619+0000] {processor.py:925} INFO - DAG(s) 'example_workday_timetable' retrieved from /home/airflow/.local/lib/python3.12/site-packages/airflow/example_dags/example_workday_timetable.py
[2024-09-28T02:25:32.643+0000] {logging_mixin.py:190} INFO - [2024-09-28T02:25:32.642+0000] {dag.py:3239} INFO - Sync 1 DAGs
[2024-09-28T02:25:32.715+0000] {logging_mixin.py:190} INFO - [2024-09-28T02:25:32.714+0000] {dag.py:4180} INFO - Setting next_dagrun for example_workday_timetable to 2021-01-04 00:00:00+00:00, run_after=2021-01-05 00:00:00+00:00
[2024-09-28T02:25:32.745+0000] {processor.py:208} INFO - Processing /home/airflow/.local/lib/python3.12/site-packages/airflow/example_dags/example_workday_timetable.py took 0.144 seconds
[2024-09-28T02:26:02.958+0000] {processor.py:186} INFO - Started process (PID=953) to work on /home/airflow/.local/lib/python3.12/site-packages/airflow/example_dags/example_workday_timetable.py
[2024-09-28T02:26:02.959+0000] {processor.py:914} INFO - Processing file /home/airflow/.local/lib/python3.12/site-packages/airflow/example_dags/example_workday_timetable.py for tasks to queue
[2024-09-28T02:26:02.962+0000] {logging_mixin.py:190} INFO - [2024-09-28T02:26:02.961+0000] {dagbag.py:588} INFO - Filling up the DagBag from /home/airflow/.local/lib/python3.12/site-packages/airflow/example_dags/example_workday_timetable.py
[2024-09-28T02:26:02.968+0000] {processor.py:925} INFO - DAG(s) 'example_workday_timetable' retrieved from /home/airflow/.local/lib/python3.12/site-packages/airflow/example_dags/example_workday_timetable.py
[2024-09-28T02:26:02.989+0000] {logging_mixin.py:190} INFO - [2024-09-28T02:26:02.988+0000] {dag.py:3239} INFO - Sync 1 DAGs
[2024-09-28T02:26:03.049+0000] {logging_mixin.py:190} INFO - [2024-09-28T02:26:03.049+0000] {dag.py:4180} INFO - Setting next_dagrun for example_workday_timetable to 2021-01-04 00:00:00+00:00, run_after=2021-01-05 00:00:00+00:00
[2024-09-28T02:26:03.076+0000] {processor.py:208} INFO - Processing /home/airflow/.local/lib/python3.12/site-packages/airflow/example_dags/example_workday_timetable.py took 0.124 seconds
[2024-09-28T02:45:59.338+0000] {processor.py:186} INFO - Started process (PID=69) to work on /home/airflow/.local/lib/python3.12/site-packages/airflow/example_dags/example_workday_timetable.py
[2024-09-28T02:45:59.344+0000] {processor.py:914} INFO - Processing file /home/airflow/.local/lib/python3.12/site-packages/airflow/example_dags/example_workday_timetable.py for tasks to queue
[2024-09-28T02:45:59.389+0000] {logging_mixin.py:190} INFO - [2024-09-28T02:45:59.388+0000] {dagbag.py:588} INFO - Filling up the DagBag from /home/airflow/.local/lib/python3.12/site-packages/airflow/example_dags/example_workday_timetable.py
[2024-09-28T02:45:59.423+0000] {processor.py:925} INFO - DAG(s) 'example_workday_timetable' retrieved from /home/airflow/.local/lib/python3.12/site-packages/airflow/example_dags/example_workday_timetable.py
[2024-09-28T02:45:59.577+0000] {logging_mixin.py:190} INFO - [2024-09-28T02:45:59.576+0000] {dag.py:3239} INFO - Sync 1 DAGs
[2024-09-28T02:45:59.904+0000] {logging_mixin.py:190} INFO - [2024-09-28T02:45:59.903+0000] {dag.py:4180} INFO - Setting next_dagrun for example_workday_timetable to 2021-01-04 00:00:00+00:00, run_after=2021-01-05 00:00:00+00:00
[2024-09-28T02:45:59.970+0000] {processor.py:208} INFO - Processing /home/airflow/.local/lib/python3.12/site-packages/airflow/example_dags/example_workday_timetable.py took 0.749 seconds
[2024-09-28T02:46:30.118+0000] {processor.py:186} INFO - Started process (PID=132) to work on /home/airflow/.local/lib/python3.12/site-packages/airflow/example_dags/example_workday_timetable.py
[2024-09-28T02:46:30.120+0000] {processor.py:914} INFO - Processing file /home/airflow/.local/lib/python3.12/site-packages/airflow/example_dags/example_workday_timetable.py for tasks to queue
[2024-09-28T02:46:30.123+0000] {logging_mixin.py:190} INFO - [2024-09-28T02:46:30.123+0000] {dagbag.py:588} INFO - Filling up the DagBag from /home/airflow/.local/lib/python3.12/site-packages/airflow/example_dags/example_workday_timetable.py
[2024-09-28T02:46:30.132+0000] {processor.py:925} INFO - DAG(s) 'example_workday_timetable' retrieved from /home/airflow/.local/lib/python3.12/site-packages/airflow/example_dags/example_workday_timetable.py
[2024-09-28T02:46:30.308+0000] {logging_mixin.py:190} INFO - [2024-09-28T02:46:30.307+0000] {dag.py:3239} INFO - Sync 1 DAGs
[2024-09-28T02:46:30.457+0000] {logging_mixin.py:190} INFO - [2024-09-28T02:46:30.457+0000] {dag.py:4180} INFO - Setting next_dagrun for example_workday_timetable to 2021-01-04 00:00:00+00:00, run_after=2021-01-05 00:00:00+00:00
[2024-09-28T02:46:30.500+0000] {processor.py:208} INFO - Processing /home/airflow/.local/lib/python3.12/site-packages/airflow/example_dags/example_workday_timetable.py took 0.390 seconds
[2024-09-28T02:47:00.810+0000] {processor.py:186} INFO - Started process (PID=195) to work on /home/airflow/.local/lib/python3.12/site-packages/airflow/example_dags/example_workday_timetable.py
[2024-09-28T02:47:00.817+0000] {processor.py:914} INFO - Processing file /home/airflow/.local/lib/python3.12/site-packages/airflow/example_dags/example_workday_timetable.py for tasks to queue
[2024-09-28T02:47:00.821+0000] {logging_mixin.py:190} INFO - [2024-09-28T02:47:00.821+0000] {dagbag.py:588} INFO - Filling up the DagBag from /home/airflow/.local/lib/python3.12/site-packages/airflow/example_dags/example_workday_timetable.py
[2024-09-28T02:47:00.831+0000] {processor.py:925} INFO - DAG(s) 'example_workday_timetable' retrieved from /home/airflow/.local/lib/python3.12/site-packages/airflow/example_dags/example_workday_timetable.py
[2024-09-28T02:47:00.866+0000] {logging_mixin.py:190} INFO - [2024-09-28T02:47:00.865+0000] {dag.py:3239} INFO - Sync 1 DAGs
[2024-09-28T02:47:01.106+0000] {logging_mixin.py:190} INFO - [2024-09-28T02:47:01.105+0000] {dag.py:4180} INFO - Setting next_dagrun for example_workday_timetable to 2021-01-04 00:00:00+00:00, run_after=2021-01-05 00:00:00+00:00
[2024-09-28T02:47:01.152+0000] {processor.py:208} INFO - Processing /home/airflow/.local/lib/python3.12/site-packages/airflow/example_dags/example_workday_timetable.py took 0.349 seconds
[2024-09-28T02:47:31.607+0000] {processor.py:186} INFO - Started process (PID=259) to work on /home/airflow/.local/lib/python3.12/site-packages/airflow/example_dags/example_workday_timetable.py
[2024-09-28T02:47:31.609+0000] {processor.py:914} INFO - Processing file /home/airflow/.local/lib/python3.12/site-packages/airflow/example_dags/example_workday_timetable.py for tasks to queue
[2024-09-28T02:47:31.611+0000] {logging_mixin.py:190} INFO - [2024-09-28T02:47:31.610+0000] {dagbag.py:588} INFO - Filling up the DagBag from /home/airflow/.local/lib/python3.12/site-packages/airflow/example_dags/example_workday_timetable.py
[2024-09-28T02:47:31.617+0000] {processor.py:925} INFO - DAG(s) 'example_workday_timetable' retrieved from /home/airflow/.local/lib/python3.12/site-packages/airflow/example_dags/example_workday_timetable.py
[2024-09-28T02:47:31.637+0000] {logging_mixin.py:190} INFO - [2024-09-28T02:47:31.636+0000] {dag.py:3239} INFO - Sync 1 DAGs
[2024-09-28T02:47:31.800+0000] {logging_mixin.py:190} INFO - [2024-09-28T02:47:31.800+0000] {dag.py:4180} INFO - Setting next_dagrun for example_workday_timetable to 2021-01-04 00:00:00+00:00, run_after=2021-01-05 00:00:00+00:00
[2024-09-28T02:47:31.826+0000] {processor.py:208} INFO - Processing /home/airflow/.local/lib/python3.12/site-packages/airflow/example_dags/example_workday_timetable.py took 0.224 seconds
[2024-09-28T02:48:01.879+0000] {processor.py:186} INFO - Started process (PID=323) to work on /home/airflow/.local/lib/python3.12/site-packages/airflow/example_dags/example_workday_timetable.py
[2024-09-28T02:48:01.880+0000] {processor.py:914} INFO - Processing file /home/airflow/.local/lib/python3.12/site-packages/airflow/example_dags/example_workday_timetable.py for tasks to queue
[2024-09-28T02:48:01.883+0000] {logging_mixin.py:190} INFO - [2024-09-28T02:48:01.882+0000] {dagbag.py:588} INFO - Filling up the DagBag from /home/airflow/.local/lib/python3.12/site-packages/airflow/example_dags/example_workday_timetable.py
[2024-09-28T02:48:01.888+0000] {processor.py:925} INFO - DAG(s) 'example_workday_timetable' retrieved from /home/airflow/.local/lib/python3.12/site-packages/airflow/example_dags/example_workday_timetable.py
[2024-09-28T02:48:01.908+0000] {logging_mixin.py:190} INFO - [2024-09-28T02:48:01.908+0000] {dag.py:3239} INFO - Sync 1 DAGs
[2024-09-28T02:48:02.042+0000] {logging_mixin.py:190} INFO - [2024-09-28T02:48:02.042+0000] {dag.py:4180} INFO - Setting next_dagrun for example_workday_timetable to 2021-01-04 00:00:00+00:00, run_after=2021-01-05 00:00:00+00:00
[2024-09-28T02:48:02.071+0000] {processor.py:208} INFO - Processing /home/airflow/.local/lib/python3.12/site-packages/airflow/example_dags/example_workday_timetable.py took 0.196 seconds
[2024-09-28T02:48:32.809+0000] {processor.py:186} INFO - Started process (PID=385) to work on /home/airflow/.local/lib/python3.12/site-packages/airflow/example_dags/example_workday_timetable.py
[2024-09-28T02:48:32.810+0000] {processor.py:914} INFO - Processing file /home/airflow/.local/lib/python3.12/site-packages/airflow/example_dags/example_workday_timetable.py for tasks to queue
[2024-09-28T02:48:32.812+0000] {logging_mixin.py:190} INFO - [2024-09-28T02:48:32.812+0000] {dagbag.py:588} INFO - Filling up the DagBag from /home/airflow/.local/lib/python3.12/site-packages/airflow/example_dags/example_workday_timetable.py
[2024-09-28T02:48:32.818+0000] {processor.py:925} INFO - DAG(s) 'example_workday_timetable' retrieved from /home/airflow/.local/lib/python3.12/site-packages/airflow/example_dags/example_workday_timetable.py
[2024-09-28T02:48:32.835+0000] {logging_mixin.py:190} INFO - [2024-09-28T02:48:32.835+0000] {dag.py:3239} INFO - Sync 1 DAGs
[2024-09-28T02:48:32.956+0000] {logging_mixin.py:190} INFO - [2024-09-28T02:48:32.956+0000] {dag.py:4180} INFO - Setting next_dagrun for example_workday_timetable to 2021-01-04 00:00:00+00:00, run_after=2021-01-05 00:00:00+00:00
[2024-09-28T02:48:32.979+0000] {processor.py:208} INFO - Processing /home/airflow/.local/lib/python3.12/site-packages/airflow/example_dags/example_workday_timetable.py took 0.175 seconds
[2024-09-28T02:49:03.739+0000] {processor.py:186} INFO - Started process (PID=448) to work on /home/airflow/.local/lib/python3.12/site-packages/airflow/example_dags/example_workday_timetable.py
[2024-09-28T02:49:03.740+0000] {processor.py:914} INFO - Processing file /home/airflow/.local/lib/python3.12/site-packages/airflow/example_dags/example_workday_timetable.py for tasks to queue
[2024-09-28T02:49:03.742+0000] {logging_mixin.py:190} INFO - [2024-09-28T02:49:03.742+0000] {dagbag.py:588} INFO - Filling up the DagBag from /home/airflow/.local/lib/python3.12/site-packages/airflow/example_dags/example_workday_timetable.py
[2024-09-28T02:49:03.748+0000] {processor.py:925} INFO - DAG(s) 'example_workday_timetable' retrieved from /home/airflow/.local/lib/python3.12/site-packages/airflow/example_dags/example_workday_timetable.py
[2024-09-28T02:49:03.767+0000] {logging_mixin.py:190} INFO - [2024-09-28T02:49:03.766+0000] {dag.py:3239} INFO - Sync 1 DAGs
[2024-09-28T02:49:03.902+0000] {logging_mixin.py:190} INFO - [2024-09-28T02:49:03.901+0000] {dag.py:4180} INFO - Setting next_dagrun for example_workday_timetable to 2021-01-04 00:00:00+00:00, run_after=2021-01-05 00:00:00+00:00
[2024-09-28T02:49:03.925+0000] {processor.py:208} INFO - Processing /home/airflow/.local/lib/python3.12/site-packages/airflow/example_dags/example_workday_timetable.py took 0.191 seconds
[2024-09-28T02:49:34.650+0000] {processor.py:186} INFO - Started process (PID=511) to work on /home/airflow/.local/lib/python3.12/site-packages/airflow/example_dags/example_workday_timetable.py
[2024-09-28T02:49:34.651+0000] {processor.py:914} INFO - Processing file /home/airflow/.local/lib/python3.12/site-packages/airflow/example_dags/example_workday_timetable.py for tasks to queue
[2024-09-28T02:49:34.654+0000] {logging_mixin.py:190} INFO - [2024-09-28T02:49:34.653+0000] {dagbag.py:588} INFO - Filling up the DagBag from /home/airflow/.local/lib/python3.12/site-packages/airflow/example_dags/example_workday_timetable.py
[2024-09-28T02:49:34.659+0000] {processor.py:925} INFO - DAG(s) 'example_workday_timetable' retrieved from /home/airflow/.local/lib/python3.12/site-packages/airflow/example_dags/example_workday_timetable.py
[2024-09-28T02:49:34.679+0000] {logging_mixin.py:190} INFO - [2024-09-28T02:49:34.678+0000] {dag.py:3239} INFO - Sync 1 DAGs
[2024-09-28T02:49:34.808+0000] {logging_mixin.py:190} INFO - [2024-09-28T02:49:34.807+0000] {dag.py:4180} INFO - Setting next_dagrun for example_workday_timetable to 2021-01-04 00:00:00+00:00, run_after=2021-01-05 00:00:00+00:00
[2024-09-28T02:49:34.831+0000] {processor.py:208} INFO - Processing /home/airflow/.local/lib/python3.12/site-packages/airflow/example_dags/example_workday_timetable.py took 0.186 seconds
[2024-09-28T02:50:05.144+0000] {processor.py:186} INFO - Started process (PID=575) to work on /home/airflow/.local/lib/python3.12/site-packages/airflow/example_dags/example_workday_timetable.py
[2024-09-28T02:50:05.146+0000] {processor.py:914} INFO - Processing file /home/airflow/.local/lib/python3.12/site-packages/airflow/example_dags/example_workday_timetable.py for tasks to queue
[2024-09-28T02:50:05.151+0000] {logging_mixin.py:190} INFO - [2024-09-28T02:50:05.150+0000] {dagbag.py:588} INFO - Filling up the DagBag from /home/airflow/.local/lib/python3.12/site-packages/airflow/example_dags/example_workday_timetable.py
[2024-09-28T02:50:05.166+0000] {processor.py:925} INFO - DAG(s) 'example_workday_timetable' retrieved from /home/airflow/.local/lib/python3.12/site-packages/airflow/example_dags/example_workday_timetable.py
[2024-09-28T02:50:05.218+0000] {logging_mixin.py:190} INFO - [2024-09-28T02:50:05.217+0000] {dag.py:3239} INFO - Sync 1 DAGs
[2024-09-28T02:50:05.415+0000] {logging_mixin.py:190} INFO - [2024-09-28T02:50:05.415+0000] {dag.py:4180} INFO - Setting next_dagrun for example_workday_timetable to 2021-01-04 00:00:00+00:00, run_after=2021-01-05 00:00:00+00:00
[2024-09-28T02:50:05.444+0000] {processor.py:208} INFO - Processing /home/airflow/.local/lib/python3.12/site-packages/airflow/example_dags/example_workday_timetable.py took 0.319 seconds
[2024-09-28T02:50:36.143+0000] {processor.py:186} INFO - Started process (PID=638) to work on /home/airflow/.local/lib/python3.12/site-packages/airflow/example_dags/example_workday_timetable.py
[2024-09-28T02:50:36.144+0000] {processor.py:914} INFO - Processing file /home/airflow/.local/lib/python3.12/site-packages/airflow/example_dags/example_workday_timetable.py for tasks to queue
[2024-09-28T02:50:36.147+0000] {logging_mixin.py:190} INFO - [2024-09-28T02:50:36.146+0000] {dagbag.py:588} INFO - Filling up the DagBag from /home/airflow/.local/lib/python3.12/site-packages/airflow/example_dags/example_workday_timetable.py
[2024-09-28T02:50:36.153+0000] {processor.py:925} INFO - DAG(s) 'example_workday_timetable' retrieved from /home/airflow/.local/lib/python3.12/site-packages/airflow/example_dags/example_workday_timetable.py
[2024-09-28T02:50:36.171+0000] {logging_mixin.py:190} INFO - [2024-09-28T02:50:36.171+0000] {dag.py:3239} INFO - Sync 1 DAGs
[2024-09-28T02:50:36.307+0000] {logging_mixin.py:190} INFO - [2024-09-28T02:50:36.307+0000] {dag.py:4180} INFO - Setting next_dagrun for example_workday_timetable to 2021-01-04 00:00:00+00:00, run_after=2021-01-05 00:00:00+00:00
[2024-09-28T02:50:36.332+0000] {processor.py:208} INFO - Processing /home/airflow/.local/lib/python3.12/site-packages/airflow/example_dags/example_workday_timetable.py took 0.194 seconds
[2024-09-28T02:51:06.621+0000] {processor.py:186} INFO - Started process (PID=701) to work on /home/airflow/.local/lib/python3.12/site-packages/airflow/example_dags/example_workday_timetable.py
[2024-09-28T02:51:06.622+0000] {processor.py:914} INFO - Processing file /home/airflow/.local/lib/python3.12/site-packages/airflow/example_dags/example_workday_timetable.py for tasks to queue
[2024-09-28T02:51:06.625+0000] {logging_mixin.py:190} INFO - [2024-09-28T02:51:06.624+0000] {dagbag.py:588} INFO - Filling up the DagBag from /home/airflow/.local/lib/python3.12/site-packages/airflow/example_dags/example_workday_timetable.py
[2024-09-28T02:51:06.630+0000] {processor.py:925} INFO - DAG(s) 'example_workday_timetable' retrieved from /home/airflow/.local/lib/python3.12/site-packages/airflow/example_dags/example_workday_timetable.py
[2024-09-28T02:51:06.652+0000] {logging_mixin.py:190} INFO - [2024-09-28T02:51:06.651+0000] {dag.py:3239} INFO - Sync 1 DAGs
[2024-09-28T02:51:06.802+0000] {logging_mixin.py:190} INFO - [2024-09-28T02:51:06.802+0000] {dag.py:4180} INFO - Setting next_dagrun for example_workday_timetable to 2021-01-04 00:00:00+00:00, run_after=2021-01-05 00:00:00+00:00
[2024-09-28T02:51:06.829+0000] {processor.py:208} INFO - Processing /home/airflow/.local/lib/python3.12/site-packages/airflow/example_dags/example_workday_timetable.py took 0.214 seconds
[2024-09-28T02:51:37.331+0000] {processor.py:186} INFO - Started process (PID=764) to work on /home/airflow/.local/lib/python3.12/site-packages/airflow/example_dags/example_workday_timetable.py
[2024-09-28T02:51:37.332+0000] {processor.py:914} INFO - Processing file /home/airflow/.local/lib/python3.12/site-packages/airflow/example_dags/example_workday_timetable.py for tasks to queue
[2024-09-28T02:51:37.335+0000] {logging_mixin.py:190} INFO - [2024-09-28T02:51:37.334+0000] {dagbag.py:588} INFO - Filling up the DagBag from /home/airflow/.local/lib/python3.12/site-packages/airflow/example_dags/example_workday_timetable.py
[2024-09-28T02:51:37.340+0000] {processor.py:925} INFO - DAG(s) 'example_workday_timetable' retrieved from /home/airflow/.local/lib/python3.12/site-packages/airflow/example_dags/example_workday_timetable.py
[2024-09-28T02:51:37.359+0000] {logging_mixin.py:190} INFO - [2024-09-28T02:51:37.359+0000] {dag.py:3239} INFO - Sync 1 DAGs
[2024-09-28T02:51:37.496+0000] {logging_mixin.py:190} INFO - [2024-09-28T02:51:37.496+0000] {dag.py:4180} INFO - Setting next_dagrun for example_workday_timetable to 2021-01-04 00:00:00+00:00, run_after=2021-01-05 00:00:00+00:00
[2024-09-28T02:51:37.520+0000] {processor.py:208} INFO - Processing /home/airflow/.local/lib/python3.12/site-packages/airflow/example_dags/example_workday_timetable.py took 0.194 seconds
[2024-09-28T02:52:08.242+0000] {processor.py:186} INFO - Started process (PID=828) to work on /home/airflow/.local/lib/python3.12/site-packages/airflow/example_dags/example_workday_timetable.py
[2024-09-28T02:52:08.243+0000] {processor.py:914} INFO - Processing file /home/airflow/.local/lib/python3.12/site-packages/airflow/example_dags/example_workday_timetable.py for tasks to queue
[2024-09-28T02:52:08.246+0000] {logging_mixin.py:190} INFO - [2024-09-28T02:52:08.246+0000] {dagbag.py:588} INFO - Filling up the DagBag from /home/airflow/.local/lib/python3.12/site-packages/airflow/example_dags/example_workday_timetable.py
[2024-09-28T02:52:08.253+0000] {processor.py:925} INFO - DAG(s) 'example_workday_timetable' retrieved from /home/airflow/.local/lib/python3.12/site-packages/airflow/example_dags/example_workday_timetable.py
[2024-09-28T02:52:08.275+0000] {logging_mixin.py:190} INFO - [2024-09-28T02:52:08.274+0000] {dag.py:3239} INFO - Sync 1 DAGs
[2024-09-28T02:52:08.407+0000] {logging_mixin.py:190} INFO - [2024-09-28T02:52:08.406+0000] {dag.py:4180} INFO - Setting next_dagrun for example_workday_timetable to 2021-01-04 00:00:00+00:00, run_after=2021-01-05 00:00:00+00:00
[2024-09-28T02:52:08.431+0000] {processor.py:208} INFO - Processing /home/airflow/.local/lib/python3.12/site-packages/airflow/example_dags/example_workday_timetable.py took 0.195 seconds
[2024-09-28T03:30:31.238+0000] {processor.py:186} INFO - Started process (PID=835) to work on /home/airflow/.local/lib/python3.12/site-packages/airflow/example_dags/example_workday_timetable.py
[2024-09-28T03:30:31.242+0000] {processor.py:914} INFO - Processing file /home/airflow/.local/lib/python3.12/site-packages/airflow/example_dags/example_workday_timetable.py for tasks to queue
[2024-09-28T03:30:31.252+0000] {logging_mixin.py:190} INFO - [2024-09-28T03:30:31.252+0000] {dagbag.py:588} INFO - Filling up the DagBag from /home/airflow/.local/lib/python3.12/site-packages/airflow/example_dags/example_workday_timetable.py
[2024-09-28T03:30:31.266+0000] {processor.py:925} INFO - DAG(s) 'example_workday_timetable' retrieved from /home/airflow/.local/lib/python3.12/site-packages/airflow/example_dags/example_workday_timetable.py
[2024-09-28T03:30:31.335+0000] {logging_mixin.py:190} INFO - [2024-09-28T03:30:31.335+0000] {dag.py:3239} INFO - Sync 1 DAGs
[2024-09-28T03:30:31.614+0000] {logging_mixin.py:190} INFO - [2024-09-28T03:30:31.614+0000] {dag.py:4180} INFO - Setting next_dagrun for example_workday_timetable to 2021-01-04 00:00:00+00:00, run_after=2021-01-05 00:00:00+00:00
[2024-09-28T03:30:31.736+0000] {processor.py:208} INFO - Processing /home/airflow/.local/lib/python3.12/site-packages/airflow/example_dags/example_workday_timetable.py took 0.509 seconds
[2024-09-28T03:34:11.981+0000] {processor.py:186} INFO - Started process (PID=892) to work on /home/airflow/.local/lib/python3.12/site-packages/airflow/example_dags/example_workday_timetable.py
[2024-09-28T03:34:11.982+0000] {processor.py:914} INFO - Processing file /home/airflow/.local/lib/python3.12/site-packages/airflow/example_dags/example_workday_timetable.py for tasks to queue
[2024-09-28T03:34:11.984+0000] {logging_mixin.py:190} INFO - [2024-09-28T03:34:11.983+0000] {dagbag.py:588} INFO - Filling up the DagBag from /home/airflow/.local/lib/python3.12/site-packages/airflow/example_dags/example_workday_timetable.py
[2024-09-28T03:34:11.992+0000] {processor.py:925} INFO - DAG(s) 'example_workday_timetable' retrieved from /home/airflow/.local/lib/python3.12/site-packages/airflow/example_dags/example_workday_timetable.py
[2024-09-28T03:34:12.016+0000] {logging_mixin.py:190} INFO - [2024-09-28T03:34:12.016+0000] {dag.py:3239} INFO - Sync 1 DAGs
[2024-09-28T03:34:12.137+0000] {logging_mixin.py:190} INFO - [2024-09-28T03:34:12.137+0000] {dag.py:4180} INFO - Setting next_dagrun for example_workday_timetable to 2021-01-04 00:00:00+00:00, run_after=2021-01-05 00:00:00+00:00
[2024-09-28T03:34:12.178+0000] {processor.py:208} INFO - Processing /home/airflow/.local/lib/python3.12/site-packages/airflow/example_dags/example_workday_timetable.py took 0.204 seconds
[2024-09-28T03:34:42.315+0000] {processor.py:186} INFO - Started process (PID=955) to work on /home/airflow/.local/lib/python3.12/site-packages/airflow/example_dags/example_workday_timetable.py
[2024-09-28T03:34:42.316+0000] {processor.py:914} INFO - Processing file /home/airflow/.local/lib/python3.12/site-packages/airflow/example_dags/example_workday_timetable.py for tasks to queue
[2024-09-28T03:34:42.318+0000] {logging_mixin.py:190} INFO - [2024-09-28T03:34:42.317+0000] {dagbag.py:588} INFO - Filling up the DagBag from /home/airflow/.local/lib/python3.12/site-packages/airflow/example_dags/example_workday_timetable.py
[2024-09-28T03:34:42.323+0000] {processor.py:925} INFO - DAG(s) 'example_workday_timetable' retrieved from /home/airflow/.local/lib/python3.12/site-packages/airflow/example_dags/example_workday_timetable.py
[2024-09-28T03:34:42.344+0000] {logging_mixin.py:190} INFO - [2024-09-28T03:34:42.343+0000] {dag.py:3239} INFO - Sync 1 DAGs
[2024-09-28T03:34:42.468+0000] {logging_mixin.py:190} INFO - [2024-09-28T03:34:42.468+0000] {dag.py:4180} INFO - Setting next_dagrun for example_workday_timetable to 2021-01-04 00:00:00+00:00, run_after=2021-01-05 00:00:00+00:00
[2024-09-28T03:34:42.493+0000] {processor.py:208} INFO - Processing /home/airflow/.local/lib/python3.12/site-packages/airflow/example_dags/example_workday_timetable.py took 0.182 seconds
[2024-09-28T03:40:04.108+0000] {processor.py:186} INFO - Started process (PID=78) to work on /home/airflow/.local/lib/python3.12/site-packages/airflow/example_dags/example_workday_timetable.py
[2024-09-28T03:40:04.110+0000] {processor.py:914} INFO - Processing file /home/airflow/.local/lib/python3.12/site-packages/airflow/example_dags/example_workday_timetable.py for tasks to queue
[2024-09-28T03:40:04.121+0000] {logging_mixin.py:190} INFO - [2024-09-28T03:40:04.120+0000] {dagbag.py:588} INFO - Filling up the DagBag from /home/airflow/.local/lib/python3.12/site-packages/airflow/example_dags/example_workday_timetable.py
[2024-09-28T03:40:04.137+0000] {processor.py:925} INFO - DAG(s) 'example_workday_timetable' retrieved from /home/airflow/.local/lib/python3.12/site-packages/airflow/example_dags/example_workday_timetable.py
[2024-09-28T03:40:04.238+0000] {logging_mixin.py:190} INFO - [2024-09-28T03:40:04.237+0000] {dag.py:3239} INFO - Sync 1 DAGs
[2024-09-28T03:40:04.537+0000] {logging_mixin.py:190} INFO - [2024-09-28T03:40:04.536+0000] {dag.py:4180} INFO - Setting next_dagrun for example_workday_timetable to 2021-01-04 00:00:00+00:00, run_after=2021-01-05 00:00:00+00:00
[2024-09-28T03:40:04.729+0000] {processor.py:208} INFO - Processing /home/airflow/.local/lib/python3.12/site-packages/airflow/example_dags/example_workday_timetable.py took 0.628 seconds
[2024-09-28T03:40:34.889+0000] {processor.py:186} INFO - Started process (PID=152) to work on /home/airflow/.local/lib/python3.12/site-packages/airflow/example_dags/example_workday_timetable.py
[2024-09-28T03:40:34.891+0000] {processor.py:914} INFO - Processing file /home/airflow/.local/lib/python3.12/site-packages/airflow/example_dags/example_workday_timetable.py for tasks to queue
[2024-09-28T03:40:34.893+0000] {logging_mixin.py:190} INFO - [2024-09-28T03:40:34.893+0000] {dagbag.py:588} INFO - Filling up the DagBag from /home/airflow/.local/lib/python3.12/site-packages/airflow/example_dags/example_workday_timetable.py
[2024-09-28T03:40:34.899+0000] {processor.py:925} INFO - DAG(s) 'example_workday_timetable' retrieved from /home/airflow/.local/lib/python3.12/site-packages/airflow/example_dags/example_workday_timetable.py
[2024-09-28T03:40:34.918+0000] {logging_mixin.py:190} INFO - [2024-09-28T03:40:34.918+0000] {dag.py:3239} INFO - Sync 1 DAGs
[2024-09-28T03:40:34.993+0000] {logging_mixin.py:190} INFO - [2024-09-28T03:40:34.993+0000] {dag.py:4180} INFO - Setting next_dagrun for example_workday_timetable to 2021-01-04 00:00:00+00:00, run_after=2021-01-05 00:00:00+00:00
[2024-09-28T03:40:35.014+0000] {processor.py:208} INFO - Processing /home/airflow/.local/lib/python3.12/site-packages/airflow/example_dags/example_workday_timetable.py took 0.130 seconds
[2024-09-28T03:41:05.114+0000] {processor.py:186} INFO - Started process (PID=226) to work on /home/airflow/.local/lib/python3.12/site-packages/airflow/example_dags/example_workday_timetable.py
[2024-09-28T03:41:05.115+0000] {processor.py:914} INFO - Processing file /home/airflow/.local/lib/python3.12/site-packages/airflow/example_dags/example_workday_timetable.py for tasks to queue
[2024-09-28T03:41:05.118+0000] {logging_mixin.py:190} INFO - [2024-09-28T03:41:05.118+0000] {dagbag.py:588} INFO - Filling up the DagBag from /home/airflow/.local/lib/python3.12/site-packages/airflow/example_dags/example_workday_timetable.py
[2024-09-28T03:41:05.124+0000] {processor.py:925} INFO - DAG(s) 'example_workday_timetable' retrieved from /home/airflow/.local/lib/python3.12/site-packages/airflow/example_dags/example_workday_timetable.py
[2024-09-28T03:41:05.142+0000] {logging_mixin.py:190} INFO - [2024-09-28T03:41:05.142+0000] {dag.py:3239} INFO - Sync 1 DAGs
[2024-09-28T03:41:05.201+0000] {logging_mixin.py:190} INFO - [2024-09-28T03:41:05.200+0000] {dag.py:4180} INFO - Setting next_dagrun for example_workday_timetable to 2021-01-04 00:00:00+00:00, run_after=2021-01-05 00:00:00+00:00
[2024-09-28T03:41:05.226+0000] {processor.py:208} INFO - Processing /home/airflow/.local/lib/python3.12/site-packages/airflow/example_dags/example_workday_timetable.py took 0.118 seconds
[2024-09-28T03:41:36.190+0000] {processor.py:186} INFO - Started process (PID=300) to work on /home/airflow/.local/lib/python3.12/site-packages/airflow/example_dags/example_workday_timetable.py
[2024-09-28T03:41:36.192+0000] {processor.py:914} INFO - Processing file /home/airflow/.local/lib/python3.12/site-packages/airflow/example_dags/example_workday_timetable.py for tasks to queue
[2024-09-28T03:41:36.195+0000] {logging_mixin.py:190} INFO - [2024-09-28T03:41:36.194+0000] {dagbag.py:588} INFO - Filling up the DagBag from /home/airflow/.local/lib/python3.12/site-packages/airflow/example_dags/example_workday_timetable.py
[2024-09-28T03:41:36.200+0000] {processor.py:925} INFO - DAG(s) 'example_workday_timetable' retrieved from /home/airflow/.local/lib/python3.12/site-packages/airflow/example_dags/example_workday_timetable.py
[2024-09-28T03:41:36.225+0000] {logging_mixin.py:190} INFO - [2024-09-28T03:41:36.224+0000] {dag.py:3239} INFO - Sync 1 DAGs
[2024-09-28T03:41:36.329+0000] {logging_mixin.py:190} INFO - [2024-09-28T03:41:36.328+0000] {dag.py:4180} INFO - Setting next_dagrun for example_workday_timetable to 2021-01-04 00:00:00+00:00, run_after=2021-01-05 00:00:00+00:00
[2024-09-28T03:41:36.356+0000] {processor.py:208} INFO - Processing /home/airflow/.local/lib/python3.12/site-packages/airflow/example_dags/example_workday_timetable.py took 0.172 seconds
[2024-09-28T03:42:06.659+0000] {processor.py:186} INFO - Started process (PID=374) to work on /home/airflow/.local/lib/python3.12/site-packages/airflow/example_dags/example_workday_timetable.py
[2024-09-28T03:42:06.660+0000] {processor.py:914} INFO - Processing file /home/airflow/.local/lib/python3.12/site-packages/airflow/example_dags/example_workday_timetable.py for tasks to queue
[2024-09-28T03:42:06.662+0000] {logging_mixin.py:190} INFO - [2024-09-28T03:42:06.662+0000] {dagbag.py:588} INFO - Filling up the DagBag from /home/airflow/.local/lib/python3.12/site-packages/airflow/example_dags/example_workday_timetable.py
[2024-09-28T03:42:06.667+0000] {processor.py:925} INFO - DAG(s) 'example_workday_timetable' retrieved from /home/airflow/.local/lib/python3.12/site-packages/airflow/example_dags/example_workday_timetable.py
[2024-09-28T03:42:06.686+0000] {logging_mixin.py:190} INFO - [2024-09-28T03:42:06.686+0000] {dag.py:3239} INFO - Sync 1 DAGs
[2024-09-28T03:42:06.747+0000] {logging_mixin.py:190} INFO - [2024-09-28T03:42:06.747+0000] {dag.py:4180} INFO - Setting next_dagrun for example_workday_timetable to 2021-01-04 00:00:00+00:00, run_after=2021-01-05 00:00:00+00:00
[2024-09-28T03:42:06.769+0000] {processor.py:208} INFO - Processing /home/airflow/.local/lib/python3.12/site-packages/airflow/example_dags/example_workday_timetable.py took 0.115 seconds
[2024-09-28T03:42:37.022+0000] {processor.py:186} INFO - Started process (PID=448) to work on /home/airflow/.local/lib/python3.12/site-packages/airflow/example_dags/example_workday_timetable.py
[2024-09-28T03:42:37.023+0000] {processor.py:914} INFO - Processing file /home/airflow/.local/lib/python3.12/site-packages/airflow/example_dags/example_workday_timetable.py for tasks to queue
[2024-09-28T03:42:37.026+0000] {logging_mixin.py:190} INFO - [2024-09-28T03:42:37.025+0000] {dagbag.py:588} INFO - Filling up the DagBag from /home/airflow/.local/lib/python3.12/site-packages/airflow/example_dags/example_workday_timetable.py
[2024-09-28T03:42:37.030+0000] {processor.py:925} INFO - DAG(s) 'example_workday_timetable' retrieved from /home/airflow/.local/lib/python3.12/site-packages/airflow/example_dags/example_workday_timetable.py
[2024-09-28T03:42:37.049+0000] {logging_mixin.py:190} INFO - [2024-09-28T03:42:37.049+0000] {dag.py:3239} INFO - Sync 1 DAGs
[2024-09-28T03:42:37.122+0000] {logging_mixin.py:190} INFO - [2024-09-28T03:42:37.121+0000] {dag.py:4180} INFO - Setting next_dagrun for example_workday_timetable to 2021-01-04 00:00:00+00:00, run_after=2021-01-05 00:00:00+00:00
[2024-09-28T03:42:37.148+0000] {processor.py:208} INFO - Processing /home/airflow/.local/lib/python3.12/site-packages/airflow/example_dags/example_workday_timetable.py took 0.130 seconds
[2024-09-28T03:43:07.795+0000] {processor.py:186} INFO - Started process (PID=522) to work on /home/airflow/.local/lib/python3.12/site-packages/airflow/example_dags/example_workday_timetable.py
[2024-09-28T03:43:07.796+0000] {processor.py:914} INFO - Processing file /home/airflow/.local/lib/python3.12/site-packages/airflow/example_dags/example_workday_timetable.py for tasks to queue
[2024-09-28T03:43:07.799+0000] {logging_mixin.py:190} INFO - [2024-09-28T03:43:07.798+0000] {dagbag.py:588} INFO - Filling up the DagBag from /home/airflow/.local/lib/python3.12/site-packages/airflow/example_dags/example_workday_timetable.py
[2024-09-28T03:43:07.804+0000] {processor.py:925} INFO - DAG(s) 'example_workday_timetable' retrieved from /home/airflow/.local/lib/python3.12/site-packages/airflow/example_dags/example_workday_timetable.py
[2024-09-28T03:43:07.824+0000] {logging_mixin.py:190} INFO - [2024-09-28T03:43:07.824+0000] {dag.py:3239} INFO - Sync 1 DAGs
[2024-09-28T03:43:07.890+0000] {logging_mixin.py:190} INFO - [2024-09-28T03:43:07.890+0000] {dag.py:4180} INFO - Setting next_dagrun for example_workday_timetable to 2021-01-04 00:00:00+00:00, run_after=2021-01-05 00:00:00+00:00
[2024-09-28T03:43:07.916+0000] {processor.py:208} INFO - Processing /home/airflow/.local/lib/python3.12/site-packages/airflow/example_dags/example_workday_timetable.py took 0.126 seconds
[2024-09-28T03:43:38.133+0000] {processor.py:186} INFO - Started process (PID=596) to work on /home/airflow/.local/lib/python3.12/site-packages/airflow/example_dags/example_workday_timetable.py
[2024-09-28T03:43:38.134+0000] {processor.py:914} INFO - Processing file /home/airflow/.local/lib/python3.12/site-packages/airflow/example_dags/example_workday_timetable.py for tasks to queue
[2024-09-28T03:43:38.137+0000] {logging_mixin.py:190} INFO - [2024-09-28T03:43:38.136+0000] {dagbag.py:588} INFO - Filling up the DagBag from /home/airflow/.local/lib/python3.12/site-packages/airflow/example_dags/example_workday_timetable.py
[2024-09-28T03:43:38.141+0000] {processor.py:925} INFO - DAG(s) 'example_workday_timetable' retrieved from /home/airflow/.local/lib/python3.12/site-packages/airflow/example_dags/example_workday_timetable.py
[2024-09-28T03:43:38.162+0000] {logging_mixin.py:190} INFO - [2024-09-28T03:43:38.162+0000] {dag.py:3239} INFO - Sync 1 DAGs
[2024-09-28T03:43:38.235+0000] {logging_mixin.py:190} INFO - [2024-09-28T03:43:38.235+0000] {dag.py:4180} INFO - Setting next_dagrun for example_workday_timetable to 2021-01-04 00:00:00+00:00, run_after=2021-01-05 00:00:00+00:00
[2024-09-28T03:43:38.259+0000] {processor.py:208} INFO - Processing /home/airflow/.local/lib/python3.12/site-packages/airflow/example_dags/example_workday_timetable.py took 0.130 seconds
[2024-09-28T03:44:08.716+0000] {processor.py:186} INFO - Started process (PID=676) to work on /home/airflow/.local/lib/python3.12/site-packages/airflow/example_dags/example_workday_timetable.py
[2024-09-28T03:44:08.717+0000] {processor.py:914} INFO - Processing file /home/airflow/.local/lib/python3.12/site-packages/airflow/example_dags/example_workday_timetable.py for tasks to queue
[2024-09-28T03:44:08.719+0000] {logging_mixin.py:190} INFO - [2024-09-28T03:44:08.719+0000] {dagbag.py:588} INFO - Filling up the DagBag from /home/airflow/.local/lib/python3.12/site-packages/airflow/example_dags/example_workday_timetable.py
[2024-09-28T03:44:08.724+0000] {processor.py:925} INFO - DAG(s) 'example_workday_timetable' retrieved from /home/airflow/.local/lib/python3.12/site-packages/airflow/example_dags/example_workday_timetable.py
[2024-09-28T03:44:08.743+0000] {logging_mixin.py:190} INFO - [2024-09-28T03:44:08.743+0000] {dag.py:3239} INFO - Sync 1 DAGs
[2024-09-28T03:44:08.804+0000] {logging_mixin.py:190} INFO - [2024-09-28T03:44:08.804+0000] {dag.py:4180} INFO - Setting next_dagrun for example_workday_timetable to 2021-01-04 00:00:00+00:00, run_after=2021-01-05 00:00:00+00:00
[2024-09-28T03:44:08.829+0000] {processor.py:208} INFO - Processing /home/airflow/.local/lib/python3.12/site-packages/airflow/example_dags/example_workday_timetable.py took 0.117 seconds
[2024-09-28T03:44:39.093+0000] {processor.py:186} INFO - Started process (PID=750) to work on /home/airflow/.local/lib/python3.12/site-packages/airflow/example_dags/example_workday_timetable.py
[2024-09-28T03:44:39.094+0000] {processor.py:914} INFO - Processing file /home/airflow/.local/lib/python3.12/site-packages/airflow/example_dags/example_workday_timetable.py for tasks to queue
[2024-09-28T03:44:39.097+0000] {logging_mixin.py:190} INFO - [2024-09-28T03:44:39.096+0000] {dagbag.py:588} INFO - Filling up the DagBag from /home/airflow/.local/lib/python3.12/site-packages/airflow/example_dags/example_workday_timetable.py
[2024-09-28T03:44:39.101+0000] {processor.py:925} INFO - DAG(s) 'example_workday_timetable' retrieved from /home/airflow/.local/lib/python3.12/site-packages/airflow/example_dags/example_workday_timetable.py
[2024-09-28T03:44:39.120+0000] {logging_mixin.py:190} INFO - [2024-09-28T03:44:39.120+0000] {dag.py:3239} INFO - Sync 1 DAGs
[2024-09-28T03:44:39.178+0000] {logging_mixin.py:190} INFO - [2024-09-28T03:44:39.178+0000] {dag.py:4180} INFO - Setting next_dagrun for example_workday_timetable to 2021-01-04 00:00:00+00:00, run_after=2021-01-05 00:00:00+00:00
[2024-09-28T03:44:39.203+0000] {processor.py:208} INFO - Processing /home/airflow/.local/lib/python3.12/site-packages/airflow/example_dags/example_workday_timetable.py took 0.115 seconds
[2024-09-28T03:45:09.261+0000] {processor.py:186} INFO - Started process (PID=824) to work on /home/airflow/.local/lib/python3.12/site-packages/airflow/example_dags/example_workday_timetable.py
[2024-09-28T03:45:09.263+0000] {processor.py:914} INFO - Processing file /home/airflow/.local/lib/python3.12/site-packages/airflow/example_dags/example_workday_timetable.py for tasks to queue
[2024-09-28T03:45:09.265+0000] {logging_mixin.py:190} INFO - [2024-09-28T03:45:09.265+0000] {dagbag.py:588} INFO - Filling up the DagBag from /home/airflow/.local/lib/python3.12/site-packages/airflow/example_dags/example_workday_timetable.py
[2024-09-28T03:45:09.270+0000] {processor.py:925} INFO - DAG(s) 'example_workday_timetable' retrieved from /home/airflow/.local/lib/python3.12/site-packages/airflow/example_dags/example_workday_timetable.py
[2024-09-28T03:45:09.294+0000] {logging_mixin.py:190} INFO - [2024-09-28T03:45:09.294+0000] {dag.py:3239} INFO - Sync 1 DAGs
[2024-09-28T03:45:09.353+0000] {logging_mixin.py:190} INFO - [2024-09-28T03:45:09.353+0000] {dag.py:4180} INFO - Setting next_dagrun for example_workday_timetable to 2021-01-04 00:00:00+00:00, run_after=2021-01-05 00:00:00+00:00
[2024-09-28T03:45:09.377+0000] {processor.py:208} INFO - Processing /home/airflow/.local/lib/python3.12/site-packages/airflow/example_dags/example_workday_timetable.py took 0.121 seconds
[2024-09-28T03:45:39.611+0000] {processor.py:186} INFO - Started process (PID=899) to work on /home/airflow/.local/lib/python3.12/site-packages/airflow/example_dags/example_workday_timetable.py
[2024-09-28T03:45:39.612+0000] {processor.py:914} INFO - Processing file /home/airflow/.local/lib/python3.12/site-packages/airflow/example_dags/example_workday_timetable.py for tasks to queue
[2024-09-28T03:45:39.615+0000] {logging_mixin.py:190} INFO - [2024-09-28T03:45:39.614+0000] {dagbag.py:588} INFO - Filling up the DagBag from /home/airflow/.local/lib/python3.12/site-packages/airflow/example_dags/example_workday_timetable.py
[2024-09-28T03:45:39.619+0000] {processor.py:925} INFO - DAG(s) 'example_workday_timetable' retrieved from /home/airflow/.local/lib/python3.12/site-packages/airflow/example_dags/example_workday_timetable.py
[2024-09-28T03:45:39.638+0000] {logging_mixin.py:190} INFO - [2024-09-28T03:45:39.638+0000] {dag.py:3239} INFO - Sync 1 DAGs
[2024-09-28T03:45:39.700+0000] {logging_mixin.py:190} INFO - [2024-09-28T03:45:39.700+0000] {dag.py:4180} INFO - Setting next_dagrun for example_workday_timetable to 2021-01-04 00:00:00+00:00, run_after=2021-01-05 00:00:00+00:00
[2024-09-28T03:45:39.724+0000] {processor.py:208} INFO - Processing /home/airflow/.local/lib/python3.12/site-packages/airflow/example_dags/example_workday_timetable.py took 0.118 seconds
[2024-09-28T03:46:10.297+0000] {processor.py:186} INFO - Started process (PID=973) to work on /home/airflow/.local/lib/python3.12/site-packages/airflow/example_dags/example_workday_timetable.py
[2024-09-28T03:46:10.298+0000] {processor.py:914} INFO - Processing file /home/airflow/.local/lib/python3.12/site-packages/airflow/example_dags/example_workday_timetable.py for tasks to queue
[2024-09-28T03:46:10.301+0000] {logging_mixin.py:190} INFO - [2024-09-28T03:46:10.300+0000] {dagbag.py:588} INFO - Filling up the DagBag from /home/airflow/.local/lib/python3.12/site-packages/airflow/example_dags/example_workday_timetable.py
[2024-09-28T03:46:10.307+0000] {processor.py:925} INFO - DAG(s) 'example_workday_timetable' retrieved from /home/airflow/.local/lib/python3.12/site-packages/airflow/example_dags/example_workday_timetable.py
[2024-09-28T03:46:10.326+0000] {logging_mixin.py:190} INFO - [2024-09-28T03:46:10.326+0000] {dag.py:3239} INFO - Sync 1 DAGs
[2024-09-28T03:46:10.388+0000] {logging_mixin.py:190} INFO - [2024-09-28T03:46:10.388+0000] {dag.py:4180} INFO - Setting next_dagrun for example_workday_timetable to 2021-01-04 00:00:00+00:00, run_after=2021-01-05 00:00:00+00:00
[2024-09-28T03:46:10.567+0000] {processor.py:208} INFO - Processing /home/airflow/.local/lib/python3.12/site-packages/airflow/example_dags/example_workday_timetable.py took 0.275 seconds
[2024-09-28T03:46:40.624+0000] {processor.py:186} INFO - Started process (PID=1047) to work on /home/airflow/.local/lib/python3.12/site-packages/airflow/example_dags/example_workday_timetable.py
[2024-09-28T03:46:40.626+0000] {processor.py:914} INFO - Processing file /home/airflow/.local/lib/python3.12/site-packages/airflow/example_dags/example_workday_timetable.py for tasks to queue
[2024-09-28T03:46:40.629+0000] {logging_mixin.py:190} INFO - [2024-09-28T03:46:40.628+0000] {dagbag.py:588} INFO - Filling up the DagBag from /home/airflow/.local/lib/python3.12/site-packages/airflow/example_dags/example_workday_timetable.py
[2024-09-28T03:46:40.636+0000] {processor.py:925} INFO - DAG(s) 'example_workday_timetable' retrieved from /home/airflow/.local/lib/python3.12/site-packages/airflow/example_dags/example_workday_timetable.py
[2024-09-28T03:46:40.660+0000] {logging_mixin.py:190} INFO - [2024-09-28T03:46:40.660+0000] {dag.py:3239} INFO - Sync 1 DAGs
[2024-09-28T03:46:40.736+0000] {logging_mixin.py:190} INFO - [2024-09-28T03:46:40.736+0000] {dag.py:4180} INFO - Setting next_dagrun for example_workday_timetable to 2021-01-04 00:00:00+00:00, run_after=2021-01-05 00:00:00+00:00
[2024-09-28T03:46:40.765+0000] {processor.py:208} INFO - Processing /home/airflow/.local/lib/python3.12/site-packages/airflow/example_dags/example_workday_timetable.py took 0.146 seconds
[2024-09-28T03:47:10.830+0000] {processor.py:186} INFO - Started process (PID=1121) to work on /home/airflow/.local/lib/python3.12/site-packages/airflow/example_dags/example_workday_timetable.py
[2024-09-28T03:47:10.831+0000] {processor.py:914} INFO - Processing file /home/airflow/.local/lib/python3.12/site-packages/airflow/example_dags/example_workday_timetable.py for tasks to queue
[2024-09-28T03:47:10.834+0000] {logging_mixin.py:190} INFO - [2024-09-28T03:47:10.834+0000] {dagbag.py:588} INFO - Filling up the DagBag from /home/airflow/.local/lib/python3.12/site-packages/airflow/example_dags/example_workday_timetable.py
[2024-09-28T03:47:10.841+0000] {processor.py:925} INFO - DAG(s) 'example_workday_timetable' retrieved from /home/airflow/.local/lib/python3.12/site-packages/airflow/example_dags/example_workday_timetable.py
[2024-09-28T03:47:10.870+0000] {logging_mixin.py:190} INFO - [2024-09-28T03:47:10.869+0000] {dag.py:3239} INFO - Sync 1 DAGs
[2024-09-28T03:47:10.958+0000] {logging_mixin.py:190} INFO - [2024-09-28T03:47:10.958+0000] {dag.py:4180} INFO - Setting next_dagrun for example_workday_timetable to 2021-01-04 00:00:00+00:00, run_after=2021-01-05 00:00:00+00:00
[2024-09-28T03:47:10.988+0000] {processor.py:208} INFO - Processing /home/airflow/.local/lib/python3.12/site-packages/airflow/example_dags/example_workday_timetable.py took 0.166 seconds
[2024-09-28T03:47:41.966+0000] {processor.py:186} INFO - Started process (PID=1195) to work on /home/airflow/.local/lib/python3.12/site-packages/airflow/example_dags/example_workday_timetable.py
[2024-09-28T03:47:41.968+0000] {processor.py:914} INFO - Processing file /home/airflow/.local/lib/python3.12/site-packages/airflow/example_dags/example_workday_timetable.py for tasks to queue
[2024-09-28T03:47:41.971+0000] {logging_mixin.py:190} INFO - [2024-09-28T03:47:41.971+0000] {dagbag.py:588} INFO - Filling up the DagBag from /home/airflow/.local/lib/python3.12/site-packages/airflow/example_dags/example_workday_timetable.py
[2024-09-28T03:47:41.980+0000] {processor.py:925} INFO - DAG(s) 'example_workday_timetable' retrieved from /home/airflow/.local/lib/python3.12/site-packages/airflow/example_dags/example_workday_timetable.py
[2024-09-28T03:47:42.006+0000] {logging_mixin.py:190} INFO - [2024-09-28T03:47:42.006+0000] {dag.py:3239} INFO - Sync 1 DAGs
[2024-09-28T03:47:42.113+0000] {logging_mixin.py:190} INFO - [2024-09-28T03:47:42.112+0000] {dag.py:4180} INFO - Setting next_dagrun for example_workday_timetable to 2021-01-04 00:00:00+00:00, run_after=2021-01-05 00:00:00+00:00
[2024-09-28T03:47:42.164+0000] {processor.py:208} INFO - Processing /home/airflow/.local/lib/python3.12/site-packages/airflow/example_dags/example_workday_timetable.py took 0.205 seconds
[2024-09-28T03:48:12.893+0000] {processor.py:186} INFO - Started process (PID=1269) to work on /home/airflow/.local/lib/python3.12/site-packages/airflow/example_dags/example_workday_timetable.py
[2024-09-28T03:48:12.894+0000] {processor.py:914} INFO - Processing file /home/airflow/.local/lib/python3.12/site-packages/airflow/example_dags/example_workday_timetable.py for tasks to queue
[2024-09-28T03:48:12.897+0000] {logging_mixin.py:190} INFO - [2024-09-28T03:48:12.897+0000] {dagbag.py:588} INFO - Filling up the DagBag from /home/airflow/.local/lib/python3.12/site-packages/airflow/example_dags/example_workday_timetable.py
[2024-09-28T03:48:12.904+0000] {processor.py:925} INFO - DAG(s) 'example_workday_timetable' retrieved from /home/airflow/.local/lib/python3.12/site-packages/airflow/example_dags/example_workday_timetable.py
[2024-09-28T03:48:12.929+0000] {logging_mixin.py:190} INFO - [2024-09-28T03:48:12.929+0000] {dag.py:3239} INFO - Sync 1 DAGs
[2024-09-28T03:48:13.018+0000] {logging_mixin.py:190} INFO - [2024-09-28T03:48:13.018+0000] {dag.py:4180} INFO - Setting next_dagrun for example_workday_timetable to 2021-01-04 00:00:00+00:00, run_after=2021-01-05 00:00:00+00:00
[2024-09-28T03:48:13.046+0000] {processor.py:208} INFO - Processing /home/airflow/.local/lib/python3.12/site-packages/airflow/example_dags/example_workday_timetable.py took 0.160 seconds
[2024-09-28T03:48:43.701+0000] {processor.py:186} INFO - Started process (PID=1343) to work on /home/airflow/.local/lib/python3.12/site-packages/airflow/example_dags/example_workday_timetable.py
[2024-09-28T03:48:43.702+0000] {processor.py:914} INFO - Processing file /home/airflow/.local/lib/python3.12/site-packages/airflow/example_dags/example_workday_timetable.py for tasks to queue
[2024-09-28T03:48:43.705+0000] {logging_mixin.py:190} INFO - [2024-09-28T03:48:43.705+0000] {dagbag.py:588} INFO - Filling up the DagBag from /home/airflow/.local/lib/python3.12/site-packages/airflow/example_dags/example_workday_timetable.py
[2024-09-28T03:48:43.711+0000] {processor.py:925} INFO - DAG(s) 'example_workday_timetable' retrieved from /home/airflow/.local/lib/python3.12/site-packages/airflow/example_dags/example_workday_timetable.py
[2024-09-28T03:48:43.734+0000] {logging_mixin.py:190} INFO - [2024-09-28T03:48:43.734+0000] {dag.py:3239} INFO - Sync 1 DAGs
[2024-09-28T03:48:43.821+0000] {logging_mixin.py:190} INFO - [2024-09-28T03:48:43.821+0000] {dag.py:4180} INFO - Setting next_dagrun for example_workday_timetable to 2021-01-04 00:00:00+00:00, run_after=2021-01-05 00:00:00+00:00
[2024-09-28T03:48:43.851+0000] {processor.py:208} INFO - Processing /home/airflow/.local/lib/python3.12/site-packages/airflow/example_dags/example_workday_timetable.py took 0.156 seconds
[2024-09-28T03:49:14.196+0000] {processor.py:186} INFO - Started process (PID=1409) to work on /home/airflow/.local/lib/python3.12/site-packages/airflow/example_dags/example_workday_timetable.py
[2024-09-28T03:49:14.199+0000] {processor.py:914} INFO - Processing file /home/airflow/.local/lib/python3.12/site-packages/airflow/example_dags/example_workday_timetable.py for tasks to queue
[2024-09-28T03:49:14.204+0000] {logging_mixin.py:190} INFO - [2024-09-28T03:49:14.204+0000] {dagbag.py:588} INFO - Filling up the DagBag from /home/airflow/.local/lib/python3.12/site-packages/airflow/example_dags/example_workday_timetable.py
[2024-09-28T03:49:14.212+0000] {processor.py:925} INFO - DAG(s) 'example_workday_timetable' retrieved from /home/airflow/.local/lib/python3.12/site-packages/airflow/example_dags/example_workday_timetable.py
[2024-09-28T03:49:14.246+0000] {logging_mixin.py:190} INFO - [2024-09-28T03:49:14.245+0000] {dag.py:3239} INFO - Sync 1 DAGs
[2024-09-28T03:49:14.353+0000] {logging_mixin.py:190} INFO - [2024-09-28T03:49:14.352+0000] {dag.py:4180} INFO - Setting next_dagrun for example_workday_timetable to 2021-01-04 00:00:00+00:00, run_after=2021-01-05 00:00:00+00:00
[2024-09-28T03:49:14.384+0000] {processor.py:208} INFO - Processing /home/airflow/.local/lib/python3.12/site-packages/airflow/example_dags/example_workday_timetable.py took 0.195 seconds
[2024-09-28T03:49:44.473+0000] {processor.py:186} INFO - Started process (PID=1491) to work on /home/airflow/.local/lib/python3.12/site-packages/airflow/example_dags/example_workday_timetable.py
[2024-09-28T03:49:44.475+0000] {processor.py:914} INFO - Processing file /home/airflow/.local/lib/python3.12/site-packages/airflow/example_dags/example_workday_timetable.py for tasks to queue
[2024-09-28T03:49:44.478+0000] {logging_mixin.py:190} INFO - [2024-09-28T03:49:44.478+0000] {dagbag.py:588} INFO - Filling up the DagBag from /home/airflow/.local/lib/python3.12/site-packages/airflow/example_dags/example_workday_timetable.py
[2024-09-28T03:49:44.485+0000] {processor.py:925} INFO - DAG(s) 'example_workday_timetable' retrieved from /home/airflow/.local/lib/python3.12/site-packages/airflow/example_dags/example_workday_timetable.py
[2024-09-28T03:49:44.517+0000] {logging_mixin.py:190} INFO - [2024-09-28T03:49:44.516+0000] {dag.py:3239} INFO - Sync 1 DAGs
[2024-09-28T03:49:44.605+0000] {logging_mixin.py:190} INFO - [2024-09-28T03:49:44.604+0000] {dag.py:4180} INFO - Setting next_dagrun for example_workday_timetable to 2021-01-04 00:00:00+00:00, run_after=2021-01-05 00:00:00+00:00
[2024-09-28T03:49:44.636+0000] {processor.py:208} INFO - Processing /home/airflow/.local/lib/python3.12/site-packages/airflow/example_dags/example_workday_timetable.py took 0.170 seconds
[2024-09-28T03:50:14.738+0000] {processor.py:186} INFO - Started process (PID=1565) to work on /home/airflow/.local/lib/python3.12/site-packages/airflow/example_dags/example_workday_timetable.py
[2024-09-28T03:50:14.739+0000] {processor.py:914} INFO - Processing file /home/airflow/.local/lib/python3.12/site-packages/airflow/example_dags/example_workday_timetable.py for tasks to queue
[2024-09-28T03:50:14.742+0000] {logging_mixin.py:190} INFO - [2024-09-28T03:50:14.741+0000] {dagbag.py:588} INFO - Filling up the DagBag from /home/airflow/.local/lib/python3.12/site-packages/airflow/example_dags/example_workday_timetable.py
[2024-09-28T03:50:14.748+0000] {processor.py:925} INFO - DAG(s) 'example_workday_timetable' retrieved from /home/airflow/.local/lib/python3.12/site-packages/airflow/example_dags/example_workday_timetable.py
[2024-09-28T03:50:14.770+0000] {logging_mixin.py:190} INFO - [2024-09-28T03:50:14.770+0000] {dag.py:3239} INFO - Sync 1 DAGs
[2024-09-28T03:50:14.831+0000] {logging_mixin.py:190} INFO - [2024-09-28T03:50:14.831+0000] {dag.py:4180} INFO - Setting next_dagrun for example_workday_timetable to 2021-01-04 00:00:00+00:00, run_after=2021-01-05 00:00:00+00:00
[2024-09-28T03:50:14.857+0000] {processor.py:208} INFO - Processing /home/airflow/.local/lib/python3.12/site-packages/airflow/example_dags/example_workday_timetable.py took 0.124 seconds
[2024-09-28T03:53:31.530+0000] {processor.py:186} INFO - Started process (PID=82) to work on /home/airflow/.local/lib/python3.12/site-packages/airflow/example_dags/example_workday_timetable.py
[2024-09-28T03:53:31.532+0000] {processor.py:914} INFO - Processing file /home/airflow/.local/lib/python3.12/site-packages/airflow/example_dags/example_workday_timetable.py for tasks to queue
[2024-09-28T03:53:31.536+0000] {logging_mixin.py:190} INFO - [2024-09-28T03:53:31.536+0000] {dagbag.py:588} INFO - Filling up the DagBag from /home/airflow/.local/lib/python3.12/site-packages/airflow/example_dags/example_workday_timetable.py
[2024-09-28T03:53:31.547+0000] {processor.py:925} INFO - DAG(s) 'example_workday_timetable' retrieved from /home/airflow/.local/lib/python3.12/site-packages/airflow/example_dags/example_workday_timetable.py
[2024-09-28T03:53:31.600+0000] {logging_mixin.py:190} INFO - [2024-09-28T03:53:31.599+0000] {dag.py:3239} INFO - Sync 1 DAGs
[2024-09-28T03:53:31.788+0000] {logging_mixin.py:190} INFO - [2024-09-28T03:53:31.788+0000] {dag.py:4180} INFO - Setting next_dagrun for example_workday_timetable to 2021-01-04 00:00:00+00:00, run_after=2021-01-05 00:00:00+00:00
[2024-09-28T03:53:31.843+0000] {processor.py:208} INFO - Processing /home/airflow/.local/lib/python3.12/site-packages/airflow/example_dags/example_workday_timetable.py took 0.321 seconds
[2024-09-28T03:54:02.151+0000] {processor.py:186} INFO - Started process (PID=157) to work on /home/airflow/.local/lib/python3.12/site-packages/airflow/example_dags/example_workday_timetable.py
[2024-09-28T03:54:02.152+0000] {processor.py:914} INFO - Processing file /home/airflow/.local/lib/python3.12/site-packages/airflow/example_dags/example_workday_timetable.py for tasks to queue
[2024-09-28T03:54:02.156+0000] {logging_mixin.py:190} INFO - [2024-09-28T03:54:02.155+0000] {dagbag.py:588} INFO - Filling up the DagBag from /home/airflow/.local/lib/python3.12/site-packages/airflow/example_dags/example_workday_timetable.py
[2024-09-28T03:54:02.163+0000] {processor.py:925} INFO - DAG(s) 'example_workday_timetable' retrieved from /home/airflow/.local/lib/python3.12/site-packages/airflow/example_dags/example_workday_timetable.py
[2024-09-28T03:54:02.197+0000] {logging_mixin.py:190} INFO - [2024-09-28T03:54:02.196+0000] {dag.py:3239} INFO - Sync 1 DAGs
[2024-09-28T03:54:02.386+0000] {logging_mixin.py:190} INFO - [2024-09-28T03:54:02.385+0000] {dag.py:4180} INFO - Setting next_dagrun for example_workday_timetable to 2021-01-04 00:00:00+00:00, run_after=2021-01-05 00:00:00+00:00
[2024-09-28T03:54:02.411+0000] {processor.py:208} INFO - Processing /home/airflow/.local/lib/python3.12/site-packages/airflow/example_dags/example_workday_timetable.py took 0.266 seconds
[2024-09-28T03:54:32.992+0000] {processor.py:186} INFO - Started process (PID=231) to work on /home/airflow/.local/lib/python3.12/site-packages/airflow/example_dags/example_workday_timetable.py
[2024-09-28T03:54:32.994+0000] {processor.py:914} INFO - Processing file /home/airflow/.local/lib/python3.12/site-packages/airflow/example_dags/example_workday_timetable.py for tasks to queue
[2024-09-28T03:54:32.997+0000] {logging_mixin.py:190} INFO - [2024-09-28T03:54:32.997+0000] {dagbag.py:588} INFO - Filling up the DagBag from /home/airflow/.local/lib/python3.12/site-packages/airflow/example_dags/example_workday_timetable.py
[2024-09-28T03:54:33.004+0000] {processor.py:925} INFO - DAG(s) 'example_workday_timetable' retrieved from /home/airflow/.local/lib/python3.12/site-packages/airflow/example_dags/example_workday_timetable.py
[2024-09-28T03:54:33.029+0000] {logging_mixin.py:190} INFO - [2024-09-28T03:54:33.029+0000] {dag.py:3239} INFO - Sync 1 DAGs
[2024-09-28T03:54:33.124+0000] {logging_mixin.py:190} INFO - [2024-09-28T03:54:33.124+0000] {dag.py:4180} INFO - Setting next_dagrun for example_workday_timetable to 2021-01-04 00:00:00+00:00, run_after=2021-01-05 00:00:00+00:00
[2024-09-28T03:54:33.184+0000] {processor.py:208} INFO - Processing /home/airflow/.local/lib/python3.12/site-packages/airflow/example_dags/example_workday_timetable.py took 0.198 seconds
[2024-09-28T03:55:04.160+0000] {processor.py:186} INFO - Started process (PID=305) to work on /home/airflow/.local/lib/python3.12/site-packages/airflow/example_dags/example_workday_timetable.py
[2024-09-28T03:55:04.161+0000] {processor.py:914} INFO - Processing file /home/airflow/.local/lib/python3.12/site-packages/airflow/example_dags/example_workday_timetable.py for tasks to queue
[2024-09-28T03:55:04.165+0000] {logging_mixin.py:190} INFO - [2024-09-28T03:55:04.164+0000] {dagbag.py:588} INFO - Filling up the DagBag from /home/airflow/.local/lib/python3.12/site-packages/airflow/example_dags/example_workday_timetable.py
[2024-09-28T03:55:04.173+0000] {processor.py:925} INFO - DAG(s) 'example_workday_timetable' retrieved from /home/airflow/.local/lib/python3.12/site-packages/airflow/example_dags/example_workday_timetable.py
[2024-09-28T03:55:04.196+0000] {logging_mixin.py:190} INFO - [2024-09-28T03:55:04.196+0000] {dag.py:3239} INFO - Sync 1 DAGs
[2024-09-28T03:55:04.324+0000] {logging_mixin.py:190} INFO - [2024-09-28T03:55:04.324+0000] {dag.py:4180} INFO - Setting next_dagrun for example_workday_timetable to 2021-01-04 00:00:00+00:00, run_after=2021-01-05 00:00:00+00:00
[2024-09-28T03:55:04.362+0000] {processor.py:208} INFO - Processing /home/airflow/.local/lib/python3.12/site-packages/airflow/example_dags/example_workday_timetable.py took 0.210 seconds
[2024-09-28T03:55:35.356+0000] {processor.py:186} INFO - Started process (PID=392) to work on /home/airflow/.local/lib/python3.12/site-packages/airflow/example_dags/example_workday_timetable.py
[2024-09-28T03:55:35.357+0000] {processor.py:914} INFO - Processing file /home/airflow/.local/lib/python3.12/site-packages/airflow/example_dags/example_workday_timetable.py for tasks to queue
[2024-09-28T03:55:35.362+0000] {logging_mixin.py:190} INFO - [2024-09-28T03:55:35.362+0000] {dagbag.py:588} INFO - Filling up the DagBag from /home/airflow/.local/lib/python3.12/site-packages/airflow/example_dags/example_workday_timetable.py
[2024-09-28T03:55:35.371+0000] {processor.py:925} INFO - DAG(s) 'example_workday_timetable' retrieved from /home/airflow/.local/lib/python3.12/site-packages/airflow/example_dags/example_workday_timetable.py
[2024-09-28T03:55:35.396+0000] {logging_mixin.py:190} INFO - [2024-09-28T03:55:35.396+0000] {dag.py:3239} INFO - Sync 1 DAGs
[2024-09-28T03:55:35.484+0000] {logging_mixin.py:190} INFO - [2024-09-28T03:55:35.483+0000] {dag.py:4180} INFO - Setting next_dagrun for example_workday_timetable to 2021-01-04 00:00:00+00:00, run_after=2021-01-05 00:00:00+00:00
[2024-09-28T03:55:35.517+0000] {processor.py:208} INFO - Processing /home/airflow/.local/lib/python3.12/site-packages/airflow/example_dags/example_workday_timetable.py took 0.168 seconds
[2024-09-28T03:56:05.614+0000] {processor.py:186} INFO - Started process (PID=564) to work on /home/airflow/.local/lib/python3.12/site-packages/airflow/example_dags/example_workday_timetable.py
[2024-09-28T03:56:05.616+0000] {processor.py:914} INFO - Processing file /home/airflow/.local/lib/python3.12/site-packages/airflow/example_dags/example_workday_timetable.py for tasks to queue
[2024-09-28T03:56:05.618+0000] {logging_mixin.py:190} INFO - [2024-09-28T03:56:05.618+0000] {dagbag.py:588} INFO - Filling up the DagBag from /home/airflow/.local/lib/python3.12/site-packages/airflow/example_dags/example_workday_timetable.py
[2024-09-28T03:56:05.623+0000] {processor.py:925} INFO - DAG(s) 'example_workday_timetable' retrieved from /home/airflow/.local/lib/python3.12/site-packages/airflow/example_dags/example_workday_timetable.py
[2024-09-28T03:56:05.642+0000] {logging_mixin.py:190} INFO - [2024-09-28T03:56:05.641+0000] {dag.py:3239} INFO - Sync 1 DAGs
[2024-09-28T03:56:05.698+0000] {logging_mixin.py:190} INFO - [2024-09-28T03:56:05.698+0000] {dag.py:4180} INFO - Setting next_dagrun for example_workday_timetable to 2021-01-04 00:00:00+00:00, run_after=2021-01-05 00:00:00+00:00
[2024-09-28T03:56:05.724+0000] {processor.py:208} INFO - Processing /home/airflow/.local/lib/python3.12/site-packages/airflow/example_dags/example_workday_timetable.py took 0.114 seconds
[2024-09-28T03:56:35.917+0000] {processor.py:186} INFO - Started process (PID=641) to work on /home/airflow/.local/lib/python3.12/site-packages/airflow/example_dags/example_workday_timetable.py
[2024-09-28T03:56:35.919+0000] {processor.py:914} INFO - Processing file /home/airflow/.local/lib/python3.12/site-packages/airflow/example_dags/example_workday_timetable.py for tasks to queue
[2024-09-28T03:56:35.924+0000] {logging_mixin.py:190} INFO - [2024-09-28T03:56:35.923+0000] {dagbag.py:588} INFO - Filling up the DagBag from /home/airflow/.local/lib/python3.12/site-packages/airflow/example_dags/example_workday_timetable.py
[2024-09-28T03:56:35.936+0000] {processor.py:925} INFO - DAG(s) 'example_workday_timetable' retrieved from /home/airflow/.local/lib/python3.12/site-packages/airflow/example_dags/example_workday_timetable.py
[2024-09-28T03:56:35.967+0000] {logging_mixin.py:190} INFO - [2024-09-28T03:56:35.965+0000] {dag.py:3239} INFO - Sync 1 DAGs
[2024-09-28T03:56:36.072+0000] {logging_mixin.py:190} INFO - [2024-09-28T03:56:36.071+0000] {dag.py:4180} INFO - Setting next_dagrun for example_workday_timetable to 2021-01-04 00:00:00+00:00, run_after=2021-01-05 00:00:00+00:00
[2024-09-28T03:56:36.109+0000] {processor.py:208} INFO - Processing /home/airflow/.local/lib/python3.12/site-packages/airflow/example_dags/example_workday_timetable.py took 0.200 seconds
[2024-09-28T04:03:02.770+0000] {processor.py:186} INFO - Started process (PID=66) to work on /home/airflow/.local/lib/python3.12/site-packages/airflow/example_dags/example_workday_timetable.py
[2024-09-28T04:03:02.772+0000] {processor.py:914} INFO - Processing file /home/airflow/.local/lib/python3.12/site-packages/airflow/example_dags/example_workday_timetable.py for tasks to queue
[2024-09-28T04:03:02.788+0000] {logging_mixin.py:190} INFO - [2024-09-28T04:03:02.786+0000] {dagbag.py:588} INFO - Filling up the DagBag from /home/airflow/.local/lib/python3.12/site-packages/airflow/example_dags/example_workday_timetable.py
[2024-09-28T04:03:02.890+0000] {processor.py:925} INFO - DAG(s) 'example_workday_timetable' retrieved from /home/airflow/.local/lib/python3.12/site-packages/airflow/example_dags/example_workday_timetable.py
[2024-09-28T04:03:03.143+0000] {logging_mixin.py:190} INFO - [2024-09-28T04:03:03.142+0000] {dag.py:3239} INFO - Sync 1 DAGs
[2024-09-28T04:03:03.342+0000] {logging_mixin.py:190} INFO - [2024-09-28T04:03:03.341+0000] {dag.py:4180} INFO - Setting next_dagrun for example_workday_timetable to 2021-01-04 00:00:00+00:00, run_after=2021-01-05 00:00:00+00:00
[2024-09-28T04:03:03.377+0000] {processor.py:208} INFO - Processing /home/airflow/.local/lib/python3.12/site-packages/airflow/example_dags/example_workday_timetable.py took 0.681 seconds
[2024-09-28T04:03:33.824+0000] {processor.py:186} INFO - Started process (PID=136) to work on /home/airflow/.local/lib/python3.12/site-packages/airflow/example_dags/example_workday_timetable.py
[2024-09-28T04:03:33.825+0000] {processor.py:914} INFO - Processing file /home/airflow/.local/lib/python3.12/site-packages/airflow/example_dags/example_workday_timetable.py for tasks to queue
[2024-09-28T04:03:33.828+0000] {logging_mixin.py:190} INFO - [2024-09-28T04:03:33.828+0000] {dagbag.py:588} INFO - Filling up the DagBag from /home/airflow/.local/lib/python3.12/site-packages/airflow/example_dags/example_workday_timetable.py
[2024-09-28T04:03:33.834+0000] {processor.py:925} INFO - DAG(s) 'example_workday_timetable' retrieved from /home/airflow/.local/lib/python3.12/site-packages/airflow/example_dags/example_workday_timetable.py
[2024-09-28T04:03:33.856+0000] {logging_mixin.py:190} INFO - [2024-09-28T04:03:33.855+0000] {dag.py:3239} INFO - Sync 1 DAGs
[2024-09-28T04:03:34.018+0000] {logging_mixin.py:190} INFO - [2024-09-28T04:03:34.018+0000] {dag.py:4180} INFO - Setting next_dagrun for example_workday_timetable to 2021-01-04 00:00:00+00:00, run_after=2021-01-05 00:00:00+00:00
[2024-09-28T04:03:34.045+0000] {processor.py:208} INFO - Processing /home/airflow/.local/lib/python3.12/site-packages/airflow/example_dags/example_workday_timetable.py took 0.227 seconds
[2024-09-28T04:04:04.791+0000] {processor.py:186} INFO - Started process (PID=198) to work on /home/airflow/.local/lib/python3.12/site-packages/airflow/example_dags/example_workday_timetable.py
[2024-09-28T04:04:04.794+0000] {processor.py:914} INFO - Processing file /home/airflow/.local/lib/python3.12/site-packages/airflow/example_dags/example_workday_timetable.py for tasks to queue
[2024-09-28T04:04:04.796+0000] {logging_mixin.py:190} INFO - [2024-09-28T04:04:04.796+0000] {dagbag.py:588} INFO - Filling up the DagBag from /home/airflow/.local/lib/python3.12/site-packages/airflow/example_dags/example_workday_timetable.py
[2024-09-28T04:04:04.802+0000] {processor.py:925} INFO - DAG(s) 'example_workday_timetable' retrieved from /home/airflow/.local/lib/python3.12/site-packages/airflow/example_dags/example_workday_timetable.py
[2024-09-28T04:04:04.825+0000] {logging_mixin.py:190} INFO - [2024-09-28T04:04:04.825+0000] {dag.py:3239} INFO - Sync 1 DAGs
[2024-09-28T04:04:04.912+0000] {logging_mixin.py:190} INFO - [2024-09-28T04:04:04.912+0000] {dag.py:4180} INFO - Setting next_dagrun for example_workday_timetable to 2021-01-04 00:00:00+00:00, run_after=2021-01-05 00:00:00+00:00
[2024-09-28T04:04:04.953+0000] {processor.py:208} INFO - Processing /home/airflow/.local/lib/python3.12/site-packages/airflow/example_dags/example_workday_timetable.py took 0.167 seconds
[2024-09-28T04:04:35.300+0000] {processor.py:186} INFO - Started process (PID=261) to work on /home/airflow/.local/lib/python3.12/site-packages/airflow/example_dags/example_workday_timetable.py
[2024-09-28T04:04:35.301+0000] {processor.py:914} INFO - Processing file /home/airflow/.local/lib/python3.12/site-packages/airflow/example_dags/example_workday_timetable.py for tasks to queue
[2024-09-28T04:04:35.304+0000] {logging_mixin.py:190} INFO - [2024-09-28T04:04:35.303+0000] {dagbag.py:588} INFO - Filling up the DagBag from /home/airflow/.local/lib/python3.12/site-packages/airflow/example_dags/example_workday_timetable.py
[2024-09-28T04:04:35.309+0000] {processor.py:925} INFO - DAG(s) 'example_workday_timetable' retrieved from /home/airflow/.local/lib/python3.12/site-packages/airflow/example_dags/example_workday_timetable.py
[2024-09-28T04:04:35.330+0000] {logging_mixin.py:190} INFO - [2024-09-28T04:04:35.330+0000] {dag.py:3239} INFO - Sync 1 DAGs
[2024-09-28T04:04:35.403+0000] {logging_mixin.py:190} INFO - [2024-09-28T04:04:35.402+0000] {dag.py:4180} INFO - Setting next_dagrun for example_workday_timetable to 2021-01-04 00:00:00+00:00, run_after=2021-01-05 00:00:00+00:00
[2024-09-28T04:04:35.429+0000] {processor.py:208} INFO - Processing /home/airflow/.local/lib/python3.12/site-packages/airflow/example_dags/example_workday_timetable.py took 0.135 seconds
[2024-09-28T04:05:05.662+0000] {processor.py:186} INFO - Started process (PID=347) to work on /home/airflow/.local/lib/python3.12/site-packages/airflow/example_dags/example_workday_timetable.py
[2024-09-28T04:05:05.663+0000] {processor.py:914} INFO - Processing file /home/airflow/.local/lib/python3.12/site-packages/airflow/example_dags/example_workday_timetable.py for tasks to queue
[2024-09-28T04:05:05.665+0000] {logging_mixin.py:190} INFO - [2024-09-28T04:05:05.665+0000] {dagbag.py:588} INFO - Filling up the DagBag from /home/airflow/.local/lib/python3.12/site-packages/airflow/example_dags/example_workday_timetable.py
[2024-09-28T04:05:05.670+0000] {processor.py:925} INFO - DAG(s) 'example_workday_timetable' retrieved from /home/airflow/.local/lib/python3.12/site-packages/airflow/example_dags/example_workday_timetable.py
[2024-09-28T04:05:05.689+0000] {logging_mixin.py:190} INFO - [2024-09-28T04:05:05.688+0000] {dag.py:3239} INFO - Sync 1 DAGs
[2024-09-28T04:05:05.758+0000] {logging_mixin.py:190} INFO - [2024-09-28T04:05:05.758+0000] {dag.py:4180} INFO - Setting next_dagrun for example_workday_timetable to 2021-01-04 00:00:00+00:00, run_after=2021-01-05 00:00:00+00:00
[2024-09-28T04:05:05.782+0000] {processor.py:208} INFO - Processing /home/airflow/.local/lib/python3.12/site-packages/airflow/example_dags/example_workday_timetable.py took 0.124 seconds
[2024-09-28T04:05:49.755+0000] {processor.py:186} INFO - Started process (PID=70) to work on /home/airflow/.local/lib/python3.12/site-packages/airflow/example_dags/example_workday_timetable.py
[2024-09-28T04:05:49.756+0000] {processor.py:914} INFO - Processing file /home/airflow/.local/lib/python3.12/site-packages/airflow/example_dags/example_workday_timetable.py for tasks to queue
[2024-09-28T04:05:49.759+0000] {logging_mixin.py:190} INFO - [2024-09-28T04:05:49.758+0000] {dagbag.py:588} INFO - Filling up the DagBag from /home/airflow/.local/lib/python3.12/site-packages/airflow/example_dags/example_workday_timetable.py
[2024-09-28T04:05:49.766+0000] {processor.py:925} INFO - DAG(s) 'example_workday_timetable' retrieved from /home/airflow/.local/lib/python3.12/site-packages/airflow/example_dags/example_workday_timetable.py
[2024-09-28T04:05:49.824+0000] {logging_mixin.py:190} INFO - [2024-09-28T04:05:49.824+0000] {dag.py:3239} INFO - Sync 1 DAGs
[2024-09-28T04:05:49.966+0000] {logging_mixin.py:190} INFO - [2024-09-28T04:05:49.966+0000] {dag.py:4180} INFO - Setting next_dagrun for example_workday_timetable to 2021-01-04 00:00:00+00:00, run_after=2021-01-05 00:00:00+00:00
[2024-09-28T04:05:49.997+0000] {processor.py:208} INFO - Processing /home/airflow/.local/lib/python3.12/site-packages/airflow/example_dags/example_workday_timetable.py took 0.250 seconds
[2024-09-28T04:06:20.984+0000] {processor.py:186} INFO - Started process (PID=144) to work on /home/airflow/.local/lib/python3.12/site-packages/airflow/example_dags/example_workday_timetable.py
[2024-09-28T04:06:21.011+0000] {processor.py:914} INFO - Processing file /home/airflow/.local/lib/python3.12/site-packages/airflow/example_dags/example_workday_timetable.py for tasks to queue
[2024-09-28T04:06:21.014+0000] {logging_mixin.py:190} INFO - [2024-09-28T04:06:21.014+0000] {dagbag.py:588} INFO - Filling up the DagBag from /home/airflow/.local/lib/python3.12/site-packages/airflow/example_dags/example_workday_timetable.py
[2024-09-28T04:06:21.019+0000] {processor.py:925} INFO - DAG(s) 'example_workday_timetable' retrieved from /home/airflow/.local/lib/python3.12/site-packages/airflow/example_dags/example_workday_timetable.py
[2024-09-28T04:06:21.037+0000] {logging_mixin.py:190} INFO - [2024-09-28T04:06:21.037+0000] {dag.py:3239} INFO - Sync 1 DAGs
[2024-09-28T04:06:21.140+0000] {logging_mixin.py:190} INFO - [2024-09-28T04:06:21.140+0000] {dag.py:4180} INFO - Setting next_dagrun for example_workday_timetable to 2021-01-04 00:00:00+00:00, run_after=2021-01-05 00:00:00+00:00
[2024-09-28T04:06:21.162+0000] {processor.py:208} INFO - Processing /home/airflow/.local/lib/python3.12/site-packages/airflow/example_dags/example_workday_timetable.py took 0.182 seconds
[2024-09-28T04:06:51.328+0000] {processor.py:186} INFO - Started process (PID=218) to work on /home/airflow/.local/lib/python3.12/site-packages/airflow/example_dags/example_workday_timetable.py
[2024-09-28T04:06:51.330+0000] {processor.py:914} INFO - Processing file /home/airflow/.local/lib/python3.12/site-packages/airflow/example_dags/example_workday_timetable.py for tasks to queue
[2024-09-28T04:06:51.332+0000] {logging_mixin.py:190} INFO - [2024-09-28T04:06:51.332+0000] {dagbag.py:588} INFO - Filling up the DagBag from /home/airflow/.local/lib/python3.12/site-packages/airflow/example_dags/example_workday_timetable.py
[2024-09-28T04:06:51.336+0000] {processor.py:925} INFO - DAG(s) 'example_workday_timetable' retrieved from /home/airflow/.local/lib/python3.12/site-packages/airflow/example_dags/example_workday_timetable.py
[2024-09-28T04:06:51.356+0000] {logging_mixin.py:190} INFO - [2024-09-28T04:06:51.356+0000] {dag.py:3239} INFO - Sync 1 DAGs
[2024-09-28T04:06:51.449+0000] {logging_mixin.py:190} INFO - [2024-09-28T04:06:51.449+0000] {dag.py:4180} INFO - Setting next_dagrun for example_workday_timetable to 2021-01-04 00:00:00+00:00, run_after=2021-01-05 00:00:00+00:00
[2024-09-28T04:06:51.475+0000] {processor.py:208} INFO - Processing /home/airflow/.local/lib/python3.12/site-packages/airflow/example_dags/example_workday_timetable.py took 0.152 seconds
[2024-09-28T04:07:21.641+0000] {processor.py:186} INFO - Started process (PID=293) to work on /home/airflow/.local/lib/python3.12/site-packages/airflow/example_dags/example_workday_timetable.py
[2024-09-28T04:07:21.642+0000] {processor.py:914} INFO - Processing file /home/airflow/.local/lib/python3.12/site-packages/airflow/example_dags/example_workday_timetable.py for tasks to queue
[2024-09-28T04:07:21.645+0000] {logging_mixin.py:190} INFO - [2024-09-28T04:07:21.644+0000] {dagbag.py:588} INFO - Filling up the DagBag from /home/airflow/.local/lib/python3.12/site-packages/airflow/example_dags/example_workday_timetable.py
[2024-09-28T04:07:21.649+0000] {processor.py:925} INFO - DAG(s) 'example_workday_timetable' retrieved from /home/airflow/.local/lib/python3.12/site-packages/airflow/example_dags/example_workday_timetable.py
[2024-09-28T04:07:21.667+0000] {logging_mixin.py:190} INFO - [2024-09-28T04:07:21.667+0000] {dag.py:3239} INFO - Sync 1 DAGs
[2024-09-28T04:07:21.731+0000] {logging_mixin.py:190} INFO - [2024-09-28T04:07:21.730+0000] {dag.py:4180} INFO - Setting next_dagrun for example_workday_timetable to 2021-01-04 00:00:00+00:00, run_after=2021-01-05 00:00:00+00:00
[2024-09-28T04:07:21.754+0000] {processor.py:208} INFO - Processing /home/airflow/.local/lib/python3.12/site-packages/airflow/example_dags/example_workday_timetable.py took 0.118 seconds
[2024-09-28T04:07:51.877+0000] {processor.py:186} INFO - Started process (PID=368) to work on /home/airflow/.local/lib/python3.12/site-packages/airflow/example_dags/example_workday_timetable.py
[2024-09-28T04:07:51.878+0000] {processor.py:914} INFO - Processing file /home/airflow/.local/lib/python3.12/site-packages/airflow/example_dags/example_workday_timetable.py for tasks to queue
[2024-09-28T04:07:51.880+0000] {logging_mixin.py:190} INFO - [2024-09-28T04:07:51.880+0000] {dagbag.py:588} INFO - Filling up the DagBag from /home/airflow/.local/lib/python3.12/site-packages/airflow/example_dags/example_workday_timetable.py
[2024-09-28T04:07:51.885+0000] {processor.py:925} INFO - DAG(s) 'example_workday_timetable' retrieved from /home/airflow/.local/lib/python3.12/site-packages/airflow/example_dags/example_workday_timetable.py
[2024-09-28T04:07:51.904+0000] {logging_mixin.py:190} INFO - [2024-09-28T04:07:51.904+0000] {dag.py:3239} INFO - Sync 1 DAGs
[2024-09-28T04:07:51.965+0000] {logging_mixin.py:190} INFO - [2024-09-28T04:07:51.965+0000] {dag.py:4180} INFO - Setting next_dagrun for example_workday_timetable to 2021-01-04 00:00:00+00:00, run_after=2021-01-05 00:00:00+00:00
[2024-09-28T04:07:51.991+0000] {processor.py:208} INFO - Processing /home/airflow/.local/lib/python3.12/site-packages/airflow/example_dags/example_workday_timetable.py took 0.120 seconds
