[2024-09-28T02:19:03.312+0000] {processor.py:186} INFO - Started process (PID=106) to work on /home/airflow/.local/lib/python3.12/site-packages/airflow/example_dags/example_task_group.py
[2024-09-28T02:19:03.314+0000] {processor.py:914} INFO - Processing file /home/airflow/.local/lib/python3.12/site-packages/airflow/example_dags/example_task_group.py for tasks to queue
[2024-09-28T02:19:03.316+0000] {logging_mixin.py:190} INFO - [2024-09-28T02:19:03.316+0000] {dagbag.py:588} INFO - Filling up the DagBag from /home/airflow/.local/lib/python3.12/site-packages/airflow/example_dags/example_task_group.py
[2024-09-28T02:19:03.327+0000] {processor.py:925} INFO - DAG(s) 'example_task_group' retrieved from /home/airflow/.local/lib/python3.12/site-packages/airflow/example_dags/example_task_group.py
[2024-09-28T02:19:03.352+0000] {logging_mixin.py:190} INFO - [2024-09-28T02:19:03.352+0000] {dag.py:3239} INFO - Sync 1 DAGs
[2024-09-28T02:19:03.369+0000] {logging_mixin.py:190} INFO - [2024-09-28T02:19:03.369+0000] {dag.py:4180} INFO - Setting next_dagrun for example_task_group to None, run_after=None
[2024-09-28T02:19:03.397+0000] {processor.py:208} INFO - Processing /home/airflow/.local/lib/python3.12/site-packages/airflow/example_dags/example_task_group.py took 0.093 seconds
[2024-09-28T02:19:34.695+0000] {processor.py:186} INFO - Started process (PID=169) to work on /home/airflow/.local/lib/python3.12/site-packages/airflow/example_dags/example_task_group.py
[2024-09-28T02:19:34.696+0000] {processor.py:914} INFO - Processing file /home/airflow/.local/lib/python3.12/site-packages/airflow/example_dags/example_task_group.py for tasks to queue
[2024-09-28T02:19:34.700+0000] {logging_mixin.py:190} INFO - [2024-09-28T02:19:34.699+0000] {dagbag.py:588} INFO - Filling up the DagBag from /home/airflow/.local/lib/python3.12/site-packages/airflow/example_dags/example_task_group.py
[2024-09-28T02:19:34.709+0000] {processor.py:925} INFO - DAG(s) 'example_task_group' retrieved from /home/airflow/.local/lib/python3.12/site-packages/airflow/example_dags/example_task_group.py
[2024-09-28T02:19:34.739+0000] {logging_mixin.py:190} INFO - [2024-09-28T02:19:34.738+0000] {dag.py:3239} INFO - Sync 1 DAGs
[2024-09-28T02:19:34.758+0000] {logging_mixin.py:190} INFO - [2024-09-28T02:19:34.757+0000] {dag.py:4180} INFO - Setting next_dagrun for example_task_group to None, run_after=None
[2024-09-28T02:19:34.793+0000] {processor.py:208} INFO - Processing /home/airflow/.local/lib/python3.12/site-packages/airflow/example_dags/example_task_group.py took 0.104 seconds
[2024-09-28T02:20:05.447+0000] {processor.py:186} INFO - Started process (PID=232) to work on /home/airflow/.local/lib/python3.12/site-packages/airflow/example_dags/example_task_group.py
[2024-09-28T02:20:05.449+0000] {processor.py:914} INFO - Processing file /home/airflow/.local/lib/python3.12/site-packages/airflow/example_dags/example_task_group.py for tasks to queue
[2024-09-28T02:20:05.451+0000] {logging_mixin.py:190} INFO - [2024-09-28T02:20:05.451+0000] {dagbag.py:588} INFO - Filling up the DagBag from /home/airflow/.local/lib/python3.12/site-packages/airflow/example_dags/example_task_group.py
[2024-09-28T02:20:05.458+0000] {processor.py:925} INFO - DAG(s) 'example_task_group' retrieved from /home/airflow/.local/lib/python3.12/site-packages/airflow/example_dags/example_task_group.py
[2024-09-28T02:20:05.483+0000] {logging_mixin.py:190} INFO - [2024-09-28T02:20:05.483+0000] {dag.py:3239} INFO - Sync 1 DAGs
[2024-09-28T02:20:05.497+0000] {logging_mixin.py:190} INFO - [2024-09-28T02:20:05.496+0000] {dag.py:4180} INFO - Setting next_dagrun for example_task_group to None, run_after=None
[2024-09-28T02:20:05.521+0000] {processor.py:208} INFO - Processing /home/airflow/.local/lib/python3.12/site-packages/airflow/example_dags/example_task_group.py took 0.079 seconds
[2024-09-28T02:20:35.957+0000] {processor.py:186} INFO - Started process (PID=295) to work on /home/airflow/.local/lib/python3.12/site-packages/airflow/example_dags/example_task_group.py
[2024-09-28T02:20:35.958+0000] {processor.py:914} INFO - Processing file /home/airflow/.local/lib/python3.12/site-packages/airflow/example_dags/example_task_group.py for tasks to queue
[2024-09-28T02:20:35.961+0000] {logging_mixin.py:190} INFO - [2024-09-28T02:20:35.961+0000] {dagbag.py:588} INFO - Filling up the DagBag from /home/airflow/.local/lib/python3.12/site-packages/airflow/example_dags/example_task_group.py
[2024-09-28T02:20:35.971+0000] {processor.py:925} INFO - DAG(s) 'example_task_group' retrieved from /home/airflow/.local/lib/python3.12/site-packages/airflow/example_dags/example_task_group.py
[2024-09-28T02:20:35.997+0000] {logging_mixin.py:190} INFO - [2024-09-28T02:20:35.997+0000] {dag.py:3239} INFO - Sync 1 DAGs
[2024-09-28T02:20:36.013+0000] {logging_mixin.py:190} INFO - [2024-09-28T02:20:36.012+0000] {dag.py:4180} INFO - Setting next_dagrun for example_task_group to None, run_after=None
[2024-09-28T02:20:36.042+0000] {processor.py:208} INFO - Processing /home/airflow/.local/lib/python3.12/site-packages/airflow/example_dags/example_task_group.py took 0.091 seconds
[2024-09-28T02:21:06.355+0000] {processor.py:186} INFO - Started process (PID=358) to work on /home/airflow/.local/lib/python3.12/site-packages/airflow/example_dags/example_task_group.py
[2024-09-28T02:21:06.358+0000] {processor.py:914} INFO - Processing file /home/airflow/.local/lib/python3.12/site-packages/airflow/example_dags/example_task_group.py for tasks to queue
[2024-09-28T02:21:06.361+0000] {logging_mixin.py:190} INFO - [2024-09-28T02:21:06.361+0000] {dagbag.py:588} INFO - Filling up the DagBag from /home/airflow/.local/lib/python3.12/site-packages/airflow/example_dags/example_task_group.py
[2024-09-28T02:21:06.375+0000] {processor.py:925} INFO - DAG(s) 'example_task_group' retrieved from /home/airflow/.local/lib/python3.12/site-packages/airflow/example_dags/example_task_group.py
[2024-09-28T02:21:06.409+0000] {logging_mixin.py:190} INFO - [2024-09-28T02:21:06.408+0000] {dag.py:3239} INFO - Sync 1 DAGs
[2024-09-28T02:21:06.429+0000] {logging_mixin.py:190} INFO - [2024-09-28T02:21:06.428+0000] {dag.py:4180} INFO - Setting next_dagrun for example_task_group to None, run_after=None
[2024-09-28T02:21:06.462+0000] {processor.py:208} INFO - Processing /home/airflow/.local/lib/python3.12/site-packages/airflow/example_dags/example_task_group.py took 0.114 seconds
[2024-09-28T02:21:36.939+0000] {processor.py:186} INFO - Started process (PID=421) to work on /home/airflow/.local/lib/python3.12/site-packages/airflow/example_dags/example_task_group.py
[2024-09-28T02:21:36.941+0000] {processor.py:914} INFO - Processing file /home/airflow/.local/lib/python3.12/site-packages/airflow/example_dags/example_task_group.py for tasks to queue
[2024-09-28T02:21:36.945+0000] {logging_mixin.py:190} INFO - [2024-09-28T02:21:36.944+0000] {dagbag.py:588} INFO - Filling up the DagBag from /home/airflow/.local/lib/python3.12/site-packages/airflow/example_dags/example_task_group.py
[2024-09-28T02:21:36.955+0000] {processor.py:925} INFO - DAG(s) 'example_task_group' retrieved from /home/airflow/.local/lib/python3.12/site-packages/airflow/example_dags/example_task_group.py
[2024-09-28T02:21:36.983+0000] {logging_mixin.py:190} INFO - [2024-09-28T02:21:36.983+0000] {dag.py:3239} INFO - Sync 1 DAGs
[2024-09-28T02:21:37.003+0000] {logging_mixin.py:190} INFO - [2024-09-28T02:21:37.003+0000] {dag.py:4180} INFO - Setting next_dagrun for example_task_group to None, run_after=None
[2024-09-28T02:21:37.032+0000] {processor.py:208} INFO - Processing /home/airflow/.local/lib/python3.12/site-packages/airflow/example_dags/example_task_group.py took 0.098 seconds
[2024-09-28T02:22:07.270+0000] {processor.py:186} INFO - Started process (PID=484) to work on /home/airflow/.local/lib/python3.12/site-packages/airflow/example_dags/example_task_group.py
[2024-09-28T02:22:07.271+0000] {processor.py:914} INFO - Processing file /home/airflow/.local/lib/python3.12/site-packages/airflow/example_dags/example_task_group.py for tasks to queue
[2024-09-28T02:22:07.273+0000] {logging_mixin.py:190} INFO - [2024-09-28T02:22:07.273+0000] {dagbag.py:588} INFO - Filling up the DagBag from /home/airflow/.local/lib/python3.12/site-packages/airflow/example_dags/example_task_group.py
[2024-09-28T02:22:07.282+0000] {processor.py:925} INFO - DAG(s) 'example_task_group' retrieved from /home/airflow/.local/lib/python3.12/site-packages/airflow/example_dags/example_task_group.py
[2024-09-28T02:22:07.307+0000] {logging_mixin.py:190} INFO - [2024-09-28T02:22:07.307+0000] {dag.py:3239} INFO - Sync 1 DAGs
[2024-09-28T02:22:07.322+0000] {logging_mixin.py:190} INFO - [2024-09-28T02:22:07.322+0000] {dag.py:4180} INFO - Setting next_dagrun for example_task_group to None, run_after=None
[2024-09-28T02:22:07.351+0000] {processor.py:208} INFO - Processing /home/airflow/.local/lib/python3.12/site-packages/airflow/example_dags/example_task_group.py took 0.088 seconds
[2024-09-28T02:22:38.180+0000] {processor.py:186} INFO - Started process (PID=547) to work on /home/airflow/.local/lib/python3.12/site-packages/airflow/example_dags/example_task_group.py
[2024-09-28T02:22:38.181+0000] {processor.py:914} INFO - Processing file /home/airflow/.local/lib/python3.12/site-packages/airflow/example_dags/example_task_group.py for tasks to queue
[2024-09-28T02:22:38.184+0000] {logging_mixin.py:190} INFO - [2024-09-28T02:22:38.184+0000] {dagbag.py:588} INFO - Filling up the DagBag from /home/airflow/.local/lib/python3.12/site-packages/airflow/example_dags/example_task_group.py
[2024-09-28T02:22:38.194+0000] {processor.py:925} INFO - DAG(s) 'example_task_group' retrieved from /home/airflow/.local/lib/python3.12/site-packages/airflow/example_dags/example_task_group.py
[2024-09-28T02:22:38.225+0000] {logging_mixin.py:190} INFO - [2024-09-28T02:22:38.224+0000] {dag.py:3239} INFO - Sync 1 DAGs
[2024-09-28T02:22:38.242+0000] {logging_mixin.py:190} INFO - [2024-09-28T02:22:38.241+0000] {dag.py:4180} INFO - Setting next_dagrun for example_task_group to None, run_after=None
[2024-09-28T02:22:38.271+0000] {processor.py:208} INFO - Processing /home/airflow/.local/lib/python3.12/site-packages/airflow/example_dags/example_task_group.py took 0.097 seconds
[2024-09-28T02:23:09.038+0000] {processor.py:186} INFO - Started process (PID=611) to work on /home/airflow/.local/lib/python3.12/site-packages/airflow/example_dags/example_task_group.py
[2024-09-28T02:23:09.041+0000] {processor.py:914} INFO - Processing file /home/airflow/.local/lib/python3.12/site-packages/airflow/example_dags/example_task_group.py for tasks to queue
[2024-09-28T02:23:09.043+0000] {logging_mixin.py:190} INFO - [2024-09-28T02:23:09.043+0000] {dagbag.py:588} INFO - Filling up the DagBag from /home/airflow/.local/lib/python3.12/site-packages/airflow/example_dags/example_task_group.py
[2024-09-28T02:23:09.051+0000] {processor.py:925} INFO - DAG(s) 'example_task_group' retrieved from /home/airflow/.local/lib/python3.12/site-packages/airflow/example_dags/example_task_group.py
[2024-09-28T02:23:09.073+0000] {logging_mixin.py:190} INFO - [2024-09-28T02:23:09.073+0000] {dag.py:3239} INFO - Sync 1 DAGs
[2024-09-28T02:23:09.088+0000] {logging_mixin.py:190} INFO - [2024-09-28T02:23:09.087+0000] {dag.py:4180} INFO - Setting next_dagrun for example_task_group to None, run_after=None
[2024-09-28T02:23:09.110+0000] {processor.py:208} INFO - Processing /home/airflow/.local/lib/python3.12/site-packages/airflow/example_dags/example_task_group.py took 0.078 seconds
[2024-09-28T02:23:40.050+0000] {processor.py:186} INFO - Started process (PID=674) to work on /home/airflow/.local/lib/python3.12/site-packages/airflow/example_dags/example_task_group.py
[2024-09-28T02:23:40.051+0000] {processor.py:914} INFO - Processing file /home/airflow/.local/lib/python3.12/site-packages/airflow/example_dags/example_task_group.py for tasks to queue
[2024-09-28T02:23:40.053+0000] {logging_mixin.py:190} INFO - [2024-09-28T02:23:40.053+0000] {dagbag.py:588} INFO - Filling up the DagBag from /home/airflow/.local/lib/python3.12/site-packages/airflow/example_dags/example_task_group.py
[2024-09-28T02:23:40.061+0000] {processor.py:925} INFO - DAG(s) 'example_task_group' retrieved from /home/airflow/.local/lib/python3.12/site-packages/airflow/example_dags/example_task_group.py
[2024-09-28T02:23:40.081+0000] {logging_mixin.py:190} INFO - [2024-09-28T02:23:40.081+0000] {dag.py:3239} INFO - Sync 1 DAGs
[2024-09-28T02:23:40.094+0000] {logging_mixin.py:190} INFO - [2024-09-28T02:23:40.094+0000] {dag.py:4180} INFO - Setting next_dagrun for example_task_group to None, run_after=None
[2024-09-28T02:23:40.118+0000] {processor.py:208} INFO - Processing /home/airflow/.local/lib/python3.12/site-packages/airflow/example_dags/example_task_group.py took 0.074 seconds
[2024-09-28T02:24:10.753+0000] {processor.py:186} INFO - Started process (PID=737) to work on /home/airflow/.local/lib/python3.12/site-packages/airflow/example_dags/example_task_group.py
[2024-09-28T02:24:10.755+0000] {processor.py:914} INFO - Processing file /home/airflow/.local/lib/python3.12/site-packages/airflow/example_dags/example_task_group.py for tasks to queue
[2024-09-28T02:24:10.757+0000] {logging_mixin.py:190} INFO - [2024-09-28T02:24:10.757+0000] {dagbag.py:588} INFO - Filling up the DagBag from /home/airflow/.local/lib/python3.12/site-packages/airflow/example_dags/example_task_group.py
[2024-09-28T02:24:10.765+0000] {processor.py:925} INFO - DAG(s) 'example_task_group' retrieved from /home/airflow/.local/lib/python3.12/site-packages/airflow/example_dags/example_task_group.py
[2024-09-28T02:24:10.790+0000] {logging_mixin.py:190} INFO - [2024-09-28T02:24:10.789+0000] {dag.py:3239} INFO - Sync 1 DAGs
[2024-09-28T02:24:10.805+0000] {logging_mixin.py:190} INFO - [2024-09-28T02:24:10.805+0000] {dag.py:4180} INFO - Setting next_dagrun for example_task_group to None, run_after=None
[2024-09-28T02:24:10.832+0000] {processor.py:208} INFO - Processing /home/airflow/.local/lib/python3.12/site-packages/airflow/example_dags/example_task_group.py took 0.086 seconds
[2024-09-28T02:24:41.641+0000] {processor.py:186} INFO - Started process (PID=800) to work on /home/airflow/.local/lib/python3.12/site-packages/airflow/example_dags/example_task_group.py
[2024-09-28T02:24:41.642+0000] {processor.py:914} INFO - Processing file /home/airflow/.local/lib/python3.12/site-packages/airflow/example_dags/example_task_group.py for tasks to queue
[2024-09-28T02:24:41.645+0000] {logging_mixin.py:190} INFO - [2024-09-28T02:24:41.645+0000] {dagbag.py:588} INFO - Filling up the DagBag from /home/airflow/.local/lib/python3.12/site-packages/airflow/example_dags/example_task_group.py
[2024-09-28T02:24:41.655+0000] {processor.py:925} INFO - DAG(s) 'example_task_group' retrieved from /home/airflow/.local/lib/python3.12/site-packages/airflow/example_dags/example_task_group.py
[2024-09-28T02:24:41.684+0000] {logging_mixin.py:190} INFO - [2024-09-28T02:24:41.684+0000] {dag.py:3239} INFO - Sync 1 DAGs
[2024-09-28T02:24:41.702+0000] {logging_mixin.py:190} INFO - [2024-09-28T02:24:41.701+0000] {dag.py:4180} INFO - Setting next_dagrun for example_task_group to None, run_after=None
[2024-09-28T02:24:41.729+0000] {processor.py:208} INFO - Processing /home/airflow/.local/lib/python3.12/site-packages/airflow/example_dags/example_task_group.py took 0.094 seconds
[2024-09-28T02:25:12.085+0000] {processor.py:186} INFO - Started process (PID=863) to work on /home/airflow/.local/lib/python3.12/site-packages/airflow/example_dags/example_task_group.py
[2024-09-28T02:25:12.086+0000] {processor.py:914} INFO - Processing file /home/airflow/.local/lib/python3.12/site-packages/airflow/example_dags/example_task_group.py for tasks to queue
[2024-09-28T02:25:12.090+0000] {logging_mixin.py:190} INFO - [2024-09-28T02:25:12.089+0000] {dagbag.py:588} INFO - Filling up the DagBag from /home/airflow/.local/lib/python3.12/site-packages/airflow/example_dags/example_task_group.py
[2024-09-28T02:25:12.099+0000] {processor.py:925} INFO - DAG(s) 'example_task_group' retrieved from /home/airflow/.local/lib/python3.12/site-packages/airflow/example_dags/example_task_group.py
[2024-09-28T02:25:12.123+0000] {logging_mixin.py:190} INFO - [2024-09-28T02:25:12.123+0000] {dag.py:3239} INFO - Sync 1 DAGs
[2024-09-28T02:25:12.140+0000] {logging_mixin.py:190} INFO - [2024-09-28T02:25:12.139+0000] {dag.py:4180} INFO - Setting next_dagrun for example_task_group to None, run_after=None
[2024-09-28T02:25:12.166+0000] {processor.py:208} INFO - Processing /home/airflow/.local/lib/python3.12/site-packages/airflow/example_dags/example_task_group.py took 0.087 seconds
[2024-09-28T02:25:42.471+0000] {processor.py:186} INFO - Started process (PID=926) to work on /home/airflow/.local/lib/python3.12/site-packages/airflow/example_dags/example_task_group.py
[2024-09-28T02:25:42.472+0000] {processor.py:914} INFO - Processing file /home/airflow/.local/lib/python3.12/site-packages/airflow/example_dags/example_task_group.py for tasks to queue
[2024-09-28T02:25:42.475+0000] {logging_mixin.py:190} INFO - [2024-09-28T02:25:42.475+0000] {dagbag.py:588} INFO - Filling up the DagBag from /home/airflow/.local/lib/python3.12/site-packages/airflow/example_dags/example_task_group.py
[2024-09-28T02:25:42.485+0000] {processor.py:925} INFO - DAG(s) 'example_task_group' retrieved from /home/airflow/.local/lib/python3.12/site-packages/airflow/example_dags/example_task_group.py
[2024-09-28T02:25:42.511+0000] {logging_mixin.py:190} INFO - [2024-09-28T02:25:42.511+0000] {dag.py:3239} INFO - Sync 1 DAGs
[2024-09-28T02:25:42.527+0000] {logging_mixin.py:190} INFO - [2024-09-28T02:25:42.527+0000] {dag.py:4180} INFO - Setting next_dagrun for example_task_group to None, run_after=None
[2024-09-28T02:25:42.552+0000] {processor.py:208} INFO - Processing /home/airflow/.local/lib/python3.12/site-packages/airflow/example_dags/example_task_group.py took 0.087 seconds
[2024-09-28T02:26:12.807+0000] {processor.py:186} INFO - Started process (PID=989) to work on /home/airflow/.local/lib/python3.12/site-packages/airflow/example_dags/example_task_group.py
[2024-09-28T02:26:12.808+0000] {processor.py:914} INFO - Processing file /home/airflow/.local/lib/python3.12/site-packages/airflow/example_dags/example_task_group.py for tasks to queue
[2024-09-28T02:26:12.811+0000] {logging_mixin.py:190} INFO - [2024-09-28T02:26:12.811+0000] {dagbag.py:588} INFO - Filling up the DagBag from /home/airflow/.local/lib/python3.12/site-packages/airflow/example_dags/example_task_group.py
[2024-09-28T02:26:12.819+0000] {processor.py:925} INFO - DAG(s) 'example_task_group' retrieved from /home/airflow/.local/lib/python3.12/site-packages/airflow/example_dags/example_task_group.py
[2024-09-28T02:26:12.841+0000] {logging_mixin.py:190} INFO - [2024-09-28T02:26:12.841+0000] {dag.py:3239} INFO - Sync 1 DAGs
[2024-09-28T02:26:12.855+0000] {logging_mixin.py:190} INFO - [2024-09-28T02:26:12.855+0000] {dag.py:4180} INFO - Setting next_dagrun for example_task_group to None, run_after=None
[2024-09-28T02:26:12.881+0000] {processor.py:208} INFO - Processing /home/airflow/.local/lib/python3.12/site-packages/airflow/example_dags/example_task_group.py took 0.079 seconds
[2024-09-28T02:46:06.996+0000] {processor.py:186} INFO - Started process (PID=105) to work on /home/airflow/.local/lib/python3.12/site-packages/airflow/example_dags/example_task_group.py
[2024-09-28T02:46:06.998+0000] {processor.py:914} INFO - Processing file /home/airflow/.local/lib/python3.12/site-packages/airflow/example_dags/example_task_group.py for tasks to queue
[2024-09-28T02:46:07.000+0000] {logging_mixin.py:190} INFO - [2024-09-28T02:46:07.000+0000] {dagbag.py:588} INFO - Filling up the DagBag from /home/airflow/.local/lib/python3.12/site-packages/airflow/example_dags/example_task_group.py
[2024-09-28T02:46:07.012+0000] {processor.py:925} INFO - DAG(s) 'example_task_group' retrieved from /home/airflow/.local/lib/python3.12/site-packages/airflow/example_dags/example_task_group.py
[2024-09-28T02:46:07.041+0000] {logging_mixin.py:190} INFO - [2024-09-28T02:46:07.041+0000] {dag.py:3239} INFO - Sync 1 DAGs
[2024-09-28T02:46:07.058+0000] {logging_mixin.py:190} INFO - [2024-09-28T02:46:07.058+0000] {dag.py:4180} INFO - Setting next_dagrun for example_task_group to None, run_after=None
[2024-09-28T02:46:07.094+0000] {processor.py:208} INFO - Processing /home/airflow/.local/lib/python3.12/site-packages/airflow/example_dags/example_task_group.py took 0.104 seconds
[2024-09-28T02:46:38.841+0000] {processor.py:186} INFO - Started process (PID=168) to work on /home/airflow/.local/lib/python3.12/site-packages/airflow/example_dags/example_task_group.py
[2024-09-28T02:46:38.843+0000] {processor.py:914} INFO - Processing file /home/airflow/.local/lib/python3.12/site-packages/airflow/example_dags/example_task_group.py for tasks to queue
[2024-09-28T02:46:38.846+0000] {logging_mixin.py:190} INFO - [2024-09-28T02:46:38.846+0000] {dagbag.py:588} INFO - Filling up the DagBag from /home/airflow/.local/lib/python3.12/site-packages/airflow/example_dags/example_task_group.py
[2024-09-28T02:46:38.856+0000] {processor.py:925} INFO - DAG(s) 'example_task_group' retrieved from /home/airflow/.local/lib/python3.12/site-packages/airflow/example_dags/example_task_group.py
[2024-09-28T02:46:38.882+0000] {logging_mixin.py:190} INFO - [2024-09-28T02:46:38.882+0000] {dag.py:3239} INFO - Sync 1 DAGs
[2024-09-28T02:46:38.904+0000] {logging_mixin.py:190} INFO - [2024-09-28T02:46:38.904+0000] {dag.py:4180} INFO - Setting next_dagrun for example_task_group to None, run_after=None
[2024-09-28T02:46:38.933+0000] {processor.py:208} INFO - Processing /home/airflow/.local/lib/python3.12/site-packages/airflow/example_dags/example_task_group.py took 0.098 seconds
[2024-09-28T02:47:10.945+0000] {processor.py:186} INFO - Started process (PID=231) to work on /home/airflow/.local/lib/python3.12/site-packages/airflow/example_dags/example_task_group.py
[2024-09-28T02:47:10.947+0000] {processor.py:914} INFO - Processing file /home/airflow/.local/lib/python3.12/site-packages/airflow/example_dags/example_task_group.py for tasks to queue
[2024-09-28T02:47:10.950+0000] {logging_mixin.py:190} INFO - [2024-09-28T02:47:10.950+0000] {dagbag.py:588} INFO - Filling up the DagBag from /home/airflow/.local/lib/python3.12/site-packages/airflow/example_dags/example_task_group.py
[2024-09-28T02:47:10.961+0000] {processor.py:925} INFO - DAG(s) 'example_task_group' retrieved from /home/airflow/.local/lib/python3.12/site-packages/airflow/example_dags/example_task_group.py
[2024-09-28T02:47:10.989+0000] {logging_mixin.py:190} INFO - [2024-09-28T02:47:10.989+0000] {dag.py:3239} INFO - Sync 1 DAGs
[2024-09-28T02:47:11.006+0000] {logging_mixin.py:190} INFO - [2024-09-28T02:47:11.006+0000] {dag.py:4180} INFO - Setting next_dagrun for example_task_group to None, run_after=None
[2024-09-28T02:47:11.034+0000] {processor.py:208} INFO - Processing /home/airflow/.local/lib/python3.12/site-packages/airflow/example_dags/example_task_group.py took 0.096 seconds
[2024-09-28T02:47:41.935+0000] {processor.py:186} INFO - Started process (PID=295) to work on /home/airflow/.local/lib/python3.12/site-packages/airflow/example_dags/example_task_group.py
[2024-09-28T02:47:41.936+0000] {processor.py:914} INFO - Processing file /home/airflow/.local/lib/python3.12/site-packages/airflow/example_dags/example_task_group.py for tasks to queue
[2024-09-28T02:47:41.939+0000] {logging_mixin.py:190} INFO - [2024-09-28T02:47:41.938+0000] {dagbag.py:588} INFO - Filling up the DagBag from /home/airflow/.local/lib/python3.12/site-packages/airflow/example_dags/example_task_group.py
[2024-09-28T02:47:41.950+0000] {processor.py:925} INFO - DAG(s) 'example_task_group' retrieved from /home/airflow/.local/lib/python3.12/site-packages/airflow/example_dags/example_task_group.py
[2024-09-28T02:47:41.975+0000] {logging_mixin.py:190} INFO - [2024-09-28T02:47:41.974+0000] {dag.py:3239} INFO - Sync 1 DAGs
[2024-09-28T02:47:41.991+0000] {logging_mixin.py:190} INFO - [2024-09-28T02:47:41.991+0000] {dag.py:4180} INFO - Setting next_dagrun for example_task_group to None, run_after=None
[2024-09-28T02:47:42.019+0000] {processor.py:208} INFO - Processing /home/airflow/.local/lib/python3.12/site-packages/airflow/example_dags/example_task_group.py took 0.095 seconds
[2024-09-28T02:48:13.775+0000] {processor.py:186} INFO - Started process (PID=357) to work on /home/airflow/.local/lib/python3.12/site-packages/airflow/example_dags/example_task_group.py
[2024-09-28T02:48:13.776+0000] {processor.py:914} INFO - Processing file /home/airflow/.local/lib/python3.12/site-packages/airflow/example_dags/example_task_group.py for tasks to queue
[2024-09-28T02:48:13.778+0000] {logging_mixin.py:190} INFO - [2024-09-28T02:48:13.777+0000] {dagbag.py:588} INFO - Filling up the DagBag from /home/airflow/.local/lib/python3.12/site-packages/airflow/example_dags/example_task_group.py
[2024-09-28T02:48:13.786+0000] {processor.py:925} INFO - DAG(s) 'example_task_group' retrieved from /home/airflow/.local/lib/python3.12/site-packages/airflow/example_dags/example_task_group.py
[2024-09-28T02:48:13.805+0000] {logging_mixin.py:190} INFO - [2024-09-28T02:48:13.805+0000] {dag.py:3239} INFO - Sync 1 DAGs
[2024-09-28T02:48:13.819+0000] {logging_mixin.py:190} INFO - [2024-09-28T02:48:13.819+0000] {dag.py:4180} INFO - Setting next_dagrun for example_task_group to None, run_after=None
[2024-09-28T02:48:13.842+0000] {processor.py:208} INFO - Processing /home/airflow/.local/lib/python3.12/site-packages/airflow/example_dags/example_task_group.py took 0.072 seconds
[2024-09-28T02:48:44.459+0000] {processor.py:186} INFO - Started process (PID=420) to work on /home/airflow/.local/lib/python3.12/site-packages/airflow/example_dags/example_task_group.py
[2024-09-28T02:48:44.460+0000] {processor.py:914} INFO - Processing file /home/airflow/.local/lib/python3.12/site-packages/airflow/example_dags/example_task_group.py for tasks to queue
[2024-09-28T02:48:44.462+0000] {logging_mixin.py:190} INFO - [2024-09-28T02:48:44.462+0000] {dagbag.py:588} INFO - Filling up the DagBag from /home/airflow/.local/lib/python3.12/site-packages/airflow/example_dags/example_task_group.py
[2024-09-28T02:48:44.471+0000] {processor.py:925} INFO - DAG(s) 'example_task_group' retrieved from /home/airflow/.local/lib/python3.12/site-packages/airflow/example_dags/example_task_group.py
[2024-09-28T02:48:44.494+0000] {logging_mixin.py:190} INFO - [2024-09-28T02:48:44.494+0000] {dag.py:3239} INFO - Sync 1 DAGs
[2024-09-28T02:48:44.509+0000] {logging_mixin.py:190} INFO - [2024-09-28T02:48:44.509+0000] {dag.py:4180} INFO - Setting next_dagrun for example_task_group to None, run_after=None
[2024-09-28T02:48:44.536+0000] {processor.py:208} INFO - Processing /home/airflow/.local/lib/python3.12/site-packages/airflow/example_dags/example_task_group.py took 0.083 seconds
[2024-09-28T02:49:15.141+0000] {processor.py:186} INFO - Started process (PID=484) to work on /home/airflow/.local/lib/python3.12/site-packages/airflow/example_dags/example_task_group.py
[2024-09-28T02:49:15.142+0000] {processor.py:914} INFO - Processing file /home/airflow/.local/lib/python3.12/site-packages/airflow/example_dags/example_task_group.py for tasks to queue
[2024-09-28T02:49:15.145+0000] {logging_mixin.py:190} INFO - [2024-09-28T02:49:15.145+0000] {dagbag.py:588} INFO - Filling up the DagBag from /home/airflow/.local/lib/python3.12/site-packages/airflow/example_dags/example_task_group.py
[2024-09-28T02:49:15.155+0000] {processor.py:925} INFO - DAG(s) 'example_task_group' retrieved from /home/airflow/.local/lib/python3.12/site-packages/airflow/example_dags/example_task_group.py
[2024-09-28T02:49:15.181+0000] {logging_mixin.py:190} INFO - [2024-09-28T02:49:15.179+0000] {dag.py:3239} INFO - Sync 1 DAGs
[2024-09-28T02:49:15.200+0000] {logging_mixin.py:190} INFO - [2024-09-28T02:49:15.200+0000] {dag.py:4180} INFO - Setting next_dagrun for example_task_group to None, run_after=None
[2024-09-28T02:49:15.225+0000] {processor.py:208} INFO - Processing /home/airflow/.local/lib/python3.12/site-packages/airflow/example_dags/example_task_group.py took 0.089 seconds
[2024-09-28T02:49:45.392+0000] {processor.py:186} INFO - Started process (PID=546) to work on /home/airflow/.local/lib/python3.12/site-packages/airflow/example_dags/example_task_group.py
[2024-09-28T02:49:45.393+0000] {processor.py:914} INFO - Processing file /home/airflow/.local/lib/python3.12/site-packages/airflow/example_dags/example_task_group.py for tasks to queue
[2024-09-28T02:49:45.395+0000] {logging_mixin.py:190} INFO - [2024-09-28T02:49:45.395+0000] {dagbag.py:588} INFO - Filling up the DagBag from /home/airflow/.local/lib/python3.12/site-packages/airflow/example_dags/example_task_group.py
[2024-09-28T02:49:45.403+0000] {processor.py:925} INFO - DAG(s) 'example_task_group' retrieved from /home/airflow/.local/lib/python3.12/site-packages/airflow/example_dags/example_task_group.py
[2024-09-28T02:49:45.423+0000] {logging_mixin.py:190} INFO - [2024-09-28T02:49:45.423+0000] {dag.py:3239} INFO - Sync 1 DAGs
[2024-09-28T02:49:45.436+0000] {logging_mixin.py:190} INFO - [2024-09-28T02:49:45.436+0000] {dag.py:4180} INFO - Setting next_dagrun for example_task_group to None, run_after=None
[2024-09-28T02:49:45.460+0000] {processor.py:208} INFO - Processing /home/airflow/.local/lib/python3.12/site-packages/airflow/example_dags/example_task_group.py took 0.073 seconds
[2024-09-28T02:50:16.394+0000] {processor.py:186} INFO - Started process (PID=611) to work on /home/airflow/.local/lib/python3.12/site-packages/airflow/example_dags/example_task_group.py
[2024-09-28T02:50:16.395+0000] {processor.py:914} INFO - Processing file /home/airflow/.local/lib/python3.12/site-packages/airflow/example_dags/example_task_group.py for tasks to queue
[2024-09-28T02:50:16.397+0000] {logging_mixin.py:190} INFO - [2024-09-28T02:50:16.397+0000] {dagbag.py:588} INFO - Filling up the DagBag from /home/airflow/.local/lib/python3.12/site-packages/airflow/example_dags/example_task_group.py
[2024-09-28T02:50:16.405+0000] {processor.py:925} INFO - DAG(s) 'example_task_group' retrieved from /home/airflow/.local/lib/python3.12/site-packages/airflow/example_dags/example_task_group.py
[2024-09-28T02:50:16.426+0000] {logging_mixin.py:190} INFO - [2024-09-28T02:50:16.425+0000] {dag.py:3239} INFO - Sync 1 DAGs
[2024-09-28T02:50:16.439+0000] {logging_mixin.py:190} INFO - [2024-09-28T02:50:16.439+0000] {dag.py:4180} INFO - Setting next_dagrun for example_task_group to None, run_after=None
[2024-09-28T02:50:16.463+0000] {processor.py:208} INFO - Processing /home/airflow/.local/lib/python3.12/site-packages/airflow/example_dags/example_task_group.py took 0.074 seconds
[2024-09-28T02:50:47.050+0000] {processor.py:186} INFO - Started process (PID=674) to work on /home/airflow/.local/lib/python3.12/site-packages/airflow/example_dags/example_task_group.py
[2024-09-28T02:50:47.051+0000] {processor.py:914} INFO - Processing file /home/airflow/.local/lib/python3.12/site-packages/airflow/example_dags/example_task_group.py for tasks to queue
[2024-09-28T02:50:47.054+0000] {logging_mixin.py:190} INFO - [2024-09-28T02:50:47.054+0000] {dagbag.py:588} INFO - Filling up the DagBag from /home/airflow/.local/lib/python3.12/site-packages/airflow/example_dags/example_task_group.py
[2024-09-28T02:50:47.062+0000] {processor.py:925} INFO - DAG(s) 'example_task_group' retrieved from /home/airflow/.local/lib/python3.12/site-packages/airflow/example_dags/example_task_group.py
[2024-09-28T02:50:47.085+0000] {logging_mixin.py:190} INFO - [2024-09-28T02:50:47.085+0000] {dag.py:3239} INFO - Sync 1 DAGs
[2024-09-28T02:50:47.099+0000] {logging_mixin.py:190} INFO - [2024-09-28T02:50:47.098+0000] {dag.py:4180} INFO - Setting next_dagrun for example_task_group to None, run_after=None
[2024-09-28T02:50:47.124+0000] {processor.py:208} INFO - Processing /home/airflow/.local/lib/python3.12/site-packages/airflow/example_dags/example_task_group.py took 0.079 seconds
[2024-09-28T02:51:17.697+0000] {processor.py:186} INFO - Started process (PID=737) to work on /home/airflow/.local/lib/python3.12/site-packages/airflow/example_dags/example_task_group.py
[2024-09-28T02:51:17.699+0000] {processor.py:914} INFO - Processing file /home/airflow/.local/lib/python3.12/site-packages/airflow/example_dags/example_task_group.py for tasks to queue
[2024-09-28T02:51:17.701+0000] {logging_mixin.py:190} INFO - [2024-09-28T02:51:17.701+0000] {dagbag.py:588} INFO - Filling up the DagBag from /home/airflow/.local/lib/python3.12/site-packages/airflow/example_dags/example_task_group.py
[2024-09-28T02:51:17.712+0000] {processor.py:925} INFO - DAG(s) 'example_task_group' retrieved from /home/airflow/.local/lib/python3.12/site-packages/airflow/example_dags/example_task_group.py
[2024-09-28T02:51:17.739+0000] {logging_mixin.py:190} INFO - [2024-09-28T02:51:17.739+0000] {dag.py:3239} INFO - Sync 1 DAGs
[2024-09-28T02:51:17.755+0000] {logging_mixin.py:190} INFO - [2024-09-28T02:51:17.755+0000] {dag.py:4180} INFO - Setting next_dagrun for example_task_group to None, run_after=None
[2024-09-28T02:51:17.779+0000] {processor.py:208} INFO - Processing /home/airflow/.local/lib/python3.12/site-packages/airflow/example_dags/example_task_group.py took 0.088 seconds
[2024-09-28T02:51:49.339+0000] {processor.py:186} INFO - Started process (PID=800) to work on /home/airflow/.local/lib/python3.12/site-packages/airflow/example_dags/example_task_group.py
[2024-09-28T02:51:49.340+0000] {processor.py:914} INFO - Processing file /home/airflow/.local/lib/python3.12/site-packages/airflow/example_dags/example_task_group.py for tasks to queue
[2024-09-28T02:51:49.343+0000] {logging_mixin.py:190} INFO - [2024-09-28T02:51:49.343+0000] {dagbag.py:588} INFO - Filling up the DagBag from /home/airflow/.local/lib/python3.12/site-packages/airflow/example_dags/example_task_group.py
[2024-09-28T02:51:49.352+0000] {processor.py:925} INFO - DAG(s) 'example_task_group' retrieved from /home/airflow/.local/lib/python3.12/site-packages/airflow/example_dags/example_task_group.py
[2024-09-28T02:51:49.375+0000] {logging_mixin.py:190} INFO - [2024-09-28T02:51:49.375+0000] {dag.py:3239} INFO - Sync 1 DAGs
[2024-09-28T02:51:49.391+0000] {logging_mixin.py:190} INFO - [2024-09-28T02:51:49.391+0000] {dag.py:4180} INFO - Setting next_dagrun for example_task_group to None, run_after=None
[2024-09-28T02:51:49.415+0000] {processor.py:208} INFO - Processing /home/airflow/.local/lib/python3.12/site-packages/airflow/example_dags/example_task_group.py took 0.082 seconds
[2024-09-28T03:34:10.179+0000] {processor.py:186} INFO - Started process (PID=871) to work on /home/airflow/.local/lib/python3.12/site-packages/airflow/example_dags/example_task_group.py
[2024-09-28T03:34:10.181+0000] {processor.py:914} INFO - Processing file /home/airflow/.local/lib/python3.12/site-packages/airflow/example_dags/example_task_group.py for tasks to queue
[2024-09-28T03:34:10.183+0000] {logging_mixin.py:190} INFO - [2024-09-28T03:34:10.182+0000] {dagbag.py:588} INFO - Filling up the DagBag from /home/airflow/.local/lib/python3.12/site-packages/airflow/example_dags/example_task_group.py
[2024-09-28T03:34:10.199+0000] {processor.py:925} INFO - DAG(s) 'example_task_group' retrieved from /home/airflow/.local/lib/python3.12/site-packages/airflow/example_dags/example_task_group.py
[2024-09-28T03:34:10.232+0000] {logging_mixin.py:190} INFO - [2024-09-28T03:34:10.232+0000] {dag.py:3239} INFO - Sync 1 DAGs
[2024-09-28T03:34:10.255+0000] {logging_mixin.py:190} INFO - [2024-09-28T03:34:10.254+0000] {dag.py:4180} INFO - Setting next_dagrun for example_task_group to None, run_after=None
[2024-09-28T03:34:10.295+0000] {processor.py:208} INFO - Processing /home/airflow/.local/lib/python3.12/site-packages/airflow/example_dags/example_task_group.py took 0.122 seconds
[2024-09-28T03:34:40.857+0000] {processor.py:186} INFO - Started process (PID=934) to work on /home/airflow/.local/lib/python3.12/site-packages/airflow/example_dags/example_task_group.py
[2024-09-28T03:34:40.858+0000] {processor.py:914} INFO - Processing file /home/airflow/.local/lib/python3.12/site-packages/airflow/example_dags/example_task_group.py for tasks to queue
[2024-09-28T03:34:40.859+0000] {logging_mixin.py:190} INFO - [2024-09-28T03:34:40.859+0000] {dagbag.py:588} INFO - Filling up the DagBag from /home/airflow/.local/lib/python3.12/site-packages/airflow/example_dags/example_task_group.py
[2024-09-28T03:34:40.867+0000] {processor.py:925} INFO - DAG(s) 'example_task_group' retrieved from /home/airflow/.local/lib/python3.12/site-packages/airflow/example_dags/example_task_group.py
[2024-09-28T03:34:40.890+0000] {logging_mixin.py:190} INFO - [2024-09-28T03:34:40.889+0000] {dag.py:3239} INFO - Sync 1 DAGs
[2024-09-28T03:34:40.904+0000] {logging_mixin.py:190} INFO - [2024-09-28T03:34:40.903+0000] {dag.py:4180} INFO - Setting next_dagrun for example_task_group to None, run_after=None
[2024-09-28T03:34:40.927+0000] {processor.py:208} INFO - Processing /home/airflow/.local/lib/python3.12/site-packages/airflow/example_dags/example_task_group.py took 0.075 seconds
[2024-09-28T03:40:14.899+0000] {processor.py:186} INFO - Started process (PID=120) to work on /home/airflow/.local/lib/python3.12/site-packages/airflow/example_dags/example_task_group.py
[2024-09-28T03:40:14.900+0000] {processor.py:914} INFO - Processing file /home/airflow/.local/lib/python3.12/site-packages/airflow/example_dags/example_task_group.py for tasks to queue
[2024-09-28T03:40:14.903+0000] {logging_mixin.py:190} INFO - [2024-09-28T03:40:14.903+0000] {dagbag.py:588} INFO - Filling up the DagBag from /home/airflow/.local/lib/python3.12/site-packages/airflow/example_dags/example_task_group.py
[2024-09-28T03:40:14.913+0000] {processor.py:925} INFO - DAG(s) 'example_task_group' retrieved from /home/airflow/.local/lib/python3.12/site-packages/airflow/example_dags/example_task_group.py
[2024-09-28T03:40:14.940+0000] {logging_mixin.py:190} INFO - [2024-09-28T03:40:14.939+0000] {dag.py:3239} INFO - Sync 1 DAGs
[2024-09-28T03:40:14.957+0000] {logging_mixin.py:190} INFO - [2024-09-28T03:40:14.956+0000] {dag.py:4180} INFO - Setting next_dagrun for example_task_group to None, run_after=None
[2024-09-28T03:40:14.985+0000] {processor.py:208} INFO - Processing /home/airflow/.local/lib/python3.12/site-packages/airflow/example_dags/example_task_group.py took 0.092 seconds
[2024-09-28T03:40:45.066+0000] {processor.py:186} INFO - Started process (PID=194) to work on /home/airflow/.local/lib/python3.12/site-packages/airflow/example_dags/example_task_group.py
[2024-09-28T03:40:45.067+0000] {processor.py:914} INFO - Processing file /home/airflow/.local/lib/python3.12/site-packages/airflow/example_dags/example_task_group.py for tasks to queue
[2024-09-28T03:40:45.069+0000] {logging_mixin.py:190} INFO - [2024-09-28T03:40:45.069+0000] {dagbag.py:588} INFO - Filling up the DagBag from /home/airflow/.local/lib/python3.12/site-packages/airflow/example_dags/example_task_group.py
[2024-09-28T03:40:45.076+0000] {processor.py:925} INFO - DAG(s) 'example_task_group' retrieved from /home/airflow/.local/lib/python3.12/site-packages/airflow/example_dags/example_task_group.py
[2024-09-28T03:40:45.097+0000] {logging_mixin.py:190} INFO - [2024-09-28T03:40:45.097+0000] {dag.py:3239} INFO - Sync 1 DAGs
[2024-09-28T03:40:45.112+0000] {logging_mixin.py:190} INFO - [2024-09-28T03:40:45.111+0000] {dag.py:4180} INFO - Setting next_dagrun for example_task_group to None, run_after=None
[2024-09-28T03:40:45.133+0000] {processor.py:208} INFO - Processing /home/airflow/.local/lib/python3.12/site-packages/airflow/example_dags/example_task_group.py took 0.072 seconds
[2024-09-28T03:41:15.380+0000] {processor.py:186} INFO - Started process (PID=268) to work on /home/airflow/.local/lib/python3.12/site-packages/airflow/example_dags/example_task_group.py
[2024-09-28T03:41:15.382+0000] {processor.py:914} INFO - Processing file /home/airflow/.local/lib/python3.12/site-packages/airflow/example_dags/example_task_group.py for tasks to queue
[2024-09-28T03:41:15.384+0000] {logging_mixin.py:190} INFO - [2024-09-28T03:41:15.383+0000] {dagbag.py:588} INFO - Filling up the DagBag from /home/airflow/.local/lib/python3.12/site-packages/airflow/example_dags/example_task_group.py
[2024-09-28T03:41:15.391+0000] {processor.py:925} INFO - DAG(s) 'example_task_group' retrieved from /home/airflow/.local/lib/python3.12/site-packages/airflow/example_dags/example_task_group.py
[2024-09-28T03:41:15.412+0000] {logging_mixin.py:190} INFO - [2024-09-28T03:41:15.412+0000] {dag.py:3239} INFO - Sync 1 DAGs
[2024-09-28T03:41:15.428+0000] {logging_mixin.py:190} INFO - [2024-09-28T03:41:15.428+0000] {dag.py:4180} INFO - Setting next_dagrun for example_task_group to None, run_after=None
[2024-09-28T03:41:15.451+0000] {processor.py:208} INFO - Processing /home/airflow/.local/lib/python3.12/site-packages/airflow/example_dags/example_task_group.py took 0.075 seconds
[2024-09-28T03:41:46.141+0000] {processor.py:186} INFO - Started process (PID=342) to work on /home/airflow/.local/lib/python3.12/site-packages/airflow/example_dags/example_task_group.py
[2024-09-28T03:41:46.142+0000] {processor.py:914} INFO - Processing file /home/airflow/.local/lib/python3.12/site-packages/airflow/example_dags/example_task_group.py for tasks to queue
[2024-09-28T03:41:46.144+0000] {logging_mixin.py:190} INFO - [2024-09-28T03:41:46.144+0000] {dagbag.py:588} INFO - Filling up the DagBag from /home/airflow/.local/lib/python3.12/site-packages/airflow/example_dags/example_task_group.py
[2024-09-28T03:41:46.152+0000] {processor.py:925} INFO - DAG(s) 'example_task_group' retrieved from /home/airflow/.local/lib/python3.12/site-packages/airflow/example_dags/example_task_group.py
[2024-09-28T03:41:46.175+0000] {logging_mixin.py:190} INFO - [2024-09-28T03:41:46.174+0000] {dag.py:3239} INFO - Sync 1 DAGs
[2024-09-28T03:41:46.187+0000] {logging_mixin.py:190} INFO - [2024-09-28T03:41:46.187+0000] {dag.py:4180} INFO - Setting next_dagrun for example_task_group to None, run_after=None
[2024-09-28T03:41:46.212+0000] {processor.py:208} INFO - Processing /home/airflow/.local/lib/python3.12/site-packages/airflow/example_dags/example_task_group.py took 0.076 seconds
[2024-09-28T03:42:16.436+0000] {processor.py:186} INFO - Started process (PID=416) to work on /home/airflow/.local/lib/python3.12/site-packages/airflow/example_dags/example_task_group.py
[2024-09-28T03:42:16.437+0000] {processor.py:914} INFO - Processing file /home/airflow/.local/lib/python3.12/site-packages/airflow/example_dags/example_task_group.py for tasks to queue
[2024-09-28T03:42:16.440+0000] {logging_mixin.py:190} INFO - [2024-09-28T03:42:16.439+0000] {dagbag.py:588} INFO - Filling up the DagBag from /home/airflow/.local/lib/python3.12/site-packages/airflow/example_dags/example_task_group.py
[2024-09-28T03:42:16.448+0000] {processor.py:925} INFO - DAG(s) 'example_task_group' retrieved from /home/airflow/.local/lib/python3.12/site-packages/airflow/example_dags/example_task_group.py
[2024-09-28T03:42:16.470+0000] {logging_mixin.py:190} INFO - [2024-09-28T03:42:16.470+0000] {dag.py:3239} INFO - Sync 1 DAGs
[2024-09-28T03:42:16.486+0000] {logging_mixin.py:190} INFO - [2024-09-28T03:42:16.486+0000] {dag.py:4180} INFO - Setting next_dagrun for example_task_group to None, run_after=None
[2024-09-28T03:42:16.511+0000] {processor.py:208} INFO - Processing /home/airflow/.local/lib/python3.12/site-packages/airflow/example_dags/example_task_group.py took 0.080 seconds
[2024-09-28T03:42:46.974+0000] {processor.py:186} INFO - Started process (PID=490) to work on /home/airflow/.local/lib/python3.12/site-packages/airflow/example_dags/example_task_group.py
[2024-09-28T03:42:46.976+0000] {processor.py:914} INFO - Processing file /home/airflow/.local/lib/python3.12/site-packages/airflow/example_dags/example_task_group.py for tasks to queue
[2024-09-28T03:42:46.978+0000] {logging_mixin.py:190} INFO - [2024-09-28T03:42:46.978+0000] {dagbag.py:588} INFO - Filling up the DagBag from /home/airflow/.local/lib/python3.12/site-packages/airflow/example_dags/example_task_group.py
[2024-09-28T03:42:46.986+0000] {processor.py:925} INFO - DAG(s) 'example_task_group' retrieved from /home/airflow/.local/lib/python3.12/site-packages/airflow/example_dags/example_task_group.py
[2024-09-28T03:42:47.007+0000] {logging_mixin.py:190} INFO - [2024-09-28T03:42:47.007+0000] {dag.py:3239} INFO - Sync 1 DAGs
[2024-09-28T03:42:47.021+0000] {logging_mixin.py:190} INFO - [2024-09-28T03:42:47.021+0000] {dag.py:4180} INFO - Setting next_dagrun for example_task_group to None, run_after=None
[2024-09-28T03:42:47.044+0000] {processor.py:208} INFO - Processing /home/airflow/.local/lib/python3.12/site-packages/airflow/example_dags/example_task_group.py took 0.074 seconds
[2024-09-28T03:43:17.762+0000] {processor.py:186} INFO - Started process (PID=564) to work on /home/airflow/.local/lib/python3.12/site-packages/airflow/example_dags/example_task_group.py
[2024-09-28T03:43:17.763+0000] {processor.py:914} INFO - Processing file /home/airflow/.local/lib/python3.12/site-packages/airflow/example_dags/example_task_group.py for tasks to queue
[2024-09-28T03:43:17.765+0000] {logging_mixin.py:190} INFO - [2024-09-28T03:43:17.765+0000] {dagbag.py:588} INFO - Filling up the DagBag from /home/airflow/.local/lib/python3.12/site-packages/airflow/example_dags/example_task_group.py
[2024-09-28T03:43:17.773+0000] {processor.py:925} INFO - DAG(s) 'example_task_group' retrieved from /home/airflow/.local/lib/python3.12/site-packages/airflow/example_dags/example_task_group.py
[2024-09-28T03:43:17.794+0000] {logging_mixin.py:190} INFO - [2024-09-28T03:43:17.794+0000] {dag.py:3239} INFO - Sync 1 DAGs
[2024-09-28T03:43:17.806+0000] {logging_mixin.py:190} INFO - [2024-09-28T03:43:17.806+0000] {dag.py:4180} INFO - Setting next_dagrun for example_task_group to None, run_after=None
[2024-09-28T03:43:17.828+0000] {processor.py:208} INFO - Processing /home/airflow/.local/lib/python3.12/site-packages/airflow/example_dags/example_task_group.py took 0.072 seconds
[2024-09-28T03:43:48.113+0000] {processor.py:186} INFO - Started process (PID=638) to work on /home/airflow/.local/lib/python3.12/site-packages/airflow/example_dags/example_task_group.py
[2024-09-28T03:43:48.114+0000] {processor.py:914} INFO - Processing file /home/airflow/.local/lib/python3.12/site-packages/airflow/example_dags/example_task_group.py for tasks to queue
[2024-09-28T03:43:48.117+0000] {logging_mixin.py:190} INFO - [2024-09-28T03:43:48.116+0000] {dagbag.py:588} INFO - Filling up the DagBag from /home/airflow/.local/lib/python3.12/site-packages/airflow/example_dags/example_task_group.py
[2024-09-28T03:43:48.126+0000] {processor.py:925} INFO - DAG(s) 'example_task_group' retrieved from /home/airflow/.local/lib/python3.12/site-packages/airflow/example_dags/example_task_group.py
[2024-09-28T03:43:48.154+0000] {logging_mixin.py:190} INFO - [2024-09-28T03:43:48.154+0000] {dag.py:3239} INFO - Sync 1 DAGs
[2024-09-28T03:43:48.171+0000] {logging_mixin.py:190} INFO - [2024-09-28T03:43:48.171+0000] {dag.py:4180} INFO - Setting next_dagrun for example_task_group to None, run_after=None
[2024-09-28T03:43:48.197+0000] {processor.py:208} INFO - Processing /home/airflow/.local/lib/python3.12/site-packages/airflow/example_dags/example_task_group.py took 0.090 seconds
[2024-09-28T03:44:18.321+0000] {processor.py:186} INFO - Started process (PID=712) to work on /home/airflow/.local/lib/python3.12/site-packages/airflow/example_dags/example_task_group.py
[2024-09-28T03:44:18.322+0000] {processor.py:914} INFO - Processing file /home/airflow/.local/lib/python3.12/site-packages/airflow/example_dags/example_task_group.py for tasks to queue
[2024-09-28T03:44:18.324+0000] {logging_mixin.py:190} INFO - [2024-09-28T03:44:18.324+0000] {dagbag.py:588} INFO - Filling up the DagBag from /home/airflow/.local/lib/python3.12/site-packages/airflow/example_dags/example_task_group.py
[2024-09-28T03:44:18.331+0000] {processor.py:925} INFO - DAG(s) 'example_task_group' retrieved from /home/airflow/.local/lib/python3.12/site-packages/airflow/example_dags/example_task_group.py
[2024-09-28T03:44:18.351+0000] {logging_mixin.py:190} INFO - [2024-09-28T03:44:18.351+0000] {dag.py:3239} INFO - Sync 1 DAGs
[2024-09-28T03:44:18.365+0000] {logging_mixin.py:190} INFO - [2024-09-28T03:44:18.364+0000] {dag.py:4180} INFO - Setting next_dagrun for example_task_group to None, run_after=None
[2024-09-28T03:44:18.388+0000] {processor.py:208} INFO - Processing /home/airflow/.local/lib/python3.12/site-packages/airflow/example_dags/example_task_group.py took 0.072 seconds
[2024-09-28T03:44:48.629+0000] {processor.py:186} INFO - Started process (PID=786) to work on /home/airflow/.local/lib/python3.12/site-packages/airflow/example_dags/example_task_group.py
[2024-09-28T03:44:48.630+0000] {processor.py:914} INFO - Processing file /home/airflow/.local/lib/python3.12/site-packages/airflow/example_dags/example_task_group.py for tasks to queue
[2024-09-28T03:44:48.632+0000] {logging_mixin.py:190} INFO - [2024-09-28T03:44:48.632+0000] {dagbag.py:588} INFO - Filling up the DagBag from /home/airflow/.local/lib/python3.12/site-packages/airflow/example_dags/example_task_group.py
[2024-09-28T03:44:48.639+0000] {processor.py:925} INFO - DAG(s) 'example_task_group' retrieved from /home/airflow/.local/lib/python3.12/site-packages/airflow/example_dags/example_task_group.py
[2024-09-28T03:44:48.658+0000] {logging_mixin.py:190} INFO - [2024-09-28T03:44:48.658+0000] {dag.py:3239} INFO - Sync 1 DAGs
[2024-09-28T03:44:48.673+0000] {logging_mixin.py:190} INFO - [2024-09-28T03:44:48.673+0000] {dag.py:4180} INFO - Setting next_dagrun for example_task_group to None, run_after=None
[2024-09-28T03:44:48.696+0000] {processor.py:208} INFO - Processing /home/airflow/.local/lib/python3.12/site-packages/airflow/example_dags/example_task_group.py took 0.071 seconds
[2024-09-28T03:45:19.741+0000] {processor.py:186} INFO - Started process (PID=860) to work on /home/airflow/.local/lib/python3.12/site-packages/airflow/example_dags/example_task_group.py
[2024-09-28T03:45:19.742+0000] {processor.py:914} INFO - Processing file /home/airflow/.local/lib/python3.12/site-packages/airflow/example_dags/example_task_group.py for tasks to queue
[2024-09-28T03:45:19.746+0000] {logging_mixin.py:190} INFO - [2024-09-28T03:45:19.745+0000] {dagbag.py:588} INFO - Filling up the DagBag from /home/airflow/.local/lib/python3.12/site-packages/airflow/example_dags/example_task_group.py
[2024-09-28T03:45:19.756+0000] {processor.py:925} INFO - DAG(s) 'example_task_group' retrieved from /home/airflow/.local/lib/python3.12/site-packages/airflow/example_dags/example_task_group.py
[2024-09-28T03:45:19.779+0000] {logging_mixin.py:190} INFO - [2024-09-28T03:45:19.778+0000] {dag.py:3239} INFO - Sync 1 DAGs
[2024-09-28T03:45:19.793+0000] {logging_mixin.py:190} INFO - [2024-09-28T03:45:19.793+0000] {dag.py:4180} INFO - Setting next_dagrun for example_task_group to None, run_after=None
[2024-09-28T03:45:19.818+0000] {processor.py:208} INFO - Processing /home/airflow/.local/lib/python3.12/site-packages/airflow/example_dags/example_task_group.py took 0.084 seconds
[2024-09-28T03:45:50.217+0000] {processor.py:186} INFO - Started process (PID=935) to work on /home/airflow/.local/lib/python3.12/site-packages/airflow/example_dags/example_task_group.py
[2024-09-28T03:45:50.218+0000] {processor.py:914} INFO - Processing file /home/airflow/.local/lib/python3.12/site-packages/airflow/example_dags/example_task_group.py for tasks to queue
[2024-09-28T03:45:50.220+0000] {logging_mixin.py:190} INFO - [2024-09-28T03:45:50.220+0000] {dagbag.py:588} INFO - Filling up the DagBag from /home/airflow/.local/lib/python3.12/site-packages/airflow/example_dags/example_task_group.py
[2024-09-28T03:45:50.229+0000] {processor.py:925} INFO - DAG(s) 'example_task_group' retrieved from /home/airflow/.local/lib/python3.12/site-packages/airflow/example_dags/example_task_group.py
[2024-09-28T03:45:50.250+0000] {logging_mixin.py:190} INFO - [2024-09-28T03:45:50.250+0000] {dag.py:3239} INFO - Sync 1 DAGs
[2024-09-28T03:45:50.263+0000] {logging_mixin.py:190} INFO - [2024-09-28T03:45:50.263+0000] {dag.py:4180} INFO - Setting next_dagrun for example_task_group to None, run_after=None
[2024-09-28T03:45:50.287+0000] {processor.py:208} INFO - Processing /home/airflow/.local/lib/python3.12/site-packages/airflow/example_dags/example_task_group.py took 0.074 seconds
[2024-09-28T03:46:21.035+0000] {processor.py:186} INFO - Started process (PID=1009) to work on /home/airflow/.local/lib/python3.12/site-packages/airflow/example_dags/example_task_group.py
[2024-09-28T03:46:21.036+0000] {processor.py:914} INFO - Processing file /home/airflow/.local/lib/python3.12/site-packages/airflow/example_dags/example_task_group.py for tasks to queue
[2024-09-28T03:46:21.039+0000] {logging_mixin.py:190} INFO - [2024-09-28T03:46:21.038+0000] {dagbag.py:588} INFO - Filling up the DagBag from /home/airflow/.local/lib/python3.12/site-packages/airflow/example_dags/example_task_group.py
[2024-09-28T03:46:21.046+0000] {processor.py:925} INFO - DAG(s) 'example_task_group' retrieved from /home/airflow/.local/lib/python3.12/site-packages/airflow/example_dags/example_task_group.py
[2024-09-28T03:46:21.067+0000] {logging_mixin.py:190} INFO - [2024-09-28T03:46:21.067+0000] {dag.py:3239} INFO - Sync 1 DAGs
[2024-09-28T03:46:21.081+0000] {logging_mixin.py:190} INFO - [2024-09-28T03:46:21.081+0000] {dag.py:4180} INFO - Setting next_dagrun for example_task_group to None, run_after=None
[2024-09-28T03:46:21.105+0000] {processor.py:208} INFO - Processing /home/airflow/.local/lib/python3.12/site-packages/airflow/example_dags/example_task_group.py took 0.075 seconds
[2024-09-28T03:46:51.970+0000] {processor.py:186} INFO - Started process (PID=1083) to work on /home/airflow/.local/lib/python3.12/site-packages/airflow/example_dags/example_task_group.py
[2024-09-28T03:46:51.971+0000] {processor.py:914} INFO - Processing file /home/airflow/.local/lib/python3.12/site-packages/airflow/example_dags/example_task_group.py for tasks to queue
[2024-09-28T03:46:51.974+0000] {logging_mixin.py:190} INFO - [2024-09-28T03:46:51.974+0000] {dagbag.py:588} INFO - Filling up the DagBag from /home/airflow/.local/lib/python3.12/site-packages/airflow/example_dags/example_task_group.py
[2024-09-28T03:46:51.984+0000] {processor.py:925} INFO - DAG(s) 'example_task_group' retrieved from /home/airflow/.local/lib/python3.12/site-packages/airflow/example_dags/example_task_group.py
[2024-09-28T03:46:52.014+0000] {logging_mixin.py:190} INFO - [2024-09-28T03:46:52.014+0000] {dag.py:3239} INFO - Sync 1 DAGs
[2024-09-28T03:46:52.033+0000] {logging_mixin.py:190} INFO - [2024-09-28T03:46:52.033+0000] {dag.py:4180} INFO - Setting next_dagrun for example_task_group to None, run_after=None
[2024-09-28T03:46:52.065+0000] {processor.py:208} INFO - Processing /home/airflow/.local/lib/python3.12/site-packages/airflow/example_dags/example_task_group.py took 0.101 seconds
[2024-09-28T03:47:22.205+0000] {processor.py:186} INFO - Started process (PID=1157) to work on /home/airflow/.local/lib/python3.12/site-packages/airflow/example_dags/example_task_group.py
[2024-09-28T03:47:22.206+0000] {processor.py:914} INFO - Processing file /home/airflow/.local/lib/python3.12/site-packages/airflow/example_dags/example_task_group.py for tasks to queue
[2024-09-28T03:47:22.209+0000] {logging_mixin.py:190} INFO - [2024-09-28T03:47:22.209+0000] {dagbag.py:588} INFO - Filling up the DagBag from /home/airflow/.local/lib/python3.12/site-packages/airflow/example_dags/example_task_group.py
[2024-09-28T03:47:22.220+0000] {processor.py:925} INFO - DAG(s) 'example_task_group' retrieved from /home/airflow/.local/lib/python3.12/site-packages/airflow/example_dags/example_task_group.py
[2024-09-28T03:47:22.251+0000] {logging_mixin.py:190} INFO - [2024-09-28T03:47:22.250+0000] {dag.py:3239} INFO - Sync 1 DAGs
[2024-09-28T03:47:22.269+0000] {logging_mixin.py:190} INFO - [2024-09-28T03:47:22.269+0000] {dag.py:4180} INFO - Setting next_dagrun for example_task_group to None, run_after=None
[2024-09-28T03:47:22.298+0000] {processor.py:208} INFO - Processing /home/airflow/.local/lib/python3.12/site-packages/airflow/example_dags/example_task_group.py took 0.100 seconds
[2024-09-28T03:47:52.371+0000] {processor.py:186} INFO - Started process (PID=1230) to work on /home/airflow/.local/lib/python3.12/site-packages/airflow/example_dags/example_task_group.py
[2024-09-28T03:47:52.372+0000] {processor.py:914} INFO - Processing file /home/airflow/.local/lib/python3.12/site-packages/airflow/example_dags/example_task_group.py for tasks to queue
[2024-09-28T03:47:52.375+0000] {logging_mixin.py:190} INFO - [2024-09-28T03:47:52.374+0000] {dagbag.py:588} INFO - Filling up the DagBag from /home/airflow/.local/lib/python3.12/site-packages/airflow/example_dags/example_task_group.py
[2024-09-28T03:47:52.385+0000] {processor.py:925} INFO - DAG(s) 'example_task_group' retrieved from /home/airflow/.local/lib/python3.12/site-packages/airflow/example_dags/example_task_group.py
[2024-09-28T03:47:52.414+0000] {logging_mixin.py:190} INFO - [2024-09-28T03:47:52.414+0000] {dag.py:3239} INFO - Sync 1 DAGs
[2024-09-28T03:47:52.433+0000] {logging_mixin.py:190} INFO - [2024-09-28T03:47:52.432+0000] {dag.py:4180} INFO - Setting next_dagrun for example_task_group to None, run_after=None
[2024-09-28T03:47:52.460+0000] {processor.py:208} INFO - Processing /home/airflow/.local/lib/python3.12/site-packages/airflow/example_dags/example_task_group.py took 0.095 seconds
[2024-09-28T03:48:22.675+0000] {processor.py:186} INFO - Started process (PID=1304) to work on /home/airflow/.local/lib/python3.12/site-packages/airflow/example_dags/example_task_group.py
[2024-09-28T03:48:22.676+0000] {processor.py:914} INFO - Processing file /home/airflow/.local/lib/python3.12/site-packages/airflow/example_dags/example_task_group.py for tasks to queue
[2024-09-28T03:48:22.679+0000] {logging_mixin.py:190} INFO - [2024-09-28T03:48:22.678+0000] {dagbag.py:588} INFO - Filling up the DagBag from /home/airflow/.local/lib/python3.12/site-packages/airflow/example_dags/example_task_group.py
[2024-09-28T03:48:22.686+0000] {processor.py:925} INFO - DAG(s) 'example_task_group' retrieved from /home/airflow/.local/lib/python3.12/site-packages/airflow/example_dags/example_task_group.py
[2024-09-28T03:48:22.710+0000] {logging_mixin.py:190} INFO - [2024-09-28T03:48:22.709+0000] {dag.py:3239} INFO - Sync 1 DAGs
[2024-09-28T03:48:22.725+0000] {logging_mixin.py:190} INFO - [2024-09-28T03:48:22.724+0000] {dag.py:4180} INFO - Setting next_dagrun for example_task_group to None, run_after=None
[2024-09-28T03:48:22.755+0000] {processor.py:208} INFO - Processing /home/airflow/.local/lib/python3.12/site-packages/airflow/example_dags/example_task_group.py took 0.085 seconds
[2024-09-28T03:48:53.010+0000] {processor.py:186} INFO - Started process (PID=1378) to work on /home/airflow/.local/lib/python3.12/site-packages/airflow/example_dags/example_task_group.py
[2024-09-28T03:48:53.011+0000] {processor.py:914} INFO - Processing file /home/airflow/.local/lib/python3.12/site-packages/airflow/example_dags/example_task_group.py for tasks to queue
[2024-09-28T03:48:53.014+0000] {logging_mixin.py:190} INFO - [2024-09-28T03:48:53.014+0000] {dagbag.py:588} INFO - Filling up the DagBag from /home/airflow/.local/lib/python3.12/site-packages/airflow/example_dags/example_task_group.py
[2024-09-28T03:48:53.024+0000] {processor.py:925} INFO - DAG(s) 'example_task_group' retrieved from /home/airflow/.local/lib/python3.12/site-packages/airflow/example_dags/example_task_group.py
[2024-09-28T03:48:53.051+0000] {logging_mixin.py:190} INFO - [2024-09-28T03:48:53.051+0000] {dag.py:3239} INFO - Sync 1 DAGs
[2024-09-28T03:48:53.068+0000] {logging_mixin.py:190} INFO - [2024-09-28T03:48:53.067+0000] {dag.py:4180} INFO - Setting next_dagrun for example_task_group to None, run_after=None
[2024-09-28T03:48:53.101+0000] {processor.py:208} INFO - Processing /home/airflow/.local/lib/python3.12/site-packages/airflow/example_dags/example_task_group.py took 0.097 seconds
[2024-09-28T03:49:23.403+0000] {processor.py:186} INFO - Started process (PID=1452) to work on /home/airflow/.local/lib/python3.12/site-packages/airflow/example_dags/example_task_group.py
[2024-09-28T03:49:23.405+0000] {processor.py:914} INFO - Processing file /home/airflow/.local/lib/python3.12/site-packages/airflow/example_dags/example_task_group.py for tasks to queue
[2024-09-28T03:49:23.407+0000] {logging_mixin.py:190} INFO - [2024-09-28T03:49:23.407+0000] {dagbag.py:588} INFO - Filling up the DagBag from /home/airflow/.local/lib/python3.12/site-packages/airflow/example_dags/example_task_group.py
[2024-09-28T03:49:23.417+0000] {processor.py:925} INFO - DAG(s) 'example_task_group' retrieved from /home/airflow/.local/lib/python3.12/site-packages/airflow/example_dags/example_task_group.py
[2024-09-28T03:49:23.444+0000] {logging_mixin.py:190} INFO - [2024-09-28T03:49:23.444+0000] {dag.py:3239} INFO - Sync 1 DAGs
[2024-09-28T03:49:23.463+0000] {logging_mixin.py:190} INFO - [2024-09-28T03:49:23.462+0000] {dag.py:4180} INFO - Setting next_dagrun for example_task_group to None, run_after=None
[2024-09-28T03:49:23.492+0000] {processor.py:208} INFO - Processing /home/airflow/.local/lib/python3.12/site-packages/airflow/example_dags/example_task_group.py took 0.096 seconds
[2024-09-28T03:49:54.932+0000] {processor.py:186} INFO - Started process (PID=1527) to work on /home/airflow/.local/lib/python3.12/site-packages/airflow/example_dags/example_task_group.py
[2024-09-28T03:49:54.933+0000] {processor.py:914} INFO - Processing file /home/airflow/.local/lib/python3.12/site-packages/airflow/example_dags/example_task_group.py for tasks to queue
[2024-09-28T03:49:54.936+0000] {logging_mixin.py:190} INFO - [2024-09-28T03:49:54.936+0000] {dagbag.py:588} INFO - Filling up the DagBag from /home/airflow/.local/lib/python3.12/site-packages/airflow/example_dags/example_task_group.py
[2024-09-28T03:49:54.948+0000] {processor.py:925} INFO - DAG(s) 'example_task_group' retrieved from /home/airflow/.local/lib/python3.12/site-packages/airflow/example_dags/example_task_group.py
[2024-09-28T03:49:54.977+0000] {logging_mixin.py:190} INFO - [2024-09-28T03:49:54.977+0000] {dag.py:3239} INFO - Sync 1 DAGs
[2024-09-28T03:49:54.999+0000] {logging_mixin.py:190} INFO - [2024-09-28T03:49:54.998+0000] {dag.py:4180} INFO - Setting next_dagrun for example_task_group to None, run_after=None
[2024-09-28T03:49:55.043+0000] {processor.py:208} INFO - Processing /home/airflow/.local/lib/python3.12/site-packages/airflow/example_dags/example_task_group.py took 0.118 seconds
[2024-09-28T03:50:25.733+0000] {processor.py:186} INFO - Started process (PID=1601) to work on /home/airflow/.local/lib/python3.12/site-packages/airflow/example_dags/example_task_group.py
[2024-09-28T03:50:25.734+0000] {processor.py:914} INFO - Processing file /home/airflow/.local/lib/python3.12/site-packages/airflow/example_dags/example_task_group.py for tasks to queue
[2024-09-28T03:50:25.737+0000] {logging_mixin.py:190} INFO - [2024-09-28T03:50:25.736+0000] {dagbag.py:588} INFO - Filling up the DagBag from /home/airflow/.local/lib/python3.12/site-packages/airflow/example_dags/example_task_group.py
[2024-09-28T03:50:25.744+0000] {processor.py:925} INFO - DAG(s) 'example_task_group' retrieved from /home/airflow/.local/lib/python3.12/site-packages/airflow/example_dags/example_task_group.py
[2024-09-28T03:50:25.763+0000] {logging_mixin.py:190} INFO - [2024-09-28T03:50:25.763+0000] {dag.py:3239} INFO - Sync 1 DAGs
[2024-09-28T03:50:25.777+0000] {logging_mixin.py:190} INFO - [2024-09-28T03:50:25.776+0000] {dag.py:4180} INFO - Setting next_dagrun for example_task_group to None, run_after=None
[2024-09-28T03:50:25.798+0000] {processor.py:208} INFO - Processing /home/airflow/.local/lib/python3.12/site-packages/airflow/example_dags/example_task_group.py took 0.070 seconds
[2024-09-28T03:53:37.472+0000] {processor.py:186} INFO - Started process (PID=118) to work on /home/airflow/.local/lib/python3.12/site-packages/airflow/example_dags/example_task_group.py
[2024-09-28T03:53:37.474+0000] {processor.py:914} INFO - Processing file /home/airflow/.local/lib/python3.12/site-packages/airflow/example_dags/example_task_group.py for tasks to queue
[2024-09-28T03:53:37.478+0000] {logging_mixin.py:190} INFO - [2024-09-28T03:53:37.477+0000] {dagbag.py:588} INFO - Filling up the DagBag from /home/airflow/.local/lib/python3.12/site-packages/airflow/example_dags/example_task_group.py
[2024-09-28T03:53:37.494+0000] {processor.py:925} INFO - DAG(s) 'example_task_group' retrieved from /home/airflow/.local/lib/python3.12/site-packages/airflow/example_dags/example_task_group.py
[2024-09-28T03:53:37.529+0000] {logging_mixin.py:190} INFO - [2024-09-28T03:53:37.529+0000] {dag.py:3239} INFO - Sync 1 DAGs
[2024-09-28T03:53:37.551+0000] {logging_mixin.py:190} INFO - [2024-09-28T03:53:37.551+0000] {dag.py:4180} INFO - Setting next_dagrun for example_task_group to None, run_after=None
[2024-09-28T03:53:37.586+0000] {processor.py:208} INFO - Processing /home/airflow/.local/lib/python3.12/site-packages/airflow/example_dags/example_task_group.py took 0.122 seconds
[2024-09-28T03:54:09.153+0000] {processor.py:186} INFO - Started process (PID=193) to work on /home/airflow/.local/lib/python3.12/site-packages/airflow/example_dags/example_task_group.py
[2024-09-28T03:54:09.155+0000] {processor.py:914} INFO - Processing file /home/airflow/.local/lib/python3.12/site-packages/airflow/example_dags/example_task_group.py for tasks to queue
[2024-09-28T03:54:09.157+0000] {logging_mixin.py:190} INFO - [2024-09-28T03:54:09.157+0000] {dagbag.py:588} INFO - Filling up the DagBag from /home/airflow/.local/lib/python3.12/site-packages/airflow/example_dags/example_task_group.py
[2024-09-28T03:54:09.168+0000] {processor.py:925} INFO - DAG(s) 'example_task_group' retrieved from /home/airflow/.local/lib/python3.12/site-packages/airflow/example_dags/example_task_group.py
[2024-09-28T03:54:09.202+0000] {logging_mixin.py:190} INFO - [2024-09-28T03:54:09.202+0000] {dag.py:3239} INFO - Sync 1 DAGs
[2024-09-28T03:54:09.230+0000] {logging_mixin.py:190} INFO - [2024-09-28T03:54:09.230+0000] {dag.py:4180} INFO - Setting next_dagrun for example_task_group to None, run_after=None
[2024-09-28T03:54:09.260+0000] {processor.py:208} INFO - Processing /home/airflow/.local/lib/python3.12/site-packages/airflow/example_dags/example_task_group.py took 0.114 seconds
[2024-09-28T03:54:39.498+0000] {processor.py:186} INFO - Started process (PID=267) to work on /home/airflow/.local/lib/python3.12/site-packages/airflow/example_dags/example_task_group.py
[2024-09-28T03:54:39.500+0000] {processor.py:914} INFO - Processing file /home/airflow/.local/lib/python3.12/site-packages/airflow/example_dags/example_task_group.py for tasks to queue
[2024-09-28T03:54:39.502+0000] {logging_mixin.py:190} INFO - [2024-09-28T03:54:39.502+0000] {dagbag.py:588} INFO - Filling up the DagBag from /home/airflow/.local/lib/python3.12/site-packages/airflow/example_dags/example_task_group.py
[2024-09-28T03:54:39.510+0000] {processor.py:925} INFO - DAG(s) 'example_task_group' retrieved from /home/airflow/.local/lib/python3.12/site-packages/airflow/example_dags/example_task_group.py
[2024-09-28T03:54:39.531+0000] {logging_mixin.py:190} INFO - [2024-09-28T03:54:39.531+0000] {dag.py:3239} INFO - Sync 1 DAGs
[2024-09-28T03:54:39.545+0000] {logging_mixin.py:190} INFO - [2024-09-28T03:54:39.545+0000] {dag.py:4180} INFO - Setting next_dagrun for example_task_group to None, run_after=None
[2024-09-28T03:54:39.570+0000] {processor.py:208} INFO - Processing /home/airflow/.local/lib/python3.12/site-packages/airflow/example_dags/example_task_group.py took 0.077 seconds
[2024-09-28T03:55:10.903+0000] {processor.py:186} INFO - Started process (PID=341) to work on /home/airflow/.local/lib/python3.12/site-packages/airflow/example_dags/example_task_group.py
[2024-09-28T03:55:10.904+0000] {processor.py:914} INFO - Processing file /home/airflow/.local/lib/python3.12/site-packages/airflow/example_dags/example_task_group.py for tasks to queue
[2024-09-28T03:55:10.907+0000] {logging_mixin.py:190} INFO - [2024-09-28T03:55:10.907+0000] {dagbag.py:588} INFO - Filling up the DagBag from /home/airflow/.local/lib/python3.12/site-packages/airflow/example_dags/example_task_group.py
[2024-09-28T03:55:10.920+0000] {processor.py:925} INFO - DAG(s) 'example_task_group' retrieved from /home/airflow/.local/lib/python3.12/site-packages/airflow/example_dags/example_task_group.py
[2024-09-28T03:55:10.952+0000] {logging_mixin.py:190} INFO - [2024-09-28T03:55:10.952+0000] {dag.py:3239} INFO - Sync 1 DAGs
[2024-09-28T03:55:10.971+0000] {logging_mixin.py:190} INFO - [2024-09-28T03:55:10.971+0000] {dag.py:4180} INFO - Setting next_dagrun for example_task_group to None, run_after=None
[2024-09-28T03:55:11.005+0000] {processor.py:208} INFO - Processing /home/airflow/.local/lib/python3.12/site-packages/airflow/example_dags/example_task_group.py took 0.111 seconds
[2024-09-28T03:55:41.551+0000] {processor.py:186} INFO - Started process (PID=441) to work on /home/airflow/.local/lib/python3.12/site-packages/airflow/example_dags/example_task_group.py
[2024-09-28T03:55:41.553+0000] {processor.py:914} INFO - Processing file /home/airflow/.local/lib/python3.12/site-packages/airflow/example_dags/example_task_group.py for tasks to queue
[2024-09-28T03:55:41.556+0000] {logging_mixin.py:190} INFO - [2024-09-28T03:55:41.555+0000] {dagbag.py:588} INFO - Filling up the DagBag from /home/airflow/.local/lib/python3.12/site-packages/airflow/example_dags/example_task_group.py
[2024-09-28T03:55:41.566+0000] {processor.py:925} INFO - DAG(s) 'example_task_group' retrieved from /home/airflow/.local/lib/python3.12/site-packages/airflow/example_dags/example_task_group.py
[2024-09-28T03:55:41.596+0000] {logging_mixin.py:190} INFO - [2024-09-28T03:55:41.595+0000] {dag.py:3239} INFO - Sync 1 DAGs
[2024-09-28T03:55:41.619+0000] {logging_mixin.py:190} INFO - [2024-09-28T03:55:41.619+0000] {dag.py:4180} INFO - Setting next_dagrun for example_task_group to None, run_after=None
[2024-09-28T03:55:41.664+0000] {processor.py:208} INFO - Processing /home/airflow/.local/lib/python3.12/site-packages/airflow/example_dags/example_task_group.py took 0.120 seconds
[2024-09-28T03:56:11.942+0000] {processor.py:186} INFO - Started process (PID=612) to work on /home/airflow/.local/lib/python3.12/site-packages/airflow/example_dags/example_task_group.py
[2024-09-28T03:56:11.943+0000] {processor.py:914} INFO - Processing file /home/airflow/.local/lib/python3.12/site-packages/airflow/example_dags/example_task_group.py for tasks to queue
[2024-09-28T03:56:11.946+0000] {logging_mixin.py:190} INFO - [2024-09-28T03:56:11.945+0000] {dagbag.py:588} INFO - Filling up the DagBag from /home/airflow/.local/lib/python3.12/site-packages/airflow/example_dags/example_task_group.py
[2024-09-28T03:56:11.954+0000] {processor.py:925} INFO - DAG(s) 'example_task_group' retrieved from /home/airflow/.local/lib/python3.12/site-packages/airflow/example_dags/example_task_group.py
[2024-09-28T03:56:11.975+0000] {logging_mixin.py:190} INFO - [2024-09-28T03:56:11.975+0000] {dag.py:3239} INFO - Sync 1 DAGs
[2024-09-28T03:56:11.989+0000] {logging_mixin.py:190} INFO - [2024-09-28T03:56:11.989+0000] {dag.py:4180} INFO - Setting next_dagrun for example_task_group to None, run_after=None
[2024-09-28T03:56:12.016+0000] {processor.py:208} INFO - Processing /home/airflow/.local/lib/python3.12/site-packages/airflow/example_dags/example_task_group.py took 0.079 seconds
[2024-09-28T03:56:42.912+0000] {processor.py:186} INFO - Started process (PID=677) to work on /home/airflow/.local/lib/python3.12/site-packages/airflow/example_dags/example_task_group.py
[2024-09-28T03:56:42.913+0000] {processor.py:914} INFO - Processing file /home/airflow/.local/lib/python3.12/site-packages/airflow/example_dags/example_task_group.py for tasks to queue
[2024-09-28T03:56:42.916+0000] {logging_mixin.py:190} INFO - [2024-09-28T03:56:42.915+0000] {dagbag.py:588} INFO - Filling up the DagBag from /home/airflow/.local/lib/python3.12/site-packages/airflow/example_dags/example_task_group.py
[2024-09-28T03:56:42.923+0000] {processor.py:925} INFO - DAG(s) 'example_task_group' retrieved from /home/airflow/.local/lib/python3.12/site-packages/airflow/example_dags/example_task_group.py
[2024-09-28T03:56:42.944+0000] {logging_mixin.py:190} INFO - [2024-09-28T03:56:42.944+0000] {dag.py:3239} INFO - Sync 1 DAGs
[2024-09-28T03:56:42.959+0000] {logging_mixin.py:190} INFO - [2024-09-28T03:56:42.959+0000] {dag.py:4180} INFO - Setting next_dagrun for example_task_group to None, run_after=None
[2024-09-28T03:56:42.984+0000] {processor.py:208} INFO - Processing /home/airflow/.local/lib/python3.12/site-packages/airflow/example_dags/example_task_group.py took 0.077 seconds
[2024-09-28T04:03:10.532+0000] {processor.py:186} INFO - Started process (PID=108) to work on /home/airflow/.local/lib/python3.12/site-packages/airflow/example_dags/example_task_group.py
[2024-09-28T04:03:10.534+0000] {processor.py:914} INFO - Processing file /home/airflow/.local/lib/python3.12/site-packages/airflow/example_dags/example_task_group.py for tasks to queue
[2024-09-28T04:03:10.537+0000] {logging_mixin.py:190} INFO - [2024-09-28T04:03:10.536+0000] {dagbag.py:588} INFO - Filling up the DagBag from /home/airflow/.local/lib/python3.12/site-packages/airflow/example_dags/example_task_group.py
[2024-09-28T04:03:10.554+0000] {processor.py:925} INFO - DAG(s) 'example_task_group' retrieved from /home/airflow/.local/lib/python3.12/site-packages/airflow/example_dags/example_task_group.py
[2024-09-28T04:03:10.580+0000] {logging_mixin.py:190} INFO - [2024-09-28T04:03:10.580+0000] {dag.py:3239} INFO - Sync 1 DAGs
[2024-09-28T04:03:10.603+0000] {logging_mixin.py:190} INFO - [2024-09-28T04:03:10.603+0000] {dag.py:4180} INFO - Setting next_dagrun for example_task_group to None, run_after=None
[2024-09-28T04:03:10.649+0000] {processor.py:208} INFO - Processing /home/airflow/.local/lib/python3.12/site-packages/airflow/example_dags/example_task_group.py took 0.123 seconds
[2024-09-28T04:03:40.710+0000] {processor.py:186} INFO - Started process (PID=171) to work on /home/airflow/.local/lib/python3.12/site-packages/airflow/example_dags/example_task_group.py
[2024-09-28T04:03:40.712+0000] {processor.py:914} INFO - Processing file /home/airflow/.local/lib/python3.12/site-packages/airflow/example_dags/example_task_group.py for tasks to queue
[2024-09-28T04:03:40.714+0000] {logging_mixin.py:190} INFO - [2024-09-28T04:03:40.714+0000] {dagbag.py:588} INFO - Filling up the DagBag from /home/airflow/.local/lib/python3.12/site-packages/airflow/example_dags/example_task_group.py
[2024-09-28T04:03:40.722+0000] {processor.py:925} INFO - DAG(s) 'example_task_group' retrieved from /home/airflow/.local/lib/python3.12/site-packages/airflow/example_dags/example_task_group.py
[2024-09-28T04:03:40.743+0000] {logging_mixin.py:190} INFO - [2024-09-28T04:03:40.742+0000] {dag.py:3239} INFO - Sync 1 DAGs
[2024-09-28T04:03:40.756+0000] {logging_mixin.py:190} INFO - [2024-09-28T04:03:40.755+0000] {dag.py:4180} INFO - Setting next_dagrun for example_task_group to None, run_after=None
[2024-09-28T04:03:40.779+0000] {processor.py:208} INFO - Processing /home/airflow/.local/lib/python3.12/site-packages/airflow/example_dags/example_task_group.py took 0.074 seconds
[2024-09-28T04:04:11.632+0000] {processor.py:186} INFO - Started process (PID=234) to work on /home/airflow/.local/lib/python3.12/site-packages/airflow/example_dags/example_task_group.py
[2024-09-28T04:04:11.634+0000] {processor.py:914} INFO - Processing file /home/airflow/.local/lib/python3.12/site-packages/airflow/example_dags/example_task_group.py for tasks to queue
[2024-09-28T04:04:11.636+0000] {logging_mixin.py:190} INFO - [2024-09-28T04:04:11.636+0000] {dagbag.py:588} INFO - Filling up the DagBag from /home/airflow/.local/lib/python3.12/site-packages/airflow/example_dags/example_task_group.py
[2024-09-28T04:04:11.644+0000] {processor.py:925} INFO - DAG(s) 'example_task_group' retrieved from /home/airflow/.local/lib/python3.12/site-packages/airflow/example_dags/example_task_group.py
[2024-09-28T04:04:11.665+0000] {logging_mixin.py:190} INFO - [2024-09-28T04:04:11.665+0000] {dag.py:3239} INFO - Sync 1 DAGs
[2024-09-28T04:04:11.679+0000] {logging_mixin.py:190} INFO - [2024-09-28T04:04:11.679+0000] {dag.py:4180} INFO - Setting next_dagrun for example_task_group to None, run_after=None
[2024-09-28T04:04:11.704+0000] {processor.py:208} INFO - Processing /home/airflow/.local/lib/python3.12/site-packages/airflow/example_dags/example_task_group.py took 0.077 seconds
[2024-09-28T04:04:42.606+0000] {processor.py:186} INFO - Started process (PID=297) to work on /home/airflow/.local/lib/python3.12/site-packages/airflow/example_dags/example_task_group.py
[2024-09-28T04:04:42.607+0000] {processor.py:914} INFO - Processing file /home/airflow/.local/lib/python3.12/site-packages/airflow/example_dags/example_task_group.py for tasks to queue
[2024-09-28T04:04:42.609+0000] {logging_mixin.py:190} INFO - [2024-09-28T04:04:42.609+0000] {dagbag.py:588} INFO - Filling up the DagBag from /home/airflow/.local/lib/python3.12/site-packages/airflow/example_dags/example_task_group.py
[2024-09-28T04:04:42.617+0000] {processor.py:925} INFO - DAG(s) 'example_task_group' retrieved from /home/airflow/.local/lib/python3.12/site-packages/airflow/example_dags/example_task_group.py
[2024-09-28T04:04:42.644+0000] {logging_mixin.py:190} INFO - [2024-09-28T04:04:42.644+0000] {dag.py:3239} INFO - Sync 1 DAGs
[2024-09-28T04:04:42.660+0000] {logging_mixin.py:190} INFO - [2024-09-28T04:04:42.660+0000] {dag.py:4180} INFO - Setting next_dagrun for example_task_group to None, run_after=None
[2024-09-28T04:04:42.687+0000] {processor.py:208} INFO - Processing /home/airflow/.local/lib/python3.12/site-packages/airflow/example_dags/example_task_group.py took 0.086 seconds
[2024-09-28T04:05:13.513+0000] {processor.py:186} INFO - Started process (PID=383) to work on /home/airflow/.local/lib/python3.12/site-packages/airflow/example_dags/example_task_group.py
[2024-09-28T04:05:13.514+0000] {processor.py:914} INFO - Processing file /home/airflow/.local/lib/python3.12/site-packages/airflow/example_dags/example_task_group.py for tasks to queue
[2024-09-28T04:05:13.516+0000] {logging_mixin.py:190} INFO - [2024-09-28T04:05:13.516+0000] {dagbag.py:588} INFO - Filling up the DagBag from /home/airflow/.local/lib/python3.12/site-packages/airflow/example_dags/example_task_group.py
[2024-09-28T04:05:13.523+0000] {processor.py:925} INFO - DAG(s) 'example_task_group' retrieved from /home/airflow/.local/lib/python3.12/site-packages/airflow/example_dags/example_task_group.py
[2024-09-28T04:05:13.545+0000] {logging_mixin.py:190} INFO - [2024-09-28T04:05:13.544+0000] {dag.py:3239} INFO - Sync 1 DAGs
[2024-09-28T04:05:13.558+0000] {logging_mixin.py:190} INFO - [2024-09-28T04:05:13.558+0000] {dag.py:4180} INFO - Setting next_dagrun for example_task_group to None, run_after=None
[2024-09-28T04:05:13.581+0000] {processor.py:208} INFO - Processing /home/airflow/.local/lib/python3.12/site-packages/airflow/example_dags/example_task_group.py took 0.072 seconds
[2024-09-28T04:05:54.161+0000] {processor.py:186} INFO - Started process (PID=112) to work on /home/airflow/.local/lib/python3.12/site-packages/airflow/example_dags/example_task_group.py
[2024-09-28T04:05:54.162+0000] {processor.py:914} INFO - Processing file /home/airflow/.local/lib/python3.12/site-packages/airflow/example_dags/example_task_group.py for tasks to queue
[2024-09-28T04:05:54.165+0000] {logging_mixin.py:190} INFO - [2024-09-28T04:05:54.165+0000] {dagbag.py:588} INFO - Filling up the DagBag from /home/airflow/.local/lib/python3.12/site-packages/airflow/example_dags/example_task_group.py
[2024-09-28T04:05:54.174+0000] {processor.py:925} INFO - DAG(s) 'example_task_group' retrieved from /home/airflow/.local/lib/python3.12/site-packages/airflow/example_dags/example_task_group.py
[2024-09-28T04:05:54.195+0000] {logging_mixin.py:190} INFO - [2024-09-28T04:05:54.195+0000] {dag.py:3239} INFO - Sync 1 DAGs
[2024-09-28T04:05:54.209+0000] {logging_mixin.py:190} INFO - [2024-09-28T04:05:54.209+0000] {dag.py:4180} INFO - Setting next_dagrun for example_task_group to None, run_after=None
[2024-09-28T04:05:54.234+0000] {processor.py:208} INFO - Processing /home/airflow/.local/lib/python3.12/site-packages/airflow/example_dags/example_task_group.py took 0.078 seconds
[2024-09-28T04:06:24.662+0000] {processor.py:186} INFO - Started process (PID=186) to work on /home/airflow/.local/lib/python3.12/site-packages/airflow/example_dags/example_task_group.py
[2024-09-28T04:06:24.664+0000] {processor.py:914} INFO - Processing file /home/airflow/.local/lib/python3.12/site-packages/airflow/example_dags/example_task_group.py for tasks to queue
[2024-09-28T04:06:24.666+0000] {logging_mixin.py:190} INFO - [2024-09-28T04:06:24.666+0000] {dagbag.py:588} INFO - Filling up the DagBag from /home/airflow/.local/lib/python3.12/site-packages/airflow/example_dags/example_task_group.py
[2024-09-28T04:06:24.674+0000] {processor.py:925} INFO - DAG(s) 'example_task_group' retrieved from /home/airflow/.local/lib/python3.12/site-packages/airflow/example_dags/example_task_group.py
[2024-09-28T04:06:24.698+0000] {logging_mixin.py:190} INFO - [2024-09-28T04:06:24.698+0000] {dag.py:3239} INFO - Sync 1 DAGs
[2024-09-28T04:06:24.715+0000] {logging_mixin.py:190} INFO - [2024-09-28T04:06:24.715+0000] {dag.py:4180} INFO - Setting next_dagrun for example_task_group to None, run_after=None
[2024-09-28T04:06:24.744+0000] {processor.py:208} INFO - Processing /home/airflow/.local/lib/python3.12/site-packages/airflow/example_dags/example_task_group.py took 0.087 seconds
[2024-09-28T04:06:55.292+0000] {processor.py:186} INFO - Started process (PID=260) to work on /home/airflow/.local/lib/python3.12/site-packages/airflow/example_dags/example_task_group.py
[2024-09-28T04:06:55.294+0000] {processor.py:914} INFO - Processing file /home/airflow/.local/lib/python3.12/site-packages/airflow/example_dags/example_task_group.py for tasks to queue
[2024-09-28T04:06:55.297+0000] {logging_mixin.py:190} INFO - [2024-09-28T04:06:55.297+0000] {dagbag.py:588} INFO - Filling up the DagBag from /home/airflow/.local/lib/python3.12/site-packages/airflow/example_dags/example_task_group.py
[2024-09-28T04:06:55.314+0000] {processor.py:925} INFO - DAG(s) 'example_task_group' retrieved from /home/airflow/.local/lib/python3.12/site-packages/airflow/example_dags/example_task_group.py
[2024-09-28T04:06:55.349+0000] {logging_mixin.py:190} INFO - [2024-09-28T04:06:55.348+0000] {dag.py:3239} INFO - Sync 1 DAGs
[2024-09-28T04:06:55.371+0000] {logging_mixin.py:190} INFO - [2024-09-28T04:06:55.371+0000] {dag.py:4180} INFO - Setting next_dagrun for example_task_group to None, run_after=None
[2024-09-28T04:06:55.407+0000] {processor.py:208} INFO - Processing /home/airflow/.local/lib/python3.12/site-packages/airflow/example_dags/example_task_group.py took 0.121 seconds
[2024-09-28T04:07:26.138+0000] {processor.py:186} INFO - Started process (PID=334) to work on /home/airflow/.local/lib/python3.12/site-packages/airflow/example_dags/example_task_group.py
[2024-09-28T04:07:26.139+0000] {processor.py:914} INFO - Processing file /home/airflow/.local/lib/python3.12/site-packages/airflow/example_dags/example_task_group.py for tasks to queue
[2024-09-28T04:07:26.142+0000] {logging_mixin.py:190} INFO - [2024-09-28T04:07:26.142+0000] {dagbag.py:588} INFO - Filling up the DagBag from /home/airflow/.local/lib/python3.12/site-packages/airflow/example_dags/example_task_group.py
[2024-09-28T04:07:26.150+0000] {processor.py:925} INFO - DAG(s) 'example_task_group' retrieved from /home/airflow/.local/lib/python3.12/site-packages/airflow/example_dags/example_task_group.py
[2024-09-28T04:07:26.171+0000] {logging_mixin.py:190} INFO - [2024-09-28T04:07:26.171+0000] {dag.py:3239} INFO - Sync 1 DAGs
[2024-09-28T04:07:26.187+0000] {logging_mixin.py:190} INFO - [2024-09-28T04:07:26.187+0000] {dag.py:4180} INFO - Setting next_dagrun for example_task_group to None, run_after=None
[2024-09-28T04:07:26.214+0000] {processor.py:208} INFO - Processing /home/airflow/.local/lib/python3.12/site-packages/airflow/example_dags/example_task_group.py took 0.081 seconds
[2024-09-28T04:07:56.813+0000] {processor.py:186} INFO - Started process (PID=408) to work on /home/airflow/.local/lib/python3.12/site-packages/airflow/example_dags/example_task_group.py
[2024-09-28T04:07:56.815+0000] {processor.py:914} INFO - Processing file /home/airflow/.local/lib/python3.12/site-packages/airflow/example_dags/example_task_group.py for tasks to queue
[2024-09-28T04:07:56.817+0000] {logging_mixin.py:190} INFO - [2024-09-28T04:07:56.817+0000] {dagbag.py:588} INFO - Filling up the DagBag from /home/airflow/.local/lib/python3.12/site-packages/airflow/example_dags/example_task_group.py
[2024-09-28T04:07:56.829+0000] {processor.py:925} INFO - DAG(s) 'example_task_group' retrieved from /home/airflow/.local/lib/python3.12/site-packages/airflow/example_dags/example_task_group.py
[2024-09-28T04:07:56.855+0000] {logging_mixin.py:190} INFO - [2024-09-28T04:07:56.854+0000] {dag.py:3239} INFO - Sync 1 DAGs
[2024-09-28T04:07:56.872+0000] {logging_mixin.py:190} INFO - [2024-09-28T04:07:56.871+0000] {dag.py:4180} INFO - Setting next_dagrun for example_task_group to None, run_after=None
[2024-09-28T04:07:56.898+0000] {processor.py:208} INFO - Processing /home/airflow/.local/lib/python3.12/site-packages/airflow/example_dags/example_task_group.py took 0.091 seconds
