[2024-09-28T02:19:01.324+0000] {processor.py:186} INFO - Started process (PID=89) to work on /home/airflow/.local/lib/python3.12/site-packages/airflow/example_dags/example_branch_operator.py
[2024-09-28T02:19:01.326+0000] {processor.py:914} INFO - Processing file /home/airflow/.local/lib/python3.12/site-packages/airflow/example_dags/example_branch_operator.py for tasks to queue
[2024-09-28T02:19:01.329+0000] {logging_mixin.py:190} INFO - [2024-09-28T02:19:01.328+0000] {dagbag.py:588} INFO - Filling up the DagBag from /home/airflow/.local/lib/python3.12/site-packages/airflow/example_dags/example_branch_operator.py
[2024-09-28T02:19:01.351+0000] {processor.py:925} INFO - DAG(s) 'example_branch_operator' retrieved from /home/airflow/.local/lib/python3.12/site-packages/airflow/example_dags/example_branch_operator.py
[2024-09-28T02:19:01.500+0000] {logging_mixin.py:190} INFO - [2024-09-28T02:19:01.499+0000] {dag.py:3239} INFO - Sync 1 DAGs
[2024-09-28T02:19:01.529+0000] {logging_mixin.py:190} INFO - [2024-09-28T02:19:01.529+0000] {dag.py:4180} INFO - Setting next_dagrun for example_branch_operator to 2024-09-27 00:00:00+00:00, run_after=2024-09-28 00:00:00+00:00
[2024-09-28T02:19:01.560+0000] {processor.py:208} INFO - Processing /home/airflow/.local/lib/python3.12/site-packages/airflow/example_dags/example_branch_operator.py took 0.242 seconds
[2024-09-28T02:19:32.160+0000] {processor.py:186} INFO - Started process (PID=152) to work on /home/airflow/.local/lib/python3.12/site-packages/airflow/example_dags/example_branch_operator.py
[2024-09-28T02:19:32.161+0000] {processor.py:914} INFO - Processing file /home/airflow/.local/lib/python3.12/site-packages/airflow/example_dags/example_branch_operator.py for tasks to queue
[2024-09-28T02:19:32.164+0000] {logging_mixin.py:190} INFO - [2024-09-28T02:19:32.164+0000] {dagbag.py:588} INFO - Filling up the DagBag from /home/airflow/.local/lib/python3.12/site-packages/airflow/example_dags/example_branch_operator.py
[2024-09-28T02:19:32.186+0000] {processor.py:925} INFO - DAG(s) 'example_branch_operator' retrieved from /home/airflow/.local/lib/python3.12/site-packages/airflow/example_dags/example_branch_operator.py
[2024-09-28T02:19:32.227+0000] {logging_mixin.py:190} INFO - [2024-09-28T02:19:32.227+0000] {dag.py:3239} INFO - Sync 1 DAGs
[2024-09-28T02:19:32.261+0000] {logging_mixin.py:190} INFO - [2024-09-28T02:19:32.261+0000] {dag.py:4180} INFO - Setting next_dagrun for example_branch_operator to 2024-09-27 00:00:00+00:00, run_after=2024-09-28 00:00:00+00:00
[2024-09-28T02:19:32.292+0000] {processor.py:208} INFO - Processing /home/airflow/.local/lib/python3.12/site-packages/airflow/example_dags/example_branch_operator.py took 0.140 seconds
[2024-09-28T02:20:03.124+0000] {processor.py:186} INFO - Started process (PID=215) to work on /home/airflow/.local/lib/python3.12/site-packages/airflow/example_dags/example_branch_operator.py
[2024-09-28T02:20:03.125+0000] {processor.py:914} INFO - Processing file /home/airflow/.local/lib/python3.12/site-packages/airflow/example_dags/example_branch_operator.py for tasks to queue
[2024-09-28T02:20:03.129+0000] {logging_mixin.py:190} INFO - [2024-09-28T02:20:03.128+0000] {dagbag.py:588} INFO - Filling up the DagBag from /home/airflow/.local/lib/python3.12/site-packages/airflow/example_dags/example_branch_operator.py
[2024-09-28T02:20:03.158+0000] {processor.py:925} INFO - DAG(s) 'example_branch_operator' retrieved from /home/airflow/.local/lib/python3.12/site-packages/airflow/example_dags/example_branch_operator.py
[2024-09-28T02:20:03.190+0000] {logging_mixin.py:190} INFO - [2024-09-28T02:20:03.189+0000] {dag.py:3239} INFO - Sync 1 DAGs
[2024-09-28T02:20:03.217+0000] {logging_mixin.py:190} INFO - [2024-09-28T02:20:03.217+0000] {dag.py:4180} INFO - Setting next_dagrun for example_branch_operator to 2024-09-27 00:00:00+00:00, run_after=2024-09-28 00:00:00+00:00
[2024-09-28T02:20:03.244+0000] {processor.py:208} INFO - Processing /home/airflow/.local/lib/python3.12/site-packages/airflow/example_dags/example_branch_operator.py took 0.125 seconds
[2024-09-28T02:20:33.566+0000] {processor.py:186} INFO - Started process (PID=278) to work on /home/airflow/.local/lib/python3.12/site-packages/airflow/example_dags/example_branch_operator.py
[2024-09-28T02:20:33.567+0000] {processor.py:914} INFO - Processing file /home/airflow/.local/lib/python3.12/site-packages/airflow/example_dags/example_branch_operator.py for tasks to queue
[2024-09-28T02:20:33.570+0000] {logging_mixin.py:190} INFO - [2024-09-28T02:20:33.569+0000] {dagbag.py:588} INFO - Filling up the DagBag from /home/airflow/.local/lib/python3.12/site-packages/airflow/example_dags/example_branch_operator.py
[2024-09-28T02:20:33.590+0000] {processor.py:925} INFO - DAG(s) 'example_branch_operator' retrieved from /home/airflow/.local/lib/python3.12/site-packages/airflow/example_dags/example_branch_operator.py
[2024-09-28T02:20:33.630+0000] {logging_mixin.py:190} INFO - [2024-09-28T02:20:33.630+0000] {dag.py:3239} INFO - Sync 1 DAGs
[2024-09-28T02:20:33.663+0000] {logging_mixin.py:190} INFO - [2024-09-28T02:20:33.663+0000] {dag.py:4180} INFO - Setting next_dagrun for example_branch_operator to 2024-09-27 00:00:00+00:00, run_after=2024-09-28 00:00:00+00:00
[2024-09-28T02:20:33.693+0000] {processor.py:208} INFO - Processing /home/airflow/.local/lib/python3.12/site-packages/airflow/example_dags/example_branch_operator.py took 0.133 seconds
[2024-09-28T02:21:04.279+0000] {processor.py:186} INFO - Started process (PID=341) to work on /home/airflow/.local/lib/python3.12/site-packages/airflow/example_dags/example_branch_operator.py
[2024-09-28T02:21:04.280+0000] {processor.py:914} INFO - Processing file /home/airflow/.local/lib/python3.12/site-packages/airflow/example_dags/example_branch_operator.py for tasks to queue
[2024-09-28T02:21:04.283+0000] {logging_mixin.py:190} INFO - [2024-09-28T02:21:04.282+0000] {dagbag.py:588} INFO - Filling up the DagBag from /home/airflow/.local/lib/python3.12/site-packages/airflow/example_dags/example_branch_operator.py
[2024-09-28T02:21:04.302+0000] {processor.py:925} INFO - DAG(s) 'example_branch_operator' retrieved from /home/airflow/.local/lib/python3.12/site-packages/airflow/example_dags/example_branch_operator.py
[2024-09-28T02:21:04.334+0000] {logging_mixin.py:190} INFO - [2024-09-28T02:21:04.334+0000] {dag.py:3239} INFO - Sync 1 DAGs
[2024-09-28T02:21:04.360+0000] {logging_mixin.py:190} INFO - [2024-09-28T02:21:04.360+0000] {dag.py:4180} INFO - Setting next_dagrun for example_branch_operator to 2024-09-27 00:00:00+00:00, run_after=2024-09-28 00:00:00+00:00
[2024-09-28T02:21:04.390+0000] {processor.py:208} INFO - Processing /home/airflow/.local/lib/python3.12/site-packages/airflow/example_dags/example_branch_operator.py took 0.117 seconds
[2024-09-28T02:21:35.471+0000] {processor.py:186} INFO - Started process (PID=404) to work on /home/airflow/.local/lib/python3.12/site-packages/airflow/example_dags/example_branch_operator.py
[2024-09-28T02:21:35.473+0000] {processor.py:914} INFO - Processing file /home/airflow/.local/lib/python3.12/site-packages/airflow/example_dags/example_branch_operator.py for tasks to queue
[2024-09-28T02:21:35.476+0000] {logging_mixin.py:190} INFO - [2024-09-28T02:21:35.475+0000] {dagbag.py:588} INFO - Filling up the DagBag from /home/airflow/.local/lib/python3.12/site-packages/airflow/example_dags/example_branch_operator.py
[2024-09-28T02:21:35.499+0000] {processor.py:925} INFO - DAG(s) 'example_branch_operator' retrieved from /home/airflow/.local/lib/python3.12/site-packages/airflow/example_dags/example_branch_operator.py
[2024-09-28T02:21:35.538+0000] {logging_mixin.py:190} INFO - [2024-09-28T02:21:35.537+0000] {dag.py:3239} INFO - Sync 1 DAGs
[2024-09-28T02:21:35.570+0000] {logging_mixin.py:190} INFO - [2024-09-28T02:21:35.570+0000] {dag.py:4180} INFO - Setting next_dagrun for example_branch_operator to 2024-09-27 00:00:00+00:00, run_after=2024-09-28 00:00:00+00:00
[2024-09-28T02:21:35.603+0000] {processor.py:208} INFO - Processing /home/airflow/.local/lib/python3.12/site-packages/airflow/example_dags/example_branch_operator.py took 0.139 seconds
[2024-09-28T02:22:06.150+0000] {processor.py:186} INFO - Started process (PID=467) to work on /home/airflow/.local/lib/python3.12/site-packages/airflow/example_dags/example_branch_operator.py
[2024-09-28T02:22:06.151+0000] {processor.py:914} INFO - Processing file /home/airflow/.local/lib/python3.12/site-packages/airflow/example_dags/example_branch_operator.py for tasks to queue
[2024-09-28T02:22:06.153+0000] {logging_mixin.py:190} INFO - [2024-09-28T02:22:06.153+0000] {dagbag.py:588} INFO - Filling up the DagBag from /home/airflow/.local/lib/python3.12/site-packages/airflow/example_dags/example_branch_operator.py
[2024-09-28T02:22:06.169+0000] {processor.py:925} INFO - DAG(s) 'example_branch_operator' retrieved from /home/airflow/.local/lib/python3.12/site-packages/airflow/example_dags/example_branch_operator.py
[2024-09-28T02:22:06.198+0000] {logging_mixin.py:190} INFO - [2024-09-28T02:22:06.198+0000] {dag.py:3239} INFO - Sync 1 DAGs
[2024-09-28T02:22:06.222+0000] {logging_mixin.py:190} INFO - [2024-09-28T02:22:06.222+0000] {dag.py:4180} INFO - Setting next_dagrun for example_branch_operator to 2024-09-27 00:00:00+00:00, run_after=2024-09-28 00:00:00+00:00
[2024-09-28T02:22:06.248+0000] {processor.py:208} INFO - Processing /home/airflow/.local/lib/python3.12/site-packages/airflow/example_dags/example_branch_operator.py took 0.104 seconds
[2024-09-28T02:22:36.496+0000] {processor.py:186} INFO - Started process (PID=530) to work on /home/airflow/.local/lib/python3.12/site-packages/airflow/example_dags/example_branch_operator.py
[2024-09-28T02:22:36.497+0000] {processor.py:914} INFO - Processing file /home/airflow/.local/lib/python3.12/site-packages/airflow/example_dags/example_branch_operator.py for tasks to queue
[2024-09-28T02:22:36.499+0000] {logging_mixin.py:190} INFO - [2024-09-28T02:22:36.499+0000] {dagbag.py:588} INFO - Filling up the DagBag from /home/airflow/.local/lib/python3.12/site-packages/airflow/example_dags/example_branch_operator.py
[2024-09-28T02:22:36.514+0000] {processor.py:925} INFO - DAG(s) 'example_branch_operator' retrieved from /home/airflow/.local/lib/python3.12/site-packages/airflow/example_dags/example_branch_operator.py
[2024-09-28T02:22:36.542+0000] {logging_mixin.py:190} INFO - [2024-09-28T02:22:36.542+0000] {dag.py:3239} INFO - Sync 1 DAGs
[2024-09-28T02:22:36.567+0000] {logging_mixin.py:190} INFO - [2024-09-28T02:22:36.566+0000] {dag.py:4180} INFO - Setting next_dagrun for example_branch_operator to 2024-09-27 00:00:00+00:00, run_after=2024-09-28 00:00:00+00:00
[2024-09-28T02:22:36.590+0000] {processor.py:208} INFO - Processing /home/airflow/.local/lib/python3.12/site-packages/airflow/example_dags/example_branch_operator.py took 0.099 seconds
[2024-09-28T02:23:07.472+0000] {processor.py:186} INFO - Started process (PID=594) to work on /home/airflow/.local/lib/python3.12/site-packages/airflow/example_dags/example_branch_operator.py
[2024-09-28T02:23:07.483+0000] {processor.py:914} INFO - Processing file /home/airflow/.local/lib/python3.12/site-packages/airflow/example_dags/example_branch_operator.py for tasks to queue
[2024-09-28T02:23:07.486+0000] {logging_mixin.py:190} INFO - [2024-09-28T02:23:07.486+0000] {dagbag.py:588} INFO - Filling up the DagBag from /home/airflow/.local/lib/python3.12/site-packages/airflow/example_dags/example_branch_operator.py
[2024-09-28T02:23:07.503+0000] {processor.py:925} INFO - DAG(s) 'example_branch_operator' retrieved from /home/airflow/.local/lib/python3.12/site-packages/airflow/example_dags/example_branch_operator.py
[2024-09-28T02:23:07.533+0000] {logging_mixin.py:190} INFO - [2024-09-28T02:23:07.533+0000] {dag.py:3239} INFO - Sync 1 DAGs
[2024-09-28T02:23:07.558+0000] {logging_mixin.py:190} INFO - [2024-09-28T02:23:07.558+0000] {dag.py:4180} INFO - Setting next_dagrun for example_branch_operator to 2024-09-27 00:00:00+00:00, run_after=2024-09-28 00:00:00+00:00
[2024-09-28T02:23:07.602+0000] {processor.py:208} INFO - Processing /home/airflow/.local/lib/python3.12/site-packages/airflow/example_dags/example_branch_operator.py took 0.135 seconds
[2024-09-28T02:23:37.666+0000] {processor.py:186} INFO - Started process (PID=657) to work on /home/airflow/.local/lib/python3.12/site-packages/airflow/example_dags/example_branch_operator.py
[2024-09-28T02:23:37.667+0000] {processor.py:914} INFO - Processing file /home/airflow/.local/lib/python3.12/site-packages/airflow/example_dags/example_branch_operator.py for tasks to queue
[2024-09-28T02:23:37.669+0000] {logging_mixin.py:190} INFO - [2024-09-28T02:23:37.668+0000] {dagbag.py:588} INFO - Filling up the DagBag from /home/airflow/.local/lib/python3.12/site-packages/airflow/example_dags/example_branch_operator.py
[2024-09-28T02:23:37.683+0000] {processor.py:925} INFO - DAG(s) 'example_branch_operator' retrieved from /home/airflow/.local/lib/python3.12/site-packages/airflow/example_dags/example_branch_operator.py
[2024-09-28T02:23:37.709+0000] {logging_mixin.py:190} INFO - [2024-09-28T02:23:37.709+0000] {dag.py:3239} INFO - Sync 1 DAGs
[2024-09-28T02:23:37.734+0000] {logging_mixin.py:190} INFO - [2024-09-28T02:23:37.734+0000] {dag.py:4180} INFO - Setting next_dagrun for example_branch_operator to 2024-09-27 00:00:00+00:00, run_after=2024-09-28 00:00:00+00:00
[2024-09-28T02:23:37.757+0000] {processor.py:208} INFO - Processing /home/airflow/.local/lib/python3.12/site-packages/airflow/example_dags/example_branch_operator.py took 0.096 seconds
[2024-09-28T02:24:08.866+0000] {processor.py:186} INFO - Started process (PID=720) to work on /home/airflow/.local/lib/python3.12/site-packages/airflow/example_dags/example_branch_operator.py
[2024-09-28T02:24:08.870+0000] {processor.py:914} INFO - Processing file /home/airflow/.local/lib/python3.12/site-packages/airflow/example_dags/example_branch_operator.py for tasks to queue
[2024-09-28T02:24:08.873+0000] {logging_mixin.py:190} INFO - [2024-09-28T02:24:08.873+0000] {dagbag.py:588} INFO - Filling up the DagBag from /home/airflow/.local/lib/python3.12/site-packages/airflow/example_dags/example_branch_operator.py
[2024-09-28T02:24:08.893+0000] {processor.py:925} INFO - DAG(s) 'example_branch_operator' retrieved from /home/airflow/.local/lib/python3.12/site-packages/airflow/example_dags/example_branch_operator.py
[2024-09-28T02:24:08.925+0000] {logging_mixin.py:190} INFO - [2024-09-28T02:24:08.925+0000] {dag.py:3239} INFO - Sync 1 DAGs
[2024-09-28T02:24:08.954+0000] {logging_mixin.py:190} INFO - [2024-09-28T02:24:08.954+0000] {dag.py:4180} INFO - Setting next_dagrun for example_branch_operator to 2024-09-27 00:00:00+00:00, run_after=2024-09-28 00:00:00+00:00
[2024-09-28T02:24:08.979+0000] {processor.py:208} INFO - Processing /home/airflow/.local/lib/python3.12/site-packages/airflow/example_dags/example_branch_operator.py took 0.119 seconds
[2024-09-28T02:24:39.328+0000] {processor.py:186} INFO - Started process (PID=783) to work on /home/airflow/.local/lib/python3.12/site-packages/airflow/example_dags/example_branch_operator.py
[2024-09-28T02:24:39.329+0000] {processor.py:914} INFO - Processing file /home/airflow/.local/lib/python3.12/site-packages/airflow/example_dags/example_branch_operator.py for tasks to queue
[2024-09-28T02:24:39.332+0000] {logging_mixin.py:190} INFO - [2024-09-28T02:24:39.332+0000] {dagbag.py:588} INFO - Filling up the DagBag from /home/airflow/.local/lib/python3.12/site-packages/airflow/example_dags/example_branch_operator.py
[2024-09-28T02:24:39.352+0000] {processor.py:925} INFO - DAG(s) 'example_branch_operator' retrieved from /home/airflow/.local/lib/python3.12/site-packages/airflow/example_dags/example_branch_operator.py
[2024-09-28T02:24:39.382+0000] {logging_mixin.py:190} INFO - [2024-09-28T02:24:39.382+0000] {dag.py:3239} INFO - Sync 1 DAGs
[2024-09-28T02:24:39.408+0000] {logging_mixin.py:190} INFO - [2024-09-28T02:24:39.408+0000] {dag.py:4180} INFO - Setting next_dagrun for example_branch_operator to 2024-09-27 00:00:00+00:00, run_after=2024-09-28 00:00:00+00:00
[2024-09-28T02:24:39.434+0000] {processor.py:208} INFO - Processing /home/airflow/.local/lib/python3.12/site-packages/airflow/example_dags/example_branch_operator.py took 0.111 seconds
[2024-09-28T02:25:09.847+0000] {processor.py:186} INFO - Started process (PID=846) to work on /home/airflow/.local/lib/python3.12/site-packages/airflow/example_dags/example_branch_operator.py
[2024-09-28T02:25:09.849+0000] {processor.py:914} INFO - Processing file /home/airflow/.local/lib/python3.12/site-packages/airflow/example_dags/example_branch_operator.py for tasks to queue
[2024-09-28T02:25:09.852+0000] {logging_mixin.py:190} INFO - [2024-09-28T02:25:09.851+0000] {dagbag.py:588} INFO - Filling up the DagBag from /home/airflow/.local/lib/python3.12/site-packages/airflow/example_dags/example_branch_operator.py
[2024-09-28T02:25:09.870+0000] {processor.py:925} INFO - DAG(s) 'example_branch_operator' retrieved from /home/airflow/.local/lib/python3.12/site-packages/airflow/example_dags/example_branch_operator.py
[2024-09-28T02:25:09.902+0000] {logging_mixin.py:190} INFO - [2024-09-28T02:25:09.901+0000] {dag.py:3239} INFO - Sync 1 DAGs
[2024-09-28T02:25:09.929+0000] {logging_mixin.py:190} INFO - [2024-09-28T02:25:09.928+0000] {dag.py:4180} INFO - Setting next_dagrun for example_branch_operator to 2024-09-27 00:00:00+00:00, run_after=2024-09-28 00:00:00+00:00
[2024-09-28T02:25:09.952+0000] {processor.py:208} INFO - Processing /home/airflow/.local/lib/python3.12/site-packages/airflow/example_dags/example_branch_operator.py took 0.110 seconds
[2024-09-28T02:25:40.150+0000] {processor.py:186} INFO - Started process (PID=909) to work on /home/airflow/.local/lib/python3.12/site-packages/airflow/example_dags/example_branch_operator.py
[2024-09-28T02:25:40.151+0000] {processor.py:914} INFO - Processing file /home/airflow/.local/lib/python3.12/site-packages/airflow/example_dags/example_branch_operator.py for tasks to queue
[2024-09-28T02:25:40.153+0000] {logging_mixin.py:190} INFO - [2024-09-28T02:25:40.153+0000] {dagbag.py:588} INFO - Filling up the DagBag from /home/airflow/.local/lib/python3.12/site-packages/airflow/example_dags/example_branch_operator.py
[2024-09-28T02:25:40.168+0000] {processor.py:925} INFO - DAG(s) 'example_branch_operator' retrieved from /home/airflow/.local/lib/python3.12/site-packages/airflow/example_dags/example_branch_operator.py
[2024-09-28T02:25:40.194+0000] {logging_mixin.py:190} INFO - [2024-09-28T02:25:40.194+0000] {dag.py:3239} INFO - Sync 1 DAGs
[2024-09-28T02:25:40.219+0000] {logging_mixin.py:190} INFO - [2024-09-28T02:25:40.219+0000] {dag.py:4180} INFO - Setting next_dagrun for example_branch_operator to 2024-09-27 00:00:00+00:00, run_after=2024-09-28 00:00:00+00:00
[2024-09-28T02:25:40.240+0000] {processor.py:208} INFO - Processing /home/airflow/.local/lib/python3.12/site-packages/airflow/example_dags/example_branch_operator.py took 0.096 seconds
[2024-09-28T02:26:10.637+0000] {processor.py:186} INFO - Started process (PID=972) to work on /home/airflow/.local/lib/python3.12/site-packages/airflow/example_dags/example_branch_operator.py
[2024-09-28T02:26:10.638+0000] {processor.py:914} INFO - Processing file /home/airflow/.local/lib/python3.12/site-packages/airflow/example_dags/example_branch_operator.py for tasks to queue
[2024-09-28T02:26:10.641+0000] {logging_mixin.py:190} INFO - [2024-09-28T02:26:10.641+0000] {dagbag.py:588} INFO - Filling up the DagBag from /home/airflow/.local/lib/python3.12/site-packages/airflow/example_dags/example_branch_operator.py
[2024-09-28T02:26:10.656+0000] {processor.py:925} INFO - DAG(s) 'example_branch_operator' retrieved from /home/airflow/.local/lib/python3.12/site-packages/airflow/example_dags/example_branch_operator.py
[2024-09-28T02:26:10.682+0000] {logging_mixin.py:190} INFO - [2024-09-28T02:26:10.682+0000] {dag.py:3239} INFO - Sync 1 DAGs
[2024-09-28T02:26:10.709+0000] {logging_mixin.py:190} INFO - [2024-09-28T02:26:10.708+0000] {dag.py:4180} INFO - Setting next_dagrun for example_branch_operator to 2024-09-27 00:00:00+00:00, run_after=2024-09-28 00:00:00+00:00
[2024-09-28T02:26:10.733+0000] {processor.py:208} INFO - Processing /home/airflow/.local/lib/python3.12/site-packages/airflow/example_dags/example_branch_operator.py took 0.100 seconds
[2024-09-28T02:46:05.099+0000] {processor.py:186} INFO - Started process (PID=88) to work on /home/airflow/.local/lib/python3.12/site-packages/airflow/example_dags/example_branch_operator.py
[2024-09-28T02:46:05.100+0000] {processor.py:914} INFO - Processing file /home/airflow/.local/lib/python3.12/site-packages/airflow/example_dags/example_branch_operator.py for tasks to queue
[2024-09-28T02:46:05.103+0000] {logging_mixin.py:190} INFO - [2024-09-28T02:46:05.103+0000] {dagbag.py:588} INFO - Filling up the DagBag from /home/airflow/.local/lib/python3.12/site-packages/airflow/example_dags/example_branch_operator.py
[2024-09-28T02:46:05.128+0000] {processor.py:925} INFO - DAG(s) 'example_branch_operator' retrieved from /home/airflow/.local/lib/python3.12/site-packages/airflow/example_dags/example_branch_operator.py
[2024-09-28T02:46:05.443+0000] {logging_mixin.py:190} INFO - [2024-09-28T02:46:05.443+0000] {dag.py:3239} INFO - Sync 1 DAGs
[2024-09-28T02:46:05.494+0000] {logging_mixin.py:190} INFO - [2024-09-28T02:46:05.493+0000] {dag.py:4180} INFO - Setting next_dagrun for example_branch_operator to 2024-09-27 00:00:00+00:00, run_after=2024-09-28 00:00:00+00:00
[2024-09-28T02:46:05.547+0000] {processor.py:208} INFO - Processing /home/airflow/.local/lib/python3.12/site-packages/airflow/example_dags/example_branch_operator.py took 0.455 seconds
[2024-09-28T02:46:37.149+0000] {processor.py:186} INFO - Started process (PID=152) to work on /home/airflow/.local/lib/python3.12/site-packages/airflow/example_dags/example_branch_operator.py
[2024-09-28T02:46:37.151+0000] {processor.py:914} INFO - Processing file /home/airflow/.local/lib/python3.12/site-packages/airflow/example_dags/example_branch_operator.py for tasks to queue
[2024-09-28T02:46:37.155+0000] {logging_mixin.py:190} INFO - [2024-09-28T02:46:37.154+0000] {dagbag.py:588} INFO - Filling up the DagBag from /home/airflow/.local/lib/python3.12/site-packages/airflow/example_dags/example_branch_operator.py
[2024-09-28T02:46:37.179+0000] {processor.py:925} INFO - DAG(s) 'example_branch_operator' retrieved from /home/airflow/.local/lib/python3.12/site-packages/airflow/example_dags/example_branch_operator.py
[2024-09-28T02:46:37.217+0000] {logging_mixin.py:190} INFO - [2024-09-28T02:46:37.217+0000] {dag.py:3239} INFO - Sync 1 DAGs
[2024-09-28T02:46:37.249+0000] {logging_mixin.py:190} INFO - [2024-09-28T02:46:37.249+0000] {dag.py:4180} INFO - Setting next_dagrun for example_branch_operator to 2024-09-27 00:00:00+00:00, run_after=2024-09-28 00:00:00+00:00
[2024-09-28T02:46:37.286+0000] {processor.py:208} INFO - Processing /home/airflow/.local/lib/python3.12/site-packages/airflow/example_dags/example_branch_operator.py took 0.144 seconds
[2024-09-28T02:47:09.159+0000] {processor.py:186} INFO - Started process (PID=215) to work on /home/airflow/.local/lib/python3.12/site-packages/airflow/example_dags/example_branch_operator.py
[2024-09-28T02:47:09.160+0000] {processor.py:914} INFO - Processing file /home/airflow/.local/lib/python3.12/site-packages/airflow/example_dags/example_branch_operator.py for tasks to queue
[2024-09-28T02:47:09.163+0000] {logging_mixin.py:190} INFO - [2024-09-28T02:47:09.163+0000] {dagbag.py:588} INFO - Filling up the DagBag from /home/airflow/.local/lib/python3.12/site-packages/airflow/example_dags/example_branch_operator.py
[2024-09-28T02:47:09.188+0000] {processor.py:925} INFO - DAG(s) 'example_branch_operator' retrieved from /home/airflow/.local/lib/python3.12/site-packages/airflow/example_dags/example_branch_operator.py
[2024-09-28T02:47:09.226+0000] {logging_mixin.py:190} INFO - [2024-09-28T02:47:09.226+0000] {dag.py:3239} INFO - Sync 1 DAGs
[2024-09-28T02:47:09.265+0000] {logging_mixin.py:190} INFO - [2024-09-28T02:47:09.265+0000] {dag.py:4180} INFO - Setting next_dagrun for example_branch_operator to 2024-09-27 00:00:00+00:00, run_after=2024-09-28 00:00:00+00:00
[2024-09-28T02:47:09.296+0000] {processor.py:208} INFO - Processing /home/airflow/.local/lib/python3.12/site-packages/airflow/example_dags/example_branch_operator.py took 0.142 seconds
[2024-09-28T02:47:39.487+0000] {processor.py:186} INFO - Started process (PID=279) to work on /home/airflow/.local/lib/python3.12/site-packages/airflow/example_dags/example_branch_operator.py
[2024-09-28T02:47:39.489+0000] {processor.py:914} INFO - Processing file /home/airflow/.local/lib/python3.12/site-packages/airflow/example_dags/example_branch_operator.py for tasks to queue
[2024-09-28T02:47:39.491+0000] {logging_mixin.py:190} INFO - [2024-09-28T02:47:39.490+0000] {dagbag.py:588} INFO - Filling up the DagBag from /home/airflow/.local/lib/python3.12/site-packages/airflow/example_dags/example_branch_operator.py
[2024-09-28T02:47:39.506+0000] {processor.py:925} INFO - DAG(s) 'example_branch_operator' retrieved from /home/airflow/.local/lib/python3.12/site-packages/airflow/example_dags/example_branch_operator.py
[2024-09-28T02:47:39.532+0000] {logging_mixin.py:190} INFO - [2024-09-28T02:47:39.532+0000] {dag.py:3239} INFO - Sync 1 DAGs
[2024-09-28T02:47:39.555+0000] {logging_mixin.py:190} INFO - [2024-09-28T02:47:39.555+0000] {dag.py:4180} INFO - Setting next_dagrun for example_branch_operator to 2024-09-27 00:00:00+00:00, run_after=2024-09-28 00:00:00+00:00
[2024-09-28T02:47:39.578+0000] {processor.py:208} INFO - Processing /home/airflow/.local/lib/python3.12/site-packages/airflow/example_dags/example_branch_operator.py took 0.095 seconds
[2024-09-28T02:48:11.777+0000] {processor.py:186} INFO - Started process (PID=341) to work on /home/airflow/.local/lib/python3.12/site-packages/airflow/example_dags/example_branch_operator.py
[2024-09-28T02:48:11.778+0000] {processor.py:914} INFO - Processing file /home/airflow/.local/lib/python3.12/site-packages/airflow/example_dags/example_branch_operator.py for tasks to queue
[2024-09-28T02:48:11.781+0000] {logging_mixin.py:190} INFO - [2024-09-28T02:48:11.780+0000] {dagbag.py:588} INFO - Filling up the DagBag from /home/airflow/.local/lib/python3.12/site-packages/airflow/example_dags/example_branch_operator.py
[2024-09-28T02:48:11.821+0000] {processor.py:925} INFO - DAG(s) 'example_branch_operator' retrieved from /home/airflow/.local/lib/python3.12/site-packages/airflow/example_dags/example_branch_operator.py
[2024-09-28T02:48:11.949+0000] {logging_mixin.py:190} INFO - [2024-09-28T02:48:11.948+0000] {dag.py:3239} INFO - Sync 1 DAGs
[2024-09-28T02:48:11.988+0000] {logging_mixin.py:190} INFO - [2024-09-28T02:48:11.988+0000] {dag.py:4180} INFO - Setting next_dagrun for example_branch_operator to 2024-09-27 00:00:00+00:00, run_after=2024-09-28 00:00:00+00:00
[2024-09-28T02:48:12.019+0000] {processor.py:208} INFO - Processing /home/airflow/.local/lib/python3.12/site-packages/airflow/example_dags/example_branch_operator.py took 0.249 seconds
[2024-09-28T02:48:42.382+0000] {processor.py:186} INFO - Started process (PID=404) to work on /home/airflow/.local/lib/python3.12/site-packages/airflow/example_dags/example_branch_operator.py
[2024-09-28T02:48:42.383+0000] {processor.py:914} INFO - Processing file /home/airflow/.local/lib/python3.12/site-packages/airflow/example_dags/example_branch_operator.py for tasks to queue
[2024-09-28T02:48:42.385+0000] {logging_mixin.py:190} INFO - [2024-09-28T02:48:42.385+0000] {dagbag.py:588} INFO - Filling up the DagBag from /home/airflow/.local/lib/python3.12/site-packages/airflow/example_dags/example_branch_operator.py
[2024-09-28T02:48:42.401+0000] {processor.py:925} INFO - DAG(s) 'example_branch_operator' retrieved from /home/airflow/.local/lib/python3.12/site-packages/airflow/example_dags/example_branch_operator.py
[2024-09-28T02:48:42.427+0000] {logging_mixin.py:190} INFO - [2024-09-28T02:48:42.427+0000] {dag.py:3239} INFO - Sync 1 DAGs
[2024-09-28T02:48:42.450+0000] {logging_mixin.py:190} INFO - [2024-09-28T02:48:42.450+0000] {dag.py:4180} INFO - Setting next_dagrun for example_branch_operator to 2024-09-27 00:00:00+00:00, run_after=2024-09-28 00:00:00+00:00
[2024-09-28T02:48:42.474+0000] {processor.py:208} INFO - Processing /home/airflow/.local/lib/python3.12/site-packages/airflow/example_dags/example_branch_operator.py took 0.097 seconds
[2024-09-28T02:49:12.991+0000] {processor.py:186} INFO - Started process (PID=467) to work on /home/airflow/.local/lib/python3.12/site-packages/airflow/example_dags/example_branch_operator.py
[2024-09-28T02:49:12.993+0000] {processor.py:914} INFO - Processing file /home/airflow/.local/lib/python3.12/site-packages/airflow/example_dags/example_branch_operator.py for tasks to queue
[2024-09-28T02:49:12.995+0000] {logging_mixin.py:190} INFO - [2024-09-28T02:49:12.994+0000] {dagbag.py:588} INFO - Filling up the DagBag from /home/airflow/.local/lib/python3.12/site-packages/airflow/example_dags/example_branch_operator.py
[2024-09-28T02:49:13.010+0000] {processor.py:925} INFO - DAG(s) 'example_branch_operator' retrieved from /home/airflow/.local/lib/python3.12/site-packages/airflow/example_dags/example_branch_operator.py
[2024-09-28T02:49:13.037+0000] {logging_mixin.py:190} INFO - [2024-09-28T02:49:13.037+0000] {dag.py:3239} INFO - Sync 1 DAGs
[2024-09-28T02:49:13.059+0000] {logging_mixin.py:190} INFO - [2024-09-28T02:49:13.059+0000] {dag.py:4180} INFO - Setting next_dagrun for example_branch_operator to 2024-09-27 00:00:00+00:00, run_after=2024-09-28 00:00:00+00:00
[2024-09-28T02:49:13.090+0000] {processor.py:208} INFO - Processing /home/airflow/.local/lib/python3.12/site-packages/airflow/example_dags/example_branch_operator.py took 0.103 seconds
[2024-09-28T02:49:43.360+0000] {processor.py:186} INFO - Started process (PID=530) to work on /home/airflow/.local/lib/python3.12/site-packages/airflow/example_dags/example_branch_operator.py
[2024-09-28T02:49:43.361+0000] {processor.py:914} INFO - Processing file /home/airflow/.local/lib/python3.12/site-packages/airflow/example_dags/example_branch_operator.py for tasks to queue
[2024-09-28T02:49:43.363+0000] {logging_mixin.py:190} INFO - [2024-09-28T02:49:43.363+0000] {dagbag.py:588} INFO - Filling up the DagBag from /home/airflow/.local/lib/python3.12/site-packages/airflow/example_dags/example_branch_operator.py
[2024-09-28T02:49:43.379+0000] {processor.py:925} INFO - DAG(s) 'example_branch_operator' retrieved from /home/airflow/.local/lib/python3.12/site-packages/airflow/example_dags/example_branch_operator.py
[2024-09-28T02:49:43.407+0000] {logging_mixin.py:190} INFO - [2024-09-28T02:49:43.407+0000] {dag.py:3239} INFO - Sync 1 DAGs
[2024-09-28T02:49:43.430+0000] {logging_mixin.py:190} INFO - [2024-09-28T02:49:43.430+0000] {dag.py:4180} INFO - Setting next_dagrun for example_branch_operator to 2024-09-27 00:00:00+00:00, run_after=2024-09-28 00:00:00+00:00
[2024-09-28T02:49:43.455+0000] {processor.py:208} INFO - Processing /home/airflow/.local/lib/python3.12/site-packages/airflow/example_dags/example_branch_operator.py took 0.099 seconds
[2024-09-28T02:50:14.234+0000] {processor.py:186} INFO - Started process (PID=594) to work on /home/airflow/.local/lib/python3.12/site-packages/airflow/example_dags/example_branch_operator.py
[2024-09-28T02:50:14.235+0000] {processor.py:914} INFO - Processing file /home/airflow/.local/lib/python3.12/site-packages/airflow/example_dags/example_branch_operator.py for tasks to queue
[2024-09-28T02:50:14.238+0000] {logging_mixin.py:190} INFO - [2024-09-28T02:50:14.237+0000] {dagbag.py:588} INFO - Filling up the DagBag from /home/airflow/.local/lib/python3.12/site-packages/airflow/example_dags/example_branch_operator.py
[2024-09-28T02:50:14.253+0000] {processor.py:925} INFO - DAG(s) 'example_branch_operator' retrieved from /home/airflow/.local/lib/python3.12/site-packages/airflow/example_dags/example_branch_operator.py
[2024-09-28T02:50:14.279+0000] {logging_mixin.py:190} INFO - [2024-09-28T02:50:14.278+0000] {dag.py:3239} INFO - Sync 1 DAGs
[2024-09-28T02:50:14.304+0000] {logging_mixin.py:190} INFO - [2024-09-28T02:50:14.303+0000] {dag.py:4180} INFO - Setting next_dagrun for example_branch_operator to 2024-09-27 00:00:00+00:00, run_after=2024-09-28 00:00:00+00:00
[2024-09-28T02:50:14.326+0000] {processor.py:208} INFO - Processing /home/airflow/.local/lib/python3.12/site-packages/airflow/example_dags/example_branch_operator.py took 0.096 seconds
[2024-09-28T02:50:44.837+0000] {processor.py:186} INFO - Started process (PID=657) to work on /home/airflow/.local/lib/python3.12/site-packages/airflow/example_dags/example_branch_operator.py
[2024-09-28T02:50:44.838+0000] {processor.py:914} INFO - Processing file /home/airflow/.local/lib/python3.12/site-packages/airflow/example_dags/example_branch_operator.py for tasks to queue
[2024-09-28T02:50:44.840+0000] {logging_mixin.py:190} INFO - [2024-09-28T02:50:44.840+0000] {dagbag.py:588} INFO - Filling up the DagBag from /home/airflow/.local/lib/python3.12/site-packages/airflow/example_dags/example_branch_operator.py
[2024-09-28T02:50:44.856+0000] {processor.py:925} INFO - DAG(s) 'example_branch_operator' retrieved from /home/airflow/.local/lib/python3.12/site-packages/airflow/example_dags/example_branch_operator.py
[2024-09-28T02:50:44.884+0000] {logging_mixin.py:190} INFO - [2024-09-28T02:50:44.884+0000] {dag.py:3239} INFO - Sync 1 DAGs
[2024-09-28T02:50:44.909+0000] {logging_mixin.py:190} INFO - [2024-09-28T02:50:44.908+0000] {dag.py:4180} INFO - Setting next_dagrun for example_branch_operator to 2024-09-27 00:00:00+00:00, run_after=2024-09-28 00:00:00+00:00
[2024-09-28T02:50:44.931+0000] {processor.py:208} INFO - Processing /home/airflow/.local/lib/python3.12/site-packages/airflow/example_dags/example_branch_operator.py took 0.099 seconds
[2024-09-28T02:51:15.780+0000] {processor.py:186} INFO - Started process (PID=720) to work on /home/airflow/.local/lib/python3.12/site-packages/airflow/example_dags/example_branch_operator.py
[2024-09-28T02:51:15.782+0000] {processor.py:914} INFO - Processing file /home/airflow/.local/lib/python3.12/site-packages/airflow/example_dags/example_branch_operator.py for tasks to queue
[2024-09-28T02:51:15.785+0000] {logging_mixin.py:190} INFO - [2024-09-28T02:51:15.785+0000] {dagbag.py:588} INFO - Filling up the DagBag from /home/airflow/.local/lib/python3.12/site-packages/airflow/example_dags/example_branch_operator.py
[2024-09-28T02:51:15.822+0000] {processor.py:925} INFO - DAG(s) 'example_branch_operator' retrieved from /home/airflow/.local/lib/python3.12/site-packages/airflow/example_dags/example_branch_operator.py
[2024-09-28T02:51:15.867+0000] {logging_mixin.py:190} INFO - [2024-09-28T02:51:15.866+0000] {dag.py:3239} INFO - Sync 1 DAGs
[2024-09-28T02:51:15.902+0000] {logging_mixin.py:190} INFO - [2024-09-28T02:51:15.902+0000] {dag.py:4180} INFO - Setting next_dagrun for example_branch_operator to 2024-09-27 00:00:00+00:00, run_after=2024-09-28 00:00:00+00:00
[2024-09-28T02:51:15.929+0000] {processor.py:208} INFO - Processing /home/airflow/.local/lib/python3.12/site-packages/airflow/example_dags/example_branch_operator.py took 0.157 seconds
[2024-09-28T02:51:47.439+0000] {processor.py:186} INFO - Started process (PID=783) to work on /home/airflow/.local/lib/python3.12/site-packages/airflow/example_dags/example_branch_operator.py
[2024-09-28T02:51:47.440+0000] {processor.py:914} INFO - Processing file /home/airflow/.local/lib/python3.12/site-packages/airflow/example_dags/example_branch_operator.py for tasks to queue
[2024-09-28T02:51:47.443+0000] {logging_mixin.py:190} INFO - [2024-09-28T02:51:47.443+0000] {dagbag.py:588} INFO - Filling up the DagBag from /home/airflow/.local/lib/python3.12/site-packages/airflow/example_dags/example_branch_operator.py
[2024-09-28T02:51:47.473+0000] {processor.py:925} INFO - DAG(s) 'example_branch_operator' retrieved from /home/airflow/.local/lib/python3.12/site-packages/airflow/example_dags/example_branch_operator.py
[2024-09-28T02:51:47.509+0000] {logging_mixin.py:190} INFO - [2024-09-28T02:51:47.509+0000] {dag.py:3239} INFO - Sync 1 DAGs
[2024-09-28T02:51:47.545+0000] {logging_mixin.py:190} INFO - [2024-09-28T02:51:47.545+0000] {dag.py:4180} INFO - Setting next_dagrun for example_branch_operator to 2024-09-27 00:00:00+00:00, run_after=2024-09-28 00:00:00+00:00
[2024-09-28T02:51:47.578+0000] {processor.py:208} INFO - Processing /home/airflow/.local/lib/python3.12/site-packages/airflow/example_dags/example_branch_operator.py took 0.145 seconds
[2024-09-28T03:30:34.239+0000] {processor.py:186} INFO - Started process (PID=854) to work on /home/airflow/.local/lib/python3.12/site-packages/airflow/example_dags/example_branch_operator.py
[2024-09-28T03:30:34.241+0000] {processor.py:914} INFO - Processing file /home/airflow/.local/lib/python3.12/site-packages/airflow/example_dags/example_branch_operator.py for tasks to queue
[2024-09-28T03:30:34.243+0000] {logging_mixin.py:190} INFO - [2024-09-28T03:30:34.243+0000] {dagbag.py:588} INFO - Filling up the DagBag from /home/airflow/.local/lib/python3.12/site-packages/airflow/example_dags/example_branch_operator.py
[2024-09-28T03:30:34.265+0000] {processor.py:925} INFO - DAG(s) 'example_branch_operator' retrieved from /home/airflow/.local/lib/python3.12/site-packages/airflow/example_dags/example_branch_operator.py
[2024-09-28T03:30:34.302+0000] {logging_mixin.py:190} INFO - [2024-09-28T03:30:34.302+0000] {dag.py:3239} INFO - Sync 1 DAGs
[2024-09-28T03:34:08.270+0000] {logging_mixin.py:190} INFO - [2024-09-28T03:34:08.270+0000] {dag.py:4180} INFO - Setting next_dagrun for example_branch_operator to 2024-09-27 00:00:00+00:00, run_after=2024-09-28 00:00:00+00:00
[2024-09-28T03:34:08.333+0000] {processor.py:208} INFO - Processing /home/airflow/.local/lib/python3.12/site-packages/airflow/example_dags/example_branch_operator.py took 0.176 seconds
[2024-09-28T03:34:38.639+0000] {processor.py:186} INFO - Started process (PID=917) to work on /home/airflow/.local/lib/python3.12/site-packages/airflow/example_dags/example_branch_operator.py
[2024-09-28T03:34:38.640+0000] {processor.py:914} INFO - Processing file /home/airflow/.local/lib/python3.12/site-packages/airflow/example_dags/example_branch_operator.py for tasks to queue
[2024-09-28T03:34:38.642+0000] {logging_mixin.py:190} INFO - [2024-09-28T03:34:38.641+0000] {dagbag.py:588} INFO - Filling up the DagBag from /home/airflow/.local/lib/python3.12/site-packages/airflow/example_dags/example_branch_operator.py
[2024-09-28T03:34:38.661+0000] {processor.py:925} INFO - DAG(s) 'example_branch_operator' retrieved from /home/airflow/.local/lib/python3.12/site-packages/airflow/example_dags/example_branch_operator.py
[2024-09-28T03:34:38.689+0000] {logging_mixin.py:190} INFO - [2024-09-28T03:34:38.688+0000] {dag.py:3239} INFO - Sync 1 DAGs
[2024-09-28T03:34:38.712+0000] {logging_mixin.py:190} INFO - [2024-09-28T03:34:38.711+0000] {dag.py:4180} INFO - Setting next_dagrun for example_branch_operator to 2024-09-27 00:00:00+00:00, run_after=2024-09-28 00:00:00+00:00
[2024-09-28T03:34:38.738+0000] {processor.py:208} INFO - Processing /home/airflow/.local/lib/python3.12/site-packages/airflow/example_dags/example_branch_operator.py took 0.103 seconds
[2024-09-28T03:40:11.502+0000] {processor.py:186} INFO - Started process (PID=103) to work on /home/airflow/.local/lib/python3.12/site-packages/airflow/example_dags/example_branch_operator.py
[2024-09-28T03:40:11.549+0000] {processor.py:914} INFO - Processing file /home/airflow/.local/lib/python3.12/site-packages/airflow/example_dags/example_branch_operator.py for tasks to queue
[2024-09-28T03:40:11.552+0000] {logging_mixin.py:190} INFO - [2024-09-28T03:40:11.552+0000] {dagbag.py:588} INFO - Filling up the DagBag from /home/airflow/.local/lib/python3.12/site-packages/airflow/example_dags/example_branch_operator.py
[2024-09-28T03:40:11.572+0000] {processor.py:925} INFO - DAG(s) 'example_branch_operator' retrieved from /home/airflow/.local/lib/python3.12/site-packages/airflow/example_dags/example_branch_operator.py
[2024-09-28T03:40:11.817+0000] {logging_mixin.py:190} INFO - [2024-09-28T03:40:11.817+0000] {dag.py:3239} INFO - Sync 1 DAGs
[2024-09-28T03:40:11.842+0000] {logging_mixin.py:190} INFO - [2024-09-28T03:40:11.842+0000] {dag.py:4180} INFO - Setting next_dagrun for example_branch_operator to 2024-09-27 00:00:00+00:00, run_after=2024-09-28 00:00:00+00:00
[2024-09-28T03:40:12.007+0000] {processor.py:208} INFO - Processing /home/airflow/.local/lib/python3.12/site-packages/airflow/example_dags/example_branch_operator.py took 0.511 seconds
[2024-09-28T03:40:42.759+0000] {processor.py:186} INFO - Started process (PID=177) to work on /home/airflow/.local/lib/python3.12/site-packages/airflow/example_dags/example_branch_operator.py
[2024-09-28T03:40:42.761+0000] {processor.py:914} INFO - Processing file /home/airflow/.local/lib/python3.12/site-packages/airflow/example_dags/example_branch_operator.py for tasks to queue
[2024-09-28T03:40:42.763+0000] {logging_mixin.py:190} INFO - [2024-09-28T03:40:42.763+0000] {dagbag.py:588} INFO - Filling up the DagBag from /home/airflow/.local/lib/python3.12/site-packages/airflow/example_dags/example_branch_operator.py
[2024-09-28T03:40:42.779+0000] {processor.py:925} INFO - DAG(s) 'example_branch_operator' retrieved from /home/airflow/.local/lib/python3.12/site-packages/airflow/example_dags/example_branch_operator.py
[2024-09-28T03:40:42.808+0000] {logging_mixin.py:190} INFO - [2024-09-28T03:40:42.808+0000] {dag.py:3239} INFO - Sync 1 DAGs
[2024-09-28T03:40:42.832+0000] {logging_mixin.py:190} INFO - [2024-09-28T03:40:42.832+0000] {dag.py:4180} INFO - Setting next_dagrun for example_branch_operator to 2024-09-27 00:00:00+00:00, run_after=2024-09-28 00:00:00+00:00
[2024-09-28T03:40:42.856+0000] {processor.py:208} INFO - Processing /home/airflow/.local/lib/python3.12/site-packages/airflow/example_dags/example_branch_operator.py took 0.101 seconds
[2024-09-28T03:41:13.122+0000] {processor.py:186} INFO - Started process (PID=251) to work on /home/airflow/.local/lib/python3.12/site-packages/airflow/example_dags/example_branch_operator.py
[2024-09-28T03:41:13.123+0000] {processor.py:914} INFO - Processing file /home/airflow/.local/lib/python3.12/site-packages/airflow/example_dags/example_branch_operator.py for tasks to queue
[2024-09-28T03:41:13.126+0000] {logging_mixin.py:190} INFO - [2024-09-28T03:41:13.125+0000] {dagbag.py:588} INFO - Filling up the DagBag from /home/airflow/.local/lib/python3.12/site-packages/airflow/example_dags/example_branch_operator.py
[2024-09-28T03:41:13.143+0000] {processor.py:925} INFO - DAG(s) 'example_branch_operator' retrieved from /home/airflow/.local/lib/python3.12/site-packages/airflow/example_dags/example_branch_operator.py
[2024-09-28T03:41:13.172+0000] {logging_mixin.py:190} INFO - [2024-09-28T03:41:13.172+0000] {dag.py:3239} INFO - Sync 1 DAGs
[2024-09-28T03:41:13.203+0000] {logging_mixin.py:190} INFO - [2024-09-28T03:41:13.203+0000] {dag.py:4180} INFO - Setting next_dagrun for example_branch_operator to 2024-09-27 00:00:00+00:00, run_after=2024-09-28 00:00:00+00:00
[2024-09-28T03:41:13.230+0000] {processor.py:208} INFO - Processing /home/airflow/.local/lib/python3.12/site-packages/airflow/example_dags/example_branch_operator.py took 0.114 seconds
[2024-09-28T03:41:43.934+0000] {processor.py:186} INFO - Started process (PID=325) to work on /home/airflow/.local/lib/python3.12/site-packages/airflow/example_dags/example_branch_operator.py
[2024-09-28T03:41:43.936+0000] {processor.py:914} INFO - Processing file /home/airflow/.local/lib/python3.12/site-packages/airflow/example_dags/example_branch_operator.py for tasks to queue
[2024-09-28T03:41:43.939+0000] {logging_mixin.py:190} INFO - [2024-09-28T03:41:43.938+0000] {dagbag.py:588} INFO - Filling up the DagBag from /home/airflow/.local/lib/python3.12/site-packages/airflow/example_dags/example_branch_operator.py
[2024-09-28T03:41:43.955+0000] {processor.py:925} INFO - DAG(s) 'example_branch_operator' retrieved from /home/airflow/.local/lib/python3.12/site-packages/airflow/example_dags/example_branch_operator.py
[2024-09-28T03:41:43.986+0000] {logging_mixin.py:190} INFO - [2024-09-28T03:41:43.986+0000] {dag.py:3239} INFO - Sync 1 DAGs
[2024-09-28T03:41:44.017+0000] {logging_mixin.py:190} INFO - [2024-09-28T03:41:44.017+0000] {dag.py:4180} INFO - Setting next_dagrun for example_branch_operator to 2024-09-27 00:00:00+00:00, run_after=2024-09-28 00:00:00+00:00
[2024-09-28T03:41:44.044+0000] {processor.py:208} INFO - Processing /home/airflow/.local/lib/python3.12/site-packages/airflow/example_dags/example_branch_operator.py took 0.115 seconds
[2024-09-28T03:42:14.293+0000] {processor.py:186} INFO - Started process (PID=399) to work on /home/airflow/.local/lib/python3.12/site-packages/airflow/example_dags/example_branch_operator.py
[2024-09-28T03:42:14.294+0000] {processor.py:914} INFO - Processing file /home/airflow/.local/lib/python3.12/site-packages/airflow/example_dags/example_branch_operator.py for tasks to queue
[2024-09-28T03:42:14.296+0000] {logging_mixin.py:190} INFO - [2024-09-28T03:42:14.296+0000] {dagbag.py:588} INFO - Filling up the DagBag from /home/airflow/.local/lib/python3.12/site-packages/airflow/example_dags/example_branch_operator.py
[2024-09-28T03:42:14.312+0000] {processor.py:925} INFO - DAG(s) 'example_branch_operator' retrieved from /home/airflow/.local/lib/python3.12/site-packages/airflow/example_dags/example_branch_operator.py
[2024-09-28T03:42:14.349+0000] {logging_mixin.py:190} INFO - [2024-09-28T03:42:14.348+0000] {dag.py:3239} INFO - Sync 1 DAGs
[2024-09-28T03:42:14.373+0000] {logging_mixin.py:190} INFO - [2024-09-28T03:42:14.373+0000] {dag.py:4180} INFO - Setting next_dagrun for example_branch_operator to 2024-09-27 00:00:00+00:00, run_after=2024-09-28 00:00:00+00:00
[2024-09-28T03:42:14.398+0000] {processor.py:208} INFO - Processing /home/airflow/.local/lib/python3.12/site-packages/airflow/example_dags/example_branch_operator.py took 0.111 seconds
[2024-09-28T03:42:44.624+0000] {processor.py:186} INFO - Started process (PID=473) to work on /home/airflow/.local/lib/python3.12/site-packages/airflow/example_dags/example_branch_operator.py
[2024-09-28T03:42:44.625+0000] {processor.py:914} INFO - Processing file /home/airflow/.local/lib/python3.12/site-packages/airflow/example_dags/example_branch_operator.py for tasks to queue
[2024-09-28T03:42:44.627+0000] {logging_mixin.py:190} INFO - [2024-09-28T03:42:44.627+0000] {dagbag.py:588} INFO - Filling up the DagBag from /home/airflow/.local/lib/python3.12/site-packages/airflow/example_dags/example_branch_operator.py
[2024-09-28T03:42:44.641+0000] {processor.py:925} INFO - DAG(s) 'example_branch_operator' retrieved from /home/airflow/.local/lib/python3.12/site-packages/airflow/example_dags/example_branch_operator.py
[2024-09-28T03:42:44.669+0000] {logging_mixin.py:190} INFO - [2024-09-28T03:42:44.669+0000] {dag.py:3239} INFO - Sync 1 DAGs
[2024-09-28T03:42:44.692+0000] {logging_mixin.py:190} INFO - [2024-09-28T03:42:44.692+0000] {dag.py:4180} INFO - Setting next_dagrun for example_branch_operator to 2024-09-27 00:00:00+00:00, run_after=2024-09-28 00:00:00+00:00
[2024-09-28T03:42:44.716+0000] {processor.py:208} INFO - Processing /home/airflow/.local/lib/python3.12/site-packages/airflow/example_dags/example_branch_operator.py took 0.097 seconds
[2024-09-28T03:43:15.468+0000] {processor.py:186} INFO - Started process (PID=547) to work on /home/airflow/.local/lib/python3.12/site-packages/airflow/example_dags/example_branch_operator.py
[2024-09-28T03:43:15.469+0000] {processor.py:914} INFO - Processing file /home/airflow/.local/lib/python3.12/site-packages/airflow/example_dags/example_branch_operator.py for tasks to queue
[2024-09-28T03:43:15.472+0000] {logging_mixin.py:190} INFO - [2024-09-28T03:43:15.471+0000] {dagbag.py:588} INFO - Filling up the DagBag from /home/airflow/.local/lib/python3.12/site-packages/airflow/example_dags/example_branch_operator.py
[2024-09-28T03:43:15.490+0000] {processor.py:925} INFO - DAG(s) 'example_branch_operator' retrieved from /home/airflow/.local/lib/python3.12/site-packages/airflow/example_dags/example_branch_operator.py
[2024-09-28T03:43:15.521+0000] {logging_mixin.py:190} INFO - [2024-09-28T03:43:15.520+0000] {dag.py:3239} INFO - Sync 1 DAGs
[2024-09-28T03:43:15.547+0000] {logging_mixin.py:190} INFO - [2024-09-28T03:43:15.547+0000] {dag.py:4180} INFO - Setting next_dagrun for example_branch_operator to 2024-09-27 00:00:00+00:00, run_after=2024-09-28 00:00:00+00:00
[2024-09-28T03:43:15.574+0000] {processor.py:208} INFO - Processing /home/airflow/.local/lib/python3.12/site-packages/airflow/example_dags/example_branch_operator.py took 0.112 seconds
[2024-09-28T03:43:45.658+0000] {processor.py:186} INFO - Started process (PID=621) to work on /home/airflow/.local/lib/python3.12/site-packages/airflow/example_dags/example_branch_operator.py
[2024-09-28T03:43:45.659+0000] {processor.py:914} INFO - Processing file /home/airflow/.local/lib/python3.12/site-packages/airflow/example_dags/example_branch_operator.py for tasks to queue
[2024-09-28T03:43:45.661+0000] {logging_mixin.py:190} INFO - [2024-09-28T03:43:45.661+0000] {dagbag.py:588} INFO - Filling up the DagBag from /home/airflow/.local/lib/python3.12/site-packages/airflow/example_dags/example_branch_operator.py
[2024-09-28T03:43:45.675+0000] {processor.py:925} INFO - DAG(s) 'example_branch_operator' retrieved from /home/airflow/.local/lib/python3.12/site-packages/airflow/example_dags/example_branch_operator.py
[2024-09-28T03:43:45.701+0000] {logging_mixin.py:190} INFO - [2024-09-28T03:43:45.700+0000] {dag.py:3239} INFO - Sync 1 DAGs
[2024-09-28T03:43:45.723+0000] {logging_mixin.py:190} INFO - [2024-09-28T03:43:45.723+0000] {dag.py:4180} INFO - Setting next_dagrun for example_branch_operator to 2024-09-27 00:00:00+00:00, run_after=2024-09-28 00:00:00+00:00
[2024-09-28T03:43:45.746+0000] {processor.py:208} INFO - Processing /home/airflow/.local/lib/python3.12/site-packages/airflow/example_dags/example_branch_operator.py took 0.092 seconds
[2024-09-28T03:44:16.112+0000] {processor.py:186} INFO - Started process (PID=695) to work on /home/airflow/.local/lib/python3.12/site-packages/airflow/example_dags/example_branch_operator.py
[2024-09-28T03:44:16.113+0000] {processor.py:914} INFO - Processing file /home/airflow/.local/lib/python3.12/site-packages/airflow/example_dags/example_branch_operator.py for tasks to queue
[2024-09-28T03:44:16.116+0000] {logging_mixin.py:190} INFO - [2024-09-28T03:44:16.115+0000] {dagbag.py:588} INFO - Filling up the DagBag from /home/airflow/.local/lib/python3.12/site-packages/airflow/example_dags/example_branch_operator.py
[2024-09-28T03:44:16.132+0000] {processor.py:925} INFO - DAG(s) 'example_branch_operator' retrieved from /home/airflow/.local/lib/python3.12/site-packages/airflow/example_dags/example_branch_operator.py
[2024-09-28T03:44:16.159+0000] {logging_mixin.py:190} INFO - [2024-09-28T03:44:16.159+0000] {dag.py:3239} INFO - Sync 1 DAGs
[2024-09-28T03:44:16.182+0000] {logging_mixin.py:190} INFO - [2024-09-28T03:44:16.182+0000] {dag.py:4180} INFO - Setting next_dagrun for example_branch_operator to 2024-09-27 00:00:00+00:00, run_after=2024-09-28 00:00:00+00:00
[2024-09-28T03:44:16.204+0000] {processor.py:208} INFO - Processing /home/airflow/.local/lib/python3.12/site-packages/airflow/example_dags/example_branch_operator.py took 0.097 seconds
[2024-09-28T03:44:46.599+0000] {processor.py:186} INFO - Started process (PID=769) to work on /home/airflow/.local/lib/python3.12/site-packages/airflow/example_dags/example_branch_operator.py
[2024-09-28T03:44:46.601+0000] {processor.py:914} INFO - Processing file /home/airflow/.local/lib/python3.12/site-packages/airflow/example_dags/example_branch_operator.py for tasks to queue
[2024-09-28T03:44:46.603+0000] {logging_mixin.py:190} INFO - [2024-09-28T03:44:46.603+0000] {dagbag.py:588} INFO - Filling up the DagBag from /home/airflow/.local/lib/python3.12/site-packages/airflow/example_dags/example_branch_operator.py
[2024-09-28T03:44:46.618+0000] {processor.py:925} INFO - DAG(s) 'example_branch_operator' retrieved from /home/airflow/.local/lib/python3.12/site-packages/airflow/example_dags/example_branch_operator.py
[2024-09-28T03:44:46.644+0000] {logging_mixin.py:190} INFO - [2024-09-28T03:44:46.644+0000] {dag.py:3239} INFO - Sync 1 DAGs
[2024-09-28T03:44:46.667+0000] {logging_mixin.py:190} INFO - [2024-09-28T03:44:46.666+0000] {dag.py:4180} INFO - Setting next_dagrun for example_branch_operator to 2024-09-27 00:00:00+00:00, run_after=2024-09-28 00:00:00+00:00
[2024-09-28T03:44:46.689+0000] {processor.py:208} INFO - Processing /home/airflow/.local/lib/python3.12/site-packages/airflow/example_dags/example_branch_operator.py took 0.094 seconds
[2024-09-28T03:45:17.592+0000] {processor.py:186} INFO - Started process (PID=843) to work on /home/airflow/.local/lib/python3.12/site-packages/airflow/example_dags/example_branch_operator.py
[2024-09-28T03:45:17.594+0000] {processor.py:914} INFO - Processing file /home/airflow/.local/lib/python3.12/site-packages/airflow/example_dags/example_branch_operator.py for tasks to queue
[2024-09-28T03:45:17.597+0000] {logging_mixin.py:190} INFO - [2024-09-28T03:45:17.596+0000] {dagbag.py:588} INFO - Filling up the DagBag from /home/airflow/.local/lib/python3.12/site-packages/airflow/example_dags/example_branch_operator.py
[2024-09-28T03:45:17.615+0000] {processor.py:925} INFO - DAG(s) 'example_branch_operator' retrieved from /home/airflow/.local/lib/python3.12/site-packages/airflow/example_dags/example_branch_operator.py
[2024-09-28T03:45:17.648+0000] {logging_mixin.py:190} INFO - [2024-09-28T03:45:17.648+0000] {dag.py:3239} INFO - Sync 1 DAGs
[2024-09-28T03:45:17.676+0000] {logging_mixin.py:190} INFO - [2024-09-28T03:45:17.675+0000] {dag.py:4180} INFO - Setting next_dagrun for example_branch_operator to 2024-09-27 00:00:00+00:00, run_after=2024-09-28 00:00:00+00:00
[2024-09-28T03:45:17.700+0000] {processor.py:208} INFO - Processing /home/airflow/.local/lib/python3.12/site-packages/airflow/example_dags/example_branch_operator.py took 0.112 seconds
[2024-09-28T03:45:48.083+0000] {processor.py:186} INFO - Started process (PID=918) to work on /home/airflow/.local/lib/python3.12/site-packages/airflow/example_dags/example_branch_operator.py
[2024-09-28T03:45:48.084+0000] {processor.py:914} INFO - Processing file /home/airflow/.local/lib/python3.12/site-packages/airflow/example_dags/example_branch_operator.py for tasks to queue
[2024-09-28T03:45:48.086+0000] {logging_mixin.py:190} INFO - [2024-09-28T03:45:48.086+0000] {dagbag.py:588} INFO - Filling up the DagBag from /home/airflow/.local/lib/python3.12/site-packages/airflow/example_dags/example_branch_operator.py
[2024-09-28T03:45:48.101+0000] {processor.py:925} INFO - DAG(s) 'example_branch_operator' retrieved from /home/airflow/.local/lib/python3.12/site-packages/airflow/example_dags/example_branch_operator.py
[2024-09-28T03:45:48.127+0000] {logging_mixin.py:190} INFO - [2024-09-28T03:45:48.127+0000] {dag.py:3239} INFO - Sync 1 DAGs
[2024-09-28T03:45:48.154+0000] {logging_mixin.py:190} INFO - [2024-09-28T03:45:48.154+0000] {dag.py:4180} INFO - Setting next_dagrun for example_branch_operator to 2024-09-27 00:00:00+00:00, run_after=2024-09-28 00:00:00+00:00
[2024-09-28T03:45:48.181+0000] {processor.py:208} INFO - Processing /home/airflow/.local/lib/python3.12/site-packages/airflow/example_dags/example_branch_operator.py took 0.102 seconds
[2024-09-28T03:46:18.985+0000] {processor.py:186} INFO - Started process (PID=992) to work on /home/airflow/.local/lib/python3.12/site-packages/airflow/example_dags/example_branch_operator.py
[2024-09-28T03:46:18.986+0000] {processor.py:914} INFO - Processing file /home/airflow/.local/lib/python3.12/site-packages/airflow/example_dags/example_branch_operator.py for tasks to queue
[2024-09-28T03:46:18.988+0000] {logging_mixin.py:190} INFO - [2024-09-28T03:46:18.988+0000] {dagbag.py:588} INFO - Filling up the DagBag from /home/airflow/.local/lib/python3.12/site-packages/airflow/example_dags/example_branch_operator.py
[2024-09-28T03:46:19.003+0000] {processor.py:925} INFO - DAG(s) 'example_branch_operator' retrieved from /home/airflow/.local/lib/python3.12/site-packages/airflow/example_dags/example_branch_operator.py
[2024-09-28T03:46:19.031+0000] {logging_mixin.py:190} INFO - [2024-09-28T03:46:19.031+0000] {dag.py:3239} INFO - Sync 1 DAGs
[2024-09-28T03:46:19.054+0000] {logging_mixin.py:190} INFO - [2024-09-28T03:46:19.053+0000] {dag.py:4180} INFO - Setting next_dagrun for example_branch_operator to 2024-09-27 00:00:00+00:00, run_after=2024-09-28 00:00:00+00:00
[2024-09-28T03:46:19.077+0000] {processor.py:208} INFO - Processing /home/airflow/.local/lib/python3.12/site-packages/airflow/example_dags/example_branch_operator.py took 0.097 seconds
[2024-09-28T03:46:49.470+0000] {processor.py:186} INFO - Started process (PID=1066) to work on /home/airflow/.local/lib/python3.12/site-packages/airflow/example_dags/example_branch_operator.py
[2024-09-28T03:46:49.472+0000] {processor.py:914} INFO - Processing file /home/airflow/.local/lib/python3.12/site-packages/airflow/example_dags/example_branch_operator.py for tasks to queue
[2024-09-28T03:46:49.475+0000] {logging_mixin.py:190} INFO - [2024-09-28T03:46:49.474+0000] {dagbag.py:588} INFO - Filling up the DagBag from /home/airflow/.local/lib/python3.12/site-packages/airflow/example_dags/example_branch_operator.py
[2024-09-28T03:46:49.503+0000] {processor.py:925} INFO - DAG(s) 'example_branch_operator' retrieved from /home/airflow/.local/lib/python3.12/site-packages/airflow/example_dags/example_branch_operator.py
[2024-09-28T03:46:49.544+0000] {logging_mixin.py:190} INFO - [2024-09-28T03:46:49.544+0000] {dag.py:3239} INFO - Sync 1 DAGs
[2024-09-28T03:46:49.580+0000] {logging_mixin.py:190} INFO - [2024-09-28T03:46:49.579+0000] {dag.py:4180} INFO - Setting next_dagrun for example_branch_operator to 2024-09-27 00:00:00+00:00, run_after=2024-09-28 00:00:00+00:00
[2024-09-28T03:46:49.610+0000] {processor.py:208} INFO - Processing /home/airflow/.local/lib/python3.12/site-packages/airflow/example_dags/example_branch_operator.py took 0.147 seconds
[2024-09-28T03:47:19.748+0000] {processor.py:186} INFO - Started process (PID=1140) to work on /home/airflow/.local/lib/python3.12/site-packages/airflow/example_dags/example_branch_operator.py
[2024-09-28T03:47:19.749+0000] {processor.py:914} INFO - Processing file /home/airflow/.local/lib/python3.12/site-packages/airflow/example_dags/example_branch_operator.py for tasks to queue
[2024-09-28T03:47:19.752+0000] {logging_mixin.py:190} INFO - [2024-09-28T03:47:19.752+0000] {dagbag.py:588} INFO - Filling up the DagBag from /home/airflow/.local/lib/python3.12/site-packages/airflow/example_dags/example_branch_operator.py
[2024-09-28T03:47:19.781+0000] {processor.py:925} INFO - DAG(s) 'example_branch_operator' retrieved from /home/airflow/.local/lib/python3.12/site-packages/airflow/example_dags/example_branch_operator.py
[2024-09-28T03:47:19.819+0000] {logging_mixin.py:190} INFO - [2024-09-28T03:47:19.818+0000] {dag.py:3239} INFO - Sync 1 DAGs
[2024-09-28T03:47:19.851+0000] {logging_mixin.py:190} INFO - [2024-09-28T03:47:19.850+0000] {dag.py:4180} INFO - Setting next_dagrun for example_branch_operator to 2024-09-27 00:00:00+00:00, run_after=2024-09-28 00:00:00+00:00
[2024-09-28T03:47:19.882+0000] {processor.py:208} INFO - Processing /home/airflow/.local/lib/python3.12/site-packages/airflow/example_dags/example_branch_operator.py took 0.142 seconds
[2024-09-28T03:47:50.195+0000] {processor.py:186} INFO - Started process (PID=1214) to work on /home/airflow/.local/lib/python3.12/site-packages/airflow/example_dags/example_branch_operator.py
[2024-09-28T03:47:50.196+0000] {processor.py:914} INFO - Processing file /home/airflow/.local/lib/python3.12/site-packages/airflow/example_dags/example_branch_operator.py for tasks to queue
[2024-09-28T03:47:50.199+0000] {logging_mixin.py:190} INFO - [2024-09-28T03:47:50.199+0000] {dagbag.py:588} INFO - Filling up the DagBag from /home/airflow/.local/lib/python3.12/site-packages/airflow/example_dags/example_branch_operator.py
[2024-09-28T03:47:50.219+0000] {processor.py:925} INFO - DAG(s) 'example_branch_operator' retrieved from /home/airflow/.local/lib/python3.12/site-packages/airflow/example_dags/example_branch_operator.py
[2024-09-28T03:47:50.254+0000] {logging_mixin.py:190} INFO - [2024-09-28T03:47:50.254+0000] {dag.py:3239} INFO - Sync 1 DAGs
[2024-09-28T03:47:50.287+0000] {logging_mixin.py:190} INFO - [2024-09-28T03:47:50.286+0000] {dag.py:4180} INFO - Setting next_dagrun for example_branch_operator to 2024-09-27 00:00:00+00:00, run_after=2024-09-28 00:00:00+00:00
[2024-09-28T03:47:50.315+0000] {processor.py:208} INFO - Processing /home/airflow/.local/lib/python3.12/site-packages/airflow/example_dags/example_branch_operator.py took 0.130 seconds
[2024-09-28T03:48:20.495+0000] {processor.py:186} INFO - Started process (PID=1288) to work on /home/airflow/.local/lib/python3.12/site-packages/airflow/example_dags/example_branch_operator.py
[2024-09-28T03:48:20.497+0000] {processor.py:914} INFO - Processing file /home/airflow/.local/lib/python3.12/site-packages/airflow/example_dags/example_branch_operator.py for tasks to queue
[2024-09-28T03:48:20.499+0000] {logging_mixin.py:190} INFO - [2024-09-28T03:48:20.499+0000] {dagbag.py:588} INFO - Filling up the DagBag from /home/airflow/.local/lib/python3.12/site-packages/airflow/example_dags/example_branch_operator.py
[2024-09-28T03:48:20.519+0000] {processor.py:925} INFO - DAG(s) 'example_branch_operator' retrieved from /home/airflow/.local/lib/python3.12/site-packages/airflow/example_dags/example_branch_operator.py
[2024-09-28T03:48:20.552+0000] {logging_mixin.py:190} INFO - [2024-09-28T03:48:20.551+0000] {dag.py:3239} INFO - Sync 1 DAGs
[2024-09-28T03:48:20.580+0000] {logging_mixin.py:190} INFO - [2024-09-28T03:48:20.580+0000] {dag.py:4180} INFO - Setting next_dagrun for example_branch_operator to 2024-09-27 00:00:00+00:00, run_after=2024-09-28 00:00:00+00:00
[2024-09-28T03:48:20.607+0000] {processor.py:208} INFO - Processing /home/airflow/.local/lib/python3.12/site-packages/airflow/example_dags/example_branch_operator.py took 0.117 seconds
[2024-09-28T03:48:51.769+0000] {processor.py:186} INFO - Started process (PID=1362) to work on /home/airflow/.local/lib/python3.12/site-packages/airflow/example_dags/example_branch_operator.py
[2024-09-28T03:48:51.771+0000] {processor.py:914} INFO - Processing file /home/airflow/.local/lib/python3.12/site-packages/airflow/example_dags/example_branch_operator.py for tasks to queue
[2024-09-28T03:48:51.775+0000] {logging_mixin.py:190} INFO - [2024-09-28T03:48:51.774+0000] {dagbag.py:588} INFO - Filling up the DagBag from /home/airflow/.local/lib/python3.12/site-packages/airflow/example_dags/example_branch_operator.py
[2024-09-28T03:48:51.806+0000] {processor.py:925} INFO - DAG(s) 'example_branch_operator' retrieved from /home/airflow/.local/lib/python3.12/site-packages/airflow/example_dags/example_branch_operator.py
[2024-09-28T03:48:51.865+0000] {logging_mixin.py:190} INFO - [2024-09-28T03:48:51.865+0000] {dag.py:3239} INFO - Sync 1 DAGs
[2024-09-28T03:48:51.923+0000] {logging_mixin.py:190} INFO - [2024-09-28T03:48:51.922+0000] {dag.py:4180} INFO - Setting next_dagrun for example_branch_operator to 2024-09-27 00:00:00+00:00, run_after=2024-09-28 00:00:00+00:00
[2024-09-28T03:48:51.959+0000] {processor.py:208} INFO - Processing /home/airflow/.local/lib/python3.12/site-packages/airflow/example_dags/example_branch_operator.py took 0.196 seconds
[2024-09-28T03:49:22.188+0000] {processor.py:186} INFO - Started process (PID=1436) to work on /home/airflow/.local/lib/python3.12/site-packages/airflow/example_dags/example_branch_operator.py
[2024-09-28T03:49:22.274+0000] {processor.py:914} INFO - Processing file /home/airflow/.local/lib/python3.12/site-packages/airflow/example_dags/example_branch_operator.py for tasks to queue
[2024-09-28T03:49:22.277+0000] {logging_mixin.py:190} INFO - [2024-09-28T03:49:22.277+0000] {dagbag.py:588} INFO - Filling up the DagBag from /home/airflow/.local/lib/python3.12/site-packages/airflow/example_dags/example_branch_operator.py
[2024-09-28T03:49:22.293+0000] {processor.py:925} INFO - DAG(s) 'example_branch_operator' retrieved from /home/airflow/.local/lib/python3.12/site-packages/airflow/example_dags/example_branch_operator.py
[2024-09-28T03:49:22.321+0000] {logging_mixin.py:190} INFO - [2024-09-28T03:49:22.320+0000] {dag.py:3239} INFO - Sync 1 DAGs
[2024-09-28T03:49:22.344+0000] {logging_mixin.py:190} INFO - [2024-09-28T03:49:22.343+0000] {dag.py:4180} INFO - Setting next_dagrun for example_branch_operator to 2024-09-27 00:00:00+00:00, run_after=2024-09-28 00:00:00+00:00
[2024-09-28T03:49:22.415+0000] {processor.py:208} INFO - Processing /home/airflow/.local/lib/python3.12/site-packages/airflow/example_dags/example_branch_operator.py took 0.233 seconds
[2024-09-28T03:49:53.304+0000] {processor.py:186} INFO - Started process (PID=1510) to work on /home/airflow/.local/lib/python3.12/site-packages/airflow/example_dags/example_branch_operator.py
[2024-09-28T03:49:53.305+0000] {processor.py:914} INFO - Processing file /home/airflow/.local/lib/python3.12/site-packages/airflow/example_dags/example_branch_operator.py for tasks to queue
[2024-09-28T03:49:53.308+0000] {logging_mixin.py:190} INFO - [2024-09-28T03:49:53.308+0000] {dagbag.py:588} INFO - Filling up the DagBag from /home/airflow/.local/lib/python3.12/site-packages/airflow/example_dags/example_branch_operator.py
[2024-09-28T03:49:53.328+0000] {processor.py:925} INFO - DAG(s) 'example_branch_operator' retrieved from /home/airflow/.local/lib/python3.12/site-packages/airflow/example_dags/example_branch_operator.py
[2024-09-28T03:49:53.361+0000] {logging_mixin.py:190} INFO - [2024-09-28T03:49:53.361+0000] {dag.py:3239} INFO - Sync 1 DAGs
[2024-09-28T03:49:53.393+0000] {logging_mixin.py:190} INFO - [2024-09-28T03:49:53.393+0000] {dag.py:4180} INFO - Setting next_dagrun for example_branch_operator to 2024-09-27 00:00:00+00:00, run_after=2024-09-28 00:00:00+00:00
[2024-09-28T03:49:53.425+0000] {processor.py:208} INFO - Processing /home/airflow/.local/lib/python3.12/site-packages/airflow/example_dags/example_branch_operator.py took 0.127 seconds
[2024-09-28T03:50:23.622+0000] {processor.py:186} INFO - Started process (PID=1584) to work on /home/airflow/.local/lib/python3.12/site-packages/airflow/example_dags/example_branch_operator.py
[2024-09-28T03:50:23.623+0000] {processor.py:914} INFO - Processing file /home/airflow/.local/lib/python3.12/site-packages/airflow/example_dags/example_branch_operator.py for tasks to queue
[2024-09-28T03:50:23.626+0000] {logging_mixin.py:190} INFO - [2024-09-28T03:50:23.625+0000] {dagbag.py:588} INFO - Filling up the DagBag from /home/airflow/.local/lib/python3.12/site-packages/airflow/example_dags/example_branch_operator.py
[2024-09-28T03:50:23.642+0000] {processor.py:925} INFO - DAG(s) 'example_branch_operator' retrieved from /home/airflow/.local/lib/python3.12/site-packages/airflow/example_dags/example_branch_operator.py
[2024-09-28T03:50:23.669+0000] {logging_mixin.py:190} INFO - [2024-09-28T03:50:23.669+0000] {dag.py:3239} INFO - Sync 1 DAGs
[2024-09-28T03:50:23.692+0000] {logging_mixin.py:190} INFO - [2024-09-28T03:50:23.692+0000] {dag.py:4180} INFO - Setting next_dagrun for example_branch_operator to 2024-09-27 00:00:00+00:00, run_after=2024-09-28 00:00:00+00:00
[2024-09-28T03:50:23.718+0000] {processor.py:208} INFO - Processing /home/airflow/.local/lib/python3.12/site-packages/airflow/example_dags/example_branch_operator.py took 0.100 seconds
[2024-09-28T03:53:35.706+0000] {processor.py:186} INFO - Started process (PID=101) to work on /home/airflow/.local/lib/python3.12/site-packages/airflow/example_dags/example_branch_operator.py
[2024-09-28T03:53:35.708+0000] {processor.py:914} INFO - Processing file /home/airflow/.local/lib/python3.12/site-packages/airflow/example_dags/example_branch_operator.py for tasks to queue
[2024-09-28T03:53:35.710+0000] {logging_mixin.py:190} INFO - [2024-09-28T03:53:35.710+0000] {dagbag.py:588} INFO - Filling up the DagBag from /home/airflow/.local/lib/python3.12/site-packages/airflow/example_dags/example_branch_operator.py
[2024-09-28T03:53:35.732+0000] {processor.py:925} INFO - DAG(s) 'example_branch_operator' retrieved from /home/airflow/.local/lib/python3.12/site-packages/airflow/example_dags/example_branch_operator.py
[2024-09-28T03:53:35.882+0000] {logging_mixin.py:190} INFO - [2024-09-28T03:53:35.881+0000] {dag.py:3239} INFO - Sync 1 DAGs
[2024-09-28T03:53:35.915+0000] {logging_mixin.py:190} INFO - [2024-09-28T03:53:35.915+0000] {dag.py:4180} INFO - Setting next_dagrun for example_branch_operator to 2024-09-27 00:00:00+00:00, run_after=2024-09-28 00:00:00+00:00
[2024-09-28T03:53:35.949+0000] {processor.py:208} INFO - Processing /home/airflow/.local/lib/python3.12/site-packages/airflow/example_dags/example_branch_operator.py took 0.248 seconds
[2024-09-28T03:54:06.562+0000] {processor.py:186} INFO - Started process (PID=176) to work on /home/airflow/.local/lib/python3.12/site-packages/airflow/example_dags/example_branch_operator.py
[2024-09-28T03:54:06.564+0000] {processor.py:914} INFO - Processing file /home/airflow/.local/lib/python3.12/site-packages/airflow/example_dags/example_branch_operator.py for tasks to queue
[2024-09-28T03:54:06.569+0000] {logging_mixin.py:190} INFO - [2024-09-28T03:54:06.568+0000] {dagbag.py:588} INFO - Filling up the DagBag from /home/airflow/.local/lib/python3.12/site-packages/airflow/example_dags/example_branch_operator.py
[2024-09-28T03:54:06.619+0000] {processor.py:925} INFO - DAG(s) 'example_branch_operator' retrieved from /home/airflow/.local/lib/python3.12/site-packages/airflow/example_dags/example_branch_operator.py
[2024-09-28T03:54:06.676+0000] {logging_mixin.py:190} INFO - [2024-09-28T03:54:06.676+0000] {dag.py:3239} INFO - Sync 1 DAGs
[2024-09-28T03:54:06.721+0000] {logging_mixin.py:190} INFO - [2024-09-28T03:54:06.721+0000] {dag.py:4180} INFO - Setting next_dagrun for example_branch_operator to 2024-09-27 00:00:00+00:00, run_after=2024-09-28 00:00:00+00:00
[2024-09-28T03:54:06.764+0000] {processor.py:208} INFO - Processing /home/airflow/.local/lib/python3.12/site-packages/airflow/example_dags/example_branch_operator.py took 0.220 seconds
[2024-09-28T03:54:37.191+0000] {processor.py:186} INFO - Started process (PID=250) to work on /home/airflow/.local/lib/python3.12/site-packages/airflow/example_dags/example_branch_operator.py
[2024-09-28T03:54:37.193+0000] {processor.py:914} INFO - Processing file /home/airflow/.local/lib/python3.12/site-packages/airflow/example_dags/example_branch_operator.py for tasks to queue
[2024-09-28T03:54:37.195+0000] {logging_mixin.py:190} INFO - [2024-09-28T03:54:37.195+0000] {dagbag.py:588} INFO - Filling up the DagBag from /home/airflow/.local/lib/python3.12/site-packages/airflow/example_dags/example_branch_operator.py
[2024-09-28T03:54:37.211+0000] {processor.py:925} INFO - DAG(s) 'example_branch_operator' retrieved from /home/airflow/.local/lib/python3.12/site-packages/airflow/example_dags/example_branch_operator.py
[2024-09-28T03:54:37.238+0000] {logging_mixin.py:190} INFO - [2024-09-28T03:54:37.237+0000] {dag.py:3239} INFO - Sync 1 DAGs
[2024-09-28T03:54:37.262+0000] {logging_mixin.py:190} INFO - [2024-09-28T03:54:37.261+0000] {dag.py:4180} INFO - Setting next_dagrun for example_branch_operator to 2024-09-27 00:00:00+00:00, run_after=2024-09-28 00:00:00+00:00
[2024-09-28T03:54:37.285+0000] {processor.py:208} INFO - Processing /home/airflow/.local/lib/python3.12/site-packages/airflow/example_dags/example_branch_operator.py took 0.099 seconds
[2024-09-28T03:55:08.077+0000] {processor.py:186} INFO - Started process (PID=324) to work on /home/airflow/.local/lib/python3.12/site-packages/airflow/example_dags/example_branch_operator.py
[2024-09-28T03:55:08.078+0000] {processor.py:914} INFO - Processing file /home/airflow/.local/lib/python3.12/site-packages/airflow/example_dags/example_branch_operator.py for tasks to queue
[2024-09-28T03:55:08.081+0000] {logging_mixin.py:190} INFO - [2024-09-28T03:55:08.080+0000] {dagbag.py:588} INFO - Filling up the DagBag from /home/airflow/.local/lib/python3.12/site-packages/airflow/example_dags/example_branch_operator.py
[2024-09-28T03:55:08.102+0000] {processor.py:925} INFO - DAG(s) 'example_branch_operator' retrieved from /home/airflow/.local/lib/python3.12/site-packages/airflow/example_dags/example_branch_operator.py
[2024-09-28T03:55:08.139+0000] {logging_mixin.py:190} INFO - [2024-09-28T03:55:08.138+0000] {dag.py:3239} INFO - Sync 1 DAGs
[2024-09-28T03:55:08.170+0000] {logging_mixin.py:190} INFO - [2024-09-28T03:55:08.170+0000] {dag.py:4180} INFO - Setting next_dagrun for example_branch_operator to 2024-09-27 00:00:00+00:00, run_after=2024-09-28 00:00:00+00:00
[2024-09-28T03:55:08.199+0000] {processor.py:208} INFO - Processing /home/airflow/.local/lib/python3.12/site-packages/airflow/example_dags/example_branch_operator.py took 0.129 seconds
[2024-09-28T03:55:38.886+0000] {processor.py:186} INFO - Started process (PID=411) to work on /home/airflow/.local/lib/python3.12/site-packages/airflow/example_dags/example_branch_operator.py
[2024-09-28T03:55:38.887+0000] {processor.py:914} INFO - Processing file /home/airflow/.local/lib/python3.12/site-packages/airflow/example_dags/example_branch_operator.py for tasks to queue
[2024-09-28T03:55:38.890+0000] {logging_mixin.py:190} INFO - [2024-09-28T03:55:38.889+0000] {dagbag.py:588} INFO - Filling up the DagBag from /home/airflow/.local/lib/python3.12/site-packages/airflow/example_dags/example_branch_operator.py
[2024-09-28T03:55:38.904+0000] {processor.py:925} INFO - DAG(s) 'example_branch_operator' retrieved from /home/airflow/.local/lib/python3.12/site-packages/airflow/example_dags/example_branch_operator.py
[2024-09-28T03:55:38.932+0000] {logging_mixin.py:190} INFO - [2024-09-28T03:55:38.932+0000] {dag.py:3239} INFO - Sync 1 DAGs
[2024-09-28T03:55:38.956+0000] {logging_mixin.py:190} INFO - [2024-09-28T03:55:38.956+0000] {dag.py:4180} INFO - Setting next_dagrun for example_branch_operator to 2024-09-27 00:00:00+00:00, run_after=2024-09-28 00:00:00+00:00
[2024-09-28T03:55:38.977+0000] {processor.py:208} INFO - Processing /home/airflow/.local/lib/python3.12/site-packages/airflow/example_dags/example_branch_operator.py took 0.096 seconds
[2024-09-28T03:56:09.726+0000] {processor.py:186} INFO - Started process (PID=595) to work on /home/airflow/.local/lib/python3.12/site-packages/airflow/example_dags/example_branch_operator.py
[2024-09-28T03:56:09.727+0000] {processor.py:914} INFO - Processing file /home/airflow/.local/lib/python3.12/site-packages/airflow/example_dags/example_branch_operator.py for tasks to queue
[2024-09-28T03:56:09.730+0000] {logging_mixin.py:190} INFO - [2024-09-28T03:56:09.729+0000] {dagbag.py:588} INFO - Filling up the DagBag from /home/airflow/.local/lib/python3.12/site-packages/airflow/example_dags/example_branch_operator.py
[2024-09-28T03:56:09.751+0000] {processor.py:925} INFO - DAG(s) 'example_branch_operator' retrieved from /home/airflow/.local/lib/python3.12/site-packages/airflow/example_dags/example_branch_operator.py
[2024-09-28T03:56:09.788+0000] {logging_mixin.py:190} INFO - [2024-09-28T03:56:09.788+0000] {dag.py:3239} INFO - Sync 1 DAGs
[2024-09-28T03:56:09.817+0000] {logging_mixin.py:190} INFO - [2024-09-28T03:56:09.816+0000] {dag.py:4180} INFO - Setting next_dagrun for example_branch_operator to 2024-09-27 00:00:00+00:00, run_after=2024-09-28 00:00:00+00:00
[2024-09-28T03:56:09.844+0000] {processor.py:208} INFO - Processing /home/airflow/.local/lib/python3.12/site-packages/airflow/example_dags/example_branch_operator.py took 0.124 seconds
[2024-09-28T03:56:40.764+0000] {processor.py:186} INFO - Started process (PID=660) to work on /home/airflow/.local/lib/python3.12/site-packages/airflow/example_dags/example_branch_operator.py
[2024-09-28T03:56:40.765+0000] {processor.py:914} INFO - Processing file /home/airflow/.local/lib/python3.12/site-packages/airflow/example_dags/example_branch_operator.py for tasks to queue
[2024-09-28T03:56:40.768+0000] {logging_mixin.py:190} INFO - [2024-09-28T03:56:40.767+0000] {dagbag.py:588} INFO - Filling up the DagBag from /home/airflow/.local/lib/python3.12/site-packages/airflow/example_dags/example_branch_operator.py
[2024-09-28T03:56:40.787+0000] {processor.py:925} INFO - DAG(s) 'example_branch_operator' retrieved from /home/airflow/.local/lib/python3.12/site-packages/airflow/example_dags/example_branch_operator.py
[2024-09-28T03:56:40.824+0000] {logging_mixin.py:190} INFO - [2024-09-28T03:56:40.824+0000] {dag.py:3239} INFO - Sync 1 DAGs
[2024-09-28T03:56:40.855+0000] {logging_mixin.py:190} INFO - [2024-09-28T03:56:40.855+0000] {dag.py:4180} INFO - Setting next_dagrun for example_branch_operator to 2024-09-27 00:00:00+00:00, run_after=2024-09-28 00:00:00+00:00
[2024-09-28T03:56:40.884+0000] {processor.py:208} INFO - Processing /home/airflow/.local/lib/python3.12/site-packages/airflow/example_dags/example_branch_operator.py took 0.126 seconds
[2024-09-28T04:03:08.132+0000] {processor.py:186} INFO - Started process (PID=91) to work on /home/airflow/.local/lib/python3.12/site-packages/airflow/example_dags/example_branch_operator.py
[2024-09-28T04:03:08.133+0000] {processor.py:914} INFO - Processing file /home/airflow/.local/lib/python3.12/site-packages/airflow/example_dags/example_branch_operator.py for tasks to queue
[2024-09-28T04:03:08.136+0000] {logging_mixin.py:190} INFO - [2024-09-28T04:03:08.135+0000] {dagbag.py:588} INFO - Filling up the DagBag from /home/airflow/.local/lib/python3.12/site-packages/airflow/example_dags/example_branch_operator.py
[2024-09-28T04:03:08.154+0000] {processor.py:925} INFO - DAG(s) 'example_branch_operator' retrieved from /home/airflow/.local/lib/python3.12/site-packages/airflow/example_dags/example_branch_operator.py
[2024-09-28T04:03:08.307+0000] {logging_mixin.py:190} INFO - [2024-09-28T04:03:08.306+0000] {dag.py:3239} INFO - Sync 1 DAGs
[2024-09-28T04:03:08.337+0000] {logging_mixin.py:190} INFO - [2024-09-28T04:03:08.336+0000] {dag.py:4180} INFO - Setting next_dagrun for example_branch_operator to 2024-09-27 00:00:00+00:00, run_after=2024-09-28 00:00:00+00:00
[2024-09-28T04:03:08.372+0000] {processor.py:208} INFO - Processing /home/airflow/.local/lib/python3.12/site-packages/airflow/example_dags/example_branch_operator.py took 0.246 seconds
[2024-09-28T04:03:38.864+0000] {processor.py:186} INFO - Started process (PID=154) to work on /home/airflow/.local/lib/python3.12/site-packages/airflow/example_dags/example_branch_operator.py
[2024-09-28T04:03:38.866+0000] {processor.py:914} INFO - Processing file /home/airflow/.local/lib/python3.12/site-packages/airflow/example_dags/example_branch_operator.py for tasks to queue
[2024-09-28T04:03:38.870+0000] {logging_mixin.py:190} INFO - [2024-09-28T04:03:38.870+0000] {dagbag.py:588} INFO - Filling up the DagBag from /home/airflow/.local/lib/python3.12/site-packages/airflow/example_dags/example_branch_operator.py
[2024-09-28T04:03:38.900+0000] {processor.py:925} INFO - DAG(s) 'example_branch_operator' retrieved from /home/airflow/.local/lib/python3.12/site-packages/airflow/example_dags/example_branch_operator.py
[2024-09-28T04:03:38.941+0000] {logging_mixin.py:190} INFO - [2024-09-28T04:03:38.941+0000] {dag.py:3239} INFO - Sync 1 DAGs
[2024-09-28T04:03:38.972+0000] {logging_mixin.py:190} INFO - [2024-09-28T04:03:38.972+0000] {dag.py:4180} INFO - Setting next_dagrun for example_branch_operator to 2024-09-27 00:00:00+00:00, run_after=2024-09-28 00:00:00+00:00
[2024-09-28T04:03:38.996+0000] {processor.py:208} INFO - Processing /home/airflow/.local/lib/python3.12/site-packages/airflow/example_dags/example_branch_operator.py took 0.140 seconds
[2024-09-28T04:04:10.522+0000] {processor.py:186} INFO - Started process (PID=217) to work on /home/airflow/.local/lib/python3.12/site-packages/airflow/example_dags/example_branch_operator.py
[2024-09-28T04:04:10.525+0000] {processor.py:914} INFO - Processing file /home/airflow/.local/lib/python3.12/site-packages/airflow/example_dags/example_branch_operator.py for tasks to queue
[2024-09-28T04:04:10.527+0000] {logging_mixin.py:190} INFO - [2024-09-28T04:04:10.527+0000] {dagbag.py:588} INFO - Filling up the DagBag from /home/airflow/.local/lib/python3.12/site-packages/airflow/example_dags/example_branch_operator.py
[2024-09-28T04:04:10.544+0000] {processor.py:925} INFO - DAG(s) 'example_branch_operator' retrieved from /home/airflow/.local/lib/python3.12/site-packages/airflow/example_dags/example_branch_operator.py
[2024-09-28T04:04:10.574+0000] {logging_mixin.py:190} INFO - [2024-09-28T04:04:10.574+0000] {dag.py:3239} INFO - Sync 1 DAGs
[2024-09-28T04:04:10.599+0000] {logging_mixin.py:190} INFO - [2024-09-28T04:04:10.599+0000] {dag.py:4180} INFO - Setting next_dagrun for example_branch_operator to 2024-09-27 00:00:00+00:00, run_after=2024-09-28 00:00:00+00:00
[2024-09-28T04:04:10.625+0000] {processor.py:208} INFO - Processing /home/airflow/.local/lib/python3.12/site-packages/airflow/example_dags/example_branch_operator.py took 0.109 seconds
[2024-09-28T04:04:40.774+0000] {processor.py:186} INFO - Started process (PID=280) to work on /home/airflow/.local/lib/python3.12/site-packages/airflow/example_dags/example_branch_operator.py
[2024-09-28T04:04:40.775+0000] {processor.py:914} INFO - Processing file /home/airflow/.local/lib/python3.12/site-packages/airflow/example_dags/example_branch_operator.py for tasks to queue
[2024-09-28T04:04:40.778+0000] {logging_mixin.py:190} INFO - [2024-09-28T04:04:40.778+0000] {dagbag.py:588} INFO - Filling up the DagBag from /home/airflow/.local/lib/python3.12/site-packages/airflow/example_dags/example_branch_operator.py
[2024-09-28T04:04:40.803+0000] {processor.py:925} INFO - DAG(s) 'example_branch_operator' retrieved from /home/airflow/.local/lib/python3.12/site-packages/airflow/example_dags/example_branch_operator.py
[2024-09-28T04:04:40.834+0000] {logging_mixin.py:190} INFO - [2024-09-28T04:04:40.833+0000] {dag.py:3239} INFO - Sync 1 DAGs
[2024-09-28T04:04:40.860+0000] {logging_mixin.py:190} INFO - [2024-09-28T04:04:40.859+0000] {dag.py:4180} INFO - Setting next_dagrun for example_branch_operator to 2024-09-27 00:00:00+00:00, run_after=2024-09-28 00:00:00+00:00
[2024-09-28T04:04:40.884+0000] {processor.py:208} INFO - Processing /home/airflow/.local/lib/python3.12/site-packages/airflow/example_dags/example_branch_operator.py took 0.116 seconds
[2024-09-28T04:05:11.218+0000] {processor.py:186} INFO - Started process (PID=366) to work on /home/airflow/.local/lib/python3.12/site-packages/airflow/example_dags/example_branch_operator.py
[2024-09-28T04:05:11.219+0000] {processor.py:914} INFO - Processing file /home/airflow/.local/lib/python3.12/site-packages/airflow/example_dags/example_branch_operator.py for tasks to queue
[2024-09-28T04:05:11.222+0000] {logging_mixin.py:190} INFO - [2024-09-28T04:05:11.221+0000] {dagbag.py:588} INFO - Filling up the DagBag from /home/airflow/.local/lib/python3.12/site-packages/airflow/example_dags/example_branch_operator.py
[2024-09-28T04:05:11.237+0000] {processor.py:925} INFO - DAG(s) 'example_branch_operator' retrieved from /home/airflow/.local/lib/python3.12/site-packages/airflow/example_dags/example_branch_operator.py
[2024-09-28T04:05:11.263+0000] {logging_mixin.py:190} INFO - [2024-09-28T04:05:11.262+0000] {dag.py:3239} INFO - Sync 1 DAGs
[2024-09-28T04:05:11.290+0000] {logging_mixin.py:190} INFO - [2024-09-28T04:05:11.290+0000] {dag.py:4180} INFO - Setting next_dagrun for example_branch_operator to 2024-09-27 00:00:00+00:00, run_after=2024-09-28 00:00:00+00:00
[2024-09-28T04:05:11.313+0000] {processor.py:208} INFO - Processing /home/airflow/.local/lib/python3.12/site-packages/airflow/example_dags/example_branch_operator.py took 0.103 seconds
[2024-09-28T04:05:52.281+0000] {processor.py:186} INFO - Started process (PID=89) to work on /home/airflow/.local/lib/python3.12/site-packages/airflow/example_dags/example_branch_operator.py
[2024-09-28T04:05:52.282+0000] {processor.py:914} INFO - Processing file /home/airflow/.local/lib/python3.12/site-packages/airflow/example_dags/example_branch_operator.py for tasks to queue
[2024-09-28T04:05:52.286+0000] {logging_mixin.py:190} INFO - [2024-09-28T04:05:52.285+0000] {dagbag.py:588} INFO - Filling up the DagBag from /home/airflow/.local/lib/python3.12/site-packages/airflow/example_dags/example_branch_operator.py
[2024-09-28T04:05:52.313+0000] {processor.py:925} INFO - DAG(s) 'example_branch_operator' retrieved from /home/airflow/.local/lib/python3.12/site-packages/airflow/example_dags/example_branch_operator.py
[2024-09-28T04:05:52.523+0000] {logging_mixin.py:190} INFO - [2024-09-28T04:05:52.523+0000] {dag.py:3239} INFO - Sync 1 DAGs
[2024-09-28T04:05:52.557+0000] {logging_mixin.py:190} INFO - [2024-09-28T04:05:52.557+0000] {dag.py:4180} INFO - Setting next_dagrun for example_branch_operator to 2024-09-27 00:00:00+00:00, run_after=2024-09-28 00:00:00+00:00
[2024-09-28T04:05:52.592+0000] {processor.py:208} INFO - Processing /home/airflow/.local/lib/python3.12/site-packages/airflow/example_dags/example_branch_operator.py took 0.320 seconds
[2024-09-28T04:06:23.499+0000] {processor.py:186} INFO - Started process (PID=169) to work on /home/airflow/.local/lib/python3.12/site-packages/airflow/example_dags/example_branch_operator.py
[2024-09-28T04:06:23.501+0000] {processor.py:914} INFO - Processing file /home/airflow/.local/lib/python3.12/site-packages/airflow/example_dags/example_branch_operator.py for tasks to queue
[2024-09-28T04:06:23.504+0000] {logging_mixin.py:190} INFO - [2024-09-28T04:06:23.503+0000] {dagbag.py:588} INFO - Filling up the DagBag from /home/airflow/.local/lib/python3.12/site-packages/airflow/example_dags/example_branch_operator.py
[2024-09-28T04:06:23.521+0000] {processor.py:925} INFO - DAG(s) 'example_branch_operator' retrieved from /home/airflow/.local/lib/python3.12/site-packages/airflow/example_dags/example_branch_operator.py
[2024-09-28T04:06:23.562+0000] {logging_mixin.py:190} INFO - [2024-09-28T04:06:23.561+0000] {dag.py:3239} INFO - Sync 1 DAGs
[2024-09-28T04:06:23.594+0000] {logging_mixin.py:190} INFO - [2024-09-28T04:06:23.593+0000] {dag.py:4180} INFO - Setting next_dagrun for example_branch_operator to 2024-09-27 00:00:00+00:00, run_after=2024-09-28 00:00:00+00:00
[2024-09-28T04:06:23.625+0000] {processor.py:208} INFO - Processing /home/airflow/.local/lib/python3.12/site-packages/airflow/example_dags/example_branch_operator.py took 0.131 seconds
[2024-09-28T04:06:53.984+0000] {processor.py:186} INFO - Started process (PID=243) to work on /home/airflow/.local/lib/python3.12/site-packages/airflow/example_dags/example_branch_operator.py
[2024-09-28T04:06:53.986+0000] {processor.py:914} INFO - Processing file /home/airflow/.local/lib/python3.12/site-packages/airflow/example_dags/example_branch_operator.py for tasks to queue
[2024-09-28T04:06:53.989+0000] {logging_mixin.py:190} INFO - [2024-09-28T04:06:53.988+0000] {dagbag.py:588} INFO - Filling up the DagBag from /home/airflow/.local/lib/python3.12/site-packages/airflow/example_dags/example_branch_operator.py
[2024-09-28T04:06:54.014+0000] {processor.py:925} INFO - DAG(s) 'example_branch_operator' retrieved from /home/airflow/.local/lib/python3.12/site-packages/airflow/example_dags/example_branch_operator.py
[2024-09-28T04:06:54.057+0000] {logging_mixin.py:190} INFO - [2024-09-28T04:06:54.056+0000] {dag.py:3239} INFO - Sync 1 DAGs
[2024-09-28T04:06:54.095+0000] {logging_mixin.py:190} INFO - [2024-09-28T04:06:54.094+0000] {dag.py:4180} INFO - Setting next_dagrun for example_branch_operator to 2024-09-27 00:00:00+00:00, run_after=2024-09-28 00:00:00+00:00
[2024-09-28T04:06:54.133+0000] {processor.py:208} INFO - Processing /home/airflow/.local/lib/python3.12/site-packages/airflow/example_dags/example_branch_operator.py took 0.155 seconds
[2024-09-28T04:07:25.093+0000] {processor.py:186} INFO - Started process (PID=317) to work on /home/airflow/.local/lib/python3.12/site-packages/airflow/example_dags/example_branch_operator.py
[2024-09-28T04:07:25.094+0000] {processor.py:914} INFO - Processing file /home/airflow/.local/lib/python3.12/site-packages/airflow/example_dags/example_branch_operator.py for tasks to queue
[2024-09-28T04:07:25.097+0000] {logging_mixin.py:190} INFO - [2024-09-28T04:07:25.096+0000] {dagbag.py:588} INFO - Filling up the DagBag from /home/airflow/.local/lib/python3.12/site-packages/airflow/example_dags/example_branch_operator.py
[2024-09-28T04:07:25.113+0000] {processor.py:925} INFO - DAG(s) 'example_branch_operator' retrieved from /home/airflow/.local/lib/python3.12/site-packages/airflow/example_dags/example_branch_operator.py
[2024-09-28T04:07:25.140+0000] {logging_mixin.py:190} INFO - [2024-09-28T04:07:25.140+0000] {dag.py:3239} INFO - Sync 1 DAGs
[2024-09-28T04:07:25.165+0000] {logging_mixin.py:190} INFO - [2024-09-28T04:07:25.164+0000] {dag.py:4180} INFO - Setting next_dagrun for example_branch_operator to 2024-09-27 00:00:00+00:00, run_after=2024-09-28 00:00:00+00:00
[2024-09-28T04:07:25.190+0000] {processor.py:208} INFO - Processing /home/airflow/.local/lib/python3.12/site-packages/airflow/example_dags/example_branch_operator.py took 0.101 seconds
[2024-09-28T04:07:55.381+0000] {processor.py:186} INFO - Started process (PID=391) to work on /home/airflow/.local/lib/python3.12/site-packages/airflow/example_dags/example_branch_operator.py
[2024-09-28T04:07:55.383+0000] {processor.py:914} INFO - Processing file /home/airflow/.local/lib/python3.12/site-packages/airflow/example_dags/example_branch_operator.py for tasks to queue
[2024-09-28T04:07:55.385+0000] {logging_mixin.py:190} INFO - [2024-09-28T04:07:55.385+0000] {dagbag.py:588} INFO - Filling up the DagBag from /home/airflow/.local/lib/python3.12/site-packages/airflow/example_dags/example_branch_operator.py
[2024-09-28T04:07:55.403+0000] {processor.py:925} INFO - DAG(s) 'example_branch_operator' retrieved from /home/airflow/.local/lib/python3.12/site-packages/airflow/example_dags/example_branch_operator.py
[2024-09-28T04:07:55.437+0000] {logging_mixin.py:190} INFO - [2024-09-28T04:07:55.437+0000] {dag.py:3239} INFO - Sync 1 DAGs
[2024-09-28T04:07:55.465+0000] {logging_mixin.py:190} INFO - [2024-09-28T04:07:55.464+0000] {dag.py:4180} INFO - Setting next_dagrun for example_branch_operator to 2024-09-27 00:00:00+00:00, run_after=2024-09-28 00:00:00+00:00
[2024-09-28T04:07:55.488+0000] {processor.py:208} INFO - Processing /home/airflow/.local/lib/python3.12/site-packages/airflow/example_dags/example_branch_operator.py took 0.112 seconds
