[2024-09-28T02:18:54.227+0000] {processor.py:186} INFO - Started process (PID=68) to work on /home/airflow/.local/lib/python3.12/site-packages/airflow/example_dags/example_params_ui_tutorial.py
[2024-09-28T02:18:54.249+0000] {processor.py:914} INFO - Processing file /home/airflow/.local/lib/python3.12/site-packages/airflow/example_dags/example_params_ui_tutorial.py for tasks to queue
[2024-09-28T02:18:54.275+0000] {logging_mixin.py:190} INFO - [2024-09-28T02:18:54.274+0000] {dagbag.py:588} INFO - Filling up the DagBag from /home/airflow/.local/lib/python3.12/site-packages/airflow/example_dags/example_params_ui_tutorial.py
[2024-09-28T02:18:54.351+0000] {processor.py:925} INFO - DAG(s) 'example_params_ui_tutorial' retrieved from /home/airflow/.local/lib/python3.12/site-packages/airflow/example_dags/example_params_ui_tutorial.py
[2024-09-28T02:18:55.071+0000] {logging_mixin.py:190} INFO - [2024-09-28T02:18:55.071+0000] {dag.py:3239} INFO - Sync 1 DAGs
[2024-09-28T02:18:55.099+0000] {logging_mixin.py:190} INFO - [2024-09-28T02:18:55.099+0000] {dag.py:4180} INFO - Setting next_dagrun for example_params_ui_tutorial to None, run_after=None
[2024-09-28T02:18:55.151+0000] {processor.py:208} INFO - Processing /home/airflow/.local/lib/python3.12/site-packages/airflow/example_dags/example_params_ui_tutorial.py took 1.014 seconds
[2024-09-28T02:19:25.487+0000] {processor.py:186} INFO - Started process (PID=131) to work on /home/airflow/.local/lib/python3.12/site-packages/airflow/example_dags/example_params_ui_tutorial.py
[2024-09-28T02:19:25.510+0000] {processor.py:914} INFO - Processing file /home/airflow/.local/lib/python3.12/site-packages/airflow/example_dags/example_params_ui_tutorial.py for tasks to queue
[2024-09-28T02:19:25.513+0000] {logging_mixin.py:190} INFO - [2024-09-28T02:19:25.513+0000] {dagbag.py:588} INFO - Filling up the DagBag from /home/airflow/.local/lib/python3.12/site-packages/airflow/example_dags/example_params_ui_tutorial.py
[2024-09-28T02:19:25.529+0000] {processor.py:925} INFO - DAG(s) 'example_params_ui_tutorial' retrieved from /home/airflow/.local/lib/python3.12/site-packages/airflow/example_dags/example_params_ui_tutorial.py
[2024-09-28T02:19:26.457+0000] {logging_mixin.py:190} INFO - [2024-09-28T02:19:26.457+0000] {dag.py:3239} INFO - Sync 1 DAGs
[2024-09-28T02:19:26.507+0000] {logging_mixin.py:190} INFO - [2024-09-28T02:19:26.507+0000] {dag.py:4180} INFO - Setting next_dagrun for example_params_ui_tutorial to None, run_after=None
[2024-09-28T02:19:26.553+0000] {processor.py:208} INFO - Processing /home/airflow/.local/lib/python3.12/site-packages/airflow/example_dags/example_params_ui_tutorial.py took 1.070 seconds
[2024-09-28T02:19:57.454+0000] {processor.py:186} INFO - Started process (PID=194) to work on /home/airflow/.local/lib/python3.12/site-packages/airflow/example_dags/example_params_ui_tutorial.py
[2024-09-28T02:19:57.456+0000] {processor.py:914} INFO - Processing file /home/airflow/.local/lib/python3.12/site-packages/airflow/example_dags/example_params_ui_tutorial.py for tasks to queue
[2024-09-28T02:19:57.458+0000] {logging_mixin.py:190} INFO - [2024-09-28T02:19:57.458+0000] {dagbag.py:588} INFO - Filling up the DagBag from /home/airflow/.local/lib/python3.12/site-packages/airflow/example_dags/example_params_ui_tutorial.py
[2024-09-28T02:19:57.467+0000] {processor.py:925} INFO - DAG(s) 'example_params_ui_tutorial' retrieved from /home/airflow/.local/lib/python3.12/site-packages/airflow/example_dags/example_params_ui_tutorial.py
[2024-09-28T02:19:57.509+0000] {logging_mixin.py:190} INFO - [2024-09-28T02:19:57.509+0000] {dag.py:3239} INFO - Sync 1 DAGs
[2024-09-28T02:19:57.523+0000] {logging_mixin.py:190} INFO - [2024-09-28T02:19:57.523+0000] {dag.py:4180} INFO - Setting next_dagrun for example_params_ui_tutorial to None, run_after=None
[2024-09-28T02:19:57.548+0000] {processor.py:208} INFO - Processing /home/airflow/.local/lib/python3.12/site-packages/airflow/example_dags/example_params_ui_tutorial.py took 0.098 seconds
[2024-09-28T02:20:27.799+0000] {processor.py:186} INFO - Started process (PID=257) to work on /home/airflow/.local/lib/python3.12/site-packages/airflow/example_dags/example_params_ui_tutorial.py
[2024-09-28T02:20:27.800+0000] {processor.py:914} INFO - Processing file /home/airflow/.local/lib/python3.12/site-packages/airflow/example_dags/example_params_ui_tutorial.py for tasks to queue
[2024-09-28T02:20:27.803+0000] {logging_mixin.py:190} INFO - [2024-09-28T02:20:27.802+0000] {dagbag.py:588} INFO - Filling up the DagBag from /home/airflow/.local/lib/python3.12/site-packages/airflow/example_dags/example_params_ui_tutorial.py
[2024-09-28T02:20:27.813+0000] {processor.py:925} INFO - DAG(s) 'example_params_ui_tutorial' retrieved from /home/airflow/.local/lib/python3.12/site-packages/airflow/example_dags/example_params_ui_tutorial.py
[2024-09-28T02:20:27.874+0000] {logging_mixin.py:190} INFO - [2024-09-28T02:20:27.874+0000] {dag.py:3239} INFO - Sync 1 DAGs
[2024-09-28T02:20:27.896+0000] {logging_mixin.py:190} INFO - [2024-09-28T02:20:27.896+0000] {dag.py:4180} INFO - Setting next_dagrun for example_params_ui_tutorial to None, run_after=None
[2024-09-28T02:20:27.925+0000] {processor.py:208} INFO - Processing /home/airflow/.local/lib/python3.12/site-packages/airflow/example_dags/example_params_ui_tutorial.py took 0.139 seconds
[2024-09-28T02:20:58.580+0000] {processor.py:186} INFO - Started process (PID=320) to work on /home/airflow/.local/lib/python3.12/site-packages/airflow/example_dags/example_params_ui_tutorial.py
[2024-09-28T02:20:58.582+0000] {processor.py:914} INFO - Processing file /home/airflow/.local/lib/python3.12/site-packages/airflow/example_dags/example_params_ui_tutorial.py for tasks to queue
[2024-09-28T02:20:58.587+0000] {logging_mixin.py:190} INFO - [2024-09-28T02:20:58.586+0000] {dagbag.py:588} INFO - Filling up the DagBag from /home/airflow/.local/lib/python3.12/site-packages/airflow/example_dags/example_params_ui_tutorial.py
[2024-09-28T02:20:58.611+0000] {processor.py:925} INFO - DAG(s) 'example_params_ui_tutorial' retrieved from /home/airflow/.local/lib/python3.12/site-packages/airflow/example_dags/example_params_ui_tutorial.py
[2024-09-28T02:20:58.698+0000] {logging_mixin.py:190} INFO - [2024-09-28T02:20:58.698+0000] {dag.py:3239} INFO - Sync 1 DAGs
[2024-09-28T02:20:58.754+0000] {logging_mixin.py:190} INFO - [2024-09-28T02:20:58.753+0000] {dag.py:4180} INFO - Setting next_dagrun for example_params_ui_tutorial to None, run_after=None
[2024-09-28T02:20:58.798+0000] {processor.py:208} INFO - Processing /home/airflow/.local/lib/python3.12/site-packages/airflow/example_dags/example_params_ui_tutorial.py took 0.231 seconds
[2024-09-28T02:21:29.071+0000] {processor.py:186} INFO - Started process (PID=383) to work on /home/airflow/.local/lib/python3.12/site-packages/airflow/example_dags/example_params_ui_tutorial.py
[2024-09-28T02:21:29.073+0000] {processor.py:914} INFO - Processing file /home/airflow/.local/lib/python3.12/site-packages/airflow/example_dags/example_params_ui_tutorial.py for tasks to queue
[2024-09-28T02:21:29.075+0000] {logging_mixin.py:190} INFO - [2024-09-28T02:21:29.075+0000] {dagbag.py:588} INFO - Filling up the DagBag from /home/airflow/.local/lib/python3.12/site-packages/airflow/example_dags/example_params_ui_tutorial.py
[2024-09-28T02:21:29.084+0000] {processor.py:925} INFO - DAG(s) 'example_params_ui_tutorial' retrieved from /home/airflow/.local/lib/python3.12/site-packages/airflow/example_dags/example_params_ui_tutorial.py
[2024-09-28T02:21:29.139+0000] {logging_mixin.py:190} INFO - [2024-09-28T02:21:29.139+0000] {dag.py:3239} INFO - Sync 1 DAGs
[2024-09-28T02:21:29.159+0000] {logging_mixin.py:190} INFO - [2024-09-28T02:21:29.159+0000] {dag.py:4180} INFO - Setting next_dagrun for example_params_ui_tutorial to None, run_after=None
[2024-09-28T02:21:29.187+0000] {processor.py:208} INFO - Processing /home/airflow/.local/lib/python3.12/site-packages/airflow/example_dags/example_params_ui_tutorial.py took 0.121 seconds
[2024-09-28T02:21:59.503+0000] {processor.py:186} INFO - Started process (PID=446) to work on /home/airflow/.local/lib/python3.12/site-packages/airflow/example_dags/example_params_ui_tutorial.py
[2024-09-28T02:21:59.504+0000] {processor.py:914} INFO - Processing file /home/airflow/.local/lib/python3.12/site-packages/airflow/example_dags/example_params_ui_tutorial.py for tasks to queue
[2024-09-28T02:21:59.507+0000] {logging_mixin.py:190} INFO - [2024-09-28T02:21:59.506+0000] {dagbag.py:588} INFO - Filling up the DagBag from /home/airflow/.local/lib/python3.12/site-packages/airflow/example_dags/example_params_ui_tutorial.py
[2024-09-28T02:21:59.516+0000] {processor.py:925} INFO - DAG(s) 'example_params_ui_tutorial' retrieved from /home/airflow/.local/lib/python3.12/site-packages/airflow/example_dags/example_params_ui_tutorial.py
[2024-09-28T02:21:59.560+0000] {logging_mixin.py:190} INFO - [2024-09-28T02:21:59.560+0000] {dag.py:3239} INFO - Sync 1 DAGs
[2024-09-28T02:21:59.576+0000] {logging_mixin.py:190} INFO - [2024-09-28T02:21:59.576+0000] {dag.py:4180} INFO - Setting next_dagrun for example_params_ui_tutorial to None, run_after=None
[2024-09-28T02:21:59.599+0000] {processor.py:208} INFO - Processing /home/airflow/.local/lib/python3.12/site-packages/airflow/example_dags/example_params_ui_tutorial.py took 0.101 seconds
[2024-09-28T02:22:29.907+0000] {processor.py:186} INFO - Started process (PID=509) to work on /home/airflow/.local/lib/python3.12/site-packages/airflow/example_dags/example_params_ui_tutorial.py
[2024-09-28T02:22:29.909+0000] {processor.py:914} INFO - Processing file /home/airflow/.local/lib/python3.12/site-packages/airflow/example_dags/example_params_ui_tutorial.py for tasks to queue
[2024-09-28T02:22:29.911+0000] {logging_mixin.py:190} INFO - [2024-09-28T02:22:29.911+0000] {dagbag.py:588} INFO - Filling up the DagBag from /home/airflow/.local/lib/python3.12/site-packages/airflow/example_dags/example_params_ui_tutorial.py
[2024-09-28T02:22:29.919+0000] {processor.py:925} INFO - DAG(s) 'example_params_ui_tutorial' retrieved from /home/airflow/.local/lib/python3.12/site-packages/airflow/example_dags/example_params_ui_tutorial.py
[2024-09-28T02:22:29.958+0000] {logging_mixin.py:190} INFO - [2024-09-28T02:22:29.957+0000] {dag.py:3239} INFO - Sync 1 DAGs
[2024-09-28T02:22:29.972+0000] {logging_mixin.py:190} INFO - [2024-09-28T02:22:29.972+0000] {dag.py:4180} INFO - Setting next_dagrun for example_params_ui_tutorial to None, run_after=None
[2024-09-28T02:22:29.997+0000] {processor.py:208} INFO - Processing /home/airflow/.local/lib/python3.12/site-packages/airflow/example_dags/example_params_ui_tutorial.py took 0.094 seconds
[2024-09-28T02:23:00.070+0000] {processor.py:186} INFO - Started process (PID=573) to work on /home/airflow/.local/lib/python3.12/site-packages/airflow/example_dags/example_params_ui_tutorial.py
[2024-09-28T02:23:00.071+0000] {processor.py:914} INFO - Processing file /home/airflow/.local/lib/python3.12/site-packages/airflow/example_dags/example_params_ui_tutorial.py for tasks to queue
[2024-09-28T02:23:00.074+0000] {logging_mixin.py:190} INFO - [2024-09-28T02:23:00.073+0000] {dagbag.py:588} INFO - Filling up the DagBag from /home/airflow/.local/lib/python3.12/site-packages/airflow/example_dags/example_params_ui_tutorial.py
[2024-09-28T02:23:00.085+0000] {processor.py:925} INFO - DAG(s) 'example_params_ui_tutorial' retrieved from /home/airflow/.local/lib/python3.12/site-packages/airflow/example_dags/example_params_ui_tutorial.py
[2024-09-28T02:23:00.130+0000] {logging_mixin.py:190} INFO - [2024-09-28T02:23:00.130+0000] {dag.py:3239} INFO - Sync 1 DAGs
[2024-09-28T02:23:00.145+0000] {logging_mixin.py:190} INFO - [2024-09-28T02:23:00.144+0000] {dag.py:4180} INFO - Setting next_dagrun for example_params_ui_tutorial to None, run_after=None
[2024-09-28T02:23:00.168+0000] {processor.py:208} INFO - Processing /home/airflow/.local/lib/python3.12/site-packages/airflow/example_dags/example_params_ui_tutorial.py took 0.104 seconds
[2024-09-28T02:23:30.332+0000] {processor.py:186} INFO - Started process (PID=636) to work on /home/airflow/.local/lib/python3.12/site-packages/airflow/example_dags/example_params_ui_tutorial.py
[2024-09-28T02:23:30.333+0000] {processor.py:914} INFO - Processing file /home/airflow/.local/lib/python3.12/site-packages/airflow/example_dags/example_params_ui_tutorial.py for tasks to queue
[2024-09-28T02:23:30.336+0000] {logging_mixin.py:190} INFO - [2024-09-28T02:23:30.336+0000] {dagbag.py:588} INFO - Filling up the DagBag from /home/airflow/.local/lib/python3.12/site-packages/airflow/example_dags/example_params_ui_tutorial.py
[2024-09-28T02:23:30.344+0000] {processor.py:925} INFO - DAG(s) 'example_params_ui_tutorial' retrieved from /home/airflow/.local/lib/python3.12/site-packages/airflow/example_dags/example_params_ui_tutorial.py
[2024-09-28T02:23:30.385+0000] {logging_mixin.py:190} INFO - [2024-09-28T02:23:30.384+0000] {dag.py:3239} INFO - Sync 1 DAGs
[2024-09-28T02:23:30.398+0000] {logging_mixin.py:190} INFO - [2024-09-28T02:23:30.398+0000] {dag.py:4180} INFO - Setting next_dagrun for example_params_ui_tutorial to None, run_after=None
[2024-09-28T02:23:30.422+0000] {processor.py:208} INFO - Processing /home/airflow/.local/lib/python3.12/site-packages/airflow/example_dags/example_params_ui_tutorial.py took 0.095 seconds
[2024-09-28T02:24:01.176+0000] {processor.py:186} INFO - Started process (PID=699) to work on /home/airflow/.local/lib/python3.12/site-packages/airflow/example_dags/example_params_ui_tutorial.py
[2024-09-28T02:24:01.188+0000] {processor.py:914} INFO - Processing file /home/airflow/.local/lib/python3.12/site-packages/airflow/example_dags/example_params_ui_tutorial.py for tasks to queue
[2024-09-28T02:24:01.211+0000] {logging_mixin.py:190} INFO - [2024-09-28T02:24:01.210+0000] {dagbag.py:588} INFO - Filling up the DagBag from /home/airflow/.local/lib/python3.12/site-packages/airflow/example_dags/example_params_ui_tutorial.py
[2024-09-28T02:24:01.256+0000] {processor.py:925} INFO - DAG(s) 'example_params_ui_tutorial' retrieved from /home/airflow/.local/lib/python3.12/site-packages/airflow/example_dags/example_params_ui_tutorial.py
[2024-09-28T02:24:01.356+0000] {logging_mixin.py:190} INFO - [2024-09-28T02:24:01.356+0000] {dag.py:3239} INFO - Sync 1 DAGs
[2024-09-28T02:24:01.381+0000] {logging_mixin.py:190} INFO - [2024-09-28T02:24:01.380+0000] {dag.py:4180} INFO - Setting next_dagrun for example_params_ui_tutorial to None, run_after=None
[2024-09-28T02:24:01.424+0000] {processor.py:208} INFO - Processing /home/airflow/.local/lib/python3.12/site-packages/airflow/example_dags/example_params_ui_tutorial.py took 0.283 seconds
[2024-09-28T02:24:31.495+0000] {processor.py:186} INFO - Started process (PID=762) to work on /home/airflow/.local/lib/python3.12/site-packages/airflow/example_dags/example_params_ui_tutorial.py
[2024-09-28T02:24:31.497+0000] {processor.py:914} INFO - Processing file /home/airflow/.local/lib/python3.12/site-packages/airflow/example_dags/example_params_ui_tutorial.py for tasks to queue
[2024-09-28T02:24:31.500+0000] {logging_mixin.py:190} INFO - [2024-09-28T02:24:31.499+0000] {dagbag.py:588} INFO - Filling up the DagBag from /home/airflow/.local/lib/python3.12/site-packages/airflow/example_dags/example_params_ui_tutorial.py
[2024-09-28T02:24:31.517+0000] {processor.py:925} INFO - DAG(s) 'example_params_ui_tutorial' retrieved from /home/airflow/.local/lib/python3.12/site-packages/airflow/example_dags/example_params_ui_tutorial.py
[2024-09-28T02:24:31.565+0000] {logging_mixin.py:190} INFO - [2024-09-28T02:24:31.565+0000] {dag.py:3239} INFO - Sync 1 DAGs
[2024-09-28T02:24:31.580+0000] {logging_mixin.py:190} INFO - [2024-09-28T02:24:31.580+0000] {dag.py:4180} INFO - Setting next_dagrun for example_params_ui_tutorial to None, run_after=None
[2024-09-28T02:24:31.607+0000] {processor.py:208} INFO - Processing /home/airflow/.local/lib/python3.12/site-packages/airflow/example_dags/example_params_ui_tutorial.py took 0.117 seconds
[2024-09-28T02:25:02.169+0000] {processor.py:186} INFO - Started process (PID=825) to work on /home/airflow/.local/lib/python3.12/site-packages/airflow/example_dags/example_params_ui_tutorial.py
[2024-09-28T02:25:02.170+0000] {processor.py:914} INFO - Processing file /home/airflow/.local/lib/python3.12/site-packages/airflow/example_dags/example_params_ui_tutorial.py for tasks to queue
[2024-09-28T02:25:02.173+0000] {logging_mixin.py:190} INFO - [2024-09-28T02:25:02.172+0000] {dagbag.py:588} INFO - Filling up the DagBag from /home/airflow/.local/lib/python3.12/site-packages/airflow/example_dags/example_params_ui_tutorial.py
[2024-09-28T02:25:02.181+0000] {processor.py:925} INFO - DAG(s) 'example_params_ui_tutorial' retrieved from /home/airflow/.local/lib/python3.12/site-packages/airflow/example_dags/example_params_ui_tutorial.py
[2024-09-28T02:25:02.223+0000] {logging_mixin.py:190} INFO - [2024-09-28T02:25:02.222+0000] {dag.py:3239} INFO - Sync 1 DAGs
[2024-09-28T02:25:02.235+0000] {logging_mixin.py:190} INFO - [2024-09-28T02:25:02.235+0000] {dag.py:4180} INFO - Setting next_dagrun for example_params_ui_tutorial to None, run_after=None
[2024-09-28T02:25:02.260+0000] {processor.py:208} INFO - Processing /home/airflow/.local/lib/python3.12/site-packages/airflow/example_dags/example_params_ui_tutorial.py took 0.096 seconds
[2024-09-28T02:25:32.467+0000] {processor.py:186} INFO - Started process (PID=888) to work on /home/airflow/.local/lib/python3.12/site-packages/airflow/example_dags/example_params_ui_tutorial.py
[2024-09-28T02:25:32.469+0000] {processor.py:914} INFO - Processing file /home/airflow/.local/lib/python3.12/site-packages/airflow/example_dags/example_params_ui_tutorial.py for tasks to queue
[2024-09-28T02:25:32.472+0000] {logging_mixin.py:190} INFO - [2024-09-28T02:25:32.471+0000] {dagbag.py:588} INFO - Filling up the DagBag from /home/airflow/.local/lib/python3.12/site-packages/airflow/example_dags/example_params_ui_tutorial.py
[2024-09-28T02:25:32.491+0000] {processor.py:925} INFO - DAG(s) 'example_params_ui_tutorial' retrieved from /home/airflow/.local/lib/python3.12/site-packages/airflow/example_dags/example_params_ui_tutorial.py
[2024-09-28T02:25:32.551+0000] {logging_mixin.py:190} INFO - [2024-09-28T02:25:32.550+0000] {dag.py:3239} INFO - Sync 1 DAGs
[2024-09-28T02:25:32.568+0000] {logging_mixin.py:190} INFO - [2024-09-28T02:25:32.568+0000] {dag.py:4180} INFO - Setting next_dagrun for example_params_ui_tutorial to None, run_after=None
[2024-09-28T02:25:32.600+0000] {processor.py:208} INFO - Processing /home/airflow/.local/lib/python3.12/site-packages/airflow/example_dags/example_params_ui_tutorial.py took 0.140 seconds
[2024-09-28T02:26:02.854+0000] {processor.py:186} INFO - Started process (PID=951) to work on /home/airflow/.local/lib/python3.12/site-packages/airflow/example_dags/example_params_ui_tutorial.py
[2024-09-28T02:26:02.855+0000] {processor.py:914} INFO - Processing file /home/airflow/.local/lib/python3.12/site-packages/airflow/example_dags/example_params_ui_tutorial.py for tasks to queue
[2024-09-28T02:26:02.857+0000] {logging_mixin.py:190} INFO - [2024-09-28T02:26:02.857+0000] {dagbag.py:588} INFO - Filling up the DagBag from /home/airflow/.local/lib/python3.12/site-packages/airflow/example_dags/example_params_ui_tutorial.py
[2024-09-28T02:26:02.866+0000] {processor.py:925} INFO - DAG(s) 'example_params_ui_tutorial' retrieved from /home/airflow/.local/lib/python3.12/site-packages/airflow/example_dags/example_params_ui_tutorial.py
[2024-09-28T02:26:02.909+0000] {logging_mixin.py:190} INFO - [2024-09-28T02:26:02.908+0000] {dag.py:3239} INFO - Sync 1 DAGs
[2024-09-28T02:26:02.924+0000] {logging_mixin.py:190} INFO - [2024-09-28T02:26:02.923+0000] {dag.py:4180} INFO - Setting next_dagrun for example_params_ui_tutorial to None, run_after=None
[2024-09-28T02:26:02.950+0000] {processor.py:208} INFO - Processing /home/airflow/.local/lib/python3.12/site-packages/airflow/example_dags/example_params_ui_tutorial.py took 0.102 seconds
[2024-09-28T02:45:58.453+0000] {processor.py:186} INFO - Started process (PID=67) to work on /home/airflow/.local/lib/python3.12/site-packages/airflow/example_dags/example_params_ui_tutorial.py
[2024-09-28T02:45:58.460+0000] {processor.py:914} INFO - Processing file /home/airflow/.local/lib/python3.12/site-packages/airflow/example_dags/example_params_ui_tutorial.py for tasks to queue
[2024-09-28T02:45:58.476+0000] {logging_mixin.py:190} INFO - [2024-09-28T02:45:58.474+0000] {dagbag.py:588} INFO - Filling up the DagBag from /home/airflow/.local/lib/python3.12/site-packages/airflow/example_dags/example_params_ui_tutorial.py
[2024-09-28T02:45:58.587+0000] {processor.py:925} INFO - DAG(s) 'example_params_ui_tutorial' retrieved from /home/airflow/.local/lib/python3.12/site-packages/airflow/example_dags/example_params_ui_tutorial.py
[2024-09-28T02:45:58.943+0000] {logging_mixin.py:190} INFO - [2024-09-28T02:45:58.941+0000] {dag.py:3239} INFO - Sync 1 DAGs
[2024-09-28T02:45:59.032+0000] {logging_mixin.py:190} INFO - [2024-09-28T02:45:59.032+0000] {dag.py:4180} INFO - Setting next_dagrun for example_params_ui_tutorial to None, run_after=None
[2024-09-28T02:45:59.100+0000] {processor.py:208} INFO - Processing /home/airflow/.local/lib/python3.12/site-packages/airflow/example_dags/example_params_ui_tutorial.py took 0.746 seconds
[2024-09-28T02:46:29.759+0000] {processor.py:186} INFO - Started process (PID=130) to work on /home/airflow/.local/lib/python3.12/site-packages/airflow/example_dags/example_params_ui_tutorial.py
[2024-09-28T02:46:29.761+0000] {processor.py:914} INFO - Processing file /home/airflow/.local/lib/python3.12/site-packages/airflow/example_dags/example_params_ui_tutorial.py for tasks to queue
[2024-09-28T02:46:29.765+0000] {logging_mixin.py:190} INFO - [2024-09-28T02:46:29.764+0000] {dagbag.py:588} INFO - Filling up the DagBag from /home/airflow/.local/lib/python3.12/site-packages/airflow/example_dags/example_params_ui_tutorial.py
[2024-09-28T02:46:29.791+0000] {processor.py:925} INFO - DAG(s) 'example_params_ui_tutorial' retrieved from /home/airflow/.local/lib/python3.12/site-packages/airflow/example_dags/example_params_ui_tutorial.py
[2024-09-28T02:46:29.969+0000] {logging_mixin.py:190} INFO - [2024-09-28T02:46:29.969+0000] {dag.py:3239} INFO - Sync 1 DAGs
[2024-09-28T02:46:30.011+0000] {logging_mixin.py:190} INFO - [2024-09-28T02:46:30.010+0000] {dag.py:4180} INFO - Setting next_dagrun for example_params_ui_tutorial to None, run_after=None
[2024-09-28T02:46:30.058+0000] {processor.py:208} INFO - Processing /home/airflow/.local/lib/python3.12/site-packages/airflow/example_dags/example_params_ui_tutorial.py took 0.312 seconds
[2024-09-28T02:47:00.467+0000] {processor.py:186} INFO - Started process (PID=193) to work on /home/airflow/.local/lib/python3.12/site-packages/airflow/example_dags/example_params_ui_tutorial.py
[2024-09-28T02:47:00.469+0000] {processor.py:914} INFO - Processing file /home/airflow/.local/lib/python3.12/site-packages/airflow/example_dags/example_params_ui_tutorial.py for tasks to queue
[2024-09-28T02:47:00.476+0000] {logging_mixin.py:190} INFO - [2024-09-28T02:47:00.473+0000] {dagbag.py:588} INFO - Filling up the DagBag from /home/airflow/.local/lib/python3.12/site-packages/airflow/example_dags/example_params_ui_tutorial.py
[2024-09-28T02:47:00.514+0000] {processor.py:925} INFO - DAG(s) 'example_params_ui_tutorial' retrieved from /home/airflow/.local/lib/python3.12/site-packages/airflow/example_dags/example_params_ui_tutorial.py
[2024-09-28T02:47:00.699+0000] {logging_mixin.py:190} INFO - [2024-09-28T02:47:00.698+0000] {dag.py:3239} INFO - Sync 1 DAGs
[2024-09-28T02:47:00.744+0000] {logging_mixin.py:190} INFO - [2024-09-28T02:47:00.738+0000] {dag.py:4180} INFO - Setting next_dagrun for example_params_ui_tutorial to None, run_after=None
[2024-09-28T02:47:00.789+0000] {processor.py:208} INFO - Processing /home/airflow/.local/lib/python3.12/site-packages/airflow/example_dags/example_params_ui_tutorial.py took 0.332 seconds
[2024-09-28T02:47:31.487+0000] {processor.py:186} INFO - Started process (PID=257) to work on /home/airflow/.local/lib/python3.12/site-packages/airflow/example_dags/example_params_ui_tutorial.py
[2024-09-28T02:47:31.488+0000] {processor.py:914} INFO - Processing file /home/airflow/.local/lib/python3.12/site-packages/airflow/example_dags/example_params_ui_tutorial.py for tasks to queue
[2024-09-28T02:47:31.491+0000] {logging_mixin.py:190} INFO - [2024-09-28T02:47:31.491+0000] {dagbag.py:588} INFO - Filling up the DagBag from /home/airflow/.local/lib/python3.12/site-packages/airflow/example_dags/example_params_ui_tutorial.py
[2024-09-28T02:47:31.501+0000] {processor.py:925} INFO - DAG(s) 'example_params_ui_tutorial' retrieved from /home/airflow/.local/lib/python3.12/site-packages/airflow/example_dags/example_params_ui_tutorial.py
[2024-09-28T02:47:31.548+0000] {logging_mixin.py:190} INFO - [2024-09-28T02:47:31.548+0000] {dag.py:3239} INFO - Sync 1 DAGs
[2024-09-28T02:47:31.564+0000] {logging_mixin.py:190} INFO - [2024-09-28T02:47:31.564+0000] {dag.py:4180} INFO - Setting next_dagrun for example_params_ui_tutorial to None, run_after=None
[2024-09-28T02:47:31.589+0000] {processor.py:208} INFO - Processing /home/airflow/.local/lib/python3.12/site-packages/airflow/example_dags/example_params_ui_tutorial.py took 0.107 seconds
[2024-09-28T02:48:01.748+0000] {processor.py:186} INFO - Started process (PID=320) to work on /home/airflow/.local/lib/python3.12/site-packages/airflow/example_dags/example_params_ui_tutorial.py
[2024-09-28T02:48:01.749+0000] {processor.py:914} INFO - Processing file /home/airflow/.local/lib/python3.12/site-packages/airflow/example_dags/example_params_ui_tutorial.py for tasks to queue
[2024-09-28T02:48:01.751+0000] {logging_mixin.py:190} INFO - [2024-09-28T02:48:01.751+0000] {dagbag.py:588} INFO - Filling up the DagBag from /home/airflow/.local/lib/python3.12/site-packages/airflow/example_dags/example_params_ui_tutorial.py
[2024-09-28T02:48:01.760+0000] {processor.py:925} INFO - DAG(s) 'example_params_ui_tutorial' retrieved from /home/airflow/.local/lib/python3.12/site-packages/airflow/example_dags/example_params_ui_tutorial.py
[2024-09-28T02:48:01.805+0000] {logging_mixin.py:190} INFO - [2024-09-28T02:48:01.804+0000] {dag.py:3239} INFO - Sync 1 DAGs
[2024-09-28T02:48:01.819+0000] {logging_mixin.py:190} INFO - [2024-09-28T02:48:01.819+0000] {dag.py:4180} INFO - Setting next_dagrun for example_params_ui_tutorial to None, run_after=None
[2024-09-28T02:48:01.844+0000] {processor.py:208} INFO - Processing /home/airflow/.local/lib/python3.12/site-packages/airflow/example_dags/example_params_ui_tutorial.py took 0.101 seconds
[2024-09-28T02:48:32.682+0000] {processor.py:186} INFO - Started process (PID=383) to work on /home/airflow/.local/lib/python3.12/site-packages/airflow/example_dags/example_params_ui_tutorial.py
[2024-09-28T02:48:32.683+0000] {processor.py:914} INFO - Processing file /home/airflow/.local/lib/python3.12/site-packages/airflow/example_dags/example_params_ui_tutorial.py for tasks to queue
[2024-09-28T02:48:32.686+0000] {logging_mixin.py:190} INFO - [2024-09-28T02:48:32.685+0000] {dagbag.py:588} INFO - Filling up the DagBag from /home/airflow/.local/lib/python3.12/site-packages/airflow/example_dags/example_params_ui_tutorial.py
[2024-09-28T02:48:32.698+0000] {processor.py:925} INFO - DAG(s) 'example_params_ui_tutorial' retrieved from /home/airflow/.local/lib/python3.12/site-packages/airflow/example_dags/example_params_ui_tutorial.py
[2024-09-28T02:48:32.741+0000] {logging_mixin.py:190} INFO - [2024-09-28T02:48:32.741+0000] {dag.py:3239} INFO - Sync 1 DAGs
[2024-09-28T02:48:32.761+0000] {logging_mixin.py:190} INFO - [2024-09-28T02:48:32.761+0000] {dag.py:4180} INFO - Setting next_dagrun for example_params_ui_tutorial to None, run_after=None
[2024-09-28T02:48:32.793+0000] {processor.py:208} INFO - Processing /home/airflow/.local/lib/python3.12/site-packages/airflow/example_dags/example_params_ui_tutorial.py took 0.115 seconds
[2024-09-28T02:49:03.626+0000] {processor.py:186} INFO - Started process (PID=446) to work on /home/airflow/.local/lib/python3.12/site-packages/airflow/example_dags/example_params_ui_tutorial.py
[2024-09-28T02:49:03.627+0000] {processor.py:914} INFO - Processing file /home/airflow/.local/lib/python3.12/site-packages/airflow/example_dags/example_params_ui_tutorial.py for tasks to queue
[2024-09-28T02:49:03.630+0000] {logging_mixin.py:190} INFO - [2024-09-28T02:49:03.630+0000] {dagbag.py:588} INFO - Filling up the DagBag from /home/airflow/.local/lib/python3.12/site-packages/airflow/example_dags/example_params_ui_tutorial.py
[2024-09-28T02:49:03.641+0000] {processor.py:925} INFO - DAG(s) 'example_params_ui_tutorial' retrieved from /home/airflow/.local/lib/python3.12/site-packages/airflow/example_dags/example_params_ui_tutorial.py
[2024-09-28T02:49:03.682+0000] {logging_mixin.py:190} INFO - [2024-09-28T02:49:03.682+0000] {dag.py:3239} INFO - Sync 1 DAGs
[2024-09-28T02:49:03.696+0000] {logging_mixin.py:190} INFO - [2024-09-28T02:49:03.696+0000] {dag.py:4180} INFO - Setting next_dagrun for example_params_ui_tutorial to None, run_after=None
[2024-09-28T02:49:03.720+0000] {processor.py:208} INFO - Processing /home/airflow/.local/lib/python3.12/site-packages/airflow/example_dags/example_params_ui_tutorial.py took 0.098 seconds
[2024-09-28T02:49:34.544+0000] {processor.py:186} INFO - Started process (PID=509) to work on /home/airflow/.local/lib/python3.12/site-packages/airflow/example_dags/example_params_ui_tutorial.py
[2024-09-28T02:49:34.545+0000] {processor.py:914} INFO - Processing file /home/airflow/.local/lib/python3.12/site-packages/airflow/example_dags/example_params_ui_tutorial.py for tasks to queue
[2024-09-28T02:49:34.547+0000] {logging_mixin.py:190} INFO - [2024-09-28T02:49:34.547+0000] {dagbag.py:588} INFO - Filling up the DagBag from /home/airflow/.local/lib/python3.12/site-packages/airflow/example_dags/example_params_ui_tutorial.py
[2024-09-28T02:49:34.560+0000] {processor.py:925} INFO - DAG(s) 'example_params_ui_tutorial' retrieved from /home/airflow/.local/lib/python3.12/site-packages/airflow/example_dags/example_params_ui_tutorial.py
[2024-09-28T02:49:34.601+0000] {logging_mixin.py:190} INFO - [2024-09-28T02:49:34.600+0000] {dag.py:3239} INFO - Sync 1 DAGs
[2024-09-28T02:49:34.614+0000] {logging_mixin.py:190} INFO - [2024-09-28T02:49:34.614+0000] {dag.py:4180} INFO - Setting next_dagrun for example_params_ui_tutorial to None, run_after=None
[2024-09-28T02:49:34.637+0000] {processor.py:208} INFO - Processing /home/airflow/.local/lib/python3.12/site-packages/airflow/example_dags/example_params_ui_tutorial.py took 0.098 seconds
[2024-09-28T02:50:04.964+0000] {processor.py:186} INFO - Started process (PID=573) to work on /home/airflow/.local/lib/python3.12/site-packages/airflow/example_dags/example_params_ui_tutorial.py
[2024-09-28T02:50:04.965+0000] {processor.py:914} INFO - Processing file /home/airflow/.local/lib/python3.12/site-packages/airflow/example_dags/example_params_ui_tutorial.py for tasks to queue
[2024-09-28T02:50:04.967+0000] {logging_mixin.py:190} INFO - [2024-09-28T02:50:04.967+0000] {dagbag.py:588} INFO - Filling up the DagBag from /home/airflow/.local/lib/python3.12/site-packages/airflow/example_dags/example_params_ui_tutorial.py
[2024-09-28T02:50:04.978+0000] {processor.py:925} INFO - DAG(s) 'example_params_ui_tutorial' retrieved from /home/airflow/.local/lib/python3.12/site-packages/airflow/example_dags/example_params_ui_tutorial.py
[2024-09-28T02:50:05.034+0000] {logging_mixin.py:190} INFO - [2024-09-28T02:50:05.033+0000] {dag.py:3239} INFO - Sync 1 DAGs
[2024-09-28T02:50:05.054+0000] {logging_mixin.py:190} INFO - [2024-09-28T02:50:05.054+0000] {dag.py:4180} INFO - Setting next_dagrun for example_params_ui_tutorial to None, run_after=None
[2024-09-28T02:50:05.104+0000] {processor.py:208} INFO - Processing /home/airflow/.local/lib/python3.12/site-packages/airflow/example_dags/example_params_ui_tutorial.py took 0.145 seconds
[2024-09-28T02:50:35.997+0000] {processor.py:186} INFO - Started process (PID=636) to work on /home/airflow/.local/lib/python3.12/site-packages/airflow/example_dags/example_params_ui_tutorial.py
[2024-09-28T02:50:36.000+0000] {processor.py:914} INFO - Processing file /home/airflow/.local/lib/python3.12/site-packages/airflow/example_dags/example_params_ui_tutorial.py for tasks to queue
[2024-09-28T02:50:36.002+0000] {logging_mixin.py:190} INFO - [2024-09-28T02:50:36.002+0000] {dagbag.py:588} INFO - Filling up the DagBag from /home/airflow/.local/lib/python3.12/site-packages/airflow/example_dags/example_params_ui_tutorial.py
[2024-09-28T02:50:36.017+0000] {processor.py:925} INFO - DAG(s) 'example_params_ui_tutorial' retrieved from /home/airflow/.local/lib/python3.12/site-packages/airflow/example_dags/example_params_ui_tutorial.py
[2024-09-28T02:50:36.089+0000] {logging_mixin.py:190} INFO - [2024-09-28T02:50:36.088+0000] {dag.py:3239} INFO - Sync 1 DAGs
[2024-09-28T02:50:36.104+0000] {logging_mixin.py:190} INFO - [2024-09-28T02:50:36.104+0000] {dag.py:4180} INFO - Setting next_dagrun for example_params_ui_tutorial to None, run_after=None
[2024-09-28T02:50:36.133+0000] {processor.py:208} INFO - Processing /home/airflow/.local/lib/python3.12/site-packages/airflow/example_dags/example_params_ui_tutorial.py took 0.141 seconds
[2024-09-28T02:51:06.497+0000] {processor.py:186} INFO - Started process (PID=699) to work on /home/airflow/.local/lib/python3.12/site-packages/airflow/example_dags/example_params_ui_tutorial.py
[2024-09-28T02:51:06.498+0000] {processor.py:914} INFO - Processing file /home/airflow/.local/lib/python3.12/site-packages/airflow/example_dags/example_params_ui_tutorial.py for tasks to queue
[2024-09-28T02:51:06.500+0000] {logging_mixin.py:190} INFO - [2024-09-28T02:51:06.500+0000] {dagbag.py:588} INFO - Filling up the DagBag from /home/airflow/.local/lib/python3.12/site-packages/airflow/example_dags/example_params_ui_tutorial.py
[2024-09-28T02:51:06.508+0000] {processor.py:925} INFO - DAG(s) 'example_params_ui_tutorial' retrieved from /home/airflow/.local/lib/python3.12/site-packages/airflow/example_dags/example_params_ui_tutorial.py
[2024-09-28T02:51:06.564+0000] {logging_mixin.py:190} INFO - [2024-09-28T02:51:06.563+0000] {dag.py:3239} INFO - Sync 1 DAGs
[2024-09-28T02:51:06.580+0000] {logging_mixin.py:190} INFO - [2024-09-28T02:51:06.579+0000] {dag.py:4180} INFO - Setting next_dagrun for example_params_ui_tutorial to None, run_after=None
[2024-09-28T02:51:06.608+0000] {processor.py:208} INFO - Processing /home/airflow/.local/lib/python3.12/site-packages/airflow/example_dags/example_params_ui_tutorial.py took 0.117 seconds
[2024-09-28T02:51:37.223+0000] {processor.py:186} INFO - Started process (PID=762) to work on /home/airflow/.local/lib/python3.12/site-packages/airflow/example_dags/example_params_ui_tutorial.py
[2024-09-28T02:51:37.224+0000] {processor.py:914} INFO - Processing file /home/airflow/.local/lib/python3.12/site-packages/airflow/example_dags/example_params_ui_tutorial.py for tasks to queue
[2024-09-28T02:51:37.226+0000] {logging_mixin.py:190} INFO - [2024-09-28T02:51:37.226+0000] {dagbag.py:588} INFO - Filling up the DagBag from /home/airflow/.local/lib/python3.12/site-packages/airflow/example_dags/example_params_ui_tutorial.py
[2024-09-28T02:51:37.235+0000] {processor.py:925} INFO - DAG(s) 'example_params_ui_tutorial' retrieved from /home/airflow/.local/lib/python3.12/site-packages/airflow/example_dags/example_params_ui_tutorial.py
[2024-09-28T02:51:37.277+0000] {logging_mixin.py:190} INFO - [2024-09-28T02:51:37.277+0000] {dag.py:3239} INFO - Sync 1 DAGs
[2024-09-28T02:51:37.292+0000] {logging_mixin.py:190} INFO - [2024-09-28T02:51:37.292+0000] {dag.py:4180} INFO - Setting next_dagrun for example_params_ui_tutorial to None, run_after=None
[2024-09-28T02:51:37.317+0000] {processor.py:208} INFO - Processing /home/airflow/.local/lib/python3.12/site-packages/airflow/example_dags/example_params_ui_tutorial.py took 0.099 seconds
[2024-09-28T02:52:08.130+0000] {processor.py:186} INFO - Started process (PID=826) to work on /home/airflow/.local/lib/python3.12/site-packages/airflow/example_dags/example_params_ui_tutorial.py
[2024-09-28T02:52:08.132+0000] {processor.py:914} INFO - Processing file /home/airflow/.local/lib/python3.12/site-packages/airflow/example_dags/example_params_ui_tutorial.py for tasks to queue
[2024-09-28T02:52:08.135+0000] {logging_mixin.py:190} INFO - [2024-09-28T02:52:08.134+0000] {dagbag.py:588} INFO - Filling up the DagBag from /home/airflow/.local/lib/python3.12/site-packages/airflow/example_dags/example_params_ui_tutorial.py
[2024-09-28T02:52:08.148+0000] {processor.py:925} INFO - DAG(s) 'example_params_ui_tutorial' retrieved from /home/airflow/.local/lib/python3.12/site-packages/airflow/example_dags/example_params_ui_tutorial.py
[2024-09-28T02:52:08.192+0000] {logging_mixin.py:190} INFO - [2024-09-28T02:52:08.191+0000] {dag.py:3239} INFO - Sync 1 DAGs
[2024-09-28T02:52:08.207+0000] {logging_mixin.py:190} INFO - [2024-09-28T02:52:08.206+0000] {dag.py:4180} INFO - Setting next_dagrun for example_params_ui_tutorial to None, run_after=None
[2024-09-28T02:52:08.231+0000] {processor.py:208} INFO - Processing /home/airflow/.local/lib/python3.12/site-packages/airflow/example_dags/example_params_ui_tutorial.py took 0.106 seconds
[2024-09-28T03:30:30.836+0000] {processor.py:186} INFO - Started process (PID=833) to work on /home/airflow/.local/lib/python3.12/site-packages/airflow/example_dags/example_params_ui_tutorial.py
[2024-09-28T03:30:30.838+0000] {processor.py:914} INFO - Processing file /home/airflow/.local/lib/python3.12/site-packages/airflow/example_dags/example_params_ui_tutorial.py for tasks to queue
[2024-09-28T03:30:30.844+0000] {logging_mixin.py:190} INFO - [2024-09-28T03:30:30.843+0000] {dagbag.py:588} INFO - Filling up the DagBag from /home/airflow/.local/lib/python3.12/site-packages/airflow/example_dags/example_params_ui_tutorial.py
[2024-09-28T03:30:30.883+0000] {processor.py:925} INFO - DAG(s) 'example_params_ui_tutorial' retrieved from /home/airflow/.local/lib/python3.12/site-packages/airflow/example_dags/example_params_ui_tutorial.py
[2024-09-28T03:30:31.015+0000] {logging_mixin.py:190} INFO - [2024-09-28T03:30:31.014+0000] {dag.py:3239} INFO - Sync 1 DAGs
[2024-09-28T03:30:31.065+0000] {logging_mixin.py:190} INFO - [2024-09-28T03:30:31.064+0000] {dag.py:4180} INFO - Setting next_dagrun for example_params_ui_tutorial to None, run_after=None
[2024-09-28T03:30:31.146+0000] {processor.py:208} INFO - Processing /home/airflow/.local/lib/python3.12/site-packages/airflow/example_dags/example_params_ui_tutorial.py took 0.356 seconds
[2024-09-28T03:34:11.819+0000] {processor.py:186} INFO - Started process (PID=890) to work on /home/airflow/.local/lib/python3.12/site-packages/airflow/example_dags/example_params_ui_tutorial.py
[2024-09-28T03:34:11.820+0000] {processor.py:914} INFO - Processing file /home/airflow/.local/lib/python3.12/site-packages/airflow/example_dags/example_params_ui_tutorial.py for tasks to queue
[2024-09-28T03:34:11.822+0000] {logging_mixin.py:190} INFO - [2024-09-28T03:34:11.821+0000] {dagbag.py:588} INFO - Filling up the DagBag from /home/airflow/.local/lib/python3.12/site-packages/airflow/example_dags/example_params_ui_tutorial.py
[2024-09-28T03:34:11.832+0000] {processor.py:925} INFO - DAG(s) 'example_params_ui_tutorial' retrieved from /home/airflow/.local/lib/python3.12/site-packages/airflow/example_dags/example_params_ui_tutorial.py
[2024-09-28T03:34:11.882+0000] {logging_mixin.py:190} INFO - [2024-09-28T03:34:11.881+0000] {dag.py:3239} INFO - Sync 1 DAGs
[2024-09-28T03:34:11.908+0000] {logging_mixin.py:190} INFO - [2024-09-28T03:34:11.908+0000] {dag.py:4180} INFO - Setting next_dagrun for example_params_ui_tutorial to None, run_after=None
[2024-09-28T03:34:11.939+0000] {processor.py:208} INFO - Processing /home/airflow/.local/lib/python3.12/site-packages/airflow/example_dags/example_params_ui_tutorial.py took 0.126 seconds
[2024-09-28T03:34:42.078+0000] {processor.py:186} INFO - Started process (PID=951) to work on /home/airflow/.local/lib/python3.12/site-packages/airflow/example_dags/example_params_ui_tutorial.py
[2024-09-28T03:34:42.079+0000] {processor.py:914} INFO - Processing file /home/airflow/.local/lib/python3.12/site-packages/airflow/example_dags/example_params_ui_tutorial.py for tasks to queue
[2024-09-28T03:34:42.080+0000] {logging_mixin.py:190} INFO - [2024-09-28T03:34:42.080+0000] {dagbag.py:588} INFO - Filling up the DagBag from /home/airflow/.local/lib/python3.12/site-packages/airflow/example_dags/example_params_ui_tutorial.py
[2024-09-28T03:34:42.088+0000] {processor.py:925} INFO - DAG(s) 'example_params_ui_tutorial' retrieved from /home/airflow/.local/lib/python3.12/site-packages/airflow/example_dags/example_params_ui_tutorial.py
[2024-09-28T03:34:42.131+0000] {logging_mixin.py:190} INFO - [2024-09-28T03:34:42.131+0000] {dag.py:3239} INFO - Sync 1 DAGs
[2024-09-28T03:34:42.147+0000] {logging_mixin.py:190} INFO - [2024-09-28T03:34:42.147+0000] {dag.py:4180} INFO - Setting next_dagrun for example_params_ui_tutorial to None, run_after=None
[2024-09-28T03:34:42.173+0000] {processor.py:208} INFO - Processing /home/airflow/.local/lib/python3.12/site-packages/airflow/example_dags/example_params_ui_tutorial.py took 0.100 seconds
[2024-09-28T03:40:03.604+0000] {processor.py:186} INFO - Started process (PID=65) to work on /home/airflow/.local/lib/python3.12/site-packages/airflow/example_dags/example_params_ui_tutorial.py
[2024-09-28T03:40:03.610+0000] {processor.py:914} INFO - Processing file /home/airflow/.local/lib/python3.12/site-packages/airflow/example_dags/example_params_ui_tutorial.py for tasks to queue
[2024-09-28T03:40:03.630+0000] {logging_mixin.py:190} INFO - [2024-09-28T03:40:03.629+0000] {dagbag.py:588} INFO - Filling up the DagBag from /home/airflow/.local/lib/python3.12/site-packages/airflow/example_dags/example_params_ui_tutorial.py
[2024-09-28T03:40:03.708+0000] {processor.py:925} INFO - DAG(s) 'example_params_ui_tutorial' retrieved from /home/airflow/.local/lib/python3.12/site-packages/airflow/example_dags/example_params_ui_tutorial.py
[2024-09-28T03:40:03.920+0000] {logging_mixin.py:190} INFO - [2024-09-28T03:40:03.920+0000] {dag.py:3239} INFO - Sync 1 DAGs
[2024-09-28T03:40:03.997+0000] {logging_mixin.py:190} INFO - [2024-09-28T03:40:03.996+0000] {dag.py:4180} INFO - Setting next_dagrun for example_params_ui_tutorial to None, run_after=None
[2024-09-28T03:40:04.056+0000] {processor.py:208} INFO - Processing /home/airflow/.local/lib/python3.12/site-packages/airflow/example_dags/example_params_ui_tutorial.py took 0.480 seconds
[2024-09-28T03:40:34.656+0000] {processor.py:186} INFO - Started process (PID=139) to work on /home/airflow/.local/lib/python3.12/site-packages/airflow/example_dags/example_params_ui_tutorial.py
[2024-09-28T03:40:34.658+0000] {processor.py:914} INFO - Processing file /home/airflow/.local/lib/python3.12/site-packages/airflow/example_dags/example_params_ui_tutorial.py for tasks to queue
[2024-09-28T03:40:34.661+0000] {logging_mixin.py:190} INFO - [2024-09-28T03:40:34.661+0000] {dagbag.py:588} INFO - Filling up the DagBag from /home/airflow/.local/lib/python3.12/site-packages/airflow/example_dags/example_params_ui_tutorial.py
[2024-09-28T03:40:34.689+0000] {processor.py:925} INFO - DAG(s) 'example_params_ui_tutorial' retrieved from /home/airflow/.local/lib/python3.12/site-packages/airflow/example_dags/example_params_ui_tutorial.py
[2024-09-28T03:40:34.752+0000] {logging_mixin.py:190} INFO - [2024-09-28T03:40:34.752+0000] {dag.py:3239} INFO - Sync 1 DAGs
[2024-09-28T03:40:34.776+0000] {logging_mixin.py:190} INFO - [2024-09-28T03:40:34.776+0000] {dag.py:4180} INFO - Setting next_dagrun for example_params_ui_tutorial to None, run_after=None
[2024-09-28T03:40:34.815+0000] {processor.py:208} INFO - Processing /home/airflow/.local/lib/python3.12/site-packages/airflow/example_dags/example_params_ui_tutorial.py took 0.164 seconds
[2024-09-28T03:41:04.881+0000] {processor.py:186} INFO - Started process (PID=212) to work on /home/airflow/.local/lib/python3.12/site-packages/airflow/example_dags/example_params_ui_tutorial.py
[2024-09-28T03:41:04.900+0000] {processor.py:914} INFO - Processing file /home/airflow/.local/lib/python3.12/site-packages/airflow/example_dags/example_params_ui_tutorial.py for tasks to queue
[2024-09-28T03:41:04.903+0000] {logging_mixin.py:190} INFO - [2024-09-28T03:41:04.902+0000] {dagbag.py:588} INFO - Filling up the DagBag from /home/airflow/.local/lib/python3.12/site-packages/airflow/example_dags/example_params_ui_tutorial.py
[2024-09-28T03:41:04.911+0000] {processor.py:925} INFO - DAG(s) 'example_params_ui_tutorial' retrieved from /home/airflow/.local/lib/python3.12/site-packages/airflow/example_dags/example_params_ui_tutorial.py
[2024-09-28T03:41:04.958+0000] {logging_mixin.py:190} INFO - [2024-09-28T03:41:04.957+0000] {dag.py:3239} INFO - Sync 1 DAGs
[2024-09-28T03:41:04.972+0000] {logging_mixin.py:190} INFO - [2024-09-28T03:41:04.972+0000] {dag.py:4180} INFO - Setting next_dagrun for example_params_ui_tutorial to None, run_after=None
[2024-09-28T03:41:04.996+0000] {processor.py:208} INFO - Processing /home/airflow/.local/lib/python3.12/site-packages/airflow/example_dags/example_params_ui_tutorial.py took 0.119 seconds
[2024-09-28T03:41:35.972+0000] {processor.py:186} INFO - Started process (PID=287) to work on /home/airflow/.local/lib/python3.12/site-packages/airflow/example_dags/example_params_ui_tutorial.py
[2024-09-28T03:41:35.974+0000] {processor.py:914} INFO - Processing file /home/airflow/.local/lib/python3.12/site-packages/airflow/example_dags/example_params_ui_tutorial.py for tasks to queue
[2024-09-28T03:41:35.978+0000] {logging_mixin.py:190} INFO - [2024-09-28T03:41:35.977+0000] {dagbag.py:588} INFO - Filling up the DagBag from /home/airflow/.local/lib/python3.12/site-packages/airflow/example_dags/example_params_ui_tutorial.py
[2024-09-28T03:41:35.993+0000] {processor.py:925} INFO - DAG(s) 'example_params_ui_tutorial' retrieved from /home/airflow/.local/lib/python3.12/site-packages/airflow/example_dags/example_params_ui_tutorial.py
[2024-09-28T03:41:36.052+0000] {logging_mixin.py:190} INFO - [2024-09-28T03:41:36.052+0000] {dag.py:3239} INFO - Sync 1 DAGs
[2024-09-28T03:41:36.089+0000] {logging_mixin.py:190} INFO - [2024-09-28T03:41:36.088+0000] {dag.py:4180} INFO - Setting next_dagrun for example_params_ui_tutorial to None, run_after=None
[2024-09-28T03:41:36.119+0000] {processor.py:208} INFO - Processing /home/airflow/.local/lib/python3.12/site-packages/airflow/example_dags/example_params_ui_tutorial.py took 0.155 seconds
[2024-09-28T03:42:06.393+0000] {processor.py:186} INFO - Started process (PID=361) to work on /home/airflow/.local/lib/python3.12/site-packages/airflow/example_dags/example_params_ui_tutorial.py
[2024-09-28T03:42:06.424+0000] {processor.py:914} INFO - Processing file /home/airflow/.local/lib/python3.12/site-packages/airflow/example_dags/example_params_ui_tutorial.py for tasks to queue
[2024-09-28T03:42:06.427+0000] {logging_mixin.py:190} INFO - [2024-09-28T03:42:06.426+0000] {dagbag.py:588} INFO - Filling up the DagBag from /home/airflow/.local/lib/python3.12/site-packages/airflow/example_dags/example_params_ui_tutorial.py
[2024-09-28T03:42:06.437+0000] {processor.py:925} INFO - DAG(s) 'example_params_ui_tutorial' retrieved from /home/airflow/.local/lib/python3.12/site-packages/airflow/example_dags/example_params_ui_tutorial.py
[2024-09-28T03:42:06.478+0000] {logging_mixin.py:190} INFO - [2024-09-28T03:42:06.478+0000] {dag.py:3239} INFO - Sync 1 DAGs
[2024-09-28T03:42:06.493+0000] {logging_mixin.py:190} INFO - [2024-09-28T03:42:06.493+0000] {dag.py:4180} INFO - Setting next_dagrun for example_params_ui_tutorial to None, run_after=None
[2024-09-28T03:42:06.519+0000] {processor.py:208} INFO - Processing /home/airflow/.local/lib/python3.12/site-packages/airflow/example_dags/example_params_ui_tutorial.py took 0.132 seconds
[2024-09-28T03:42:36.870+0000] {processor.py:186} INFO - Started process (PID=435) to work on /home/airflow/.local/lib/python3.12/site-packages/airflow/example_dags/example_params_ui_tutorial.py
[2024-09-28T03:42:36.871+0000] {processor.py:914} INFO - Processing file /home/airflow/.local/lib/python3.12/site-packages/airflow/example_dags/example_params_ui_tutorial.py for tasks to queue
[2024-09-28T03:42:36.874+0000] {logging_mixin.py:190} INFO - [2024-09-28T03:42:36.873+0000] {dagbag.py:588} INFO - Filling up the DagBag from /home/airflow/.local/lib/python3.12/site-packages/airflow/example_dags/example_params_ui_tutorial.py
[2024-09-28T03:42:36.884+0000] {processor.py:925} INFO - DAG(s) 'example_params_ui_tutorial' retrieved from /home/airflow/.local/lib/python3.12/site-packages/airflow/example_dags/example_params_ui_tutorial.py
[2024-09-28T03:42:36.929+0000] {logging_mixin.py:190} INFO - [2024-09-28T03:42:36.928+0000] {dag.py:3239} INFO - Sync 1 DAGs
[2024-09-28T03:42:36.944+0000] {logging_mixin.py:190} INFO - [2024-09-28T03:42:36.944+0000] {dag.py:4180} INFO - Setting next_dagrun for example_params_ui_tutorial to None, run_after=None
[2024-09-28T03:42:36.969+0000] {processor.py:208} INFO - Processing /home/airflow/.local/lib/python3.12/site-packages/airflow/example_dags/example_params_ui_tutorial.py took 0.105 seconds
[2024-09-28T03:43:07.540+0000] {processor.py:186} INFO - Started process (PID=509) to work on /home/airflow/.local/lib/python3.12/site-packages/airflow/example_dags/example_params_ui_tutorial.py
[2024-09-28T03:43:07.541+0000] {processor.py:914} INFO - Processing file /home/airflow/.local/lib/python3.12/site-packages/airflow/example_dags/example_params_ui_tutorial.py for tasks to queue
[2024-09-28T03:43:07.544+0000] {logging_mixin.py:190} INFO - [2024-09-28T03:43:07.544+0000] {dagbag.py:588} INFO - Filling up the DagBag from /home/airflow/.local/lib/python3.12/site-packages/airflow/example_dags/example_params_ui_tutorial.py
[2024-09-28T03:43:07.552+0000] {processor.py:925} INFO - DAG(s) 'example_params_ui_tutorial' retrieved from /home/airflow/.local/lib/python3.12/site-packages/airflow/example_dags/example_params_ui_tutorial.py
[2024-09-28T03:43:07.597+0000] {logging_mixin.py:190} INFO - [2024-09-28T03:43:07.597+0000] {dag.py:3239} INFO - Sync 1 DAGs
[2024-09-28T03:43:07.611+0000] {logging_mixin.py:190} INFO - [2024-09-28T03:43:07.611+0000] {dag.py:4180} INFO - Setting next_dagrun for example_params_ui_tutorial to None, run_after=None
[2024-09-28T03:43:07.637+0000] {processor.py:208} INFO - Processing /home/airflow/.local/lib/python3.12/site-packages/airflow/example_dags/example_params_ui_tutorial.py took 0.105 seconds
[2024-09-28T03:43:37.984+0000] {processor.py:186} INFO - Started process (PID=583) to work on /home/airflow/.local/lib/python3.12/site-packages/airflow/example_dags/example_params_ui_tutorial.py
[2024-09-28T03:43:37.985+0000] {processor.py:914} INFO - Processing file /home/airflow/.local/lib/python3.12/site-packages/airflow/example_dags/example_params_ui_tutorial.py for tasks to queue
[2024-09-28T03:43:37.988+0000] {logging_mixin.py:190} INFO - [2024-09-28T03:43:37.988+0000] {dagbag.py:588} INFO - Filling up the DagBag from /home/airflow/.local/lib/python3.12/site-packages/airflow/example_dags/example_params_ui_tutorial.py
[2024-09-28T03:43:37.997+0000] {processor.py:925} INFO - DAG(s) 'example_params_ui_tutorial' retrieved from /home/airflow/.local/lib/python3.12/site-packages/airflow/example_dags/example_params_ui_tutorial.py
[2024-09-28T03:43:38.042+0000] {logging_mixin.py:190} INFO - [2024-09-28T03:43:38.042+0000] {dag.py:3239} INFO - Sync 1 DAGs
[2024-09-28T03:43:38.059+0000] {logging_mixin.py:190} INFO - [2024-09-28T03:43:38.058+0000] {dag.py:4180} INFO - Setting next_dagrun for example_params_ui_tutorial to None, run_after=None
[2024-09-28T03:43:38.086+0000] {processor.py:208} INFO - Processing /home/airflow/.local/lib/python3.12/site-packages/airflow/example_dags/example_params_ui_tutorial.py took 0.108 seconds
[2024-09-28T03:44:08.567+0000] {processor.py:186} INFO - Started process (PID=663) to work on /home/airflow/.local/lib/python3.12/site-packages/airflow/example_dags/example_params_ui_tutorial.py
[2024-09-28T03:44:08.568+0000] {processor.py:914} INFO - Processing file /home/airflow/.local/lib/python3.12/site-packages/airflow/example_dags/example_params_ui_tutorial.py for tasks to queue
[2024-09-28T03:44:08.571+0000] {logging_mixin.py:190} INFO - [2024-09-28T03:44:08.571+0000] {dagbag.py:588} INFO - Filling up the DagBag from /home/airflow/.local/lib/python3.12/site-packages/airflow/example_dags/example_params_ui_tutorial.py
[2024-09-28T03:44:08.578+0000] {processor.py:925} INFO - DAG(s) 'example_params_ui_tutorial' retrieved from /home/airflow/.local/lib/python3.12/site-packages/airflow/example_dags/example_params_ui_tutorial.py
[2024-09-28T03:44:08.622+0000] {logging_mixin.py:190} INFO - [2024-09-28T03:44:08.622+0000] {dag.py:3239} INFO - Sync 1 DAGs
[2024-09-28T03:44:08.637+0000] {logging_mixin.py:190} INFO - [2024-09-28T03:44:08.637+0000] {dag.py:4180} INFO - Setting next_dagrun for example_params_ui_tutorial to None, run_after=None
[2024-09-28T03:44:08.659+0000] {processor.py:208} INFO - Processing /home/airflow/.local/lib/python3.12/site-packages/airflow/example_dags/example_params_ui_tutorial.py took 0.097 seconds
[2024-09-28T03:44:38.864+0000] {processor.py:186} INFO - Started process (PID=737) to work on /home/airflow/.local/lib/python3.12/site-packages/airflow/example_dags/example_params_ui_tutorial.py
[2024-09-28T03:44:38.865+0000] {processor.py:914} INFO - Processing file /home/airflow/.local/lib/python3.12/site-packages/airflow/example_dags/example_params_ui_tutorial.py for tasks to queue
[2024-09-28T03:44:38.867+0000] {logging_mixin.py:190} INFO - [2024-09-28T03:44:38.866+0000] {dagbag.py:588} INFO - Filling up the DagBag from /home/airflow/.local/lib/python3.12/site-packages/airflow/example_dags/example_params_ui_tutorial.py
[2024-09-28T03:44:38.874+0000] {processor.py:925} INFO - DAG(s) 'example_params_ui_tutorial' retrieved from /home/airflow/.local/lib/python3.12/site-packages/airflow/example_dags/example_params_ui_tutorial.py
[2024-09-28T03:44:38.916+0000] {logging_mixin.py:190} INFO - [2024-09-28T03:44:38.916+0000] {dag.py:3239} INFO - Sync 1 DAGs
[2024-09-28T03:44:38.931+0000] {logging_mixin.py:190} INFO - [2024-09-28T03:44:38.931+0000] {dag.py:4180} INFO - Setting next_dagrun for example_params_ui_tutorial to None, run_after=None
[2024-09-28T03:44:38.954+0000] {processor.py:208} INFO - Processing /home/airflow/.local/lib/python3.12/site-packages/airflow/example_dags/example_params_ui_tutorial.py took 0.094 seconds
[2024-09-28T03:45:09.037+0000] {processor.py:186} INFO - Started process (PID=811) to work on /home/airflow/.local/lib/python3.12/site-packages/airflow/example_dags/example_params_ui_tutorial.py
[2024-09-28T03:45:09.038+0000] {processor.py:914} INFO - Processing file /home/airflow/.local/lib/python3.12/site-packages/airflow/example_dags/example_params_ui_tutorial.py for tasks to queue
[2024-09-28T03:45:09.040+0000] {logging_mixin.py:190} INFO - [2024-09-28T03:45:09.039+0000] {dagbag.py:588} INFO - Filling up the DagBag from /home/airflow/.local/lib/python3.12/site-packages/airflow/example_dags/example_params_ui_tutorial.py
[2024-09-28T03:45:09.047+0000] {processor.py:925} INFO - DAG(s) 'example_params_ui_tutorial' retrieved from /home/airflow/.local/lib/python3.12/site-packages/airflow/example_dags/example_params_ui_tutorial.py
[2024-09-28T03:45:09.086+0000] {logging_mixin.py:190} INFO - [2024-09-28T03:45:09.086+0000] {dag.py:3239} INFO - Sync 1 DAGs
[2024-09-28T03:45:09.100+0000] {logging_mixin.py:190} INFO - [2024-09-28T03:45:09.100+0000] {dag.py:4180} INFO - Setting next_dagrun for example_params_ui_tutorial to None, run_after=None
[2024-09-28T03:45:09.122+0000] {processor.py:208} INFO - Processing /home/airflow/.local/lib/python3.12/site-packages/airflow/example_dags/example_params_ui_tutorial.py took 0.091 seconds
[2024-09-28T03:45:39.339+0000] {processor.py:186} INFO - Started process (PID=886) to work on /home/airflow/.local/lib/python3.12/site-packages/airflow/example_dags/example_params_ui_tutorial.py
[2024-09-28T03:45:39.340+0000] {processor.py:914} INFO - Processing file /home/airflow/.local/lib/python3.12/site-packages/airflow/example_dags/example_params_ui_tutorial.py for tasks to queue
[2024-09-28T03:45:39.341+0000] {logging_mixin.py:190} INFO - [2024-09-28T03:45:39.341+0000] {dagbag.py:588} INFO - Filling up the DagBag from /home/airflow/.local/lib/python3.12/site-packages/airflow/example_dags/example_params_ui_tutorial.py
[2024-09-28T03:45:39.349+0000] {processor.py:925} INFO - DAG(s) 'example_params_ui_tutorial' retrieved from /home/airflow/.local/lib/python3.12/site-packages/airflow/example_dags/example_params_ui_tutorial.py
[2024-09-28T03:45:39.391+0000] {logging_mixin.py:190} INFO - [2024-09-28T03:45:39.391+0000] {dag.py:3239} INFO - Sync 1 DAGs
[2024-09-28T03:45:39.406+0000] {logging_mixin.py:190} INFO - [2024-09-28T03:45:39.406+0000] {dag.py:4180} INFO - Setting next_dagrun for example_params_ui_tutorial to None, run_after=None
[2024-09-28T03:45:39.470+0000] {processor.py:208} INFO - Processing /home/airflow/.local/lib/python3.12/site-packages/airflow/example_dags/example_params_ui_tutorial.py took 0.136 seconds
[2024-09-28T03:46:09.958+0000] {processor.py:186} INFO - Started process (PID=960) to work on /home/airflow/.local/lib/python3.12/site-packages/airflow/example_dags/example_params_ui_tutorial.py
[2024-09-28T03:46:09.959+0000] {processor.py:914} INFO - Processing file /home/airflow/.local/lib/python3.12/site-packages/airflow/example_dags/example_params_ui_tutorial.py for tasks to queue
[2024-09-28T03:46:09.962+0000] {logging_mixin.py:190} INFO - [2024-09-28T03:46:09.961+0000] {dagbag.py:588} INFO - Filling up the DagBag from /home/airflow/.local/lib/python3.12/site-packages/airflow/example_dags/example_params_ui_tutorial.py
[2024-09-28T03:46:09.971+0000] {processor.py:925} INFO - DAG(s) 'example_params_ui_tutorial' retrieved from /home/airflow/.local/lib/python3.12/site-packages/airflow/example_dags/example_params_ui_tutorial.py
[2024-09-28T03:46:10.012+0000] {logging_mixin.py:190} INFO - [2024-09-28T03:46:10.012+0000] {dag.py:3239} INFO - Sync 1 DAGs
[2024-09-28T03:46:10.027+0000] {logging_mixin.py:190} INFO - [2024-09-28T03:46:10.026+0000] {dag.py:4180} INFO - Setting next_dagrun for example_params_ui_tutorial to None, run_after=None
[2024-09-28T03:46:10.153+0000] {processor.py:208} INFO - Processing /home/airflow/.local/lib/python3.12/site-packages/airflow/example_dags/example_params_ui_tutorial.py took 0.203 seconds
[2024-09-28T03:46:40.330+0000] {processor.py:186} INFO - Started process (PID=1034) to work on /home/airflow/.local/lib/python3.12/site-packages/airflow/example_dags/example_params_ui_tutorial.py
[2024-09-28T03:46:40.332+0000] {processor.py:914} INFO - Processing file /home/airflow/.local/lib/python3.12/site-packages/airflow/example_dags/example_params_ui_tutorial.py for tasks to queue
[2024-09-28T03:46:40.335+0000] {logging_mixin.py:190} INFO - [2024-09-28T03:46:40.334+0000] {dagbag.py:588} INFO - Filling up the DagBag from /home/airflow/.local/lib/python3.12/site-packages/airflow/example_dags/example_params_ui_tutorial.py
[2024-09-28T03:46:40.348+0000] {processor.py:925} INFO - DAG(s) 'example_params_ui_tutorial' retrieved from /home/airflow/.local/lib/python3.12/site-packages/airflow/example_dags/example_params_ui_tutorial.py
[2024-09-28T03:46:40.403+0000] {logging_mixin.py:190} INFO - [2024-09-28T03:46:40.403+0000] {dag.py:3239} INFO - Sync 1 DAGs
[2024-09-28T03:46:40.421+0000] {logging_mixin.py:190} INFO - [2024-09-28T03:46:40.421+0000] {dag.py:4180} INFO - Setting next_dagrun for example_params_ui_tutorial to None, run_after=None
[2024-09-28T03:46:40.451+0000] {processor.py:208} INFO - Processing /home/airflow/.local/lib/python3.12/site-packages/airflow/example_dags/example_params_ui_tutorial.py took 0.128 seconds
[2024-09-28T03:47:10.606+0000] {processor.py:186} INFO - Started process (PID=1108) to work on /home/airflow/.local/lib/python3.12/site-packages/airflow/example_dags/example_params_ui_tutorial.py
[2024-09-28T03:47:10.607+0000] {processor.py:914} INFO - Processing file /home/airflow/.local/lib/python3.12/site-packages/airflow/example_dags/example_params_ui_tutorial.py for tasks to queue
[2024-09-28T03:47:10.611+0000] {logging_mixin.py:190} INFO - [2024-09-28T03:47:10.611+0000] {dagbag.py:588} INFO - Filling up the DagBag from /home/airflow/.local/lib/python3.12/site-packages/airflow/example_dags/example_params_ui_tutorial.py
[2024-09-28T03:47:10.626+0000] {processor.py:925} INFO - DAG(s) 'example_params_ui_tutorial' retrieved from /home/airflow/.local/lib/python3.12/site-packages/airflow/example_dags/example_params_ui_tutorial.py
[2024-09-28T03:47:10.699+0000] {logging_mixin.py:190} INFO - [2024-09-28T03:47:10.699+0000] {dag.py:3239} INFO - Sync 1 DAGs
[2024-09-28T03:47:10.719+0000] {logging_mixin.py:190} INFO - [2024-09-28T03:47:10.719+0000] {dag.py:4180} INFO - Setting next_dagrun for example_params_ui_tutorial to None, run_after=None
[2024-09-28T03:47:10.754+0000] {processor.py:208} INFO - Processing /home/airflow/.local/lib/python3.12/site-packages/airflow/example_dags/example_params_ui_tutorial.py took 0.157 seconds
[2024-09-28T03:47:40.903+0000] {processor.py:186} INFO - Started process (PID=1182) to work on /home/airflow/.local/lib/python3.12/site-packages/airflow/example_dags/example_params_ui_tutorial.py
[2024-09-28T03:47:40.905+0000] {processor.py:914} INFO - Processing file /home/airflow/.local/lib/python3.12/site-packages/airflow/example_dags/example_params_ui_tutorial.py for tasks to queue
[2024-09-28T03:47:40.908+0000] {logging_mixin.py:190} INFO - [2024-09-28T03:47:40.907+0000] {dagbag.py:588} INFO - Filling up the DagBag from /home/airflow/.local/lib/python3.12/site-packages/airflow/example_dags/example_params_ui_tutorial.py
[2024-09-28T03:47:40.928+0000] {processor.py:925} INFO - DAG(s) 'example_params_ui_tutorial' retrieved from /home/airflow/.local/lib/python3.12/site-packages/airflow/example_dags/example_params_ui_tutorial.py
[2024-09-28T03:47:41.268+0000] {logging_mixin.py:190} INFO - [2024-09-28T03:47:41.267+0000] {dag.py:3239} INFO - Sync 1 DAGs
[2024-09-28T03:47:41.331+0000] {logging_mixin.py:190} INFO - [2024-09-28T03:47:41.330+0000] {dag.py:4180} INFO - Setting next_dagrun for example_params_ui_tutorial to None, run_after=None
[2024-09-28T03:47:41.380+0000] {processor.py:208} INFO - Processing /home/airflow/.local/lib/python3.12/site-packages/airflow/example_dags/example_params_ui_tutorial.py took 0.483 seconds
[2024-09-28T03:48:11.714+0000] {processor.py:186} INFO - Started process (PID=1255) to work on /home/airflow/.local/lib/python3.12/site-packages/airflow/example_dags/example_params_ui_tutorial.py
[2024-09-28T03:48:11.715+0000] {processor.py:914} INFO - Processing file /home/airflow/.local/lib/python3.12/site-packages/airflow/example_dags/example_params_ui_tutorial.py for tasks to queue
[2024-09-28T03:48:11.718+0000] {logging_mixin.py:190} INFO - [2024-09-28T03:48:11.718+0000] {dagbag.py:588} INFO - Filling up the DagBag from /home/airflow/.local/lib/python3.12/site-packages/airflow/example_dags/example_params_ui_tutorial.py
[2024-09-28T03:48:11.731+0000] {processor.py:925} INFO - DAG(s) 'example_params_ui_tutorial' retrieved from /home/airflow/.local/lib/python3.12/site-packages/airflow/example_dags/example_params_ui_tutorial.py
[2024-09-28T03:48:11.815+0000] {logging_mixin.py:190} INFO - [2024-09-28T03:48:11.815+0000] {dag.py:3239} INFO - Sync 1 DAGs
[2024-09-28T03:48:11.856+0000] {logging_mixin.py:190} INFO - [2024-09-28T03:48:11.856+0000] {dag.py:4180} INFO - Setting next_dagrun for example_params_ui_tutorial to None, run_after=None
[2024-09-28T03:48:11.900+0000] {processor.py:208} INFO - Processing /home/airflow/.local/lib/python3.12/site-packages/airflow/example_dags/example_params_ui_tutorial.py took 0.192 seconds
[2024-09-28T03:48:42.487+0000] {processor.py:186} INFO - Started process (PID=1329) to work on /home/airflow/.local/lib/python3.12/site-packages/airflow/example_dags/example_params_ui_tutorial.py
[2024-09-28T03:48:42.488+0000] {processor.py:914} INFO - Processing file /home/airflow/.local/lib/python3.12/site-packages/airflow/example_dags/example_params_ui_tutorial.py for tasks to queue
[2024-09-28T03:48:42.491+0000] {logging_mixin.py:190} INFO - [2024-09-28T03:48:42.491+0000] {dagbag.py:588} INFO - Filling up the DagBag from /home/airflow/.local/lib/python3.12/site-packages/airflow/example_dags/example_params_ui_tutorial.py
[2024-09-28T03:48:42.500+0000] {processor.py:925} INFO - DAG(s) 'example_params_ui_tutorial' retrieved from /home/airflow/.local/lib/python3.12/site-packages/airflow/example_dags/example_params_ui_tutorial.py
[2024-09-28T03:48:42.543+0000] {logging_mixin.py:190} INFO - [2024-09-28T03:48:42.543+0000] {dag.py:3239} INFO - Sync 1 DAGs
[2024-09-28T03:48:42.558+0000] {logging_mixin.py:190} INFO - [2024-09-28T03:48:42.558+0000] {dag.py:4180} INFO - Setting next_dagrun for example_params_ui_tutorial to None, run_after=None
[2024-09-28T03:48:42.582+0000] {processor.py:208} INFO - Processing /home/airflow/.local/lib/python3.12/site-packages/airflow/example_dags/example_params_ui_tutorial.py took 0.101 seconds
[2024-09-28T03:49:12.983+0000] {processor.py:186} INFO - Started process (PID=1403) to work on /home/airflow/.local/lib/python3.12/site-packages/airflow/example_dags/example_params_ui_tutorial.py
[2024-09-28T03:49:12.986+0000] {processor.py:914} INFO - Processing file /home/airflow/.local/lib/python3.12/site-packages/airflow/example_dags/example_params_ui_tutorial.py for tasks to queue
[2024-09-28T03:49:12.989+0000] {logging_mixin.py:190} INFO - [2024-09-28T03:49:12.989+0000] {dagbag.py:588} INFO - Filling up the DagBag from /home/airflow/.local/lib/python3.12/site-packages/airflow/example_dags/example_params_ui_tutorial.py
[2024-09-28T03:49:13.001+0000] {processor.py:925} INFO - DAG(s) 'example_params_ui_tutorial' retrieved from /home/airflow/.local/lib/python3.12/site-packages/airflow/example_dags/example_params_ui_tutorial.py
[2024-09-28T03:49:13.049+0000] {logging_mixin.py:190} INFO - [2024-09-28T03:49:13.049+0000] {dag.py:3239} INFO - Sync 1 DAGs
[2024-09-28T03:49:13.068+0000] {logging_mixin.py:190} INFO - [2024-09-28T03:49:13.068+0000] {dag.py:4180} INFO - Setting next_dagrun for example_params_ui_tutorial to None, run_after=None
[2024-09-28T03:49:13.094+0000] {processor.py:208} INFO - Processing /home/airflow/.local/lib/python3.12/site-packages/airflow/example_dags/example_params_ui_tutorial.py took 0.118 seconds
[2024-09-28T03:49:43.313+0000] {processor.py:186} INFO - Started process (PID=1477) to work on /home/airflow/.local/lib/python3.12/site-packages/airflow/example_dags/example_params_ui_tutorial.py
[2024-09-28T03:49:43.315+0000] {processor.py:914} INFO - Processing file /home/airflow/.local/lib/python3.12/site-packages/airflow/example_dags/example_params_ui_tutorial.py for tasks to queue
[2024-09-28T03:49:43.318+0000] {logging_mixin.py:190} INFO - [2024-09-28T03:49:43.318+0000] {dagbag.py:588} INFO - Filling up the DagBag from /home/airflow/.local/lib/python3.12/site-packages/airflow/example_dags/example_params_ui_tutorial.py
[2024-09-28T03:49:43.333+0000] {processor.py:925} INFO - DAG(s) 'example_params_ui_tutorial' retrieved from /home/airflow/.local/lib/python3.12/site-packages/airflow/example_dags/example_params_ui_tutorial.py
[2024-09-28T03:49:43.386+0000] {logging_mixin.py:190} INFO - [2024-09-28T03:49:43.386+0000] {dag.py:3239} INFO - Sync 1 DAGs
[2024-09-28T03:49:43.407+0000] {logging_mixin.py:190} INFO - [2024-09-28T03:49:43.407+0000] {dag.py:4180} INFO - Setting next_dagrun for example_params_ui_tutorial to None, run_after=None
[2024-09-28T03:49:43.443+0000] {processor.py:208} INFO - Processing /home/airflow/.local/lib/python3.12/site-packages/airflow/example_dags/example_params_ui_tutorial.py took 0.137 seconds
[2024-09-28T03:50:13.594+0000] {processor.py:186} INFO - Started process (PID=1551) to work on /home/airflow/.local/lib/python3.12/site-packages/airflow/example_dags/example_params_ui_tutorial.py
[2024-09-28T03:50:13.595+0000] {processor.py:914} INFO - Processing file /home/airflow/.local/lib/python3.12/site-packages/airflow/example_dags/example_params_ui_tutorial.py for tasks to queue
[2024-09-28T03:50:13.598+0000] {logging_mixin.py:190} INFO - [2024-09-28T03:50:13.598+0000] {dagbag.py:588} INFO - Filling up the DagBag from /home/airflow/.local/lib/python3.12/site-packages/airflow/example_dags/example_params_ui_tutorial.py
[2024-09-28T03:50:13.609+0000] {processor.py:925} INFO - DAG(s) 'example_params_ui_tutorial' retrieved from /home/airflow/.local/lib/python3.12/site-packages/airflow/example_dags/example_params_ui_tutorial.py
[2024-09-28T03:50:13.657+0000] {logging_mixin.py:190} INFO - [2024-09-28T03:50:13.656+0000] {dag.py:3239} INFO - Sync 1 DAGs
[2024-09-28T03:50:13.673+0000] {logging_mixin.py:190} INFO - [2024-09-28T03:50:13.673+0000] {dag.py:4180} INFO - Setting next_dagrun for example_params_ui_tutorial to None, run_after=None
[2024-09-28T03:50:13.699+0000] {processor.py:208} INFO - Processing /home/airflow/.local/lib/python3.12/site-packages/airflow/example_dags/example_params_ui_tutorial.py took 0.112 seconds
[2024-09-28T03:53:30.481+0000] {processor.py:186} INFO - Started process (PID=69) to work on /home/airflow/.local/lib/python3.12/site-packages/airflow/example_dags/example_params_ui_tutorial.py
[2024-09-28T03:53:30.501+0000] {processor.py:914} INFO - Processing file /home/airflow/.local/lib/python3.12/site-packages/airflow/example_dags/example_params_ui_tutorial.py for tasks to queue
[2024-09-28T03:53:30.506+0000] {logging_mixin.py:190} INFO - [2024-09-28T03:53:30.505+0000] {dagbag.py:588} INFO - Filling up the DagBag from /home/airflow/.local/lib/python3.12/site-packages/airflow/example_dags/example_params_ui_tutorial.py
[2024-09-28T03:53:30.832+0000] {processor.py:925} INFO - DAG(s) 'example_params_ui_tutorial' retrieved from /home/airflow/.local/lib/python3.12/site-packages/airflow/example_dags/example_params_ui_tutorial.py
[2024-09-28T03:53:31.366+0000] {logging_mixin.py:190} INFO - [2024-09-28T03:53:31.365+0000] {dag.py:3239} INFO - Sync 1 DAGs
[2024-09-28T03:53:31.446+0000] {logging_mixin.py:190} INFO - [2024-09-28T03:53:31.446+0000] {dag.py:4180} INFO - Setting next_dagrun for example_params_ui_tutorial to None, run_after=None
[2024-09-28T03:53:31.485+0000] {processor.py:208} INFO - Processing /home/airflow/.local/lib/python3.12/site-packages/airflow/example_dags/example_params_ui_tutorial.py took 1.071 seconds
[2024-09-28T03:54:01.629+0000] {processor.py:186} INFO - Started process (PID=137) to work on /home/airflow/.local/lib/python3.12/site-packages/airflow/example_dags/example_params_ui_tutorial.py
[2024-09-28T03:54:01.630+0000] {processor.py:914} INFO - Processing file /home/airflow/.local/lib/python3.12/site-packages/airflow/example_dags/example_params_ui_tutorial.py for tasks to queue
[2024-09-28T03:54:01.634+0000] {logging_mixin.py:190} INFO - [2024-09-28T03:54:01.633+0000] {dagbag.py:588} INFO - Filling up the DagBag from /home/airflow/.local/lib/python3.12/site-packages/airflow/example_dags/example_params_ui_tutorial.py
[2024-09-28T03:54:01.699+0000] {processor.py:925} INFO - DAG(s) 'example_params_ui_tutorial' retrieved from /home/airflow/.local/lib/python3.12/site-packages/airflow/example_dags/example_params_ui_tutorial.py
[2024-09-28T03:54:01.847+0000] {logging_mixin.py:190} INFO - [2024-09-28T03:54:01.846+0000] {dag.py:3239} INFO - Sync 1 DAGs
[2024-09-28T03:54:01.889+0000] {logging_mixin.py:190} INFO - [2024-09-28T03:54:01.889+0000] {dag.py:4180} INFO - Setting next_dagrun for example_params_ui_tutorial to None, run_after=None
[2024-09-28T03:54:01.933+0000] {processor.py:208} INFO - Processing /home/airflow/.local/lib/python3.12/site-packages/airflow/example_dags/example_params_ui_tutorial.py took 0.337 seconds
[2024-09-28T03:54:32.786+0000] {processor.py:186} INFO - Started process (PID=218) to work on /home/airflow/.local/lib/python3.12/site-packages/airflow/example_dags/example_params_ui_tutorial.py
[2024-09-28T03:54:32.787+0000] {processor.py:914} INFO - Processing file /home/airflow/.local/lib/python3.12/site-packages/airflow/example_dags/example_params_ui_tutorial.py for tasks to queue
[2024-09-28T03:54:32.789+0000] {logging_mixin.py:190} INFO - [2024-09-28T03:54:32.789+0000] {dagbag.py:588} INFO - Filling up the DagBag from /home/airflow/.local/lib/python3.12/site-packages/airflow/example_dags/example_params_ui_tutorial.py
[2024-09-28T03:54:32.803+0000] {processor.py:925} INFO - DAG(s) 'example_params_ui_tutorial' retrieved from /home/airflow/.local/lib/python3.12/site-packages/airflow/example_dags/example_params_ui_tutorial.py
[2024-09-28T03:54:32.863+0000] {logging_mixin.py:190} INFO - [2024-09-28T03:54:32.863+0000] {dag.py:3239} INFO - Sync 1 DAGs
[2024-09-28T03:54:32.883+0000] {logging_mixin.py:190} INFO - [2024-09-28T03:54:32.883+0000] {dag.py:4180} INFO - Setting next_dagrun for example_params_ui_tutorial to None, run_after=None
[2024-09-28T03:54:32.910+0000] {processor.py:208} INFO - Processing /home/airflow/.local/lib/python3.12/site-packages/airflow/example_dags/example_params_ui_tutorial.py took 0.129 seconds
[2024-09-28T03:55:03.955+0000] {processor.py:186} INFO - Started process (PID=292) to work on /home/airflow/.local/lib/python3.12/site-packages/airflow/example_dags/example_params_ui_tutorial.py
[2024-09-28T03:55:03.956+0000] {processor.py:914} INFO - Processing file /home/airflow/.local/lib/python3.12/site-packages/airflow/example_dags/example_params_ui_tutorial.py for tasks to queue
[2024-09-28T03:55:03.959+0000] {logging_mixin.py:190} INFO - [2024-09-28T03:55:03.958+0000] {dagbag.py:588} INFO - Filling up the DagBag from /home/airflow/.local/lib/python3.12/site-packages/airflow/example_dags/example_params_ui_tutorial.py
[2024-09-28T03:55:03.968+0000] {processor.py:925} INFO - DAG(s) 'example_params_ui_tutorial' retrieved from /home/airflow/.local/lib/python3.12/site-packages/airflow/example_dags/example_params_ui_tutorial.py
[2024-09-28T03:55:04.034+0000] {logging_mixin.py:190} INFO - [2024-09-28T03:55:04.034+0000] {dag.py:3239} INFO - Sync 1 DAGs
[2024-09-28T03:55:04.049+0000] {logging_mixin.py:190} INFO - [2024-09-28T03:55:04.049+0000] {dag.py:4180} INFO - Setting next_dagrun for example_params_ui_tutorial to None, run_after=None
[2024-09-28T03:55:04.073+0000] {processor.py:208} INFO - Processing /home/airflow/.local/lib/python3.12/site-packages/airflow/example_dags/example_params_ui_tutorial.py took 0.123 seconds
[2024-09-28T03:55:34.968+0000] {processor.py:186} INFO - Started process (PID=379) to work on /home/airflow/.local/lib/python3.12/site-packages/airflow/example_dags/example_params_ui_tutorial.py
[2024-09-28T03:55:34.969+0000] {processor.py:914} INFO - Processing file /home/airflow/.local/lib/python3.12/site-packages/airflow/example_dags/example_params_ui_tutorial.py for tasks to queue
[2024-09-28T03:55:34.974+0000] {logging_mixin.py:190} INFO - [2024-09-28T03:55:34.973+0000] {dagbag.py:588} INFO - Filling up the DagBag from /home/airflow/.local/lib/python3.12/site-packages/airflow/example_dags/example_params_ui_tutorial.py
[2024-09-28T03:55:34.992+0000] {processor.py:925} INFO - DAG(s) 'example_params_ui_tutorial' retrieved from /home/airflow/.local/lib/python3.12/site-packages/airflow/example_dags/example_params_ui_tutorial.py
[2024-09-28T03:55:35.179+0000] {logging_mixin.py:190} INFO - [2024-09-28T03:55:35.178+0000] {dag.py:3239} INFO - Sync 1 DAGs
[2024-09-28T03:55:35.226+0000] {logging_mixin.py:190} INFO - [2024-09-28T03:55:35.226+0000] {dag.py:4180} INFO - Setting next_dagrun for example_params_ui_tutorial to None, run_after=None
[2024-09-28T03:55:35.282+0000] {processor.py:208} INFO - Processing /home/airflow/.local/lib/python3.12/site-packages/airflow/example_dags/example_params_ui_tutorial.py took 0.322 seconds
[2024-09-28T03:56:05.514+0000] {processor.py:186} INFO - Started process (PID=562) to work on /home/airflow/.local/lib/python3.12/site-packages/airflow/example_dags/example_params_ui_tutorial.py
[2024-09-28T03:56:05.515+0000] {processor.py:914} INFO - Processing file /home/airflow/.local/lib/python3.12/site-packages/airflow/example_dags/example_params_ui_tutorial.py for tasks to queue
[2024-09-28T03:56:05.517+0000] {logging_mixin.py:190} INFO - [2024-09-28T03:56:05.517+0000] {dagbag.py:588} INFO - Filling up the DagBag from /home/airflow/.local/lib/python3.12/site-packages/airflow/example_dags/example_params_ui_tutorial.py
[2024-09-28T03:56:05.525+0000] {processor.py:925} INFO - DAG(s) 'example_params_ui_tutorial' retrieved from /home/airflow/.local/lib/python3.12/site-packages/airflow/example_dags/example_params_ui_tutorial.py
[2024-09-28T03:56:05.567+0000] {logging_mixin.py:190} INFO - [2024-09-28T03:56:05.566+0000] {dag.py:3239} INFO - Sync 1 DAGs
[2024-09-28T03:56:05.579+0000] {logging_mixin.py:190} INFO - [2024-09-28T03:56:05.579+0000] {dag.py:4180} INFO - Setting next_dagrun for example_params_ui_tutorial to None, run_after=None
[2024-09-28T03:56:05.604+0000] {processor.py:208} INFO - Processing /home/airflow/.local/lib/python3.12/site-packages/airflow/example_dags/example_params_ui_tutorial.py took 0.094 seconds
[2024-09-28T03:56:35.750+0000] {processor.py:186} INFO - Started process (PID=639) to work on /home/airflow/.local/lib/python3.12/site-packages/airflow/example_dags/example_params_ui_tutorial.py
[2024-09-28T03:56:35.752+0000] {processor.py:914} INFO - Processing file /home/airflow/.local/lib/python3.12/site-packages/airflow/example_dags/example_params_ui_tutorial.py for tasks to queue
[2024-09-28T03:56:35.755+0000] {logging_mixin.py:190} INFO - [2024-09-28T03:56:35.755+0000] {dagbag.py:588} INFO - Filling up the DagBag from /home/airflow/.local/lib/python3.12/site-packages/airflow/example_dags/example_params_ui_tutorial.py
[2024-09-28T03:56:35.768+0000] {processor.py:925} INFO - DAG(s) 'example_params_ui_tutorial' retrieved from /home/airflow/.local/lib/python3.12/site-packages/airflow/example_dags/example_params_ui_tutorial.py
[2024-09-28T03:56:35.837+0000] {logging_mixin.py:190} INFO - [2024-09-28T03:56:35.837+0000] {dag.py:3239} INFO - Sync 1 DAGs
[2024-09-28T03:56:35.857+0000] {logging_mixin.py:190} INFO - [2024-09-28T03:56:35.856+0000] {dag.py:4180} INFO - Setting next_dagrun for example_params_ui_tutorial to None, run_after=None
[2024-09-28T03:56:35.901+0000] {processor.py:208} INFO - Processing /home/airflow/.local/lib/python3.12/site-packages/airflow/example_dags/example_params_ui_tutorial.py took 0.159 seconds
[2024-09-28T04:03:02.138+0000] {processor.py:186} INFO - Started process (PID=64) to work on /home/airflow/.local/lib/python3.12/site-packages/airflow/example_dags/example_params_ui_tutorial.py
[2024-09-28T04:03:02.143+0000] {processor.py:914} INFO - Processing file /home/airflow/.local/lib/python3.12/site-packages/airflow/example_dags/example_params_ui_tutorial.py for tasks to queue
[2024-09-28T04:03:02.152+0000] {logging_mixin.py:190} INFO - [2024-09-28T04:03:02.152+0000] {dagbag.py:588} INFO - Filling up the DagBag from /home/airflow/.local/lib/python3.12/site-packages/airflow/example_dags/example_params_ui_tutorial.py
[2024-09-28T04:03:02.198+0000] {processor.py:925} INFO - DAG(s) 'example_params_ui_tutorial' retrieved from /home/airflow/.local/lib/python3.12/site-packages/airflow/example_dags/example_params_ui_tutorial.py
[2024-09-28T04:03:02.385+0000] {logging_mixin.py:190} INFO - [2024-09-28T04:03:02.385+0000] {dag.py:3239} INFO - Sync 1 DAGs
[2024-09-28T04:03:02.426+0000] {logging_mixin.py:190} INFO - [2024-09-28T04:03:02.425+0000] {dag.py:4180} INFO - Setting next_dagrun for example_params_ui_tutorial to None, run_after=None
[2024-09-28T04:03:02.490+0000] {processor.py:208} INFO - Processing /home/airflow/.local/lib/python3.12/site-packages/airflow/example_dags/example_params_ui_tutorial.py took 0.371 seconds
[2024-09-28T04:03:33.416+0000] {processor.py:186} INFO - Started process (PID=127) to work on /home/airflow/.local/lib/python3.12/site-packages/airflow/example_dags/example_params_ui_tutorial.py
[2024-09-28T04:03:33.417+0000] {processor.py:914} INFO - Processing file /home/airflow/.local/lib/python3.12/site-packages/airflow/example_dags/example_params_ui_tutorial.py for tasks to queue
[2024-09-28T04:03:33.420+0000] {logging_mixin.py:190} INFO - [2024-09-28T04:03:33.420+0000] {dagbag.py:588} INFO - Filling up the DagBag from /home/airflow/.local/lib/python3.12/site-packages/airflow/example_dags/example_params_ui_tutorial.py
[2024-09-28T04:03:33.431+0000] {processor.py:925} INFO - DAG(s) 'example_params_ui_tutorial' retrieved from /home/airflow/.local/lib/python3.12/site-packages/airflow/example_dags/example_params_ui_tutorial.py
[2024-09-28T04:03:33.528+0000] {logging_mixin.py:190} INFO - [2024-09-28T04:03:33.527+0000] {dag.py:3239} INFO - Sync 1 DAGs
[2024-09-28T04:03:33.572+0000] {logging_mixin.py:190} INFO - [2024-09-28T04:03:33.571+0000] {dag.py:4180} INFO - Setting next_dagrun for example_params_ui_tutorial to None, run_after=None
[2024-09-28T04:03:33.603+0000] {processor.py:208} INFO - Processing /home/airflow/.local/lib/python3.12/site-packages/airflow/example_dags/example_params_ui_tutorial.py took 0.192 seconds
[2024-09-28T04:04:03.665+0000] {processor.py:186} INFO - Started process (PID=196) to work on /home/airflow/.local/lib/python3.12/site-packages/airflow/example_dags/example_params_ui_tutorial.py
[2024-09-28T04:04:03.667+0000] {processor.py:914} INFO - Processing file /home/airflow/.local/lib/python3.12/site-packages/airflow/example_dags/example_params_ui_tutorial.py for tasks to queue
[2024-09-28T04:04:03.669+0000] {logging_mixin.py:190} INFO - [2024-09-28T04:04:03.669+0000] {dagbag.py:588} INFO - Filling up the DagBag from /home/airflow/.local/lib/python3.12/site-packages/airflow/example_dags/example_params_ui_tutorial.py
[2024-09-28T04:04:03.682+0000] {processor.py:925} INFO - DAG(s) 'example_params_ui_tutorial' retrieved from /home/airflow/.local/lib/python3.12/site-packages/airflow/example_dags/example_params_ui_tutorial.py
[2024-09-28T04:04:03.726+0000] {logging_mixin.py:190} INFO - [2024-09-28T04:04:03.726+0000] {dag.py:3239} INFO - Sync 1 DAGs
[2024-09-28T04:04:03.739+0000] {logging_mixin.py:190} INFO - [2024-09-28T04:04:03.739+0000] {dag.py:4180} INFO - Setting next_dagrun for example_params_ui_tutorial to None, run_after=None
[2024-09-28T04:04:03.763+0000] {processor.py:208} INFO - Processing /home/airflow/.local/lib/python3.12/site-packages/airflow/example_dags/example_params_ui_tutorial.py took 0.103 seconds
[2024-09-28T04:04:34.182+0000] {processor.py:186} INFO - Started process (PID=259) to work on /home/airflow/.local/lib/python3.12/site-packages/airflow/example_dags/example_params_ui_tutorial.py
[2024-09-28T04:04:34.183+0000] {processor.py:914} INFO - Processing file /home/airflow/.local/lib/python3.12/site-packages/airflow/example_dags/example_params_ui_tutorial.py for tasks to queue
[2024-09-28T04:04:34.186+0000] {logging_mixin.py:190} INFO - [2024-09-28T04:04:34.185+0000] {dagbag.py:588} INFO - Filling up the DagBag from /home/airflow/.local/lib/python3.12/site-packages/airflow/example_dags/example_params_ui_tutorial.py
[2024-09-28T04:04:34.195+0000] {processor.py:925} INFO - DAG(s) 'example_params_ui_tutorial' retrieved from /home/airflow/.local/lib/python3.12/site-packages/airflow/example_dags/example_params_ui_tutorial.py
[2024-09-28T04:04:34.238+0000] {logging_mixin.py:190} INFO - [2024-09-28T04:04:34.238+0000] {dag.py:3239} INFO - Sync 1 DAGs
[2024-09-28T04:04:34.254+0000] {logging_mixin.py:190} INFO - [2024-09-28T04:04:34.253+0000] {dag.py:4180} INFO - Setting next_dagrun for example_params_ui_tutorial to None, run_after=None
[2024-09-28T04:04:34.277+0000] {processor.py:208} INFO - Processing /home/airflow/.local/lib/python3.12/site-packages/airflow/example_dags/example_params_ui_tutorial.py took 0.100 seconds
[2024-09-28T04:05:04.533+0000] {processor.py:186} INFO - Started process (PID=345) to work on /home/airflow/.local/lib/python3.12/site-packages/airflow/example_dags/example_params_ui_tutorial.py
[2024-09-28T04:05:04.534+0000] {processor.py:914} INFO - Processing file /home/airflow/.local/lib/python3.12/site-packages/airflow/example_dags/example_params_ui_tutorial.py for tasks to queue
[2024-09-28T04:05:04.536+0000] {logging_mixin.py:190} INFO - [2024-09-28T04:05:04.536+0000] {dagbag.py:588} INFO - Filling up the DagBag from /home/airflow/.local/lib/python3.12/site-packages/airflow/example_dags/example_params_ui_tutorial.py
[2024-09-28T04:05:04.544+0000] {processor.py:925} INFO - DAG(s) 'example_params_ui_tutorial' retrieved from /home/airflow/.local/lib/python3.12/site-packages/airflow/example_dags/example_params_ui_tutorial.py
[2024-09-28T04:05:04.584+0000] {logging_mixin.py:190} INFO - [2024-09-28T04:05:04.584+0000] {dag.py:3239} INFO - Sync 1 DAGs
[2024-09-28T04:05:04.599+0000] {logging_mixin.py:190} INFO - [2024-09-28T04:05:04.598+0000] {dag.py:4180} INFO - Setting next_dagrun for example_params_ui_tutorial to None, run_after=None
[2024-09-28T04:05:04.623+0000] {processor.py:208} INFO - Processing /home/airflow/.local/lib/python3.12/site-packages/airflow/example_dags/example_params_ui_tutorial.py took 0.095 seconds
[2024-09-28T04:05:49.371+0000] {processor.py:186} INFO - Started process (PID=57) to work on /home/airflow/.local/lib/python3.12/site-packages/airflow/example_dags/example_params_ui_tutorial.py
[2024-09-28T04:05:49.373+0000] {processor.py:914} INFO - Processing file /home/airflow/.local/lib/python3.12/site-packages/airflow/example_dags/example_params_ui_tutorial.py for tasks to queue
[2024-09-28T04:05:49.382+0000] {logging_mixin.py:190} INFO - [2024-09-28T04:05:49.381+0000] {dagbag.py:588} INFO - Filling up the DagBag from /home/airflow/.local/lib/python3.12/site-packages/airflow/example_dags/example_params_ui_tutorial.py
[2024-09-28T04:05:49.414+0000] {processor.py:925} INFO - DAG(s) 'example_params_ui_tutorial' retrieved from /home/airflow/.local/lib/python3.12/site-packages/airflow/example_dags/example_params_ui_tutorial.py
[2024-09-28T04:05:49.541+0000] {logging_mixin.py:190} INFO - [2024-09-28T04:05:49.540+0000] {dag.py:3239} INFO - Sync 1 DAGs
[2024-09-28T04:05:49.636+0000] {logging_mixin.py:190} INFO - [2024-09-28T04:05:49.635+0000] {dag.py:4180} INFO - Setting next_dagrun for example_params_ui_tutorial to None, run_after=None
[2024-09-28T04:05:49.691+0000] {processor.py:208} INFO - Processing /home/airflow/.local/lib/python3.12/site-packages/airflow/example_dags/example_params_ui_tutorial.py took 0.328 seconds
[2024-09-28T04:06:19.872+0000] {processor.py:186} INFO - Started process (PID=142) to work on /home/airflow/.local/lib/python3.12/site-packages/airflow/example_dags/example_params_ui_tutorial.py
[2024-09-28T04:06:19.874+0000] {processor.py:914} INFO - Processing file /home/airflow/.local/lib/python3.12/site-packages/airflow/example_dags/example_params_ui_tutorial.py for tasks to queue
[2024-09-28T04:06:19.876+0000] {logging_mixin.py:190} INFO - [2024-09-28T04:06:19.876+0000] {dagbag.py:588} INFO - Filling up the DagBag from /home/airflow/.local/lib/python3.12/site-packages/airflow/example_dags/example_params_ui_tutorial.py
[2024-09-28T04:06:19.884+0000] {processor.py:925} INFO - DAG(s) 'example_params_ui_tutorial' retrieved from /home/airflow/.local/lib/python3.12/site-packages/airflow/example_dags/example_params_ui_tutorial.py
[2024-09-28T04:06:19.925+0000] {logging_mixin.py:190} INFO - [2024-09-28T04:06:19.925+0000] {dag.py:3239} INFO - Sync 1 DAGs
[2024-09-28T04:06:19.940+0000] {logging_mixin.py:190} INFO - [2024-09-28T04:06:19.940+0000] {dag.py:4180} INFO - Setting next_dagrun for example_params_ui_tutorial to None, run_after=None
[2024-09-28T04:06:19.964+0000] {processor.py:208} INFO - Processing /home/airflow/.local/lib/python3.12/site-packages/airflow/example_dags/example_params_ui_tutorial.py took 0.096 seconds
[2024-09-28T04:06:50.147+0000] {processor.py:186} INFO - Started process (PID=205) to work on /home/airflow/.local/lib/python3.12/site-packages/airflow/example_dags/example_params_ui_tutorial.py
[2024-09-28T04:06:50.148+0000] {processor.py:914} INFO - Processing file /home/airflow/.local/lib/python3.12/site-packages/airflow/example_dags/example_params_ui_tutorial.py for tasks to queue
[2024-09-28T04:06:50.151+0000] {logging_mixin.py:190} INFO - [2024-09-28T04:06:50.151+0000] {dagbag.py:588} INFO - Filling up the DagBag from /home/airflow/.local/lib/python3.12/site-packages/airflow/example_dags/example_params_ui_tutorial.py
[2024-09-28T04:06:50.163+0000] {processor.py:925} INFO - DAG(s) 'example_params_ui_tutorial' retrieved from /home/airflow/.local/lib/python3.12/site-packages/airflow/example_dags/example_params_ui_tutorial.py
[2024-09-28T04:06:50.225+0000] {logging_mixin.py:190} INFO - [2024-09-28T04:06:50.225+0000] {dag.py:3239} INFO - Sync 1 DAGs
[2024-09-28T04:06:50.241+0000] {logging_mixin.py:190} INFO - [2024-09-28T04:06:50.240+0000] {dag.py:4180} INFO - Setting next_dagrun for example_params_ui_tutorial to None, run_after=None
[2024-09-28T04:06:50.263+0000] {processor.py:208} INFO - Processing /home/airflow/.local/lib/python3.12/site-packages/airflow/example_dags/example_params_ui_tutorial.py took 0.121 seconds
[2024-09-28T04:07:21.275+0000] {processor.py:186} INFO - Started process (PID=279) to work on /home/airflow/.local/lib/python3.12/site-packages/airflow/example_dags/example_params_ui_tutorial.py
[2024-09-28T04:07:21.276+0000] {processor.py:914} INFO - Processing file /home/airflow/.local/lib/python3.12/site-packages/airflow/example_dags/example_params_ui_tutorial.py for tasks to queue
[2024-09-28T04:07:21.278+0000] {logging_mixin.py:190} INFO - [2024-09-28T04:07:21.278+0000] {dagbag.py:588} INFO - Filling up the DagBag from /home/airflow/.local/lib/python3.12/site-packages/airflow/example_dags/example_params_ui_tutorial.py
[2024-09-28T04:07:21.287+0000] {processor.py:925} INFO - DAG(s) 'example_params_ui_tutorial' retrieved from /home/airflow/.local/lib/python3.12/site-packages/airflow/example_dags/example_params_ui_tutorial.py
[2024-09-28T04:07:21.333+0000] {logging_mixin.py:190} INFO - [2024-09-28T04:07:21.333+0000] {dag.py:3239} INFO - Sync 1 DAGs
[2024-09-28T04:07:21.349+0000] {logging_mixin.py:190} INFO - [2024-09-28T04:07:21.349+0000] {dag.py:4180} INFO - Setting next_dagrun for example_params_ui_tutorial to None, run_after=None
[2024-09-28T04:07:21.373+0000] {processor.py:208} INFO - Processing /home/airflow/.local/lib/python3.12/site-packages/airflow/example_dags/example_params_ui_tutorial.py took 0.103 seconds
[2024-09-28T04:07:51.503+0000] {processor.py:186} INFO - Started process (PID=353) to work on /home/airflow/.local/lib/python3.12/site-packages/airflow/example_dags/example_params_ui_tutorial.py
[2024-09-28T04:07:51.504+0000] {processor.py:914} INFO - Processing file /home/airflow/.local/lib/python3.12/site-packages/airflow/example_dags/example_params_ui_tutorial.py for tasks to queue
[2024-09-28T04:07:51.506+0000] {logging_mixin.py:190} INFO - [2024-09-28T04:07:51.506+0000] {dagbag.py:588} INFO - Filling up the DagBag from /home/airflow/.local/lib/python3.12/site-packages/airflow/example_dags/example_params_ui_tutorial.py
[2024-09-28T04:07:51.514+0000] {processor.py:925} INFO - DAG(s) 'example_params_ui_tutorial' retrieved from /home/airflow/.local/lib/python3.12/site-packages/airflow/example_dags/example_params_ui_tutorial.py
[2024-09-28T04:07:51.556+0000] {logging_mixin.py:190} INFO - [2024-09-28T04:07:51.556+0000] {dag.py:3239} INFO - Sync 1 DAGs
[2024-09-28T04:07:51.571+0000] {logging_mixin.py:190} INFO - [2024-09-28T04:07:51.571+0000] {dag.py:4180} INFO - Setting next_dagrun for example_params_ui_tutorial to None, run_after=None
[2024-09-28T04:07:51.594+0000] {processor.py:208} INFO - Processing /home/airflow/.local/lib/python3.12/site-packages/airflow/example_dags/example_params_ui_tutorial.py took 0.096 seconds
