[2024-09-28T02:19:03.363+0000] {processor.py:186} INFO - Started process (PID=107) to work on /home/airflow/.local/lib/python3.12/site-packages/airflow/example_dags/example_complex.py
[2024-09-28T02:19:03.364+0000] {processor.py:914} INFO - Processing file /home/airflow/.local/lib/python3.12/site-packages/airflow/example_dags/example_complex.py for tasks to queue
[2024-09-28T02:19:03.367+0000] {logging_mixin.py:190} INFO - [2024-09-28T02:19:03.367+0000] {dagbag.py:588} INFO - Filling up the DagBag from /home/airflow/.local/lib/python3.12/site-packages/airflow/example_dags/example_complex.py
[2024-09-28T02:19:03.381+0000] {processor.py:925} INFO - DAG(s) 'example_complex' retrieved from /home/airflow/.local/lib/python3.12/site-packages/airflow/example_dags/example_complex.py
[2024-09-28T02:19:03.424+0000] {logging_mixin.py:190} INFO - [2024-09-28T02:19:03.423+0000] {dag.py:3239} INFO - Sync 1 DAGs
[2024-09-28T02:19:03.443+0000] {logging_mixin.py:190} INFO - [2024-09-28T02:19:03.443+0000] {dag.py:4180} INFO - Setting next_dagrun for example_complex to None, run_after=None
[2024-09-28T02:19:03.471+0000] {processor.py:208} INFO - Processing /home/airflow/.local/lib/python3.12/site-packages/airflow/example_dags/example_complex.py took 0.113 seconds
[2024-09-28T02:19:34.711+0000] {processor.py:186} INFO - Started process (PID=170) to work on /home/airflow/.local/lib/python3.12/site-packages/airflow/example_dags/example_complex.py
[2024-09-28T02:19:34.713+0000] {processor.py:914} INFO - Processing file /home/airflow/.local/lib/python3.12/site-packages/airflow/example_dags/example_complex.py for tasks to queue
[2024-09-28T02:19:34.716+0000] {logging_mixin.py:190} INFO - [2024-09-28T02:19:34.716+0000] {dagbag.py:588} INFO - Filling up the DagBag from /home/airflow/.local/lib/python3.12/site-packages/airflow/example_dags/example_complex.py
[2024-09-28T02:19:34.732+0000] {processor.py:925} INFO - DAG(s) 'example_complex' retrieved from /home/airflow/.local/lib/python3.12/site-packages/airflow/example_dags/example_complex.py
[2024-09-28T02:19:34.775+0000] {logging_mixin.py:190} INFO - [2024-09-28T02:19:34.775+0000] {dag.py:3239} INFO - Sync 1 DAGs
[2024-09-28T02:19:34.801+0000] {logging_mixin.py:190} INFO - [2024-09-28T02:19:34.800+0000] {dag.py:4180} INFO - Setting next_dagrun for example_complex to None, run_after=None
[2024-09-28T02:19:34.840+0000] {processor.py:208} INFO - Processing /home/airflow/.local/lib/python3.12/site-packages/airflow/example_dags/example_complex.py took 0.135 seconds
[2024-09-28T02:20:05.447+0000] {processor.py:186} INFO - Started process (PID=233) to work on /home/airflow/.local/lib/python3.12/site-packages/airflow/example_dags/example_complex.py
[2024-09-28T02:20:05.449+0000] {processor.py:914} INFO - Processing file /home/airflow/.local/lib/python3.12/site-packages/airflow/example_dags/example_complex.py for tasks to queue
[2024-09-28T02:20:05.451+0000] {logging_mixin.py:190} INFO - [2024-09-28T02:20:05.451+0000] {dagbag.py:588} INFO - Filling up the DagBag from /home/airflow/.local/lib/python3.12/site-packages/airflow/example_dags/example_complex.py
[2024-09-28T02:20:05.461+0000] {processor.py:925} INFO - DAG(s) 'example_complex' retrieved from /home/airflow/.local/lib/python3.12/site-packages/airflow/example_dags/example_complex.py
[2024-09-28T02:20:05.493+0000] {logging_mixin.py:190} INFO - [2024-09-28T02:20:05.493+0000] {dag.py:3239} INFO - Sync 1 DAGs
[2024-09-28T02:20:05.508+0000] {logging_mixin.py:190} INFO - [2024-09-28T02:20:05.507+0000] {dag.py:4180} INFO - Setting next_dagrun for example_complex to None, run_after=None
[2024-09-28T02:20:05.532+0000] {processor.py:208} INFO - Processing /home/airflow/.local/lib/python3.12/site-packages/airflow/example_dags/example_complex.py took 0.089 seconds
[2024-09-28T02:20:36.044+0000] {processor.py:186} INFO - Started process (PID=296) to work on /home/airflow/.local/lib/python3.12/site-packages/airflow/example_dags/example_complex.py
[2024-09-28T02:20:36.046+0000] {processor.py:914} INFO - Processing file /home/airflow/.local/lib/python3.12/site-packages/airflow/example_dags/example_complex.py for tasks to queue
[2024-09-28T02:20:36.049+0000] {logging_mixin.py:190} INFO - [2024-09-28T02:20:36.048+0000] {dagbag.py:588} INFO - Filling up the DagBag from /home/airflow/.local/lib/python3.12/site-packages/airflow/example_dags/example_complex.py
[2024-09-28T02:20:36.063+0000] {processor.py:925} INFO - DAG(s) 'example_complex' retrieved from /home/airflow/.local/lib/python3.12/site-packages/airflow/example_dags/example_complex.py
[2024-09-28T02:20:36.102+0000] {logging_mixin.py:190} INFO - [2024-09-28T02:20:36.102+0000] {dag.py:3239} INFO - Sync 1 DAGs
[2024-09-28T02:20:36.120+0000] {logging_mixin.py:190} INFO - [2024-09-28T02:20:36.119+0000] {dag.py:4180} INFO - Setting next_dagrun for example_complex to None, run_after=None
[2024-09-28T02:20:36.150+0000] {processor.py:208} INFO - Processing /home/airflow/.local/lib/python3.12/site-packages/airflow/example_dags/example_complex.py took 0.111 seconds
[2024-09-28T02:21:06.497+0000] {processor.py:186} INFO - Started process (PID=359) to work on /home/airflow/.local/lib/python3.12/site-packages/airflow/example_dags/example_complex.py
[2024-09-28T02:21:06.498+0000] {processor.py:914} INFO - Processing file /home/airflow/.local/lib/python3.12/site-packages/airflow/example_dags/example_complex.py for tasks to queue
[2024-09-28T02:21:06.501+0000] {logging_mixin.py:190} INFO - [2024-09-28T02:21:06.501+0000] {dagbag.py:588} INFO - Filling up the DagBag from /home/airflow/.local/lib/python3.12/site-packages/airflow/example_dags/example_complex.py
[2024-09-28T02:21:06.521+0000] {processor.py:925} INFO - DAG(s) 'example_complex' retrieved from /home/airflow/.local/lib/python3.12/site-packages/airflow/example_dags/example_complex.py
[2024-09-28T02:21:06.574+0000] {logging_mixin.py:190} INFO - [2024-09-28T02:21:06.573+0000] {dag.py:3239} INFO - Sync 1 DAGs
[2024-09-28T02:21:06.598+0000] {logging_mixin.py:190} INFO - [2024-09-28T02:21:06.597+0000] {dag.py:4180} INFO - Setting next_dagrun for example_complex to None, run_after=None
[2024-09-28T02:21:06.663+0000] {processor.py:208} INFO - Processing /home/airflow/.local/lib/python3.12/site-packages/airflow/example_dags/example_complex.py took 0.174 seconds
[2024-09-28T02:21:36.941+0000] {processor.py:186} INFO - Started process (PID=422) to work on /home/airflow/.local/lib/python3.12/site-packages/airflow/example_dags/example_complex.py
[2024-09-28T02:21:36.943+0000] {processor.py:914} INFO - Processing file /home/airflow/.local/lib/python3.12/site-packages/airflow/example_dags/example_complex.py for tasks to queue
[2024-09-28T02:21:36.946+0000] {logging_mixin.py:190} INFO - [2024-09-28T02:21:36.945+0000] {dagbag.py:588} INFO - Filling up the DagBag from /home/airflow/.local/lib/python3.12/site-packages/airflow/example_dags/example_complex.py
[2024-09-28T02:21:36.960+0000] {processor.py:925} INFO - DAG(s) 'example_complex' retrieved from /home/airflow/.local/lib/python3.12/site-packages/airflow/example_dags/example_complex.py
[2024-09-28T02:21:37.002+0000] {logging_mixin.py:190} INFO - [2024-09-28T02:21:37.002+0000] {dag.py:3239} INFO - Sync 1 DAGs
[2024-09-28T02:21:37.021+0000] {logging_mixin.py:190} INFO - [2024-09-28T02:21:37.020+0000] {dag.py:4180} INFO - Setting next_dagrun for example_complex to None, run_after=None
[2024-09-28T02:21:37.053+0000] {processor.py:208} INFO - Processing /home/airflow/.local/lib/python3.12/site-packages/airflow/example_dags/example_complex.py took 0.118 seconds
[2024-09-28T02:22:07.383+0000] {processor.py:186} INFO - Started process (PID=485) to work on /home/airflow/.local/lib/python3.12/site-packages/airflow/example_dags/example_complex.py
[2024-09-28T02:22:07.384+0000] {processor.py:914} INFO - Processing file /home/airflow/.local/lib/python3.12/site-packages/airflow/example_dags/example_complex.py for tasks to queue
[2024-09-28T02:22:07.387+0000] {logging_mixin.py:190} INFO - [2024-09-28T02:22:07.387+0000] {dagbag.py:588} INFO - Filling up the DagBag from /home/airflow/.local/lib/python3.12/site-packages/airflow/example_dags/example_complex.py
[2024-09-28T02:22:07.398+0000] {processor.py:925} INFO - DAG(s) 'example_complex' retrieved from /home/airflow/.local/lib/python3.12/site-packages/airflow/example_dags/example_complex.py
[2024-09-28T02:22:07.429+0000] {logging_mixin.py:190} INFO - [2024-09-28T02:22:07.429+0000] {dag.py:3239} INFO - Sync 1 DAGs
[2024-09-28T02:22:07.443+0000] {logging_mixin.py:190} INFO - [2024-09-28T02:22:07.443+0000] {dag.py:4180} INFO - Setting next_dagrun for example_complex to None, run_after=None
[2024-09-28T02:22:07.467+0000] {processor.py:208} INFO - Processing /home/airflow/.local/lib/python3.12/site-packages/airflow/example_dags/example_complex.py took 0.089 seconds
[2024-09-28T02:22:38.334+0000] {processor.py:186} INFO - Started process (PID=548) to work on /home/airflow/.local/lib/python3.12/site-packages/airflow/example_dags/example_complex.py
[2024-09-28T02:22:38.335+0000] {processor.py:914} INFO - Processing file /home/airflow/.local/lib/python3.12/site-packages/airflow/example_dags/example_complex.py for tasks to queue
[2024-09-28T02:22:38.339+0000] {logging_mixin.py:190} INFO - [2024-09-28T02:22:38.338+0000] {dagbag.py:588} INFO - Filling up the DagBag from /home/airflow/.local/lib/python3.12/site-packages/airflow/example_dags/example_complex.py
[2024-09-28T02:22:38.358+0000] {processor.py:925} INFO - DAG(s) 'example_complex' retrieved from /home/airflow/.local/lib/python3.12/site-packages/airflow/example_dags/example_complex.py
[2024-09-28T02:22:38.407+0000] {logging_mixin.py:190} INFO - [2024-09-28T02:22:38.406+0000] {dag.py:3239} INFO - Sync 1 DAGs
[2024-09-28T02:22:38.426+0000] {logging_mixin.py:190} INFO - [2024-09-28T02:22:38.426+0000] {dag.py:4180} INFO - Setting next_dagrun for example_complex to None, run_after=None
[2024-09-28T02:22:38.454+0000] {processor.py:208} INFO - Processing /home/airflow/.local/lib/python3.12/site-packages/airflow/example_dags/example_complex.py took 0.129 seconds
[2024-09-28T02:23:09.085+0000] {processor.py:186} INFO - Started process (PID=612) to work on /home/airflow/.local/lib/python3.12/site-packages/airflow/example_dags/example_complex.py
[2024-09-28T02:23:09.086+0000] {processor.py:914} INFO - Processing file /home/airflow/.local/lib/python3.12/site-packages/airflow/example_dags/example_complex.py for tasks to queue
[2024-09-28T02:23:09.089+0000] {logging_mixin.py:190} INFO - [2024-09-28T02:23:09.088+0000] {dagbag.py:588} INFO - Filling up the DagBag from /home/airflow/.local/lib/python3.12/site-packages/airflow/example_dags/example_complex.py
[2024-09-28T02:23:09.099+0000] {processor.py:925} INFO - DAG(s) 'example_complex' retrieved from /home/airflow/.local/lib/python3.12/site-packages/airflow/example_dags/example_complex.py
[2024-09-28T02:23:09.130+0000] {logging_mixin.py:190} INFO - [2024-09-28T02:23:09.129+0000] {dag.py:3239} INFO - Sync 1 DAGs
[2024-09-28T02:23:09.146+0000] {logging_mixin.py:190} INFO - [2024-09-28T02:23:09.145+0000] {dag.py:4180} INFO - Setting next_dagrun for example_complex to None, run_after=None
[2024-09-28T02:23:09.170+0000] {processor.py:208} INFO - Processing /home/airflow/.local/lib/python3.12/site-packages/airflow/example_dags/example_complex.py took 0.090 seconds
[2024-09-28T02:23:40.049+0000] {processor.py:186} INFO - Started process (PID=675) to work on /home/airflow/.local/lib/python3.12/site-packages/airflow/example_dags/example_complex.py
[2024-09-28T02:23:40.050+0000] {processor.py:914} INFO - Processing file /home/airflow/.local/lib/python3.12/site-packages/airflow/example_dags/example_complex.py for tasks to queue
[2024-09-28T02:23:40.053+0000] {logging_mixin.py:190} INFO - [2024-09-28T02:23:40.052+0000] {dagbag.py:588} INFO - Filling up the DagBag from /home/airflow/.local/lib/python3.12/site-packages/airflow/example_dags/example_complex.py
[2024-09-28T02:23:40.062+0000] {processor.py:925} INFO - DAG(s) 'example_complex' retrieved from /home/airflow/.local/lib/python3.12/site-packages/airflow/example_dags/example_complex.py
[2024-09-28T02:23:40.091+0000] {logging_mixin.py:190} INFO - [2024-09-28T02:23:40.091+0000] {dag.py:3239} INFO - Sync 1 DAGs
[2024-09-28T02:23:40.105+0000] {logging_mixin.py:190} INFO - [2024-09-28T02:23:40.105+0000] {dag.py:4180} INFO - Setting next_dagrun for example_complex to None, run_after=None
[2024-09-28T02:23:40.128+0000] {processor.py:208} INFO - Processing /home/airflow/.local/lib/python3.12/site-packages/airflow/example_dags/example_complex.py took 0.083 seconds
[2024-09-28T02:24:10.842+0000] {processor.py:186} INFO - Started process (PID=738) to work on /home/airflow/.local/lib/python3.12/site-packages/airflow/example_dags/example_complex.py
[2024-09-28T02:24:10.844+0000] {processor.py:914} INFO - Processing file /home/airflow/.local/lib/python3.12/site-packages/airflow/example_dags/example_complex.py for tasks to queue
[2024-09-28T02:24:10.846+0000] {logging_mixin.py:190} INFO - [2024-09-28T02:24:10.846+0000] {dagbag.py:588} INFO - Filling up the DagBag from /home/airflow/.local/lib/python3.12/site-packages/airflow/example_dags/example_complex.py
[2024-09-28T02:24:10.858+0000] {processor.py:925} INFO - DAG(s) 'example_complex' retrieved from /home/airflow/.local/lib/python3.12/site-packages/airflow/example_dags/example_complex.py
[2024-09-28T02:24:10.892+0000] {logging_mixin.py:190} INFO - [2024-09-28T02:24:10.892+0000] {dag.py:3239} INFO - Sync 1 DAGs
[2024-09-28T02:24:10.908+0000] {logging_mixin.py:190} INFO - [2024-09-28T02:24:10.907+0000] {dag.py:4180} INFO - Setting next_dagrun for example_complex to None, run_after=None
[2024-09-28T02:24:10.931+0000] {processor.py:208} INFO - Processing /home/airflow/.local/lib/python3.12/site-packages/airflow/example_dags/example_complex.py took 0.095 seconds
[2024-09-28T02:24:41.682+0000] {processor.py:186} INFO - Started process (PID=801) to work on /home/airflow/.local/lib/python3.12/site-packages/airflow/example_dags/example_complex.py
[2024-09-28T02:24:41.684+0000] {processor.py:914} INFO - Processing file /home/airflow/.local/lib/python3.12/site-packages/airflow/example_dags/example_complex.py for tasks to queue
[2024-09-28T02:24:41.687+0000] {logging_mixin.py:190} INFO - [2024-09-28T02:24:41.686+0000] {dagbag.py:588} INFO - Filling up the DagBag from /home/airflow/.local/lib/python3.12/site-packages/airflow/example_dags/example_complex.py
[2024-09-28T02:24:41.700+0000] {processor.py:925} INFO - DAG(s) 'example_complex' retrieved from /home/airflow/.local/lib/python3.12/site-packages/airflow/example_dags/example_complex.py
[2024-09-28T02:24:41.736+0000] {logging_mixin.py:190} INFO - [2024-09-28T02:24:41.735+0000] {dag.py:3239} INFO - Sync 1 DAGs
[2024-09-28T02:24:41.755+0000] {logging_mixin.py:190} INFO - [2024-09-28T02:24:41.754+0000] {dag.py:4180} INFO - Setting next_dagrun for example_complex to None, run_after=None
[2024-09-28T02:24:41.795+0000] {processor.py:208} INFO - Processing /home/airflow/.local/lib/python3.12/site-packages/airflow/example_dags/example_complex.py took 0.118 seconds
[2024-09-28T02:25:12.119+0000] {processor.py:186} INFO - Started process (PID=864) to work on /home/airflow/.local/lib/python3.12/site-packages/airflow/example_dags/example_complex.py
[2024-09-28T02:25:12.121+0000] {processor.py:914} INFO - Processing file /home/airflow/.local/lib/python3.12/site-packages/airflow/example_dags/example_complex.py for tasks to queue
[2024-09-28T02:25:12.124+0000] {logging_mixin.py:190} INFO - [2024-09-28T02:25:12.124+0000] {dagbag.py:588} INFO - Filling up the DagBag from /home/airflow/.local/lib/python3.12/site-packages/airflow/example_dags/example_complex.py
[2024-09-28T02:25:12.137+0000] {processor.py:925} INFO - DAG(s) 'example_complex' retrieved from /home/airflow/.local/lib/python3.12/site-packages/airflow/example_dags/example_complex.py
[2024-09-28T02:25:12.173+0000] {logging_mixin.py:190} INFO - [2024-09-28T02:25:12.173+0000] {dag.py:3239} INFO - Sync 1 DAGs
[2024-09-28T02:25:12.193+0000] {logging_mixin.py:190} INFO - [2024-09-28T02:25:12.193+0000] {dag.py:4180} INFO - Setting next_dagrun for example_complex to None, run_after=None
[2024-09-28T02:25:12.224+0000] {processor.py:208} INFO - Processing /home/airflow/.local/lib/python3.12/site-packages/airflow/example_dags/example_complex.py took 0.111 seconds
[2024-09-28T02:25:42.510+0000] {processor.py:186} INFO - Started process (PID=927) to work on /home/airflow/.local/lib/python3.12/site-packages/airflow/example_dags/example_complex.py
[2024-09-28T02:25:42.511+0000] {processor.py:914} INFO - Processing file /home/airflow/.local/lib/python3.12/site-packages/airflow/example_dags/example_complex.py for tasks to queue
[2024-09-28T02:25:42.514+0000] {logging_mixin.py:190} INFO - [2024-09-28T02:25:42.513+0000] {dagbag.py:588} INFO - Filling up the DagBag from /home/airflow/.local/lib/python3.12/site-packages/airflow/example_dags/example_complex.py
[2024-09-28T02:25:42.527+0000] {processor.py:925} INFO - DAG(s) 'example_complex' retrieved from /home/airflow/.local/lib/python3.12/site-packages/airflow/example_dags/example_complex.py
[2024-09-28T02:25:42.562+0000] {logging_mixin.py:190} INFO - [2024-09-28T02:25:42.561+0000] {dag.py:3239} INFO - Sync 1 DAGs
[2024-09-28T02:25:42.579+0000] {logging_mixin.py:190} INFO - [2024-09-28T02:25:42.579+0000] {dag.py:4180} INFO - Setting next_dagrun for example_complex to None, run_after=None
[2024-09-28T02:25:42.606+0000] {processor.py:208} INFO - Processing /home/airflow/.local/lib/python3.12/site-packages/airflow/example_dags/example_complex.py took 0.102 seconds
[2024-09-28T02:26:12.896+0000] {processor.py:186} INFO - Started process (PID=990) to work on /home/airflow/.local/lib/python3.12/site-packages/airflow/example_dags/example_complex.py
[2024-09-28T02:26:12.897+0000] {processor.py:914} INFO - Processing file /home/airflow/.local/lib/python3.12/site-packages/airflow/example_dags/example_complex.py for tasks to queue
[2024-09-28T02:26:12.900+0000] {logging_mixin.py:190} INFO - [2024-09-28T02:26:12.899+0000] {dagbag.py:588} INFO - Filling up the DagBag from /home/airflow/.local/lib/python3.12/site-packages/airflow/example_dags/example_complex.py
[2024-09-28T02:26:12.913+0000] {processor.py:925} INFO - DAG(s) 'example_complex' retrieved from /home/airflow/.local/lib/python3.12/site-packages/airflow/example_dags/example_complex.py
[2024-09-28T02:26:12.946+0000] {logging_mixin.py:190} INFO - [2024-09-28T02:26:12.946+0000] {dag.py:3239} INFO - Sync 1 DAGs
[2024-09-28T02:26:12.961+0000] {logging_mixin.py:190} INFO - [2024-09-28T02:26:12.961+0000] {dag.py:4180} INFO - Setting next_dagrun for example_complex to None, run_after=None
[2024-09-28T02:26:12.985+0000] {processor.py:208} INFO - Processing /home/airflow/.local/lib/python3.12/site-packages/airflow/example_dags/example_complex.py took 0.095 seconds
[2024-09-28T02:46:07.095+0000] {processor.py:186} INFO - Started process (PID=106) to work on /home/airflow/.local/lib/python3.12/site-packages/airflow/example_dags/example_complex.py
[2024-09-28T02:46:07.097+0000] {processor.py:914} INFO - Processing file /home/airflow/.local/lib/python3.12/site-packages/airflow/example_dags/example_complex.py for tasks to queue
[2024-09-28T02:46:07.101+0000] {logging_mixin.py:190} INFO - [2024-09-28T02:46:07.100+0000] {dagbag.py:588} INFO - Filling up the DagBag from /home/airflow/.local/lib/python3.12/site-packages/airflow/example_dags/example_complex.py
[2024-09-28T02:46:07.120+0000] {processor.py:925} INFO - DAG(s) 'example_complex' retrieved from /home/airflow/.local/lib/python3.12/site-packages/airflow/example_dags/example_complex.py
[2024-09-28T02:46:07.180+0000] {logging_mixin.py:190} INFO - [2024-09-28T02:46:07.180+0000] {dag.py:3239} INFO - Sync 1 DAGs
[2024-09-28T02:46:07.200+0000] {logging_mixin.py:190} INFO - [2024-09-28T02:46:07.199+0000] {dag.py:4180} INFO - Setting next_dagrun for example_complex to None, run_after=None
[2024-09-28T02:46:07.230+0000] {processor.py:208} INFO - Processing /home/airflow/.local/lib/python3.12/site-packages/airflow/example_dags/example_complex.py took 0.141 seconds
[2024-09-28T02:46:38.948+0000] {processor.py:186} INFO - Started process (PID=169) to work on /home/airflow/.local/lib/python3.12/site-packages/airflow/example_dags/example_complex.py
[2024-09-28T02:46:38.949+0000] {processor.py:914} INFO - Processing file /home/airflow/.local/lib/python3.12/site-packages/airflow/example_dags/example_complex.py for tasks to queue
[2024-09-28T02:46:38.952+0000] {logging_mixin.py:190} INFO - [2024-09-28T02:46:38.952+0000] {dagbag.py:588} INFO - Filling up the DagBag from /home/airflow/.local/lib/python3.12/site-packages/airflow/example_dags/example_complex.py
[2024-09-28T02:46:38.967+0000] {processor.py:925} INFO - DAG(s) 'example_complex' retrieved from /home/airflow/.local/lib/python3.12/site-packages/airflow/example_dags/example_complex.py
[2024-09-28T02:46:39.003+0000] {logging_mixin.py:190} INFO - [2024-09-28T02:46:39.003+0000] {dag.py:3239} INFO - Sync 1 DAGs
[2024-09-28T02:46:39.020+0000] {logging_mixin.py:190} INFO - [2024-09-28T02:46:39.020+0000] {dag.py:4180} INFO - Setting next_dagrun for example_complex to None, run_after=None
[2024-09-28T02:46:39.049+0000] {processor.py:208} INFO - Processing /home/airflow/.local/lib/python3.12/site-packages/airflow/example_dags/example_complex.py took 0.108 seconds
[2024-09-28T02:47:11.037+0000] {processor.py:186} INFO - Started process (PID=232) to work on /home/airflow/.local/lib/python3.12/site-packages/airflow/example_dags/example_complex.py
[2024-09-28T02:47:11.039+0000] {processor.py:914} INFO - Processing file /home/airflow/.local/lib/python3.12/site-packages/airflow/example_dags/example_complex.py for tasks to queue
[2024-09-28T02:47:11.041+0000] {logging_mixin.py:190} INFO - [2024-09-28T02:47:11.041+0000] {dagbag.py:588} INFO - Filling up the DagBag from /home/airflow/.local/lib/python3.12/site-packages/airflow/example_dags/example_complex.py
[2024-09-28T02:47:11.055+0000] {processor.py:925} INFO - DAG(s) 'example_complex' retrieved from /home/airflow/.local/lib/python3.12/site-packages/airflow/example_dags/example_complex.py
[2024-09-28T02:47:11.091+0000] {logging_mixin.py:190} INFO - [2024-09-28T02:47:11.091+0000] {dag.py:3239} INFO - Sync 1 DAGs
[2024-09-28T02:47:11.109+0000] {logging_mixin.py:190} INFO - [2024-09-28T02:47:11.109+0000] {dag.py:4180} INFO - Setting next_dagrun for example_complex to None, run_after=None
[2024-09-28T02:47:11.135+0000] {processor.py:208} INFO - Processing /home/airflow/.local/lib/python3.12/site-packages/airflow/example_dags/example_complex.py took 0.104 seconds
[2024-09-28T02:47:42.059+0000] {processor.py:186} INFO - Started process (PID=296) to work on /home/airflow/.local/lib/python3.12/site-packages/airflow/example_dags/example_complex.py
[2024-09-28T02:47:42.060+0000] {processor.py:914} INFO - Processing file /home/airflow/.local/lib/python3.12/site-packages/airflow/example_dags/example_complex.py for tasks to queue
[2024-09-28T02:47:42.063+0000] {logging_mixin.py:190} INFO - [2024-09-28T02:47:42.062+0000] {dagbag.py:588} INFO - Filling up the DagBag from /home/airflow/.local/lib/python3.12/site-packages/airflow/example_dags/example_complex.py
[2024-09-28T02:47:42.076+0000] {processor.py:925} INFO - DAG(s) 'example_complex' retrieved from /home/airflow/.local/lib/python3.12/site-packages/airflow/example_dags/example_complex.py
[2024-09-28T02:47:42.112+0000] {logging_mixin.py:190} INFO - [2024-09-28T02:47:42.112+0000] {dag.py:3239} INFO - Sync 1 DAGs
[2024-09-28T02:47:42.129+0000] {logging_mixin.py:190} INFO - [2024-09-28T02:47:42.129+0000] {dag.py:4180} INFO - Setting next_dagrun for example_complex to None, run_after=None
[2024-09-28T02:47:42.157+0000] {processor.py:208} INFO - Processing /home/airflow/.local/lib/python3.12/site-packages/airflow/example_dags/example_complex.py took 0.104 seconds
[2024-09-28T02:48:14.290+0000] {processor.py:186} INFO - Started process (PID=359) to work on /home/airflow/.local/lib/python3.12/site-packages/airflow/example_dags/example_complex.py
[2024-09-28T02:48:14.291+0000] {processor.py:914} INFO - Processing file /home/airflow/.local/lib/python3.12/site-packages/airflow/example_dags/example_complex.py for tasks to queue
[2024-09-28T02:48:14.294+0000] {logging_mixin.py:190} INFO - [2024-09-28T02:48:14.294+0000] {dagbag.py:588} INFO - Filling up the DagBag from /home/airflow/.local/lib/python3.12/site-packages/airflow/example_dags/example_complex.py
[2024-09-28T02:48:14.304+0000] {processor.py:925} INFO - DAG(s) 'example_complex' retrieved from /home/airflow/.local/lib/python3.12/site-packages/airflow/example_dags/example_complex.py
[2024-09-28T02:48:14.333+0000] {logging_mixin.py:190} INFO - [2024-09-28T02:48:14.332+0000] {dag.py:3239} INFO - Sync 1 DAGs
[2024-09-28T02:48:14.347+0000] {logging_mixin.py:190} INFO - [2024-09-28T02:48:14.347+0000] {dag.py:4180} INFO - Setting next_dagrun for example_complex to None, run_after=None
[2024-09-28T02:48:14.371+0000] {processor.py:208} INFO - Processing /home/airflow/.local/lib/python3.12/site-packages/airflow/example_dags/example_complex.py took 0.085 seconds
[2024-09-28T02:48:44.892+0000] {processor.py:186} INFO - Started process (PID=422) to work on /home/airflow/.local/lib/python3.12/site-packages/airflow/example_dags/example_complex.py
[2024-09-28T02:48:44.893+0000] {processor.py:914} INFO - Processing file /home/airflow/.local/lib/python3.12/site-packages/airflow/example_dags/example_complex.py for tasks to queue
[2024-09-28T02:48:44.896+0000] {logging_mixin.py:190} INFO - [2024-09-28T02:48:44.895+0000] {dagbag.py:588} INFO - Filling up the DagBag from /home/airflow/.local/lib/python3.12/site-packages/airflow/example_dags/example_complex.py
[2024-09-28T02:48:44.908+0000] {processor.py:925} INFO - DAG(s) 'example_complex' retrieved from /home/airflow/.local/lib/python3.12/site-packages/airflow/example_dags/example_complex.py
[2024-09-28T02:48:44.943+0000] {logging_mixin.py:190} INFO - [2024-09-28T02:48:44.942+0000] {dag.py:3239} INFO - Sync 1 DAGs
[2024-09-28T02:48:44.960+0000] {logging_mixin.py:190} INFO - [2024-09-28T02:48:44.960+0000] {dag.py:4180} INFO - Setting next_dagrun for example_complex to None, run_after=None
[2024-09-28T02:48:44.985+0000] {processor.py:208} INFO - Processing /home/airflow/.local/lib/python3.12/site-packages/airflow/example_dags/example_complex.py took 0.099 seconds
[2024-09-28T02:49:15.259+0000] {processor.py:186} INFO - Started process (PID=485) to work on /home/airflow/.local/lib/python3.12/site-packages/airflow/example_dags/example_complex.py
[2024-09-28T02:49:15.260+0000] {processor.py:914} INFO - Processing file /home/airflow/.local/lib/python3.12/site-packages/airflow/example_dags/example_complex.py for tasks to queue
[2024-09-28T02:49:15.262+0000] {logging_mixin.py:190} INFO - [2024-09-28T02:49:15.262+0000] {dagbag.py:588} INFO - Filling up the DagBag from /home/airflow/.local/lib/python3.12/site-packages/airflow/example_dags/example_complex.py
[2024-09-28T02:49:15.275+0000] {processor.py:925} INFO - DAG(s) 'example_complex' retrieved from /home/airflow/.local/lib/python3.12/site-packages/airflow/example_dags/example_complex.py
[2024-09-28T02:49:15.307+0000] {logging_mixin.py:190} INFO - [2024-09-28T02:49:15.307+0000] {dag.py:3239} INFO - Sync 1 DAGs
[2024-09-28T02:49:15.321+0000] {logging_mixin.py:190} INFO - [2024-09-28T02:49:15.321+0000] {dag.py:4180} INFO - Setting next_dagrun for example_complex to None, run_after=None
[2024-09-28T02:49:15.344+0000] {processor.py:208} INFO - Processing /home/airflow/.local/lib/python3.12/site-packages/airflow/example_dags/example_complex.py took 0.090 seconds
[2024-09-28T02:49:45.740+0000] {processor.py:186} INFO - Started process (PID=548) to work on /home/airflow/.local/lib/python3.12/site-packages/airflow/example_dags/example_complex.py
[2024-09-28T02:49:45.741+0000] {processor.py:914} INFO - Processing file /home/airflow/.local/lib/python3.12/site-packages/airflow/example_dags/example_complex.py for tasks to queue
[2024-09-28T02:49:45.743+0000] {logging_mixin.py:190} INFO - [2024-09-28T02:49:45.743+0000] {dagbag.py:588} INFO - Filling up the DagBag from /home/airflow/.local/lib/python3.12/site-packages/airflow/example_dags/example_complex.py
[2024-09-28T02:49:45.755+0000] {processor.py:925} INFO - DAG(s) 'example_complex' retrieved from /home/airflow/.local/lib/python3.12/site-packages/airflow/example_dags/example_complex.py
[2024-09-28T02:49:45.784+0000] {logging_mixin.py:190} INFO - [2024-09-28T02:49:45.784+0000] {dag.py:3239} INFO - Sync 1 DAGs
[2024-09-28T02:49:45.797+0000] {logging_mixin.py:190} INFO - [2024-09-28T02:49:45.797+0000] {dag.py:4180} INFO - Setting next_dagrun for example_complex to None, run_after=None
[2024-09-28T02:49:45.821+0000] {processor.py:208} INFO - Processing /home/airflow/.local/lib/python3.12/site-packages/airflow/example_dags/example_complex.py took 0.087 seconds
[2024-09-28T02:50:16.479+0000] {processor.py:186} INFO - Started process (PID=612) to work on /home/airflow/.local/lib/python3.12/site-packages/airflow/example_dags/example_complex.py
[2024-09-28T02:50:16.480+0000] {processor.py:914} INFO - Processing file /home/airflow/.local/lib/python3.12/site-packages/airflow/example_dags/example_complex.py for tasks to queue
[2024-09-28T02:50:16.482+0000] {logging_mixin.py:190} INFO - [2024-09-28T02:50:16.481+0000] {dagbag.py:588} INFO - Filling up the DagBag from /home/airflow/.local/lib/python3.12/site-packages/airflow/example_dags/example_complex.py
[2024-09-28T02:50:16.493+0000] {processor.py:925} INFO - DAG(s) 'example_complex' retrieved from /home/airflow/.local/lib/python3.12/site-packages/airflow/example_dags/example_complex.py
[2024-09-28T02:50:16.521+0000] {logging_mixin.py:190} INFO - [2024-09-28T02:50:16.521+0000] {dag.py:3239} INFO - Sync 1 DAGs
[2024-09-28T02:50:16.534+0000] {logging_mixin.py:190} INFO - [2024-09-28T02:50:16.534+0000] {dag.py:4180} INFO - Setting next_dagrun for example_complex to None, run_after=None
[2024-09-28T02:50:16.557+0000] {processor.py:208} INFO - Processing /home/airflow/.local/lib/python3.12/site-packages/airflow/example_dags/example_complex.py took 0.083 seconds
[2024-09-28T02:50:47.164+0000] {processor.py:186} INFO - Started process (PID=675) to work on /home/airflow/.local/lib/python3.12/site-packages/airflow/example_dags/example_complex.py
[2024-09-28T02:50:47.165+0000] {processor.py:914} INFO - Processing file /home/airflow/.local/lib/python3.12/site-packages/airflow/example_dags/example_complex.py for tasks to queue
[2024-09-28T02:50:47.167+0000] {logging_mixin.py:190} INFO - [2024-09-28T02:50:47.167+0000] {dagbag.py:588} INFO - Filling up the DagBag from /home/airflow/.local/lib/python3.12/site-packages/airflow/example_dags/example_complex.py
[2024-09-28T02:50:47.179+0000] {processor.py:925} INFO - DAG(s) 'example_complex' retrieved from /home/airflow/.local/lib/python3.12/site-packages/airflow/example_dags/example_complex.py
[2024-09-28T02:50:47.211+0000] {logging_mixin.py:190} INFO - [2024-09-28T02:50:47.211+0000] {dag.py:3239} INFO - Sync 1 DAGs
[2024-09-28T02:50:47.224+0000] {logging_mixin.py:190} INFO - [2024-09-28T02:50:47.224+0000] {dag.py:4180} INFO - Setting next_dagrun for example_complex to None, run_after=None
[2024-09-28T02:50:47.246+0000] {processor.py:208} INFO - Processing /home/airflow/.local/lib/python3.12/site-packages/airflow/example_dags/example_complex.py took 0.087 seconds
[2024-09-28T02:51:17.825+0000] {processor.py:186} INFO - Started process (PID=738) to work on /home/airflow/.local/lib/python3.12/site-packages/airflow/example_dags/example_complex.py
[2024-09-28T02:51:17.826+0000] {processor.py:914} INFO - Processing file /home/airflow/.local/lib/python3.12/site-packages/airflow/example_dags/example_complex.py for tasks to queue
[2024-09-28T02:51:17.829+0000] {logging_mixin.py:190} INFO - [2024-09-28T02:51:17.828+0000] {dagbag.py:588} INFO - Filling up the DagBag from /home/airflow/.local/lib/python3.12/site-packages/airflow/example_dags/example_complex.py
[2024-09-28T02:51:17.843+0000] {processor.py:925} INFO - DAG(s) 'example_complex' retrieved from /home/airflow/.local/lib/python3.12/site-packages/airflow/example_dags/example_complex.py
[2024-09-28T02:51:17.886+0000] {logging_mixin.py:190} INFO - [2024-09-28T02:51:17.885+0000] {dag.py:3239} INFO - Sync 1 DAGs
[2024-09-28T02:51:17.906+0000] {logging_mixin.py:190} INFO - [2024-09-28T02:51:17.906+0000] {dag.py:4180} INFO - Setting next_dagrun for example_complex to None, run_after=None
[2024-09-28T02:51:17.938+0000] {processor.py:208} INFO - Processing /home/airflow/.local/lib/python3.12/site-packages/airflow/example_dags/example_complex.py took 0.119 seconds
[2024-09-28T02:51:49.458+0000] {processor.py:186} INFO - Started process (PID=801) to work on /home/airflow/.local/lib/python3.12/site-packages/airflow/example_dags/example_complex.py
[2024-09-28T02:51:49.459+0000] {processor.py:914} INFO - Processing file /home/airflow/.local/lib/python3.12/site-packages/airflow/example_dags/example_complex.py for tasks to queue
[2024-09-28T02:51:49.462+0000] {logging_mixin.py:190} INFO - [2024-09-28T02:51:49.462+0000] {dagbag.py:588} INFO - Filling up the DagBag from /home/airflow/.local/lib/python3.12/site-packages/airflow/example_dags/example_complex.py
[2024-09-28T02:51:49.475+0000] {processor.py:925} INFO - DAG(s) 'example_complex' retrieved from /home/airflow/.local/lib/python3.12/site-packages/airflow/example_dags/example_complex.py
[2024-09-28T02:51:49.508+0000] {logging_mixin.py:190} INFO - [2024-09-28T02:51:49.508+0000] {dag.py:3239} INFO - Sync 1 DAGs
[2024-09-28T02:51:49.524+0000] {logging_mixin.py:190} INFO - [2024-09-28T02:51:49.524+0000] {dag.py:4180} INFO - Setting next_dagrun for example_complex to None, run_after=None
[2024-09-28T02:51:49.557+0000] {processor.py:208} INFO - Processing /home/airflow/.local/lib/python3.12/site-packages/airflow/example_dags/example_complex.py took 0.104 seconds
[2024-09-28T03:34:10.182+0000] {processor.py:186} INFO - Started process (PID=872) to work on /home/airflow/.local/lib/python3.12/site-packages/airflow/example_dags/example_complex.py
[2024-09-28T03:34:10.184+0000] {processor.py:914} INFO - Processing file /home/airflow/.local/lib/python3.12/site-packages/airflow/example_dags/example_complex.py for tasks to queue
[2024-09-28T03:34:10.190+0000] {logging_mixin.py:190} INFO - [2024-09-28T03:34:10.189+0000] {dagbag.py:588} INFO - Filling up the DagBag from /home/airflow/.local/lib/python3.12/site-packages/airflow/example_dags/example_complex.py
[2024-09-28T03:34:10.205+0000] {processor.py:925} INFO - DAG(s) 'example_complex' retrieved from /home/airflow/.local/lib/python3.12/site-packages/airflow/example_dags/example_complex.py
[2024-09-28T03:34:10.247+0000] {logging_mixin.py:190} INFO - [2024-09-28T03:34:10.247+0000] {dag.py:3239} INFO - Sync 1 DAGs
[2024-09-28T03:34:10.267+0000] {logging_mixin.py:190} INFO - [2024-09-28T03:34:10.266+0000] {dag.py:4180} INFO - Setting next_dagrun for example_complex to None, run_after=None
[2024-09-28T03:34:10.306+0000] {processor.py:208} INFO - Processing /home/airflow/.local/lib/python3.12/site-packages/airflow/example_dags/example_complex.py took 0.130 seconds
[2024-09-28T03:34:40.884+0000] {processor.py:186} INFO - Started process (PID=935) to work on /home/airflow/.local/lib/python3.12/site-packages/airflow/example_dags/example_complex.py
[2024-09-28T03:34:40.885+0000] {processor.py:914} INFO - Processing file /home/airflow/.local/lib/python3.12/site-packages/airflow/example_dags/example_complex.py for tasks to queue
[2024-09-28T03:34:40.887+0000] {logging_mixin.py:190} INFO - [2024-09-28T03:34:40.886+0000] {dagbag.py:588} INFO - Filling up the DagBag from /home/airflow/.local/lib/python3.12/site-packages/airflow/example_dags/example_complex.py
[2024-09-28T03:34:40.898+0000] {processor.py:925} INFO - DAG(s) 'example_complex' retrieved from /home/airflow/.local/lib/python3.12/site-packages/airflow/example_dags/example_complex.py
[2024-09-28T03:34:40.928+0000] {logging_mixin.py:190} INFO - [2024-09-28T03:34:40.927+0000] {dag.py:3239} INFO - Sync 1 DAGs
[2024-09-28T03:34:40.943+0000] {logging_mixin.py:190} INFO - [2024-09-28T03:34:40.942+0000] {dag.py:4180} INFO - Setting next_dagrun for example_complex to None, run_after=None
[2024-09-28T03:34:40.966+0000] {processor.py:208} INFO - Processing /home/airflow/.local/lib/python3.12/site-packages/airflow/example_dags/example_complex.py took 0.087 seconds
[2024-09-28T03:40:14.906+0000] {processor.py:186} INFO - Started process (PID=121) to work on /home/airflow/.local/lib/python3.12/site-packages/airflow/example_dags/example_complex.py
[2024-09-28T03:40:14.908+0000] {processor.py:914} INFO - Processing file /home/airflow/.local/lib/python3.12/site-packages/airflow/example_dags/example_complex.py for tasks to queue
[2024-09-28T03:40:14.911+0000] {logging_mixin.py:190} INFO - [2024-09-28T03:40:14.911+0000] {dagbag.py:588} INFO - Filling up the DagBag from /home/airflow/.local/lib/python3.12/site-packages/airflow/example_dags/example_complex.py
[2024-09-28T03:40:14.925+0000] {processor.py:925} INFO - DAG(s) 'example_complex' retrieved from /home/airflow/.local/lib/python3.12/site-packages/airflow/example_dags/example_complex.py
[2024-09-28T03:40:14.965+0000] {logging_mixin.py:190} INFO - [2024-09-28T03:40:14.964+0000] {dag.py:3239} INFO - Sync 1 DAGs
[2024-09-28T03:40:14.983+0000] {logging_mixin.py:190} INFO - [2024-09-28T03:40:14.983+0000] {dag.py:4180} INFO - Setting next_dagrun for example_complex to None, run_after=None
[2024-09-28T03:40:15.016+0000] {processor.py:208} INFO - Processing /home/airflow/.local/lib/python3.12/site-packages/airflow/example_dags/example_complex.py took 0.116 seconds
[2024-09-28T03:40:45.168+0000] {processor.py:186} INFO - Started process (PID=195) to work on /home/airflow/.local/lib/python3.12/site-packages/airflow/example_dags/example_complex.py
[2024-09-28T03:40:45.169+0000] {processor.py:914} INFO - Processing file /home/airflow/.local/lib/python3.12/site-packages/airflow/example_dags/example_complex.py for tasks to queue
[2024-09-28T03:40:45.172+0000] {logging_mixin.py:190} INFO - [2024-09-28T03:40:45.171+0000] {dagbag.py:588} INFO - Filling up the DagBag from /home/airflow/.local/lib/python3.12/site-packages/airflow/example_dags/example_complex.py
[2024-09-28T03:40:45.182+0000] {processor.py:925} INFO - DAG(s) 'example_complex' retrieved from /home/airflow/.local/lib/python3.12/site-packages/airflow/example_dags/example_complex.py
[2024-09-28T03:40:45.211+0000] {logging_mixin.py:190} INFO - [2024-09-28T03:40:45.211+0000] {dag.py:3239} INFO - Sync 1 DAGs
[2024-09-28T03:40:45.225+0000] {logging_mixin.py:190} INFO - [2024-09-28T03:40:45.224+0000] {dag.py:4180} INFO - Setting next_dagrun for example_complex to None, run_after=None
[2024-09-28T03:40:45.245+0000] {processor.py:208} INFO - Processing /home/airflow/.local/lib/python3.12/site-packages/airflow/example_dags/example_complex.py took 0.082 seconds
[2024-09-28T03:41:15.488+0000] {processor.py:186} INFO - Started process (PID=269) to work on /home/airflow/.local/lib/python3.12/site-packages/airflow/example_dags/example_complex.py
[2024-09-28T03:41:15.489+0000] {processor.py:914} INFO - Processing file /home/airflow/.local/lib/python3.12/site-packages/airflow/example_dags/example_complex.py for tasks to queue
[2024-09-28T03:41:15.491+0000] {logging_mixin.py:190} INFO - [2024-09-28T03:41:15.491+0000] {dagbag.py:588} INFO - Filling up the DagBag from /home/airflow/.local/lib/python3.12/site-packages/airflow/example_dags/example_complex.py
[2024-09-28T03:41:15.501+0000] {processor.py:925} INFO - DAG(s) 'example_complex' retrieved from /home/airflow/.local/lib/python3.12/site-packages/airflow/example_dags/example_complex.py
[2024-09-28T03:41:15.531+0000] {logging_mixin.py:190} INFO - [2024-09-28T03:41:15.531+0000] {dag.py:3239} INFO - Sync 1 DAGs
[2024-09-28T03:41:15.545+0000] {logging_mixin.py:190} INFO - [2024-09-28T03:41:15.545+0000] {dag.py:4180} INFO - Setting next_dagrun for example_complex to None, run_after=None
[2024-09-28T03:41:15.568+0000] {processor.py:208} INFO - Processing /home/airflow/.local/lib/python3.12/site-packages/airflow/example_dags/example_complex.py took 0.085 seconds
[2024-09-28T03:41:46.225+0000] {processor.py:186} INFO - Started process (PID=343) to work on /home/airflow/.local/lib/python3.12/site-packages/airflow/example_dags/example_complex.py
[2024-09-28T03:41:46.226+0000] {processor.py:914} INFO - Processing file /home/airflow/.local/lib/python3.12/site-packages/airflow/example_dags/example_complex.py for tasks to queue
[2024-09-28T03:41:46.228+0000] {logging_mixin.py:190} INFO - [2024-09-28T03:41:46.228+0000] {dagbag.py:588} INFO - Filling up the DagBag from /home/airflow/.local/lib/python3.12/site-packages/airflow/example_dags/example_complex.py
[2024-09-28T03:41:46.239+0000] {processor.py:925} INFO - DAG(s) 'example_complex' retrieved from /home/airflow/.local/lib/python3.12/site-packages/airflow/example_dags/example_complex.py
[2024-09-28T03:41:46.268+0000] {logging_mixin.py:190} INFO - [2024-09-28T03:41:46.268+0000] {dag.py:3239} INFO - Sync 1 DAGs
[2024-09-28T03:41:46.282+0000] {logging_mixin.py:190} INFO - [2024-09-28T03:41:46.281+0000] {dag.py:4180} INFO - Setting next_dagrun for example_complex to None, run_after=None
[2024-09-28T03:41:46.305+0000] {processor.py:208} INFO - Processing /home/airflow/.local/lib/python3.12/site-packages/airflow/example_dags/example_complex.py took 0.086 seconds
[2024-09-28T03:42:16.464+0000] {processor.py:186} INFO - Started process (PID=417) to work on /home/airflow/.local/lib/python3.12/site-packages/airflow/example_dags/example_complex.py
[2024-09-28T03:42:16.465+0000] {processor.py:914} INFO - Processing file /home/airflow/.local/lib/python3.12/site-packages/airflow/example_dags/example_complex.py for tasks to queue
[2024-09-28T03:42:16.467+0000] {logging_mixin.py:190} INFO - [2024-09-28T03:42:16.467+0000] {dagbag.py:588} INFO - Filling up the DagBag from /home/airflow/.local/lib/python3.12/site-packages/airflow/example_dags/example_complex.py
[2024-09-28T03:42:16.479+0000] {processor.py:925} INFO - DAG(s) 'example_complex' retrieved from /home/airflow/.local/lib/python3.12/site-packages/airflow/example_dags/example_complex.py
[2024-09-28T03:42:16.512+0000] {logging_mixin.py:190} INFO - [2024-09-28T03:42:16.512+0000] {dag.py:3239} INFO - Sync 1 DAGs
[2024-09-28T03:42:16.529+0000] {logging_mixin.py:190} INFO - [2024-09-28T03:42:16.529+0000] {dag.py:4180} INFO - Setting next_dagrun for example_complex to None, run_after=None
[2024-09-28T03:42:16.556+0000] {processor.py:208} INFO - Processing /home/airflow/.local/lib/python3.12/site-packages/airflow/example_dags/example_complex.py took 0.097 seconds
[2024-09-28T03:42:46.975+0000] {processor.py:186} INFO - Started process (PID=491) to work on /home/airflow/.local/lib/python3.12/site-packages/airflow/example_dags/example_complex.py
[2024-09-28T03:42:46.976+0000] {processor.py:914} INFO - Processing file /home/airflow/.local/lib/python3.12/site-packages/airflow/example_dags/example_complex.py for tasks to queue
[2024-09-28T03:42:46.978+0000] {logging_mixin.py:190} INFO - [2024-09-28T03:42:46.978+0000] {dagbag.py:588} INFO - Filling up the DagBag from /home/airflow/.local/lib/python3.12/site-packages/airflow/example_dags/example_complex.py
[2024-09-28T03:42:46.989+0000] {processor.py:925} INFO - DAG(s) 'example_complex' retrieved from /home/airflow/.local/lib/python3.12/site-packages/airflow/example_dags/example_complex.py
[2024-09-28T03:42:47.018+0000] {logging_mixin.py:190} INFO - [2024-09-28T03:42:47.018+0000] {dag.py:3239} INFO - Sync 1 DAGs
[2024-09-28T03:42:47.031+0000] {logging_mixin.py:190} INFO - [2024-09-28T03:42:47.031+0000] {dag.py:4180} INFO - Setting next_dagrun for example_complex to None, run_after=None
[2024-09-28T03:42:47.054+0000] {processor.py:208} INFO - Processing /home/airflow/.local/lib/python3.12/site-packages/airflow/example_dags/example_complex.py took 0.083 seconds
[2024-09-28T03:43:17.768+0000] {processor.py:186} INFO - Started process (PID=565) to work on /home/airflow/.local/lib/python3.12/site-packages/airflow/example_dags/example_complex.py
[2024-09-28T03:43:17.769+0000] {processor.py:914} INFO - Processing file /home/airflow/.local/lib/python3.12/site-packages/airflow/example_dags/example_complex.py for tasks to queue
[2024-09-28T03:43:17.771+0000] {logging_mixin.py:190} INFO - [2024-09-28T03:43:17.771+0000] {dagbag.py:588} INFO - Filling up the DagBag from /home/airflow/.local/lib/python3.12/site-packages/airflow/example_dags/example_complex.py
[2024-09-28T03:43:17.781+0000] {processor.py:925} INFO - DAG(s) 'example_complex' retrieved from /home/airflow/.local/lib/python3.12/site-packages/airflow/example_dags/example_complex.py
[2024-09-28T03:43:17.810+0000] {logging_mixin.py:190} INFO - [2024-09-28T03:43:17.810+0000] {dag.py:3239} INFO - Sync 1 DAGs
[2024-09-28T03:43:17.823+0000] {logging_mixin.py:190} INFO - [2024-09-28T03:43:17.823+0000] {dag.py:4180} INFO - Setting next_dagrun for example_complex to None, run_after=None
[2024-09-28T03:43:17.847+0000] {processor.py:208} INFO - Processing /home/airflow/.local/lib/python3.12/site-packages/airflow/example_dags/example_complex.py took 0.084 seconds
[2024-09-28T03:43:48.117+0000] {processor.py:186} INFO - Started process (PID=639) to work on /home/airflow/.local/lib/python3.12/site-packages/airflow/example_dags/example_complex.py
[2024-09-28T03:43:48.118+0000] {processor.py:914} INFO - Processing file /home/airflow/.local/lib/python3.12/site-packages/airflow/example_dags/example_complex.py for tasks to queue
[2024-09-28T03:43:48.121+0000] {logging_mixin.py:190} INFO - [2024-09-28T03:43:48.121+0000] {dagbag.py:588} INFO - Filling up the DagBag from /home/airflow/.local/lib/python3.12/site-packages/airflow/example_dags/example_complex.py
[2024-09-28T03:43:48.136+0000] {processor.py:925} INFO - DAG(s) 'example_complex' retrieved from /home/airflow/.local/lib/python3.12/site-packages/airflow/example_dags/example_complex.py
[2024-09-28T03:43:48.172+0000] {logging_mixin.py:190} INFO - [2024-09-28T03:43:48.171+0000] {dag.py:3239} INFO - Sync 1 DAGs
[2024-09-28T03:43:48.187+0000] {logging_mixin.py:190} INFO - [2024-09-28T03:43:48.187+0000] {dag.py:4180} INFO - Setting next_dagrun for example_complex to None, run_after=None
[2024-09-28T03:43:48.213+0000] {processor.py:208} INFO - Processing /home/airflow/.local/lib/python3.12/site-packages/airflow/example_dags/example_complex.py took 0.101 seconds
[2024-09-28T03:44:18.424+0000] {processor.py:186} INFO - Started process (PID=713) to work on /home/airflow/.local/lib/python3.12/site-packages/airflow/example_dags/example_complex.py
[2024-09-28T03:44:18.425+0000] {processor.py:914} INFO - Processing file /home/airflow/.local/lib/python3.12/site-packages/airflow/example_dags/example_complex.py for tasks to queue
[2024-09-28T03:44:18.427+0000] {logging_mixin.py:190} INFO - [2024-09-28T03:44:18.427+0000] {dagbag.py:588} INFO - Filling up the DagBag from /home/airflow/.local/lib/python3.12/site-packages/airflow/example_dags/example_complex.py
[2024-09-28T03:44:18.437+0000] {processor.py:925} INFO - DAG(s) 'example_complex' retrieved from /home/airflow/.local/lib/python3.12/site-packages/airflow/example_dags/example_complex.py
[2024-09-28T03:44:18.465+0000] {logging_mixin.py:190} INFO - [2024-09-28T03:44:18.465+0000] {dag.py:3239} INFO - Sync 1 DAGs
[2024-09-28T03:44:18.479+0000] {logging_mixin.py:190} INFO - [2024-09-28T03:44:18.478+0000] {dag.py:4180} INFO - Setting next_dagrun for example_complex to None, run_after=None
[2024-09-28T03:44:18.502+0000] {processor.py:208} INFO - Processing /home/airflow/.local/lib/python3.12/site-packages/airflow/example_dags/example_complex.py took 0.082 seconds
[2024-09-28T03:44:48.732+0000] {processor.py:186} INFO - Started process (PID=787) to work on /home/airflow/.local/lib/python3.12/site-packages/airflow/example_dags/example_complex.py
[2024-09-28T03:44:48.733+0000] {processor.py:914} INFO - Processing file /home/airflow/.local/lib/python3.12/site-packages/airflow/example_dags/example_complex.py for tasks to queue
[2024-09-28T03:44:48.735+0000] {logging_mixin.py:190} INFO - [2024-09-28T03:44:48.735+0000] {dagbag.py:588} INFO - Filling up the DagBag from /home/airflow/.local/lib/python3.12/site-packages/airflow/example_dags/example_complex.py
[2024-09-28T03:44:48.745+0000] {processor.py:925} INFO - DAG(s) 'example_complex' retrieved from /home/airflow/.local/lib/python3.12/site-packages/airflow/example_dags/example_complex.py
[2024-09-28T03:44:48.774+0000] {logging_mixin.py:190} INFO - [2024-09-28T03:44:48.774+0000] {dag.py:3239} INFO - Sync 1 DAGs
[2024-09-28T03:44:48.789+0000] {logging_mixin.py:190} INFO - [2024-09-28T03:44:48.789+0000] {dag.py:4180} INFO - Setting next_dagrun for example_complex to None, run_after=None
[2024-09-28T03:44:48.812+0000] {processor.py:208} INFO - Processing /home/airflow/.local/lib/python3.12/site-packages/airflow/example_dags/example_complex.py took 0.085 seconds
[2024-09-28T03:45:19.857+0000] {processor.py:186} INFO - Started process (PID=861) to work on /home/airflow/.local/lib/python3.12/site-packages/airflow/example_dags/example_complex.py
[2024-09-28T03:45:19.858+0000] {processor.py:914} INFO - Processing file /home/airflow/.local/lib/python3.12/site-packages/airflow/example_dags/example_complex.py for tasks to queue
[2024-09-28T03:45:19.860+0000] {logging_mixin.py:190} INFO - [2024-09-28T03:45:19.859+0000] {dagbag.py:588} INFO - Filling up the DagBag from /home/airflow/.local/lib/python3.12/site-packages/airflow/example_dags/example_complex.py
[2024-09-28T03:45:19.870+0000] {processor.py:925} INFO - DAG(s) 'example_complex' retrieved from /home/airflow/.local/lib/python3.12/site-packages/airflow/example_dags/example_complex.py
[2024-09-28T03:45:19.898+0000] {logging_mixin.py:190} INFO - [2024-09-28T03:45:19.898+0000] {dag.py:3239} INFO - Sync 1 DAGs
[2024-09-28T03:45:19.912+0000] {logging_mixin.py:190} INFO - [2024-09-28T03:45:19.911+0000] {dag.py:4180} INFO - Setting next_dagrun for example_complex to None, run_after=None
[2024-09-28T03:45:19.937+0000] {processor.py:208} INFO - Processing /home/airflow/.local/lib/python3.12/site-packages/airflow/example_dags/example_complex.py took 0.085 seconds
[2024-09-28T03:45:50.326+0000] {processor.py:186} INFO - Started process (PID=936) to work on /home/airflow/.local/lib/python3.12/site-packages/airflow/example_dags/example_complex.py
[2024-09-28T03:45:50.327+0000] {processor.py:914} INFO - Processing file /home/airflow/.local/lib/python3.12/site-packages/airflow/example_dags/example_complex.py for tasks to queue
[2024-09-28T03:45:50.332+0000] {logging_mixin.py:190} INFO - [2024-09-28T03:45:50.331+0000] {dagbag.py:588} INFO - Filling up the DagBag from /home/airflow/.local/lib/python3.12/site-packages/airflow/example_dags/example_complex.py
[2024-09-28T03:45:50.347+0000] {processor.py:925} INFO - DAG(s) 'example_complex' retrieved from /home/airflow/.local/lib/python3.12/site-packages/airflow/example_dags/example_complex.py
[2024-09-28T03:45:50.387+0000] {logging_mixin.py:190} INFO - [2024-09-28T03:45:50.387+0000] {dag.py:3239} INFO - Sync 1 DAGs
[2024-09-28T03:45:50.406+0000] {logging_mixin.py:190} INFO - [2024-09-28T03:45:50.405+0000] {dag.py:4180} INFO - Setting next_dagrun for example_complex to None, run_after=None
[2024-09-28T03:45:50.435+0000] {processor.py:208} INFO - Processing /home/airflow/.local/lib/python3.12/site-packages/airflow/example_dags/example_complex.py took 0.118 seconds
[2024-09-28T03:46:21.138+0000] {processor.py:186} INFO - Started process (PID=1010) to work on /home/airflow/.local/lib/python3.12/site-packages/airflow/example_dags/example_complex.py
[2024-09-28T03:46:21.139+0000] {processor.py:914} INFO - Processing file /home/airflow/.local/lib/python3.12/site-packages/airflow/example_dags/example_complex.py for tasks to queue
[2024-09-28T03:46:21.142+0000] {logging_mixin.py:190} INFO - [2024-09-28T03:46:21.141+0000] {dagbag.py:588} INFO - Filling up the DagBag from /home/airflow/.local/lib/python3.12/site-packages/airflow/example_dags/example_complex.py
[2024-09-28T03:46:21.153+0000] {processor.py:925} INFO - DAG(s) 'example_complex' retrieved from /home/airflow/.local/lib/python3.12/site-packages/airflow/example_dags/example_complex.py
[2024-09-28T03:46:21.183+0000] {logging_mixin.py:190} INFO - [2024-09-28T03:46:21.182+0000] {dag.py:3239} INFO - Sync 1 DAGs
[2024-09-28T03:46:21.196+0000] {logging_mixin.py:190} INFO - [2024-09-28T03:46:21.196+0000] {dag.py:4180} INFO - Setting next_dagrun for example_complex to None, run_after=None
[2024-09-28T03:46:21.219+0000] {processor.py:208} INFO - Processing /home/airflow/.local/lib/python3.12/site-packages/airflow/example_dags/example_complex.py took 0.086 seconds
[2024-09-28T03:46:52.108+0000] {processor.py:186} INFO - Started process (PID=1084) to work on /home/airflow/.local/lib/python3.12/site-packages/airflow/example_dags/example_complex.py
[2024-09-28T03:46:52.110+0000] {processor.py:914} INFO - Processing file /home/airflow/.local/lib/python3.12/site-packages/airflow/example_dags/example_complex.py for tasks to queue
[2024-09-28T03:46:52.113+0000] {logging_mixin.py:190} INFO - [2024-09-28T03:46:52.113+0000] {dagbag.py:588} INFO - Filling up the DagBag from /home/airflow/.local/lib/python3.12/site-packages/airflow/example_dags/example_complex.py
[2024-09-28T03:46:52.127+0000] {processor.py:925} INFO - DAG(s) 'example_complex' retrieved from /home/airflow/.local/lib/python3.12/site-packages/airflow/example_dags/example_complex.py
[2024-09-28T03:46:52.169+0000] {logging_mixin.py:190} INFO - [2024-09-28T03:46:52.169+0000] {dag.py:3239} INFO - Sync 1 DAGs
[2024-09-28T03:46:52.189+0000] {logging_mixin.py:190} INFO - [2024-09-28T03:46:52.188+0000] {dag.py:4180} INFO - Setting next_dagrun for example_complex to None, run_after=None
[2024-09-28T03:46:52.220+0000] {processor.py:208} INFO - Processing /home/airflow/.local/lib/python3.12/site-packages/airflow/example_dags/example_complex.py took 0.118 seconds
[2024-09-28T03:47:22.344+0000] {processor.py:186} INFO - Started process (PID=1158) to work on /home/airflow/.local/lib/python3.12/site-packages/airflow/example_dags/example_complex.py
[2024-09-28T03:47:22.345+0000] {processor.py:914} INFO - Processing file /home/airflow/.local/lib/python3.12/site-packages/airflow/example_dags/example_complex.py for tasks to queue
[2024-09-28T03:47:22.348+0000] {logging_mixin.py:190} INFO - [2024-09-28T03:47:22.348+0000] {dagbag.py:588} INFO - Filling up the DagBag from /home/airflow/.local/lib/python3.12/site-packages/airflow/example_dags/example_complex.py
[2024-09-28T03:47:22.363+0000] {processor.py:925} INFO - DAG(s) 'example_complex' retrieved from /home/airflow/.local/lib/python3.12/site-packages/airflow/example_dags/example_complex.py
[2024-09-28T03:47:22.405+0000] {logging_mixin.py:190} INFO - [2024-09-28T03:47:22.404+0000] {dag.py:3239} INFO - Sync 1 DAGs
[2024-09-28T03:47:22.423+0000] {logging_mixin.py:190} INFO - [2024-09-28T03:47:22.422+0000] {dag.py:4180} INFO - Setting next_dagrun for example_complex to None, run_after=None
[2024-09-28T03:47:22.454+0000] {processor.py:208} INFO - Processing /home/airflow/.local/lib/python3.12/site-packages/airflow/example_dags/example_complex.py took 0.117 seconds
[2024-09-28T03:47:52.509+0000] {processor.py:186} INFO - Started process (PID=1231) to work on /home/airflow/.local/lib/python3.12/site-packages/airflow/example_dags/example_complex.py
[2024-09-28T03:47:52.510+0000] {processor.py:914} INFO - Processing file /home/airflow/.local/lib/python3.12/site-packages/airflow/example_dags/example_complex.py for tasks to queue
[2024-09-28T03:47:52.514+0000] {logging_mixin.py:190} INFO - [2024-09-28T03:47:52.513+0000] {dagbag.py:588} INFO - Filling up the DagBag from /home/airflow/.local/lib/python3.12/site-packages/airflow/example_dags/example_complex.py
[2024-09-28T03:47:52.527+0000] {processor.py:925} INFO - DAG(s) 'example_complex' retrieved from /home/airflow/.local/lib/python3.12/site-packages/airflow/example_dags/example_complex.py
[2024-09-28T03:47:52.567+0000] {logging_mixin.py:190} INFO - [2024-09-28T03:47:52.567+0000] {dag.py:3239} INFO - Sync 1 DAGs
[2024-09-28T03:47:52.590+0000] {logging_mixin.py:190} INFO - [2024-09-28T03:47:52.590+0000] {dag.py:4180} INFO - Setting next_dagrun for example_complex to None, run_after=None
[2024-09-28T03:47:52.623+0000] {processor.py:208} INFO - Processing /home/airflow/.local/lib/python3.12/site-packages/airflow/example_dags/example_complex.py took 0.120 seconds
[2024-09-28T03:48:22.798+0000] {processor.py:186} INFO - Started process (PID=1305) to work on /home/airflow/.local/lib/python3.12/site-packages/airflow/example_dags/example_complex.py
[2024-09-28T03:48:22.799+0000] {processor.py:914} INFO - Processing file /home/airflow/.local/lib/python3.12/site-packages/airflow/example_dags/example_complex.py for tasks to queue
[2024-09-28T03:48:22.802+0000] {logging_mixin.py:190} INFO - [2024-09-28T03:48:22.802+0000] {dagbag.py:588} INFO - Filling up the DagBag from /home/airflow/.local/lib/python3.12/site-packages/airflow/example_dags/example_complex.py
[2024-09-28T03:48:22.814+0000] {processor.py:925} INFO - DAG(s) 'example_complex' retrieved from /home/airflow/.local/lib/python3.12/site-packages/airflow/example_dags/example_complex.py
[2024-09-28T03:48:22.850+0000] {logging_mixin.py:190} INFO - [2024-09-28T03:48:22.850+0000] {dag.py:3239} INFO - Sync 1 DAGs
[2024-09-28T03:48:22.867+0000] {logging_mixin.py:190} INFO - [2024-09-28T03:48:22.867+0000] {dag.py:4180} INFO - Setting next_dagrun for example_complex to None, run_after=None
[2024-09-28T03:48:22.893+0000] {processor.py:208} INFO - Processing /home/airflow/.local/lib/python3.12/site-packages/airflow/example_dags/example_complex.py took 0.100 seconds
[2024-09-28T03:48:53.114+0000] {processor.py:186} INFO - Started process (PID=1379) to work on /home/airflow/.local/lib/python3.12/site-packages/airflow/example_dags/example_complex.py
[2024-09-28T03:48:53.115+0000] {processor.py:914} INFO - Processing file /home/airflow/.local/lib/python3.12/site-packages/airflow/example_dags/example_complex.py for tasks to queue
[2024-09-28T03:48:53.118+0000] {logging_mixin.py:190} INFO - [2024-09-28T03:48:53.118+0000] {dagbag.py:588} INFO - Filling up the DagBag from /home/airflow/.local/lib/python3.12/site-packages/airflow/example_dags/example_complex.py
[2024-09-28T03:48:53.132+0000] {processor.py:925} INFO - DAG(s) 'example_complex' retrieved from /home/airflow/.local/lib/python3.12/site-packages/airflow/example_dags/example_complex.py
[2024-09-28T03:48:53.169+0000] {logging_mixin.py:190} INFO - [2024-09-28T03:48:53.169+0000] {dag.py:3239} INFO - Sync 1 DAGs
[2024-09-28T03:48:53.190+0000] {logging_mixin.py:190} INFO - [2024-09-28T03:48:53.190+0000] {dag.py:4180} INFO - Setting next_dagrun for example_complex to None, run_after=None
[2024-09-28T03:48:53.226+0000] {processor.py:208} INFO - Processing /home/airflow/.local/lib/python3.12/site-packages/airflow/example_dags/example_complex.py took 0.121 seconds
[2024-09-28T03:49:23.417+0000] {processor.py:186} INFO - Started process (PID=1453) to work on /home/airflow/.local/lib/python3.12/site-packages/airflow/example_dags/example_complex.py
[2024-09-28T03:49:23.419+0000] {processor.py:914} INFO - Processing file /home/airflow/.local/lib/python3.12/site-packages/airflow/example_dags/example_complex.py for tasks to queue
[2024-09-28T03:49:23.422+0000] {logging_mixin.py:190} INFO - [2024-09-28T03:49:23.421+0000] {dagbag.py:588} INFO - Filling up the DagBag from /home/airflow/.local/lib/python3.12/site-packages/airflow/example_dags/example_complex.py
[2024-09-28T03:49:23.437+0000] {processor.py:925} INFO - DAG(s) 'example_complex' retrieved from /home/airflow/.local/lib/python3.12/site-packages/airflow/example_dags/example_complex.py
[2024-09-28T03:49:23.476+0000] {logging_mixin.py:190} INFO - [2024-09-28T03:49:23.475+0000] {dag.py:3239} INFO - Sync 1 DAGs
[2024-09-28T03:49:23.495+0000] {logging_mixin.py:190} INFO - [2024-09-28T03:49:23.495+0000] {dag.py:4180} INFO - Setting next_dagrun for example_complex to None, run_after=None
[2024-09-28T03:49:23.527+0000] {processor.py:208} INFO - Processing /home/airflow/.local/lib/python3.12/site-packages/airflow/example_dags/example_complex.py took 0.116 seconds
[2024-09-28T03:49:54.967+0000] {processor.py:186} INFO - Started process (PID=1528) to work on /home/airflow/.local/lib/python3.12/site-packages/airflow/example_dags/example_complex.py
[2024-09-28T03:49:54.968+0000] {processor.py:914} INFO - Processing file /home/airflow/.local/lib/python3.12/site-packages/airflow/example_dags/example_complex.py for tasks to queue
[2024-09-28T03:49:54.972+0000] {logging_mixin.py:190} INFO - [2024-09-28T03:49:54.971+0000] {dagbag.py:588} INFO - Filling up the DagBag from /home/airflow/.local/lib/python3.12/site-packages/airflow/example_dags/example_complex.py
[2024-09-28T03:49:54.988+0000] {processor.py:925} INFO - DAG(s) 'example_complex' retrieved from /home/airflow/.local/lib/python3.12/site-packages/airflow/example_dags/example_complex.py
[2024-09-28T03:49:55.057+0000] {logging_mixin.py:190} INFO - [2024-09-28T03:49:55.056+0000] {dag.py:3239} INFO - Sync 1 DAGs
[2024-09-28T03:49:55.098+0000] {logging_mixin.py:190} INFO - [2024-09-28T03:49:55.097+0000] {dag.py:4180} INFO - Setting next_dagrun for example_complex to None, run_after=None
[2024-09-28T03:49:55.130+0000] {processor.py:208} INFO - Processing /home/airflow/.local/lib/python3.12/site-packages/airflow/example_dags/example_complex.py took 0.170 seconds
[2024-09-28T03:50:25.760+0000] {processor.py:186} INFO - Started process (PID=1602) to work on /home/airflow/.local/lib/python3.12/site-packages/airflow/example_dags/example_complex.py
[2024-09-28T03:50:25.761+0000] {processor.py:914} INFO - Processing file /home/airflow/.local/lib/python3.12/site-packages/airflow/example_dags/example_complex.py for tasks to queue
[2024-09-28T03:50:25.763+0000] {logging_mixin.py:190} INFO - [2024-09-28T03:50:25.763+0000] {dagbag.py:588} INFO - Filling up the DagBag from /home/airflow/.local/lib/python3.12/site-packages/airflow/example_dags/example_complex.py
[2024-09-28T03:50:25.773+0000] {processor.py:925} INFO - DAG(s) 'example_complex' retrieved from /home/airflow/.local/lib/python3.12/site-packages/airflow/example_dags/example_complex.py
[2024-09-28T03:50:25.803+0000] {logging_mixin.py:190} INFO - [2024-09-28T03:50:25.802+0000] {dag.py:3239} INFO - Sync 1 DAGs
[2024-09-28T03:50:25.817+0000] {logging_mixin.py:190} INFO - [2024-09-28T03:50:25.817+0000] {dag.py:4180} INFO - Setting next_dagrun for example_complex to None, run_after=None
[2024-09-28T03:50:25.842+0000] {processor.py:208} INFO - Processing /home/airflow/.local/lib/python3.12/site-packages/airflow/example_dags/example_complex.py took 0.086 seconds
[2024-09-28T03:53:37.544+0000] {processor.py:186} INFO - Started process (PID=119) to work on /home/airflow/.local/lib/python3.12/site-packages/airflow/example_dags/example_complex.py
[2024-09-28T03:53:37.545+0000] {processor.py:914} INFO - Processing file /home/airflow/.local/lib/python3.12/site-packages/airflow/example_dags/example_complex.py for tasks to queue
[2024-09-28T03:53:37.549+0000] {logging_mixin.py:190} INFO - [2024-09-28T03:53:37.548+0000] {dagbag.py:588} INFO - Filling up the DagBag from /home/airflow/.local/lib/python3.12/site-packages/airflow/example_dags/example_complex.py
[2024-09-28T03:53:37.567+0000] {processor.py:925} INFO - DAG(s) 'example_complex' retrieved from /home/airflow/.local/lib/python3.12/site-packages/airflow/example_dags/example_complex.py
[2024-09-28T03:53:37.608+0000] {logging_mixin.py:190} INFO - [2024-09-28T03:53:37.607+0000] {dag.py:3239} INFO - Sync 1 DAGs
[2024-09-28T03:53:37.633+0000] {logging_mixin.py:190} INFO - [2024-09-28T03:53:37.633+0000] {dag.py:4180} INFO - Setting next_dagrun for example_complex to None, run_after=None
[2024-09-28T03:53:37.664+0000] {processor.py:208} INFO - Processing /home/airflow/.local/lib/python3.12/site-packages/airflow/example_dags/example_complex.py took 0.126 seconds
[2024-09-28T03:54:09.307+0000] {processor.py:186} INFO - Started process (PID=194) to work on /home/airflow/.local/lib/python3.12/site-packages/airflow/example_dags/example_complex.py
[2024-09-28T03:54:09.309+0000] {processor.py:914} INFO - Processing file /home/airflow/.local/lib/python3.12/site-packages/airflow/example_dags/example_complex.py for tasks to queue
[2024-09-28T03:54:09.311+0000] {logging_mixin.py:190} INFO - [2024-09-28T03:54:09.311+0000] {dagbag.py:588} INFO - Filling up the DagBag from /home/airflow/.local/lib/python3.12/site-packages/airflow/example_dags/example_complex.py
[2024-09-28T03:54:09.329+0000] {processor.py:925} INFO - DAG(s) 'example_complex' retrieved from /home/airflow/.local/lib/python3.12/site-packages/airflow/example_dags/example_complex.py
[2024-09-28T03:54:09.394+0000] {logging_mixin.py:190} INFO - [2024-09-28T03:54:09.394+0000] {dag.py:3239} INFO - Sync 1 DAGs
[2024-09-28T03:54:09.415+0000] {logging_mixin.py:190} INFO - [2024-09-28T03:54:09.415+0000] {dag.py:4180} INFO - Setting next_dagrun for example_complex to None, run_after=None
[2024-09-28T03:54:09.452+0000] {processor.py:208} INFO - Processing /home/airflow/.local/lib/python3.12/site-packages/airflow/example_dags/example_complex.py took 0.151 seconds
[2024-09-28T03:54:39.580+0000] {processor.py:186} INFO - Started process (PID=268) to work on /home/airflow/.local/lib/python3.12/site-packages/airflow/example_dags/example_complex.py
[2024-09-28T03:54:39.581+0000] {processor.py:914} INFO - Processing file /home/airflow/.local/lib/python3.12/site-packages/airflow/example_dags/example_complex.py for tasks to queue
[2024-09-28T03:54:39.583+0000] {logging_mixin.py:190} INFO - [2024-09-28T03:54:39.583+0000] {dagbag.py:588} INFO - Filling up the DagBag from /home/airflow/.local/lib/python3.12/site-packages/airflow/example_dags/example_complex.py
[2024-09-28T03:54:39.594+0000] {processor.py:925} INFO - DAG(s) 'example_complex' retrieved from /home/airflow/.local/lib/python3.12/site-packages/airflow/example_dags/example_complex.py
[2024-09-28T03:54:39.621+0000] {logging_mixin.py:190} INFO - [2024-09-28T03:54:39.621+0000] {dag.py:3239} INFO - Sync 1 DAGs
[2024-09-28T03:54:39.634+0000] {logging_mixin.py:190} INFO - [2024-09-28T03:54:39.634+0000] {dag.py:4180} INFO - Setting next_dagrun for example_complex to None, run_after=None
[2024-09-28T03:54:39.657+0000] {processor.py:208} INFO - Processing /home/airflow/.local/lib/python3.12/site-packages/airflow/example_dags/example_complex.py took 0.082 seconds
[2024-09-28T03:55:10.975+0000] {processor.py:186} INFO - Started process (PID=342) to work on /home/airflow/.local/lib/python3.12/site-packages/airflow/example_dags/example_complex.py
[2024-09-28T03:55:10.976+0000] {processor.py:914} INFO - Processing file /home/airflow/.local/lib/python3.12/site-packages/airflow/example_dags/example_complex.py for tasks to queue
[2024-09-28T03:55:10.979+0000] {logging_mixin.py:190} INFO - [2024-09-28T03:55:10.979+0000] {dagbag.py:588} INFO - Filling up the DagBag from /home/airflow/.local/lib/python3.12/site-packages/airflow/example_dags/example_complex.py
[2024-09-28T03:55:10.996+0000] {processor.py:925} INFO - DAG(s) 'example_complex' retrieved from /home/airflow/.local/lib/python3.12/site-packages/airflow/example_dags/example_complex.py
[2024-09-28T03:55:11.043+0000] {logging_mixin.py:190} INFO - [2024-09-28T03:55:11.042+0000] {dag.py:3239} INFO - Sync 1 DAGs
[2024-09-28T03:55:11.065+0000] {logging_mixin.py:190} INFO - [2024-09-28T03:55:11.065+0000] {dag.py:4180} INFO - Setting next_dagrun for example_complex to None, run_after=None
[2024-09-28T03:55:11.099+0000] {processor.py:208} INFO - Processing /home/airflow/.local/lib/python3.12/site-packages/airflow/example_dags/example_complex.py took 0.131 seconds
[2024-09-28T03:55:41.810+0000] {processor.py:186} INFO - Started process (PID=442) to work on /home/airflow/.local/lib/python3.12/site-packages/airflow/example_dags/example_complex.py
[2024-09-28T03:55:41.812+0000] {processor.py:914} INFO - Processing file /home/airflow/.local/lib/python3.12/site-packages/airflow/example_dags/example_complex.py for tasks to queue
[2024-09-28T03:55:41.817+0000] {logging_mixin.py:190} INFO - [2024-09-28T03:55:41.816+0000] {dagbag.py:588} INFO - Filling up the DagBag from /home/airflow/.local/lib/python3.12/site-packages/airflow/example_dags/example_complex.py
[2024-09-28T03:55:41.834+0000] {processor.py:925} INFO - DAG(s) 'example_complex' retrieved from /home/airflow/.local/lib/python3.12/site-packages/airflow/example_dags/example_complex.py
[2024-09-28T03:55:41.872+0000] {logging_mixin.py:190} INFO - [2024-09-28T03:55:41.872+0000] {dag.py:3239} INFO - Sync 1 DAGs
[2024-09-28T03:55:41.889+0000] {logging_mixin.py:190} INFO - [2024-09-28T03:55:41.889+0000] {dag.py:4180} INFO - Setting next_dagrun for example_complex to None, run_after=None
[2024-09-28T03:55:41.917+0000] {processor.py:208} INFO - Processing /home/airflow/.local/lib/python3.12/site-packages/airflow/example_dags/example_complex.py took 0.119 seconds
[2024-09-28T03:56:12.053+0000] {processor.py:186} INFO - Started process (PID=613) to work on /home/airflow/.local/lib/python3.12/site-packages/airflow/example_dags/example_complex.py
[2024-09-28T03:56:12.054+0000] {processor.py:914} INFO - Processing file /home/airflow/.local/lib/python3.12/site-packages/airflow/example_dags/example_complex.py for tasks to queue
[2024-09-28T03:56:12.058+0000] {logging_mixin.py:190} INFO - [2024-09-28T03:56:12.057+0000] {dagbag.py:588} INFO - Filling up the DagBag from /home/airflow/.local/lib/python3.12/site-packages/airflow/example_dags/example_complex.py
[2024-09-28T03:56:12.072+0000] {processor.py:925} INFO - DAG(s) 'example_complex' retrieved from /home/airflow/.local/lib/python3.12/site-packages/airflow/example_dags/example_complex.py
[2024-09-28T03:56:12.120+0000] {logging_mixin.py:190} INFO - [2024-09-28T03:56:12.120+0000] {dag.py:3239} INFO - Sync 1 DAGs
[2024-09-28T03:56:12.143+0000] {logging_mixin.py:190} INFO - [2024-09-28T03:56:12.143+0000] {dag.py:4180} INFO - Setting next_dagrun for example_complex to None, run_after=None
[2024-09-28T03:56:12.177+0000] {processor.py:208} INFO - Processing /home/airflow/.local/lib/python3.12/site-packages/airflow/example_dags/example_complex.py took 0.131 seconds
[2024-09-28T03:56:42.995+0000] {processor.py:186} INFO - Started process (PID=678) to work on /home/airflow/.local/lib/python3.12/site-packages/airflow/example_dags/example_complex.py
[2024-09-28T03:56:42.997+0000] {processor.py:914} INFO - Processing file /home/airflow/.local/lib/python3.12/site-packages/airflow/example_dags/example_complex.py for tasks to queue
[2024-09-28T03:56:42.999+0000] {logging_mixin.py:190} INFO - [2024-09-28T03:56:42.999+0000] {dagbag.py:588} INFO - Filling up the DagBag from /home/airflow/.local/lib/python3.12/site-packages/airflow/example_dags/example_complex.py
[2024-09-28T03:56:43.010+0000] {processor.py:925} INFO - DAG(s) 'example_complex' retrieved from /home/airflow/.local/lib/python3.12/site-packages/airflow/example_dags/example_complex.py
[2024-09-28T03:56:43.039+0000] {logging_mixin.py:190} INFO - [2024-09-28T03:56:43.039+0000] {dag.py:3239} INFO - Sync 1 DAGs
[2024-09-28T03:56:43.054+0000] {logging_mixin.py:190} INFO - [2024-09-28T03:56:43.054+0000] {dag.py:4180} INFO - Setting next_dagrun for example_complex to None, run_after=None
[2024-09-28T03:56:43.077+0000] {processor.py:208} INFO - Processing /home/airflow/.local/lib/python3.12/site-packages/airflow/example_dags/example_complex.py took 0.087 seconds
[2024-09-28T04:03:10.536+0000] {processor.py:186} INFO - Started process (PID=109) to work on /home/airflow/.local/lib/python3.12/site-packages/airflow/example_dags/example_complex.py
[2024-09-28T04:03:10.538+0000] {processor.py:914} INFO - Processing file /home/airflow/.local/lib/python3.12/site-packages/airflow/example_dags/example_complex.py for tasks to queue
[2024-09-28T04:03:10.541+0000] {logging_mixin.py:190} INFO - [2024-09-28T04:03:10.540+0000] {dagbag.py:588} INFO - Filling up the DagBag from /home/airflow/.local/lib/python3.12/site-packages/airflow/example_dags/example_complex.py
[2024-09-28T04:03:10.564+0000] {processor.py:925} INFO - DAG(s) 'example_complex' retrieved from /home/airflow/.local/lib/python3.12/site-packages/airflow/example_dags/example_complex.py
[2024-09-28T04:03:10.613+0000] {logging_mixin.py:190} INFO - [2024-09-28T04:03:10.612+0000] {dag.py:3239} INFO - Sync 1 DAGs
[2024-09-28T04:03:10.639+0000] {logging_mixin.py:190} INFO - [2024-09-28T04:03:10.638+0000] {dag.py:4180} INFO - Setting next_dagrun for example_complex to None, run_after=None
[2024-09-28T04:03:10.679+0000] {processor.py:208} INFO - Processing /home/airflow/.local/lib/python3.12/site-packages/airflow/example_dags/example_complex.py took 0.148 seconds
[2024-09-28T04:03:40.819+0000] {processor.py:186} INFO - Started process (PID=172) to work on /home/airflow/.local/lib/python3.12/site-packages/airflow/example_dags/example_complex.py
[2024-09-28T04:03:40.820+0000] {processor.py:914} INFO - Processing file /home/airflow/.local/lib/python3.12/site-packages/airflow/example_dags/example_complex.py for tasks to queue
[2024-09-28T04:03:40.822+0000] {logging_mixin.py:190} INFO - [2024-09-28T04:03:40.822+0000] {dagbag.py:588} INFO - Filling up the DagBag from /home/airflow/.local/lib/python3.12/site-packages/airflow/example_dags/example_complex.py
[2024-09-28T04:03:40.833+0000] {processor.py:925} INFO - DAG(s) 'example_complex' retrieved from /home/airflow/.local/lib/python3.12/site-packages/airflow/example_dags/example_complex.py
[2024-09-28T04:03:40.863+0000] {logging_mixin.py:190} INFO - [2024-09-28T04:03:40.863+0000] {dag.py:3239} INFO - Sync 1 DAGs
[2024-09-28T04:03:40.878+0000] {logging_mixin.py:190} INFO - [2024-09-28T04:03:40.878+0000] {dag.py:4180} INFO - Setting next_dagrun for example_complex to None, run_after=None
[2024-09-28T04:03:40.902+0000] {processor.py:208} INFO - Processing /home/airflow/.local/lib/python3.12/site-packages/airflow/example_dags/example_complex.py took 0.088 seconds
[2024-09-28T04:04:11.733+0000] {processor.py:186} INFO - Started process (PID=235) to work on /home/airflow/.local/lib/python3.12/site-packages/airflow/example_dags/example_complex.py
[2024-09-28T04:04:11.735+0000] {processor.py:914} INFO - Processing file /home/airflow/.local/lib/python3.12/site-packages/airflow/example_dags/example_complex.py for tasks to queue
[2024-09-28T04:04:11.738+0000] {logging_mixin.py:190} INFO - [2024-09-28T04:04:11.738+0000] {dagbag.py:588} INFO - Filling up the DagBag from /home/airflow/.local/lib/python3.12/site-packages/airflow/example_dags/example_complex.py
[2024-09-28T04:04:11.754+0000] {processor.py:925} INFO - DAG(s) 'example_complex' retrieved from /home/airflow/.local/lib/python3.12/site-packages/airflow/example_dags/example_complex.py
[2024-09-28T04:04:11.794+0000] {logging_mixin.py:190} INFO - [2024-09-28T04:04:11.794+0000] {dag.py:3239} INFO - Sync 1 DAGs
[2024-09-28T04:04:11.814+0000] {logging_mixin.py:190} INFO - [2024-09-28T04:04:11.813+0000] {dag.py:4180} INFO - Setting next_dagrun for example_complex to None, run_after=None
[2024-09-28T04:04:11.841+0000] {processor.py:208} INFO - Processing /home/airflow/.local/lib/python3.12/site-packages/airflow/example_dags/example_complex.py took 0.114 seconds
[2024-09-28T04:04:42.608+0000] {processor.py:186} INFO - Started process (PID=298) to work on /home/airflow/.local/lib/python3.12/site-packages/airflow/example_dags/example_complex.py
[2024-09-28T04:04:42.609+0000] {processor.py:914} INFO - Processing file /home/airflow/.local/lib/python3.12/site-packages/airflow/example_dags/example_complex.py for tasks to queue
[2024-09-28T04:04:42.612+0000] {logging_mixin.py:190} INFO - [2024-09-28T04:04:42.611+0000] {dagbag.py:588} INFO - Filling up the DagBag from /home/airflow/.local/lib/python3.12/site-packages/airflow/example_dags/example_complex.py
[2024-09-28T04:04:42.624+0000] {processor.py:925} INFO - DAG(s) 'example_complex' retrieved from /home/airflow/.local/lib/python3.12/site-packages/airflow/example_dags/example_complex.py
[2024-09-28T04:04:42.658+0000] {logging_mixin.py:190} INFO - [2024-09-28T04:04:42.658+0000] {dag.py:3239} INFO - Sync 1 DAGs
[2024-09-28T04:04:42.674+0000] {logging_mixin.py:190} INFO - [2024-09-28T04:04:42.674+0000] {dag.py:4180} INFO - Setting next_dagrun for example_complex to None, run_after=None
[2024-09-28T04:04:42.703+0000] {processor.py:208} INFO - Processing /home/airflow/.local/lib/python3.12/site-packages/airflow/example_dags/example_complex.py took 0.100 seconds
[2024-09-28T04:05:13.514+0000] {processor.py:186} INFO - Started process (PID=384) to work on /home/airflow/.local/lib/python3.12/site-packages/airflow/example_dags/example_complex.py
[2024-09-28T04:05:13.515+0000] {processor.py:914} INFO - Processing file /home/airflow/.local/lib/python3.12/site-packages/airflow/example_dags/example_complex.py for tasks to queue
[2024-09-28T04:05:13.517+0000] {logging_mixin.py:190} INFO - [2024-09-28T04:05:13.517+0000] {dagbag.py:588} INFO - Filling up the DagBag from /home/airflow/.local/lib/python3.12/site-packages/airflow/example_dags/example_complex.py
[2024-09-28T04:05:13.527+0000] {processor.py:925} INFO - DAG(s) 'example_complex' retrieved from /home/airflow/.local/lib/python3.12/site-packages/airflow/example_dags/example_complex.py
[2024-09-28T04:05:13.559+0000] {logging_mixin.py:190} INFO - [2024-09-28T04:05:13.558+0000] {dag.py:3239} INFO - Sync 1 DAGs
[2024-09-28T04:05:13.574+0000] {logging_mixin.py:190} INFO - [2024-09-28T04:05:13.574+0000] {dag.py:4180} INFO - Setting next_dagrun for example_complex to None, run_after=None
[2024-09-28T04:05:13.598+0000] {processor.py:208} INFO - Processing /home/airflow/.local/lib/python3.12/site-packages/airflow/example_dags/example_complex.py took 0.089 seconds
[2024-09-28T04:05:54.194+0000] {processor.py:186} INFO - Started process (PID=113) to work on /home/airflow/.local/lib/python3.12/site-packages/airflow/example_dags/example_complex.py
[2024-09-28T04:05:54.196+0000] {processor.py:914} INFO - Processing file /home/airflow/.local/lib/python3.12/site-packages/airflow/example_dags/example_complex.py for tasks to queue
[2024-09-28T04:05:54.198+0000] {logging_mixin.py:190} INFO - [2024-09-28T04:05:54.197+0000] {dagbag.py:588} INFO - Filling up the DagBag from /home/airflow/.local/lib/python3.12/site-packages/airflow/example_dags/example_complex.py
[2024-09-28T04:05:54.208+0000] {processor.py:925} INFO - DAG(s) 'example_complex' retrieved from /home/airflow/.local/lib/python3.12/site-packages/airflow/example_dags/example_complex.py
[2024-09-28T04:05:54.238+0000] {logging_mixin.py:190} INFO - [2024-09-28T04:05:54.238+0000] {dag.py:3239} INFO - Sync 1 DAGs
[2024-09-28T04:05:54.254+0000] {logging_mixin.py:190} INFO - [2024-09-28T04:05:54.254+0000] {dag.py:4180} INFO - Setting next_dagrun for example_complex to None, run_after=None
[2024-09-28T04:05:54.280+0000] {processor.py:208} INFO - Processing /home/airflow/.local/lib/python3.12/site-packages/airflow/example_dags/example_complex.py took 0.090 seconds
[2024-09-28T04:06:24.729+0000] {processor.py:186} INFO - Started process (PID=187) to work on /home/airflow/.local/lib/python3.12/site-packages/airflow/example_dags/example_complex.py
[2024-09-28T04:06:24.730+0000] {processor.py:914} INFO - Processing file /home/airflow/.local/lib/python3.12/site-packages/airflow/example_dags/example_complex.py for tasks to queue
[2024-09-28T04:06:24.733+0000] {logging_mixin.py:190} INFO - [2024-09-28T04:06:24.732+0000] {dagbag.py:588} INFO - Filling up the DagBag from /home/airflow/.local/lib/python3.12/site-packages/airflow/example_dags/example_complex.py
[2024-09-28T04:06:24.745+0000] {processor.py:925} INFO - DAG(s) 'example_complex' retrieved from /home/airflow/.local/lib/python3.12/site-packages/airflow/example_dags/example_complex.py
[2024-09-28T04:06:24.783+0000] {logging_mixin.py:190} INFO - [2024-09-28T04:06:24.782+0000] {dag.py:3239} INFO - Sync 1 DAGs
[2024-09-28T04:06:24.800+0000] {logging_mixin.py:190} INFO - [2024-09-28T04:06:24.799+0000] {dag.py:4180} INFO - Setting next_dagrun for example_complex to None, run_after=None
[2024-09-28T04:06:24.828+0000] {processor.py:208} INFO - Processing /home/airflow/.local/lib/python3.12/site-packages/airflow/example_dags/example_complex.py took 0.105 seconds
[2024-09-28T04:06:55.393+0000] {processor.py:186} INFO - Started process (PID=261) to work on /home/airflow/.local/lib/python3.12/site-packages/airflow/example_dags/example_complex.py
[2024-09-28T04:06:55.395+0000] {processor.py:914} INFO - Processing file /home/airflow/.local/lib/python3.12/site-packages/airflow/example_dags/example_complex.py for tasks to queue
[2024-09-28T04:06:55.398+0000] {logging_mixin.py:190} INFO - [2024-09-28T04:06:55.398+0000] {dagbag.py:588} INFO - Filling up the DagBag from /home/airflow/.local/lib/python3.12/site-packages/airflow/example_dags/example_complex.py
[2024-09-28T04:06:55.415+0000] {processor.py:925} INFO - DAG(s) 'example_complex' retrieved from /home/airflow/.local/lib/python3.12/site-packages/airflow/example_dags/example_complex.py
[2024-09-28T04:06:55.478+0000] {logging_mixin.py:190} INFO - [2024-09-28T04:06:55.478+0000] {dag.py:3239} INFO - Sync 1 DAGs
[2024-09-28T04:06:55.503+0000] {logging_mixin.py:190} INFO - [2024-09-28T04:06:55.503+0000] {dag.py:4180} INFO - Setting next_dagrun for example_complex to None, run_after=None
[2024-09-28T04:06:55.537+0000] {processor.py:208} INFO - Processing /home/airflow/.local/lib/python3.12/site-packages/airflow/example_dags/example_complex.py took 0.151 seconds
[2024-09-28T04:07:26.195+0000] {processor.py:186} INFO - Started process (PID=335) to work on /home/airflow/.local/lib/python3.12/site-packages/airflow/example_dags/example_complex.py
[2024-09-28T04:07:26.197+0000] {processor.py:914} INFO - Processing file /home/airflow/.local/lib/python3.12/site-packages/airflow/example_dags/example_complex.py for tasks to queue
[2024-09-28T04:07:26.199+0000] {logging_mixin.py:190} INFO - [2024-09-28T04:07:26.199+0000] {dagbag.py:588} INFO - Filling up the DagBag from /home/airflow/.local/lib/python3.12/site-packages/airflow/example_dags/example_complex.py
[2024-09-28T04:07:26.212+0000] {processor.py:925} INFO - DAG(s) 'example_complex' retrieved from /home/airflow/.local/lib/python3.12/site-packages/airflow/example_dags/example_complex.py
[2024-09-28T04:07:26.255+0000] {logging_mixin.py:190} INFO - [2024-09-28T04:07:26.255+0000] {dag.py:3239} INFO - Sync 1 DAGs
[2024-09-28T04:07:26.275+0000] {logging_mixin.py:190} INFO - [2024-09-28T04:07:26.274+0000] {dag.py:4180} INFO - Setting next_dagrun for example_complex to None, run_after=None
[2024-09-28T04:07:26.299+0000] {processor.py:208} INFO - Processing /home/airflow/.local/lib/python3.12/site-packages/airflow/example_dags/example_complex.py took 0.110 seconds
[2024-09-28T04:07:56.913+0000] {processor.py:186} INFO - Started process (PID=409) to work on /home/airflow/.local/lib/python3.12/site-packages/airflow/example_dags/example_complex.py
[2024-09-28T04:07:56.914+0000] {processor.py:914} INFO - Processing file /home/airflow/.local/lib/python3.12/site-packages/airflow/example_dags/example_complex.py for tasks to queue
[2024-09-28T04:07:56.917+0000] {logging_mixin.py:190} INFO - [2024-09-28T04:07:56.916+0000] {dagbag.py:588} INFO - Filling up the DagBag from /home/airflow/.local/lib/python3.12/site-packages/airflow/example_dags/example_complex.py
[2024-09-28T04:07:56.928+0000] {processor.py:925} INFO - DAG(s) 'example_complex' retrieved from /home/airflow/.local/lib/python3.12/site-packages/airflow/example_dags/example_complex.py
[2024-09-28T04:07:56.960+0000] {logging_mixin.py:190} INFO - [2024-09-28T04:07:56.960+0000] {dag.py:3239} INFO - Sync 1 DAGs
[2024-09-28T04:07:56.974+0000] {logging_mixin.py:190} INFO - [2024-09-28T04:07:56.974+0000] {dag.py:4180} INFO - Setting next_dagrun for example_complex to None, run_after=None
[2024-09-28T04:07:56.999+0000] {processor.py:208} INFO - Processing /home/airflow/.local/lib/python3.12/site-packages/airflow/example_dags/example_complex.py took 0.091 seconds
