[2024-09-28T02:19:01.610+0000] {processor.py:186} INFO - Started process (PID=92) to work on /home/airflow/.local/lib/python3.12/site-packages/airflow/example_dags/example_branch_labels.py
[2024-09-28T02:19:01.624+0000] {processor.py:914} INFO - Processing file /home/airflow/.local/lib/python3.12/site-packages/airflow/example_dags/example_branch_labels.py for tasks to queue
[2024-09-28T02:19:01.629+0000] {logging_mixin.py:190} INFO - [2024-09-28T02:19:01.629+0000] {dagbag.py:588} INFO - Filling up the DagBag from /home/airflow/.local/lib/python3.12/site-packages/airflow/example_dags/example_branch_labels.py
[2024-09-28T02:19:01.641+0000] {processor.py:925} INFO - DAG(s) 'example_branch_labels' retrieved from /home/airflow/.local/lib/python3.12/site-packages/airflow/example_dags/example_branch_labels.py
[2024-09-28T02:19:01.665+0000] {logging_mixin.py:190} INFO - [2024-09-28T02:19:01.664+0000] {dag.py:3239} INFO - Sync 1 DAGs
[2024-09-28T02:19:01.695+0000] {logging_mixin.py:190} INFO - [2024-09-28T02:19:01.694+0000] {dag.py:4180} INFO - Setting next_dagrun for example_branch_labels to 2024-09-27 00:00:00+00:00, run_after=2024-09-28 00:00:00+00:00
[2024-09-28T02:19:01.724+0000] {processor.py:208} INFO - Processing /home/airflow/.local/lib/python3.12/site-packages/airflow/example_dags/example_branch_labels.py took 0.120 seconds
[2024-09-28T02:19:32.438+0000] {processor.py:186} INFO - Started process (PID=155) to work on /home/airflow/.local/lib/python3.12/site-packages/airflow/example_dags/example_branch_labels.py
[2024-09-28T02:19:32.440+0000] {processor.py:914} INFO - Processing file /home/airflow/.local/lib/python3.12/site-packages/airflow/example_dags/example_branch_labels.py for tasks to queue
[2024-09-28T02:19:32.443+0000] {logging_mixin.py:190} INFO - [2024-09-28T02:19:32.442+0000] {dagbag.py:588} INFO - Filling up the DagBag from /home/airflow/.local/lib/python3.12/site-packages/airflow/example_dags/example_branch_labels.py
[2024-09-28T02:19:32.454+0000] {processor.py:925} INFO - DAG(s) 'example_branch_labels' retrieved from /home/airflow/.local/lib/python3.12/site-packages/airflow/example_dags/example_branch_labels.py
[2024-09-28T02:19:32.485+0000] {logging_mixin.py:190} INFO - [2024-09-28T02:19:32.485+0000] {dag.py:3239} INFO - Sync 1 DAGs
[2024-09-28T02:19:32.544+0000] {logging_mixin.py:190} INFO - [2024-09-28T02:19:32.543+0000] {dag.py:4180} INFO - Setting next_dagrun for example_branch_labels to 2024-09-27 00:00:00+00:00, run_after=2024-09-28 00:00:00+00:00
[2024-09-28T02:19:32.579+0000] {processor.py:208} INFO - Processing /home/airflow/.local/lib/python3.12/site-packages/airflow/example_dags/example_branch_labels.py took 0.148 seconds
[2024-09-28T02:20:03.282+0000] {processor.py:186} INFO - Started process (PID=218) to work on /home/airflow/.local/lib/python3.12/site-packages/airflow/example_dags/example_branch_labels.py
[2024-09-28T02:20:03.283+0000] {processor.py:914} INFO - Processing file /home/airflow/.local/lib/python3.12/site-packages/airflow/example_dags/example_branch_labels.py for tasks to queue
[2024-09-28T02:20:03.286+0000] {logging_mixin.py:190} INFO - [2024-09-28T02:20:03.286+0000] {dagbag.py:588} INFO - Filling up the DagBag from /home/airflow/.local/lib/python3.12/site-packages/airflow/example_dags/example_branch_labels.py
[2024-09-28T02:20:03.295+0000] {processor.py:925} INFO - DAG(s) 'example_branch_labels' retrieved from /home/airflow/.local/lib/python3.12/site-packages/airflow/example_dags/example_branch_labels.py
[2024-09-28T02:20:03.319+0000] {logging_mixin.py:190} INFO - [2024-09-28T02:20:03.319+0000] {dag.py:3239} INFO - Sync 1 DAGs
[2024-09-28T02:20:03.344+0000] {logging_mixin.py:190} INFO - [2024-09-28T02:20:03.344+0000] {dag.py:4180} INFO - Setting next_dagrun for example_branch_labels to 2024-09-27 00:00:00+00:00, run_after=2024-09-28 00:00:00+00:00
[2024-09-28T02:20:03.370+0000] {processor.py:208} INFO - Processing /home/airflow/.local/lib/python3.12/site-packages/airflow/example_dags/example_branch_labels.py took 0.094 seconds
[2024-09-28T02:20:33.892+0000] {processor.py:186} INFO - Started process (PID=281) to work on /home/airflow/.local/lib/python3.12/site-packages/airflow/example_dags/example_branch_labels.py
[2024-09-28T02:20:33.893+0000] {processor.py:914} INFO - Processing file /home/airflow/.local/lib/python3.12/site-packages/airflow/example_dags/example_branch_labels.py for tasks to queue
[2024-09-28T02:20:33.896+0000] {logging_mixin.py:190} INFO - [2024-09-28T02:20:33.895+0000] {dagbag.py:588} INFO - Filling up the DagBag from /home/airflow/.local/lib/python3.12/site-packages/airflow/example_dags/example_branch_labels.py
[2024-09-28T02:20:33.905+0000] {processor.py:925} INFO - DAG(s) 'example_branch_labels' retrieved from /home/airflow/.local/lib/python3.12/site-packages/airflow/example_dags/example_branch_labels.py
[2024-09-28T02:20:33.927+0000] {logging_mixin.py:190} INFO - [2024-09-28T02:20:33.927+0000] {dag.py:3239} INFO - Sync 1 DAGs
[2024-09-28T02:20:33.954+0000] {logging_mixin.py:190} INFO - [2024-09-28T02:20:33.954+0000] {dag.py:4180} INFO - Setting next_dagrun for example_branch_labels to 2024-09-27 00:00:00+00:00, run_after=2024-09-28 00:00:00+00:00
[2024-09-28T02:20:33.979+0000] {processor.py:208} INFO - Processing /home/airflow/.local/lib/python3.12/site-packages/airflow/example_dags/example_branch_labels.py took 0.092 seconds
[2024-09-28T02:21:04.432+0000] {processor.py:186} INFO - Started process (PID=344) to work on /home/airflow/.local/lib/python3.12/site-packages/airflow/example_dags/example_branch_labels.py
[2024-09-28T02:21:04.434+0000] {processor.py:914} INFO - Processing file /home/airflow/.local/lib/python3.12/site-packages/airflow/example_dags/example_branch_labels.py for tasks to queue
[2024-09-28T02:21:04.436+0000] {logging_mixin.py:190} INFO - [2024-09-28T02:21:04.436+0000] {dagbag.py:588} INFO - Filling up the DagBag from /home/airflow/.local/lib/python3.12/site-packages/airflow/example_dags/example_branch_labels.py
[2024-09-28T02:21:04.449+0000] {processor.py:925} INFO - DAG(s) 'example_branch_labels' retrieved from /home/airflow/.local/lib/python3.12/site-packages/airflow/example_dags/example_branch_labels.py
[2024-09-28T02:21:04.473+0000] {logging_mixin.py:190} INFO - [2024-09-28T02:21:04.472+0000] {dag.py:3239} INFO - Sync 1 DAGs
[2024-09-28T02:21:04.504+0000] {logging_mixin.py:190} INFO - [2024-09-28T02:21:04.504+0000] {dag.py:4180} INFO - Setting next_dagrun for example_branch_labels to 2024-09-27 00:00:00+00:00, run_after=2024-09-28 00:00:00+00:00
[2024-09-28T02:21:04.531+0000] {processor.py:208} INFO - Processing /home/airflow/.local/lib/python3.12/site-packages/airflow/example_dags/example_branch_labels.py took 0.106 seconds
[2024-09-28T02:21:35.648+0000] {processor.py:186} INFO - Started process (PID=407) to work on /home/airflow/.local/lib/python3.12/site-packages/airflow/example_dags/example_branch_labels.py
[2024-09-28T02:21:35.650+0000] {processor.py:914} INFO - Processing file /home/airflow/.local/lib/python3.12/site-packages/airflow/example_dags/example_branch_labels.py for tasks to queue
[2024-09-28T02:21:35.653+0000] {logging_mixin.py:190} INFO - [2024-09-28T02:21:35.653+0000] {dagbag.py:588} INFO - Filling up the DagBag from /home/airflow/.local/lib/python3.12/site-packages/airflow/example_dags/example_branch_labels.py
[2024-09-28T02:21:35.665+0000] {processor.py:925} INFO - DAG(s) 'example_branch_labels' retrieved from /home/airflow/.local/lib/python3.12/site-packages/airflow/example_dags/example_branch_labels.py
[2024-09-28T02:21:35.691+0000] {logging_mixin.py:190} INFO - [2024-09-28T02:21:35.690+0000] {dag.py:3239} INFO - Sync 1 DAGs
[2024-09-28T02:21:35.723+0000] {logging_mixin.py:190} INFO - [2024-09-28T02:21:35.723+0000] {dag.py:4180} INFO - Setting next_dagrun for example_branch_labels to 2024-09-27 00:00:00+00:00, run_after=2024-09-28 00:00:00+00:00
[2024-09-28T02:21:35.753+0000] {processor.py:208} INFO - Processing /home/airflow/.local/lib/python3.12/site-packages/airflow/example_dags/example_branch_labels.py took 0.111 seconds
[2024-09-28T02:22:06.356+0000] {processor.py:186} INFO - Started process (PID=470) to work on /home/airflow/.local/lib/python3.12/site-packages/airflow/example_dags/example_branch_labels.py
[2024-09-28T02:22:06.357+0000] {processor.py:914} INFO - Processing file /home/airflow/.local/lib/python3.12/site-packages/airflow/example_dags/example_branch_labels.py for tasks to queue
[2024-09-28T02:22:06.360+0000] {logging_mixin.py:190} INFO - [2024-09-28T02:22:06.359+0000] {dagbag.py:588} INFO - Filling up the DagBag from /home/airflow/.local/lib/python3.12/site-packages/airflow/example_dags/example_branch_labels.py
[2024-09-28T02:22:06.369+0000] {processor.py:925} INFO - DAG(s) 'example_branch_labels' retrieved from /home/airflow/.local/lib/python3.12/site-packages/airflow/example_dags/example_branch_labels.py
[2024-09-28T02:22:06.392+0000] {logging_mixin.py:190} INFO - [2024-09-28T02:22:06.392+0000] {dag.py:3239} INFO - Sync 1 DAGs
[2024-09-28T02:22:06.421+0000] {logging_mixin.py:190} INFO - [2024-09-28T02:22:06.420+0000] {dag.py:4180} INFO - Setting next_dagrun for example_branch_labels to 2024-09-27 00:00:00+00:00, run_after=2024-09-28 00:00:00+00:00
[2024-09-28T02:22:06.446+0000] {processor.py:208} INFO - Processing /home/airflow/.local/lib/python3.12/site-packages/airflow/example_dags/example_branch_labels.py took 0.096 seconds
[2024-09-28T02:22:36.742+0000] {processor.py:186} INFO - Started process (PID=533) to work on /home/airflow/.local/lib/python3.12/site-packages/airflow/example_dags/example_branch_labels.py
[2024-09-28T02:22:36.743+0000] {processor.py:914} INFO - Processing file /home/airflow/.local/lib/python3.12/site-packages/airflow/example_dags/example_branch_labels.py for tasks to queue
[2024-09-28T02:22:36.746+0000] {logging_mixin.py:190} INFO - [2024-09-28T02:22:36.746+0000] {dagbag.py:588} INFO - Filling up the DagBag from /home/airflow/.local/lib/python3.12/site-packages/airflow/example_dags/example_branch_labels.py
[2024-09-28T02:22:36.756+0000] {processor.py:925} INFO - DAG(s) 'example_branch_labels' retrieved from /home/airflow/.local/lib/python3.12/site-packages/airflow/example_dags/example_branch_labels.py
[2024-09-28T02:22:36.777+0000] {logging_mixin.py:190} INFO - [2024-09-28T02:22:36.777+0000] {dag.py:3239} INFO - Sync 1 DAGs
[2024-09-28T02:22:36.807+0000] {logging_mixin.py:190} INFO - [2024-09-28T02:22:36.807+0000] {dag.py:4180} INFO - Setting next_dagrun for example_branch_labels to 2024-09-27 00:00:00+00:00, run_after=2024-09-28 00:00:00+00:00
[2024-09-28T02:22:36.833+0000] {processor.py:208} INFO - Processing /home/airflow/.local/lib/python3.12/site-packages/airflow/example_dags/example_branch_labels.py took 0.096 seconds
[2024-09-28T02:23:07.667+0000] {processor.py:186} INFO - Started process (PID=597) to work on /home/airflow/.local/lib/python3.12/site-packages/airflow/example_dags/example_branch_labels.py
[2024-09-28T02:23:07.678+0000] {processor.py:914} INFO - Processing file /home/airflow/.local/lib/python3.12/site-packages/airflow/example_dags/example_branch_labels.py for tasks to queue
[2024-09-28T02:23:07.680+0000] {logging_mixin.py:190} INFO - [2024-09-28T02:23:07.680+0000] {dagbag.py:588} INFO - Filling up the DagBag from /home/airflow/.local/lib/python3.12/site-packages/airflow/example_dags/example_branch_labels.py
[2024-09-28T02:23:07.691+0000] {processor.py:925} INFO - DAG(s) 'example_branch_labels' retrieved from /home/airflow/.local/lib/python3.12/site-packages/airflow/example_dags/example_branch_labels.py
[2024-09-28T02:23:07.714+0000] {logging_mixin.py:190} INFO - [2024-09-28T02:23:07.714+0000] {dag.py:3239} INFO - Sync 1 DAGs
[2024-09-28T02:23:07.745+0000] {logging_mixin.py:190} INFO - [2024-09-28T02:23:07.744+0000] {dag.py:4180} INFO - Setting next_dagrun for example_branch_labels to 2024-09-27 00:00:00+00:00, run_after=2024-09-28 00:00:00+00:00
[2024-09-28T02:23:08.243+0000] {processor.py:208} INFO - Processing /home/airflow/.local/lib/python3.12/site-packages/airflow/example_dags/example_branch_labels.py took 0.583 seconds
[2024-09-28T02:23:38.810+0000] {processor.py:186} INFO - Started process (PID=660) to work on /home/airflow/.local/lib/python3.12/site-packages/airflow/example_dags/example_branch_labels.py
[2024-09-28T02:23:38.811+0000] {processor.py:914} INFO - Processing file /home/airflow/.local/lib/python3.12/site-packages/airflow/example_dags/example_branch_labels.py for tasks to queue
[2024-09-28T02:23:38.813+0000] {logging_mixin.py:190} INFO - [2024-09-28T02:23:38.813+0000] {dagbag.py:588} INFO - Filling up the DagBag from /home/airflow/.local/lib/python3.12/site-packages/airflow/example_dags/example_branch_labels.py
[2024-09-28T02:23:38.822+0000] {processor.py:925} INFO - DAG(s) 'example_branch_labels' retrieved from /home/airflow/.local/lib/python3.12/site-packages/airflow/example_dags/example_branch_labels.py
[2024-09-28T02:23:38.842+0000] {logging_mixin.py:190} INFO - [2024-09-28T02:23:38.842+0000] {dag.py:3239} INFO - Sync 1 DAGs
[2024-09-28T02:23:38.865+0000] {logging_mixin.py:190} INFO - [2024-09-28T02:23:38.865+0000] {dag.py:4180} INFO - Setting next_dagrun for example_branch_labels to 2024-09-27 00:00:00+00:00, run_after=2024-09-28 00:00:00+00:00
[2024-09-28T02:23:38.932+0000] {processor.py:208} INFO - Processing /home/airflow/.local/lib/python3.12/site-packages/airflow/example_dags/example_branch_labels.py took 0.127 seconds
[2024-09-28T02:24:09.277+0000] {processor.py:186} INFO - Started process (PID=723) to work on /home/airflow/.local/lib/python3.12/site-packages/airflow/example_dags/example_branch_labels.py
[2024-09-28T02:24:09.280+0000] {processor.py:914} INFO - Processing file /home/airflow/.local/lib/python3.12/site-packages/airflow/example_dags/example_branch_labels.py for tasks to queue
[2024-09-28T02:24:09.283+0000] {logging_mixin.py:190} INFO - [2024-09-28T02:24:09.282+0000] {dagbag.py:588} INFO - Filling up the DagBag from /home/airflow/.local/lib/python3.12/site-packages/airflow/example_dags/example_branch_labels.py
[2024-09-28T02:24:09.300+0000] {processor.py:925} INFO - DAG(s) 'example_branch_labels' retrieved from /home/airflow/.local/lib/python3.12/site-packages/airflow/example_dags/example_branch_labels.py
[2024-09-28T02:24:09.335+0000] {logging_mixin.py:190} INFO - [2024-09-28T02:24:09.335+0000] {dag.py:3239} INFO - Sync 1 DAGs
[2024-09-28T02:24:09.383+0000] {logging_mixin.py:190} INFO - [2024-09-28T02:24:09.382+0000] {dag.py:4180} INFO - Setting next_dagrun for example_branch_labels to 2024-09-27 00:00:00+00:00, run_after=2024-09-28 00:00:00+00:00
[2024-09-28T02:24:09.414+0000] {processor.py:208} INFO - Processing /home/airflow/.local/lib/python3.12/site-packages/airflow/example_dags/example_branch_labels.py took 0.147 seconds
[2024-09-28T02:24:39.572+0000] {processor.py:186} INFO - Started process (PID=786) to work on /home/airflow/.local/lib/python3.12/site-packages/airflow/example_dags/example_branch_labels.py
[2024-09-28T02:24:39.573+0000] {processor.py:914} INFO - Processing file /home/airflow/.local/lib/python3.12/site-packages/airflow/example_dags/example_branch_labels.py for tasks to queue
[2024-09-28T02:24:39.576+0000] {logging_mixin.py:190} INFO - [2024-09-28T02:24:39.575+0000] {dagbag.py:588} INFO - Filling up the DagBag from /home/airflow/.local/lib/python3.12/site-packages/airflow/example_dags/example_branch_labels.py
[2024-09-28T02:24:39.587+0000] {processor.py:925} INFO - DAG(s) 'example_branch_labels' retrieved from /home/airflow/.local/lib/python3.12/site-packages/airflow/example_dags/example_branch_labels.py
[2024-09-28T02:24:39.608+0000] {logging_mixin.py:190} INFO - [2024-09-28T02:24:39.608+0000] {dag.py:3239} INFO - Sync 1 DAGs
[2024-09-28T02:24:39.631+0000] {logging_mixin.py:190} INFO - [2024-09-28T02:24:39.631+0000] {dag.py:4180} INFO - Setting next_dagrun for example_branch_labels to 2024-09-27 00:00:00+00:00, run_after=2024-09-28 00:00:00+00:00
[2024-09-28T02:24:39.653+0000] {processor.py:208} INFO - Processing /home/airflow/.local/lib/python3.12/site-packages/airflow/example_dags/example_branch_labels.py took 0.088 seconds
[2024-09-28T02:25:10.111+0000] {processor.py:186} INFO - Started process (PID=849) to work on /home/airflow/.local/lib/python3.12/site-packages/airflow/example_dags/example_branch_labels.py
[2024-09-28T02:25:10.112+0000] {processor.py:914} INFO - Processing file /home/airflow/.local/lib/python3.12/site-packages/airflow/example_dags/example_branch_labels.py for tasks to queue
[2024-09-28T02:25:10.114+0000] {logging_mixin.py:190} INFO - [2024-09-28T02:25:10.114+0000] {dagbag.py:588} INFO - Filling up the DagBag from /home/airflow/.local/lib/python3.12/site-packages/airflow/example_dags/example_branch_labels.py
[2024-09-28T02:25:10.123+0000] {processor.py:925} INFO - DAG(s) 'example_branch_labels' retrieved from /home/airflow/.local/lib/python3.12/site-packages/airflow/example_dags/example_branch_labels.py
[2024-09-28T02:25:10.142+0000] {logging_mixin.py:190} INFO - [2024-09-28T02:25:10.141+0000] {dag.py:3239} INFO - Sync 1 DAGs
[2024-09-28T02:25:10.165+0000] {logging_mixin.py:190} INFO - [2024-09-28T02:25:10.165+0000] {dag.py:4180} INFO - Setting next_dagrun for example_branch_labels to 2024-09-27 00:00:00+00:00, run_after=2024-09-28 00:00:00+00:00
[2024-09-28T02:25:10.189+0000] {processor.py:208} INFO - Processing /home/airflow/.local/lib/python3.12/site-packages/airflow/example_dags/example_branch_labels.py took 0.082 seconds
[2024-09-28T02:25:40.396+0000] {processor.py:186} INFO - Started process (PID=912) to work on /home/airflow/.local/lib/python3.12/site-packages/airflow/example_dags/example_branch_labels.py
[2024-09-28T02:25:40.397+0000] {processor.py:914} INFO - Processing file /home/airflow/.local/lib/python3.12/site-packages/airflow/example_dags/example_branch_labels.py for tasks to queue
[2024-09-28T02:25:40.399+0000] {logging_mixin.py:190} INFO - [2024-09-28T02:25:40.399+0000] {dagbag.py:588} INFO - Filling up the DagBag from /home/airflow/.local/lib/python3.12/site-packages/airflow/example_dags/example_branch_labels.py
[2024-09-28T02:25:40.407+0000] {processor.py:925} INFO - DAG(s) 'example_branch_labels' retrieved from /home/airflow/.local/lib/python3.12/site-packages/airflow/example_dags/example_branch_labels.py
[2024-09-28T02:25:40.427+0000] {logging_mixin.py:190} INFO - [2024-09-28T02:25:40.427+0000] {dag.py:3239} INFO - Sync 1 DAGs
[2024-09-28T02:25:40.449+0000] {logging_mixin.py:190} INFO - [2024-09-28T02:25:40.449+0000] {dag.py:4180} INFO - Setting next_dagrun for example_branch_labels to 2024-09-27 00:00:00+00:00, run_after=2024-09-28 00:00:00+00:00
[2024-09-28T02:25:40.473+0000] {processor.py:208} INFO - Processing /home/airflow/.local/lib/python3.12/site-packages/airflow/example_dags/example_branch_labels.py took 0.082 seconds
[2024-09-28T02:26:10.886+0000] {processor.py:186} INFO - Started process (PID=975) to work on /home/airflow/.local/lib/python3.12/site-packages/airflow/example_dags/example_branch_labels.py
[2024-09-28T02:26:10.887+0000] {processor.py:914} INFO - Processing file /home/airflow/.local/lib/python3.12/site-packages/airflow/example_dags/example_branch_labels.py for tasks to queue
[2024-09-28T02:26:10.890+0000] {logging_mixin.py:190} INFO - [2024-09-28T02:26:10.889+0000] {dagbag.py:588} INFO - Filling up the DagBag from /home/airflow/.local/lib/python3.12/site-packages/airflow/example_dags/example_branch_labels.py
[2024-09-28T02:26:10.898+0000] {processor.py:925} INFO - DAG(s) 'example_branch_labels' retrieved from /home/airflow/.local/lib/python3.12/site-packages/airflow/example_dags/example_branch_labels.py
[2024-09-28T02:26:10.917+0000] {logging_mixin.py:190} INFO - [2024-09-28T02:26:10.917+0000] {dag.py:3239} INFO - Sync 1 DAGs
[2024-09-28T02:26:10.943+0000] {logging_mixin.py:190} INFO - [2024-09-28T02:26:10.943+0000] {dag.py:4180} INFO - Setting next_dagrun for example_branch_labels to 2024-09-27 00:00:00+00:00, run_after=2024-09-28 00:00:00+00:00
[2024-09-28T02:26:10.963+0000] {processor.py:208} INFO - Processing /home/airflow/.local/lib/python3.12/site-packages/airflow/example_dags/example_branch_labels.py took 0.082 seconds
[2024-09-28T02:46:05.711+0000] {processor.py:186} INFO - Started process (PID=91) to work on /home/airflow/.local/lib/python3.12/site-packages/airflow/example_dags/example_branch_labels.py
[2024-09-28T02:46:05.713+0000] {processor.py:914} INFO - Processing file /home/airflow/.local/lib/python3.12/site-packages/airflow/example_dags/example_branch_labels.py for tasks to queue
[2024-09-28T02:46:05.716+0000] {logging_mixin.py:190} INFO - [2024-09-28T02:46:05.715+0000] {dagbag.py:588} INFO - Filling up the DagBag from /home/airflow/.local/lib/python3.12/site-packages/airflow/example_dags/example_branch_labels.py
[2024-09-28T02:46:05.726+0000] {processor.py:925} INFO - DAG(s) 'example_branch_labels' retrieved from /home/airflow/.local/lib/python3.12/site-packages/airflow/example_dags/example_branch_labels.py
[2024-09-28T02:46:05.752+0000] {logging_mixin.py:190} INFO - [2024-09-28T02:46:05.751+0000] {dag.py:3239} INFO - Sync 1 DAGs
[2024-09-28T02:46:05.785+0000] {logging_mixin.py:190} INFO - [2024-09-28T02:46:05.785+0000] {dag.py:4180} INFO - Setting next_dagrun for example_branch_labels to 2024-09-27 00:00:00+00:00, run_after=2024-09-28 00:00:00+00:00
[2024-09-28T02:46:05.813+0000] {processor.py:208} INFO - Processing /home/airflow/.local/lib/python3.12/site-packages/airflow/example_dags/example_branch_labels.py took 0.107 seconds
[2024-09-28T02:46:37.346+0000] {processor.py:186} INFO - Started process (PID=154) to work on /home/airflow/.local/lib/python3.12/site-packages/airflow/example_dags/example_branch_labels.py
[2024-09-28T02:46:37.348+0000] {processor.py:914} INFO - Processing file /home/airflow/.local/lib/python3.12/site-packages/airflow/example_dags/example_branch_labels.py for tasks to queue
[2024-09-28T02:46:37.351+0000] {logging_mixin.py:190} INFO - [2024-09-28T02:46:37.350+0000] {dagbag.py:588} INFO - Filling up the DagBag from /home/airflow/.local/lib/python3.12/site-packages/airflow/example_dags/example_branch_labels.py
[2024-09-28T02:46:37.364+0000] {processor.py:925} INFO - DAG(s) 'example_branch_labels' retrieved from /home/airflow/.local/lib/python3.12/site-packages/airflow/example_dags/example_branch_labels.py
[2024-09-28T02:46:37.401+0000] {logging_mixin.py:190} INFO - [2024-09-28T02:46:37.400+0000] {dag.py:3239} INFO - Sync 1 DAGs
[2024-09-28T02:46:37.436+0000] {logging_mixin.py:190} INFO - [2024-09-28T02:46:37.436+0000] {dag.py:4180} INFO - Setting next_dagrun for example_branch_labels to 2024-09-27 00:00:00+00:00, run_after=2024-09-28 00:00:00+00:00
[2024-09-28T02:46:37.471+0000] {processor.py:208} INFO - Processing /home/airflow/.local/lib/python3.12/site-packages/airflow/example_dags/example_branch_labels.py took 0.133 seconds
[2024-09-28T02:47:09.352+0000] {processor.py:186} INFO - Started process (PID=217) to work on /home/airflow/.local/lib/python3.12/site-packages/airflow/example_dags/example_branch_labels.py
[2024-09-28T02:47:09.353+0000] {processor.py:914} INFO - Processing file /home/airflow/.local/lib/python3.12/site-packages/airflow/example_dags/example_branch_labels.py for tasks to queue
[2024-09-28T02:47:09.356+0000] {logging_mixin.py:190} INFO - [2024-09-28T02:47:09.356+0000] {dagbag.py:588} INFO - Filling up the DagBag from /home/airflow/.local/lib/python3.12/site-packages/airflow/example_dags/example_branch_labels.py
[2024-09-28T02:47:09.369+0000] {processor.py:925} INFO - DAG(s) 'example_branch_labels' retrieved from /home/airflow/.local/lib/python3.12/site-packages/airflow/example_dags/example_branch_labels.py
[2024-09-28T02:47:09.393+0000] {logging_mixin.py:190} INFO - [2024-09-28T02:47:09.392+0000] {dag.py:3239} INFO - Sync 1 DAGs
[2024-09-28T02:47:09.416+0000] {logging_mixin.py:190} INFO - [2024-09-28T02:47:09.416+0000] {dag.py:4180} INFO - Setting next_dagrun for example_branch_labels to 2024-09-27 00:00:00+00:00, run_after=2024-09-28 00:00:00+00:00
[2024-09-28T02:47:09.441+0000] {processor.py:208} INFO - Processing /home/airflow/.local/lib/python3.12/site-packages/airflow/example_dags/example_branch_labels.py took 0.096 seconds
[2024-09-28T02:47:39.615+0000] {processor.py:186} INFO - Started process (PID=281) to work on /home/airflow/.local/lib/python3.12/site-packages/airflow/example_dags/example_branch_labels.py
[2024-09-28T02:47:39.616+0000] {processor.py:914} INFO - Processing file /home/airflow/.local/lib/python3.12/site-packages/airflow/example_dags/example_branch_labels.py for tasks to queue
[2024-09-28T02:47:39.618+0000] {logging_mixin.py:190} INFO - [2024-09-28T02:47:39.618+0000] {dagbag.py:588} INFO - Filling up the DagBag from /home/airflow/.local/lib/python3.12/site-packages/airflow/example_dags/example_branch_labels.py
[2024-09-28T02:47:39.628+0000] {processor.py:925} INFO - DAG(s) 'example_branch_labels' retrieved from /home/airflow/.local/lib/python3.12/site-packages/airflow/example_dags/example_branch_labels.py
[2024-09-28T02:47:39.648+0000] {logging_mixin.py:190} INFO - [2024-09-28T02:47:39.648+0000] {dag.py:3239} INFO - Sync 1 DAGs
[2024-09-28T02:47:39.673+0000] {logging_mixin.py:190} INFO - [2024-09-28T02:47:39.672+0000] {dag.py:4180} INFO - Setting next_dagrun for example_branch_labels to 2024-09-27 00:00:00+00:00, run_after=2024-09-28 00:00:00+00:00
[2024-09-28T02:47:39.702+0000] {processor.py:208} INFO - Processing /home/airflow/.local/lib/python3.12/site-packages/airflow/example_dags/example_branch_labels.py took 0.092 seconds
[2024-09-28T02:48:12.232+0000] {processor.py:186} INFO - Started process (PID=344) to work on /home/airflow/.local/lib/python3.12/site-packages/airflow/example_dags/example_branch_labels.py
[2024-09-28T02:48:12.234+0000] {processor.py:914} INFO - Processing file /home/airflow/.local/lib/python3.12/site-packages/airflow/example_dags/example_branch_labels.py for tasks to queue
[2024-09-28T02:48:12.237+0000] {logging_mixin.py:190} INFO - [2024-09-28T02:48:12.236+0000] {dagbag.py:588} INFO - Filling up the DagBag from /home/airflow/.local/lib/python3.12/site-packages/airflow/example_dags/example_branch_labels.py
[2024-09-28T02:48:12.248+0000] {processor.py:925} INFO - DAG(s) 'example_branch_labels' retrieved from /home/airflow/.local/lib/python3.12/site-packages/airflow/example_dags/example_branch_labels.py
[2024-09-28T02:48:12.272+0000] {logging_mixin.py:190} INFO - [2024-09-28T02:48:12.272+0000] {dag.py:3239} INFO - Sync 1 DAGs
[2024-09-28T02:48:12.302+0000] {logging_mixin.py:190} INFO - [2024-09-28T02:48:12.301+0000] {dag.py:4180} INFO - Setting next_dagrun for example_branch_labels to 2024-09-27 00:00:00+00:00, run_after=2024-09-28 00:00:00+00:00
[2024-09-28T02:48:12.329+0000] {processor.py:208} INFO - Processing /home/airflow/.local/lib/python3.12/site-packages/airflow/example_dags/example_branch_labels.py took 0.103 seconds
[2024-09-28T02:48:42.601+0000] {processor.py:186} INFO - Started process (PID=407) to work on /home/airflow/.local/lib/python3.12/site-packages/airflow/example_dags/example_branch_labels.py
[2024-09-28T02:48:42.602+0000] {processor.py:914} INFO - Processing file /home/airflow/.local/lib/python3.12/site-packages/airflow/example_dags/example_branch_labels.py for tasks to queue
[2024-09-28T02:48:42.604+0000] {logging_mixin.py:190} INFO - [2024-09-28T02:48:42.604+0000] {dagbag.py:588} INFO - Filling up the DagBag from /home/airflow/.local/lib/python3.12/site-packages/airflow/example_dags/example_branch_labels.py
[2024-09-28T02:48:42.614+0000] {processor.py:925} INFO - DAG(s) 'example_branch_labels' retrieved from /home/airflow/.local/lib/python3.12/site-packages/airflow/example_dags/example_branch_labels.py
[2024-09-28T02:48:42.636+0000] {logging_mixin.py:190} INFO - [2024-09-28T02:48:42.636+0000] {dag.py:3239} INFO - Sync 1 DAGs
[2024-09-28T02:48:42.661+0000] {logging_mixin.py:190} INFO - [2024-09-28T02:48:42.661+0000] {dag.py:4180} INFO - Setting next_dagrun for example_branch_labels to 2024-09-27 00:00:00+00:00, run_after=2024-09-28 00:00:00+00:00
[2024-09-28T02:48:42.689+0000] {processor.py:208} INFO - Processing /home/airflow/.local/lib/python3.12/site-packages/airflow/example_dags/example_branch_labels.py took 0.094 seconds
[2024-09-28T02:49:13.216+0000] {processor.py:186} INFO - Started process (PID=470) to work on /home/airflow/.local/lib/python3.12/site-packages/airflow/example_dags/example_branch_labels.py
[2024-09-28T02:49:13.218+0000] {processor.py:914} INFO - Processing file /home/airflow/.local/lib/python3.12/site-packages/airflow/example_dags/example_branch_labels.py for tasks to queue
[2024-09-28T02:49:13.220+0000] {logging_mixin.py:190} INFO - [2024-09-28T02:49:13.220+0000] {dagbag.py:588} INFO - Filling up the DagBag from /home/airflow/.local/lib/python3.12/site-packages/airflow/example_dags/example_branch_labels.py
[2024-09-28T02:49:13.230+0000] {processor.py:925} INFO - DAG(s) 'example_branch_labels' retrieved from /home/airflow/.local/lib/python3.12/site-packages/airflow/example_dags/example_branch_labels.py
[2024-09-28T02:49:13.250+0000] {logging_mixin.py:190} INFO - [2024-09-28T02:49:13.250+0000] {dag.py:3239} INFO - Sync 1 DAGs
[2024-09-28T02:49:13.276+0000] {logging_mixin.py:190} INFO - [2024-09-28T02:49:13.275+0000] {dag.py:4180} INFO - Setting next_dagrun for example_branch_labels to 2024-09-27 00:00:00+00:00, run_after=2024-09-28 00:00:00+00:00
[2024-09-28T02:49:13.297+0000] {processor.py:208} INFO - Processing /home/airflow/.local/lib/python3.12/site-packages/airflow/example_dags/example_branch_labels.py took 0.085 seconds
[2024-09-28T02:49:43.572+0000] {processor.py:186} INFO - Started process (PID=533) to work on /home/airflow/.local/lib/python3.12/site-packages/airflow/example_dags/example_branch_labels.py
[2024-09-28T02:49:43.573+0000] {processor.py:914} INFO - Processing file /home/airflow/.local/lib/python3.12/site-packages/airflow/example_dags/example_branch_labels.py for tasks to queue
[2024-09-28T02:49:43.576+0000] {logging_mixin.py:190} INFO - [2024-09-28T02:49:43.575+0000] {dagbag.py:588} INFO - Filling up the DagBag from /home/airflow/.local/lib/python3.12/site-packages/airflow/example_dags/example_branch_labels.py
[2024-09-28T02:49:43.584+0000] {processor.py:925} INFO - DAG(s) 'example_branch_labels' retrieved from /home/airflow/.local/lib/python3.12/site-packages/airflow/example_dags/example_branch_labels.py
[2024-09-28T02:49:43.604+0000] {logging_mixin.py:190} INFO - [2024-09-28T02:49:43.604+0000] {dag.py:3239} INFO - Sync 1 DAGs
[2024-09-28T02:49:43.629+0000] {logging_mixin.py:190} INFO - [2024-09-28T02:49:43.629+0000] {dag.py:4180} INFO - Setting next_dagrun for example_branch_labels to 2024-09-27 00:00:00+00:00, run_after=2024-09-28 00:00:00+00:00
[2024-09-28T02:49:43.652+0000] {processor.py:208} INFO - Processing /home/airflow/.local/lib/python3.12/site-packages/airflow/example_dags/example_branch_labels.py took 0.084 seconds
[2024-09-28T02:50:14.473+0000] {processor.py:186} INFO - Started process (PID=597) to work on /home/airflow/.local/lib/python3.12/site-packages/airflow/example_dags/example_branch_labels.py
[2024-09-28T02:50:14.474+0000] {processor.py:914} INFO - Processing file /home/airflow/.local/lib/python3.12/site-packages/airflow/example_dags/example_branch_labels.py for tasks to queue
[2024-09-28T02:50:14.477+0000] {logging_mixin.py:190} INFO - [2024-09-28T02:50:14.476+0000] {dagbag.py:588} INFO - Filling up the DagBag from /home/airflow/.local/lib/python3.12/site-packages/airflow/example_dags/example_branch_labels.py
[2024-09-28T02:50:14.485+0000] {processor.py:925} INFO - DAG(s) 'example_branch_labels' retrieved from /home/airflow/.local/lib/python3.12/site-packages/airflow/example_dags/example_branch_labels.py
[2024-09-28T02:50:14.505+0000] {logging_mixin.py:190} INFO - [2024-09-28T02:50:14.505+0000] {dag.py:3239} INFO - Sync 1 DAGs
[2024-09-28T02:50:14.526+0000] {logging_mixin.py:190} INFO - [2024-09-28T02:50:14.526+0000] {dag.py:4180} INFO - Setting next_dagrun for example_branch_labels to 2024-09-27 00:00:00+00:00, run_after=2024-09-28 00:00:00+00:00
[2024-09-28T02:50:14.548+0000] {processor.py:208} INFO - Processing /home/airflow/.local/lib/python3.12/site-packages/airflow/example_dags/example_branch_labels.py took 0.079 seconds
[2024-09-28T02:50:44.967+0000] {processor.py:186} INFO - Started process (PID=660) to work on /home/airflow/.local/lib/python3.12/site-packages/airflow/example_dags/example_branch_labels.py
[2024-09-28T02:50:44.968+0000] {processor.py:914} INFO - Processing file /home/airflow/.local/lib/python3.12/site-packages/airflow/example_dags/example_branch_labels.py for tasks to queue
[2024-09-28T02:50:44.970+0000] {logging_mixin.py:190} INFO - [2024-09-28T02:50:44.970+0000] {dagbag.py:588} INFO - Filling up the DagBag from /home/airflow/.local/lib/python3.12/site-packages/airflow/example_dags/example_branch_labels.py
[2024-09-28T02:50:44.979+0000] {processor.py:925} INFO - DAG(s) 'example_branch_labels' retrieved from /home/airflow/.local/lib/python3.12/site-packages/airflow/example_dags/example_branch_labels.py
[2024-09-28T02:50:44.998+0000] {logging_mixin.py:190} INFO - [2024-09-28T02:50:44.998+0000] {dag.py:3239} INFO - Sync 1 DAGs
[2024-09-28T02:50:45.021+0000] {logging_mixin.py:190} INFO - [2024-09-28T02:50:45.021+0000] {dag.py:4180} INFO - Setting next_dagrun for example_branch_labels to 2024-09-27 00:00:00+00:00, run_after=2024-09-28 00:00:00+00:00
[2024-09-28T02:50:45.044+0000] {processor.py:208} INFO - Processing /home/airflow/.local/lib/python3.12/site-packages/airflow/example_dags/example_branch_labels.py took 0.081 seconds
[2024-09-28T02:51:16.025+0000] {processor.py:186} INFO - Started process (PID=723) to work on /home/airflow/.local/lib/python3.12/site-packages/airflow/example_dags/example_branch_labels.py
[2024-09-28T02:51:16.026+0000] {processor.py:914} INFO - Processing file /home/airflow/.local/lib/python3.12/site-packages/airflow/example_dags/example_branch_labels.py for tasks to queue
[2024-09-28T02:51:16.029+0000] {logging_mixin.py:190} INFO - [2024-09-28T02:51:16.028+0000] {dagbag.py:588} INFO - Filling up the DagBag from /home/airflow/.local/lib/python3.12/site-packages/airflow/example_dags/example_branch_labels.py
[2024-09-28T02:51:16.041+0000] {processor.py:925} INFO - DAG(s) 'example_branch_labels' retrieved from /home/airflow/.local/lib/python3.12/site-packages/airflow/example_dags/example_branch_labels.py
[2024-09-28T02:51:16.065+0000] {logging_mixin.py:190} INFO - [2024-09-28T02:51:16.064+0000] {dag.py:3239} INFO - Sync 1 DAGs
[2024-09-28T02:51:16.094+0000] {logging_mixin.py:190} INFO - [2024-09-28T02:51:16.093+0000] {dag.py:4180} INFO - Setting next_dagrun for example_branch_labels to 2024-09-27 00:00:00+00:00, run_after=2024-09-28 00:00:00+00:00
[2024-09-28T02:51:16.122+0000] {processor.py:208} INFO - Processing /home/airflow/.local/lib/python3.12/site-packages/airflow/example_dags/example_branch_labels.py took 0.105 seconds
[2024-09-28T02:51:47.622+0000] {processor.py:186} INFO - Started process (PID=786) to work on /home/airflow/.local/lib/python3.12/site-packages/airflow/example_dags/example_branch_labels.py
[2024-09-28T02:51:47.623+0000] {processor.py:914} INFO - Processing file /home/airflow/.local/lib/python3.12/site-packages/airflow/example_dags/example_branch_labels.py for tasks to queue
[2024-09-28T02:51:47.627+0000] {logging_mixin.py:190} INFO - [2024-09-28T02:51:47.626+0000] {dagbag.py:588} INFO - Filling up the DagBag from /home/airflow/.local/lib/python3.12/site-packages/airflow/example_dags/example_branch_labels.py
[2024-09-28T02:51:47.640+0000] {processor.py:925} INFO - DAG(s) 'example_branch_labels' retrieved from /home/airflow/.local/lib/python3.12/site-packages/airflow/example_dags/example_branch_labels.py
[2024-09-28T02:51:47.667+0000] {logging_mixin.py:190} INFO - [2024-09-28T02:51:47.667+0000] {dag.py:3239} INFO - Sync 1 DAGs
[2024-09-28T02:51:47.697+0000] {logging_mixin.py:190} INFO - [2024-09-28T02:51:47.697+0000] {dag.py:4180} INFO - Setting next_dagrun for example_branch_labels to 2024-09-27 00:00:00+00:00, run_after=2024-09-28 00:00:00+00:00
[2024-09-28T02:51:47.723+0000] {processor.py:208} INFO - Processing /home/airflow/.local/lib/python3.12/site-packages/airflow/example_dags/example_branch_labels.py took 0.108 seconds
[2024-09-28T03:34:08.900+0000] {processor.py:186} INFO - Started process (PID=857) to work on /home/airflow/.local/lib/python3.12/site-packages/airflow/example_dags/example_branch_labels.py
[2024-09-28T03:34:08.910+0000] {processor.py:914} INFO - Processing file /home/airflow/.local/lib/python3.12/site-packages/airflow/example_dags/example_branch_labels.py for tasks to queue
[2024-09-28T03:34:08.921+0000] {logging_mixin.py:190} INFO - [2024-09-28T03:34:08.921+0000] {dagbag.py:588} INFO - Filling up the DagBag from /home/airflow/.local/lib/python3.12/site-packages/airflow/example_dags/example_branch_labels.py
[2024-09-28T03:34:08.943+0000] {processor.py:925} INFO - DAG(s) 'example_branch_labels' retrieved from /home/airflow/.local/lib/python3.12/site-packages/airflow/example_dags/example_branch_labels.py
[2024-09-28T03:34:08.985+0000] {logging_mixin.py:190} INFO - [2024-09-28T03:34:08.985+0000] {dag.py:3239} INFO - Sync 1 DAGs
[2024-09-28T03:34:09.032+0000] {logging_mixin.py:190} INFO - [2024-09-28T03:34:09.032+0000] {dag.py:4180} INFO - Setting next_dagrun for example_branch_labels to 2024-09-27 00:00:00+00:00, run_after=2024-09-28 00:00:00+00:00
[2024-09-28T03:34:09.074+0000] {processor.py:208} INFO - Processing /home/airflow/.local/lib/python3.12/site-packages/airflow/example_dags/example_branch_labels.py took 0.185 seconds
[2024-09-28T03:34:39.764+0000] {processor.py:186} INFO - Started process (PID=920) to work on /home/airflow/.local/lib/python3.12/site-packages/airflow/example_dags/example_branch_labels.py
[2024-09-28T03:34:39.765+0000] {processor.py:914} INFO - Processing file /home/airflow/.local/lib/python3.12/site-packages/airflow/example_dags/example_branch_labels.py for tasks to queue
[2024-09-28T03:34:39.767+0000] {logging_mixin.py:190} INFO - [2024-09-28T03:34:39.766+0000] {dagbag.py:588} INFO - Filling up the DagBag from /home/airflow/.local/lib/python3.12/site-packages/airflow/example_dags/example_branch_labels.py
[2024-09-28T03:34:39.776+0000] {processor.py:925} INFO - DAG(s) 'example_branch_labels' retrieved from /home/airflow/.local/lib/python3.12/site-packages/airflow/example_dags/example_branch_labels.py
[2024-09-28T03:34:39.797+0000] {logging_mixin.py:190} INFO - [2024-09-28T03:34:39.797+0000] {dag.py:3239} INFO - Sync 1 DAGs
[2024-09-28T03:34:39.824+0000] {logging_mixin.py:190} INFO - [2024-09-28T03:34:39.824+0000] {dag.py:4180} INFO - Setting next_dagrun for example_branch_labels to 2024-09-27 00:00:00+00:00, run_after=2024-09-28 00:00:00+00:00
[2024-09-28T03:34:39.847+0000] {processor.py:208} INFO - Processing /home/airflow/.local/lib/python3.12/site-packages/airflow/example_dags/example_branch_labels.py took 0.088 seconds
[2024-09-28T03:40:12.042+0000] {processor.py:186} INFO - Started process (PID=106) to work on /home/airflow/.local/lib/python3.12/site-packages/airflow/example_dags/example_branch_labels.py
[2024-09-28T03:40:12.055+0000] {processor.py:914} INFO - Processing file /home/airflow/.local/lib/python3.12/site-packages/airflow/example_dags/example_branch_labels.py for tasks to queue
[2024-09-28T03:40:12.058+0000] {logging_mixin.py:190} INFO - [2024-09-28T03:40:12.057+0000] {dagbag.py:588} INFO - Filling up the DagBag from /home/airflow/.local/lib/python3.12/site-packages/airflow/example_dags/example_branch_labels.py
[2024-09-28T03:40:12.066+0000] {processor.py:925} INFO - DAG(s) 'example_branch_labels' retrieved from /home/airflow/.local/lib/python3.12/site-packages/airflow/example_dags/example_branch_labels.py
[2024-09-28T03:40:12.104+0000] {logging_mixin.py:190} INFO - [2024-09-28T03:40:12.103+0000] {dag.py:3239} INFO - Sync 1 DAGs
[2024-09-28T03:40:12.150+0000] {logging_mixin.py:190} INFO - [2024-09-28T03:40:12.149+0000] {dag.py:4180} INFO - Setting next_dagrun for example_branch_labels to 2024-09-27 00:00:00+00:00, run_after=2024-09-28 00:00:00+00:00
[2024-09-28T03:40:12.301+0000] {processor.py:208} INFO - Processing /home/airflow/.local/lib/python3.12/site-packages/airflow/example_dags/example_branch_labels.py took 0.264 seconds
[2024-09-28T03:40:42.889+0000] {processor.py:186} INFO - Started process (PID=180) to work on /home/airflow/.local/lib/python3.12/site-packages/airflow/example_dags/example_branch_labels.py
[2024-09-28T03:40:42.890+0000] {processor.py:914} INFO - Processing file /home/airflow/.local/lib/python3.12/site-packages/airflow/example_dags/example_branch_labels.py for tasks to queue
[2024-09-28T03:40:42.892+0000] {logging_mixin.py:190} INFO - [2024-09-28T03:40:42.892+0000] {dagbag.py:588} INFO - Filling up the DagBag from /home/airflow/.local/lib/python3.12/site-packages/airflow/example_dags/example_branch_labels.py
[2024-09-28T03:40:42.900+0000] {processor.py:925} INFO - DAG(s) 'example_branch_labels' retrieved from /home/airflow/.local/lib/python3.12/site-packages/airflow/example_dags/example_branch_labels.py
[2024-09-28T03:40:42.921+0000] {logging_mixin.py:190} INFO - [2024-09-28T03:40:42.920+0000] {dag.py:3239} INFO - Sync 1 DAGs
[2024-09-28T03:40:42.944+0000] {logging_mixin.py:190} INFO - [2024-09-28T03:40:42.944+0000] {dag.py:4180} INFO - Setting next_dagrun for example_branch_labels to 2024-09-27 00:00:00+00:00, run_after=2024-09-28 00:00:00+00:00
[2024-09-28T03:40:42.966+0000] {processor.py:208} INFO - Processing /home/airflow/.local/lib/python3.12/site-packages/airflow/example_dags/example_branch_labels.py took 0.082 seconds
[2024-09-28T03:41:13.301+0000] {processor.py:186} INFO - Started process (PID=254) to work on /home/airflow/.local/lib/python3.12/site-packages/airflow/example_dags/example_branch_labels.py
[2024-09-28T03:41:13.303+0000] {processor.py:914} INFO - Processing file /home/airflow/.local/lib/python3.12/site-packages/airflow/example_dags/example_branch_labels.py for tasks to queue
[2024-09-28T03:41:13.306+0000] {logging_mixin.py:190} INFO - [2024-09-28T03:41:13.305+0000] {dagbag.py:588} INFO - Filling up the DagBag from /home/airflow/.local/lib/python3.12/site-packages/airflow/example_dags/example_branch_labels.py
[2024-09-28T03:41:13.318+0000] {processor.py:925} INFO - DAG(s) 'example_branch_labels' retrieved from /home/airflow/.local/lib/python3.12/site-packages/airflow/example_dags/example_branch_labels.py
[2024-09-28T03:41:13.345+0000] {logging_mixin.py:190} INFO - [2024-09-28T03:41:13.345+0000] {dag.py:3239} INFO - Sync 1 DAGs
[2024-09-28T03:41:13.389+0000] {logging_mixin.py:190} INFO - [2024-09-28T03:41:13.389+0000] {dag.py:4180} INFO - Setting next_dagrun for example_branch_labels to 2024-09-27 00:00:00+00:00, run_after=2024-09-28 00:00:00+00:00
[2024-09-28T03:41:13.428+0000] {processor.py:208} INFO - Processing /home/airflow/.local/lib/python3.12/site-packages/airflow/example_dags/example_branch_labels.py took 0.134 seconds
[2024-09-28T03:41:44.175+0000] {processor.py:186} INFO - Started process (PID=328) to work on /home/airflow/.local/lib/python3.12/site-packages/airflow/example_dags/example_branch_labels.py
[2024-09-28T03:41:44.177+0000] {processor.py:914} INFO - Processing file /home/airflow/.local/lib/python3.12/site-packages/airflow/example_dags/example_branch_labels.py for tasks to queue
[2024-09-28T03:41:44.180+0000] {logging_mixin.py:190} INFO - [2024-09-28T03:41:44.179+0000] {dagbag.py:588} INFO - Filling up the DagBag from /home/airflow/.local/lib/python3.12/site-packages/airflow/example_dags/example_branch_labels.py
[2024-09-28T03:41:44.192+0000] {processor.py:925} INFO - DAG(s) 'example_branch_labels' retrieved from /home/airflow/.local/lib/python3.12/site-packages/airflow/example_dags/example_branch_labels.py
[2024-09-28T03:41:44.220+0000] {logging_mixin.py:190} INFO - [2024-09-28T03:41:44.220+0000] {dag.py:3239} INFO - Sync 1 DAGs
[2024-09-28T03:41:44.255+0000] {logging_mixin.py:190} INFO - [2024-09-28T03:41:44.254+0000] {dag.py:4180} INFO - Setting next_dagrun for example_branch_labels to 2024-09-27 00:00:00+00:00, run_after=2024-09-28 00:00:00+00:00
[2024-09-28T03:41:44.286+0000] {processor.py:208} INFO - Processing /home/airflow/.local/lib/python3.12/site-packages/airflow/example_dags/example_branch_labels.py took 0.117 seconds
[2024-09-28T03:42:14.513+0000] {processor.py:186} INFO - Started process (PID=402) to work on /home/airflow/.local/lib/python3.12/site-packages/airflow/example_dags/example_branch_labels.py
[2024-09-28T03:42:14.514+0000] {processor.py:914} INFO - Processing file /home/airflow/.local/lib/python3.12/site-packages/airflow/example_dags/example_branch_labels.py for tasks to queue
[2024-09-28T03:42:14.517+0000] {logging_mixin.py:190} INFO - [2024-09-28T03:42:14.517+0000] {dagbag.py:588} INFO - Filling up the DagBag from /home/airflow/.local/lib/python3.12/site-packages/airflow/example_dags/example_branch_labels.py
[2024-09-28T03:42:14.526+0000] {processor.py:925} INFO - DAG(s) 'example_branch_labels' retrieved from /home/airflow/.local/lib/python3.12/site-packages/airflow/example_dags/example_branch_labels.py
[2024-09-28T03:42:14.547+0000] {logging_mixin.py:190} INFO - [2024-09-28T03:42:14.547+0000] {dag.py:3239} INFO - Sync 1 DAGs
[2024-09-28T03:42:14.572+0000] {logging_mixin.py:190} INFO - [2024-09-28T03:42:14.571+0000] {dag.py:4180} INFO - Setting next_dagrun for example_branch_labels to 2024-09-27 00:00:00+00:00, run_after=2024-09-28 00:00:00+00:00
[2024-09-28T03:42:14.593+0000] {processor.py:208} INFO - Processing /home/airflow/.local/lib/python3.12/site-packages/airflow/example_dags/example_branch_labels.py took 0.084 seconds
[2024-09-28T03:42:44.867+0000] {processor.py:186} INFO - Started process (PID=476) to work on /home/airflow/.local/lib/python3.12/site-packages/airflow/example_dags/example_branch_labels.py
[2024-09-28T03:42:44.868+0000] {processor.py:914} INFO - Processing file /home/airflow/.local/lib/python3.12/site-packages/airflow/example_dags/example_branch_labels.py for tasks to queue
[2024-09-28T03:42:44.870+0000] {logging_mixin.py:190} INFO - [2024-09-28T03:42:44.869+0000] {dagbag.py:588} INFO - Filling up the DagBag from /home/airflow/.local/lib/python3.12/site-packages/airflow/example_dags/example_branch_labels.py
[2024-09-28T03:42:44.878+0000] {processor.py:925} INFO - DAG(s) 'example_branch_labels' retrieved from /home/airflow/.local/lib/python3.12/site-packages/airflow/example_dags/example_branch_labels.py
[2024-09-28T03:42:44.898+0000] {logging_mixin.py:190} INFO - [2024-09-28T03:42:44.898+0000] {dag.py:3239} INFO - Sync 1 DAGs
[2024-09-28T03:42:44.920+0000] {logging_mixin.py:190} INFO - [2024-09-28T03:42:44.920+0000] {dag.py:4180} INFO - Setting next_dagrun for example_branch_labels to 2024-09-27 00:00:00+00:00, run_after=2024-09-28 00:00:00+00:00
[2024-09-28T03:42:44.943+0000] {processor.py:208} INFO - Processing /home/airflow/.local/lib/python3.12/site-packages/airflow/example_dags/example_branch_labels.py took 0.081 seconds
[2024-09-28T03:43:15.733+0000] {processor.py:186} INFO - Started process (PID=550) to work on /home/airflow/.local/lib/python3.12/site-packages/airflow/example_dags/example_branch_labels.py
[2024-09-28T03:43:15.734+0000] {processor.py:914} INFO - Processing file /home/airflow/.local/lib/python3.12/site-packages/airflow/example_dags/example_branch_labels.py for tasks to queue
[2024-09-28T03:43:15.737+0000] {logging_mixin.py:190} INFO - [2024-09-28T03:43:15.737+0000] {dagbag.py:588} INFO - Filling up the DagBag from /home/airflow/.local/lib/python3.12/site-packages/airflow/example_dags/example_branch_labels.py
[2024-09-28T03:43:15.746+0000] {processor.py:925} INFO - DAG(s) 'example_branch_labels' retrieved from /home/airflow/.local/lib/python3.12/site-packages/airflow/example_dags/example_branch_labels.py
[2024-09-28T03:43:15.771+0000] {logging_mixin.py:190} INFO - [2024-09-28T03:43:15.770+0000] {dag.py:3239} INFO - Sync 1 DAGs
[2024-09-28T03:43:15.796+0000] {logging_mixin.py:190} INFO - [2024-09-28T03:43:15.796+0000] {dag.py:4180} INFO - Setting next_dagrun for example_branch_labels to 2024-09-27 00:00:00+00:00, run_after=2024-09-28 00:00:00+00:00
[2024-09-28T03:43:15.820+0000] {processor.py:208} INFO - Processing /home/airflow/.local/lib/python3.12/site-packages/airflow/example_dags/example_branch_labels.py took 0.092 seconds
[2024-09-28T03:43:45.898+0000] {processor.py:186} INFO - Started process (PID=624) to work on /home/airflow/.local/lib/python3.12/site-packages/airflow/example_dags/example_branch_labels.py
[2024-09-28T03:43:45.899+0000] {processor.py:914} INFO - Processing file /home/airflow/.local/lib/python3.12/site-packages/airflow/example_dags/example_branch_labels.py for tasks to queue
[2024-09-28T03:43:45.901+0000] {logging_mixin.py:190} INFO - [2024-09-28T03:43:45.901+0000] {dagbag.py:588} INFO - Filling up the DagBag from /home/airflow/.local/lib/python3.12/site-packages/airflow/example_dags/example_branch_labels.py
[2024-09-28T03:43:45.909+0000] {processor.py:925} INFO - DAG(s) 'example_branch_labels' retrieved from /home/airflow/.local/lib/python3.12/site-packages/airflow/example_dags/example_branch_labels.py
[2024-09-28T03:43:45.929+0000] {logging_mixin.py:190} INFO - [2024-09-28T03:43:45.929+0000] {dag.py:3239} INFO - Sync 1 DAGs
[2024-09-28T03:43:45.950+0000] {logging_mixin.py:190} INFO - [2024-09-28T03:43:45.950+0000] {dag.py:4180} INFO - Setting next_dagrun for example_branch_labels to 2024-09-27 00:00:00+00:00, run_after=2024-09-28 00:00:00+00:00
[2024-09-28T03:43:45.975+0000] {processor.py:208} INFO - Processing /home/airflow/.local/lib/python3.12/site-packages/airflow/example_dags/example_branch_labels.py took 0.082 seconds
[2024-09-28T03:44:16.346+0000] {processor.py:186} INFO - Started process (PID=698) to work on /home/airflow/.local/lib/python3.12/site-packages/airflow/example_dags/example_branch_labels.py
[2024-09-28T03:44:16.347+0000] {processor.py:914} INFO - Processing file /home/airflow/.local/lib/python3.12/site-packages/airflow/example_dags/example_branch_labels.py for tasks to queue
[2024-09-28T03:44:16.349+0000] {logging_mixin.py:190} INFO - [2024-09-28T03:44:16.349+0000] {dagbag.py:588} INFO - Filling up the DagBag from /home/airflow/.local/lib/python3.12/site-packages/airflow/example_dags/example_branch_labels.py
[2024-09-28T03:44:16.358+0000] {processor.py:925} INFO - DAG(s) 'example_branch_labels' retrieved from /home/airflow/.local/lib/python3.12/site-packages/airflow/example_dags/example_branch_labels.py
[2024-09-28T03:44:16.378+0000] {logging_mixin.py:190} INFO - [2024-09-28T03:44:16.378+0000] {dag.py:3239} INFO - Sync 1 DAGs
[2024-09-28T03:44:16.401+0000] {logging_mixin.py:190} INFO - [2024-09-28T03:44:16.401+0000] {dag.py:4180} INFO - Setting next_dagrun for example_branch_labels to 2024-09-27 00:00:00+00:00, run_after=2024-09-28 00:00:00+00:00
[2024-09-28T03:44:16.424+0000] {processor.py:208} INFO - Processing /home/airflow/.local/lib/python3.12/site-packages/airflow/example_dags/example_branch_labels.py took 0.083 seconds
[2024-09-28T03:44:46.723+0000] {processor.py:186} INFO - Started process (PID=772) to work on /home/airflow/.local/lib/python3.12/site-packages/airflow/example_dags/example_branch_labels.py
[2024-09-28T03:44:46.724+0000] {processor.py:914} INFO - Processing file /home/airflow/.local/lib/python3.12/site-packages/airflow/example_dags/example_branch_labels.py for tasks to queue
[2024-09-28T03:44:46.726+0000] {logging_mixin.py:190} INFO - [2024-09-28T03:44:46.725+0000] {dagbag.py:588} INFO - Filling up the DagBag from /home/airflow/.local/lib/python3.12/site-packages/airflow/example_dags/example_branch_labels.py
[2024-09-28T03:44:46.734+0000] {processor.py:925} INFO - DAG(s) 'example_branch_labels' retrieved from /home/airflow/.local/lib/python3.12/site-packages/airflow/example_dags/example_branch_labels.py
[2024-09-28T03:44:46.752+0000] {logging_mixin.py:190} INFO - [2024-09-28T03:44:46.752+0000] {dag.py:3239} INFO - Sync 1 DAGs
[2024-09-28T03:44:46.775+0000] {logging_mixin.py:190} INFO - [2024-09-28T03:44:46.774+0000] {dag.py:4180} INFO - Setting next_dagrun for example_branch_labels to 2024-09-27 00:00:00+00:00, run_after=2024-09-28 00:00:00+00:00
[2024-09-28T03:44:46.797+0000] {processor.py:208} INFO - Processing /home/airflow/.local/lib/python3.12/site-packages/airflow/example_dags/example_branch_labels.py took 0.079 seconds
[2024-09-28T03:45:17.829+0000] {processor.py:186} INFO - Started process (PID=846) to work on /home/airflow/.local/lib/python3.12/site-packages/airflow/example_dags/example_branch_labels.py
[2024-09-28T03:45:17.830+0000] {processor.py:914} INFO - Processing file /home/airflow/.local/lib/python3.12/site-packages/airflow/example_dags/example_branch_labels.py for tasks to queue
[2024-09-28T03:45:17.833+0000] {logging_mixin.py:190} INFO - [2024-09-28T03:45:17.832+0000] {dagbag.py:588} INFO - Filling up the DagBag from /home/airflow/.local/lib/python3.12/site-packages/airflow/example_dags/example_branch_labels.py
[2024-09-28T03:45:17.842+0000] {processor.py:925} INFO - DAG(s) 'example_branch_labels' retrieved from /home/airflow/.local/lib/python3.12/site-packages/airflow/example_dags/example_branch_labels.py
[2024-09-28T03:45:17.861+0000] {logging_mixin.py:190} INFO - [2024-09-28T03:45:17.861+0000] {dag.py:3239} INFO - Sync 1 DAGs
[2024-09-28T03:45:17.885+0000] {logging_mixin.py:190} INFO - [2024-09-28T03:45:17.885+0000] {dag.py:4180} INFO - Setting next_dagrun for example_branch_labels to 2024-09-27 00:00:00+00:00, run_after=2024-09-28 00:00:00+00:00
[2024-09-28T03:45:17.908+0000] {processor.py:208} INFO - Processing /home/airflow/.local/lib/python3.12/site-packages/airflow/example_dags/example_branch_labels.py took 0.084 seconds
[2024-09-28T03:45:48.336+0000] {processor.py:186} INFO - Started process (PID=921) to work on /home/airflow/.local/lib/python3.12/site-packages/airflow/example_dags/example_branch_labels.py
[2024-09-28T03:45:48.337+0000] {processor.py:914} INFO - Processing file /home/airflow/.local/lib/python3.12/site-packages/airflow/example_dags/example_branch_labels.py for tasks to queue
[2024-09-28T03:45:48.339+0000] {logging_mixin.py:190} INFO - [2024-09-28T03:45:48.339+0000] {dagbag.py:588} INFO - Filling up the DagBag from /home/airflow/.local/lib/python3.12/site-packages/airflow/example_dags/example_branch_labels.py
[2024-09-28T03:45:48.348+0000] {processor.py:925} INFO - DAG(s) 'example_branch_labels' retrieved from /home/airflow/.local/lib/python3.12/site-packages/airflow/example_dags/example_branch_labels.py
[2024-09-28T03:45:48.366+0000] {logging_mixin.py:190} INFO - [2024-09-28T03:45:48.366+0000] {dag.py:3239} INFO - Sync 1 DAGs
[2024-09-28T03:45:48.390+0000] {logging_mixin.py:190} INFO - [2024-09-28T03:45:48.390+0000] {dag.py:4180} INFO - Setting next_dagrun for example_branch_labels to 2024-09-27 00:00:00+00:00, run_after=2024-09-28 00:00:00+00:00
[2024-09-28T03:45:48.413+0000] {processor.py:208} INFO - Processing /home/airflow/.local/lib/python3.12/site-packages/airflow/example_dags/example_branch_labels.py took 0.083 seconds
[2024-09-28T03:46:19.110+0000] {processor.py:186} INFO - Started process (PID=995) to work on /home/airflow/.local/lib/python3.12/site-packages/airflow/example_dags/example_branch_labels.py
[2024-09-28T03:46:19.111+0000] {processor.py:914} INFO - Processing file /home/airflow/.local/lib/python3.12/site-packages/airflow/example_dags/example_branch_labels.py for tasks to queue
[2024-09-28T03:46:19.114+0000] {logging_mixin.py:190} INFO - [2024-09-28T03:46:19.113+0000] {dagbag.py:588} INFO - Filling up the DagBag from /home/airflow/.local/lib/python3.12/site-packages/airflow/example_dags/example_branch_labels.py
[2024-09-28T03:46:19.122+0000] {processor.py:925} INFO - DAG(s) 'example_branch_labels' retrieved from /home/airflow/.local/lib/python3.12/site-packages/airflow/example_dags/example_branch_labels.py
[2024-09-28T03:46:19.143+0000] {logging_mixin.py:190} INFO - [2024-09-28T03:46:19.143+0000] {dag.py:3239} INFO - Sync 1 DAGs
[2024-09-28T03:46:19.168+0000] {logging_mixin.py:190} INFO - [2024-09-28T03:46:19.167+0000] {dag.py:4180} INFO - Setting next_dagrun for example_branch_labels to 2024-09-27 00:00:00+00:00, run_after=2024-09-28 00:00:00+00:00
[2024-09-28T03:46:19.191+0000] {processor.py:208} INFO - Processing /home/airflow/.local/lib/python3.12/site-packages/airflow/example_dags/example_branch_labels.py took 0.086 seconds
[2024-09-28T03:46:49.805+0000] {processor.py:186} INFO - Started process (PID=1069) to work on /home/airflow/.local/lib/python3.12/site-packages/airflow/example_dags/example_branch_labels.py
[2024-09-28T03:46:49.807+0000] {processor.py:914} INFO - Processing file /home/airflow/.local/lib/python3.12/site-packages/airflow/example_dags/example_branch_labels.py for tasks to queue
[2024-09-28T03:46:49.810+0000] {logging_mixin.py:190} INFO - [2024-09-28T03:46:49.809+0000] {dagbag.py:588} INFO - Filling up the DagBag from /home/airflow/.local/lib/python3.12/site-packages/airflow/example_dags/example_branch_labels.py
[2024-09-28T03:46:49.821+0000] {processor.py:925} INFO - DAG(s) 'example_branch_labels' retrieved from /home/airflow/.local/lib/python3.12/site-packages/airflow/example_dags/example_branch_labels.py
[2024-09-28T03:46:49.846+0000] {logging_mixin.py:190} INFO - [2024-09-28T03:46:49.845+0000] {dag.py:3239} INFO - Sync 1 DAGs
[2024-09-28T03:46:49.875+0000] {logging_mixin.py:190} INFO - [2024-09-28T03:46:49.875+0000] {dag.py:4180} INFO - Setting next_dagrun for example_branch_labels to 2024-09-27 00:00:00+00:00, run_after=2024-09-28 00:00:00+00:00
[2024-09-28T03:46:49.904+0000] {processor.py:208} INFO - Processing /home/airflow/.local/lib/python3.12/site-packages/airflow/example_dags/example_branch_labels.py took 0.105 seconds
[2024-09-28T03:47:20.045+0000] {processor.py:186} INFO - Started process (PID=1143) to work on /home/airflow/.local/lib/python3.12/site-packages/airflow/example_dags/example_branch_labels.py
[2024-09-28T03:47:20.047+0000] {processor.py:914} INFO - Processing file /home/airflow/.local/lib/python3.12/site-packages/airflow/example_dags/example_branch_labels.py for tasks to queue
[2024-09-28T03:47:20.050+0000] {logging_mixin.py:190} INFO - [2024-09-28T03:47:20.050+0000] {dagbag.py:588} INFO - Filling up the DagBag from /home/airflow/.local/lib/python3.12/site-packages/airflow/example_dags/example_branch_labels.py
[2024-09-28T03:47:20.062+0000] {processor.py:925} INFO - DAG(s) 'example_branch_labels' retrieved from /home/airflow/.local/lib/python3.12/site-packages/airflow/example_dags/example_branch_labels.py
[2024-09-28T03:47:20.090+0000] {logging_mixin.py:190} INFO - [2024-09-28T03:47:20.090+0000] {dag.py:3239} INFO - Sync 1 DAGs
[2024-09-28T03:47:20.121+0000] {logging_mixin.py:190} INFO - [2024-09-28T03:47:20.121+0000] {dag.py:4180} INFO - Setting next_dagrun for example_branch_labels to 2024-09-27 00:00:00+00:00, run_after=2024-09-28 00:00:00+00:00
[2024-09-28T03:47:20.149+0000] {processor.py:208} INFO - Processing /home/airflow/.local/lib/python3.12/site-packages/airflow/example_dags/example_branch_labels.py took 0.111 seconds
[2024-09-28T03:47:50.457+0000] {processor.py:186} INFO - Started process (PID=1217) to work on /home/airflow/.local/lib/python3.12/site-packages/airflow/example_dags/example_branch_labels.py
[2024-09-28T03:47:50.459+0000] {processor.py:914} INFO - Processing file /home/airflow/.local/lib/python3.12/site-packages/airflow/example_dags/example_branch_labels.py for tasks to queue
[2024-09-28T03:47:50.462+0000] {logging_mixin.py:190} INFO - [2024-09-28T03:47:50.462+0000] {dagbag.py:588} INFO - Filling up the DagBag from /home/airflow/.local/lib/python3.12/site-packages/airflow/example_dags/example_branch_labels.py
[2024-09-28T03:47:50.477+0000] {processor.py:925} INFO - DAG(s) 'example_branch_labels' retrieved from /home/airflow/.local/lib/python3.12/site-packages/airflow/example_dags/example_branch_labels.py
[2024-09-28T03:47:50.512+0000] {logging_mixin.py:190} INFO - [2024-09-28T03:47:50.512+0000] {dag.py:3239} INFO - Sync 1 DAGs
[2024-09-28T03:47:50.550+0000] {logging_mixin.py:190} INFO - [2024-09-28T03:47:50.550+0000] {dag.py:4180} INFO - Setting next_dagrun for example_branch_labels to 2024-09-27 00:00:00+00:00, run_after=2024-09-28 00:00:00+00:00
[2024-09-28T03:47:50.579+0000] {processor.py:208} INFO - Processing /home/airflow/.local/lib/python3.12/site-packages/airflow/example_dags/example_branch_labels.py took 0.129 seconds
[2024-09-28T03:48:20.752+0000] {processor.py:186} INFO - Started process (PID=1291) to work on /home/airflow/.local/lib/python3.12/site-packages/airflow/example_dags/example_branch_labels.py
[2024-09-28T03:48:20.753+0000] {processor.py:914} INFO - Processing file /home/airflow/.local/lib/python3.12/site-packages/airflow/example_dags/example_branch_labels.py for tasks to queue
[2024-09-28T03:48:20.756+0000] {logging_mixin.py:190} INFO - [2024-09-28T03:48:20.756+0000] {dagbag.py:588} INFO - Filling up the DagBag from /home/airflow/.local/lib/python3.12/site-packages/airflow/example_dags/example_branch_labels.py
[2024-09-28T03:48:20.768+0000] {processor.py:925} INFO - DAG(s) 'example_branch_labels' retrieved from /home/airflow/.local/lib/python3.12/site-packages/airflow/example_dags/example_branch_labels.py
[2024-09-28T03:48:20.794+0000] {logging_mixin.py:190} INFO - [2024-09-28T03:48:20.794+0000] {dag.py:3239} INFO - Sync 1 DAGs
[2024-09-28T03:48:20.825+0000] {logging_mixin.py:190} INFO - [2024-09-28T03:48:20.825+0000] {dag.py:4180} INFO - Setting next_dagrun for example_branch_labels to 2024-09-27 00:00:00+00:00, run_after=2024-09-28 00:00:00+00:00
[2024-09-28T03:48:20.853+0000] {processor.py:208} INFO - Processing /home/airflow/.local/lib/python3.12/site-packages/airflow/example_dags/example_branch_labels.py took 0.106 seconds
[2024-09-28T03:48:52.106+0000] {processor.py:186} INFO - Started process (PID=1365) to work on /home/airflow/.local/lib/python3.12/site-packages/airflow/example_dags/example_branch_labels.py
[2024-09-28T03:48:52.108+0000] {processor.py:914} INFO - Processing file /home/airflow/.local/lib/python3.12/site-packages/airflow/example_dags/example_branch_labels.py for tasks to queue
[2024-09-28T03:48:52.111+0000] {logging_mixin.py:190} INFO - [2024-09-28T03:48:52.110+0000] {dagbag.py:588} INFO - Filling up the DagBag from /home/airflow/.local/lib/python3.12/site-packages/airflow/example_dags/example_branch_labels.py
[2024-09-28T03:48:52.122+0000] {processor.py:925} INFO - DAG(s) 'example_branch_labels' retrieved from /home/airflow/.local/lib/python3.12/site-packages/airflow/example_dags/example_branch_labels.py
[2024-09-28T03:48:52.149+0000] {logging_mixin.py:190} INFO - [2024-09-28T03:48:52.149+0000] {dag.py:3239} INFO - Sync 1 DAGs
[2024-09-28T03:48:52.181+0000] {logging_mixin.py:190} INFO - [2024-09-28T03:48:52.181+0000] {dag.py:4180} INFO - Setting next_dagrun for example_branch_labels to 2024-09-27 00:00:00+00:00, run_after=2024-09-28 00:00:00+00:00
[2024-09-28T03:48:52.209+0000] {processor.py:208} INFO - Processing /home/airflow/.local/lib/python3.12/site-packages/airflow/example_dags/example_branch_labels.py took 0.109 seconds
[2024-09-28T03:49:22.461+0000] {processor.py:186} INFO - Started process (PID=1439) to work on /home/airflow/.local/lib/python3.12/site-packages/airflow/example_dags/example_branch_labels.py
[2024-09-28T03:49:22.472+0000] {processor.py:914} INFO - Processing file /home/airflow/.local/lib/python3.12/site-packages/airflow/example_dags/example_branch_labels.py for tasks to queue
[2024-09-28T03:49:22.475+0000] {logging_mixin.py:190} INFO - [2024-09-28T03:49:22.474+0000] {dagbag.py:588} INFO - Filling up the DagBag from /home/airflow/.local/lib/python3.12/site-packages/airflow/example_dags/example_branch_labels.py
[2024-09-28T03:49:22.486+0000] {processor.py:925} INFO - DAG(s) 'example_branch_labels' retrieved from /home/airflow/.local/lib/python3.12/site-packages/airflow/example_dags/example_branch_labels.py
[2024-09-28T03:49:22.512+0000] {logging_mixin.py:190} INFO - [2024-09-28T03:49:22.512+0000] {dag.py:3239} INFO - Sync 1 DAGs
[2024-09-28T03:49:22.540+0000] {logging_mixin.py:190} INFO - [2024-09-28T03:49:22.540+0000] {dag.py:4180} INFO - Setting next_dagrun for example_branch_labels to 2024-09-27 00:00:00+00:00, run_after=2024-09-28 00:00:00+00:00
[2024-09-28T03:49:22.575+0000] {processor.py:208} INFO - Processing /home/airflow/.local/lib/python3.12/site-packages/airflow/example_dags/example_branch_labels.py took 0.119 seconds
[2024-09-28T03:49:53.543+0000] {processor.py:186} INFO - Started process (PID=1513) to work on /home/airflow/.local/lib/python3.12/site-packages/airflow/example_dags/example_branch_labels.py
[2024-09-28T03:49:53.545+0000] {processor.py:914} INFO - Processing file /home/airflow/.local/lib/python3.12/site-packages/airflow/example_dags/example_branch_labels.py for tasks to queue
[2024-09-28T03:49:53.548+0000] {logging_mixin.py:190} INFO - [2024-09-28T03:49:53.547+0000] {dagbag.py:588} INFO - Filling up the DagBag from /home/airflow/.local/lib/python3.12/site-packages/airflow/example_dags/example_branch_labels.py
[2024-09-28T03:49:53.559+0000] {processor.py:925} INFO - DAG(s) 'example_branch_labels' retrieved from /home/airflow/.local/lib/python3.12/site-packages/airflow/example_dags/example_branch_labels.py
[2024-09-28T03:49:53.587+0000] {logging_mixin.py:190} INFO - [2024-09-28T03:49:53.587+0000] {dag.py:3239} INFO - Sync 1 DAGs
[2024-09-28T03:49:53.622+0000] {logging_mixin.py:190} INFO - [2024-09-28T03:49:53.622+0000] {dag.py:4180} INFO - Setting next_dagrun for example_branch_labels to 2024-09-27 00:00:00+00:00, run_after=2024-09-28 00:00:00+00:00
[2024-09-28T03:49:53.649+0000] {processor.py:208} INFO - Processing /home/airflow/.local/lib/python3.12/site-packages/airflow/example_dags/example_branch_labels.py took 0.112 seconds
[2024-09-28T03:50:23.832+0000] {processor.py:186} INFO - Started process (PID=1587) to work on /home/airflow/.local/lib/python3.12/site-packages/airflow/example_dags/example_branch_labels.py
[2024-09-28T03:50:23.833+0000] {processor.py:914} INFO - Processing file /home/airflow/.local/lib/python3.12/site-packages/airflow/example_dags/example_branch_labels.py for tasks to queue
[2024-09-28T03:50:23.836+0000] {logging_mixin.py:190} INFO - [2024-09-28T03:50:23.835+0000] {dagbag.py:588} INFO - Filling up the DagBag from /home/airflow/.local/lib/python3.12/site-packages/airflow/example_dags/example_branch_labels.py
[2024-09-28T03:50:23.845+0000] {processor.py:925} INFO - DAG(s) 'example_branch_labels' retrieved from /home/airflow/.local/lib/python3.12/site-packages/airflow/example_dags/example_branch_labels.py
[2024-09-28T03:50:23.866+0000] {logging_mixin.py:190} INFO - [2024-09-28T03:50:23.865+0000] {dag.py:3239} INFO - Sync 1 DAGs
[2024-09-28T03:50:23.890+0000] {logging_mixin.py:190} INFO - [2024-09-28T03:50:23.890+0000] {dag.py:4180} INFO - Setting next_dagrun for example_branch_labels to 2024-09-27 00:00:00+00:00, run_after=2024-09-28 00:00:00+00:00
[2024-09-28T03:50:23.911+0000] {processor.py:208} INFO - Processing /home/airflow/.local/lib/python3.12/site-packages/airflow/example_dags/example_branch_labels.py took 0.084 seconds
[2024-09-28T03:53:36.000+0000] {processor.py:186} INFO - Started process (PID=104) to work on /home/airflow/.local/lib/python3.12/site-packages/airflow/example_dags/example_branch_labels.py
[2024-09-28T03:53:36.001+0000] {processor.py:914} INFO - Processing file /home/airflow/.local/lib/python3.12/site-packages/airflow/example_dags/example_branch_labels.py for tasks to queue
[2024-09-28T03:53:36.005+0000] {logging_mixin.py:190} INFO - [2024-09-28T03:53:36.004+0000] {dagbag.py:588} INFO - Filling up the DagBag from /home/airflow/.local/lib/python3.12/site-packages/airflow/example_dags/example_branch_labels.py
[2024-09-28T03:53:36.016+0000] {processor.py:925} INFO - DAG(s) 'example_branch_labels' retrieved from /home/airflow/.local/lib/python3.12/site-packages/airflow/example_dags/example_branch_labels.py
[2024-09-28T03:53:36.044+0000] {logging_mixin.py:190} INFO - [2024-09-28T03:53:36.043+0000] {dag.py:3239} INFO - Sync 1 DAGs
[2024-09-28T03:53:36.079+0000] {logging_mixin.py:190} INFO - [2024-09-28T03:53:36.078+0000] {dag.py:4180} INFO - Setting next_dagrun for example_branch_labels to 2024-09-27 00:00:00+00:00, run_after=2024-09-28 00:00:00+00:00
[2024-09-28T03:53:36.104+0000] {processor.py:208} INFO - Processing /home/airflow/.local/lib/python3.12/site-packages/airflow/example_dags/example_branch_labels.py took 0.110 seconds
[2024-09-28T03:54:07.063+0000] {processor.py:186} INFO - Started process (PID=179) to work on /home/airflow/.local/lib/python3.12/site-packages/airflow/example_dags/example_branch_labels.py
[2024-09-28T03:54:07.067+0000] {processor.py:914} INFO - Processing file /home/airflow/.local/lib/python3.12/site-packages/airflow/example_dags/example_branch_labels.py for tasks to queue
[2024-09-28T03:54:07.072+0000] {logging_mixin.py:190} INFO - [2024-09-28T03:54:07.071+0000] {dagbag.py:588} INFO - Filling up the DagBag from /home/airflow/.local/lib/python3.12/site-packages/airflow/example_dags/example_branch_labels.py
[2024-09-28T03:54:07.094+0000] {processor.py:925} INFO - DAG(s) 'example_branch_labels' retrieved from /home/airflow/.local/lib/python3.12/site-packages/airflow/example_dags/example_branch_labels.py
[2024-09-28T03:54:07.149+0000] {logging_mixin.py:190} INFO - [2024-09-28T03:54:07.149+0000] {dag.py:3239} INFO - Sync 1 DAGs
[2024-09-28T03:54:07.192+0000] {logging_mixin.py:190} INFO - [2024-09-28T03:54:07.191+0000] {dag.py:4180} INFO - Setting next_dagrun for example_branch_labels to 2024-09-27 00:00:00+00:00, run_after=2024-09-28 00:00:00+00:00
[2024-09-28T03:54:07.231+0000] {processor.py:208} INFO - Processing /home/airflow/.local/lib/python3.12/site-packages/airflow/example_dags/example_branch_labels.py took 0.176 seconds
[2024-09-28T03:54:37.450+0000] {processor.py:186} INFO - Started process (PID=253) to work on /home/airflow/.local/lib/python3.12/site-packages/airflow/example_dags/example_branch_labels.py
[2024-09-28T03:54:37.451+0000] {processor.py:914} INFO - Processing file /home/airflow/.local/lib/python3.12/site-packages/airflow/example_dags/example_branch_labels.py for tasks to queue
[2024-09-28T03:54:37.454+0000] {logging_mixin.py:190} INFO - [2024-09-28T03:54:37.454+0000] {dagbag.py:588} INFO - Filling up the DagBag from /home/airflow/.local/lib/python3.12/site-packages/airflow/example_dags/example_branch_labels.py
[2024-09-28T03:54:37.464+0000] {processor.py:925} INFO - DAG(s) 'example_branch_labels' retrieved from /home/airflow/.local/lib/python3.12/site-packages/airflow/example_dags/example_branch_labels.py
[2024-09-28T03:54:37.487+0000] {logging_mixin.py:190} INFO - [2024-09-28T03:54:37.487+0000] {dag.py:3239} INFO - Sync 1 DAGs
[2024-09-28T03:54:37.514+0000] {logging_mixin.py:190} INFO - [2024-09-28T03:54:37.513+0000] {dag.py:4180} INFO - Setting next_dagrun for example_branch_labels to 2024-09-27 00:00:00+00:00, run_after=2024-09-28 00:00:00+00:00
[2024-09-28T03:54:37.540+0000] {processor.py:208} INFO - Processing /home/airflow/.local/lib/python3.12/site-packages/airflow/example_dags/example_branch_labels.py took 0.096 seconds
[2024-09-28T03:55:08.393+0000] {processor.py:186} INFO - Started process (PID=327) to work on /home/airflow/.local/lib/python3.12/site-packages/airflow/example_dags/example_branch_labels.py
[2024-09-28T03:55:08.394+0000] {processor.py:914} INFO - Processing file /home/airflow/.local/lib/python3.12/site-packages/airflow/example_dags/example_branch_labels.py for tasks to queue
[2024-09-28T03:55:08.397+0000] {logging_mixin.py:190} INFO - [2024-09-28T03:55:08.397+0000] {dagbag.py:588} INFO - Filling up the DagBag from /home/airflow/.local/lib/python3.12/site-packages/airflow/example_dags/example_branch_labels.py
[2024-09-28T03:55:08.407+0000] {processor.py:925} INFO - DAG(s) 'example_branch_labels' retrieved from /home/airflow/.local/lib/python3.12/site-packages/airflow/example_dags/example_branch_labels.py
[2024-09-28T03:55:08.435+0000] {logging_mixin.py:190} INFO - [2024-09-28T03:55:08.435+0000] {dag.py:3239} INFO - Sync 1 DAGs
[2024-09-28T03:55:08.463+0000] {logging_mixin.py:190} INFO - [2024-09-28T03:55:08.463+0000] {dag.py:4180} INFO - Setting next_dagrun for example_branch_labels to 2024-09-27 00:00:00+00:00, run_after=2024-09-28 00:00:00+00:00
[2024-09-28T03:55:08.491+0000] {processor.py:208} INFO - Processing /home/airflow/.local/lib/python3.12/site-packages/airflow/example_dags/example_branch_labels.py took 0.104 seconds
[2024-09-28T03:55:39.123+0000] {processor.py:186} INFO - Started process (PID=414) to work on /home/airflow/.local/lib/python3.12/site-packages/airflow/example_dags/example_branch_labels.py
[2024-09-28T03:55:39.124+0000] {processor.py:914} INFO - Processing file /home/airflow/.local/lib/python3.12/site-packages/airflow/example_dags/example_branch_labels.py for tasks to queue
[2024-09-28T03:55:39.126+0000] {logging_mixin.py:190} INFO - [2024-09-28T03:55:39.126+0000] {dagbag.py:588} INFO - Filling up the DagBag from /home/airflow/.local/lib/python3.12/site-packages/airflow/example_dags/example_branch_labels.py
[2024-09-28T03:55:39.134+0000] {processor.py:925} INFO - DAG(s) 'example_branch_labels' retrieved from /home/airflow/.local/lib/python3.12/site-packages/airflow/example_dags/example_branch_labels.py
[2024-09-28T03:55:39.152+0000] {logging_mixin.py:190} INFO - [2024-09-28T03:55:39.152+0000] {dag.py:3239} INFO - Sync 1 DAGs
[2024-09-28T03:55:39.178+0000] {logging_mixin.py:190} INFO - [2024-09-28T03:55:39.178+0000] {dag.py:4180} INFO - Setting next_dagrun for example_branch_labels to 2024-09-27 00:00:00+00:00, run_after=2024-09-28 00:00:00+00:00
[2024-09-28T03:55:39.203+0000] {processor.py:208} INFO - Processing /home/airflow/.local/lib/python3.12/site-packages/airflow/example_dags/example_branch_labels.py took 0.085 seconds
[2024-09-28T03:56:10.017+0000] {processor.py:186} INFO - Started process (PID=598) to work on /home/airflow/.local/lib/python3.12/site-packages/airflow/example_dags/example_branch_labels.py
[2024-09-28T03:56:10.018+0000] {processor.py:914} INFO - Processing file /home/airflow/.local/lib/python3.12/site-packages/airflow/example_dags/example_branch_labels.py for tasks to queue
[2024-09-28T03:56:10.021+0000] {logging_mixin.py:190} INFO - [2024-09-28T03:56:10.021+0000] {dagbag.py:588} INFO - Filling up the DagBag from /home/airflow/.local/lib/python3.12/site-packages/airflow/example_dags/example_branch_labels.py
[2024-09-28T03:56:10.031+0000] {processor.py:925} INFO - DAG(s) 'example_branch_labels' retrieved from /home/airflow/.local/lib/python3.12/site-packages/airflow/example_dags/example_branch_labels.py
[2024-09-28T03:56:10.053+0000] {logging_mixin.py:190} INFO - [2024-09-28T03:56:10.052+0000] {dag.py:3239} INFO - Sync 1 DAGs
[2024-09-28T03:56:10.074+0000] {logging_mixin.py:190} INFO - [2024-09-28T03:56:10.074+0000] {dag.py:4180} INFO - Setting next_dagrun for example_branch_labels to 2024-09-27 00:00:00+00:00, run_after=2024-09-28 00:00:00+00:00
[2024-09-28T03:56:10.096+0000] {processor.py:208} INFO - Processing /home/airflow/.local/lib/python3.12/site-packages/airflow/example_dags/example_branch_labels.py took 0.085 seconds
[2024-09-28T03:56:40.925+0000] {processor.py:186} INFO - Started process (PID=663) to work on /home/airflow/.local/lib/python3.12/site-packages/airflow/example_dags/example_branch_labels.py
[2024-09-28T03:56:40.927+0000] {processor.py:914} INFO - Processing file /home/airflow/.local/lib/python3.12/site-packages/airflow/example_dags/example_branch_labels.py for tasks to queue
[2024-09-28T03:56:40.929+0000] {logging_mixin.py:190} INFO - [2024-09-28T03:56:40.929+0000] {dagbag.py:588} INFO - Filling up the DagBag from /home/airflow/.local/lib/python3.12/site-packages/airflow/example_dags/example_branch_labels.py
[2024-09-28T03:56:40.940+0000] {processor.py:925} INFO - DAG(s) 'example_branch_labels' retrieved from /home/airflow/.local/lib/python3.12/site-packages/airflow/example_dags/example_branch_labels.py
[2024-09-28T03:56:40.966+0000] {logging_mixin.py:190} INFO - [2024-09-28T03:56:40.965+0000] {dag.py:3239} INFO - Sync 1 DAGs
[2024-09-28T03:56:40.994+0000] {logging_mixin.py:190} INFO - [2024-09-28T03:56:40.994+0000] {dag.py:4180} INFO - Setting next_dagrun for example_branch_labels to 2024-09-27 00:00:00+00:00, run_after=2024-09-28 00:00:00+00:00
[2024-09-28T03:56:41.024+0000] {processor.py:208} INFO - Processing /home/airflow/.local/lib/python3.12/site-packages/airflow/example_dags/example_branch_labels.py took 0.104 seconds
[2024-09-28T04:03:08.571+0000] {processor.py:186} INFO - Started process (PID=94) to work on /home/airflow/.local/lib/python3.12/site-packages/airflow/example_dags/example_branch_labels.py
[2024-09-28T04:03:08.573+0000] {processor.py:914} INFO - Processing file /home/airflow/.local/lib/python3.12/site-packages/airflow/example_dags/example_branch_labels.py for tasks to queue
[2024-09-28T04:03:08.577+0000] {logging_mixin.py:190} INFO - [2024-09-28T04:03:08.576+0000] {dagbag.py:588} INFO - Filling up the DagBag from /home/airflow/.local/lib/python3.12/site-packages/airflow/example_dags/example_branch_labels.py
[2024-09-28T04:03:08.594+0000] {processor.py:925} INFO - DAG(s) 'example_branch_labels' retrieved from /home/airflow/.local/lib/python3.12/site-packages/airflow/example_dags/example_branch_labels.py
[2024-09-28T04:03:08.625+0000] {logging_mixin.py:190} INFO - [2024-09-28T04:03:08.625+0000] {dag.py:3239} INFO - Sync 1 DAGs
[2024-09-28T04:03:08.655+0000] {logging_mixin.py:190} INFO - [2024-09-28T04:03:08.655+0000] {dag.py:4180} INFO - Setting next_dagrun for example_branch_labels to 2024-09-27 00:00:00+00:00, run_after=2024-09-28 00:00:00+00:00
[2024-09-28T04:03:08.683+0000] {processor.py:208} INFO - Processing /home/airflow/.local/lib/python3.12/site-packages/airflow/example_dags/example_branch_labels.py took 0.119 seconds
[2024-09-28T04:03:39.164+0000] {processor.py:186} INFO - Started process (PID=157) to work on /home/airflow/.local/lib/python3.12/site-packages/airflow/example_dags/example_branch_labels.py
[2024-09-28T04:03:39.166+0000] {processor.py:914} INFO - Processing file /home/airflow/.local/lib/python3.12/site-packages/airflow/example_dags/example_branch_labels.py for tasks to queue
[2024-09-28T04:03:39.168+0000] {logging_mixin.py:190} INFO - [2024-09-28T04:03:39.168+0000] {dagbag.py:588} INFO - Filling up the DagBag from /home/airflow/.local/lib/python3.12/site-packages/airflow/example_dags/example_branch_labels.py
[2024-09-28T04:03:39.177+0000] {processor.py:925} INFO - DAG(s) 'example_branch_labels' retrieved from /home/airflow/.local/lib/python3.12/site-packages/airflow/example_dags/example_branch_labels.py
[2024-09-28T04:03:39.196+0000] {logging_mixin.py:190} INFO - [2024-09-28T04:03:39.195+0000] {dag.py:3239} INFO - Sync 1 DAGs
[2024-09-28T04:03:39.218+0000] {logging_mixin.py:190} INFO - [2024-09-28T04:03:39.218+0000] {dag.py:4180} INFO - Setting next_dagrun for example_branch_labels to 2024-09-27 00:00:00+00:00, run_after=2024-09-28 00:00:00+00:00
[2024-09-28T04:03:39.242+0000] {processor.py:208} INFO - Processing /home/airflow/.local/lib/python3.12/site-packages/airflow/example_dags/example_branch_labels.py took 0.082 seconds
[2024-09-28T04:04:10.805+0000] {processor.py:186} INFO - Started process (PID=220) to work on /home/airflow/.local/lib/python3.12/site-packages/airflow/example_dags/example_branch_labels.py
[2024-09-28T04:04:10.807+0000] {processor.py:914} INFO - Processing file /home/airflow/.local/lib/python3.12/site-packages/airflow/example_dags/example_branch_labels.py for tasks to queue
[2024-09-28T04:04:10.809+0000] {logging_mixin.py:190} INFO - [2024-09-28T04:04:10.809+0000] {dagbag.py:588} INFO - Filling up the DagBag from /home/airflow/.local/lib/python3.12/site-packages/airflow/example_dags/example_branch_labels.py
[2024-09-28T04:04:10.818+0000] {processor.py:925} INFO - DAG(s) 'example_branch_labels' retrieved from /home/airflow/.local/lib/python3.12/site-packages/airflow/example_dags/example_branch_labels.py
[2024-09-28T04:04:10.839+0000] {logging_mixin.py:190} INFO - [2024-09-28T04:04:10.839+0000] {dag.py:3239} INFO - Sync 1 DAGs
[2024-09-28T04:04:10.863+0000] {logging_mixin.py:190} INFO - [2024-09-28T04:04:10.862+0000] {dag.py:4180} INFO - Setting next_dagrun for example_branch_labels to 2024-09-27 00:00:00+00:00, run_after=2024-09-28 00:00:00+00:00
[2024-09-28T04:04:10.886+0000] {processor.py:208} INFO - Processing /home/airflow/.local/lib/python3.12/site-packages/airflow/example_dags/example_branch_labels.py took 0.086 seconds
[2024-09-28T04:04:41.048+0000] {processor.py:186} INFO - Started process (PID=283) to work on /home/airflow/.local/lib/python3.12/site-packages/airflow/example_dags/example_branch_labels.py
[2024-09-28T04:04:41.049+0000] {processor.py:914} INFO - Processing file /home/airflow/.local/lib/python3.12/site-packages/airflow/example_dags/example_branch_labels.py for tasks to queue
[2024-09-28T04:04:41.052+0000] {logging_mixin.py:190} INFO - [2024-09-28T04:04:41.052+0000] {dagbag.py:588} INFO - Filling up the DagBag from /home/airflow/.local/lib/python3.12/site-packages/airflow/example_dags/example_branch_labels.py
[2024-09-28T04:04:41.062+0000] {processor.py:925} INFO - DAG(s) 'example_branch_labels' retrieved from /home/airflow/.local/lib/python3.12/site-packages/airflow/example_dags/example_branch_labels.py
[2024-09-28T04:04:41.087+0000] {logging_mixin.py:190} INFO - [2024-09-28T04:04:41.087+0000] {dag.py:3239} INFO - Sync 1 DAGs
[2024-09-28T04:04:41.116+0000] {logging_mixin.py:190} INFO - [2024-09-28T04:04:41.116+0000] {dag.py:4180} INFO - Setting next_dagrun for example_branch_labels to 2024-09-27 00:00:00+00:00, run_after=2024-09-28 00:00:00+00:00
[2024-09-28T04:04:41.146+0000] {processor.py:208} INFO - Processing /home/airflow/.local/lib/python3.12/site-packages/airflow/example_dags/example_branch_labels.py took 0.103 seconds
[2024-09-28T04:05:11.456+0000] {processor.py:186} INFO - Started process (PID=369) to work on /home/airflow/.local/lib/python3.12/site-packages/airflow/example_dags/example_branch_labels.py
[2024-09-28T04:05:11.457+0000] {processor.py:914} INFO - Processing file /home/airflow/.local/lib/python3.12/site-packages/airflow/example_dags/example_branch_labels.py for tasks to queue
[2024-09-28T04:05:11.460+0000] {logging_mixin.py:190} INFO - [2024-09-28T04:05:11.460+0000] {dagbag.py:588} INFO - Filling up the DagBag from /home/airflow/.local/lib/python3.12/site-packages/airflow/example_dags/example_branch_labels.py
[2024-09-28T04:05:11.468+0000] {processor.py:925} INFO - DAG(s) 'example_branch_labels' retrieved from /home/airflow/.local/lib/python3.12/site-packages/airflow/example_dags/example_branch_labels.py
[2024-09-28T04:05:11.488+0000] {logging_mixin.py:190} INFO - [2024-09-28T04:05:11.488+0000] {dag.py:3239} INFO - Sync 1 DAGs
[2024-09-28T04:05:11.512+0000] {logging_mixin.py:190} INFO - [2024-09-28T04:05:11.511+0000] {dag.py:4180} INFO - Setting next_dagrun for example_branch_labels to 2024-09-27 00:00:00+00:00, run_after=2024-09-28 00:00:00+00:00
[2024-09-28T04:05:11.535+0000] {processor.py:208} INFO - Processing /home/airflow/.local/lib/python3.12/site-packages/airflow/example_dags/example_branch_labels.py took 0.083 seconds
[2024-09-28T04:05:52.804+0000] {processor.py:186} INFO - Started process (PID=98) to work on /home/airflow/.local/lib/python3.12/site-packages/airflow/example_dags/example_branch_labels.py
[2024-09-28T04:05:52.805+0000] {processor.py:914} INFO - Processing file /home/airflow/.local/lib/python3.12/site-packages/airflow/example_dags/example_branch_labels.py for tasks to queue
[2024-09-28T04:05:52.808+0000] {logging_mixin.py:190} INFO - [2024-09-28T04:05:52.808+0000] {dagbag.py:588} INFO - Filling up the DagBag from /home/airflow/.local/lib/python3.12/site-packages/airflow/example_dags/example_branch_labels.py
[2024-09-28T04:05:52.817+0000] {processor.py:925} INFO - DAG(s) 'example_branch_labels' retrieved from /home/airflow/.local/lib/python3.12/site-packages/airflow/example_dags/example_branch_labels.py
[2024-09-28T04:05:52.841+0000] {logging_mixin.py:190} INFO - [2024-09-28T04:05:52.840+0000] {dag.py:3239} INFO - Sync 1 DAGs
[2024-09-28T04:05:52.873+0000] {logging_mixin.py:190} INFO - [2024-09-28T04:05:52.872+0000] {dag.py:4180} INFO - Setting next_dagrun for example_branch_labels to 2024-09-27 00:00:00+00:00, run_after=2024-09-28 00:00:00+00:00
[2024-09-28T04:05:52.902+0000] {processor.py:208} INFO - Processing /home/airflow/.local/lib/python3.12/site-packages/airflow/example_dags/example_branch_labels.py took 0.104 seconds
[2024-09-28T04:06:23.667+0000] {processor.py:186} INFO - Started process (PID=172) to work on /home/airflow/.local/lib/python3.12/site-packages/airflow/example_dags/example_branch_labels.py
[2024-09-28T04:06:23.669+0000] {processor.py:914} INFO - Processing file /home/airflow/.local/lib/python3.12/site-packages/airflow/example_dags/example_branch_labels.py for tasks to queue
[2024-09-28T04:06:23.671+0000] {logging_mixin.py:190} INFO - [2024-09-28T04:06:23.671+0000] {dagbag.py:588} INFO - Filling up the DagBag from /home/airflow/.local/lib/python3.12/site-packages/airflow/example_dags/example_branch_labels.py
[2024-09-28T04:06:23.680+0000] {processor.py:925} INFO - DAG(s) 'example_branch_labels' retrieved from /home/airflow/.local/lib/python3.12/site-packages/airflow/example_dags/example_branch_labels.py
[2024-09-28T04:06:23.706+0000] {logging_mixin.py:190} INFO - [2024-09-28T04:06:23.705+0000] {dag.py:3239} INFO - Sync 1 DAGs
[2024-09-28T04:06:23.733+0000] {logging_mixin.py:190} INFO - [2024-09-28T04:06:23.732+0000] {dag.py:4180} INFO - Setting next_dagrun for example_branch_labels to 2024-09-27 00:00:00+00:00, run_after=2024-09-28 00:00:00+00:00
[2024-09-28T04:06:23.759+0000] {processor.py:208} INFO - Processing /home/airflow/.local/lib/python3.12/site-packages/airflow/example_dags/example_branch_labels.py took 0.100 seconds
[2024-09-28T04:06:54.190+0000] {processor.py:186} INFO - Started process (PID=246) to work on /home/airflow/.local/lib/python3.12/site-packages/airflow/example_dags/example_branch_labels.py
[2024-09-28T04:06:54.192+0000] {processor.py:914} INFO - Processing file /home/airflow/.local/lib/python3.12/site-packages/airflow/example_dags/example_branch_labels.py for tasks to queue
[2024-09-28T04:06:54.194+0000] {logging_mixin.py:190} INFO - [2024-09-28T04:06:54.194+0000] {dagbag.py:588} INFO - Filling up the DagBag from /home/airflow/.local/lib/python3.12/site-packages/airflow/example_dags/example_branch_labels.py
[2024-09-28T04:06:54.207+0000] {processor.py:925} INFO - DAG(s) 'example_branch_labels' retrieved from /home/airflow/.local/lib/python3.12/site-packages/airflow/example_dags/example_branch_labels.py
[2024-09-28T04:06:54.235+0000] {logging_mixin.py:190} INFO - [2024-09-28T04:06:54.235+0000] {dag.py:3239} INFO - Sync 1 DAGs
[2024-09-28T04:06:54.266+0000] {logging_mixin.py:190} INFO - [2024-09-28T04:06:54.266+0000] {dag.py:4180} INFO - Setting next_dagrun for example_branch_labels to 2024-09-27 00:00:00+00:00, run_after=2024-09-28 00:00:00+00:00
[2024-09-28T04:06:54.300+0000] {processor.py:208} INFO - Processing /home/airflow/.local/lib/python3.12/site-packages/airflow/example_dags/example_branch_labels.py took 0.116 seconds
[2024-09-28T04:07:25.227+0000] {processor.py:186} INFO - Started process (PID=320) to work on /home/airflow/.local/lib/python3.12/site-packages/airflow/example_dags/example_branch_labels.py
[2024-09-28T04:07:25.228+0000] {processor.py:914} INFO - Processing file /home/airflow/.local/lib/python3.12/site-packages/airflow/example_dags/example_branch_labels.py for tasks to queue
[2024-09-28T04:07:25.230+0000] {logging_mixin.py:190} INFO - [2024-09-28T04:07:25.230+0000] {dagbag.py:588} INFO - Filling up the DagBag from /home/airflow/.local/lib/python3.12/site-packages/airflow/example_dags/example_branch_labels.py
[2024-09-28T04:07:25.239+0000] {processor.py:925} INFO - DAG(s) 'example_branch_labels' retrieved from /home/airflow/.local/lib/python3.12/site-packages/airflow/example_dags/example_branch_labels.py
[2024-09-28T04:07:25.259+0000] {logging_mixin.py:190} INFO - [2024-09-28T04:07:25.258+0000] {dag.py:3239} INFO - Sync 1 DAGs
[2024-09-28T04:07:25.292+0000] {logging_mixin.py:190} INFO - [2024-09-28T04:07:25.292+0000] {dag.py:4180} INFO - Setting next_dagrun for example_branch_labels to 2024-09-27 00:00:00+00:00, run_after=2024-09-28 00:00:00+00:00
[2024-09-28T04:07:25.329+0000] {processor.py:208} INFO - Processing /home/airflow/.local/lib/python3.12/site-packages/airflow/example_dags/example_branch_labels.py took 0.106 seconds
[2024-09-28T04:07:55.653+0000] {processor.py:186} INFO - Started process (PID=394) to work on /home/airflow/.local/lib/python3.12/site-packages/airflow/example_dags/example_branch_labels.py
[2024-09-28T04:07:55.654+0000] {processor.py:914} INFO - Processing file /home/airflow/.local/lib/python3.12/site-packages/airflow/example_dags/example_branch_labels.py for tasks to queue
[2024-09-28T04:07:55.657+0000] {logging_mixin.py:190} INFO - [2024-09-28T04:07:55.656+0000] {dagbag.py:588} INFO - Filling up the DagBag from /home/airflow/.local/lib/python3.12/site-packages/airflow/example_dags/example_branch_labels.py
[2024-09-28T04:07:55.665+0000] {processor.py:925} INFO - DAG(s) 'example_branch_labels' retrieved from /home/airflow/.local/lib/python3.12/site-packages/airflow/example_dags/example_branch_labels.py
[2024-09-28T04:07:55.684+0000] {logging_mixin.py:190} INFO - [2024-09-28T04:07:55.683+0000] {dag.py:3239} INFO - Sync 1 DAGs
[2024-09-28T04:07:55.708+0000] {logging_mixin.py:190} INFO - [2024-09-28T04:07:55.708+0000] {dag.py:4180} INFO - Setting next_dagrun for example_branch_labels to 2024-09-27 00:00:00+00:00, run_after=2024-09-28 00:00:00+00:00
[2024-09-28T04:07:55.734+0000] {processor.py:208} INFO - Processing /home/airflow/.local/lib/python3.12/site-packages/airflow/example_dags/example_branch_labels.py took 0.086 seconds
