[2024-09-28T02:19:00.888+0000] {processor.py:186} INFO - Started process (PID=85) to work on /home/airflow/.local/lib/python3.12/site-packages/airflow/example_dags/example_branch_operator_decorator.py
[2024-09-28T02:19:00.890+0000] {processor.py:914} INFO - Processing file /home/airflow/.local/lib/python3.12/site-packages/airflow/example_dags/example_branch_operator_decorator.py for tasks to queue
[2024-09-28T02:19:00.894+0000] {logging_mixin.py:190} INFO - [2024-09-28T02:19:00.893+0000] {dagbag.py:588} INFO - Filling up the DagBag from /home/airflow/.local/lib/python3.12/site-packages/airflow/example_dags/example_branch_operator_decorator.py
[2024-09-28T02:19:00.936+0000] {processor.py:925} INFO - DAG(s) 'example_branch_python_operator_decorator' retrieved from /home/airflow/.local/lib/python3.12/site-packages/airflow/example_dags/example_branch_operator_decorator.py
[2024-09-28T02:19:01.148+0000] {logging_mixin.py:190} INFO - [2024-09-28T02:19:01.148+0000] {dag.py:3239} INFO - Sync 1 DAGs
[2024-09-28T02:19:01.186+0000] {logging_mixin.py:190} INFO - [2024-09-28T02:19:01.186+0000] {dag.py:4180} INFO - Setting next_dagrun for example_branch_python_operator_decorator to 2024-09-27 00:00:00+00:00, run_after=2024-09-28 00:00:00+00:00
[2024-09-28T02:19:01.218+0000] {processor.py:208} INFO - Processing /home/airflow/.local/lib/python3.12/site-packages/airflow/example_dags/example_branch_operator_decorator.py took 0.339 seconds
[2024-09-28T02:19:31.743+0000] {processor.py:186} INFO - Started process (PID=148) to work on /home/airflow/.local/lib/python3.12/site-packages/airflow/example_dags/example_branch_operator_decorator.py
[2024-09-28T02:19:31.745+0000] {processor.py:914} INFO - Processing file /home/airflow/.local/lib/python3.12/site-packages/airflow/example_dags/example_branch_operator_decorator.py for tasks to queue
[2024-09-28T02:19:31.749+0000] {logging_mixin.py:190} INFO - [2024-09-28T02:19:31.748+0000] {dagbag.py:588} INFO - Filling up the DagBag from /home/airflow/.local/lib/python3.12/site-packages/airflow/example_dags/example_branch_operator_decorator.py
[2024-09-28T02:19:31.780+0000] {processor.py:925} INFO - DAG(s) 'example_branch_python_operator_decorator' retrieved from /home/airflow/.local/lib/python3.12/site-packages/airflow/example_dags/example_branch_operator_decorator.py
[2024-09-28T02:19:31.827+0000] {logging_mixin.py:190} INFO - [2024-09-28T02:19:31.826+0000] {dag.py:3239} INFO - Sync 1 DAGs
[2024-09-28T02:19:31.866+0000] {logging_mixin.py:190} INFO - [2024-09-28T02:19:31.866+0000] {dag.py:4180} INFO - Setting next_dagrun for example_branch_python_operator_decorator to 2024-09-27 00:00:00+00:00, run_after=2024-09-28 00:00:00+00:00
[2024-09-28T02:19:31.897+0000] {processor.py:208} INFO - Processing /home/airflow/.local/lib/python3.12/site-packages/airflow/example_dags/example_branch_operator_decorator.py took 0.160 seconds
[2024-09-28T02:20:02.782+0000] {processor.py:186} INFO - Started process (PID=211) to work on /home/airflow/.local/lib/python3.12/site-packages/airflow/example_dags/example_branch_operator_decorator.py
[2024-09-28T02:20:02.784+0000] {processor.py:914} INFO - Processing file /home/airflow/.local/lib/python3.12/site-packages/airflow/example_dags/example_branch_operator_decorator.py for tasks to queue
[2024-09-28T02:20:02.786+0000] {logging_mixin.py:190} INFO - [2024-09-28T02:20:02.785+0000] {dagbag.py:588} INFO - Filling up the DagBag from /home/airflow/.local/lib/python3.12/site-packages/airflow/example_dags/example_branch_operator_decorator.py
[2024-09-28T02:20:02.804+0000] {processor.py:925} INFO - DAG(s) 'example_branch_python_operator_decorator' retrieved from /home/airflow/.local/lib/python3.12/site-packages/airflow/example_dags/example_branch_operator_decorator.py
[2024-09-28T02:20:02.831+0000] {logging_mixin.py:190} INFO - [2024-09-28T02:20:02.831+0000] {dag.py:3239} INFO - Sync 1 DAGs
[2024-09-28T02:20:02.855+0000] {logging_mixin.py:190} INFO - [2024-09-28T02:20:02.854+0000] {dag.py:4180} INFO - Setting next_dagrun for example_branch_python_operator_decorator to 2024-09-27 00:00:00+00:00, run_after=2024-09-28 00:00:00+00:00
[2024-09-28T02:20:02.879+0000] {processor.py:208} INFO - Processing /home/airflow/.local/lib/python3.12/site-packages/airflow/example_dags/example_branch_operator_decorator.py took 0.101 seconds
[2024-09-28T02:20:33.260+0000] {processor.py:186} INFO - Started process (PID=274) to work on /home/airflow/.local/lib/python3.12/site-packages/airflow/example_dags/example_branch_operator_decorator.py
[2024-09-28T02:20:33.261+0000] {processor.py:914} INFO - Processing file /home/airflow/.local/lib/python3.12/site-packages/airflow/example_dags/example_branch_operator_decorator.py for tasks to queue
[2024-09-28T02:20:33.264+0000] {logging_mixin.py:190} INFO - [2024-09-28T02:20:33.263+0000] {dagbag.py:588} INFO - Filling up the DagBag from /home/airflow/.local/lib/python3.12/site-packages/airflow/example_dags/example_branch_operator_decorator.py
[2024-09-28T02:20:33.288+0000] {processor.py:925} INFO - DAG(s) 'example_branch_python_operator_decorator' retrieved from /home/airflow/.local/lib/python3.12/site-packages/airflow/example_dags/example_branch_operator_decorator.py
[2024-09-28T02:20:33.321+0000] {logging_mixin.py:190} INFO - [2024-09-28T02:20:33.321+0000] {dag.py:3239} INFO - Sync 1 DAGs
[2024-09-28T02:20:33.348+0000] {logging_mixin.py:190} INFO - [2024-09-28T02:20:33.348+0000] {dag.py:4180} INFO - Setting next_dagrun for example_branch_python_operator_decorator to 2024-09-27 00:00:00+00:00, run_after=2024-09-28 00:00:00+00:00
[2024-09-28T02:20:33.375+0000] {processor.py:208} INFO - Processing /home/airflow/.local/lib/python3.12/site-packages/airflow/example_dags/example_branch_operator_decorator.py took 0.121 seconds
[2024-09-28T02:21:03.834+0000] {processor.py:186} INFO - Started process (PID=337) to work on /home/airflow/.local/lib/python3.12/site-packages/airflow/example_dags/example_branch_operator_decorator.py
[2024-09-28T02:21:03.838+0000] {processor.py:914} INFO - Processing file /home/airflow/.local/lib/python3.12/site-packages/airflow/example_dags/example_branch_operator_decorator.py for tasks to queue
[2024-09-28T02:21:03.841+0000] {logging_mixin.py:190} INFO - [2024-09-28T02:21:03.841+0000] {dagbag.py:588} INFO - Filling up the DagBag from /home/airflow/.local/lib/python3.12/site-packages/airflow/example_dags/example_branch_operator_decorator.py
[2024-09-28T02:21:03.872+0000] {processor.py:925} INFO - DAG(s) 'example_branch_python_operator_decorator' retrieved from /home/airflow/.local/lib/python3.12/site-packages/airflow/example_dags/example_branch_operator_decorator.py
[2024-09-28T02:21:03.919+0000] {logging_mixin.py:190} INFO - [2024-09-28T02:21:03.919+0000] {dag.py:3239} INFO - Sync 1 DAGs
[2024-09-28T02:21:03.960+0000] {logging_mixin.py:190} INFO - [2024-09-28T02:21:03.960+0000] {dag.py:4180} INFO - Setting next_dagrun for example_branch_python_operator_decorator to 2024-09-27 00:00:00+00:00, run_after=2024-09-28 00:00:00+00:00
[2024-09-28T02:21:03.996+0000] {processor.py:208} INFO - Processing /home/airflow/.local/lib/python3.12/site-packages/airflow/example_dags/example_branch_operator_decorator.py took 0.168 seconds
[2024-09-28T02:21:34.990+0000] {processor.py:186} INFO - Started process (PID=400) to work on /home/airflow/.local/lib/python3.12/site-packages/airflow/example_dags/example_branch_operator_decorator.py
[2024-09-28T02:21:34.992+0000] {processor.py:914} INFO - Processing file /home/airflow/.local/lib/python3.12/site-packages/airflow/example_dags/example_branch_operator_decorator.py for tasks to queue
[2024-09-28T02:21:34.995+0000] {logging_mixin.py:190} INFO - [2024-09-28T02:21:34.995+0000] {dagbag.py:588} INFO - Filling up the DagBag from /home/airflow/.local/lib/python3.12/site-packages/airflow/example_dags/example_branch_operator_decorator.py
[2024-09-28T02:21:35.025+0000] {processor.py:925} INFO - DAG(s) 'example_branch_python_operator_decorator' retrieved from /home/airflow/.local/lib/python3.12/site-packages/airflow/example_dags/example_branch_operator_decorator.py
[2024-09-28T02:21:35.068+0000] {logging_mixin.py:190} INFO - [2024-09-28T02:21:35.068+0000] {dag.py:3239} INFO - Sync 1 DAGs
[2024-09-28T02:21:35.100+0000] {logging_mixin.py:190} INFO - [2024-09-28T02:21:35.100+0000] {dag.py:4180} INFO - Setting next_dagrun for example_branch_python_operator_decorator to 2024-09-27 00:00:00+00:00, run_after=2024-09-28 00:00:00+00:00
[2024-09-28T02:21:35.130+0000] {processor.py:208} INFO - Processing /home/airflow/.local/lib/python3.12/site-packages/airflow/example_dags/example_branch_operator_decorator.py took 0.147 seconds
[2024-09-28T02:22:05.802+0000] {processor.py:186} INFO - Started process (PID=463) to work on /home/airflow/.local/lib/python3.12/site-packages/airflow/example_dags/example_branch_operator_decorator.py
[2024-09-28T02:22:05.803+0000] {processor.py:914} INFO - Processing file /home/airflow/.local/lib/python3.12/site-packages/airflow/example_dags/example_branch_operator_decorator.py for tasks to queue
[2024-09-28T02:22:05.805+0000] {logging_mixin.py:190} INFO - [2024-09-28T02:22:05.804+0000] {dagbag.py:588} INFO - Filling up the DagBag from /home/airflow/.local/lib/python3.12/site-packages/airflow/example_dags/example_branch_operator_decorator.py
[2024-09-28T02:22:05.822+0000] {processor.py:925} INFO - DAG(s) 'example_branch_python_operator_decorator' retrieved from /home/airflow/.local/lib/python3.12/site-packages/airflow/example_dags/example_branch_operator_decorator.py
[2024-09-28T02:22:05.848+0000] {logging_mixin.py:190} INFO - [2024-09-28T02:22:05.848+0000] {dag.py:3239} INFO - Sync 1 DAGs
[2024-09-28T02:22:05.870+0000] {logging_mixin.py:190} INFO - [2024-09-28T02:22:05.870+0000] {dag.py:4180} INFO - Setting next_dagrun for example_branch_python_operator_decorator to 2024-09-27 00:00:00+00:00, run_after=2024-09-28 00:00:00+00:00
[2024-09-28T02:22:05.892+0000] {processor.py:208} INFO - Processing /home/airflow/.local/lib/python3.12/site-packages/airflow/example_dags/example_branch_operator_decorator.py took 0.095 seconds
[2024-09-28T02:22:36.137+0000] {processor.py:186} INFO - Started process (PID=526) to work on /home/airflow/.local/lib/python3.12/site-packages/airflow/example_dags/example_branch_operator_decorator.py
[2024-09-28T02:22:36.139+0000] {processor.py:914} INFO - Processing file /home/airflow/.local/lib/python3.12/site-packages/airflow/example_dags/example_branch_operator_decorator.py for tasks to queue
[2024-09-28T02:22:36.141+0000] {logging_mixin.py:190} INFO - [2024-09-28T02:22:36.141+0000] {dagbag.py:588} INFO - Filling up the DagBag from /home/airflow/.local/lib/python3.12/site-packages/airflow/example_dags/example_branch_operator_decorator.py
[2024-09-28T02:22:36.160+0000] {processor.py:925} INFO - DAG(s) 'example_branch_python_operator_decorator' retrieved from /home/airflow/.local/lib/python3.12/site-packages/airflow/example_dags/example_branch_operator_decorator.py
[2024-09-28T02:22:36.188+0000] {logging_mixin.py:190} INFO - [2024-09-28T02:22:36.187+0000] {dag.py:3239} INFO - Sync 1 DAGs
[2024-09-28T02:22:36.212+0000] {logging_mixin.py:190} INFO - [2024-09-28T02:22:36.212+0000] {dag.py:4180} INFO - Setting next_dagrun for example_branch_python_operator_decorator to 2024-09-27 00:00:00+00:00, run_after=2024-09-28 00:00:00+00:00
[2024-09-28T02:22:36.237+0000] {processor.py:208} INFO - Processing /home/airflow/.local/lib/python3.12/site-packages/airflow/example_dags/example_branch_operator_decorator.py took 0.105 seconds
[2024-09-28T02:23:07.107+0000] {processor.py:186} INFO - Started process (PID=590) to work on /home/airflow/.local/lib/python3.12/site-packages/airflow/example_dags/example_branch_operator_decorator.py
[2024-09-28T02:23:07.108+0000] {processor.py:914} INFO - Processing file /home/airflow/.local/lib/python3.12/site-packages/airflow/example_dags/example_branch_operator_decorator.py for tasks to queue
[2024-09-28T02:23:07.110+0000] {logging_mixin.py:190} INFO - [2024-09-28T02:23:07.110+0000] {dagbag.py:588} INFO - Filling up the DagBag from /home/airflow/.local/lib/python3.12/site-packages/airflow/example_dags/example_branch_operator_decorator.py
[2024-09-28T02:23:07.128+0000] {processor.py:925} INFO - DAG(s) 'example_branch_python_operator_decorator' retrieved from /home/airflow/.local/lib/python3.12/site-packages/airflow/example_dags/example_branch_operator_decorator.py
[2024-09-28T02:23:07.156+0000] {logging_mixin.py:190} INFO - [2024-09-28T02:23:07.155+0000] {dag.py:3239} INFO - Sync 1 DAGs
[2024-09-28T02:23:07.179+0000] {logging_mixin.py:190} INFO - [2024-09-28T02:23:07.178+0000] {dag.py:4180} INFO - Setting next_dagrun for example_branch_python_operator_decorator to 2024-09-27 00:00:00+00:00, run_after=2024-09-28 00:00:00+00:00
[2024-09-28T02:23:07.201+0000] {processor.py:208} INFO - Processing /home/airflow/.local/lib/python3.12/site-packages/airflow/example_dags/example_branch_operator_decorator.py took 0.099 seconds
[2024-09-28T02:23:37.418+0000] {processor.py:186} INFO - Started process (PID=653) to work on /home/airflow/.local/lib/python3.12/site-packages/airflow/example_dags/example_branch_operator_decorator.py
[2024-09-28T02:23:37.419+0000] {processor.py:914} INFO - Processing file /home/airflow/.local/lib/python3.12/site-packages/airflow/example_dags/example_branch_operator_decorator.py for tasks to queue
[2024-09-28T02:23:37.421+0000] {logging_mixin.py:190} INFO - [2024-09-28T02:23:37.421+0000] {dagbag.py:588} INFO - Filling up the DagBag from /home/airflow/.local/lib/python3.12/site-packages/airflow/example_dags/example_branch_operator_decorator.py
[2024-09-28T02:23:37.439+0000] {processor.py:925} INFO - DAG(s) 'example_branch_python_operator_decorator' retrieved from /home/airflow/.local/lib/python3.12/site-packages/airflow/example_dags/example_branch_operator_decorator.py
[2024-09-28T02:23:37.465+0000] {logging_mixin.py:190} INFO - [2024-09-28T02:23:37.465+0000] {dag.py:3239} INFO - Sync 1 DAGs
[2024-09-28T02:23:37.490+0000] {logging_mixin.py:190} INFO - [2024-09-28T02:23:37.490+0000] {dag.py:4180} INFO - Setting next_dagrun for example_branch_python_operator_decorator to 2024-09-27 00:00:00+00:00, run_after=2024-09-28 00:00:00+00:00
[2024-09-28T02:23:37.516+0000] {processor.py:208} INFO - Processing /home/airflow/.local/lib/python3.12/site-packages/airflow/example_dags/example_branch_operator_decorator.py took 0.103 seconds
[2024-09-28T02:24:08.353+0000] {processor.py:186} INFO - Started process (PID=716) to work on /home/airflow/.local/lib/python3.12/site-packages/airflow/example_dags/example_branch_operator_decorator.py
[2024-09-28T02:24:08.355+0000] {processor.py:914} INFO - Processing file /home/airflow/.local/lib/python3.12/site-packages/airflow/example_dags/example_branch_operator_decorator.py for tasks to queue
[2024-09-28T02:24:08.358+0000] {logging_mixin.py:190} INFO - [2024-09-28T02:24:08.357+0000] {dagbag.py:588} INFO - Filling up the DagBag from /home/airflow/.local/lib/python3.12/site-packages/airflow/example_dags/example_branch_operator_decorator.py
[2024-09-28T02:24:08.383+0000] {processor.py:925} INFO - DAG(s) 'example_branch_python_operator_decorator' retrieved from /home/airflow/.local/lib/python3.12/site-packages/airflow/example_dags/example_branch_operator_decorator.py
[2024-09-28T02:24:08.426+0000] {logging_mixin.py:190} INFO - [2024-09-28T02:24:08.426+0000] {dag.py:3239} INFO - Sync 1 DAGs
[2024-09-28T02:24:08.458+0000] {logging_mixin.py:190} INFO - [2024-09-28T02:24:08.458+0000] {dag.py:4180} INFO - Setting next_dagrun for example_branch_python_operator_decorator to 2024-09-27 00:00:00+00:00, run_after=2024-09-28 00:00:00+00:00
[2024-09-28T02:24:08.488+0000] {processor.py:208} INFO - Processing /home/airflow/.local/lib/python3.12/site-packages/airflow/example_dags/example_branch_operator_decorator.py took 0.140 seconds
[2024-09-28T02:24:39.042+0000] {processor.py:186} INFO - Started process (PID=779) to work on /home/airflow/.local/lib/python3.12/site-packages/airflow/example_dags/example_branch_operator_decorator.py
[2024-09-28T02:24:39.043+0000] {processor.py:914} INFO - Processing file /home/airflow/.local/lib/python3.12/site-packages/airflow/example_dags/example_branch_operator_decorator.py for tasks to queue
[2024-09-28T02:24:39.046+0000] {logging_mixin.py:190} INFO - [2024-09-28T02:24:39.045+0000] {dagbag.py:588} INFO - Filling up the DagBag from /home/airflow/.local/lib/python3.12/site-packages/airflow/example_dags/example_branch_operator_decorator.py
[2024-09-28T02:24:39.068+0000] {processor.py:925} INFO - DAG(s) 'example_branch_python_operator_decorator' retrieved from /home/airflow/.local/lib/python3.12/site-packages/airflow/example_dags/example_branch_operator_decorator.py
[2024-09-28T02:24:39.099+0000] {logging_mixin.py:190} INFO - [2024-09-28T02:24:39.099+0000] {dag.py:3239} INFO - Sync 1 DAGs
[2024-09-28T02:24:39.126+0000] {logging_mixin.py:190} INFO - [2024-09-28T02:24:39.126+0000] {dag.py:4180} INFO - Setting next_dagrun for example_branch_python_operator_decorator to 2024-09-27 00:00:00+00:00, run_after=2024-09-28 00:00:00+00:00
[2024-09-28T02:24:39.150+0000] {processor.py:208} INFO - Processing /home/airflow/.local/lib/python3.12/site-packages/airflow/example_dags/example_branch_operator_decorator.py took 0.114 seconds
[2024-09-28T02:25:09.607+0000] {processor.py:186} INFO - Started process (PID=842) to work on /home/airflow/.local/lib/python3.12/site-packages/airflow/example_dags/example_branch_operator_decorator.py
[2024-09-28T02:25:09.609+0000] {processor.py:914} INFO - Processing file /home/airflow/.local/lib/python3.12/site-packages/airflow/example_dags/example_branch_operator_decorator.py for tasks to queue
[2024-09-28T02:25:09.611+0000] {logging_mixin.py:190} INFO - [2024-09-28T02:25:09.611+0000] {dagbag.py:588} INFO - Filling up the DagBag from /home/airflow/.local/lib/python3.12/site-packages/airflow/example_dags/example_branch_operator_decorator.py
[2024-09-28T02:25:09.631+0000] {processor.py:925} INFO - DAG(s) 'example_branch_python_operator_decorator' retrieved from /home/airflow/.local/lib/python3.12/site-packages/airflow/example_dags/example_branch_operator_decorator.py
[2024-09-28T02:25:09.658+0000] {logging_mixin.py:190} INFO - [2024-09-28T02:25:09.658+0000] {dag.py:3239} INFO - Sync 1 DAGs
[2024-09-28T02:25:09.682+0000] {logging_mixin.py:190} INFO - [2024-09-28T02:25:09.681+0000] {dag.py:4180} INFO - Setting next_dagrun for example_branch_python_operator_decorator to 2024-09-27 00:00:00+00:00, run_after=2024-09-28 00:00:00+00:00
[2024-09-28T02:25:09.706+0000] {processor.py:208} INFO - Processing /home/airflow/.local/lib/python3.12/site-packages/airflow/example_dags/example_branch_operator_decorator.py took 0.104 seconds
[2024-09-28T02:25:39.913+0000] {processor.py:186} INFO - Started process (PID=905) to work on /home/airflow/.local/lib/python3.12/site-packages/airflow/example_dags/example_branch_operator_decorator.py
[2024-09-28T02:25:39.914+0000] {processor.py:914} INFO - Processing file /home/airflow/.local/lib/python3.12/site-packages/airflow/example_dags/example_branch_operator_decorator.py for tasks to queue
[2024-09-28T02:25:39.917+0000] {logging_mixin.py:190} INFO - [2024-09-28T02:25:39.916+0000] {dagbag.py:588} INFO - Filling up the DagBag from /home/airflow/.local/lib/python3.12/site-packages/airflow/example_dags/example_branch_operator_decorator.py
[2024-09-28T02:25:39.936+0000] {processor.py:925} INFO - DAG(s) 'example_branch_python_operator_decorator' retrieved from /home/airflow/.local/lib/python3.12/site-packages/airflow/example_dags/example_branch_operator_decorator.py
[2024-09-28T02:25:39.962+0000] {logging_mixin.py:190} INFO - [2024-09-28T02:25:39.962+0000] {dag.py:3239} INFO - Sync 1 DAGs
[2024-09-28T02:25:39.989+0000] {logging_mixin.py:190} INFO - [2024-09-28T02:25:39.989+0000] {dag.py:4180} INFO - Setting next_dagrun for example_branch_python_operator_decorator to 2024-09-27 00:00:00+00:00, run_after=2024-09-28 00:00:00+00:00
[2024-09-28T02:25:40.013+0000] {processor.py:208} INFO - Processing /home/airflow/.local/lib/python3.12/site-packages/airflow/example_dags/example_branch_operator_decorator.py took 0.105 seconds
[2024-09-28T02:26:10.292+0000] {processor.py:186} INFO - Started process (PID=968) to work on /home/airflow/.local/lib/python3.12/site-packages/airflow/example_dags/example_branch_operator_decorator.py
[2024-09-28T02:26:10.293+0000] {processor.py:914} INFO - Processing file /home/airflow/.local/lib/python3.12/site-packages/airflow/example_dags/example_branch_operator_decorator.py for tasks to queue
[2024-09-28T02:26:10.296+0000] {logging_mixin.py:190} INFO - [2024-09-28T02:26:10.295+0000] {dagbag.py:588} INFO - Filling up the DagBag from /home/airflow/.local/lib/python3.12/site-packages/airflow/example_dags/example_branch_operator_decorator.py
[2024-09-28T02:26:10.321+0000] {processor.py:925} INFO - DAG(s) 'example_branch_python_operator_decorator' retrieved from /home/airflow/.local/lib/python3.12/site-packages/airflow/example_dags/example_branch_operator_decorator.py
[2024-09-28T02:26:10.350+0000] {logging_mixin.py:190} INFO - [2024-09-28T02:26:10.349+0000] {dag.py:3239} INFO - Sync 1 DAGs
[2024-09-28T02:26:10.374+0000] {logging_mixin.py:190} INFO - [2024-09-28T02:26:10.374+0000] {dag.py:4180} INFO - Setting next_dagrun for example_branch_python_operator_decorator to 2024-09-27 00:00:00+00:00, run_after=2024-09-28 00:00:00+00:00
[2024-09-28T02:26:10.398+0000] {processor.py:208} INFO - Processing /home/airflow/.local/lib/python3.12/site-packages/airflow/example_dags/example_branch_operator_decorator.py took 0.111 seconds
[2024-09-28T02:46:04.747+0000] {processor.py:186} INFO - Started process (PID=84) to work on /home/airflow/.local/lib/python3.12/site-packages/airflow/example_dags/example_branch_operator_decorator.py
[2024-09-28T02:46:04.749+0000] {processor.py:914} INFO - Processing file /home/airflow/.local/lib/python3.12/site-packages/airflow/example_dags/example_branch_operator_decorator.py for tasks to queue
[2024-09-28T02:46:04.753+0000] {logging_mixin.py:190} INFO - [2024-09-28T02:46:04.752+0000] {dagbag.py:588} INFO - Filling up the DagBag from /home/airflow/.local/lib/python3.12/site-packages/airflow/example_dags/example_branch_operator_decorator.py
[2024-09-28T02:46:04.782+0000] {processor.py:925} INFO - DAG(s) 'example_branch_python_operator_decorator' retrieved from /home/airflow/.local/lib/python3.12/site-packages/airflow/example_dags/example_branch_operator_decorator.py
[2024-09-28T02:46:04.936+0000] {logging_mixin.py:190} INFO - [2024-09-28T02:46:04.936+0000] {dag.py:3239} INFO - Sync 1 DAGs
[2024-09-28T02:46:04.966+0000] {logging_mixin.py:190} INFO - [2024-09-28T02:46:04.965+0000] {dag.py:4180} INFO - Setting next_dagrun for example_branch_python_operator_decorator to 2024-09-27 00:00:00+00:00, run_after=2024-09-28 00:00:00+00:00
[2024-09-28T02:46:05.001+0000] {processor.py:208} INFO - Processing /home/airflow/.local/lib/python3.12/site-packages/airflow/example_dags/example_branch_operator_decorator.py took 0.260 seconds
[2024-09-28T02:46:36.636+0000] {processor.py:186} INFO - Started process (PID=147) to work on /home/airflow/.local/lib/python3.12/site-packages/airflow/example_dags/example_branch_operator_decorator.py
[2024-09-28T02:46:36.638+0000] {processor.py:914} INFO - Processing file /home/airflow/.local/lib/python3.12/site-packages/airflow/example_dags/example_branch_operator_decorator.py for tasks to queue
[2024-09-28T02:46:36.641+0000] {logging_mixin.py:190} INFO - [2024-09-28T02:46:36.640+0000] {dagbag.py:588} INFO - Filling up the DagBag from /home/airflow/.local/lib/python3.12/site-packages/airflow/example_dags/example_branch_operator_decorator.py
[2024-09-28T02:46:36.672+0000] {processor.py:925} INFO - DAG(s) 'example_branch_python_operator_decorator' retrieved from /home/airflow/.local/lib/python3.12/site-packages/airflow/example_dags/example_branch_operator_decorator.py
[2024-09-28T02:46:36.708+0000] {logging_mixin.py:190} INFO - [2024-09-28T02:46:36.708+0000] {dag.py:3239} INFO - Sync 1 DAGs
[2024-09-28T02:46:36.742+0000] {logging_mixin.py:190} INFO - [2024-09-28T02:46:36.741+0000] {dag.py:4180} INFO - Setting next_dagrun for example_branch_python_operator_decorator to 2024-09-27 00:00:00+00:00, run_after=2024-09-28 00:00:00+00:00
[2024-09-28T02:46:36.770+0000] {processor.py:208} INFO - Processing /home/airflow/.local/lib/python3.12/site-packages/airflow/example_dags/example_branch_operator_decorator.py took 0.141 seconds
[2024-09-28T02:47:08.661+0000] {processor.py:186} INFO - Started process (PID=210) to work on /home/airflow/.local/lib/python3.12/site-packages/airflow/example_dags/example_branch_operator_decorator.py
[2024-09-28T02:47:08.662+0000] {processor.py:914} INFO - Processing file /home/airflow/.local/lib/python3.12/site-packages/airflow/example_dags/example_branch_operator_decorator.py for tasks to queue
[2024-09-28T02:47:08.665+0000] {logging_mixin.py:190} INFO - [2024-09-28T02:47:08.664+0000] {dagbag.py:588} INFO - Filling up the DagBag from /home/airflow/.local/lib/python3.12/site-packages/airflow/example_dags/example_branch_operator_decorator.py
[2024-09-28T02:47:08.692+0000] {processor.py:925} INFO - DAG(s) 'example_branch_python_operator_decorator' retrieved from /home/airflow/.local/lib/python3.12/site-packages/airflow/example_dags/example_branch_operator_decorator.py
[2024-09-28T02:47:08.731+0000] {logging_mixin.py:190} INFO - [2024-09-28T02:47:08.730+0000] {dag.py:3239} INFO - Sync 1 DAGs
[2024-09-28T02:47:08.761+0000] {logging_mixin.py:190} INFO - [2024-09-28T02:47:08.761+0000] {dag.py:4180} INFO - Setting next_dagrun for example_branch_python_operator_decorator to 2024-09-27 00:00:00+00:00, run_after=2024-09-28 00:00:00+00:00
[2024-09-28T02:47:08.792+0000] {processor.py:208} INFO - Processing /home/airflow/.local/lib/python3.12/site-packages/airflow/example_dags/example_branch_operator_decorator.py took 0.136 seconds
[2024-09-28T02:47:39.133+0000] {processor.py:186} INFO - Started process (PID=274) to work on /home/airflow/.local/lib/python3.12/site-packages/airflow/example_dags/example_branch_operator_decorator.py
[2024-09-28T02:47:39.134+0000] {processor.py:914} INFO - Processing file /home/airflow/.local/lib/python3.12/site-packages/airflow/example_dags/example_branch_operator_decorator.py for tasks to queue
[2024-09-28T02:47:39.137+0000] {logging_mixin.py:190} INFO - [2024-09-28T02:47:39.137+0000] {dagbag.py:588} INFO - Filling up the DagBag from /home/airflow/.local/lib/python3.12/site-packages/airflow/example_dags/example_branch_operator_decorator.py
[2024-09-28T02:47:39.159+0000] {processor.py:925} INFO - DAG(s) 'example_branch_python_operator_decorator' retrieved from /home/airflow/.local/lib/python3.12/site-packages/airflow/example_dags/example_branch_operator_decorator.py
[2024-09-28T02:47:39.187+0000] {logging_mixin.py:190} INFO - [2024-09-28T02:47:39.187+0000] {dag.py:3239} INFO - Sync 1 DAGs
[2024-09-28T02:47:39.213+0000] {logging_mixin.py:190} INFO - [2024-09-28T02:47:39.212+0000] {dag.py:4180} INFO - Setting next_dagrun for example_branch_python_operator_decorator to 2024-09-27 00:00:00+00:00, run_after=2024-09-28 00:00:00+00:00
[2024-09-28T02:47:39.236+0000] {processor.py:208} INFO - Processing /home/airflow/.local/lib/python3.12/site-packages/airflow/example_dags/example_branch_operator_decorator.py took 0.108 seconds
[2024-09-28T02:48:11.039+0000] {processor.py:186} INFO - Started process (PID=337) to work on /home/airflow/.local/lib/python3.12/site-packages/airflow/example_dags/example_branch_operator_decorator.py
[2024-09-28T02:48:11.041+0000] {processor.py:914} INFO - Processing file /home/airflow/.local/lib/python3.12/site-packages/airflow/example_dags/example_branch_operator_decorator.py for tasks to queue
[2024-09-28T02:48:11.043+0000] {logging_mixin.py:190} INFO - [2024-09-28T02:48:11.043+0000] {dagbag.py:588} INFO - Filling up the DagBag from /home/airflow/.local/lib/python3.12/site-packages/airflow/example_dags/example_branch_operator_decorator.py
[2024-09-28T02:48:11.078+0000] {processor.py:925} INFO - DAG(s) 'example_branch_python_operator_decorator' retrieved from /home/airflow/.local/lib/python3.12/site-packages/airflow/example_dags/example_branch_operator_decorator.py
[2024-09-28T02:48:11.123+0000] {logging_mixin.py:190} INFO - [2024-09-28T02:48:11.122+0000] {dag.py:3239} INFO - Sync 1 DAGs
[2024-09-28T02:48:11.159+0000] {logging_mixin.py:190} INFO - [2024-09-28T02:48:11.159+0000] {dag.py:4180} INFO - Setting next_dagrun for example_branch_python_operator_decorator to 2024-09-27 00:00:00+00:00, run_after=2024-09-28 00:00:00+00:00
[2024-09-28T02:48:11.200+0000] {processor.py:208} INFO - Processing /home/airflow/.local/lib/python3.12/site-packages/airflow/example_dags/example_branch_operator_decorator.py took 0.167 seconds
[2024-09-28T02:48:42.114+0000] {processor.py:186} INFO - Started process (PID=400) to work on /home/airflow/.local/lib/python3.12/site-packages/airflow/example_dags/example_branch_operator_decorator.py
[2024-09-28T02:48:42.116+0000] {processor.py:914} INFO - Processing file /home/airflow/.local/lib/python3.12/site-packages/airflow/example_dags/example_branch_operator_decorator.py for tasks to queue
[2024-09-28T02:48:42.118+0000] {logging_mixin.py:190} INFO - [2024-09-28T02:48:42.118+0000] {dagbag.py:588} INFO - Filling up the DagBag from /home/airflow/.local/lib/python3.12/site-packages/airflow/example_dags/example_branch_operator_decorator.py
[2024-09-28T02:48:42.138+0000] {processor.py:925} INFO - DAG(s) 'example_branch_python_operator_decorator' retrieved from /home/airflow/.local/lib/python3.12/site-packages/airflow/example_dags/example_branch_operator_decorator.py
[2024-09-28T02:48:42.167+0000] {logging_mixin.py:190} INFO - [2024-09-28T02:48:42.166+0000] {dag.py:3239} INFO - Sync 1 DAGs
[2024-09-28T02:48:42.191+0000] {logging_mixin.py:190} INFO - [2024-09-28T02:48:42.191+0000] {dag.py:4180} INFO - Setting next_dagrun for example_branch_python_operator_decorator to 2024-09-27 00:00:00+00:00, run_after=2024-09-28 00:00:00+00:00
[2024-09-28T02:48:42.219+0000] {processor.py:208} INFO - Processing /home/airflow/.local/lib/python3.12/site-packages/airflow/example_dags/example_branch_operator_decorator.py took 0.110 seconds
[2024-09-28T02:49:12.593+0000] {processor.py:186} INFO - Started process (PID=463) to work on /home/airflow/.local/lib/python3.12/site-packages/airflow/example_dags/example_branch_operator_decorator.py
[2024-09-28T02:49:12.594+0000] {processor.py:914} INFO - Processing file /home/airflow/.local/lib/python3.12/site-packages/airflow/example_dags/example_branch_operator_decorator.py for tasks to queue
[2024-09-28T02:49:12.597+0000] {logging_mixin.py:190} INFO - [2024-09-28T02:49:12.597+0000] {dagbag.py:588} INFO - Filling up the DagBag from /home/airflow/.local/lib/python3.12/site-packages/airflow/example_dags/example_branch_operator_decorator.py
[2024-09-28T02:49:12.616+0000] {processor.py:925} INFO - DAG(s) 'example_branch_python_operator_decorator' retrieved from /home/airflow/.local/lib/python3.12/site-packages/airflow/example_dags/example_branch_operator_decorator.py
[2024-09-28T02:49:12.642+0000] {logging_mixin.py:190} INFO - [2024-09-28T02:49:12.642+0000] {dag.py:3239} INFO - Sync 1 DAGs
[2024-09-28T02:49:12.668+0000] {logging_mixin.py:190} INFO - [2024-09-28T02:49:12.668+0000] {dag.py:4180} INFO - Setting next_dagrun for example_branch_python_operator_decorator to 2024-09-27 00:00:00+00:00, run_after=2024-09-28 00:00:00+00:00
[2024-09-28T02:49:12.689+0000] {processor.py:208} INFO - Processing /home/airflow/.local/lib/python3.12/site-packages/airflow/example_dags/example_branch_operator_decorator.py took 0.100 seconds
[2024-09-28T02:49:43.109+0000] {processor.py:186} INFO - Started process (PID=526) to work on /home/airflow/.local/lib/python3.12/site-packages/airflow/example_dags/example_branch_operator_decorator.py
[2024-09-28T02:49:43.110+0000] {processor.py:914} INFO - Processing file /home/airflow/.local/lib/python3.12/site-packages/airflow/example_dags/example_branch_operator_decorator.py for tasks to queue
[2024-09-28T02:49:43.113+0000] {logging_mixin.py:190} INFO - [2024-09-28T02:49:43.112+0000] {dagbag.py:588} INFO - Filling up the DagBag from /home/airflow/.local/lib/python3.12/site-packages/airflow/example_dags/example_branch_operator_decorator.py
[2024-09-28T02:49:43.133+0000] {processor.py:925} INFO - DAG(s) 'example_branch_python_operator_decorator' retrieved from /home/airflow/.local/lib/python3.12/site-packages/airflow/example_dags/example_branch_operator_decorator.py
[2024-09-28T02:49:43.160+0000] {logging_mixin.py:190} INFO - [2024-09-28T02:49:43.159+0000] {dag.py:3239} INFO - Sync 1 DAGs
[2024-09-28T02:49:43.183+0000] {logging_mixin.py:190} INFO - [2024-09-28T02:49:43.183+0000] {dag.py:4180} INFO - Setting next_dagrun for example_branch_python_operator_decorator to 2024-09-27 00:00:00+00:00, run_after=2024-09-28 00:00:00+00:00
[2024-09-28T02:49:43.207+0000] {processor.py:208} INFO - Processing /home/airflow/.local/lib/python3.12/site-packages/airflow/example_dags/example_branch_operator_decorator.py took 0.105 seconds
[2024-09-28T02:50:13.882+0000] {processor.py:186} INFO - Started process (PID=590) to work on /home/airflow/.local/lib/python3.12/site-packages/airflow/example_dags/example_branch_operator_decorator.py
[2024-09-28T02:50:13.883+0000] {processor.py:914} INFO - Processing file /home/airflow/.local/lib/python3.12/site-packages/airflow/example_dags/example_branch_operator_decorator.py for tasks to queue
[2024-09-28T02:50:13.885+0000] {logging_mixin.py:190} INFO - [2024-09-28T02:50:13.885+0000] {dagbag.py:588} INFO - Filling up the DagBag from /home/airflow/.local/lib/python3.12/site-packages/airflow/example_dags/example_branch_operator_decorator.py
[2024-09-28T02:50:13.907+0000] {processor.py:925} INFO - DAG(s) 'example_branch_python_operator_decorator' retrieved from /home/airflow/.local/lib/python3.12/site-packages/airflow/example_dags/example_branch_operator_decorator.py
[2024-09-28T02:50:13.937+0000] {logging_mixin.py:190} INFO - [2024-09-28T02:50:13.936+0000] {dag.py:3239} INFO - Sync 1 DAGs
[2024-09-28T02:50:13.961+0000] {logging_mixin.py:190} INFO - [2024-09-28T02:50:13.960+0000] {dag.py:4180} INFO - Setting next_dagrun for example_branch_python_operator_decorator to 2024-09-27 00:00:00+00:00, run_after=2024-09-28 00:00:00+00:00
[2024-09-28T02:50:13.983+0000] {processor.py:208} INFO - Processing /home/airflow/.local/lib/python3.12/site-packages/airflow/example_dags/example_branch_operator_decorator.py took 0.106 seconds
[2024-09-28T02:50:44.487+0000] {processor.py:186} INFO - Started process (PID=653) to work on /home/airflow/.local/lib/python3.12/site-packages/airflow/example_dags/example_branch_operator_decorator.py
[2024-09-28T02:50:44.488+0000] {processor.py:914} INFO - Processing file /home/airflow/.local/lib/python3.12/site-packages/airflow/example_dags/example_branch_operator_decorator.py for tasks to queue
[2024-09-28T02:50:44.490+0000] {logging_mixin.py:190} INFO - [2024-09-28T02:50:44.490+0000] {dagbag.py:588} INFO - Filling up the DagBag from /home/airflow/.local/lib/python3.12/site-packages/airflow/example_dags/example_branch_operator_decorator.py
[2024-09-28T02:50:44.511+0000] {processor.py:925} INFO - DAG(s) 'example_branch_python_operator_decorator' retrieved from /home/airflow/.local/lib/python3.12/site-packages/airflow/example_dags/example_branch_operator_decorator.py
[2024-09-28T02:50:44.539+0000] {logging_mixin.py:190} INFO - [2024-09-28T02:50:44.538+0000] {dag.py:3239} INFO - Sync 1 DAGs
[2024-09-28T02:50:44.563+0000] {logging_mixin.py:190} INFO - [2024-09-28T02:50:44.563+0000] {dag.py:4180} INFO - Setting next_dagrun for example_branch_python_operator_decorator to 2024-09-27 00:00:00+00:00, run_after=2024-09-28 00:00:00+00:00
[2024-09-28T02:50:44.586+0000] {processor.py:208} INFO - Processing /home/airflow/.local/lib/python3.12/site-packages/airflow/example_dags/example_branch_operator_decorator.py took 0.104 seconds
[2024-09-28T02:51:15.399+0000] {processor.py:186} INFO - Started process (PID=716) to work on /home/airflow/.local/lib/python3.12/site-packages/airflow/example_dags/example_branch_operator_decorator.py
[2024-09-28T02:51:15.400+0000] {processor.py:914} INFO - Processing file /home/airflow/.local/lib/python3.12/site-packages/airflow/example_dags/example_branch_operator_decorator.py for tasks to queue
[2024-09-28T02:51:15.404+0000] {logging_mixin.py:190} INFO - [2024-09-28T02:51:15.403+0000] {dagbag.py:588} INFO - Filling up the DagBag from /home/airflow/.local/lib/python3.12/site-packages/airflow/example_dags/example_branch_operator_decorator.py
[2024-09-28T02:51:15.443+0000] {processor.py:925} INFO - DAG(s) 'example_branch_python_operator_decorator' retrieved from /home/airflow/.local/lib/python3.12/site-packages/airflow/example_dags/example_branch_operator_decorator.py
[2024-09-28T02:51:15.487+0000] {logging_mixin.py:190} INFO - [2024-09-28T02:51:15.487+0000] {dag.py:3239} INFO - Sync 1 DAGs
[2024-09-28T02:51:15.521+0000] {logging_mixin.py:190} INFO - [2024-09-28T02:51:15.521+0000] {dag.py:4180} INFO - Setting next_dagrun for example_branch_python_operator_decorator to 2024-09-27 00:00:00+00:00, run_after=2024-09-28 00:00:00+00:00
[2024-09-28T02:51:15.559+0000] {processor.py:208} INFO - Processing /home/airflow/.local/lib/python3.12/site-packages/airflow/example_dags/example_branch_operator_decorator.py took 0.167 seconds
[2024-09-28T02:51:46.471+0000] {processor.py:186} INFO - Started process (PID=779) to work on /home/airflow/.local/lib/python3.12/site-packages/airflow/example_dags/example_branch_operator_decorator.py
[2024-09-28T02:51:46.472+0000] {processor.py:914} INFO - Processing file /home/airflow/.local/lib/python3.12/site-packages/airflow/example_dags/example_branch_operator_decorator.py for tasks to queue
[2024-09-28T02:51:46.475+0000] {logging_mixin.py:190} INFO - [2024-09-28T02:51:46.474+0000] {dagbag.py:588} INFO - Filling up the DagBag from /home/airflow/.local/lib/python3.12/site-packages/airflow/example_dags/example_branch_operator_decorator.py
[2024-09-28T02:51:46.513+0000] {processor.py:925} INFO - DAG(s) 'example_branch_python_operator_decorator' retrieved from /home/airflow/.local/lib/python3.12/site-packages/airflow/example_dags/example_branch_operator_decorator.py
[2024-09-28T02:51:46.558+0000] {logging_mixin.py:190} INFO - [2024-09-28T02:51:46.557+0000] {dag.py:3239} INFO - Sync 1 DAGs
[2024-09-28T02:51:46.590+0000] {logging_mixin.py:190} INFO - [2024-09-28T02:51:46.590+0000] {dag.py:4180} INFO - Setting next_dagrun for example_branch_python_operator_decorator to 2024-09-27 00:00:00+00:00, run_after=2024-09-28 00:00:00+00:00
[2024-09-28T02:51:46.624+0000] {processor.py:208} INFO - Processing /home/airflow/.local/lib/python3.12/site-packages/airflow/example_dags/example_branch_operator_decorator.py took 0.159 seconds
[2024-09-28T03:30:33.921+0000] {processor.py:186} INFO - Started process (PID=850) to work on /home/airflow/.local/lib/python3.12/site-packages/airflow/example_dags/example_branch_operator_decorator.py
[2024-09-28T03:30:33.923+0000] {processor.py:914} INFO - Processing file /home/airflow/.local/lib/python3.12/site-packages/airflow/example_dags/example_branch_operator_decorator.py for tasks to queue
[2024-09-28T03:30:33.926+0000] {logging_mixin.py:190} INFO - [2024-09-28T03:30:33.926+0000] {dagbag.py:588} INFO - Filling up the DagBag from /home/airflow/.local/lib/python3.12/site-packages/airflow/example_dags/example_branch_operator_decorator.py
[2024-09-28T03:30:33.957+0000] {processor.py:925} INFO - DAG(s) 'example_branch_python_operator_decorator' retrieved from /home/airflow/.local/lib/python3.12/site-packages/airflow/example_dags/example_branch_operator_decorator.py
[2024-09-28T03:30:33.994+0000] {logging_mixin.py:190} INFO - [2024-09-28T03:30:33.994+0000] {dag.py:3239} INFO - Sync 1 DAGs
[2024-09-28T03:30:34.025+0000] {logging_mixin.py:190} INFO - [2024-09-28T03:30:34.025+0000] {dag.py:4180} INFO - Setting next_dagrun for example_branch_python_operator_decorator to 2024-09-27 00:00:00+00:00, run_after=2024-09-28 00:00:00+00:00
[2024-09-28T03:30:34.051+0000] {processor.py:208} INFO - Processing /home/airflow/.local/lib/python3.12/site-packages/airflow/example_dags/example_branch_operator_decorator.py took 0.138 seconds
[2024-09-28T03:34:13.868+0000] {processor.py:186} INFO - Started process (PID=907) to work on /home/airflow/.local/lib/python3.12/site-packages/airflow/example_dags/example_branch_operator_decorator.py
[2024-09-28T03:34:13.869+0000] {processor.py:914} INFO - Processing file /home/airflow/.local/lib/python3.12/site-packages/airflow/example_dags/example_branch_operator_decorator.py for tasks to queue
[2024-09-28T03:34:13.872+0000] {logging_mixin.py:190} INFO - [2024-09-28T03:34:13.871+0000] {dagbag.py:588} INFO - Filling up the DagBag from /home/airflow/.local/lib/python3.12/site-packages/airflow/example_dags/example_branch_operator_decorator.py
[2024-09-28T03:34:13.909+0000] {processor.py:925} INFO - DAG(s) 'example_branch_python_operator_decorator' retrieved from /home/airflow/.local/lib/python3.12/site-packages/airflow/example_dags/example_branch_operator_decorator.py
[2024-09-28T03:34:13.945+0000] {logging_mixin.py:190} INFO - [2024-09-28T03:34:13.945+0000] {dag.py:3239} INFO - Sync 1 DAGs
[2024-09-28T03:34:13.982+0000] {logging_mixin.py:190} INFO - [2024-09-28T03:34:13.982+0000] {dag.py:4180} INFO - Setting next_dagrun for example_branch_python_operator_decorator to 2024-09-27 00:00:00+00:00, run_after=2024-09-28 00:00:00+00:00
[2024-09-28T03:34:14.011+0000] {processor.py:208} INFO - Processing /home/airflow/.local/lib/python3.12/site-packages/airflow/example_dags/example_branch_operator_decorator.py took 0.149 seconds
[2024-09-28T03:34:44.441+0000] {processor.py:186} INFO - Started process (PID=970) to work on /home/airflow/.local/lib/python3.12/site-packages/airflow/example_dags/example_branch_operator_decorator.py
[2024-09-28T03:34:44.443+0000] {processor.py:914} INFO - Processing file /home/airflow/.local/lib/python3.12/site-packages/airflow/example_dags/example_branch_operator_decorator.py for tasks to queue
[2024-09-28T03:34:44.445+0000] {logging_mixin.py:190} INFO - [2024-09-28T03:34:44.444+0000] {dagbag.py:588} INFO - Filling up the DagBag from /home/airflow/.local/lib/python3.12/site-packages/airflow/example_dags/example_branch_operator_decorator.py
[2024-09-28T03:34:44.476+0000] {processor.py:925} INFO - DAG(s) 'example_branch_python_operator_decorator' retrieved from /home/airflow/.local/lib/python3.12/site-packages/airflow/example_dags/example_branch_operator_decorator.py
[2024-09-28T03:34:44.528+0000] {logging_mixin.py:190} INFO - [2024-09-28T03:34:44.528+0000] {dag.py:3239} INFO - Sync 1 DAGs
[2024-09-28T03:34:44.560+0000] {logging_mixin.py:190} INFO - [2024-09-28T03:34:44.560+0000] {dag.py:4180} INFO - Setting next_dagrun for example_branch_python_operator_decorator to 2024-09-27 00:00:00+00:00, run_after=2024-09-28 00:00:00+00:00
[2024-09-28T03:34:44.585+0000] {processor.py:208} INFO - Processing /home/airflow/.local/lib/python3.12/site-packages/airflow/example_dags/example_branch_operator_decorator.py took 0.153 seconds
[2024-09-28T03:40:10.795+0000] {processor.py:186} INFO - Started process (PID=99) to work on /home/airflow/.local/lib/python3.12/site-packages/airflow/example_dags/example_branch_operator_decorator.py
[2024-09-28T03:40:10.798+0000] {processor.py:914} INFO - Processing file /home/airflow/.local/lib/python3.12/site-packages/airflow/example_dags/example_branch_operator_decorator.py for tasks to queue
[2024-09-28T03:40:10.801+0000] {logging_mixin.py:190} INFO - [2024-09-28T03:40:10.801+0000] {dagbag.py:588} INFO - Filling up the DagBag from /home/airflow/.local/lib/python3.12/site-packages/airflow/example_dags/example_branch_operator_decorator.py
[2024-09-28T03:40:10.847+0000] {processor.py:925} INFO - DAG(s) 'example_branch_python_operator_decorator' retrieved from /home/airflow/.local/lib/python3.12/site-packages/airflow/example_dags/example_branch_operator_decorator.py
[2024-09-28T03:40:11.051+0000] {logging_mixin.py:190} INFO - [2024-09-28T03:40:11.051+0000] {dag.py:3239} INFO - Sync 1 DAGs
[2024-09-28T03:40:11.079+0000] {logging_mixin.py:190} INFO - [2024-09-28T03:40:11.079+0000] {dag.py:4180} INFO - Setting next_dagrun for example_branch_python_operator_decorator to 2024-09-27 00:00:00+00:00, run_after=2024-09-28 00:00:00+00:00
[2024-09-28T03:40:11.219+0000] {processor.py:208} INFO - Processing /home/airflow/.local/lib/python3.12/site-packages/airflow/example_dags/example_branch_operator_decorator.py took 0.431 seconds
[2024-09-28T03:40:41.427+0000] {processor.py:186} INFO - Started process (PID=173) to work on /home/airflow/.local/lib/python3.12/site-packages/airflow/example_dags/example_branch_operator_decorator.py
[2024-09-28T03:40:41.428+0000] {processor.py:914} INFO - Processing file /home/airflow/.local/lib/python3.12/site-packages/airflow/example_dags/example_branch_operator_decorator.py for tasks to queue
[2024-09-28T03:40:41.430+0000] {logging_mixin.py:190} INFO - [2024-09-28T03:40:41.430+0000] {dagbag.py:588} INFO - Filling up the DagBag from /home/airflow/.local/lib/python3.12/site-packages/airflow/example_dags/example_branch_operator_decorator.py
[2024-09-28T03:40:41.455+0000] {processor.py:925} INFO - DAG(s) 'example_branch_python_operator_decorator' retrieved from /home/airflow/.local/lib/python3.12/site-packages/airflow/example_dags/example_branch_operator_decorator.py
[2024-09-28T03:40:41.496+0000] {logging_mixin.py:190} INFO - [2024-09-28T03:40:41.496+0000] {dag.py:3239} INFO - Sync 1 DAGs
[2024-09-28T03:40:41.534+0000] {logging_mixin.py:190} INFO - [2024-09-28T03:40:41.533+0000] {dag.py:4180} INFO - Setting next_dagrun for example_branch_python_operator_decorator to 2024-09-27 00:00:00+00:00, run_after=2024-09-28 00:00:00+00:00
[2024-09-28T03:40:41.569+0000] {processor.py:208} INFO - Processing /home/airflow/.local/lib/python3.12/site-packages/airflow/example_dags/example_branch_operator_decorator.py took 0.147 seconds
[2024-09-28T03:41:12.811+0000] {processor.py:186} INFO - Started process (PID=247) to work on /home/airflow/.local/lib/python3.12/site-packages/airflow/example_dags/example_branch_operator_decorator.py
[2024-09-28T03:41:12.813+0000] {processor.py:914} INFO - Processing file /home/airflow/.local/lib/python3.12/site-packages/airflow/example_dags/example_branch_operator_decorator.py for tasks to queue
[2024-09-28T03:41:12.816+0000] {logging_mixin.py:190} INFO - [2024-09-28T03:41:12.816+0000] {dagbag.py:588} INFO - Filling up the DagBag from /home/airflow/.local/lib/python3.12/site-packages/airflow/example_dags/example_branch_operator_decorator.py
[2024-09-28T03:41:12.849+0000] {processor.py:925} INFO - DAG(s) 'example_branch_python_operator_decorator' retrieved from /home/airflow/.local/lib/python3.12/site-packages/airflow/example_dags/example_branch_operator_decorator.py
[2024-09-28T03:41:12.896+0000] {logging_mixin.py:190} INFO - [2024-09-28T03:41:12.896+0000] {dag.py:3239} INFO - Sync 1 DAGs
[2024-09-28T03:41:12.936+0000] {logging_mixin.py:190} INFO - [2024-09-28T03:41:12.936+0000] {dag.py:4180} INFO - Setting next_dagrun for example_branch_python_operator_decorator to 2024-09-27 00:00:00+00:00, run_after=2024-09-28 00:00:00+00:00
[2024-09-28T03:41:12.968+0000] {processor.py:208} INFO - Processing /home/airflow/.local/lib/python3.12/site-packages/airflow/example_dags/example_branch_operator_decorator.py took 0.164 seconds
[2024-09-28T03:41:43.635+0000] {processor.py:186} INFO - Started process (PID=321) to work on /home/airflow/.local/lib/python3.12/site-packages/airflow/example_dags/example_branch_operator_decorator.py
[2024-09-28T03:41:43.637+0000] {processor.py:914} INFO - Processing file /home/airflow/.local/lib/python3.12/site-packages/airflow/example_dags/example_branch_operator_decorator.py for tasks to queue
[2024-09-28T03:41:43.640+0000] {logging_mixin.py:190} INFO - [2024-09-28T03:41:43.640+0000] {dagbag.py:588} INFO - Filling up the DagBag from /home/airflow/.local/lib/python3.12/site-packages/airflow/example_dags/example_branch_operator_decorator.py
[2024-09-28T03:41:43.665+0000] {processor.py:925} INFO - DAG(s) 'example_branch_python_operator_decorator' retrieved from /home/airflow/.local/lib/python3.12/site-packages/airflow/example_dags/example_branch_operator_decorator.py
[2024-09-28T03:41:43.701+0000] {logging_mixin.py:190} INFO - [2024-09-28T03:41:43.700+0000] {dag.py:3239} INFO - Sync 1 DAGs
[2024-09-28T03:41:43.734+0000] {logging_mixin.py:190} INFO - [2024-09-28T03:41:43.733+0000] {dag.py:4180} INFO - Setting next_dagrun for example_branch_python_operator_decorator to 2024-09-27 00:00:00+00:00, run_after=2024-09-28 00:00:00+00:00
[2024-09-28T03:41:43.764+0000] {processor.py:208} INFO - Processing /home/airflow/.local/lib/python3.12/site-packages/airflow/example_dags/example_branch_operator_decorator.py took 0.135 seconds
[2024-09-28T03:42:13.900+0000] {processor.py:186} INFO - Started process (PID=395) to work on /home/airflow/.local/lib/python3.12/site-packages/airflow/example_dags/example_branch_operator_decorator.py
[2024-09-28T03:42:13.901+0000] {processor.py:914} INFO - Processing file /home/airflow/.local/lib/python3.12/site-packages/airflow/example_dags/example_branch_operator_decorator.py for tasks to queue
[2024-09-28T03:42:13.904+0000] {logging_mixin.py:190} INFO - [2024-09-28T03:42:13.903+0000] {dagbag.py:588} INFO - Filling up the DagBag from /home/airflow/.local/lib/python3.12/site-packages/airflow/example_dags/example_branch_operator_decorator.py
[2024-09-28T03:42:13.921+0000] {processor.py:925} INFO - DAG(s) 'example_branch_python_operator_decorator' retrieved from /home/airflow/.local/lib/python3.12/site-packages/airflow/example_dags/example_branch_operator_decorator.py
[2024-09-28T03:42:13.949+0000] {logging_mixin.py:190} INFO - [2024-09-28T03:42:13.949+0000] {dag.py:3239} INFO - Sync 1 DAGs
[2024-09-28T03:42:13.973+0000] {logging_mixin.py:190} INFO - [2024-09-28T03:42:13.972+0000] {dag.py:4180} INFO - Setting next_dagrun for example_branch_python_operator_decorator to 2024-09-27 00:00:00+00:00, run_after=2024-09-28 00:00:00+00:00
[2024-09-28T03:42:14.000+0000] {processor.py:208} INFO - Processing /home/airflow/.local/lib/python3.12/site-packages/airflow/example_dags/example_branch_operator_decorator.py took 0.104 seconds
[2024-09-28T03:42:44.266+0000] {processor.py:186} INFO - Started process (PID=469) to work on /home/airflow/.local/lib/python3.12/site-packages/airflow/example_dags/example_branch_operator_decorator.py
[2024-09-28T03:42:44.267+0000] {processor.py:914} INFO - Processing file /home/airflow/.local/lib/python3.12/site-packages/airflow/example_dags/example_branch_operator_decorator.py for tasks to queue
[2024-09-28T03:42:44.271+0000] {logging_mixin.py:190} INFO - [2024-09-28T03:42:44.270+0000] {dagbag.py:588} INFO - Filling up the DagBag from /home/airflow/.local/lib/python3.12/site-packages/airflow/example_dags/example_branch_operator_decorator.py
[2024-09-28T03:42:44.295+0000] {processor.py:925} INFO - DAG(s) 'example_branch_python_operator_decorator' retrieved from /home/airflow/.local/lib/python3.12/site-packages/airflow/example_dags/example_branch_operator_decorator.py
[2024-09-28T03:42:44.328+0000] {logging_mixin.py:190} INFO - [2024-09-28T03:42:44.327+0000] {dag.py:3239} INFO - Sync 1 DAGs
[2024-09-28T03:42:44.353+0000] {logging_mixin.py:190} INFO - [2024-09-28T03:42:44.353+0000] {dag.py:4180} INFO - Setting next_dagrun for example_branch_python_operator_decorator to 2024-09-27 00:00:00+00:00, run_after=2024-09-28 00:00:00+00:00
[2024-09-28T03:42:44.375+0000] {processor.py:208} INFO - Processing /home/airflow/.local/lib/python3.12/site-packages/airflow/example_dags/example_branch_operator_decorator.py took 0.114 seconds
[2024-09-28T03:43:15.067+0000] {processor.py:186} INFO - Started process (PID=543) to work on /home/airflow/.local/lib/python3.12/site-packages/airflow/example_dags/example_branch_operator_decorator.py
[2024-09-28T03:43:15.068+0000] {processor.py:914} INFO - Processing file /home/airflow/.local/lib/python3.12/site-packages/airflow/example_dags/example_branch_operator_decorator.py for tasks to queue
[2024-09-28T03:43:15.070+0000] {logging_mixin.py:190} INFO - [2024-09-28T03:43:15.070+0000] {dagbag.py:588} INFO - Filling up the DagBag from /home/airflow/.local/lib/python3.12/site-packages/airflow/example_dags/example_branch_operator_decorator.py
[2024-09-28T03:43:15.091+0000] {processor.py:925} INFO - DAG(s) 'example_branch_python_operator_decorator' retrieved from /home/airflow/.local/lib/python3.12/site-packages/airflow/example_dags/example_branch_operator_decorator.py
[2024-09-28T03:43:15.127+0000] {logging_mixin.py:190} INFO - [2024-09-28T03:43:15.127+0000] {dag.py:3239} INFO - Sync 1 DAGs
[2024-09-28T03:43:15.153+0000] {logging_mixin.py:190} INFO - [2024-09-28T03:43:15.153+0000] {dag.py:4180} INFO - Setting next_dagrun for example_branch_python_operator_decorator to 2024-09-27 00:00:00+00:00, run_after=2024-09-28 00:00:00+00:00
[2024-09-28T03:43:15.180+0000] {processor.py:208} INFO - Processing /home/airflow/.local/lib/python3.12/site-packages/airflow/example_dags/example_branch_operator_decorator.py took 0.119 seconds
[2024-09-28T03:43:45.319+0000] {processor.py:186} INFO - Started process (PID=617) to work on /home/airflow/.local/lib/python3.12/site-packages/airflow/example_dags/example_branch_operator_decorator.py
[2024-09-28T03:43:45.319+0000] {processor.py:914} INFO - Processing file /home/airflow/.local/lib/python3.12/site-packages/airflow/example_dags/example_branch_operator_decorator.py for tasks to queue
[2024-09-28T03:43:45.322+0000] {logging_mixin.py:190} INFO - [2024-09-28T03:43:45.321+0000] {dagbag.py:588} INFO - Filling up the DagBag from /home/airflow/.local/lib/python3.12/site-packages/airflow/example_dags/example_branch_operator_decorator.py
[2024-09-28T03:43:45.339+0000] {processor.py:925} INFO - DAG(s) 'example_branch_python_operator_decorator' retrieved from /home/airflow/.local/lib/python3.12/site-packages/airflow/example_dags/example_branch_operator_decorator.py
[2024-09-28T03:43:45.365+0000] {logging_mixin.py:190} INFO - [2024-09-28T03:43:45.364+0000] {dag.py:3239} INFO - Sync 1 DAGs
[2024-09-28T03:43:45.387+0000] {logging_mixin.py:190} INFO - [2024-09-28T03:43:45.387+0000] {dag.py:4180} INFO - Setting next_dagrun for example_branch_python_operator_decorator to 2024-09-27 00:00:00+00:00, run_after=2024-09-28 00:00:00+00:00
[2024-09-28T03:43:45.409+0000] {processor.py:208} INFO - Processing /home/airflow/.local/lib/python3.12/site-packages/airflow/example_dags/example_branch_operator_decorator.py took 0.095 seconds
[2024-09-28T03:44:15.879+0000] {processor.py:186} INFO - Started process (PID=691) to work on /home/airflow/.local/lib/python3.12/site-packages/airflow/example_dags/example_branch_operator_decorator.py
[2024-09-28T03:44:15.880+0000] {processor.py:914} INFO - Processing file /home/airflow/.local/lib/python3.12/site-packages/airflow/example_dags/example_branch_operator_decorator.py for tasks to queue
[2024-09-28T03:44:15.882+0000] {logging_mixin.py:190} INFO - [2024-09-28T03:44:15.882+0000] {dagbag.py:588} INFO - Filling up the DagBag from /home/airflow/.local/lib/python3.12/site-packages/airflow/example_dags/example_branch_operator_decorator.py
[2024-09-28T03:44:15.901+0000] {processor.py:925} INFO - DAG(s) 'example_branch_python_operator_decorator' retrieved from /home/airflow/.local/lib/python3.12/site-packages/airflow/example_dags/example_branch_operator_decorator.py
[2024-09-28T03:44:15.928+0000] {logging_mixin.py:190} INFO - [2024-09-28T03:44:15.928+0000] {dag.py:3239} INFO - Sync 1 DAGs
[2024-09-28T03:44:15.950+0000] {logging_mixin.py:190} INFO - [2024-09-28T03:44:15.949+0000] {dag.py:4180} INFO - Setting next_dagrun for example_branch_python_operator_decorator to 2024-09-27 00:00:00+00:00, run_after=2024-09-28 00:00:00+00:00
[2024-09-28T03:44:15.970+0000] {processor.py:208} INFO - Processing /home/airflow/.local/lib/python3.12/site-packages/airflow/example_dags/example_branch_operator_decorator.py took 0.096 seconds
[2024-09-28T03:44:46.257+0000] {processor.py:186} INFO - Started process (PID=765) to work on /home/airflow/.local/lib/python3.12/site-packages/airflow/example_dags/example_branch_operator_decorator.py
[2024-09-28T03:44:46.258+0000] {processor.py:914} INFO - Processing file /home/airflow/.local/lib/python3.12/site-packages/airflow/example_dags/example_branch_operator_decorator.py for tasks to queue
[2024-09-28T03:44:46.260+0000] {logging_mixin.py:190} INFO - [2024-09-28T03:44:46.260+0000] {dagbag.py:588} INFO - Filling up the DagBag from /home/airflow/.local/lib/python3.12/site-packages/airflow/example_dags/example_branch_operator_decorator.py
[2024-09-28T03:44:46.278+0000] {processor.py:925} INFO - DAG(s) 'example_branch_python_operator_decorator' retrieved from /home/airflow/.local/lib/python3.12/site-packages/airflow/example_dags/example_branch_operator_decorator.py
[2024-09-28T03:44:46.304+0000] {logging_mixin.py:190} INFO - [2024-09-28T03:44:46.304+0000] {dag.py:3239} INFO - Sync 1 DAGs
[2024-09-28T03:44:46.327+0000] {logging_mixin.py:190} INFO - [2024-09-28T03:44:46.327+0000] {dag.py:4180} INFO - Setting next_dagrun for example_branch_python_operator_decorator to 2024-09-27 00:00:00+00:00, run_after=2024-09-28 00:00:00+00:00
[2024-09-28T03:44:46.352+0000] {processor.py:208} INFO - Processing /home/airflow/.local/lib/python3.12/site-packages/airflow/example_dags/example_branch_operator_decorator.py took 0.100 seconds
[2024-09-28T03:45:17.337+0000] {processor.py:186} INFO - Started process (PID=839) to work on /home/airflow/.local/lib/python3.12/site-packages/airflow/example_dags/example_branch_operator_decorator.py
[2024-09-28T03:45:17.339+0000] {processor.py:914} INFO - Processing file /home/airflow/.local/lib/python3.12/site-packages/airflow/example_dags/example_branch_operator_decorator.py for tasks to queue
[2024-09-28T03:45:17.341+0000] {logging_mixin.py:190} INFO - [2024-09-28T03:45:17.341+0000] {dagbag.py:588} INFO - Filling up the DagBag from /home/airflow/.local/lib/python3.12/site-packages/airflow/example_dags/example_branch_operator_decorator.py
[2024-09-28T03:45:17.361+0000] {processor.py:925} INFO - DAG(s) 'example_branch_python_operator_decorator' retrieved from /home/airflow/.local/lib/python3.12/site-packages/airflow/example_dags/example_branch_operator_decorator.py
[2024-09-28T03:45:17.389+0000] {logging_mixin.py:190} INFO - [2024-09-28T03:45:17.389+0000] {dag.py:3239} INFO - Sync 1 DAGs
[2024-09-28T03:45:17.414+0000] {logging_mixin.py:190} INFO - [2024-09-28T03:45:17.413+0000] {dag.py:4180} INFO - Setting next_dagrun for example_branch_python_operator_decorator to 2024-09-27 00:00:00+00:00, run_after=2024-09-28 00:00:00+00:00
[2024-09-28T03:45:17.438+0000] {processor.py:208} INFO - Processing /home/airflow/.local/lib/python3.12/site-packages/airflow/example_dags/example_branch_operator_decorator.py took 0.105 seconds
[2024-09-28T03:45:47.865+0000] {processor.py:186} INFO - Started process (PID=914) to work on /home/airflow/.local/lib/python3.12/site-packages/airflow/example_dags/example_branch_operator_decorator.py
[2024-09-28T03:45:47.867+0000] {processor.py:914} INFO - Processing file /home/airflow/.local/lib/python3.12/site-packages/airflow/example_dags/example_branch_operator_decorator.py for tasks to queue
[2024-09-28T03:45:47.869+0000] {logging_mixin.py:190} INFO - [2024-09-28T03:45:47.869+0000] {dagbag.py:588} INFO - Filling up the DagBag from /home/airflow/.local/lib/python3.12/site-packages/airflow/example_dags/example_branch_operator_decorator.py
[2024-09-28T03:45:47.888+0000] {processor.py:925} INFO - DAG(s) 'example_branch_python_operator_decorator' retrieved from /home/airflow/.local/lib/python3.12/site-packages/airflow/example_dags/example_branch_operator_decorator.py
[2024-09-28T03:45:47.916+0000] {logging_mixin.py:190} INFO - [2024-09-28T03:45:47.915+0000] {dag.py:3239} INFO - Sync 1 DAGs
[2024-09-28T03:45:47.938+0000] {logging_mixin.py:190} INFO - [2024-09-28T03:45:47.938+0000] {dag.py:4180} INFO - Setting next_dagrun for example_branch_python_operator_decorator to 2024-09-27 00:00:00+00:00, run_after=2024-09-28 00:00:00+00:00
[2024-09-28T03:45:47.962+0000] {processor.py:208} INFO - Processing /home/airflow/.local/lib/python3.12/site-packages/airflow/example_dags/example_branch_operator_decorator.py took 0.102 seconds
[2024-09-28T03:46:18.632+0000] {processor.py:186} INFO - Started process (PID=988) to work on /home/airflow/.local/lib/python3.12/site-packages/airflow/example_dags/example_branch_operator_decorator.py
[2024-09-28T03:46:18.633+0000] {processor.py:914} INFO - Processing file /home/airflow/.local/lib/python3.12/site-packages/airflow/example_dags/example_branch_operator_decorator.py for tasks to queue
[2024-09-28T03:46:18.636+0000] {logging_mixin.py:190} INFO - [2024-09-28T03:46:18.635+0000] {dagbag.py:588} INFO - Filling up the DagBag from /home/airflow/.local/lib/python3.12/site-packages/airflow/example_dags/example_branch_operator_decorator.py
[2024-09-28T03:46:18.653+0000] {processor.py:925} INFO - DAG(s) 'example_branch_python_operator_decorator' retrieved from /home/airflow/.local/lib/python3.12/site-packages/airflow/example_dags/example_branch_operator_decorator.py
[2024-09-28T03:46:18.684+0000] {logging_mixin.py:190} INFO - [2024-09-28T03:46:18.683+0000] {dag.py:3239} INFO - Sync 1 DAGs
[2024-09-28T03:46:18.708+0000] {logging_mixin.py:190} INFO - [2024-09-28T03:46:18.708+0000] {dag.py:4180} INFO - Setting next_dagrun for example_branch_python_operator_decorator to 2024-09-27 00:00:00+00:00, run_after=2024-09-28 00:00:00+00:00
[2024-09-28T03:46:18.732+0000] {processor.py:208} INFO - Processing /home/airflow/.local/lib/python3.12/site-packages/airflow/example_dags/example_branch_operator_decorator.py took 0.104 seconds
[2024-09-28T03:46:49.027+0000] {processor.py:186} INFO - Started process (PID=1062) to work on /home/airflow/.local/lib/python3.12/site-packages/airflow/example_dags/example_branch_operator_decorator.py
[2024-09-28T03:46:49.028+0000] {processor.py:914} INFO - Processing file /home/airflow/.local/lib/python3.12/site-packages/airflow/example_dags/example_branch_operator_decorator.py for tasks to queue
[2024-09-28T03:46:49.032+0000] {logging_mixin.py:190} INFO - [2024-09-28T03:46:49.032+0000] {dagbag.py:588} INFO - Filling up the DagBag from /home/airflow/.local/lib/python3.12/site-packages/airflow/example_dags/example_branch_operator_decorator.py
[2024-09-28T03:46:49.056+0000] {processor.py:925} INFO - DAG(s) 'example_branch_python_operator_decorator' retrieved from /home/airflow/.local/lib/python3.12/site-packages/airflow/example_dags/example_branch_operator_decorator.py
[2024-09-28T03:46:49.091+0000] {logging_mixin.py:190} INFO - [2024-09-28T03:46:49.091+0000] {dag.py:3239} INFO - Sync 1 DAGs
[2024-09-28T03:46:49.122+0000] {logging_mixin.py:190} INFO - [2024-09-28T03:46:49.122+0000] {dag.py:4180} INFO - Setting next_dagrun for example_branch_python_operator_decorator to 2024-09-27 00:00:00+00:00, run_after=2024-09-28 00:00:00+00:00
[2024-09-28T03:46:49.148+0000] {processor.py:208} INFO - Processing /home/airflow/.local/lib/python3.12/site-packages/airflow/example_dags/example_branch_operator_decorator.py took 0.127 seconds
[2024-09-28T03:47:19.427+0000] {processor.py:186} INFO - Started process (PID=1136) to work on /home/airflow/.local/lib/python3.12/site-packages/airflow/example_dags/example_branch_operator_decorator.py
[2024-09-28T03:47:19.429+0000] {processor.py:914} INFO - Processing file /home/airflow/.local/lib/python3.12/site-packages/airflow/example_dags/example_branch_operator_decorator.py for tasks to queue
[2024-09-28T03:47:19.432+0000] {logging_mixin.py:190} INFO - [2024-09-28T03:47:19.432+0000] {dagbag.py:588} INFO - Filling up the DagBag from /home/airflow/.local/lib/python3.12/site-packages/airflow/example_dags/example_branch_operator_decorator.py
[2024-09-28T03:47:19.458+0000] {processor.py:925} INFO - DAG(s) 'example_branch_python_operator_decorator' retrieved from /home/airflow/.local/lib/python3.12/site-packages/airflow/example_dags/example_branch_operator_decorator.py
[2024-09-28T03:47:19.495+0000] {logging_mixin.py:190} INFO - [2024-09-28T03:47:19.495+0000] {dag.py:3239} INFO - Sync 1 DAGs
[2024-09-28T03:47:19.529+0000] {logging_mixin.py:190} INFO - [2024-09-28T03:47:19.528+0000] {dag.py:4180} INFO - Setting next_dagrun for example_branch_python_operator_decorator to 2024-09-27 00:00:00+00:00, run_after=2024-09-28 00:00:00+00:00
[2024-09-28T03:47:19.559+0000] {processor.py:208} INFO - Processing /home/airflow/.local/lib/python3.12/site-packages/airflow/example_dags/example_branch_operator_decorator.py took 0.139 seconds
[2024-09-28T03:47:49.856+0000] {processor.py:186} INFO - Started process (PID=1210) to work on /home/airflow/.local/lib/python3.12/site-packages/airflow/example_dags/example_branch_operator_decorator.py
[2024-09-28T03:47:49.858+0000] {processor.py:914} INFO - Processing file /home/airflow/.local/lib/python3.12/site-packages/airflow/example_dags/example_branch_operator_decorator.py for tasks to queue
[2024-09-28T03:47:49.861+0000] {logging_mixin.py:190} INFO - [2024-09-28T03:47:49.861+0000] {dagbag.py:588} INFO - Filling up the DagBag from /home/airflow/.local/lib/python3.12/site-packages/airflow/example_dags/example_branch_operator_decorator.py
[2024-09-28T03:47:49.888+0000] {processor.py:925} INFO - DAG(s) 'example_branch_python_operator_decorator' retrieved from /home/airflow/.local/lib/python3.12/site-packages/airflow/example_dags/example_branch_operator_decorator.py
[2024-09-28T03:47:49.934+0000] {logging_mixin.py:190} INFO - [2024-09-28T03:47:49.933+0000] {dag.py:3239} INFO - Sync 1 DAGs
[2024-09-28T03:47:49.971+0000] {logging_mixin.py:190} INFO - [2024-09-28T03:47:49.971+0000] {dag.py:4180} INFO - Setting next_dagrun for example_branch_python_operator_decorator to 2024-09-27 00:00:00+00:00, run_after=2024-09-28 00:00:00+00:00
[2024-09-28T03:47:50.004+0000] {processor.py:208} INFO - Processing /home/airflow/.local/lib/python3.12/site-packages/airflow/example_dags/example_branch_operator_decorator.py took 0.154 seconds
[2024-09-28T03:48:20.202+0000] {processor.py:186} INFO - Started process (PID=1284) to work on /home/airflow/.local/lib/python3.12/site-packages/airflow/example_dags/example_branch_operator_decorator.py
[2024-09-28T03:48:20.203+0000] {processor.py:914} INFO - Processing file /home/airflow/.local/lib/python3.12/site-packages/airflow/example_dags/example_branch_operator_decorator.py for tasks to queue
[2024-09-28T03:48:20.206+0000] {logging_mixin.py:190} INFO - [2024-09-28T03:48:20.206+0000] {dagbag.py:588} INFO - Filling up the DagBag from /home/airflow/.local/lib/python3.12/site-packages/airflow/example_dags/example_branch_operator_decorator.py
[2024-09-28T03:48:20.232+0000] {processor.py:925} INFO - DAG(s) 'example_branch_python_operator_decorator' retrieved from /home/airflow/.local/lib/python3.12/site-packages/airflow/example_dags/example_branch_operator_decorator.py
[2024-09-28T03:48:20.267+0000] {logging_mixin.py:190} INFO - [2024-09-28T03:48:20.267+0000] {dag.py:3239} INFO - Sync 1 DAGs
[2024-09-28T03:48:20.293+0000] {logging_mixin.py:190} INFO - [2024-09-28T03:48:20.293+0000] {dag.py:4180} INFO - Setting next_dagrun for example_branch_python_operator_decorator to 2024-09-27 00:00:00+00:00, run_after=2024-09-28 00:00:00+00:00
[2024-09-28T03:48:20.321+0000] {processor.py:208} INFO - Processing /home/airflow/.local/lib/python3.12/site-packages/airflow/example_dags/example_branch_operator_decorator.py took 0.130 seconds
[2024-09-28T03:48:51.059+0000] {processor.py:186} INFO - Started process (PID=1358) to work on /home/airflow/.local/lib/python3.12/site-packages/airflow/example_dags/example_branch_operator_decorator.py
[2024-09-28T03:48:51.060+0000] {processor.py:914} INFO - Processing file /home/airflow/.local/lib/python3.12/site-packages/airflow/example_dags/example_branch_operator_decorator.py for tasks to queue
[2024-09-28T03:48:51.063+0000] {logging_mixin.py:190} INFO - [2024-09-28T03:48:51.063+0000] {dagbag.py:588} INFO - Filling up the DagBag from /home/airflow/.local/lib/python3.12/site-packages/airflow/example_dags/example_branch_operator_decorator.py
[2024-09-28T03:48:51.092+0000] {processor.py:925} INFO - DAG(s) 'example_branch_python_operator_decorator' retrieved from /home/airflow/.local/lib/python3.12/site-packages/airflow/example_dags/example_branch_operator_decorator.py
[2024-09-28T03:48:51.136+0000] {logging_mixin.py:190} INFO - [2024-09-28T03:48:51.135+0000] {dag.py:3239} INFO - Sync 1 DAGs
[2024-09-28T03:48:51.171+0000] {logging_mixin.py:190} INFO - [2024-09-28T03:48:51.170+0000] {dag.py:4180} INFO - Setting next_dagrun for example_branch_python_operator_decorator to 2024-09-27 00:00:00+00:00, run_after=2024-09-28 00:00:00+00:00
[2024-09-28T03:48:51.204+0000] {processor.py:208} INFO - Processing /home/airflow/.local/lib/python3.12/site-packages/airflow/example_dags/example_branch_operator_decorator.py took 0.151 seconds
[2024-09-28T03:49:21.726+0000] {processor.py:186} INFO - Started process (PID=1432) to work on /home/airflow/.local/lib/python3.12/site-packages/airflow/example_dags/example_branch_operator_decorator.py
[2024-09-28T03:49:21.735+0000] {processor.py:914} INFO - Processing file /home/airflow/.local/lib/python3.12/site-packages/airflow/example_dags/example_branch_operator_decorator.py for tasks to queue
[2024-09-28T03:49:21.739+0000] {logging_mixin.py:190} INFO - [2024-09-28T03:49:21.738+0000] {dagbag.py:588} INFO - Filling up the DagBag from /home/airflow/.local/lib/python3.12/site-packages/airflow/example_dags/example_branch_operator_decorator.py
[2024-09-28T03:49:21.767+0000] {processor.py:925} INFO - DAG(s) 'example_branch_python_operator_decorator' retrieved from /home/airflow/.local/lib/python3.12/site-packages/airflow/example_dags/example_branch_operator_decorator.py
[2024-09-28T03:49:21.812+0000] {logging_mixin.py:190} INFO - [2024-09-28T03:49:21.812+0000] {dag.py:3239} INFO - Sync 1 DAGs
[2024-09-28T03:49:21.863+0000] {logging_mixin.py:190} INFO - [2024-09-28T03:49:21.862+0000] {dag.py:4180} INFO - Setting next_dagrun for example_branch_python_operator_decorator to 2024-09-27 00:00:00+00:00, run_after=2024-09-28 00:00:00+00:00
[2024-09-28T03:49:21.936+0000] {processor.py:208} INFO - Processing /home/airflow/.local/lib/python3.12/site-packages/airflow/example_dags/example_branch_operator_decorator.py took 0.217 seconds
[2024-09-28T03:49:52.977+0000] {processor.py:186} INFO - Started process (PID=1506) to work on /home/airflow/.local/lib/python3.12/site-packages/airflow/example_dags/example_branch_operator_decorator.py
[2024-09-28T03:49:52.979+0000] {processor.py:914} INFO - Processing file /home/airflow/.local/lib/python3.12/site-packages/airflow/example_dags/example_branch_operator_decorator.py for tasks to queue
[2024-09-28T03:49:52.982+0000] {logging_mixin.py:190} INFO - [2024-09-28T03:49:52.981+0000] {dagbag.py:588} INFO - Filling up the DagBag from /home/airflow/.local/lib/python3.12/site-packages/airflow/example_dags/example_branch_operator_decorator.py
[2024-09-28T03:49:53.011+0000] {processor.py:925} INFO - DAG(s) 'example_branch_python_operator_decorator' retrieved from /home/airflow/.local/lib/python3.12/site-packages/airflow/example_dags/example_branch_operator_decorator.py
[2024-09-28T03:49:53.048+0000] {logging_mixin.py:190} INFO - [2024-09-28T03:49:53.047+0000] {dag.py:3239} INFO - Sync 1 DAGs
[2024-09-28T03:49:53.078+0000] {logging_mixin.py:190} INFO - [2024-09-28T03:49:53.078+0000] {dag.py:4180} INFO - Setting next_dagrun for example_branch_python_operator_decorator to 2024-09-27 00:00:00+00:00, run_after=2024-09-28 00:00:00+00:00
[2024-09-28T03:49:53.108+0000] {processor.py:208} INFO - Processing /home/airflow/.local/lib/python3.12/site-packages/airflow/example_dags/example_branch_operator_decorator.py took 0.136 seconds
[2024-09-28T03:50:23.372+0000] {processor.py:186} INFO - Started process (PID=1580) to work on /home/airflow/.local/lib/python3.12/site-packages/airflow/example_dags/example_branch_operator_decorator.py
[2024-09-28T03:50:23.373+0000] {processor.py:914} INFO - Processing file /home/airflow/.local/lib/python3.12/site-packages/airflow/example_dags/example_branch_operator_decorator.py for tasks to queue
[2024-09-28T03:50:23.376+0000] {logging_mixin.py:190} INFO - [2024-09-28T03:50:23.375+0000] {dagbag.py:588} INFO - Filling up the DagBag from /home/airflow/.local/lib/python3.12/site-packages/airflow/example_dags/example_branch_operator_decorator.py
[2024-09-28T03:50:23.395+0000] {processor.py:925} INFO - DAG(s) 'example_branch_python_operator_decorator' retrieved from /home/airflow/.local/lib/python3.12/site-packages/airflow/example_dags/example_branch_operator_decorator.py
[2024-09-28T03:50:23.421+0000] {logging_mixin.py:190} INFO - [2024-09-28T03:50:23.421+0000] {dag.py:3239} INFO - Sync 1 DAGs
[2024-09-28T03:50:23.444+0000] {logging_mixin.py:190} INFO - [2024-09-28T03:50:23.444+0000] {dag.py:4180} INFO - Setting next_dagrun for example_branch_python_operator_decorator to 2024-09-27 00:00:00+00:00, run_after=2024-09-28 00:00:00+00:00
[2024-09-28T03:50:23.466+0000] {processor.py:208} INFO - Processing /home/airflow/.local/lib/python3.12/site-packages/airflow/example_dags/example_branch_operator_decorator.py took 0.099 seconds
[2024-09-28T03:53:35.161+0000] {processor.py:186} INFO - Started process (PID=97) to work on /home/airflow/.local/lib/python3.12/site-packages/airflow/example_dags/example_branch_operator_decorator.py
[2024-09-28T03:53:35.163+0000] {processor.py:914} INFO - Processing file /home/airflow/.local/lib/python3.12/site-packages/airflow/example_dags/example_branch_operator_decorator.py for tasks to queue
[2024-09-28T03:53:35.166+0000] {logging_mixin.py:190} INFO - [2024-09-28T03:53:35.165+0000] {dagbag.py:588} INFO - Filling up the DagBag from /home/airflow/.local/lib/python3.12/site-packages/airflow/example_dags/example_branch_operator_decorator.py
[2024-09-28T03:53:35.195+0000] {processor.py:925} INFO - DAG(s) 'example_branch_python_operator_decorator' retrieved from /home/airflow/.local/lib/python3.12/site-packages/airflow/example_dags/example_branch_operator_decorator.py
[2024-09-28T03:53:35.417+0000] {logging_mixin.py:190} INFO - [2024-09-28T03:53:35.416+0000] {dag.py:3239} INFO - Sync 1 DAGs
[2024-09-28T03:53:35.473+0000] {logging_mixin.py:190} INFO - [2024-09-28T03:53:35.472+0000] {dag.py:4180} INFO - Setting next_dagrun for example_branch_python_operator_decorator to 2024-09-27 00:00:00+00:00, run_after=2024-09-28 00:00:00+00:00
[2024-09-28T03:53:35.551+0000] {processor.py:208} INFO - Processing /home/airflow/.local/lib/python3.12/site-packages/airflow/example_dags/example_branch_operator_decorator.py took 0.396 seconds
[2024-09-28T03:54:06.169+0000] {processor.py:186} INFO - Started process (PID=172) to work on /home/airflow/.local/lib/python3.12/site-packages/airflow/example_dags/example_branch_operator_decorator.py
[2024-09-28T03:54:06.170+0000] {processor.py:914} INFO - Processing file /home/airflow/.local/lib/python3.12/site-packages/airflow/example_dags/example_branch_operator_decorator.py for tasks to queue
[2024-09-28T03:54:06.173+0000] {logging_mixin.py:190} INFO - [2024-09-28T03:54:06.173+0000] {dagbag.py:588} INFO - Filling up the DagBag from /home/airflow/.local/lib/python3.12/site-packages/airflow/example_dags/example_branch_operator_decorator.py
[2024-09-28T03:54:06.203+0000] {processor.py:925} INFO - DAG(s) 'example_branch_python_operator_decorator' retrieved from /home/airflow/.local/lib/python3.12/site-packages/airflow/example_dags/example_branch_operator_decorator.py
[2024-09-28T03:54:06.244+0000] {logging_mixin.py:190} INFO - [2024-09-28T03:54:06.244+0000] {dag.py:3239} INFO - Sync 1 DAGs
[2024-09-28T03:54:06.279+0000] {logging_mixin.py:190} INFO - [2024-09-28T03:54:06.278+0000] {dag.py:4180} INFO - Setting next_dagrun for example_branch_python_operator_decorator to 2024-09-27 00:00:00+00:00, run_after=2024-09-28 00:00:00+00:00
[2024-09-28T03:54:06.314+0000] {processor.py:208} INFO - Processing /home/airflow/.local/lib/python3.12/site-packages/airflow/example_dags/example_branch_operator_decorator.py took 0.152 seconds
[2024-09-28T03:54:36.777+0000] {processor.py:186} INFO - Started process (PID=246) to work on /home/airflow/.local/lib/python3.12/site-packages/airflow/example_dags/example_branch_operator_decorator.py
[2024-09-28T03:54:36.778+0000] {processor.py:914} INFO - Processing file /home/airflow/.local/lib/python3.12/site-packages/airflow/example_dags/example_branch_operator_decorator.py for tasks to queue
[2024-09-28T03:54:36.781+0000] {logging_mixin.py:190} INFO - [2024-09-28T03:54:36.780+0000] {dagbag.py:588} INFO - Filling up the DagBag from /home/airflow/.local/lib/python3.12/site-packages/airflow/example_dags/example_branch_operator_decorator.py
[2024-09-28T03:54:36.805+0000] {processor.py:925} INFO - DAG(s) 'example_branch_python_operator_decorator' retrieved from /home/airflow/.local/lib/python3.12/site-packages/airflow/example_dags/example_branch_operator_decorator.py
[2024-09-28T03:54:36.848+0000] {logging_mixin.py:190} INFO - [2024-09-28T03:54:36.847+0000] {dag.py:3239} INFO - Sync 1 DAGs
[2024-09-28T03:54:36.876+0000] {logging_mixin.py:190} INFO - [2024-09-28T03:54:36.876+0000] {dag.py:4180} INFO - Setting next_dagrun for example_branch_python_operator_decorator to 2024-09-27 00:00:00+00:00, run_after=2024-09-28 00:00:00+00:00
[2024-09-28T03:54:36.902+0000] {processor.py:208} INFO - Processing /home/airflow/.local/lib/python3.12/site-packages/airflow/example_dags/example_branch_operator_decorator.py took 0.131 seconds
[2024-09-28T03:55:07.727+0000] {processor.py:186} INFO - Started process (PID=320) to work on /home/airflow/.local/lib/python3.12/site-packages/airflow/example_dags/example_branch_operator_decorator.py
[2024-09-28T03:55:07.729+0000] {processor.py:914} INFO - Processing file /home/airflow/.local/lib/python3.12/site-packages/airflow/example_dags/example_branch_operator_decorator.py for tasks to queue
[2024-09-28T03:55:07.732+0000] {logging_mixin.py:190} INFO - [2024-09-28T03:55:07.731+0000] {dagbag.py:588} INFO - Filling up the DagBag from /home/airflow/.local/lib/python3.12/site-packages/airflow/example_dags/example_branch_operator_decorator.py
[2024-09-28T03:55:07.777+0000] {processor.py:925} INFO - DAG(s) 'example_branch_python_operator_decorator' retrieved from /home/airflow/.local/lib/python3.12/site-packages/airflow/example_dags/example_branch_operator_decorator.py
[2024-09-28T03:55:07.820+0000] {logging_mixin.py:190} INFO - [2024-09-28T03:55:07.819+0000] {dag.py:3239} INFO - Sync 1 DAGs
[2024-09-28T03:55:07.853+0000] {logging_mixin.py:190} INFO - [2024-09-28T03:55:07.853+0000] {dag.py:4180} INFO - Setting next_dagrun for example_branch_python_operator_decorator to 2024-09-27 00:00:00+00:00, run_after=2024-09-28 00:00:00+00:00
[2024-09-28T03:55:07.883+0000] {processor.py:208} INFO - Processing /home/airflow/.local/lib/python3.12/site-packages/airflow/example_dags/example_branch_operator_decorator.py took 0.163 seconds
[2024-09-28T03:55:38.542+0000] {processor.py:186} INFO - Started process (PID=407) to work on /home/airflow/.local/lib/python3.12/site-packages/airflow/example_dags/example_branch_operator_decorator.py
[2024-09-28T03:55:38.544+0000] {processor.py:914} INFO - Processing file /home/airflow/.local/lib/python3.12/site-packages/airflow/example_dags/example_branch_operator_decorator.py for tasks to queue
[2024-09-28T03:55:38.546+0000] {logging_mixin.py:190} INFO - [2024-09-28T03:55:38.546+0000] {dagbag.py:588} INFO - Filling up the DagBag from /home/airflow/.local/lib/python3.12/site-packages/airflow/example_dags/example_branch_operator_decorator.py
[2024-09-28T03:55:38.564+0000] {processor.py:925} INFO - DAG(s) 'example_branch_python_operator_decorator' retrieved from /home/airflow/.local/lib/python3.12/site-packages/airflow/example_dags/example_branch_operator_decorator.py
[2024-09-28T03:55:38.590+0000] {logging_mixin.py:190} INFO - [2024-09-28T03:55:38.590+0000] {dag.py:3239} INFO - Sync 1 DAGs
[2024-09-28T03:55:38.613+0000] {logging_mixin.py:190} INFO - [2024-09-28T03:55:38.613+0000] {dag.py:4180} INFO - Setting next_dagrun for example_branch_python_operator_decorator to 2024-09-27 00:00:00+00:00, run_after=2024-09-28 00:00:00+00:00
[2024-09-28T03:55:38.634+0000] {processor.py:208} INFO - Processing /home/airflow/.local/lib/python3.12/site-packages/airflow/example_dags/example_branch_operator_decorator.py took 0.096 seconds
[2024-09-28T03:56:09.384+0000] {processor.py:186} INFO - Started process (PID=591) to work on /home/airflow/.local/lib/python3.12/site-packages/airflow/example_dags/example_branch_operator_decorator.py
[2024-09-28T03:56:09.385+0000] {processor.py:914} INFO - Processing file /home/airflow/.local/lib/python3.12/site-packages/airflow/example_dags/example_branch_operator_decorator.py for tasks to queue
[2024-09-28T03:56:09.387+0000] {logging_mixin.py:190} INFO - [2024-09-28T03:56:09.387+0000] {dagbag.py:588} INFO - Filling up the DagBag from /home/airflow/.local/lib/python3.12/site-packages/airflow/example_dags/example_branch_operator_decorator.py
[2024-09-28T03:56:09.408+0000] {processor.py:925} INFO - DAG(s) 'example_branch_python_operator_decorator' retrieved from /home/airflow/.local/lib/python3.12/site-packages/airflow/example_dags/example_branch_operator_decorator.py
[2024-09-28T03:56:09.436+0000] {logging_mixin.py:190} INFO - [2024-09-28T03:56:09.436+0000] {dag.py:3239} INFO - Sync 1 DAGs
[2024-09-28T03:56:09.462+0000] {logging_mixin.py:190} INFO - [2024-09-28T03:56:09.461+0000] {dag.py:4180} INFO - Setting next_dagrun for example_branch_python_operator_decorator to 2024-09-27 00:00:00+00:00, run_after=2024-09-28 00:00:00+00:00
[2024-09-28T03:56:09.487+0000] {processor.py:208} INFO - Processing /home/airflow/.local/lib/python3.12/site-packages/airflow/example_dags/example_branch_operator_decorator.py took 0.107 seconds
[2024-09-28T03:56:40.275+0000] {processor.py:186} INFO - Started process (PID=656) to work on /home/airflow/.local/lib/python3.12/site-packages/airflow/example_dags/example_branch_operator_decorator.py
[2024-09-28T03:56:40.277+0000] {processor.py:914} INFO - Processing file /home/airflow/.local/lib/python3.12/site-packages/airflow/example_dags/example_branch_operator_decorator.py for tasks to queue
[2024-09-28T03:56:40.282+0000] {logging_mixin.py:190} INFO - [2024-09-28T03:56:40.280+0000] {dagbag.py:588} INFO - Filling up the DagBag from /home/airflow/.local/lib/python3.12/site-packages/airflow/example_dags/example_branch_operator_decorator.py
[2024-09-28T03:56:40.324+0000] {processor.py:925} INFO - DAG(s) 'example_branch_python_operator_decorator' retrieved from /home/airflow/.local/lib/python3.12/site-packages/airflow/example_dags/example_branch_operator_decorator.py
[2024-09-28T03:56:40.366+0000] {logging_mixin.py:190} INFO - [2024-09-28T03:56:40.365+0000] {dag.py:3239} INFO - Sync 1 DAGs
[2024-09-28T03:56:40.411+0000] {logging_mixin.py:190} INFO - [2024-09-28T03:56:40.410+0000] {dag.py:4180} INFO - Setting next_dagrun for example_branch_python_operator_decorator to 2024-09-27 00:00:00+00:00, run_after=2024-09-28 00:00:00+00:00
[2024-09-28T03:56:40.461+0000] {processor.py:208} INFO - Processing /home/airflow/.local/lib/python3.12/site-packages/airflow/example_dags/example_branch_operator_decorator.py took 0.192 seconds
[2024-09-28T04:03:07.683+0000] {processor.py:186} INFO - Started process (PID=87) to work on /home/airflow/.local/lib/python3.12/site-packages/airflow/example_dags/example_branch_operator_decorator.py
[2024-09-28T04:03:07.685+0000] {processor.py:914} INFO - Processing file /home/airflow/.local/lib/python3.12/site-packages/airflow/example_dags/example_branch_operator_decorator.py for tasks to queue
[2024-09-28T04:03:07.687+0000] {logging_mixin.py:190} INFO - [2024-09-28T04:03:07.687+0000] {dagbag.py:588} INFO - Filling up the DagBag from /home/airflow/.local/lib/python3.12/site-packages/airflow/example_dags/example_branch_operator_decorator.py
[2024-09-28T04:03:07.725+0000] {processor.py:925} INFO - DAG(s) 'example_branch_python_operator_decorator' retrieved from /home/airflow/.local/lib/python3.12/site-packages/airflow/example_dags/example_branch_operator_decorator.py
[2024-09-28T04:03:07.913+0000] {logging_mixin.py:190} INFO - [2024-09-28T04:03:07.913+0000] {dag.py:3239} INFO - Sync 1 DAGs
[2024-09-28T04:03:07.939+0000] {logging_mixin.py:190} INFO - [2024-09-28T04:03:07.938+0000] {dag.py:4180} INFO - Setting next_dagrun for example_branch_python_operator_decorator to 2024-09-27 00:00:00+00:00, run_after=2024-09-28 00:00:00+00:00
[2024-09-28T04:03:07.966+0000] {processor.py:208} INFO - Processing /home/airflow/.local/lib/python3.12/site-packages/airflow/example_dags/example_branch_operator_decorator.py took 0.289 seconds
[2024-09-28T04:03:38.460+0000] {processor.py:186} INFO - Started process (PID=150) to work on /home/airflow/.local/lib/python3.12/site-packages/airflow/example_dags/example_branch_operator_decorator.py
[2024-09-28T04:03:38.461+0000] {processor.py:914} INFO - Processing file /home/airflow/.local/lib/python3.12/site-packages/airflow/example_dags/example_branch_operator_decorator.py for tasks to queue
[2024-09-28T04:03:38.465+0000] {logging_mixin.py:190} INFO - [2024-09-28T04:03:38.464+0000] {dagbag.py:588} INFO - Filling up the DagBag from /home/airflow/.local/lib/python3.12/site-packages/airflow/example_dags/example_branch_operator_decorator.py
[2024-09-28T04:03:38.568+0000] {processor.py:925} INFO - DAG(s) 'example_branch_python_operator_decorator' retrieved from /home/airflow/.local/lib/python3.12/site-packages/airflow/example_dags/example_branch_operator_decorator.py
[2024-09-28T04:03:38.611+0000] {logging_mixin.py:190} INFO - [2024-09-28T04:03:38.611+0000] {dag.py:3239} INFO - Sync 1 DAGs
[2024-09-28T04:03:38.642+0000] {logging_mixin.py:190} INFO - [2024-09-28T04:03:38.641+0000] {dag.py:4180} INFO - Setting next_dagrun for example_branch_python_operator_decorator to 2024-09-27 00:00:00+00:00, run_after=2024-09-28 00:00:00+00:00
[2024-09-28T04:03:38.669+0000] {processor.py:208} INFO - Processing /home/airflow/.local/lib/python3.12/site-packages/airflow/example_dags/example_branch_operator_decorator.py took 0.217 seconds
[2024-09-28T04:04:10.272+0000] {processor.py:186} INFO - Started process (PID=213) to work on /home/airflow/.local/lib/python3.12/site-packages/airflow/example_dags/example_branch_operator_decorator.py
[2024-09-28T04:04:10.273+0000] {processor.py:914} INFO - Processing file /home/airflow/.local/lib/python3.12/site-packages/airflow/example_dags/example_branch_operator_decorator.py for tasks to queue
[2024-09-28T04:04:10.275+0000] {logging_mixin.py:190} INFO - [2024-09-28T04:04:10.275+0000] {dagbag.py:588} INFO - Filling up the DagBag from /home/airflow/.local/lib/python3.12/site-packages/airflow/example_dags/example_branch_operator_decorator.py
[2024-09-28T04:04:10.301+0000] {processor.py:925} INFO - DAG(s) 'example_branch_python_operator_decorator' retrieved from /home/airflow/.local/lib/python3.12/site-packages/airflow/example_dags/example_branch_operator_decorator.py
[2024-09-28T04:04:10.332+0000] {logging_mixin.py:190} INFO - [2024-09-28T04:04:10.332+0000] {dag.py:3239} INFO - Sync 1 DAGs
[2024-09-28T04:04:10.362+0000] {logging_mixin.py:190} INFO - [2024-09-28T04:04:10.362+0000] {dag.py:4180} INFO - Setting next_dagrun for example_branch_python_operator_decorator to 2024-09-27 00:00:00+00:00, run_after=2024-09-28 00:00:00+00:00
[2024-09-28T04:04:10.391+0000] {processor.py:208} INFO - Processing /home/airflow/.local/lib/python3.12/site-packages/airflow/example_dags/example_branch_operator_decorator.py took 0.124 seconds
[2024-09-28T04:04:40.480+0000] {processor.py:186} INFO - Started process (PID=276) to work on /home/airflow/.local/lib/python3.12/site-packages/airflow/example_dags/example_branch_operator_decorator.py
[2024-09-28T04:04:40.481+0000] {processor.py:914} INFO - Processing file /home/airflow/.local/lib/python3.12/site-packages/airflow/example_dags/example_branch_operator_decorator.py for tasks to queue
[2024-09-28T04:04:40.484+0000] {logging_mixin.py:190} INFO - [2024-09-28T04:04:40.483+0000] {dagbag.py:588} INFO - Filling up the DagBag from /home/airflow/.local/lib/python3.12/site-packages/airflow/example_dags/example_branch_operator_decorator.py
[2024-09-28T04:04:40.505+0000] {processor.py:925} INFO - DAG(s) 'example_branch_python_operator_decorator' retrieved from /home/airflow/.local/lib/python3.12/site-packages/airflow/example_dags/example_branch_operator_decorator.py
[2024-09-28T04:04:40.534+0000] {logging_mixin.py:190} INFO - [2024-09-28T04:04:40.533+0000] {dag.py:3239} INFO - Sync 1 DAGs
[2024-09-28T04:04:40.559+0000] {logging_mixin.py:190} INFO - [2024-09-28T04:04:40.559+0000] {dag.py:4180} INFO - Setting next_dagrun for example_branch_python_operator_decorator to 2024-09-27 00:00:00+00:00, run_after=2024-09-28 00:00:00+00:00
[2024-09-28T04:04:40.586+0000] {processor.py:208} INFO - Processing /home/airflow/.local/lib/python3.12/site-packages/airflow/example_dags/example_branch_operator_decorator.py took 0.111 seconds
[2024-09-28T04:05:10.861+0000] {processor.py:186} INFO - Started process (PID=362) to work on /home/airflow/.local/lib/python3.12/site-packages/airflow/example_dags/example_branch_operator_decorator.py
[2024-09-28T04:05:10.862+0000] {processor.py:914} INFO - Processing file /home/airflow/.local/lib/python3.12/site-packages/airflow/example_dags/example_branch_operator_decorator.py for tasks to queue
[2024-09-28T04:05:10.864+0000] {logging_mixin.py:190} INFO - [2024-09-28T04:05:10.864+0000] {dagbag.py:588} INFO - Filling up the DagBag from /home/airflow/.local/lib/python3.12/site-packages/airflow/example_dags/example_branch_operator_decorator.py
[2024-09-28T04:05:10.882+0000] {processor.py:925} INFO - DAG(s) 'example_branch_python_operator_decorator' retrieved from /home/airflow/.local/lib/python3.12/site-packages/airflow/example_dags/example_branch_operator_decorator.py
[2024-09-28T04:05:10.909+0000] {logging_mixin.py:190} INFO - [2024-09-28T04:05:10.909+0000] {dag.py:3239} INFO - Sync 1 DAGs
[2024-09-28T04:05:10.931+0000] {logging_mixin.py:190} INFO - [2024-09-28T04:05:10.931+0000] {dag.py:4180} INFO - Setting next_dagrun for example_branch_python_operator_decorator to 2024-09-27 00:00:00+00:00, run_after=2024-09-28 00:00:00+00:00
[2024-09-28T04:05:10.956+0000] {processor.py:208} INFO - Processing /home/airflow/.local/lib/python3.12/site-packages/airflow/example_dags/example_branch_operator_decorator.py took 0.100 seconds
[2024-09-28T04:05:51.834+0000] {processor.py:186} INFO - Started process (PID=85) to work on /home/airflow/.local/lib/python3.12/site-packages/airflow/example_dags/example_branch_operator_decorator.py
[2024-09-28T04:05:51.835+0000] {processor.py:914} INFO - Processing file /home/airflow/.local/lib/python3.12/site-packages/airflow/example_dags/example_branch_operator_decorator.py for tasks to queue
[2024-09-28T04:05:51.838+0000] {logging_mixin.py:190} INFO - [2024-09-28T04:05:51.837+0000] {dagbag.py:588} INFO - Filling up the DagBag from /home/airflow/.local/lib/python3.12/site-packages/airflow/example_dags/example_branch_operator_decorator.py
[2024-09-28T04:05:51.865+0000] {processor.py:925} INFO - DAG(s) 'example_branch_python_operator_decorator' retrieved from /home/airflow/.local/lib/python3.12/site-packages/airflow/example_dags/example_branch_operator_decorator.py
[2024-09-28T04:05:52.015+0000] {logging_mixin.py:190} INFO - [2024-09-28T04:05:52.015+0000] {dag.py:3239} INFO - Sync 1 DAGs
[2024-09-28T04:05:52.044+0000] {logging_mixin.py:190} INFO - [2024-09-28T04:05:52.044+0000] {dag.py:4180} INFO - Setting next_dagrun for example_branch_python_operator_decorator to 2024-09-27 00:00:00+00:00, run_after=2024-09-28 00:00:00+00:00
[2024-09-28T04:05:52.074+0000] {processor.py:208} INFO - Processing /home/airflow/.local/lib/python3.12/site-packages/airflow/example_dags/example_branch_operator_decorator.py took 0.247 seconds
[2024-09-28T04:06:22.132+0000] {processor.py:186} INFO - Started process (PID=159) to work on /home/airflow/.local/lib/python3.12/site-packages/airflow/example_dags/example_branch_operator_decorator.py
[2024-09-28T04:06:22.134+0000] {processor.py:914} INFO - Processing file /home/airflow/.local/lib/python3.12/site-packages/airflow/example_dags/example_branch_operator_decorator.py for tasks to queue
[2024-09-28T04:06:22.136+0000] {logging_mixin.py:190} INFO - [2024-09-28T04:06:22.136+0000] {dagbag.py:588} INFO - Filling up the DagBag from /home/airflow/.local/lib/python3.12/site-packages/airflow/example_dags/example_branch_operator_decorator.py
[2024-09-28T04:06:22.157+0000] {processor.py:925} INFO - DAG(s) 'example_branch_python_operator_decorator' retrieved from /home/airflow/.local/lib/python3.12/site-packages/airflow/example_dags/example_branch_operator_decorator.py
[2024-09-28T04:06:22.188+0000] {logging_mixin.py:190} INFO - [2024-09-28T04:06:22.188+0000] {dag.py:3239} INFO - Sync 1 DAGs
[2024-09-28T04:06:22.222+0000] {logging_mixin.py:190} INFO - [2024-09-28T04:06:22.222+0000] {dag.py:4180} INFO - Setting next_dagrun for example_branch_python_operator_decorator to 2024-09-27 00:00:00+00:00, run_after=2024-09-28 00:00:00+00:00
[2024-09-28T04:06:22.266+0000] {processor.py:208} INFO - Processing /home/airflow/.local/lib/python3.12/site-packages/airflow/example_dags/example_branch_operator_decorator.py took 0.139 seconds
[2024-09-28T04:06:52.637+0000] {processor.py:186} INFO - Started process (PID=233) to work on /home/airflow/.local/lib/python3.12/site-packages/airflow/example_dags/example_branch_operator_decorator.py
[2024-09-28T04:06:52.639+0000] {processor.py:914} INFO - Processing file /home/airflow/.local/lib/python3.12/site-packages/airflow/example_dags/example_branch_operator_decorator.py for tasks to queue
[2024-09-28T04:06:52.642+0000] {logging_mixin.py:190} INFO - [2024-09-28T04:06:52.642+0000] {dagbag.py:588} INFO - Filling up the DagBag from /home/airflow/.local/lib/python3.12/site-packages/airflow/example_dags/example_branch_operator_decorator.py
[2024-09-28T04:06:52.666+0000] {processor.py:925} INFO - DAG(s) 'example_branch_python_operator_decorator' retrieved from /home/airflow/.local/lib/python3.12/site-packages/airflow/example_dags/example_branch_operator_decorator.py
[2024-09-28T04:06:52.700+0000] {logging_mixin.py:190} INFO - [2024-09-28T04:06:52.699+0000] {dag.py:3239} INFO - Sync 1 DAGs
[2024-09-28T04:06:52.731+0000] {logging_mixin.py:190} INFO - [2024-09-28T04:06:52.731+0000] {dag.py:4180} INFO - Setting next_dagrun for example_branch_python_operator_decorator to 2024-09-27 00:00:00+00:00, run_after=2024-09-28 00:00:00+00:00
[2024-09-28T04:06:52.766+0000] {processor.py:208} INFO - Processing /home/airflow/.local/lib/python3.12/site-packages/airflow/example_dags/example_branch_operator_decorator.py took 0.135 seconds
[2024-09-28T04:07:23.782+0000] {processor.py:186} INFO - Started process (PID=313) to work on /home/airflow/.local/lib/python3.12/site-packages/airflow/example_dags/example_branch_operator_decorator.py
[2024-09-28T04:07:23.783+0000] {processor.py:914} INFO - Processing file /home/airflow/.local/lib/python3.12/site-packages/airflow/example_dags/example_branch_operator_decorator.py for tasks to queue
[2024-09-28T04:07:23.786+0000] {logging_mixin.py:190} INFO - [2024-09-28T04:07:23.786+0000] {dagbag.py:588} INFO - Filling up the DagBag from /home/airflow/.local/lib/python3.12/site-packages/airflow/example_dags/example_branch_operator_decorator.py
[2024-09-28T04:07:23.807+0000] {processor.py:925} INFO - DAG(s) 'example_branch_python_operator_decorator' retrieved from /home/airflow/.local/lib/python3.12/site-packages/airflow/example_dags/example_branch_operator_decorator.py
[2024-09-28T04:07:23.837+0000] {logging_mixin.py:190} INFO - [2024-09-28T04:07:23.837+0000] {dag.py:3239} INFO - Sync 1 DAGs
[2024-09-28T04:07:23.865+0000] {logging_mixin.py:190} INFO - [2024-09-28T04:07:23.865+0000] {dag.py:4180} INFO - Setting next_dagrun for example_branch_python_operator_decorator to 2024-09-27 00:00:00+00:00, run_after=2024-09-28 00:00:00+00:00
[2024-09-28T04:07:23.892+0000] {processor.py:208} INFO - Processing /home/airflow/.local/lib/python3.12/site-packages/airflow/example_dags/example_branch_operator_decorator.py took 0.115 seconds
[2024-09-28T04:07:55.003+0000] {processor.py:186} INFO - Started process (PID=387) to work on /home/airflow/.local/lib/python3.12/site-packages/airflow/example_dags/example_branch_operator_decorator.py
[2024-09-28T04:07:55.004+0000] {processor.py:914} INFO - Processing file /home/airflow/.local/lib/python3.12/site-packages/airflow/example_dags/example_branch_operator_decorator.py for tasks to queue
[2024-09-28T04:07:55.007+0000] {logging_mixin.py:190} INFO - [2024-09-28T04:07:55.007+0000] {dagbag.py:588} INFO - Filling up the DagBag from /home/airflow/.local/lib/python3.12/site-packages/airflow/example_dags/example_branch_operator_decorator.py
[2024-09-28T04:07:55.025+0000] {processor.py:925} INFO - DAG(s) 'example_branch_python_operator_decorator' retrieved from /home/airflow/.local/lib/python3.12/site-packages/airflow/example_dags/example_branch_operator_decorator.py
[2024-09-28T04:07:55.053+0000] {logging_mixin.py:190} INFO - [2024-09-28T04:07:55.052+0000] {dag.py:3239} INFO - Sync 1 DAGs
[2024-09-28T04:07:55.077+0000] {logging_mixin.py:190} INFO - [2024-09-28T04:07:55.077+0000] {dag.py:4180} INFO - Setting next_dagrun for example_branch_python_operator_decorator to 2024-09-27 00:00:00+00:00, run_after=2024-09-28 00:00:00+00:00
[2024-09-28T04:07:55.103+0000] {processor.py:208} INFO - Processing /home/airflow/.local/lib/python3.12/site-packages/airflow/example_dags/example_branch_operator_decorator.py took 0.104 seconds
