[2024-09-28T02:19:02.322+0000] {processor.py:186} INFO - Started process (PID=98) to work on /home/airflow/.local/lib/python3.12/site-packages/airflow/example_dags/tutorial_dag.py
[2024-09-28T02:19:02.323+0000] {processor.py:914} INFO - Processing file /home/airflow/.local/lib/python3.12/site-packages/airflow/example_dags/tutorial_dag.py for tasks to queue
[2024-09-28T02:19:02.327+0000] {logging_mixin.py:190} INFO - [2024-09-28T02:19:02.327+0000] {dagbag.py:588} INFO - Filling up the DagBag from /home/airflow/.local/lib/python3.12/site-packages/airflow/example_dags/tutorial_dag.py
[2024-09-28T02:19:02.337+0000] {processor.py:925} INFO - DAG(s) 'tutorial_dag' retrieved from /home/airflow/.local/lib/python3.12/site-packages/airflow/example_dags/tutorial_dag.py
[2024-09-28T02:19:02.369+0000] {logging_mixin.py:190} INFO - [2024-09-28T02:19:02.368+0000] {dag.py:3239} INFO - Sync 1 DAGs
[2024-09-28T02:19:02.391+0000] {logging_mixin.py:190} INFO - [2024-09-28T02:19:02.391+0000] {dag.py:4180} INFO - Setting next_dagrun for tutorial_dag to None, run_after=None
[2024-09-28T02:19:02.423+0000] {processor.py:208} INFO - Processing /home/airflow/.local/lib/python3.12/site-packages/airflow/example_dags/tutorial_dag.py took 0.111 seconds
[2024-09-28T02:19:33.021+0000] {processor.py:186} INFO - Started process (PID=161) to work on /home/airflow/.local/lib/python3.12/site-packages/airflow/example_dags/tutorial_dag.py
[2024-09-28T02:19:33.022+0000] {processor.py:914} INFO - Processing file /home/airflow/.local/lib/python3.12/site-packages/airflow/example_dags/tutorial_dag.py for tasks to queue
[2024-09-28T02:19:33.025+0000] {logging_mixin.py:190} INFO - [2024-09-28T02:19:33.024+0000] {dagbag.py:588} INFO - Filling up the DagBag from /home/airflow/.local/lib/python3.12/site-packages/airflow/example_dags/tutorial_dag.py
[2024-09-28T02:19:33.035+0000] {processor.py:925} INFO - DAG(s) 'tutorial_dag' retrieved from /home/airflow/.local/lib/python3.12/site-packages/airflow/example_dags/tutorial_dag.py
[2024-09-28T02:19:33.066+0000] {logging_mixin.py:190} INFO - [2024-09-28T02:19:33.066+0000] {dag.py:3239} INFO - Sync 1 DAGs
[2024-09-28T02:19:33.088+0000] {logging_mixin.py:190} INFO - [2024-09-28T02:19:33.088+0000] {dag.py:4180} INFO - Setting next_dagrun for tutorial_dag to None, run_after=None
[2024-09-28T02:19:33.134+0000] {processor.py:208} INFO - Processing /home/airflow/.local/lib/python3.12/site-packages/airflow/example_dags/tutorial_dag.py took 0.120 seconds
[2024-09-28T02:20:03.866+0000] {processor.py:186} INFO - Started process (PID=224) to work on /home/airflow/.local/lib/python3.12/site-packages/airflow/example_dags/tutorial_dag.py
[2024-09-28T02:20:03.868+0000] {processor.py:914} INFO - Processing file /home/airflow/.local/lib/python3.12/site-packages/airflow/example_dags/tutorial_dag.py for tasks to queue
[2024-09-28T02:20:03.871+0000] {logging_mixin.py:190} INFO - [2024-09-28T02:20:03.871+0000] {dagbag.py:588} INFO - Filling up the DagBag from /home/airflow/.local/lib/python3.12/site-packages/airflow/example_dags/tutorial_dag.py
[2024-09-28T02:20:03.880+0000] {processor.py:925} INFO - DAG(s) 'tutorial_dag' retrieved from /home/airflow/.local/lib/python3.12/site-packages/airflow/example_dags/tutorial_dag.py
[2024-09-28T02:20:03.903+0000] {logging_mixin.py:190} INFO - [2024-09-28T02:20:03.902+0000] {dag.py:3239} INFO - Sync 1 DAGs
[2024-09-28T02:20:03.918+0000] {logging_mixin.py:190} INFO - [2024-09-28T02:20:03.918+0000] {dag.py:4180} INFO - Setting next_dagrun for tutorial_dag to None, run_after=None
[2024-09-28T02:20:03.943+0000] {processor.py:208} INFO - Processing /home/airflow/.local/lib/python3.12/site-packages/airflow/example_dags/tutorial_dag.py took 0.083 seconds
[2024-09-28T02:20:34.384+0000] {processor.py:186} INFO - Started process (PID=287) to work on /home/airflow/.local/lib/python3.12/site-packages/airflow/example_dags/tutorial_dag.py
[2024-09-28T02:20:34.385+0000] {processor.py:914} INFO - Processing file /home/airflow/.local/lib/python3.12/site-packages/airflow/example_dags/tutorial_dag.py for tasks to queue
[2024-09-28T02:20:34.388+0000] {logging_mixin.py:190} INFO - [2024-09-28T02:20:34.388+0000] {dagbag.py:588} INFO - Filling up the DagBag from /home/airflow/.local/lib/python3.12/site-packages/airflow/example_dags/tutorial_dag.py
[2024-09-28T02:20:34.395+0000] {processor.py:925} INFO - DAG(s) 'tutorial_dag' retrieved from /home/airflow/.local/lib/python3.12/site-packages/airflow/example_dags/tutorial_dag.py
[2024-09-28T02:20:34.417+0000] {logging_mixin.py:190} INFO - [2024-09-28T02:20:34.416+0000] {dag.py:3239} INFO - Sync 1 DAGs
[2024-09-28T02:20:34.434+0000] {logging_mixin.py:190} INFO - [2024-09-28T02:20:34.433+0000] {dag.py:4180} INFO - Setting next_dagrun for tutorial_dag to None, run_after=None
[2024-09-28T02:20:34.458+0000] {processor.py:208} INFO - Processing /home/airflow/.local/lib/python3.12/site-packages/airflow/example_dags/tutorial_dag.py took 0.079 seconds
[2024-09-28T02:21:04.810+0000] {processor.py:186} INFO - Started process (PID=350) to work on /home/airflow/.local/lib/python3.12/site-packages/airflow/example_dags/tutorial_dag.py
[2024-09-28T02:21:04.812+0000] {processor.py:914} INFO - Processing file /home/airflow/.local/lib/python3.12/site-packages/airflow/example_dags/tutorial_dag.py for tasks to queue
[2024-09-28T02:21:04.815+0000] {logging_mixin.py:190} INFO - [2024-09-28T02:21:04.814+0000] {dagbag.py:588} INFO - Filling up the DagBag from /home/airflow/.local/lib/python3.12/site-packages/airflow/example_dags/tutorial_dag.py
[2024-09-28T02:21:04.822+0000] {processor.py:925} INFO - DAG(s) 'tutorial_dag' retrieved from /home/airflow/.local/lib/python3.12/site-packages/airflow/example_dags/tutorial_dag.py
[2024-09-28T02:21:04.845+0000] {logging_mixin.py:190} INFO - [2024-09-28T02:21:04.845+0000] {dag.py:3239} INFO - Sync 1 DAGs
[2024-09-28T02:21:04.864+0000] {logging_mixin.py:190} INFO - [2024-09-28T02:21:04.863+0000] {dag.py:4180} INFO - Setting next_dagrun for tutorial_dag to None, run_after=None
[2024-09-28T02:21:04.891+0000] {processor.py:208} INFO - Processing /home/airflow/.local/lib/python3.12/site-packages/airflow/example_dags/tutorial_dag.py took 0.087 seconds
[2024-09-28T02:21:36.099+0000] {processor.py:186} INFO - Started process (PID=413) to work on /home/airflow/.local/lib/python3.12/site-packages/airflow/example_dags/tutorial_dag.py
[2024-09-28T02:21:36.101+0000] {processor.py:914} INFO - Processing file /home/airflow/.local/lib/python3.12/site-packages/airflow/example_dags/tutorial_dag.py for tasks to queue
[2024-09-28T02:21:36.105+0000] {logging_mixin.py:190} INFO - [2024-09-28T02:21:36.104+0000] {dagbag.py:588} INFO - Filling up the DagBag from /home/airflow/.local/lib/python3.12/site-packages/airflow/example_dags/tutorial_dag.py
[2024-09-28T02:21:36.114+0000] {processor.py:925} INFO - DAG(s) 'tutorial_dag' retrieved from /home/airflow/.local/lib/python3.12/site-packages/airflow/example_dags/tutorial_dag.py
[2024-09-28T02:21:36.141+0000] {logging_mixin.py:190} INFO - [2024-09-28T02:21:36.140+0000] {dag.py:3239} INFO - Sync 1 DAGs
[2024-09-28T02:21:36.162+0000] {logging_mixin.py:190} INFO - [2024-09-28T02:21:36.162+0000] {dag.py:4180} INFO - Setting next_dagrun for tutorial_dag to None, run_after=None
[2024-09-28T02:21:36.194+0000] {processor.py:208} INFO - Processing /home/airflow/.local/lib/python3.12/site-packages/airflow/example_dags/tutorial_dag.py took 0.101 seconds
[2024-09-28T02:22:06.714+0000] {processor.py:186} INFO - Started process (PID=476) to work on /home/airflow/.local/lib/python3.12/site-packages/airflow/example_dags/tutorial_dag.py
[2024-09-28T02:22:06.715+0000] {processor.py:914} INFO - Processing file /home/airflow/.local/lib/python3.12/site-packages/airflow/example_dags/tutorial_dag.py for tasks to queue
[2024-09-28T02:22:06.718+0000] {logging_mixin.py:190} INFO - [2024-09-28T02:22:06.718+0000] {dagbag.py:588} INFO - Filling up the DagBag from /home/airflow/.local/lib/python3.12/site-packages/airflow/example_dags/tutorial_dag.py
[2024-09-28T02:22:06.726+0000] {processor.py:925} INFO - DAG(s) 'tutorial_dag' retrieved from /home/airflow/.local/lib/python3.12/site-packages/airflow/example_dags/tutorial_dag.py
[2024-09-28T02:22:06.749+0000] {logging_mixin.py:190} INFO - [2024-09-28T02:22:06.748+0000] {dag.py:3239} INFO - Sync 1 DAGs
[2024-09-28T02:22:06.766+0000] {logging_mixin.py:190} INFO - [2024-09-28T02:22:06.766+0000] {dag.py:4180} INFO - Setting next_dagrun for tutorial_dag to None, run_after=None
[2024-09-28T02:22:06.791+0000] {processor.py:208} INFO - Processing /home/airflow/.local/lib/python3.12/site-packages/airflow/example_dags/tutorial_dag.py took 0.082 seconds
[2024-09-28T02:22:37.217+0000] {processor.py:186} INFO - Started process (PID=539) to work on /home/airflow/.local/lib/python3.12/site-packages/airflow/example_dags/tutorial_dag.py
[2024-09-28T02:22:37.218+0000] {processor.py:914} INFO - Processing file /home/airflow/.local/lib/python3.12/site-packages/airflow/example_dags/tutorial_dag.py for tasks to queue
[2024-09-28T02:22:37.221+0000] {logging_mixin.py:190} INFO - [2024-09-28T02:22:37.220+0000] {dagbag.py:588} INFO - Filling up the DagBag from /home/airflow/.local/lib/python3.12/site-packages/airflow/example_dags/tutorial_dag.py
[2024-09-28T02:22:37.227+0000] {processor.py:925} INFO - DAG(s) 'tutorial_dag' retrieved from /home/airflow/.local/lib/python3.12/site-packages/airflow/example_dags/tutorial_dag.py
[2024-09-28T02:22:37.246+0000] {logging_mixin.py:190} INFO - [2024-09-28T02:22:37.246+0000] {dag.py:3239} INFO - Sync 1 DAGs
[2024-09-28T02:22:37.261+0000] {logging_mixin.py:190} INFO - [2024-09-28T02:22:37.261+0000] {dag.py:4180} INFO - Setting next_dagrun for tutorial_dag to None, run_after=None
[2024-09-28T02:22:37.286+0000] {processor.py:208} INFO - Processing /home/airflow/.local/lib/python3.12/site-packages/airflow/example_dags/tutorial_dag.py took 0.074 seconds
[2024-09-28T02:23:08.507+0000] {processor.py:186} INFO - Started process (PID=603) to work on /home/airflow/.local/lib/python3.12/site-packages/airflow/example_dags/tutorial_dag.py
[2024-09-28T02:23:08.509+0000] {processor.py:914} INFO - Processing file /home/airflow/.local/lib/python3.12/site-packages/airflow/example_dags/tutorial_dag.py for tasks to queue
[2024-09-28T02:23:08.511+0000] {logging_mixin.py:190} INFO - [2024-09-28T02:23:08.511+0000] {dagbag.py:588} INFO - Filling up the DagBag from /home/airflow/.local/lib/python3.12/site-packages/airflow/example_dags/tutorial_dag.py
[2024-09-28T02:23:08.519+0000] {processor.py:925} INFO - DAG(s) 'tutorial_dag' retrieved from /home/airflow/.local/lib/python3.12/site-packages/airflow/example_dags/tutorial_dag.py
[2024-09-28T02:23:08.539+0000] {logging_mixin.py:190} INFO - [2024-09-28T02:23:08.538+0000] {dag.py:3239} INFO - Sync 1 DAGs
[2024-09-28T02:23:08.552+0000] {logging_mixin.py:190} INFO - [2024-09-28T02:23:08.552+0000] {dag.py:4180} INFO - Setting next_dagrun for tutorial_dag to None, run_after=None
[2024-09-28T02:23:08.577+0000] {processor.py:208} INFO - Processing /home/airflow/.local/lib/python3.12/site-packages/airflow/example_dags/tutorial_dag.py took 0.075 seconds
[2024-09-28T02:23:39.276+0000] {processor.py:186} INFO - Started process (PID=666) to work on /home/airflow/.local/lib/python3.12/site-packages/airflow/example_dags/tutorial_dag.py
[2024-09-28T02:23:39.276+0000] {processor.py:914} INFO - Processing file /home/airflow/.local/lib/python3.12/site-packages/airflow/example_dags/tutorial_dag.py for tasks to queue
[2024-09-28T02:23:39.278+0000] {logging_mixin.py:190} INFO - [2024-09-28T02:23:39.278+0000] {dagbag.py:588} INFO - Filling up the DagBag from /home/airflow/.local/lib/python3.12/site-packages/airflow/example_dags/tutorial_dag.py
[2024-09-28T02:23:39.285+0000] {processor.py:925} INFO - DAG(s) 'tutorial_dag' retrieved from /home/airflow/.local/lib/python3.12/site-packages/airflow/example_dags/tutorial_dag.py
[2024-09-28T02:23:39.303+0000] {logging_mixin.py:190} INFO - [2024-09-28T02:23:39.302+0000] {dag.py:3239} INFO - Sync 1 DAGs
[2024-09-28T02:23:39.316+0000] {logging_mixin.py:190} INFO - [2024-09-28T02:23:39.316+0000] {dag.py:4180} INFO - Setting next_dagrun for tutorial_dag to None, run_after=None
[2024-09-28T02:23:39.337+0000] {processor.py:208} INFO - Processing /home/airflow/.local/lib/python3.12/site-packages/airflow/example_dags/tutorial_dag.py took 0.066 seconds
[2024-09-28T02:24:09.949+0000] {processor.py:186} INFO - Started process (PID=729) to work on /home/airflow/.local/lib/python3.12/site-packages/airflow/example_dags/tutorial_dag.py
[2024-09-28T02:24:09.950+0000] {processor.py:914} INFO - Processing file /home/airflow/.local/lib/python3.12/site-packages/airflow/example_dags/tutorial_dag.py for tasks to queue
[2024-09-28T02:24:09.954+0000] {logging_mixin.py:190} INFO - [2024-09-28T02:24:09.954+0000] {dagbag.py:588} INFO - Filling up the DagBag from /home/airflow/.local/lib/python3.12/site-packages/airflow/example_dags/tutorial_dag.py
[2024-09-28T02:24:09.962+0000] {processor.py:925} INFO - DAG(s) 'tutorial_dag' retrieved from /home/airflow/.local/lib/python3.12/site-packages/airflow/example_dags/tutorial_dag.py
[2024-09-28T02:24:09.990+0000] {logging_mixin.py:190} INFO - [2024-09-28T02:24:09.989+0000] {dag.py:3239} INFO - Sync 1 DAGs
[2024-09-28T02:24:10.011+0000] {logging_mixin.py:190} INFO - [2024-09-28T02:24:10.011+0000] {dag.py:4180} INFO - Setting next_dagrun for tutorial_dag to None, run_after=None
[2024-09-28T02:24:10.040+0000] {processor.py:208} INFO - Processing /home/airflow/.local/lib/python3.12/site-packages/airflow/example_dags/tutorial_dag.py took 0.098 seconds
[2024-09-28T02:24:40.956+0000] {processor.py:186} INFO - Started process (PID=792) to work on /home/airflow/.local/lib/python3.12/site-packages/airflow/example_dags/tutorial_dag.py
[2024-09-28T02:24:40.957+0000] {processor.py:914} INFO - Processing file /home/airflow/.local/lib/python3.12/site-packages/airflow/example_dags/tutorial_dag.py for tasks to queue
[2024-09-28T02:24:40.960+0000] {logging_mixin.py:190} INFO - [2024-09-28T02:24:40.959+0000] {dagbag.py:588} INFO - Filling up the DagBag from /home/airflow/.local/lib/python3.12/site-packages/airflow/example_dags/tutorial_dag.py
[2024-09-28T02:24:40.968+0000] {processor.py:925} INFO - DAG(s) 'tutorial_dag' retrieved from /home/airflow/.local/lib/python3.12/site-packages/airflow/example_dags/tutorial_dag.py
[2024-09-28T02:24:40.992+0000] {logging_mixin.py:190} INFO - [2024-09-28T02:24:40.991+0000] {dag.py:3239} INFO - Sync 1 DAGs
[2024-09-28T02:24:41.009+0000] {logging_mixin.py:190} INFO - [2024-09-28T02:24:41.008+0000] {dag.py:4180} INFO - Setting next_dagrun for tutorial_dag to None, run_after=None
[2024-09-28T02:24:41.038+0000] {processor.py:208} INFO - Processing /home/airflow/.local/lib/python3.12/site-packages/airflow/example_dags/tutorial_dag.py took 0.088 seconds
[2024-09-28T02:25:11.467+0000] {processor.py:186} INFO - Started process (PID=855) to work on /home/airflow/.local/lib/python3.12/site-packages/airflow/example_dags/tutorial_dag.py
[2024-09-28T02:25:11.468+0000] {processor.py:914} INFO - Processing file /home/airflow/.local/lib/python3.12/site-packages/airflow/example_dags/tutorial_dag.py for tasks to queue
[2024-09-28T02:25:11.471+0000] {logging_mixin.py:190} INFO - [2024-09-28T02:25:11.470+0000] {dagbag.py:588} INFO - Filling up the DagBag from /home/airflow/.local/lib/python3.12/site-packages/airflow/example_dags/tutorial_dag.py
[2024-09-28T02:25:11.477+0000] {processor.py:925} INFO - DAG(s) 'tutorial_dag' retrieved from /home/airflow/.local/lib/python3.12/site-packages/airflow/example_dags/tutorial_dag.py
[2024-09-28T02:25:11.498+0000] {logging_mixin.py:190} INFO - [2024-09-28T02:25:11.497+0000] {dag.py:3239} INFO - Sync 1 DAGs
[2024-09-28T02:25:11.511+0000] {logging_mixin.py:190} INFO - [2024-09-28T02:25:11.511+0000] {dag.py:4180} INFO - Setting next_dagrun for tutorial_dag to None, run_after=None
[2024-09-28T02:25:11.535+0000] {processor.py:208} INFO - Processing /home/airflow/.local/lib/python3.12/site-packages/airflow/example_dags/tutorial_dag.py took 0.073 seconds
[2024-09-28T02:25:41.747+0000] {processor.py:186} INFO - Started process (PID=918) to work on /home/airflow/.local/lib/python3.12/site-packages/airflow/example_dags/tutorial_dag.py
[2024-09-28T02:25:41.748+0000] {processor.py:914} INFO - Processing file /home/airflow/.local/lib/python3.12/site-packages/airflow/example_dags/tutorial_dag.py for tasks to queue
[2024-09-28T02:25:41.751+0000] {logging_mixin.py:190} INFO - [2024-09-28T02:25:41.751+0000] {dagbag.py:588} INFO - Filling up the DagBag from /home/airflow/.local/lib/python3.12/site-packages/airflow/example_dags/tutorial_dag.py
[2024-09-28T02:25:41.757+0000] {processor.py:925} INFO - DAG(s) 'tutorial_dag' retrieved from /home/airflow/.local/lib/python3.12/site-packages/airflow/example_dags/tutorial_dag.py
[2024-09-28T02:25:41.777+0000] {logging_mixin.py:190} INFO - [2024-09-28T02:25:41.777+0000] {dag.py:3239} INFO - Sync 1 DAGs
[2024-09-28T02:25:41.792+0000] {logging_mixin.py:190} INFO - [2024-09-28T02:25:41.792+0000] {dag.py:4180} INFO - Setting next_dagrun for tutorial_dag to None, run_after=None
[2024-09-28T02:25:41.816+0000] {processor.py:208} INFO - Processing /home/airflow/.local/lib/python3.12/site-packages/airflow/example_dags/tutorial_dag.py took 0.073 seconds
[2024-09-28T02:26:12.228+0000] {processor.py:186} INFO - Started process (PID=981) to work on /home/airflow/.local/lib/python3.12/site-packages/airflow/example_dags/tutorial_dag.py
[2024-09-28T02:26:12.229+0000] {processor.py:914} INFO - Processing file /home/airflow/.local/lib/python3.12/site-packages/airflow/example_dags/tutorial_dag.py for tasks to queue
[2024-09-28T02:26:12.231+0000] {logging_mixin.py:190} INFO - [2024-09-28T02:26:12.231+0000] {dagbag.py:588} INFO - Filling up the DagBag from /home/airflow/.local/lib/python3.12/site-packages/airflow/example_dags/tutorial_dag.py
[2024-09-28T02:26:12.237+0000] {processor.py:925} INFO - DAG(s) 'tutorial_dag' retrieved from /home/airflow/.local/lib/python3.12/site-packages/airflow/example_dags/tutorial_dag.py
[2024-09-28T02:26:12.258+0000] {logging_mixin.py:190} INFO - [2024-09-28T02:26:12.258+0000] {dag.py:3239} INFO - Sync 1 DAGs
[2024-09-28T02:26:12.271+0000] {logging_mixin.py:190} INFO - [2024-09-28T02:26:12.271+0000] {dag.py:4180} INFO - Setting next_dagrun for tutorial_dag to None, run_after=None
[2024-09-28T02:26:12.294+0000] {processor.py:208} INFO - Processing /home/airflow/.local/lib/python3.12/site-packages/airflow/example_dags/tutorial_dag.py took 0.071 seconds
[2024-09-28T02:46:06.155+0000] {processor.py:186} INFO - Started process (PID=97) to work on /home/airflow/.local/lib/python3.12/site-packages/airflow/example_dags/tutorial_dag.py
[2024-09-28T02:46:06.157+0000] {processor.py:914} INFO - Processing file /home/airflow/.local/lib/python3.12/site-packages/airflow/example_dags/tutorial_dag.py for tasks to queue
[2024-09-28T02:46:06.160+0000] {logging_mixin.py:190} INFO - [2024-09-28T02:46:06.160+0000] {dagbag.py:588} INFO - Filling up the DagBag from /home/airflow/.local/lib/python3.12/site-packages/airflow/example_dags/tutorial_dag.py
[2024-09-28T02:46:06.168+0000] {processor.py:925} INFO - DAG(s) 'tutorial_dag' retrieved from /home/airflow/.local/lib/python3.12/site-packages/airflow/example_dags/tutorial_dag.py
[2024-09-28T02:46:06.190+0000] {logging_mixin.py:190} INFO - [2024-09-28T02:46:06.189+0000] {dag.py:3239} INFO - Sync 1 DAGs
[2024-09-28T02:46:06.208+0000] {logging_mixin.py:190} INFO - [2024-09-28T02:46:06.207+0000] {dag.py:4180} INFO - Setting next_dagrun for tutorial_dag to None, run_after=None
[2024-09-28T02:46:06.232+0000] {processor.py:208} INFO - Processing /home/airflow/.local/lib/python3.12/site-packages/airflow/example_dags/tutorial_dag.py took 0.083 seconds
[2024-09-28T02:46:38.039+0000] {processor.py:186} INFO - Started process (PID=160) to work on /home/airflow/.local/lib/python3.12/site-packages/airflow/example_dags/tutorial_dag.py
[2024-09-28T02:46:38.042+0000] {processor.py:914} INFO - Processing file /home/airflow/.local/lib/python3.12/site-packages/airflow/example_dags/tutorial_dag.py for tasks to queue
[2024-09-28T02:46:38.047+0000] {logging_mixin.py:190} INFO - [2024-09-28T02:46:38.046+0000] {dagbag.py:588} INFO - Filling up the DagBag from /home/airflow/.local/lib/python3.12/site-packages/airflow/example_dags/tutorial_dag.py
[2024-09-28T02:46:38.060+0000] {processor.py:925} INFO - DAG(s) 'tutorial_dag' retrieved from /home/airflow/.local/lib/python3.12/site-packages/airflow/example_dags/tutorial_dag.py
[2024-09-28T02:46:38.096+0000] {logging_mixin.py:190} INFO - [2024-09-28T02:46:38.096+0000] {dag.py:3239} INFO - Sync 1 DAGs
[2024-09-28T02:46:38.122+0000] {logging_mixin.py:190} INFO - [2024-09-28T02:46:38.122+0000] {dag.py:4180} INFO - Setting next_dagrun for tutorial_dag to None, run_after=None
[2024-09-28T02:46:38.159+0000] {processor.py:208} INFO - Processing /home/airflow/.local/lib/python3.12/site-packages/airflow/example_dags/tutorial_dag.py took 0.130 seconds
[2024-09-28T02:47:09.835+0000] {processor.py:186} INFO - Started process (PID=223) to work on /home/airflow/.local/lib/python3.12/site-packages/airflow/example_dags/tutorial_dag.py
[2024-09-28T02:47:09.836+0000] {processor.py:914} INFO - Processing file /home/airflow/.local/lib/python3.12/site-packages/airflow/example_dags/tutorial_dag.py for tasks to queue
[2024-09-28T02:47:09.839+0000] {logging_mixin.py:190} INFO - [2024-09-28T02:47:09.838+0000] {dagbag.py:588} INFO - Filling up the DagBag from /home/airflow/.local/lib/python3.12/site-packages/airflow/example_dags/tutorial_dag.py
[2024-09-28T02:47:09.846+0000] {processor.py:925} INFO - DAG(s) 'tutorial_dag' retrieved from /home/airflow/.local/lib/python3.12/site-packages/airflow/example_dags/tutorial_dag.py
[2024-09-28T02:47:09.868+0000] {logging_mixin.py:190} INFO - [2024-09-28T02:47:09.868+0000] {dag.py:3239} INFO - Sync 1 DAGs
[2024-09-28T02:47:09.884+0000] {logging_mixin.py:190} INFO - [2024-09-28T02:47:09.883+0000] {dag.py:4180} INFO - Setting next_dagrun for tutorial_dag to None, run_after=None
[2024-09-28T02:47:09.921+0000] {processor.py:208} INFO - Processing /home/airflow/.local/lib/python3.12/site-packages/airflow/example_dags/tutorial_dag.py took 0.092 seconds
[2024-09-28T02:47:40.169+0000] {processor.py:186} INFO - Started process (PID=287) to work on /home/airflow/.local/lib/python3.12/site-packages/airflow/example_dags/tutorial_dag.py
[2024-09-28T02:47:40.171+0000] {processor.py:914} INFO - Processing file /home/airflow/.local/lib/python3.12/site-packages/airflow/example_dags/tutorial_dag.py for tasks to queue
[2024-09-28T02:47:40.174+0000] {logging_mixin.py:190} INFO - [2024-09-28T02:47:40.173+0000] {dagbag.py:588} INFO - Filling up the DagBag from /home/airflow/.local/lib/python3.12/site-packages/airflow/example_dags/tutorial_dag.py
[2024-09-28T02:47:40.183+0000] {processor.py:925} INFO - DAG(s) 'tutorial_dag' retrieved from /home/airflow/.local/lib/python3.12/site-packages/airflow/example_dags/tutorial_dag.py
[2024-09-28T02:47:40.206+0000] {logging_mixin.py:190} INFO - [2024-09-28T02:47:40.206+0000] {dag.py:3239} INFO - Sync 1 DAGs
[2024-09-28T02:47:40.224+0000] {logging_mixin.py:190} INFO - [2024-09-28T02:47:40.223+0000] {dag.py:4180} INFO - Setting next_dagrun for tutorial_dag to None, run_after=None
[2024-09-28T02:47:40.250+0000] {processor.py:208} INFO - Processing /home/airflow/.local/lib/python3.12/site-packages/airflow/example_dags/tutorial_dag.py took 0.089 seconds
[2024-09-28T02:48:12.942+0000] {processor.py:186} INFO - Started process (PID=350) to work on /home/airflow/.local/lib/python3.12/site-packages/airflow/example_dags/tutorial_dag.py
[2024-09-28T02:48:12.943+0000] {processor.py:914} INFO - Processing file /home/airflow/.local/lib/python3.12/site-packages/airflow/example_dags/tutorial_dag.py for tasks to queue
[2024-09-28T02:48:12.946+0000] {logging_mixin.py:190} INFO - [2024-09-28T02:48:12.946+0000] {dagbag.py:588} INFO - Filling up the DagBag from /home/airflow/.local/lib/python3.12/site-packages/airflow/example_dags/tutorial_dag.py
[2024-09-28T02:48:12.958+0000] {processor.py:925} INFO - DAG(s) 'tutorial_dag' retrieved from /home/airflow/.local/lib/python3.12/site-packages/airflow/example_dags/tutorial_dag.py
[2024-09-28T02:48:13.262+0000] {logging_mixin.py:190} INFO - [2024-09-28T02:48:13.259+0000] {dag.py:3239} INFO - Sync 1 DAGs
[2024-09-28T02:48:13.282+0000] {logging_mixin.py:190} INFO - [2024-09-28T02:48:13.282+0000] {dag.py:4180} INFO - Setting next_dagrun for tutorial_dag to None, run_after=None
[2024-09-28T02:48:13.312+0000] {processor.py:208} INFO - Processing /home/airflow/.local/lib/python3.12/site-packages/airflow/example_dags/tutorial_dag.py took 0.377 seconds
[2024-09-28T02:48:43.976+0000] {processor.py:186} INFO - Started process (PID=413) to work on /home/airflow/.local/lib/python3.12/site-packages/airflow/example_dags/tutorial_dag.py
[2024-09-28T02:48:43.977+0000] {processor.py:914} INFO - Processing file /home/airflow/.local/lib/python3.12/site-packages/airflow/example_dags/tutorial_dag.py for tasks to queue
[2024-09-28T02:48:43.980+0000] {logging_mixin.py:190} INFO - [2024-09-28T02:48:43.979+0000] {dagbag.py:588} INFO - Filling up the DagBag from /home/airflow/.local/lib/python3.12/site-packages/airflow/example_dags/tutorial_dag.py
[2024-09-28T02:48:43.987+0000] {processor.py:925} INFO - DAG(s) 'tutorial_dag' retrieved from /home/airflow/.local/lib/python3.12/site-packages/airflow/example_dags/tutorial_dag.py
[2024-09-28T02:48:44.007+0000] {logging_mixin.py:190} INFO - [2024-09-28T02:48:44.007+0000] {dag.py:3239} INFO - Sync 1 DAGs
[2024-09-28T02:48:44.022+0000] {logging_mixin.py:190} INFO - [2024-09-28T02:48:44.022+0000] {dag.py:4180} INFO - Setting next_dagrun for tutorial_dag to None, run_after=None
[2024-09-28T02:48:44.050+0000] {processor.py:208} INFO - Processing /home/airflow/.local/lib/python3.12/site-packages/airflow/example_dags/tutorial_dag.py took 0.078 seconds
[2024-09-28T02:49:14.551+0000] {processor.py:186} INFO - Started process (PID=476) to work on /home/airflow/.local/lib/python3.12/site-packages/airflow/example_dags/tutorial_dag.py
[2024-09-28T02:49:14.552+0000] {processor.py:914} INFO - Processing file /home/airflow/.local/lib/python3.12/site-packages/airflow/example_dags/tutorial_dag.py for tasks to queue
[2024-09-28T02:49:14.555+0000] {logging_mixin.py:190} INFO - [2024-09-28T02:49:14.554+0000] {dagbag.py:588} INFO - Filling up the DagBag from /home/airflow/.local/lib/python3.12/site-packages/airflow/example_dags/tutorial_dag.py
[2024-09-28T02:49:14.562+0000] {processor.py:925} INFO - DAG(s) 'tutorial_dag' retrieved from /home/airflow/.local/lib/python3.12/site-packages/airflow/example_dags/tutorial_dag.py
[2024-09-28T02:49:14.581+0000] {logging_mixin.py:190} INFO - [2024-09-28T02:49:14.581+0000] {dag.py:3239} INFO - Sync 1 DAGs
[2024-09-28T02:49:14.595+0000] {logging_mixin.py:190} INFO - [2024-09-28T02:49:14.595+0000] {dag.py:4180} INFO - Setting next_dagrun for tutorial_dag to None, run_after=None
[2024-09-28T02:49:14.617+0000] {processor.py:208} INFO - Processing /home/airflow/.local/lib/python3.12/site-packages/airflow/example_dags/tutorial_dag.py took 0.071 seconds
[2024-09-28T02:49:44.915+0000] {processor.py:186} INFO - Started process (PID=539) to work on /home/airflow/.local/lib/python3.12/site-packages/airflow/example_dags/tutorial_dag.py
[2024-09-28T02:49:44.916+0000] {processor.py:914} INFO - Processing file /home/airflow/.local/lib/python3.12/site-packages/airflow/example_dags/tutorial_dag.py for tasks to queue
[2024-09-28T02:49:44.919+0000] {logging_mixin.py:190} INFO - [2024-09-28T02:49:44.918+0000] {dagbag.py:588} INFO - Filling up the DagBag from /home/airflow/.local/lib/python3.12/site-packages/airflow/example_dags/tutorial_dag.py
[2024-09-28T02:49:44.925+0000] {processor.py:925} INFO - DAG(s) 'tutorial_dag' retrieved from /home/airflow/.local/lib/python3.12/site-packages/airflow/example_dags/tutorial_dag.py
[2024-09-28T02:49:44.944+0000] {logging_mixin.py:190} INFO - [2024-09-28T02:49:44.944+0000] {dag.py:3239} INFO - Sync 1 DAGs
[2024-09-28T02:49:44.958+0000] {logging_mixin.py:190} INFO - [2024-09-28T02:49:44.957+0000] {dag.py:4180} INFO - Setting next_dagrun for tutorial_dag to None, run_after=None
[2024-09-28T02:49:44.980+0000] {processor.py:208} INFO - Processing /home/airflow/.local/lib/python3.12/site-packages/airflow/example_dags/tutorial_dag.py took 0.070 seconds
[2024-09-28T02:50:15.846+0000] {processor.py:186} INFO - Started process (PID=603) to work on /home/airflow/.local/lib/python3.12/site-packages/airflow/example_dags/tutorial_dag.py
[2024-09-28T02:50:15.847+0000] {processor.py:914} INFO - Processing file /home/airflow/.local/lib/python3.12/site-packages/airflow/example_dags/tutorial_dag.py for tasks to queue
[2024-09-28T02:50:15.849+0000] {logging_mixin.py:190} INFO - [2024-09-28T02:50:15.849+0000] {dagbag.py:588} INFO - Filling up the DagBag from /home/airflow/.local/lib/python3.12/site-packages/airflow/example_dags/tutorial_dag.py
[2024-09-28T02:50:15.856+0000] {processor.py:925} INFO - DAG(s) 'tutorial_dag' retrieved from /home/airflow/.local/lib/python3.12/site-packages/airflow/example_dags/tutorial_dag.py
[2024-09-28T02:50:15.876+0000] {logging_mixin.py:190} INFO - [2024-09-28T02:50:15.876+0000] {dag.py:3239} INFO - Sync 1 DAGs
[2024-09-28T02:50:15.890+0000] {logging_mixin.py:190} INFO - [2024-09-28T02:50:15.890+0000] {dag.py:4180} INFO - Setting next_dagrun for tutorial_dag to None, run_after=None
[2024-09-28T02:50:15.911+0000] {processor.py:208} INFO - Processing /home/airflow/.local/lib/python3.12/site-packages/airflow/example_dags/tutorial_dag.py took 0.070 seconds
[2024-09-28T02:50:46.368+0000] {processor.py:186} INFO - Started process (PID=666) to work on /home/airflow/.local/lib/python3.12/site-packages/airflow/example_dags/tutorial_dag.py
[2024-09-28T02:50:46.369+0000] {processor.py:914} INFO - Processing file /home/airflow/.local/lib/python3.12/site-packages/airflow/example_dags/tutorial_dag.py for tasks to queue
[2024-09-28T02:50:46.372+0000] {logging_mixin.py:190} INFO - [2024-09-28T02:50:46.371+0000] {dagbag.py:588} INFO - Filling up the DagBag from /home/airflow/.local/lib/python3.12/site-packages/airflow/example_dags/tutorial_dag.py
[2024-09-28T02:50:46.379+0000] {processor.py:925} INFO - DAG(s) 'tutorial_dag' retrieved from /home/airflow/.local/lib/python3.12/site-packages/airflow/example_dags/tutorial_dag.py
[2024-09-28T02:50:46.399+0000] {logging_mixin.py:190} INFO - [2024-09-28T02:50:46.399+0000] {dag.py:3239} INFO - Sync 1 DAGs
[2024-09-28T02:50:46.413+0000] {logging_mixin.py:190} INFO - [2024-09-28T02:50:46.412+0000] {dag.py:4180} INFO - Setting next_dagrun for tutorial_dag to None, run_after=None
[2024-09-28T02:50:46.436+0000] {processor.py:208} INFO - Processing /home/airflow/.local/lib/python3.12/site-packages/airflow/example_dags/tutorial_dag.py took 0.073 seconds
[2024-09-28T02:51:16.479+0000] {processor.py:186} INFO - Started process (PID=729) to work on /home/airflow/.local/lib/python3.12/site-packages/airflow/example_dags/tutorial_dag.py
[2024-09-28T02:51:16.480+0000] {processor.py:914} INFO - Processing file /home/airflow/.local/lib/python3.12/site-packages/airflow/example_dags/tutorial_dag.py for tasks to queue
[2024-09-28T02:51:16.482+0000] {logging_mixin.py:190} INFO - [2024-09-28T02:51:16.482+0000] {dagbag.py:588} INFO - Filling up the DagBag from /home/airflow/.local/lib/python3.12/site-packages/airflow/example_dags/tutorial_dag.py
[2024-09-28T02:51:16.490+0000] {processor.py:925} INFO - DAG(s) 'tutorial_dag' retrieved from /home/airflow/.local/lib/python3.12/site-packages/airflow/example_dags/tutorial_dag.py
[2024-09-28T02:51:16.511+0000] {logging_mixin.py:190} INFO - [2024-09-28T02:51:16.511+0000] {dag.py:3239} INFO - Sync 1 DAGs
[2024-09-28T02:51:16.527+0000] {logging_mixin.py:190} INFO - [2024-09-28T02:51:16.527+0000] {dag.py:4180} INFO - Setting next_dagrun for tutorial_dag to None, run_after=None
[2024-09-28T02:51:16.551+0000] {processor.py:208} INFO - Processing /home/airflow/.local/lib/python3.12/site-packages/airflow/example_dags/tutorial_dag.py took 0.078 seconds
[2024-09-28T02:51:48.147+0000] {processor.py:186} INFO - Started process (PID=792) to work on /home/airflow/.local/lib/python3.12/site-packages/airflow/example_dags/tutorial_dag.py
[2024-09-28T02:51:48.148+0000] {processor.py:914} INFO - Processing file /home/airflow/.local/lib/python3.12/site-packages/airflow/example_dags/tutorial_dag.py for tasks to queue
[2024-09-28T02:51:48.151+0000] {logging_mixin.py:190} INFO - [2024-09-28T02:51:48.150+0000] {dagbag.py:588} INFO - Filling up the DagBag from /home/airflow/.local/lib/python3.12/site-packages/airflow/example_dags/tutorial_dag.py
[2024-09-28T02:51:48.159+0000] {processor.py:925} INFO - DAG(s) 'tutorial_dag' retrieved from /home/airflow/.local/lib/python3.12/site-packages/airflow/example_dags/tutorial_dag.py
[2024-09-28T02:51:48.184+0000] {logging_mixin.py:190} INFO - [2024-09-28T02:51:48.184+0000] {dag.py:3239} INFO - Sync 1 DAGs
[2024-09-28T02:51:48.202+0000] {logging_mixin.py:190} INFO - [2024-09-28T02:51:48.201+0000] {dag.py:4180} INFO - Setting next_dagrun for tutorial_dag to None, run_after=None
[2024-09-28T02:51:48.232+0000] {processor.py:208} INFO - Processing /home/airflow/.local/lib/python3.12/site-packages/airflow/example_dags/tutorial_dag.py took 0.092 seconds
[2024-09-28T03:34:09.462+0000] {processor.py:186} INFO - Started process (PID=863) to work on /home/airflow/.local/lib/python3.12/site-packages/airflow/example_dags/tutorial_dag.py
[2024-09-28T03:34:09.464+0000] {processor.py:914} INFO - Processing file /home/airflow/.local/lib/python3.12/site-packages/airflow/example_dags/tutorial_dag.py for tasks to queue
[2024-09-28T03:34:09.466+0000] {logging_mixin.py:190} INFO - [2024-09-28T03:34:09.465+0000] {dagbag.py:588} INFO - Filling up the DagBag from /home/airflow/.local/lib/python3.12/site-packages/airflow/example_dags/tutorial_dag.py
[2024-09-28T03:34:09.474+0000] {processor.py:925} INFO - DAG(s) 'tutorial_dag' retrieved from /home/airflow/.local/lib/python3.12/site-packages/airflow/example_dags/tutorial_dag.py
[2024-09-28T03:34:09.504+0000] {logging_mixin.py:190} INFO - [2024-09-28T03:34:09.503+0000] {dag.py:3239} INFO - Sync 1 DAGs
[2024-09-28T03:34:09.524+0000] {logging_mixin.py:190} INFO - [2024-09-28T03:34:09.524+0000] {dag.py:4180} INFO - Setting next_dagrun for tutorial_dag to None, run_after=None
[2024-09-28T03:34:09.553+0000] {processor.py:208} INFO - Processing /home/airflow/.local/lib/python3.12/site-packages/airflow/example_dags/tutorial_dag.py took 0.099 seconds
[2024-09-28T03:34:40.208+0000] {processor.py:186} INFO - Started process (PID=926) to work on /home/airflow/.local/lib/python3.12/site-packages/airflow/example_dags/tutorial_dag.py
[2024-09-28T03:34:40.209+0000] {processor.py:914} INFO - Processing file /home/airflow/.local/lib/python3.12/site-packages/airflow/example_dags/tutorial_dag.py for tasks to queue
[2024-09-28T03:34:40.210+0000] {logging_mixin.py:190} INFO - [2024-09-28T03:34:40.210+0000] {dagbag.py:588} INFO - Filling up the DagBag from /home/airflow/.local/lib/python3.12/site-packages/airflow/example_dags/tutorial_dag.py
[2024-09-28T03:34:40.217+0000] {processor.py:925} INFO - DAG(s) 'tutorial_dag' retrieved from /home/airflow/.local/lib/python3.12/site-packages/airflow/example_dags/tutorial_dag.py
[2024-09-28T03:34:40.238+0000] {logging_mixin.py:190} INFO - [2024-09-28T03:34:40.238+0000] {dag.py:3239} INFO - Sync 1 DAGs
[2024-09-28T03:34:40.257+0000] {logging_mixin.py:190} INFO - [2024-09-28T03:34:40.257+0000] {dag.py:4180} INFO - Setting next_dagrun for tutorial_dag to None, run_after=None
[2024-09-28T03:34:40.282+0000] {processor.py:208} INFO - Processing /home/airflow/.local/lib/python3.12/site-packages/airflow/example_dags/tutorial_dag.py took 0.080 seconds
[2024-09-28T03:40:13.099+0000] {processor.py:186} INFO - Started process (PID=112) to work on /home/airflow/.local/lib/python3.12/site-packages/airflow/example_dags/tutorial_dag.py
[2024-09-28T03:40:13.100+0000] {processor.py:914} INFO - Processing file /home/airflow/.local/lib/python3.12/site-packages/airflow/example_dags/tutorial_dag.py for tasks to queue
[2024-09-28T03:40:13.104+0000] {logging_mixin.py:190} INFO - [2024-09-28T03:40:13.103+0000] {dagbag.py:588} INFO - Filling up the DagBag from /home/airflow/.local/lib/python3.12/site-packages/airflow/example_dags/tutorial_dag.py
[2024-09-28T03:40:13.112+0000] {processor.py:925} INFO - DAG(s) 'tutorial_dag' retrieved from /home/airflow/.local/lib/python3.12/site-packages/airflow/example_dags/tutorial_dag.py
[2024-09-28T03:40:13.138+0000] {logging_mixin.py:190} INFO - [2024-09-28T03:40:13.137+0000] {dag.py:3239} INFO - Sync 1 DAGs
[2024-09-28T03:40:13.155+0000] {logging_mixin.py:190} INFO - [2024-09-28T03:40:13.155+0000] {dag.py:4180} INFO - Setting next_dagrun for tutorial_dag to None, run_after=None
[2024-09-28T03:40:13.184+0000] {processor.py:208} INFO - Processing /home/airflow/.local/lib/python3.12/site-packages/airflow/example_dags/tutorial_dag.py took 0.091 seconds
[2024-09-28T03:40:43.425+0000] {processor.py:186} INFO - Started process (PID=186) to work on /home/airflow/.local/lib/python3.12/site-packages/airflow/example_dags/tutorial_dag.py
[2024-09-28T03:40:43.426+0000] {processor.py:914} INFO - Processing file /home/airflow/.local/lib/python3.12/site-packages/airflow/example_dags/tutorial_dag.py for tasks to queue
[2024-09-28T03:40:43.429+0000] {logging_mixin.py:190} INFO - [2024-09-28T03:40:43.428+0000] {dagbag.py:588} INFO - Filling up the DagBag from /home/airflow/.local/lib/python3.12/site-packages/airflow/example_dags/tutorial_dag.py
[2024-09-28T03:40:43.435+0000] {processor.py:925} INFO - DAG(s) 'tutorial_dag' retrieved from /home/airflow/.local/lib/python3.12/site-packages/airflow/example_dags/tutorial_dag.py
[2024-09-28T03:40:43.455+0000] {logging_mixin.py:190} INFO - [2024-09-28T03:40:43.455+0000] {dag.py:3239} INFO - Sync 1 DAGs
[2024-09-28T03:40:43.470+0000] {logging_mixin.py:190} INFO - [2024-09-28T03:40:43.470+0000] {dag.py:4180} INFO - Setting next_dagrun for tutorial_dag to None, run_after=None
[2024-09-28T03:40:43.540+0000] {processor.py:208} INFO - Processing /home/airflow/.local/lib/python3.12/site-packages/airflow/example_dags/tutorial_dag.py took 0.119 seconds
[2024-09-28T03:41:13.681+0000] {processor.py:186} INFO - Started process (PID=260) to work on /home/airflow/.local/lib/python3.12/site-packages/airflow/example_dags/tutorial_dag.py
[2024-09-28T03:41:13.682+0000] {processor.py:914} INFO - Processing file /home/airflow/.local/lib/python3.12/site-packages/airflow/example_dags/tutorial_dag.py for tasks to queue
[2024-09-28T03:41:13.685+0000] {logging_mixin.py:190} INFO - [2024-09-28T03:41:13.684+0000] {dagbag.py:588} INFO - Filling up the DagBag from /home/airflow/.local/lib/python3.12/site-packages/airflow/example_dags/tutorial_dag.py
[2024-09-28T03:41:13.691+0000] {processor.py:925} INFO - DAG(s) 'tutorial_dag' retrieved from /home/airflow/.local/lib/python3.12/site-packages/airflow/example_dags/tutorial_dag.py
[2024-09-28T03:41:13.711+0000] {logging_mixin.py:190} INFO - [2024-09-28T03:41:13.710+0000] {dag.py:3239} INFO - Sync 1 DAGs
[2024-09-28T03:41:13.727+0000] {logging_mixin.py:190} INFO - [2024-09-28T03:41:13.727+0000] {dag.py:4180} INFO - Setting next_dagrun for tutorial_dag to None, run_after=None
[2024-09-28T03:41:13.762+0000] {processor.py:208} INFO - Processing /home/airflow/.local/lib/python3.12/site-packages/airflow/example_dags/tutorial_dag.py took 0.086 seconds
[2024-09-28T03:41:44.570+0000] {processor.py:186} INFO - Started process (PID=334) to work on /home/airflow/.local/lib/python3.12/site-packages/airflow/example_dags/tutorial_dag.py
[2024-09-28T03:41:44.571+0000] {processor.py:914} INFO - Processing file /home/airflow/.local/lib/python3.12/site-packages/airflow/example_dags/tutorial_dag.py for tasks to queue
[2024-09-28T03:41:44.574+0000] {logging_mixin.py:190} INFO - [2024-09-28T03:41:44.574+0000] {dagbag.py:588} INFO - Filling up the DagBag from /home/airflow/.local/lib/python3.12/site-packages/airflow/example_dags/tutorial_dag.py
[2024-09-28T03:41:44.582+0000] {processor.py:925} INFO - DAG(s) 'tutorial_dag' retrieved from /home/airflow/.local/lib/python3.12/site-packages/airflow/example_dags/tutorial_dag.py
[2024-09-28T03:41:44.603+0000] {logging_mixin.py:190} INFO - [2024-09-28T03:41:44.603+0000] {dag.py:3239} INFO - Sync 1 DAGs
[2024-09-28T03:41:44.619+0000] {logging_mixin.py:190} INFO - [2024-09-28T03:41:44.619+0000] {dag.py:4180} INFO - Setting next_dagrun for tutorial_dag to None, run_after=None
[2024-09-28T03:41:44.645+0000] {processor.py:208} INFO - Processing /home/airflow/.local/lib/python3.12/site-packages/airflow/example_dags/tutorial_dag.py took 0.081 seconds
[2024-09-28T03:42:14.837+0000] {processor.py:186} INFO - Started process (PID=408) to work on /home/airflow/.local/lib/python3.12/site-packages/airflow/example_dags/tutorial_dag.py
[2024-09-28T03:42:14.838+0000] {processor.py:914} INFO - Processing file /home/airflow/.local/lib/python3.12/site-packages/airflow/example_dags/tutorial_dag.py for tasks to queue
[2024-09-28T03:42:14.840+0000] {logging_mixin.py:190} INFO - [2024-09-28T03:42:14.840+0000] {dagbag.py:588} INFO - Filling up the DagBag from /home/airflow/.local/lib/python3.12/site-packages/airflow/example_dags/tutorial_dag.py
[2024-09-28T03:42:14.846+0000] {processor.py:925} INFO - DAG(s) 'tutorial_dag' retrieved from /home/airflow/.local/lib/python3.12/site-packages/airflow/example_dags/tutorial_dag.py
[2024-09-28T03:42:14.866+0000] {logging_mixin.py:190} INFO - [2024-09-28T03:42:14.866+0000] {dag.py:3239} INFO - Sync 1 DAGs
[2024-09-28T03:42:14.882+0000] {logging_mixin.py:190} INFO - [2024-09-28T03:42:14.882+0000] {dag.py:4180} INFO - Setting next_dagrun for tutorial_dag to None, run_after=None
[2024-09-28T03:42:14.905+0000] {processor.py:208} INFO - Processing /home/airflow/.local/lib/python3.12/site-packages/airflow/example_dags/tutorial_dag.py took 0.074 seconds
[2024-09-28T03:42:45.390+0000] {processor.py:186} INFO - Started process (PID=482) to work on /home/airflow/.local/lib/python3.12/site-packages/airflow/example_dags/tutorial_dag.py
[2024-09-28T03:42:45.391+0000] {processor.py:914} INFO - Processing file /home/airflow/.local/lib/python3.12/site-packages/airflow/example_dags/tutorial_dag.py for tasks to queue
[2024-09-28T03:42:45.394+0000] {logging_mixin.py:190} INFO - [2024-09-28T03:42:45.393+0000] {dagbag.py:588} INFO - Filling up the DagBag from /home/airflow/.local/lib/python3.12/site-packages/airflow/example_dags/tutorial_dag.py
[2024-09-28T03:42:45.400+0000] {processor.py:925} INFO - DAG(s) 'tutorial_dag' retrieved from /home/airflow/.local/lib/python3.12/site-packages/airflow/example_dags/tutorial_dag.py
[2024-09-28T03:42:45.421+0000] {logging_mixin.py:190} INFO - [2024-09-28T03:42:45.420+0000] {dag.py:3239} INFO - Sync 1 DAGs
[2024-09-28T03:42:45.434+0000] {logging_mixin.py:190} INFO - [2024-09-28T03:42:45.434+0000] {dag.py:4180} INFO - Setting next_dagrun for tutorial_dag to None, run_after=None
[2024-09-28T03:42:45.457+0000] {processor.py:208} INFO - Processing /home/airflow/.local/lib/python3.12/site-packages/airflow/example_dags/tutorial_dag.py took 0.072 seconds
[2024-09-28T03:43:16.188+0000] {processor.py:186} INFO - Started process (PID=556) to work on /home/airflow/.local/lib/python3.12/site-packages/airflow/example_dags/tutorial_dag.py
[2024-09-28T03:43:16.189+0000] {processor.py:914} INFO - Processing file /home/airflow/.local/lib/python3.12/site-packages/airflow/example_dags/tutorial_dag.py for tasks to queue
[2024-09-28T03:43:16.193+0000] {logging_mixin.py:190} INFO - [2024-09-28T03:43:16.192+0000] {dagbag.py:588} INFO - Filling up the DagBag from /home/airflow/.local/lib/python3.12/site-packages/airflow/example_dags/tutorial_dag.py
[2024-09-28T03:43:16.200+0000] {processor.py:925} INFO - DAG(s) 'tutorial_dag' retrieved from /home/airflow/.local/lib/python3.12/site-packages/airflow/example_dags/tutorial_dag.py
[2024-09-28T03:43:16.219+0000] {logging_mixin.py:190} INFO - [2024-09-28T03:43:16.219+0000] {dag.py:3239} INFO - Sync 1 DAGs
[2024-09-28T03:43:16.233+0000] {logging_mixin.py:190} INFO - [2024-09-28T03:43:16.233+0000] {dag.py:4180} INFO - Setting next_dagrun for tutorial_dag to None, run_after=None
[2024-09-28T03:43:16.254+0000] {processor.py:208} INFO - Processing /home/airflow/.local/lib/python3.12/site-packages/airflow/example_dags/tutorial_dag.py took 0.071 seconds
[2024-09-28T03:43:46.432+0000] {processor.py:186} INFO - Started process (PID=630) to work on /home/airflow/.local/lib/python3.12/site-packages/airflow/example_dags/tutorial_dag.py
[2024-09-28T03:43:46.433+0000] {processor.py:914} INFO - Processing file /home/airflow/.local/lib/python3.12/site-packages/airflow/example_dags/tutorial_dag.py for tasks to queue
[2024-09-28T03:43:46.435+0000] {logging_mixin.py:190} INFO - [2024-09-28T03:43:46.435+0000] {dagbag.py:588} INFO - Filling up the DagBag from /home/airflow/.local/lib/python3.12/site-packages/airflow/example_dags/tutorial_dag.py
[2024-09-28T03:43:46.442+0000] {processor.py:925} INFO - DAG(s) 'tutorial_dag' retrieved from /home/airflow/.local/lib/python3.12/site-packages/airflow/example_dags/tutorial_dag.py
[2024-09-28T03:43:46.464+0000] {logging_mixin.py:190} INFO - [2024-09-28T03:43:46.464+0000] {dag.py:3239} INFO - Sync 1 DAGs
[2024-09-28T03:43:46.480+0000] {logging_mixin.py:190} INFO - [2024-09-28T03:43:46.479+0000] {dag.py:4180} INFO - Setting next_dagrun for tutorial_dag to None, run_after=None
[2024-09-28T03:43:46.506+0000] {processor.py:208} INFO - Processing /home/airflow/.local/lib/python3.12/site-packages/airflow/example_dags/tutorial_dag.py took 0.079 seconds
[2024-09-28T03:44:16.752+0000] {processor.py:186} INFO - Started process (PID=704) to work on /home/airflow/.local/lib/python3.12/site-packages/airflow/example_dags/tutorial_dag.py
[2024-09-28T03:44:16.753+0000] {processor.py:914} INFO - Processing file /home/airflow/.local/lib/python3.12/site-packages/airflow/example_dags/tutorial_dag.py for tasks to queue
[2024-09-28T03:44:16.755+0000] {logging_mixin.py:190} INFO - [2024-09-28T03:44:16.755+0000] {dagbag.py:588} INFO - Filling up the DagBag from /home/airflow/.local/lib/python3.12/site-packages/airflow/example_dags/tutorial_dag.py
[2024-09-28T03:44:16.761+0000] {processor.py:925} INFO - DAG(s) 'tutorial_dag' retrieved from /home/airflow/.local/lib/python3.12/site-packages/airflow/example_dags/tutorial_dag.py
[2024-09-28T03:44:16.780+0000] {logging_mixin.py:190} INFO - [2024-09-28T03:44:16.780+0000] {dag.py:3239} INFO - Sync 1 DAGs
[2024-09-28T03:44:16.792+0000] {logging_mixin.py:190} INFO - [2024-09-28T03:44:16.792+0000] {dag.py:4180} INFO - Setting next_dagrun for tutorial_dag to None, run_after=None
[2024-09-28T03:44:16.815+0000] {processor.py:208} INFO - Processing /home/airflow/.local/lib/python3.12/site-packages/airflow/example_dags/tutorial_dag.py took 0.067 seconds
[2024-09-28T03:44:47.033+0000] {processor.py:186} INFO - Started process (PID=778) to work on /home/airflow/.local/lib/python3.12/site-packages/airflow/example_dags/tutorial_dag.py
[2024-09-28T03:44:47.034+0000] {processor.py:914} INFO - Processing file /home/airflow/.local/lib/python3.12/site-packages/airflow/example_dags/tutorial_dag.py for tasks to queue
[2024-09-28T03:44:47.037+0000] {logging_mixin.py:190} INFO - [2024-09-28T03:44:47.037+0000] {dagbag.py:588} INFO - Filling up the DagBag from /home/airflow/.local/lib/python3.12/site-packages/airflow/example_dags/tutorial_dag.py
[2024-09-28T03:44:47.043+0000] {processor.py:925} INFO - DAG(s) 'tutorial_dag' retrieved from /home/airflow/.local/lib/python3.12/site-packages/airflow/example_dags/tutorial_dag.py
[2024-09-28T03:44:47.062+0000] {logging_mixin.py:190} INFO - [2024-09-28T03:44:47.061+0000] {dag.py:3239} INFO - Sync 1 DAGs
[2024-09-28T03:44:47.075+0000] {logging_mixin.py:190} INFO - [2024-09-28T03:44:47.075+0000] {dag.py:4180} INFO - Setting next_dagrun for tutorial_dag to None, run_after=None
[2024-09-28T03:44:47.100+0000] {processor.py:208} INFO - Processing /home/airflow/.local/lib/python3.12/site-packages/airflow/example_dags/tutorial_dag.py took 0.071 seconds
[2024-09-28T03:45:18.164+0000] {processor.py:186} INFO - Started process (PID=852) to work on /home/airflow/.local/lib/python3.12/site-packages/airflow/example_dags/tutorial_dag.py
[2024-09-28T03:45:18.165+0000] {processor.py:914} INFO - Processing file /home/airflow/.local/lib/python3.12/site-packages/airflow/example_dags/tutorial_dag.py for tasks to queue
[2024-09-28T03:45:18.168+0000] {logging_mixin.py:190} INFO - [2024-09-28T03:45:18.167+0000] {dagbag.py:588} INFO - Filling up the DagBag from /home/airflow/.local/lib/python3.12/site-packages/airflow/example_dags/tutorial_dag.py
[2024-09-28T03:45:18.174+0000] {processor.py:925} INFO - DAG(s) 'tutorial_dag' retrieved from /home/airflow/.local/lib/python3.12/site-packages/airflow/example_dags/tutorial_dag.py
[2024-09-28T03:45:18.194+0000] {logging_mixin.py:190} INFO - [2024-09-28T03:45:18.194+0000] {dag.py:3239} INFO - Sync 1 DAGs
[2024-09-28T03:45:18.209+0000] {logging_mixin.py:190} INFO - [2024-09-28T03:45:18.208+0000] {dag.py:4180} INFO - Setting next_dagrun for tutorial_dag to None, run_after=None
[2024-09-28T03:45:18.232+0000] {processor.py:208} INFO - Processing /home/airflow/.local/lib/python3.12/site-packages/airflow/example_dags/tutorial_dag.py took 0.073 seconds
[2024-09-28T03:45:48.750+0000] {processor.py:186} INFO - Started process (PID=927) to work on /home/airflow/.local/lib/python3.12/site-packages/airflow/example_dags/tutorial_dag.py
[2024-09-28T03:45:48.751+0000] {processor.py:914} INFO - Processing file /home/airflow/.local/lib/python3.12/site-packages/airflow/example_dags/tutorial_dag.py for tasks to queue
[2024-09-28T03:45:48.753+0000] {logging_mixin.py:190} INFO - [2024-09-28T03:45:48.753+0000] {dagbag.py:588} INFO - Filling up the DagBag from /home/airflow/.local/lib/python3.12/site-packages/airflow/example_dags/tutorial_dag.py
[2024-09-28T03:45:48.760+0000] {processor.py:925} INFO - DAG(s) 'tutorial_dag' retrieved from /home/airflow/.local/lib/python3.12/site-packages/airflow/example_dags/tutorial_dag.py
[2024-09-28T03:45:48.779+0000] {logging_mixin.py:190} INFO - [2024-09-28T03:45:48.779+0000] {dag.py:3239} INFO - Sync 1 DAGs
[2024-09-28T03:45:48.793+0000] {logging_mixin.py:190} INFO - [2024-09-28T03:45:48.793+0000] {dag.py:4180} INFO - Setting next_dagrun for tutorial_dag to None, run_after=None
[2024-09-28T03:45:48.817+0000] {processor.py:208} INFO - Processing /home/airflow/.local/lib/python3.12/site-packages/airflow/example_dags/tutorial_dag.py took 0.071 seconds
[2024-09-28T03:46:19.547+0000] {processor.py:186} INFO - Started process (PID=1001) to work on /home/airflow/.local/lib/python3.12/site-packages/airflow/example_dags/tutorial_dag.py
[2024-09-28T03:46:19.549+0000] {processor.py:914} INFO - Processing file /home/airflow/.local/lib/python3.12/site-packages/airflow/example_dags/tutorial_dag.py for tasks to queue
[2024-09-28T03:46:19.551+0000] {logging_mixin.py:190} INFO - [2024-09-28T03:46:19.551+0000] {dagbag.py:588} INFO - Filling up the DagBag from /home/airflow/.local/lib/python3.12/site-packages/airflow/example_dags/tutorial_dag.py
[2024-09-28T03:46:19.557+0000] {processor.py:925} INFO - DAG(s) 'tutorial_dag' retrieved from /home/airflow/.local/lib/python3.12/site-packages/airflow/example_dags/tutorial_dag.py
[2024-09-28T03:46:19.575+0000] {logging_mixin.py:190} INFO - [2024-09-28T03:46:19.575+0000] {dag.py:3239} INFO - Sync 1 DAGs
[2024-09-28T03:46:19.589+0000] {logging_mixin.py:190} INFO - [2024-09-28T03:46:19.589+0000] {dag.py:4180} INFO - Setting next_dagrun for tutorial_dag to None, run_after=None
[2024-09-28T03:46:19.612+0000] {processor.py:208} INFO - Processing /home/airflow/.local/lib/python3.12/site-packages/airflow/example_dags/tutorial_dag.py took 0.069 seconds
[2024-09-28T03:46:50.338+0000] {processor.py:186} INFO - Started process (PID=1075) to work on /home/airflow/.local/lib/python3.12/site-packages/airflow/example_dags/tutorial_dag.py
[2024-09-28T03:46:50.339+0000] {processor.py:914} INFO - Processing file /home/airflow/.local/lib/python3.12/site-packages/airflow/example_dags/tutorial_dag.py for tasks to queue
[2024-09-28T03:46:50.342+0000] {logging_mixin.py:190} INFO - [2024-09-28T03:46:50.342+0000] {dagbag.py:588} INFO - Filling up the DagBag from /home/airflow/.local/lib/python3.12/site-packages/airflow/example_dags/tutorial_dag.py
[2024-09-28T03:46:50.350+0000] {processor.py:925} INFO - DAG(s) 'tutorial_dag' retrieved from /home/airflow/.local/lib/python3.12/site-packages/airflow/example_dags/tutorial_dag.py
[2024-09-28T03:46:50.376+0000] {logging_mixin.py:190} INFO - [2024-09-28T03:46:50.376+0000] {dag.py:3239} INFO - Sync 1 DAGs
[2024-09-28T03:46:50.394+0000] {logging_mixin.py:190} INFO - [2024-09-28T03:46:50.394+0000] {dag.py:4180} INFO - Setting next_dagrun for tutorial_dag to None, run_after=None
[2024-09-28T03:46:50.421+0000] {processor.py:208} INFO - Processing /home/airflow/.local/lib/python3.12/site-packages/airflow/example_dags/tutorial_dag.py took 0.089 seconds
[2024-09-28T03:47:20.492+0000] {processor.py:186} INFO - Started process (PID=1149) to work on /home/airflow/.local/lib/python3.12/site-packages/airflow/example_dags/tutorial_dag.py
[2024-09-28T03:47:20.494+0000] {processor.py:914} INFO - Processing file /home/airflow/.local/lib/python3.12/site-packages/airflow/example_dags/tutorial_dag.py for tasks to queue
[2024-09-28T03:47:20.497+0000] {logging_mixin.py:190} INFO - [2024-09-28T03:47:20.496+0000] {dagbag.py:588} INFO - Filling up the DagBag from /home/airflow/.local/lib/python3.12/site-packages/airflow/example_dags/tutorial_dag.py
[2024-09-28T03:47:20.504+0000] {processor.py:925} INFO - DAG(s) 'tutorial_dag' retrieved from /home/airflow/.local/lib/python3.12/site-packages/airflow/example_dags/tutorial_dag.py
[2024-09-28T03:47:20.528+0000] {logging_mixin.py:190} INFO - [2024-09-28T03:47:20.528+0000] {dag.py:3239} INFO - Sync 1 DAGs
[2024-09-28T03:47:20.546+0000] {logging_mixin.py:190} INFO - [2024-09-28T03:47:20.546+0000] {dag.py:4180} INFO - Setting next_dagrun for tutorial_dag to None, run_after=None
[2024-09-28T03:47:20.571+0000] {processor.py:208} INFO - Processing /home/airflow/.local/lib/python3.12/site-packages/airflow/example_dags/tutorial_dag.py took 0.085 seconds
[2024-09-28T03:47:50.886+0000] {processor.py:186} INFO - Started process (PID=1223) to work on /home/airflow/.local/lib/python3.12/site-packages/airflow/example_dags/tutorial_dag.py
[2024-09-28T03:47:50.888+0000] {processor.py:914} INFO - Processing file /home/airflow/.local/lib/python3.12/site-packages/airflow/example_dags/tutorial_dag.py for tasks to queue
[2024-09-28T03:47:50.890+0000] {logging_mixin.py:190} INFO - [2024-09-28T03:47:50.890+0000] {dagbag.py:588} INFO - Filling up the DagBag from /home/airflow/.local/lib/python3.12/site-packages/airflow/example_dags/tutorial_dag.py
[2024-09-28T03:47:50.900+0000] {processor.py:925} INFO - DAG(s) 'tutorial_dag' retrieved from /home/airflow/.local/lib/python3.12/site-packages/airflow/example_dags/tutorial_dag.py
[2024-09-28T03:47:50.927+0000] {logging_mixin.py:190} INFO - [2024-09-28T03:47:50.926+0000] {dag.py:3239} INFO - Sync 1 DAGs
[2024-09-28T03:47:50.945+0000] {logging_mixin.py:190} INFO - [2024-09-28T03:47:50.945+0000] {dag.py:4180} INFO - Setting next_dagrun for tutorial_dag to None, run_after=None
[2024-09-28T03:47:50.973+0000] {processor.py:208} INFO - Processing /home/airflow/.local/lib/python3.12/site-packages/airflow/example_dags/tutorial_dag.py took 0.093 seconds
[2024-09-28T03:48:21.156+0000] {processor.py:186} INFO - Started process (PID=1297) to work on /home/airflow/.local/lib/python3.12/site-packages/airflow/example_dags/tutorial_dag.py
[2024-09-28T03:48:21.157+0000] {processor.py:914} INFO - Processing file /home/airflow/.local/lib/python3.12/site-packages/airflow/example_dags/tutorial_dag.py for tasks to queue
[2024-09-28T03:48:21.160+0000] {logging_mixin.py:190} INFO - [2024-09-28T03:48:21.160+0000] {dagbag.py:588} INFO - Filling up the DagBag from /home/airflow/.local/lib/python3.12/site-packages/airflow/example_dags/tutorial_dag.py
[2024-09-28T03:48:21.167+0000] {processor.py:925} INFO - DAG(s) 'tutorial_dag' retrieved from /home/airflow/.local/lib/python3.12/site-packages/airflow/example_dags/tutorial_dag.py
[2024-09-28T03:48:21.187+0000] {logging_mixin.py:190} INFO - [2024-09-28T03:48:21.187+0000] {dag.py:3239} INFO - Sync 1 DAGs
[2024-09-28T03:48:21.202+0000] {logging_mixin.py:190} INFO - [2024-09-28T03:48:21.201+0000] {dag.py:4180} INFO - Setting next_dagrun for tutorial_dag to None, run_after=None
[2024-09-28T03:48:21.227+0000] {processor.py:208} INFO - Processing /home/airflow/.local/lib/python3.12/site-packages/airflow/example_dags/tutorial_dag.py took 0.076 seconds
[2024-09-28T03:48:52.518+0000] {processor.py:186} INFO - Started process (PID=1371) to work on /home/airflow/.local/lib/python3.12/site-packages/airflow/example_dags/tutorial_dag.py
[2024-09-28T03:48:52.519+0000] {processor.py:914} INFO - Processing file /home/airflow/.local/lib/python3.12/site-packages/airflow/example_dags/tutorial_dag.py for tasks to queue
[2024-09-28T03:48:52.523+0000] {logging_mixin.py:190} INFO - [2024-09-28T03:48:52.522+0000] {dagbag.py:588} INFO - Filling up the DagBag from /home/airflow/.local/lib/python3.12/site-packages/airflow/example_dags/tutorial_dag.py
[2024-09-28T03:48:52.533+0000] {processor.py:925} INFO - DAG(s) 'tutorial_dag' retrieved from /home/airflow/.local/lib/python3.12/site-packages/airflow/example_dags/tutorial_dag.py
[2024-09-28T03:48:52.562+0000] {logging_mixin.py:190} INFO - [2024-09-28T03:48:52.561+0000] {dag.py:3239} INFO - Sync 1 DAGs
[2024-09-28T03:48:52.581+0000] {logging_mixin.py:190} INFO - [2024-09-28T03:48:52.580+0000] {dag.py:4180} INFO - Setting next_dagrun for tutorial_dag to None, run_after=None
[2024-09-28T03:48:52.610+0000] {processor.py:208} INFO - Processing /home/airflow/.local/lib/python3.12/site-packages/airflow/example_dags/tutorial_dag.py took 0.099 seconds
[2024-09-28T03:49:22.877+0000] {processor.py:186} INFO - Started process (PID=1445) to work on /home/airflow/.local/lib/python3.12/site-packages/airflow/example_dags/tutorial_dag.py
[2024-09-28T03:49:22.879+0000] {processor.py:914} INFO - Processing file /home/airflow/.local/lib/python3.12/site-packages/airflow/example_dags/tutorial_dag.py for tasks to queue
[2024-09-28T03:49:22.881+0000] {logging_mixin.py:190} INFO - [2024-09-28T03:49:22.881+0000] {dagbag.py:588} INFO - Filling up the DagBag from /home/airflow/.local/lib/python3.12/site-packages/airflow/example_dags/tutorial_dag.py
[2024-09-28T03:49:22.888+0000] {processor.py:925} INFO - DAG(s) 'tutorial_dag' retrieved from /home/airflow/.local/lib/python3.12/site-packages/airflow/example_dags/tutorial_dag.py
[2024-09-28T03:49:22.912+0000] {logging_mixin.py:190} INFO - [2024-09-28T03:49:22.911+0000] {dag.py:3239} INFO - Sync 1 DAGs
[2024-09-28T03:49:22.928+0000] {logging_mixin.py:190} INFO - [2024-09-28T03:49:22.927+0000] {dag.py:4180} INFO - Setting next_dagrun for tutorial_dag to None, run_after=None
[2024-09-28T03:49:22.957+0000] {processor.py:208} INFO - Processing /home/airflow/.local/lib/python3.12/site-packages/airflow/example_dags/tutorial_dag.py took 0.085 seconds
[2024-09-28T03:49:53.955+0000] {processor.py:186} INFO - Started process (PID=1519) to work on /home/airflow/.local/lib/python3.12/site-packages/airflow/example_dags/tutorial_dag.py
[2024-09-28T03:49:53.958+0000] {processor.py:914} INFO - Processing file /home/airflow/.local/lib/python3.12/site-packages/airflow/example_dags/tutorial_dag.py for tasks to queue
[2024-09-28T03:49:53.971+0000] {logging_mixin.py:190} INFO - [2024-09-28T03:49:53.961+0000] {dagbag.py:588} INFO - Filling up the DagBag from /home/airflow/.local/lib/python3.12/site-packages/airflow/example_dags/tutorial_dag.py
[2024-09-28T03:49:53.983+0000] {processor.py:925} INFO - DAG(s) 'tutorial_dag' retrieved from /home/airflow/.local/lib/python3.12/site-packages/airflow/example_dags/tutorial_dag.py
[2024-09-28T03:49:54.030+0000] {logging_mixin.py:190} INFO - [2024-09-28T03:49:54.030+0000] {dag.py:3239} INFO - Sync 1 DAGs
[2024-09-28T03:49:54.060+0000] {logging_mixin.py:190} INFO - [2024-09-28T03:49:54.060+0000] {dag.py:4180} INFO - Setting next_dagrun for tutorial_dag to None, run_after=None
[2024-09-28T03:49:54.165+0000] {processor.py:208} INFO - Processing /home/airflow/.local/lib/python3.12/site-packages/airflow/example_dags/tutorial_dag.py took 0.218 seconds
[2024-09-28T03:50:25.185+0000] {processor.py:186} INFO - Started process (PID=1593) to work on /home/airflow/.local/lib/python3.12/site-packages/airflow/example_dags/tutorial_dag.py
[2024-09-28T03:50:25.186+0000] {processor.py:914} INFO - Processing file /home/airflow/.local/lib/python3.12/site-packages/airflow/example_dags/tutorial_dag.py for tasks to queue
[2024-09-28T03:50:25.188+0000] {logging_mixin.py:190} INFO - [2024-09-28T03:50:25.188+0000] {dagbag.py:588} INFO - Filling up the DagBag from /home/airflow/.local/lib/python3.12/site-packages/airflow/example_dags/tutorial_dag.py
[2024-09-28T03:50:25.194+0000] {processor.py:925} INFO - DAG(s) 'tutorial_dag' retrieved from /home/airflow/.local/lib/python3.12/site-packages/airflow/example_dags/tutorial_dag.py
[2024-09-28T03:50:25.215+0000] {logging_mixin.py:190} INFO - [2024-09-28T03:50:25.214+0000] {dag.py:3239} INFO - Sync 1 DAGs
[2024-09-28T03:50:25.229+0000] {logging_mixin.py:190} INFO - [2024-09-28T03:50:25.228+0000] {dag.py:4180} INFO - Setting next_dagrun for tutorial_dag to None, run_after=None
[2024-09-28T03:50:25.253+0000] {processor.py:208} INFO - Processing /home/airflow/.local/lib/python3.12/site-packages/airflow/example_dags/tutorial_dag.py took 0.072 seconds
[2024-09-28T03:53:36.535+0000] {processor.py:186} INFO - Started process (PID=110) to work on /home/airflow/.local/lib/python3.12/site-packages/airflow/example_dags/tutorial_dag.py
[2024-09-28T03:53:36.538+0000] {processor.py:914} INFO - Processing file /home/airflow/.local/lib/python3.12/site-packages/airflow/example_dags/tutorial_dag.py for tasks to queue
[2024-09-28T03:53:36.541+0000] {logging_mixin.py:190} INFO - [2024-09-28T03:53:36.540+0000] {dagbag.py:588} INFO - Filling up the DagBag from /home/airflow/.local/lib/python3.12/site-packages/airflow/example_dags/tutorial_dag.py
[2024-09-28T03:53:36.547+0000] {processor.py:925} INFO - DAG(s) 'tutorial_dag' retrieved from /home/airflow/.local/lib/python3.12/site-packages/airflow/example_dags/tutorial_dag.py
[2024-09-28T03:53:36.567+0000] {logging_mixin.py:190} INFO - [2024-09-28T03:53:36.567+0000] {dag.py:3239} INFO - Sync 1 DAGs
[2024-09-28T03:53:36.581+0000] {logging_mixin.py:190} INFO - [2024-09-28T03:53:36.581+0000] {dag.py:4180} INFO - Setting next_dagrun for tutorial_dag to None, run_after=None
[2024-09-28T03:53:36.608+0000] {processor.py:208} INFO - Processing /home/airflow/.local/lib/python3.12/site-packages/airflow/example_dags/tutorial_dag.py took 0.079 seconds
[2024-09-28T03:54:07.677+0000] {processor.py:186} INFO - Started process (PID=185) to work on /home/airflow/.local/lib/python3.12/site-packages/airflow/example_dags/tutorial_dag.py
[2024-09-28T03:54:07.679+0000] {processor.py:914} INFO - Processing file /home/airflow/.local/lib/python3.12/site-packages/airflow/example_dags/tutorial_dag.py for tasks to queue
[2024-09-28T03:54:07.686+0000] {logging_mixin.py:190} INFO - [2024-09-28T03:54:07.685+0000] {dagbag.py:588} INFO - Filling up the DagBag from /home/airflow/.local/lib/python3.12/site-packages/airflow/example_dags/tutorial_dag.py
[2024-09-28T03:54:07.705+0000] {processor.py:925} INFO - DAG(s) 'tutorial_dag' retrieved from /home/airflow/.local/lib/python3.12/site-packages/airflow/example_dags/tutorial_dag.py
[2024-09-28T03:54:07.740+0000] {logging_mixin.py:190} INFO - [2024-09-28T03:54:07.740+0000] {dag.py:3239} INFO - Sync 1 DAGs
[2024-09-28T03:54:07.769+0000] {logging_mixin.py:190} INFO - [2024-09-28T03:54:07.768+0000] {dag.py:4180} INFO - Setting next_dagrun for tutorial_dag to None, run_after=None
[2024-09-28T03:54:07.815+0000] {processor.py:208} INFO - Processing /home/airflow/.local/lib/python3.12/site-packages/airflow/example_dags/tutorial_dag.py took 0.149 seconds
[2024-09-28T03:54:37.907+0000] {processor.py:186} INFO - Started process (PID=259) to work on /home/airflow/.local/lib/python3.12/site-packages/airflow/example_dags/tutorial_dag.py
[2024-09-28T03:54:37.908+0000] {processor.py:914} INFO - Processing file /home/airflow/.local/lib/python3.12/site-packages/airflow/example_dags/tutorial_dag.py for tasks to queue
[2024-09-28T03:54:37.911+0000] {logging_mixin.py:190} INFO - [2024-09-28T03:54:37.910+0000] {dagbag.py:588} INFO - Filling up the DagBag from /home/airflow/.local/lib/python3.12/site-packages/airflow/example_dags/tutorial_dag.py
[2024-09-28T03:54:37.918+0000] {processor.py:925} INFO - DAG(s) 'tutorial_dag' retrieved from /home/airflow/.local/lib/python3.12/site-packages/airflow/example_dags/tutorial_dag.py
[2024-09-28T03:54:37.939+0000] {logging_mixin.py:190} INFO - [2024-09-28T03:54:37.938+0000] {dag.py:3239} INFO - Sync 1 DAGs
[2024-09-28T03:54:37.952+0000] {logging_mixin.py:190} INFO - [2024-09-28T03:54:37.952+0000] {dag.py:4180} INFO - Setting next_dagrun for tutorial_dag to None, run_after=None
[2024-09-28T03:54:37.982+0000] {processor.py:208} INFO - Processing /home/airflow/.local/lib/python3.12/site-packages/airflow/example_dags/tutorial_dag.py took 0.081 seconds
[2024-09-28T03:55:08.917+0000] {processor.py:186} INFO - Started process (PID=333) to work on /home/airflow/.local/lib/python3.12/site-packages/airflow/example_dags/tutorial_dag.py
[2024-09-28T03:55:08.919+0000] {processor.py:914} INFO - Processing file /home/airflow/.local/lib/python3.12/site-packages/airflow/example_dags/tutorial_dag.py for tasks to queue
[2024-09-28T03:55:08.921+0000] {logging_mixin.py:190} INFO - [2024-09-28T03:55:08.921+0000] {dagbag.py:588} INFO - Filling up the DagBag from /home/airflow/.local/lib/python3.12/site-packages/airflow/example_dags/tutorial_dag.py
[2024-09-28T03:55:08.928+0000] {processor.py:925} INFO - DAG(s) 'tutorial_dag' retrieved from /home/airflow/.local/lib/python3.12/site-packages/airflow/example_dags/tutorial_dag.py
[2024-09-28T03:55:08.950+0000] {logging_mixin.py:190} INFO - [2024-09-28T03:55:08.950+0000] {dag.py:3239} INFO - Sync 1 DAGs
[2024-09-28T03:55:08.966+0000] {logging_mixin.py:190} INFO - [2024-09-28T03:55:08.966+0000] {dag.py:4180} INFO - Setting next_dagrun for tutorial_dag to None, run_after=None
[2024-09-28T03:55:08.996+0000] {processor.py:208} INFO - Processing /home/airflow/.local/lib/python3.12/site-packages/airflow/example_dags/tutorial_dag.py took 0.084 seconds
[2024-09-28T03:55:39.764+0000] {processor.py:186} INFO - Started process (PID=432) to work on /home/airflow/.local/lib/python3.12/site-packages/airflow/example_dags/tutorial_dag.py
[2024-09-28T03:55:39.770+0000] {processor.py:914} INFO - Processing file /home/airflow/.local/lib/python3.12/site-packages/airflow/example_dags/tutorial_dag.py for tasks to queue
[2024-09-28T03:55:39.784+0000] {logging_mixin.py:190} INFO - [2024-09-28T03:55:39.783+0000] {dagbag.py:588} INFO - Filling up the DagBag from /home/airflow/.local/lib/python3.12/site-packages/airflow/example_dags/tutorial_dag.py
[2024-09-28T03:55:39.811+0000] {processor.py:925} INFO - DAG(s) 'tutorial_dag' retrieved from /home/airflow/.local/lib/python3.12/site-packages/airflow/example_dags/tutorial_dag.py
[2024-09-28T03:55:39.893+0000] {logging_mixin.py:190} INFO - [2024-09-28T03:55:39.893+0000] {dag.py:3239} INFO - Sync 1 DAGs
[2024-09-28T03:55:39.912+0000] {logging_mixin.py:190} INFO - [2024-09-28T03:55:39.912+0000] {dag.py:4180} INFO - Setting next_dagrun for tutorial_dag to None, run_after=None
[2024-09-28T03:55:39.935+0000] {processor.py:208} INFO - Processing /home/airflow/.local/lib/python3.12/site-packages/airflow/example_dags/tutorial_dag.py took 0.182 seconds
[2024-09-28T03:56:10.460+0000] {processor.py:186} INFO - Started process (PID=604) to work on /home/airflow/.local/lib/python3.12/site-packages/airflow/example_dags/tutorial_dag.py
[2024-09-28T03:56:10.461+0000] {processor.py:914} INFO - Processing file /home/airflow/.local/lib/python3.12/site-packages/airflow/example_dags/tutorial_dag.py for tasks to queue
[2024-09-28T03:56:10.464+0000] {logging_mixin.py:190} INFO - [2024-09-28T03:56:10.464+0000] {dagbag.py:588} INFO - Filling up the DagBag from /home/airflow/.local/lib/python3.12/site-packages/airflow/example_dags/tutorial_dag.py
[2024-09-28T03:56:10.471+0000] {processor.py:925} INFO - DAG(s) 'tutorial_dag' retrieved from /home/airflow/.local/lib/python3.12/site-packages/airflow/example_dags/tutorial_dag.py
[2024-09-28T03:56:10.491+0000] {logging_mixin.py:190} INFO - [2024-09-28T03:56:10.491+0000] {dag.py:3239} INFO - Sync 1 DAGs
[2024-09-28T03:56:10.506+0000] {logging_mixin.py:190} INFO - [2024-09-28T03:56:10.506+0000] {dag.py:4180} INFO - Setting next_dagrun for tutorial_dag to None, run_after=None
[2024-09-28T03:56:10.535+0000] {processor.py:208} INFO - Processing /home/airflow/.local/lib/python3.12/site-packages/airflow/example_dags/tutorial_dag.py took 0.080 seconds
[2024-09-28T03:56:41.348+0000] {processor.py:186} INFO - Started process (PID=669) to work on /home/airflow/.local/lib/python3.12/site-packages/airflow/example_dags/tutorial_dag.py
[2024-09-28T03:56:41.349+0000] {processor.py:914} INFO - Processing file /home/airflow/.local/lib/python3.12/site-packages/airflow/example_dags/tutorial_dag.py for tasks to queue
[2024-09-28T03:56:41.352+0000] {logging_mixin.py:190} INFO - [2024-09-28T03:56:41.352+0000] {dagbag.py:588} INFO - Filling up the DagBag from /home/airflow/.local/lib/python3.12/site-packages/airflow/example_dags/tutorial_dag.py
[2024-09-28T03:56:41.360+0000] {processor.py:925} INFO - DAG(s) 'tutorial_dag' retrieved from /home/airflow/.local/lib/python3.12/site-packages/airflow/example_dags/tutorial_dag.py
[2024-09-28T03:56:41.383+0000] {logging_mixin.py:190} INFO - [2024-09-28T03:56:41.383+0000] {dag.py:3239} INFO - Sync 1 DAGs
[2024-09-28T03:56:41.400+0000] {logging_mixin.py:190} INFO - [2024-09-28T03:56:41.400+0000] {dag.py:4180} INFO - Setting next_dagrun for tutorial_dag to None, run_after=None
[2024-09-28T03:56:41.427+0000] {processor.py:208} INFO - Processing /home/airflow/.local/lib/python3.12/site-packages/airflow/example_dags/tutorial_dag.py took 0.084 seconds
[2024-09-28T04:03:08.959+0000] {processor.py:186} INFO - Started process (PID=100) to work on /home/airflow/.local/lib/python3.12/site-packages/airflow/example_dags/tutorial_dag.py
[2024-09-28T04:03:08.961+0000] {processor.py:914} INFO - Processing file /home/airflow/.local/lib/python3.12/site-packages/airflow/example_dags/tutorial_dag.py for tasks to queue
[2024-09-28T04:03:08.964+0000] {logging_mixin.py:190} INFO - [2024-09-28T04:03:08.964+0000] {dagbag.py:588} INFO - Filling up the DagBag from /home/airflow/.local/lib/python3.12/site-packages/airflow/example_dags/tutorial_dag.py
[2024-09-28T04:03:08.972+0000] {processor.py:925} INFO - DAG(s) 'tutorial_dag' retrieved from /home/airflow/.local/lib/python3.12/site-packages/airflow/example_dags/tutorial_dag.py
[2024-09-28T04:03:08.993+0000] {logging_mixin.py:190} INFO - [2024-09-28T04:03:08.993+0000] {dag.py:3239} INFO - Sync 1 DAGs
[2024-09-28T04:03:09.011+0000] {logging_mixin.py:190} INFO - [2024-09-28T04:03:09.010+0000] {dag.py:4180} INFO - Setting next_dagrun for tutorial_dag to None, run_after=None
[2024-09-28T04:03:09.038+0000] {processor.py:208} INFO - Processing /home/airflow/.local/lib/python3.12/site-packages/airflow/example_dags/tutorial_dag.py took 0.085 seconds
[2024-09-28T04:03:39.662+0000] {processor.py:186} INFO - Started process (PID=163) to work on /home/airflow/.local/lib/python3.12/site-packages/airflow/example_dags/tutorial_dag.py
[2024-09-28T04:03:39.663+0000] {processor.py:914} INFO - Processing file /home/airflow/.local/lib/python3.12/site-packages/airflow/example_dags/tutorial_dag.py for tasks to queue
[2024-09-28T04:03:39.667+0000] {logging_mixin.py:190} INFO - [2024-09-28T04:03:39.666+0000] {dagbag.py:588} INFO - Filling up the DagBag from /home/airflow/.local/lib/python3.12/site-packages/airflow/example_dags/tutorial_dag.py
[2024-09-28T04:03:39.679+0000] {processor.py:925} INFO - DAG(s) 'tutorial_dag' retrieved from /home/airflow/.local/lib/python3.12/site-packages/airflow/example_dags/tutorial_dag.py
[2024-09-28T04:03:39.710+0000] {logging_mixin.py:190} INFO - [2024-09-28T04:03:39.710+0000] {dag.py:3239} INFO - Sync 1 DAGs
[2024-09-28T04:03:39.737+0000] {logging_mixin.py:190} INFO - [2024-09-28T04:03:39.736+0000] {dag.py:4180} INFO - Setting next_dagrun for tutorial_dag to None, run_after=None
[2024-09-28T04:03:39.773+0000] {processor.py:208} INFO - Processing /home/airflow/.local/lib/python3.12/site-packages/airflow/example_dags/tutorial_dag.py took 0.119 seconds
[2024-09-28T04:04:11.128+0000] {processor.py:186} INFO - Started process (PID=226) to work on /home/airflow/.local/lib/python3.12/site-packages/airflow/example_dags/tutorial_dag.py
[2024-09-28T04:04:11.131+0000] {processor.py:914} INFO - Processing file /home/airflow/.local/lib/python3.12/site-packages/airflow/example_dags/tutorial_dag.py for tasks to queue
[2024-09-28T04:04:11.133+0000] {logging_mixin.py:190} INFO - [2024-09-28T04:04:11.133+0000] {dagbag.py:588} INFO - Filling up the DagBag from /home/airflow/.local/lib/python3.12/site-packages/airflow/example_dags/tutorial_dag.py
[2024-09-28T04:04:11.142+0000] {processor.py:925} INFO - DAG(s) 'tutorial_dag' retrieved from /home/airflow/.local/lib/python3.12/site-packages/airflow/example_dags/tutorial_dag.py
[2024-09-28T04:04:11.163+0000] {logging_mixin.py:190} INFO - [2024-09-28T04:04:11.163+0000] {dag.py:3239} INFO - Sync 1 DAGs
[2024-09-28T04:04:11.179+0000] {logging_mixin.py:190} INFO - [2024-09-28T04:04:11.178+0000] {dag.py:4180} INFO - Setting next_dagrun for tutorial_dag to None, run_after=None
[2024-09-28T04:04:11.204+0000] {processor.py:208} INFO - Processing /home/airflow/.local/lib/python3.12/site-packages/airflow/example_dags/tutorial_dag.py took 0.086 seconds
[2024-09-28T04:04:41.610+0000] {processor.py:186} INFO - Started process (PID=289) to work on /home/airflow/.local/lib/python3.12/site-packages/airflow/example_dags/tutorial_dag.py
[2024-09-28T04:04:41.611+0000] {processor.py:914} INFO - Processing file /home/airflow/.local/lib/python3.12/site-packages/airflow/example_dags/tutorial_dag.py for tasks to queue
[2024-09-28T04:04:41.614+0000] {logging_mixin.py:190} INFO - [2024-09-28T04:04:41.614+0000] {dagbag.py:588} INFO - Filling up the DagBag from /home/airflow/.local/lib/python3.12/site-packages/airflow/example_dags/tutorial_dag.py
[2024-09-28T04:04:41.623+0000] {processor.py:925} INFO - DAG(s) 'tutorial_dag' retrieved from /home/airflow/.local/lib/python3.12/site-packages/airflow/example_dags/tutorial_dag.py
[2024-09-28T04:04:41.651+0000] {logging_mixin.py:190} INFO - [2024-09-28T04:04:41.650+0000] {dag.py:3239} INFO - Sync 1 DAGs
[2024-09-28T04:04:41.672+0000] {logging_mixin.py:190} INFO - [2024-09-28T04:04:41.672+0000] {dag.py:4180} INFO - Setting next_dagrun for tutorial_dag to None, run_after=None
[2024-09-28T04:04:41.703+0000] {processor.py:208} INFO - Processing /home/airflow/.local/lib/python3.12/site-packages/airflow/example_dags/tutorial_dag.py took 0.100 seconds
[2024-09-28T04:05:11.801+0000] {processor.py:186} INFO - Started process (PID=375) to work on /home/airflow/.local/lib/python3.12/site-packages/airflow/example_dags/tutorial_dag.py
[2024-09-28T04:05:11.802+0000] {processor.py:914} INFO - Processing file /home/airflow/.local/lib/python3.12/site-packages/airflow/example_dags/tutorial_dag.py for tasks to queue
[2024-09-28T04:05:11.804+0000] {logging_mixin.py:190} INFO - [2024-09-28T04:05:11.804+0000] {dagbag.py:588} INFO - Filling up the DagBag from /home/airflow/.local/lib/python3.12/site-packages/airflow/example_dags/tutorial_dag.py
[2024-09-28T04:05:11.810+0000] {processor.py:925} INFO - DAG(s) 'tutorial_dag' retrieved from /home/airflow/.local/lib/python3.12/site-packages/airflow/example_dags/tutorial_dag.py
[2024-09-28T04:05:11.830+0000] {logging_mixin.py:190} INFO - [2024-09-28T04:05:11.830+0000] {dag.py:3239} INFO - Sync 1 DAGs
[2024-09-28T04:05:11.845+0000] {logging_mixin.py:190} INFO - [2024-09-28T04:05:11.845+0000] {dag.py:4180} INFO - Setting next_dagrun for tutorial_dag to None, run_after=None
[2024-09-28T04:05:11.873+0000] {processor.py:208} INFO - Processing /home/airflow/.local/lib/python3.12/site-packages/airflow/example_dags/tutorial_dag.py took 0.076 seconds
[2024-09-28T04:05:53.341+0000] {processor.py:186} INFO - Started process (PID=104) to work on /home/airflow/.local/lib/python3.12/site-packages/airflow/example_dags/tutorial_dag.py
[2024-09-28T04:05:53.342+0000] {processor.py:914} INFO - Processing file /home/airflow/.local/lib/python3.12/site-packages/airflow/example_dags/tutorial_dag.py for tasks to queue
[2024-09-28T04:05:53.345+0000] {logging_mixin.py:190} INFO - [2024-09-28T04:05:53.345+0000] {dagbag.py:588} INFO - Filling up the DagBag from /home/airflow/.local/lib/python3.12/site-packages/airflow/example_dags/tutorial_dag.py
[2024-09-28T04:05:53.352+0000] {processor.py:925} INFO - DAG(s) 'tutorial_dag' retrieved from /home/airflow/.local/lib/python3.12/site-packages/airflow/example_dags/tutorial_dag.py
[2024-09-28T04:05:53.374+0000] {logging_mixin.py:190} INFO - [2024-09-28T04:05:53.374+0000] {dag.py:3239} INFO - Sync 1 DAGs
[2024-09-28T04:05:53.391+0000] {logging_mixin.py:190} INFO - [2024-09-28T04:05:53.391+0000] {dag.py:4180} INFO - Setting next_dagrun for tutorial_dag to None, run_after=None
[2024-09-28T04:05:53.417+0000] {processor.py:208} INFO - Processing /home/airflow/.local/lib/python3.12/site-packages/airflow/example_dags/tutorial_dag.py took 0.082 seconds
[2024-09-28T04:06:24.035+0000] {processor.py:186} INFO - Started process (PID=178) to work on /home/airflow/.local/lib/python3.12/site-packages/airflow/example_dags/tutorial_dag.py
[2024-09-28T04:06:24.037+0000] {processor.py:914} INFO - Processing file /home/airflow/.local/lib/python3.12/site-packages/airflow/example_dags/tutorial_dag.py for tasks to queue
[2024-09-28T04:06:24.039+0000] {logging_mixin.py:190} INFO - [2024-09-28T04:06:24.039+0000] {dagbag.py:588} INFO - Filling up the DagBag from /home/airflow/.local/lib/python3.12/site-packages/airflow/example_dags/tutorial_dag.py
[2024-09-28T04:06:24.047+0000] {processor.py:925} INFO - DAG(s) 'tutorial_dag' retrieved from /home/airflow/.local/lib/python3.12/site-packages/airflow/example_dags/tutorial_dag.py
[2024-09-28T04:06:24.072+0000] {logging_mixin.py:190} INFO - [2024-09-28T04:06:24.072+0000] {dag.py:3239} INFO - Sync 1 DAGs
[2024-09-28T04:06:24.093+0000] {logging_mixin.py:190} INFO - [2024-09-28T04:06:24.093+0000] {dag.py:4180} INFO - Setting next_dagrun for tutorial_dag to None, run_after=None
[2024-09-28T04:06:24.120+0000] {processor.py:208} INFO - Processing /home/airflow/.local/lib/python3.12/site-packages/airflow/example_dags/tutorial_dag.py took 0.090 seconds
[2024-09-28T04:06:54.653+0000] {processor.py:186} INFO - Started process (PID=252) to work on /home/airflow/.local/lib/python3.12/site-packages/airflow/example_dags/tutorial_dag.py
[2024-09-28T04:06:54.654+0000] {processor.py:914} INFO - Processing file /home/airflow/.local/lib/python3.12/site-packages/airflow/example_dags/tutorial_dag.py for tasks to queue
[2024-09-28T04:06:54.657+0000] {logging_mixin.py:190} INFO - [2024-09-28T04:06:54.657+0000] {dagbag.py:588} INFO - Filling up the DagBag from /home/airflow/.local/lib/python3.12/site-packages/airflow/example_dags/tutorial_dag.py
[2024-09-28T04:06:54.665+0000] {processor.py:925} INFO - DAG(s) 'tutorial_dag' retrieved from /home/airflow/.local/lib/python3.12/site-packages/airflow/example_dags/tutorial_dag.py
[2024-09-28T04:06:54.686+0000] {logging_mixin.py:190} INFO - [2024-09-28T04:06:54.686+0000] {dag.py:3239} INFO - Sync 1 DAGs
[2024-09-28T04:06:54.702+0000] {logging_mixin.py:190} INFO - [2024-09-28T04:06:54.702+0000] {dag.py:4180} INFO - Setting next_dagrun for tutorial_dag to None, run_after=None
[2024-09-28T04:06:54.731+0000] {processor.py:208} INFO - Processing /home/airflow/.local/lib/python3.12/site-packages/airflow/example_dags/tutorial_dag.py took 0.083 seconds
[2024-09-28T04:07:25.582+0000] {processor.py:186} INFO - Started process (PID=326) to work on /home/airflow/.local/lib/python3.12/site-packages/airflow/example_dags/tutorial_dag.py
[2024-09-28T04:07:25.583+0000] {processor.py:914} INFO - Processing file /home/airflow/.local/lib/python3.12/site-packages/airflow/example_dags/tutorial_dag.py for tasks to queue
[2024-09-28T04:07:25.585+0000] {logging_mixin.py:190} INFO - [2024-09-28T04:07:25.585+0000] {dagbag.py:588} INFO - Filling up the DagBag from /home/airflow/.local/lib/python3.12/site-packages/airflow/example_dags/tutorial_dag.py
[2024-09-28T04:07:25.592+0000] {processor.py:925} INFO - DAG(s) 'tutorial_dag' retrieved from /home/airflow/.local/lib/python3.12/site-packages/airflow/example_dags/tutorial_dag.py
[2024-09-28T04:07:25.613+0000] {logging_mixin.py:190} INFO - [2024-09-28T04:07:25.613+0000] {dag.py:3239} INFO - Sync 1 DAGs
[2024-09-28T04:07:25.630+0000] {logging_mixin.py:190} INFO - [2024-09-28T04:07:25.629+0000] {dag.py:4180} INFO - Setting next_dagrun for tutorial_dag to None, run_after=None
[2024-09-28T04:07:25.657+0000] {processor.py:208} INFO - Processing /home/airflow/.local/lib/python3.12/site-packages/airflow/example_dags/tutorial_dag.py took 0.081 seconds
[2024-09-28T04:07:56.136+0000] {processor.py:186} INFO - Started process (PID=400) to work on /home/airflow/.local/lib/python3.12/site-packages/airflow/example_dags/tutorial_dag.py
[2024-09-28T04:07:56.137+0000] {processor.py:914} INFO - Processing file /home/airflow/.local/lib/python3.12/site-packages/airflow/example_dags/tutorial_dag.py for tasks to queue
[2024-09-28T04:07:56.140+0000] {logging_mixin.py:190} INFO - [2024-09-28T04:07:56.139+0000] {dagbag.py:588} INFO - Filling up the DagBag from /home/airflow/.local/lib/python3.12/site-packages/airflow/example_dags/tutorial_dag.py
[2024-09-28T04:07:56.146+0000] {processor.py:925} INFO - DAG(s) 'tutorial_dag' retrieved from /home/airflow/.local/lib/python3.12/site-packages/airflow/example_dags/tutorial_dag.py
[2024-09-28T04:07:56.165+0000] {logging_mixin.py:190} INFO - [2024-09-28T04:07:56.164+0000] {dag.py:3239} INFO - Sync 1 DAGs
[2024-09-28T04:07:56.179+0000] {logging_mixin.py:190} INFO - [2024-09-28T04:07:56.179+0000] {dag.py:4180} INFO - Setting next_dagrun for tutorial_dag to None, run_after=None
[2024-09-28T04:07:56.200+0000] {processor.py:208} INFO - Processing /home/airflow/.local/lib/python3.12/site-packages/airflow/example_dags/tutorial_dag.py took 0.068 seconds
