[2024-09-28T02:19:04.835+0000] {processor.py:186} INFO - Started process (PID=117) to work on /home/airflow/.local/lib/python3.12/site-packages/airflow/example_dags/tutorial.py
[2024-09-28T02:19:04.836+0000] {processor.py:914} INFO - Processing file /home/airflow/.local/lib/python3.12/site-packages/airflow/example_dags/tutorial.py for tasks to queue
[2024-09-28T02:19:04.839+0000] {logging_mixin.py:190} INFO - [2024-09-28T02:19:04.839+0000] {dagbag.py:588} INFO - Filling up the DagBag from /home/airflow/.local/lib/python3.12/site-packages/airflow/example_dags/tutorial.py
[2024-09-28T02:19:04.848+0000] {processor.py:925} INFO - DAG(s) 'tutorial' retrieved from /home/airflow/.local/lib/python3.12/site-packages/airflow/example_dags/tutorial.py
[2024-09-28T02:19:04.878+0000] {logging_mixin.py:190} INFO - [2024-09-28T02:19:04.877+0000] {dag.py:3239} INFO - Sync 1 DAGs
[2024-09-28T02:19:04.909+0000] {logging_mixin.py:190} INFO - [2024-09-28T02:19:04.908+0000] {dag.py:4180} INFO - Setting next_dagrun for tutorial to 2024-09-27 00:00:00+00:00, run_after=2024-09-28 00:00:00+00:00
[2024-09-28T02:19:04.940+0000] {processor.py:208} INFO - Processing /home/airflow/.local/lib/python3.12/site-packages/airflow/example_dags/tutorial.py took 0.111 seconds
[2024-09-28T02:19:35.892+0000] {processor.py:186} INFO - Started process (PID=180) to work on /home/airflow/.local/lib/python3.12/site-packages/airflow/example_dags/tutorial.py
[2024-09-28T02:19:35.894+0000] {processor.py:914} INFO - Processing file /home/airflow/.local/lib/python3.12/site-packages/airflow/example_dags/tutorial.py for tasks to queue
[2024-09-28T02:19:35.896+0000] {logging_mixin.py:190} INFO - [2024-09-28T02:19:35.896+0000] {dagbag.py:588} INFO - Filling up the DagBag from /home/airflow/.local/lib/python3.12/site-packages/airflow/example_dags/tutorial.py
[2024-09-28T02:19:35.903+0000] {processor.py:925} INFO - DAG(s) 'tutorial' retrieved from /home/airflow/.local/lib/python3.12/site-packages/airflow/example_dags/tutorial.py
[2024-09-28T02:19:35.924+0000] {logging_mixin.py:190} INFO - [2024-09-28T02:19:35.923+0000] {dag.py:3239} INFO - Sync 1 DAGs
[2024-09-28T02:19:35.947+0000] {logging_mixin.py:190} INFO - [2024-09-28T02:19:35.947+0000] {dag.py:4180} INFO - Setting next_dagrun for tutorial to 2024-09-27 00:00:00+00:00, run_after=2024-09-28 00:00:00+00:00
[2024-09-28T02:19:35.972+0000] {processor.py:208} INFO - Processing /home/airflow/.local/lib/python3.12/site-packages/airflow/example_dags/tutorial.py took 0.084 seconds
[2024-09-28T02:20:06.225+0000] {processor.py:186} INFO - Started process (PID=243) to work on /home/airflow/.local/lib/python3.12/site-packages/airflow/example_dags/tutorial.py
[2024-09-28T02:20:06.226+0000] {processor.py:914} INFO - Processing file /home/airflow/.local/lib/python3.12/site-packages/airflow/example_dags/tutorial.py for tasks to queue
[2024-09-28T02:20:06.229+0000] {logging_mixin.py:190} INFO - [2024-09-28T02:20:06.228+0000] {dagbag.py:588} INFO - Filling up the DagBag from /home/airflow/.local/lib/python3.12/site-packages/airflow/example_dags/tutorial.py
[2024-09-28T02:20:06.236+0000] {processor.py:925} INFO - DAG(s) 'tutorial' retrieved from /home/airflow/.local/lib/python3.12/site-packages/airflow/example_dags/tutorial.py
[2024-09-28T02:20:06.256+0000] {logging_mixin.py:190} INFO - [2024-09-28T02:20:06.256+0000] {dag.py:3239} INFO - Sync 1 DAGs
[2024-09-28T02:20:06.280+0000] {logging_mixin.py:190} INFO - [2024-09-28T02:20:06.279+0000] {dag.py:4180} INFO - Setting next_dagrun for tutorial to 2024-09-27 00:00:00+00:00, run_after=2024-09-28 00:00:00+00:00
[2024-09-28T02:20:06.302+0000] {processor.py:208} INFO - Processing /home/airflow/.local/lib/python3.12/site-packages/airflow/example_dags/tutorial.py took 0.082 seconds
[2024-09-28T02:20:36.932+0000] {processor.py:186} INFO - Started process (PID=306) to work on /home/airflow/.local/lib/python3.12/site-packages/airflow/example_dags/tutorial.py
[2024-09-28T02:20:36.934+0000] {processor.py:914} INFO - Processing file /home/airflow/.local/lib/python3.12/site-packages/airflow/example_dags/tutorial.py for tasks to queue
[2024-09-28T02:20:36.936+0000] {logging_mixin.py:190} INFO - [2024-09-28T02:20:36.936+0000] {dagbag.py:588} INFO - Filling up the DagBag from /home/airflow/.local/lib/python3.12/site-packages/airflow/example_dags/tutorial.py
[2024-09-28T02:20:36.945+0000] {processor.py:925} INFO - DAG(s) 'tutorial' retrieved from /home/airflow/.local/lib/python3.12/site-packages/airflow/example_dags/tutorial.py
[2024-09-28T02:20:36.969+0000] {logging_mixin.py:190} INFO - [2024-09-28T02:20:36.969+0000] {dag.py:3239} INFO - Sync 1 DAGs
[2024-09-28T02:20:37.000+0000] {logging_mixin.py:190} INFO - [2024-09-28T02:20:36.999+0000] {dag.py:4180} INFO - Setting next_dagrun for tutorial to 2024-09-27 00:00:00+00:00, run_after=2024-09-28 00:00:00+00:00
[2024-09-28T02:20:37.029+0000] {processor.py:208} INFO - Processing /home/airflow/.local/lib/python3.12/site-packages/airflow/example_dags/tutorial.py took 0.103 seconds
[2024-09-28T02:21:07.512+0000] {processor.py:186} INFO - Started process (PID=369) to work on /home/airflow/.local/lib/python3.12/site-packages/airflow/example_dags/tutorial.py
[2024-09-28T02:21:07.514+0000] {processor.py:914} INFO - Processing file /home/airflow/.local/lib/python3.12/site-packages/airflow/example_dags/tutorial.py for tasks to queue
[2024-09-28T02:21:07.517+0000] {logging_mixin.py:190} INFO - [2024-09-28T02:21:07.517+0000] {dagbag.py:588} INFO - Filling up the DagBag from /home/airflow/.local/lib/python3.12/site-packages/airflow/example_dags/tutorial.py
[2024-09-28T02:21:07.526+0000] {processor.py:925} INFO - DAG(s) 'tutorial' retrieved from /home/airflow/.local/lib/python3.12/site-packages/airflow/example_dags/tutorial.py
[2024-09-28T02:21:07.550+0000] {logging_mixin.py:190} INFO - [2024-09-28T02:21:07.549+0000] {dag.py:3239} INFO - Sync 1 DAGs
[2024-09-28T02:21:07.579+0000] {logging_mixin.py:190} INFO - [2024-09-28T02:21:07.579+0000] {dag.py:4180} INFO - Setting next_dagrun for tutorial to 2024-09-27 00:00:00+00:00, run_after=2024-09-28 00:00:00+00:00
[2024-09-28T02:21:07.605+0000] {processor.py:208} INFO - Processing /home/airflow/.local/lib/python3.12/site-packages/airflow/example_dags/tutorial.py took 0.099 seconds
[2024-09-28T02:21:37.842+0000] {processor.py:186} INFO - Started process (PID=432) to work on /home/airflow/.local/lib/python3.12/site-packages/airflow/example_dags/tutorial.py
[2024-09-28T02:21:37.843+0000] {processor.py:914} INFO - Processing file /home/airflow/.local/lib/python3.12/site-packages/airflow/example_dags/tutorial.py for tasks to queue
[2024-09-28T02:21:37.846+0000] {logging_mixin.py:190} INFO - [2024-09-28T02:21:37.845+0000] {dagbag.py:588} INFO - Filling up the DagBag from /home/airflow/.local/lib/python3.12/site-packages/airflow/example_dags/tutorial.py
[2024-09-28T02:21:37.854+0000] {processor.py:925} INFO - DAG(s) 'tutorial' retrieved from /home/airflow/.local/lib/python3.12/site-packages/airflow/example_dags/tutorial.py
[2024-09-28T02:21:37.878+0000] {logging_mixin.py:190} INFO - [2024-09-28T02:21:37.878+0000] {dag.py:3239} INFO - Sync 1 DAGs
[2024-09-28T02:21:37.910+0000] {logging_mixin.py:190} INFO - [2024-09-28T02:21:37.910+0000] {dag.py:4180} INFO - Setting next_dagrun for tutorial to 2024-09-27 00:00:00+00:00, run_after=2024-09-28 00:00:00+00:00
[2024-09-28T02:21:37.942+0000] {processor.py:208} INFO - Processing /home/airflow/.local/lib/python3.12/site-packages/airflow/example_dags/tutorial.py took 0.106 seconds
[2024-09-28T02:22:08.147+0000] {processor.py:186} INFO - Started process (PID=494) to work on /home/airflow/.local/lib/python3.12/site-packages/airflow/example_dags/tutorial.py
[2024-09-28T02:22:08.149+0000] {processor.py:914} INFO - Processing file /home/airflow/.local/lib/python3.12/site-packages/airflow/example_dags/tutorial.py for tasks to queue
[2024-09-28T02:22:08.152+0000] {logging_mixin.py:190} INFO - [2024-09-28T02:22:08.152+0000] {dagbag.py:588} INFO - Filling up the DagBag from /home/airflow/.local/lib/python3.12/site-packages/airflow/example_dags/tutorial.py
[2024-09-28T02:22:08.159+0000] {processor.py:925} INFO - DAG(s) 'tutorial' retrieved from /home/airflow/.local/lib/python3.12/site-packages/airflow/example_dags/tutorial.py
[2024-09-28T02:22:08.181+0000] {logging_mixin.py:190} INFO - [2024-09-28T02:22:08.180+0000] {dag.py:3239} INFO - Sync 1 DAGs
[2024-09-28T02:22:08.215+0000] {logging_mixin.py:190} INFO - [2024-09-28T02:22:08.214+0000] {dag.py:4180} INFO - Setting next_dagrun for tutorial to 2024-09-27 00:00:00+00:00, run_after=2024-09-28 00:00:00+00:00
[2024-09-28T02:22:08.249+0000] {processor.py:208} INFO - Processing /home/airflow/.local/lib/python3.12/site-packages/airflow/example_dags/tutorial.py took 0.107 seconds
[2024-09-28T02:22:39.144+0000] {processor.py:186} INFO - Started process (PID=557) to work on /home/airflow/.local/lib/python3.12/site-packages/airflow/example_dags/tutorial.py
[2024-09-28T02:22:39.145+0000] {processor.py:914} INFO - Processing file /home/airflow/.local/lib/python3.12/site-packages/airflow/example_dags/tutorial.py for tasks to queue
[2024-09-28T02:22:39.148+0000] {logging_mixin.py:190} INFO - [2024-09-28T02:22:39.148+0000] {dagbag.py:588} INFO - Filling up the DagBag from /home/airflow/.local/lib/python3.12/site-packages/airflow/example_dags/tutorial.py
[2024-09-28T02:22:39.161+0000] {processor.py:925} INFO - DAG(s) 'tutorial' retrieved from /home/airflow/.local/lib/python3.12/site-packages/airflow/example_dags/tutorial.py
[2024-09-28T02:22:39.187+0000] {logging_mixin.py:190} INFO - [2024-09-28T02:22:39.187+0000] {dag.py:3239} INFO - Sync 1 DAGs
[2024-09-28T02:22:39.217+0000] {logging_mixin.py:190} INFO - [2024-09-28T02:22:39.217+0000] {dag.py:4180} INFO - Setting next_dagrun for tutorial to 2024-09-27 00:00:00+00:00, run_after=2024-09-28 00:00:00+00:00
[2024-09-28T02:22:39.244+0000] {processor.py:208} INFO - Processing /home/airflow/.local/lib/python3.12/site-packages/airflow/example_dags/tutorial.py took 0.106 seconds
[2024-09-28T02:23:09.775+0000] {processor.py:186} INFO - Started process (PID=622) to work on /home/airflow/.local/lib/python3.12/site-packages/airflow/example_dags/tutorial.py
[2024-09-28T02:23:09.777+0000] {processor.py:914} INFO - Processing file /home/airflow/.local/lib/python3.12/site-packages/airflow/example_dags/tutorial.py for tasks to queue
[2024-09-28T02:23:09.780+0000] {logging_mixin.py:190} INFO - [2024-09-28T02:23:09.779+0000] {dagbag.py:588} INFO - Filling up the DagBag from /home/airflow/.local/lib/python3.12/site-packages/airflow/example_dags/tutorial.py
[2024-09-28T02:23:09.789+0000] {processor.py:925} INFO - DAG(s) 'tutorial' retrieved from /home/airflow/.local/lib/python3.12/site-packages/airflow/example_dags/tutorial.py
[2024-09-28T02:23:09.808+0000] {logging_mixin.py:190} INFO - [2024-09-28T02:23:09.808+0000] {dag.py:3239} INFO - Sync 1 DAGs
[2024-09-28T02:23:09.831+0000] {logging_mixin.py:190} INFO - [2024-09-28T02:23:09.831+0000] {dag.py:4180} INFO - Setting next_dagrun for tutorial to 2024-09-27 00:00:00+00:00, run_after=2024-09-28 00:00:00+00:00
[2024-09-28T02:23:09.853+0000] {processor.py:208} INFO - Processing /home/airflow/.local/lib/python3.12/site-packages/airflow/example_dags/tutorial.py took 0.085 seconds
[2024-09-28T02:23:41.272+0000] {processor.py:186} INFO - Started process (PID=685) to work on /home/airflow/.local/lib/python3.12/site-packages/airflow/example_dags/tutorial.py
[2024-09-28T02:23:41.274+0000] {processor.py:914} INFO - Processing file /home/airflow/.local/lib/python3.12/site-packages/airflow/example_dags/tutorial.py for tasks to queue
[2024-09-28T02:23:41.285+0000] {logging_mixin.py:190} INFO - [2024-09-28T02:23:41.282+0000] {dagbag.py:588} INFO - Filling up the DagBag from /home/airflow/.local/lib/python3.12/site-packages/airflow/example_dags/tutorial.py
[2024-09-28T02:23:41.296+0000] {processor.py:925} INFO - DAG(s) 'tutorial' retrieved from /home/airflow/.local/lib/python3.12/site-packages/airflow/example_dags/tutorial.py
[2024-09-28T02:23:41.326+0000] {logging_mixin.py:190} INFO - [2024-09-28T02:23:41.326+0000] {dag.py:3239} INFO - Sync 1 DAGs
[2024-09-28T02:23:41.359+0000] {logging_mixin.py:190} INFO - [2024-09-28T02:23:41.358+0000] {dag.py:4180} INFO - Setting next_dagrun for tutorial to 2024-09-27 00:00:00+00:00, run_after=2024-09-28 00:00:00+00:00
[2024-09-28T02:23:41.393+0000] {processor.py:208} INFO - Processing /home/airflow/.local/lib/python3.12/site-packages/airflow/example_dags/tutorial.py took 0.128 seconds
[2024-09-28T02:24:11.792+0000] {processor.py:186} INFO - Started process (PID=748) to work on /home/airflow/.local/lib/python3.12/site-packages/airflow/example_dags/tutorial.py
[2024-09-28T02:24:11.794+0000] {processor.py:914} INFO - Processing file /home/airflow/.local/lib/python3.12/site-packages/airflow/example_dags/tutorial.py for tasks to queue
[2024-09-28T02:24:11.797+0000] {logging_mixin.py:190} INFO - [2024-09-28T02:24:11.796+0000] {dagbag.py:588} INFO - Filling up the DagBag from /home/airflow/.local/lib/python3.12/site-packages/airflow/example_dags/tutorial.py
[2024-09-28T02:24:11.810+0000] {processor.py:925} INFO - DAG(s) 'tutorial' retrieved from /home/airflow/.local/lib/python3.12/site-packages/airflow/example_dags/tutorial.py
[2024-09-28T02:24:11.845+0000] {logging_mixin.py:190} INFO - [2024-09-28T02:24:11.844+0000] {dag.py:3239} INFO - Sync 1 DAGs
[2024-09-28T02:24:11.882+0000] {logging_mixin.py:190} INFO - [2024-09-28T02:24:11.882+0000] {dag.py:4180} INFO - Setting next_dagrun for tutorial to 2024-09-27 00:00:00+00:00, run_after=2024-09-28 00:00:00+00:00
[2024-09-28T02:24:11.910+0000] {processor.py:208} INFO - Processing /home/airflow/.local/lib/python3.12/site-packages/airflow/example_dags/tutorial.py took 0.127 seconds
[2024-09-28T02:24:42.584+0000] {processor.py:186} INFO - Started process (PID=811) to work on /home/airflow/.local/lib/python3.12/site-packages/airflow/example_dags/tutorial.py
[2024-09-28T02:24:42.585+0000] {processor.py:914} INFO - Processing file /home/airflow/.local/lib/python3.12/site-packages/airflow/example_dags/tutorial.py for tasks to queue
[2024-09-28T02:24:42.588+0000] {logging_mixin.py:190} INFO - [2024-09-28T02:24:42.588+0000] {dagbag.py:588} INFO - Filling up the DagBag from /home/airflow/.local/lib/python3.12/site-packages/airflow/example_dags/tutorial.py
[2024-09-28T02:24:42.596+0000] {processor.py:925} INFO - DAG(s) 'tutorial' retrieved from /home/airflow/.local/lib/python3.12/site-packages/airflow/example_dags/tutorial.py
[2024-09-28T02:24:42.618+0000] {logging_mixin.py:190} INFO - [2024-09-28T02:24:42.618+0000] {dag.py:3239} INFO - Sync 1 DAGs
[2024-09-28T02:24:42.644+0000] {logging_mixin.py:190} INFO - [2024-09-28T02:24:42.644+0000] {dag.py:4180} INFO - Setting next_dagrun for tutorial to 2024-09-27 00:00:00+00:00, run_after=2024-09-28 00:00:00+00:00
[2024-09-28T02:24:42.670+0000] {processor.py:208} INFO - Processing /home/airflow/.local/lib/python3.12/site-packages/airflow/example_dags/tutorial.py took 0.091 seconds
[2024-09-28T02:25:12.830+0000] {processor.py:186} INFO - Started process (PID=873) to work on /home/airflow/.local/lib/python3.12/site-packages/airflow/example_dags/tutorial.py
[2024-09-28T02:25:12.831+0000] {processor.py:914} INFO - Processing file /home/airflow/.local/lib/python3.12/site-packages/airflow/example_dags/tutorial.py for tasks to queue
[2024-09-28T02:25:12.833+0000] {logging_mixin.py:190} INFO - [2024-09-28T02:25:12.833+0000] {dagbag.py:588} INFO - Filling up the DagBag from /home/airflow/.local/lib/python3.12/site-packages/airflow/example_dags/tutorial.py
[2024-09-28T02:25:12.841+0000] {processor.py:925} INFO - DAG(s) 'tutorial' retrieved from /home/airflow/.local/lib/python3.12/site-packages/airflow/example_dags/tutorial.py
[2024-09-28T02:25:12.863+0000] {logging_mixin.py:190} INFO - [2024-09-28T02:25:12.863+0000] {dag.py:3239} INFO - Sync 1 DAGs
[2024-09-28T02:25:12.890+0000] {logging_mixin.py:190} INFO - [2024-09-28T02:25:12.890+0000] {dag.py:4180} INFO - Setting next_dagrun for tutorial to 2024-09-27 00:00:00+00:00, run_after=2024-09-28 00:00:00+00:00
[2024-09-28T02:25:12.914+0000] {processor.py:208} INFO - Processing /home/airflow/.local/lib/python3.12/site-packages/airflow/example_dags/tutorial.py took 0.089 seconds
[2024-09-28T02:25:43.192+0000] {processor.py:186} INFO - Started process (PID=936) to work on /home/airflow/.local/lib/python3.12/site-packages/airflow/example_dags/tutorial.py
[2024-09-28T02:25:43.193+0000] {processor.py:914} INFO - Processing file /home/airflow/.local/lib/python3.12/site-packages/airflow/example_dags/tutorial.py for tasks to queue
[2024-09-28T02:25:43.196+0000] {logging_mixin.py:190} INFO - [2024-09-28T02:25:43.196+0000] {dagbag.py:588} INFO - Filling up the DagBag from /home/airflow/.local/lib/python3.12/site-packages/airflow/example_dags/tutorial.py
[2024-09-28T02:25:43.206+0000] {processor.py:925} INFO - DAG(s) 'tutorial' retrieved from /home/airflow/.local/lib/python3.12/site-packages/airflow/example_dags/tutorial.py
[2024-09-28T02:25:43.236+0000] {logging_mixin.py:190} INFO - [2024-09-28T02:25:43.236+0000] {dag.py:3239} INFO - Sync 1 DAGs
[2024-09-28T02:25:43.268+0000] {logging_mixin.py:190} INFO - [2024-09-28T02:25:43.268+0000] {dag.py:4180} INFO - Setting next_dagrun for tutorial to 2024-09-27 00:00:00+00:00, run_after=2024-09-28 00:00:00+00:00
[2024-09-28T02:25:43.305+0000] {processor.py:208} INFO - Processing /home/airflow/.local/lib/python3.12/site-packages/airflow/example_dags/tutorial.py took 0.121 seconds
[2024-09-28T02:26:13.899+0000] {processor.py:186} INFO - Started process (PID=1000) to work on /home/airflow/.local/lib/python3.12/site-packages/airflow/example_dags/tutorial.py
[2024-09-28T02:26:13.901+0000] {processor.py:914} INFO - Processing file /home/airflow/.local/lib/python3.12/site-packages/airflow/example_dags/tutorial.py for tasks to queue
[2024-09-28T02:26:13.904+0000] {logging_mixin.py:190} INFO - [2024-09-28T02:26:13.904+0000] {dagbag.py:588} INFO - Filling up the DagBag from /home/airflow/.local/lib/python3.12/site-packages/airflow/example_dags/tutorial.py
[2024-09-28T02:26:13.914+0000] {processor.py:925} INFO - DAG(s) 'tutorial' retrieved from /home/airflow/.local/lib/python3.12/site-packages/airflow/example_dags/tutorial.py
[2024-09-28T02:26:13.951+0000] {logging_mixin.py:190} INFO - [2024-09-28T02:26:13.951+0000] {dag.py:3239} INFO - Sync 1 DAGs
[2024-09-28T02:26:13.982+0000] {logging_mixin.py:190} INFO - [2024-09-28T02:26:13.982+0000] {dag.py:4180} INFO - Setting next_dagrun for tutorial to 2024-09-27 00:00:00+00:00, run_after=2024-09-28 00:00:00+00:00
[2024-09-28T02:26:14.010+0000] {processor.py:208} INFO - Processing /home/airflow/.local/lib/python3.12/site-packages/airflow/example_dags/tutorial.py took 0.116 seconds
[2024-09-28T02:46:08.059+0000] {processor.py:186} INFO - Started process (PID=116) to work on /home/airflow/.local/lib/python3.12/site-packages/airflow/example_dags/tutorial.py
[2024-09-28T02:46:08.061+0000] {processor.py:914} INFO - Processing file /home/airflow/.local/lib/python3.12/site-packages/airflow/example_dags/tutorial.py for tasks to queue
[2024-09-28T02:46:08.064+0000] {logging_mixin.py:190} INFO - [2024-09-28T02:46:08.063+0000] {dagbag.py:588} INFO - Filling up the DagBag from /home/airflow/.local/lib/python3.12/site-packages/airflow/example_dags/tutorial.py
[2024-09-28T02:46:08.072+0000] {processor.py:925} INFO - DAG(s) 'tutorial' retrieved from /home/airflow/.local/lib/python3.12/site-packages/airflow/example_dags/tutorial.py
[2024-09-28T02:46:08.094+0000] {logging_mixin.py:190} INFO - [2024-09-28T02:46:08.094+0000] {dag.py:3239} INFO - Sync 1 DAGs
[2024-09-28T02:46:08.130+0000] {logging_mixin.py:190} INFO - [2024-09-28T02:46:08.129+0000] {dag.py:4180} INFO - Setting next_dagrun for tutorial to 2024-09-27 00:00:00+00:00, run_after=2024-09-28 00:00:00+00:00
[2024-09-28T02:46:08.196+0000] {processor.py:208} INFO - Processing /home/airflow/.local/lib/python3.12/site-packages/airflow/example_dags/tutorial.py took 0.142 seconds
[2024-09-28T02:46:39.778+0000] {processor.py:186} INFO - Started process (PID=179) to work on /home/airflow/.local/lib/python3.12/site-packages/airflow/example_dags/tutorial.py
[2024-09-28T02:46:39.780+0000] {processor.py:914} INFO - Processing file /home/airflow/.local/lib/python3.12/site-packages/airflow/example_dags/tutorial.py for tasks to queue
[2024-09-28T02:46:39.782+0000] {logging_mixin.py:190} INFO - [2024-09-28T02:46:39.782+0000] {dagbag.py:588} INFO - Filling up the DagBag from /home/airflow/.local/lib/python3.12/site-packages/airflow/example_dags/tutorial.py
[2024-09-28T02:46:39.790+0000] {processor.py:925} INFO - DAG(s) 'tutorial' retrieved from /home/airflow/.local/lib/python3.12/site-packages/airflow/example_dags/tutorial.py
[2024-09-28T02:46:39.813+0000] {logging_mixin.py:190} INFO - [2024-09-28T02:46:39.812+0000] {dag.py:3239} INFO - Sync 1 DAGs
[2024-09-28T02:46:39.845+0000] {logging_mixin.py:190} INFO - [2024-09-28T02:46:39.844+0000] {dag.py:4180} INFO - Setting next_dagrun for tutorial to 2024-09-27 00:00:00+00:00, run_after=2024-09-28 00:00:00+00:00
[2024-09-28T02:46:39.878+0000] {processor.py:208} INFO - Processing /home/airflow/.local/lib/python3.12/site-packages/airflow/example_dags/tutorial.py took 0.105 seconds
[2024-09-28T02:47:11.914+0000] {processor.py:186} INFO - Started process (PID=242) to work on /home/airflow/.local/lib/python3.12/site-packages/airflow/example_dags/tutorial.py
[2024-09-28T02:47:11.916+0000] {processor.py:914} INFO - Processing file /home/airflow/.local/lib/python3.12/site-packages/airflow/example_dags/tutorial.py for tasks to queue
[2024-09-28T02:47:11.918+0000] {logging_mixin.py:190} INFO - [2024-09-28T02:47:11.918+0000] {dagbag.py:588} INFO - Filling up the DagBag from /home/airflow/.local/lib/python3.12/site-packages/airflow/example_dags/tutorial.py
[2024-09-28T02:47:11.926+0000] {processor.py:925} INFO - DAG(s) 'tutorial' retrieved from /home/airflow/.local/lib/python3.12/site-packages/airflow/example_dags/tutorial.py
[2024-09-28T02:47:11.948+0000] {logging_mixin.py:190} INFO - [2024-09-28T02:47:11.948+0000] {dag.py:3239} INFO - Sync 1 DAGs
[2024-09-28T02:47:11.974+0000] {logging_mixin.py:190} INFO - [2024-09-28T02:47:11.973+0000] {dag.py:4180} INFO - Setting next_dagrun for tutorial to 2024-09-27 00:00:00+00:00, run_after=2024-09-28 00:00:00+00:00
[2024-09-28T02:47:11.998+0000] {processor.py:208} INFO - Processing /home/airflow/.local/lib/python3.12/site-packages/airflow/example_dags/tutorial.py took 0.090 seconds
[2024-09-28T02:47:43.116+0000] {processor.py:186} INFO - Started process (PID=306) to work on /home/airflow/.local/lib/python3.12/site-packages/airflow/example_dags/tutorial.py
[2024-09-28T02:47:43.117+0000] {processor.py:914} INFO - Processing file /home/airflow/.local/lib/python3.12/site-packages/airflow/example_dags/tutorial.py for tasks to queue
[2024-09-28T02:47:43.120+0000] {logging_mixin.py:190} INFO - [2024-09-28T02:47:43.120+0000] {dagbag.py:588} INFO - Filling up the DagBag from /home/airflow/.local/lib/python3.12/site-packages/airflow/example_dags/tutorial.py
[2024-09-28T02:47:43.129+0000] {processor.py:925} INFO - DAG(s) 'tutorial' retrieved from /home/airflow/.local/lib/python3.12/site-packages/airflow/example_dags/tutorial.py
[2024-09-28T02:47:43.153+0000] {logging_mixin.py:190} INFO - [2024-09-28T02:47:43.152+0000] {dag.py:3239} INFO - Sync 1 DAGs
[2024-09-28T02:47:43.183+0000] {logging_mixin.py:190} INFO - [2024-09-28T02:47:43.182+0000] {dag.py:4180} INFO - Setting next_dagrun for tutorial to 2024-09-27 00:00:00+00:00, run_after=2024-09-28 00:00:00+00:00
[2024-09-28T02:47:43.209+0000] {processor.py:208} INFO - Processing /home/airflow/.local/lib/python3.12/site-packages/airflow/example_dags/tutorial.py took 0.100 seconds
[2024-09-28T02:48:15.008+0000] {processor.py:186} INFO - Started process (PID=369) to work on /home/airflow/.local/lib/python3.12/site-packages/airflow/example_dags/tutorial.py
[2024-09-28T02:48:15.009+0000] {processor.py:914} INFO - Processing file /home/airflow/.local/lib/python3.12/site-packages/airflow/example_dags/tutorial.py for tasks to queue
[2024-09-28T02:48:15.013+0000] {logging_mixin.py:190} INFO - [2024-09-28T02:48:15.012+0000] {dagbag.py:588} INFO - Filling up the DagBag from /home/airflow/.local/lib/python3.12/site-packages/airflow/example_dags/tutorial.py
[2024-09-28T02:48:15.023+0000] {processor.py:925} INFO - DAG(s) 'tutorial' retrieved from /home/airflow/.local/lib/python3.12/site-packages/airflow/example_dags/tutorial.py
[2024-09-28T02:48:15.049+0000] {logging_mixin.py:190} INFO - [2024-09-28T02:48:15.049+0000] {dag.py:3239} INFO - Sync 1 DAGs
[2024-09-28T02:48:15.093+0000] {logging_mixin.py:190} INFO - [2024-09-28T02:48:15.093+0000] {dag.py:4180} INFO - Setting next_dagrun for tutorial to 2024-09-27 00:00:00+00:00, run_after=2024-09-28 00:00:00+00:00
[2024-09-28T02:48:15.124+0000] {processor.py:208} INFO - Processing /home/airflow/.local/lib/python3.12/site-packages/airflow/example_dags/tutorial.py took 0.123 seconds
[2024-09-28T02:48:45.967+0000] {processor.py:186} INFO - Started process (PID=432) to work on /home/airflow/.local/lib/python3.12/site-packages/airflow/example_dags/tutorial.py
[2024-09-28T02:48:45.968+0000] {processor.py:914} INFO - Processing file /home/airflow/.local/lib/python3.12/site-packages/airflow/example_dags/tutorial.py for tasks to queue
[2024-09-28T02:48:45.971+0000] {logging_mixin.py:190} INFO - [2024-09-28T02:48:45.971+0000] {dagbag.py:588} INFO - Filling up the DagBag from /home/airflow/.local/lib/python3.12/site-packages/airflow/example_dags/tutorial.py
[2024-09-28T02:48:45.981+0000] {processor.py:925} INFO - DAG(s) 'tutorial' retrieved from /home/airflow/.local/lib/python3.12/site-packages/airflow/example_dags/tutorial.py
[2024-09-28T02:48:46.008+0000] {logging_mixin.py:190} INFO - [2024-09-28T02:48:46.007+0000] {dag.py:3239} INFO - Sync 1 DAGs
[2024-09-28T02:48:46.042+0000] {logging_mixin.py:190} INFO - [2024-09-28T02:48:46.042+0000] {dag.py:4180} INFO - Setting next_dagrun for tutorial to 2024-09-27 00:00:00+00:00, run_after=2024-09-28 00:00:00+00:00
[2024-09-28T02:48:46.071+0000] {processor.py:208} INFO - Processing /home/airflow/.local/lib/python3.12/site-packages/airflow/example_dags/tutorial.py took 0.110 seconds
[2024-09-28T02:49:16.940+0000] {processor.py:186} INFO - Started process (PID=495) to work on /home/airflow/.local/lib/python3.12/site-packages/airflow/example_dags/tutorial.py
[2024-09-28T02:49:16.942+0000] {processor.py:914} INFO - Processing file /home/airflow/.local/lib/python3.12/site-packages/airflow/example_dags/tutorial.py for tasks to queue
[2024-09-28T02:49:16.944+0000] {logging_mixin.py:190} INFO - [2024-09-28T02:49:16.944+0000] {dagbag.py:588} INFO - Filling up the DagBag from /home/airflow/.local/lib/python3.12/site-packages/airflow/example_dags/tutorial.py
[2024-09-28T02:49:16.952+0000] {processor.py:925} INFO - DAG(s) 'tutorial' retrieved from /home/airflow/.local/lib/python3.12/site-packages/airflow/example_dags/tutorial.py
[2024-09-28T02:49:16.973+0000] {logging_mixin.py:190} INFO - [2024-09-28T02:49:16.973+0000] {dag.py:3239} INFO - Sync 1 DAGs
[2024-09-28T02:49:16.997+0000] {logging_mixin.py:190} INFO - [2024-09-28T02:49:16.997+0000] {dag.py:4180} INFO - Setting next_dagrun for tutorial to 2024-09-27 00:00:00+00:00, run_after=2024-09-28 00:00:00+00:00
[2024-09-28T02:49:17.021+0000] {processor.py:208} INFO - Processing /home/airflow/.local/lib/python3.12/site-packages/airflow/example_dags/tutorial.py took 0.085 seconds
[2024-09-28T02:49:47.414+0000] {processor.py:186} INFO - Started process (PID=558) to work on /home/airflow/.local/lib/python3.12/site-packages/airflow/example_dags/tutorial.py
[2024-09-28T02:49:47.416+0000] {processor.py:914} INFO - Processing file /home/airflow/.local/lib/python3.12/site-packages/airflow/example_dags/tutorial.py for tasks to queue
[2024-09-28T02:49:47.419+0000] {logging_mixin.py:190} INFO - [2024-09-28T02:49:47.419+0000] {dagbag.py:588} INFO - Filling up the DagBag from /home/airflow/.local/lib/python3.12/site-packages/airflow/example_dags/tutorial.py
[2024-09-28T02:49:47.427+0000] {processor.py:925} INFO - DAG(s) 'tutorial' retrieved from /home/airflow/.local/lib/python3.12/site-packages/airflow/example_dags/tutorial.py
[2024-09-28T02:49:47.447+0000] {logging_mixin.py:190} INFO - [2024-09-28T02:49:47.446+0000] {dag.py:3239} INFO - Sync 1 DAGs
[2024-09-28T02:49:47.473+0000] {logging_mixin.py:190} INFO - [2024-09-28T02:49:47.473+0000] {dag.py:4180} INFO - Setting next_dagrun for tutorial to 2024-09-27 00:00:00+00:00, run_after=2024-09-28 00:00:00+00:00
[2024-09-28T02:49:47.495+0000] {processor.py:208} INFO - Processing /home/airflow/.local/lib/python3.12/site-packages/airflow/example_dags/tutorial.py took 0.085 seconds
[2024-09-28T02:50:18.369+0000] {processor.py:186} INFO - Started process (PID=622) to work on /home/airflow/.local/lib/python3.12/site-packages/airflow/example_dags/tutorial.py
[2024-09-28T02:50:18.370+0000] {processor.py:914} INFO - Processing file /home/airflow/.local/lib/python3.12/site-packages/airflow/example_dags/tutorial.py for tasks to queue
[2024-09-28T02:50:18.373+0000] {logging_mixin.py:190} INFO - [2024-09-28T02:50:18.372+0000] {dagbag.py:588} INFO - Filling up the DagBag from /home/airflow/.local/lib/python3.12/site-packages/airflow/example_dags/tutorial.py
[2024-09-28T02:50:18.380+0000] {processor.py:925} INFO - DAG(s) 'tutorial' retrieved from /home/airflow/.local/lib/python3.12/site-packages/airflow/example_dags/tutorial.py
[2024-09-28T02:50:18.401+0000] {logging_mixin.py:190} INFO - [2024-09-28T02:50:18.401+0000] {dag.py:3239} INFO - Sync 1 DAGs
[2024-09-28T02:50:18.424+0000] {logging_mixin.py:190} INFO - [2024-09-28T02:50:18.424+0000] {dag.py:4180} INFO - Setting next_dagrun for tutorial to 2024-09-27 00:00:00+00:00, run_after=2024-09-28 00:00:00+00:00
[2024-09-28T02:50:18.450+0000] {processor.py:208} INFO - Processing /home/airflow/.local/lib/python3.12/site-packages/airflow/example_dags/tutorial.py took 0.085 seconds
[2024-09-28T02:50:48.779+0000] {processor.py:186} INFO - Started process (PID=685) to work on /home/airflow/.local/lib/python3.12/site-packages/airflow/example_dags/tutorial.py
[2024-09-28T02:50:48.780+0000] {processor.py:914} INFO - Processing file /home/airflow/.local/lib/python3.12/site-packages/airflow/example_dags/tutorial.py for tasks to queue
[2024-09-28T02:50:48.782+0000] {logging_mixin.py:190} INFO - [2024-09-28T02:50:48.782+0000] {dagbag.py:588} INFO - Filling up the DagBag from /home/airflow/.local/lib/python3.12/site-packages/airflow/example_dags/tutorial.py
[2024-09-28T02:50:48.792+0000] {processor.py:925} INFO - DAG(s) 'tutorial' retrieved from /home/airflow/.local/lib/python3.12/site-packages/airflow/example_dags/tutorial.py
[2024-09-28T02:50:48.815+0000] {logging_mixin.py:190} INFO - [2024-09-28T02:50:48.815+0000] {dag.py:3239} INFO - Sync 1 DAGs
[2024-09-28T02:50:48.846+0000] {logging_mixin.py:190} INFO - [2024-09-28T02:50:48.845+0000] {dag.py:4180} INFO - Setting next_dagrun for tutorial to 2024-09-27 00:00:00+00:00, run_after=2024-09-28 00:00:00+00:00
[2024-09-28T02:50:48.878+0000] {processor.py:208} INFO - Processing /home/airflow/.local/lib/python3.12/site-packages/airflow/example_dags/tutorial.py took 0.106 seconds
[2024-09-28T02:51:19.553+0000] {processor.py:186} INFO - Started process (PID=748) to work on /home/airflow/.local/lib/python3.12/site-packages/airflow/example_dags/tutorial.py
[2024-09-28T02:51:19.555+0000] {processor.py:914} INFO - Processing file /home/airflow/.local/lib/python3.12/site-packages/airflow/example_dags/tutorial.py for tasks to queue
[2024-09-28T02:51:19.557+0000] {logging_mixin.py:190} INFO - [2024-09-28T02:51:19.557+0000] {dagbag.py:588} INFO - Filling up the DagBag from /home/airflow/.local/lib/python3.12/site-packages/airflow/example_dags/tutorial.py
[2024-09-28T02:51:19.565+0000] {processor.py:925} INFO - DAG(s) 'tutorial' retrieved from /home/airflow/.local/lib/python3.12/site-packages/airflow/example_dags/tutorial.py
[2024-09-28T02:51:19.584+0000] {logging_mixin.py:190} INFO - [2024-09-28T02:51:19.584+0000] {dag.py:3239} INFO - Sync 1 DAGs
[2024-09-28T02:51:19.607+0000] {logging_mixin.py:190} INFO - [2024-09-28T02:51:19.607+0000] {dag.py:4180} INFO - Setting next_dagrun for tutorial to 2024-09-27 00:00:00+00:00, run_after=2024-09-28 00:00:00+00:00
[2024-09-28T02:51:19.629+0000] {processor.py:208} INFO - Processing /home/airflow/.local/lib/python3.12/site-packages/airflow/example_dags/tutorial.py took 0.081 seconds
[2024-09-28T02:51:50.419+0000] {processor.py:186} INFO - Started process (PID=810) to work on /home/airflow/.local/lib/python3.12/site-packages/airflow/example_dags/tutorial.py
[2024-09-28T02:51:50.420+0000] {processor.py:914} INFO - Processing file /home/airflow/.local/lib/python3.12/site-packages/airflow/example_dags/tutorial.py for tasks to queue
[2024-09-28T02:51:50.423+0000] {logging_mixin.py:190} INFO - [2024-09-28T02:51:50.422+0000] {dagbag.py:588} INFO - Filling up the DagBag from /home/airflow/.local/lib/python3.12/site-packages/airflow/example_dags/tutorial.py
[2024-09-28T02:51:50.431+0000] {processor.py:925} INFO - DAG(s) 'tutorial' retrieved from /home/airflow/.local/lib/python3.12/site-packages/airflow/example_dags/tutorial.py
[2024-09-28T02:51:50.453+0000] {logging_mixin.py:190} INFO - [2024-09-28T02:51:50.452+0000] {dag.py:3239} INFO - Sync 1 DAGs
[2024-09-28T02:51:50.478+0000] {logging_mixin.py:190} INFO - [2024-09-28T02:51:50.477+0000] {dag.py:4180} INFO - Setting next_dagrun for tutorial to 2024-09-27 00:00:00+00:00, run_after=2024-09-28 00:00:00+00:00
[2024-09-28T02:51:50.502+0000] {processor.py:208} INFO - Processing /home/airflow/.local/lib/python3.12/site-packages/airflow/example_dags/tutorial.py took 0.088 seconds
[2024-09-28T03:34:11.489+0000] {processor.py:186} INFO - Started process (PID=882) to work on /home/airflow/.local/lib/python3.12/site-packages/airflow/example_dags/tutorial.py
[2024-09-28T03:34:11.491+0000] {processor.py:914} INFO - Processing file /home/airflow/.local/lib/python3.12/site-packages/airflow/example_dags/tutorial.py for tasks to queue
[2024-09-28T03:34:11.493+0000] {logging_mixin.py:190} INFO - [2024-09-28T03:34:11.492+0000] {dagbag.py:588} INFO - Filling up the DagBag from /home/airflow/.local/lib/python3.12/site-packages/airflow/example_dags/tutorial.py
[2024-09-28T03:34:11.501+0000] {processor.py:925} INFO - DAG(s) 'tutorial' retrieved from /home/airflow/.local/lib/python3.12/site-packages/airflow/example_dags/tutorial.py
[2024-09-28T03:34:11.523+0000] {logging_mixin.py:190} INFO - [2024-09-28T03:34:11.522+0000] {dag.py:3239} INFO - Sync 1 DAGs
[2024-09-28T03:34:11.548+0000] {logging_mixin.py:190} INFO - [2024-09-28T03:34:11.547+0000] {dag.py:4180} INFO - Setting next_dagrun for tutorial to 2024-09-27 00:00:00+00:00, run_after=2024-09-28 00:00:00+00:00
[2024-09-28T03:34:11.577+0000] {processor.py:208} INFO - Processing /home/airflow/.local/lib/python3.12/site-packages/airflow/example_dags/tutorial.py took 0.093 seconds
[2024-09-28T03:34:41.662+0000] {processor.py:186} INFO - Started process (PID=945) to work on /home/airflow/.local/lib/python3.12/site-packages/airflow/example_dags/tutorial.py
[2024-09-28T03:34:41.664+0000] {processor.py:914} INFO - Processing file /home/airflow/.local/lib/python3.12/site-packages/airflow/example_dags/tutorial.py for tasks to queue
[2024-09-28T03:34:41.665+0000] {logging_mixin.py:190} INFO - [2024-09-28T03:34:41.665+0000] {dagbag.py:588} INFO - Filling up the DagBag from /home/airflow/.local/lib/python3.12/site-packages/airflow/example_dags/tutorial.py
[2024-09-28T03:34:41.674+0000] {processor.py:925} INFO - DAG(s) 'tutorial' retrieved from /home/airflow/.local/lib/python3.12/site-packages/airflow/example_dags/tutorial.py
[2024-09-28T03:34:41.696+0000] {logging_mixin.py:190} INFO - [2024-09-28T03:34:41.696+0000] {dag.py:3239} INFO - Sync 1 DAGs
[2024-09-28T03:34:41.721+0000] {logging_mixin.py:190} INFO - [2024-09-28T03:34:41.721+0000] {dag.py:4180} INFO - Setting next_dagrun for tutorial to 2024-09-27 00:00:00+00:00, run_after=2024-09-28 00:00:00+00:00
[2024-09-28T03:34:41.748+0000] {processor.py:208} INFO - Processing /home/airflow/.local/lib/python3.12/site-packages/airflow/example_dags/tutorial.py took 0.090 seconds
[2024-09-28T03:40:15.979+0000] {processor.py:186} INFO - Started process (PID=131) to work on /home/airflow/.local/lib/python3.12/site-packages/airflow/example_dags/tutorial.py
[2024-09-28T03:40:15.981+0000] {processor.py:914} INFO - Processing file /home/airflow/.local/lib/python3.12/site-packages/airflow/example_dags/tutorial.py for tasks to queue
[2024-09-28T03:40:15.986+0000] {logging_mixin.py:190} INFO - [2024-09-28T03:40:15.985+0000] {dagbag.py:588} INFO - Filling up the DagBag from /home/airflow/.local/lib/python3.12/site-packages/airflow/example_dags/tutorial.py
[2024-09-28T03:40:15.997+0000] {processor.py:925} INFO - DAG(s) 'tutorial' retrieved from /home/airflow/.local/lib/python3.12/site-packages/airflow/example_dags/tutorial.py
[2024-09-28T03:40:16.044+0000] {logging_mixin.py:190} INFO - [2024-09-28T03:40:16.044+0000] {dag.py:3239} INFO - Sync 1 DAGs
[2024-09-28T03:40:16.083+0000] {logging_mixin.py:190} INFO - [2024-09-28T03:40:16.083+0000] {dag.py:4180} INFO - Setting next_dagrun for tutorial to 2024-09-27 00:00:00+00:00, run_after=2024-09-28 00:00:00+00:00
[2024-09-28T03:40:16.110+0000] {processor.py:208} INFO - Processing /home/airflow/.local/lib/python3.12/site-packages/airflow/example_dags/tutorial.py took 0.137 seconds
[2024-09-28T03:40:46.155+0000] {processor.py:186} INFO - Started process (PID=204) to work on /home/airflow/.local/lib/python3.12/site-packages/airflow/example_dags/tutorial.py
[2024-09-28T03:40:46.156+0000] {processor.py:914} INFO - Processing file /home/airflow/.local/lib/python3.12/site-packages/airflow/example_dags/tutorial.py for tasks to queue
[2024-09-28T03:40:46.159+0000] {logging_mixin.py:190} INFO - [2024-09-28T03:40:46.159+0000] {dagbag.py:588} INFO - Filling up the DagBag from /home/airflow/.local/lib/python3.12/site-packages/airflow/example_dags/tutorial.py
[2024-09-28T03:40:46.165+0000] {processor.py:925} INFO - DAG(s) 'tutorial' retrieved from /home/airflow/.local/lib/python3.12/site-packages/airflow/example_dags/tutorial.py
[2024-09-28T03:40:46.185+0000] {logging_mixin.py:190} INFO - [2024-09-28T03:40:46.184+0000] {dag.py:3239} INFO - Sync 1 DAGs
[2024-09-28T03:40:46.207+0000] {logging_mixin.py:190} INFO - [2024-09-28T03:40:46.207+0000] {dag.py:4180} INFO - Setting next_dagrun for tutorial to 2024-09-27 00:00:00+00:00, run_after=2024-09-28 00:00:00+00:00
[2024-09-28T03:40:46.230+0000] {processor.py:208} INFO - Processing /home/airflow/.local/lib/python3.12/site-packages/airflow/example_dags/tutorial.py took 0.079 seconds
[2024-09-28T03:41:16.342+0000] {processor.py:186} INFO - Started process (PID=278) to work on /home/airflow/.local/lib/python3.12/site-packages/airflow/example_dags/tutorial.py
[2024-09-28T03:41:16.343+0000] {processor.py:914} INFO - Processing file /home/airflow/.local/lib/python3.12/site-packages/airflow/example_dags/tutorial.py for tasks to queue
[2024-09-28T03:41:16.346+0000] {logging_mixin.py:190} INFO - [2024-09-28T03:41:16.345+0000] {dagbag.py:588} INFO - Filling up the DagBag from /home/airflow/.local/lib/python3.12/site-packages/airflow/example_dags/tutorial.py
[2024-09-28T03:41:16.353+0000] {processor.py:925} INFO - DAG(s) 'tutorial' retrieved from /home/airflow/.local/lib/python3.12/site-packages/airflow/example_dags/tutorial.py
[2024-09-28T03:41:16.371+0000] {logging_mixin.py:190} INFO - [2024-09-28T03:41:16.371+0000] {dag.py:3239} INFO - Sync 1 DAGs
[2024-09-28T03:41:16.393+0000] {logging_mixin.py:190} INFO - [2024-09-28T03:41:16.393+0000] {dag.py:4180} INFO - Setting next_dagrun for tutorial to 2024-09-27 00:00:00+00:00, run_after=2024-09-28 00:00:00+00:00
[2024-09-28T03:41:16.416+0000] {processor.py:208} INFO - Processing /home/airflow/.local/lib/python3.12/site-packages/airflow/example_dags/tutorial.py took 0.079 seconds
[2024-09-28T03:41:46.797+0000] {processor.py:186} INFO - Started process (PID=352) to work on /home/airflow/.local/lib/python3.12/site-packages/airflow/example_dags/tutorial.py
[2024-09-28T03:41:46.798+0000] {processor.py:914} INFO - Processing file /home/airflow/.local/lib/python3.12/site-packages/airflow/example_dags/tutorial.py for tasks to queue
[2024-09-28T03:41:46.801+0000] {logging_mixin.py:190} INFO - [2024-09-28T03:41:46.800+0000] {dagbag.py:588} INFO - Filling up the DagBag from /home/airflow/.local/lib/python3.12/site-packages/airflow/example_dags/tutorial.py
[2024-09-28T03:41:46.808+0000] {processor.py:925} INFO - DAG(s) 'tutorial' retrieved from /home/airflow/.local/lib/python3.12/site-packages/airflow/example_dags/tutorial.py
[2024-09-28T03:41:46.829+0000] {logging_mixin.py:190} INFO - [2024-09-28T03:41:46.828+0000] {dag.py:3239} INFO - Sync 1 DAGs
[2024-09-28T03:41:46.860+0000] {logging_mixin.py:190} INFO - [2024-09-28T03:41:46.860+0000] {dag.py:4180} INFO - Setting next_dagrun for tutorial to 2024-09-27 00:00:00+00:00, run_after=2024-09-28 00:00:00+00:00
[2024-09-28T03:41:46.884+0000] {processor.py:208} INFO - Processing /home/airflow/.local/lib/python3.12/site-packages/airflow/example_dags/tutorial.py took 0.092 seconds
[2024-09-28T03:42:17.158+0000] {processor.py:186} INFO - Started process (PID=426) to work on /home/airflow/.local/lib/python3.12/site-packages/airflow/example_dags/tutorial.py
[2024-09-28T03:42:17.159+0000] {processor.py:914} INFO - Processing file /home/airflow/.local/lib/python3.12/site-packages/airflow/example_dags/tutorial.py for tasks to queue
[2024-09-28T03:42:17.162+0000] {logging_mixin.py:190} INFO - [2024-09-28T03:42:17.162+0000] {dagbag.py:588} INFO - Filling up the DagBag from /home/airflow/.local/lib/python3.12/site-packages/airflow/example_dags/tutorial.py
[2024-09-28T03:42:17.171+0000] {processor.py:925} INFO - DAG(s) 'tutorial' retrieved from /home/airflow/.local/lib/python3.12/site-packages/airflow/example_dags/tutorial.py
[2024-09-28T03:42:17.195+0000] {logging_mixin.py:190} INFO - [2024-09-28T03:42:17.195+0000] {dag.py:3239} INFO - Sync 1 DAGs
[2024-09-28T03:42:17.231+0000] {logging_mixin.py:190} INFO - [2024-09-28T03:42:17.230+0000] {dag.py:4180} INFO - Setting next_dagrun for tutorial to 2024-09-27 00:00:00+00:00, run_after=2024-09-28 00:00:00+00:00
[2024-09-28T03:42:17.258+0000] {processor.py:208} INFO - Processing /home/airflow/.local/lib/python3.12/site-packages/airflow/example_dags/tutorial.py took 0.106 seconds
[2024-09-28T03:42:47.868+0000] {processor.py:186} INFO - Started process (PID=500) to work on /home/airflow/.local/lib/python3.12/site-packages/airflow/example_dags/tutorial.py
[2024-09-28T03:42:47.869+0000] {processor.py:914} INFO - Processing file /home/airflow/.local/lib/python3.12/site-packages/airflow/example_dags/tutorial.py for tasks to queue
[2024-09-28T03:42:47.872+0000] {logging_mixin.py:190} INFO - [2024-09-28T03:42:47.871+0000] {dagbag.py:588} INFO - Filling up the DagBag from /home/airflow/.local/lib/python3.12/site-packages/airflow/example_dags/tutorial.py
[2024-09-28T03:42:47.878+0000] {processor.py:925} INFO - DAG(s) 'tutorial' retrieved from /home/airflow/.local/lib/python3.12/site-packages/airflow/example_dags/tutorial.py
[2024-09-28T03:42:47.898+0000] {logging_mixin.py:190} INFO - [2024-09-28T03:42:47.897+0000] {dag.py:3239} INFO - Sync 1 DAGs
[2024-09-28T03:42:47.922+0000] {logging_mixin.py:190} INFO - [2024-09-28T03:42:47.922+0000] {dag.py:4180} INFO - Setting next_dagrun for tutorial to 2024-09-27 00:00:00+00:00, run_after=2024-09-28 00:00:00+00:00
[2024-09-28T03:42:47.946+0000] {processor.py:208} INFO - Processing /home/airflow/.local/lib/python3.12/site-packages/airflow/example_dags/tutorial.py took 0.082 seconds
[2024-09-28T03:43:18.411+0000] {processor.py:186} INFO - Started process (PID=574) to work on /home/airflow/.local/lib/python3.12/site-packages/airflow/example_dags/tutorial.py
[2024-09-28T03:43:18.412+0000] {processor.py:914} INFO - Processing file /home/airflow/.local/lib/python3.12/site-packages/airflow/example_dags/tutorial.py for tasks to queue
[2024-09-28T03:43:18.415+0000] {logging_mixin.py:190} INFO - [2024-09-28T03:43:18.414+0000] {dagbag.py:588} INFO - Filling up the DagBag from /home/airflow/.local/lib/python3.12/site-packages/airflow/example_dags/tutorial.py
[2024-09-28T03:43:18.423+0000] {processor.py:925} INFO - DAG(s) 'tutorial' retrieved from /home/airflow/.local/lib/python3.12/site-packages/airflow/example_dags/tutorial.py
[2024-09-28T03:43:18.443+0000] {logging_mixin.py:190} INFO - [2024-09-28T03:43:18.442+0000] {dag.py:3239} INFO - Sync 1 DAGs
[2024-09-28T03:43:18.468+0000] {logging_mixin.py:190} INFO - [2024-09-28T03:43:18.467+0000] {dag.py:4180} INFO - Setting next_dagrun for tutorial to 2024-09-27 00:00:00+00:00, run_after=2024-09-28 00:00:00+00:00
[2024-09-28T03:43:18.490+0000] {processor.py:208} INFO - Processing /home/airflow/.local/lib/python3.12/site-packages/airflow/example_dags/tutorial.py took 0.086 seconds
[2024-09-28T03:43:49.048+0000] {processor.py:186} INFO - Started process (PID=648) to work on /home/airflow/.local/lib/python3.12/site-packages/airflow/example_dags/tutorial.py
[2024-09-28T03:43:49.049+0000] {processor.py:914} INFO - Processing file /home/airflow/.local/lib/python3.12/site-packages/airflow/example_dags/tutorial.py for tasks to queue
[2024-09-28T03:43:49.052+0000] {logging_mixin.py:190} INFO - [2024-09-28T03:43:49.052+0000] {dagbag.py:588} INFO - Filling up the DagBag from /home/airflow/.local/lib/python3.12/site-packages/airflow/example_dags/tutorial.py
[2024-09-28T03:43:49.059+0000] {processor.py:925} INFO - DAG(s) 'tutorial' retrieved from /home/airflow/.local/lib/python3.12/site-packages/airflow/example_dags/tutorial.py
[2024-09-28T03:43:49.093+0000] {logging_mixin.py:190} INFO - [2024-09-28T03:43:49.092+0000] {dag.py:3239} INFO - Sync 1 DAGs
[2024-09-28T03:43:49.119+0000] {logging_mixin.py:190} INFO - [2024-09-28T03:43:49.119+0000] {dag.py:4180} INFO - Setting next_dagrun for tutorial to 2024-09-27 00:00:00+00:00, run_after=2024-09-28 00:00:00+00:00
[2024-09-28T03:43:49.145+0000] {processor.py:208} INFO - Processing /home/airflow/.local/lib/python3.12/site-packages/airflow/example_dags/tutorial.py took 0.103 seconds
[2024-09-28T03:44:19.209+0000] {processor.py:186} INFO - Started process (PID=722) to work on /home/airflow/.local/lib/python3.12/site-packages/airflow/example_dags/tutorial.py
[2024-09-28T03:44:19.210+0000] {processor.py:914} INFO - Processing file /home/airflow/.local/lib/python3.12/site-packages/airflow/example_dags/tutorial.py for tasks to queue
[2024-09-28T03:44:19.212+0000] {logging_mixin.py:190} INFO - [2024-09-28T03:44:19.211+0000] {dagbag.py:588} INFO - Filling up the DagBag from /home/airflow/.local/lib/python3.12/site-packages/airflow/example_dags/tutorial.py
[2024-09-28T03:44:19.219+0000] {processor.py:925} INFO - DAG(s) 'tutorial' retrieved from /home/airflow/.local/lib/python3.12/site-packages/airflow/example_dags/tutorial.py
[2024-09-28T03:44:19.243+0000] {logging_mixin.py:190} INFO - [2024-09-28T03:44:19.243+0000] {dag.py:3239} INFO - Sync 1 DAGs
[2024-09-28T03:44:19.272+0000] {logging_mixin.py:190} INFO - [2024-09-28T03:44:19.272+0000] {dag.py:4180} INFO - Setting next_dagrun for tutorial to 2024-09-27 00:00:00+00:00, run_after=2024-09-28 00:00:00+00:00
[2024-09-28T03:44:19.297+0000] {processor.py:208} INFO - Processing /home/airflow/.local/lib/python3.12/site-packages/airflow/example_dags/tutorial.py took 0.093 seconds
[2024-09-28T03:44:49.370+0000] {processor.py:186} INFO - Started process (PID=795) to work on /home/airflow/.local/lib/python3.12/site-packages/airflow/example_dags/tutorial.py
[2024-09-28T03:44:49.372+0000] {processor.py:914} INFO - Processing file /home/airflow/.local/lib/python3.12/site-packages/airflow/example_dags/tutorial.py for tasks to queue
[2024-09-28T03:44:49.374+0000] {logging_mixin.py:190} INFO - [2024-09-28T03:44:49.374+0000] {dagbag.py:588} INFO - Filling up the DagBag from /home/airflow/.local/lib/python3.12/site-packages/airflow/example_dags/tutorial.py
[2024-09-28T03:44:49.381+0000] {processor.py:925} INFO - DAG(s) 'tutorial' retrieved from /home/airflow/.local/lib/python3.12/site-packages/airflow/example_dags/tutorial.py
[2024-09-28T03:44:49.400+0000] {logging_mixin.py:190} INFO - [2024-09-28T03:44:49.399+0000] {dag.py:3239} INFO - Sync 1 DAGs
[2024-09-28T03:44:49.423+0000] {logging_mixin.py:190} INFO - [2024-09-28T03:44:49.423+0000] {dag.py:4180} INFO - Setting next_dagrun for tutorial to 2024-09-27 00:00:00+00:00, run_after=2024-09-28 00:00:00+00:00
[2024-09-28T03:44:49.447+0000] {processor.py:208} INFO - Processing /home/airflow/.local/lib/python3.12/site-packages/airflow/example_dags/tutorial.py took 0.081 seconds
[2024-09-28T03:45:20.395+0000] {processor.py:186} INFO - Started process (PID=869) to work on /home/airflow/.local/lib/python3.12/site-packages/airflow/example_dags/tutorial.py
[2024-09-28T03:45:20.396+0000] {processor.py:914} INFO - Processing file /home/airflow/.local/lib/python3.12/site-packages/airflow/example_dags/tutorial.py for tasks to queue
[2024-09-28T03:45:20.399+0000] {logging_mixin.py:190} INFO - [2024-09-28T03:45:20.398+0000] {dagbag.py:588} INFO - Filling up the DagBag from /home/airflow/.local/lib/python3.12/site-packages/airflow/example_dags/tutorial.py
[2024-09-28T03:45:20.405+0000] {processor.py:925} INFO - DAG(s) 'tutorial' retrieved from /home/airflow/.local/lib/python3.12/site-packages/airflow/example_dags/tutorial.py
[2024-09-28T03:45:20.422+0000] {logging_mixin.py:190} INFO - [2024-09-28T03:45:20.422+0000] {dag.py:3239} INFO - Sync 1 DAGs
[2024-09-28T03:45:20.446+0000] {logging_mixin.py:190} INFO - [2024-09-28T03:45:20.446+0000] {dag.py:4180} INFO - Setting next_dagrun for tutorial to 2024-09-27 00:00:00+00:00, run_after=2024-09-28 00:00:00+00:00
[2024-09-28T03:45:20.469+0000] {processor.py:208} INFO - Processing /home/airflow/.local/lib/python3.12/site-packages/airflow/example_dags/tutorial.py took 0.079 seconds
[2024-09-28T03:45:50.917+0000] {processor.py:186} INFO - Started process (PID=944) to work on /home/airflow/.local/lib/python3.12/site-packages/airflow/example_dags/tutorial.py
[2024-09-28T03:45:50.918+0000] {processor.py:914} INFO - Processing file /home/airflow/.local/lib/python3.12/site-packages/airflow/example_dags/tutorial.py for tasks to queue
[2024-09-28T03:45:50.922+0000] {logging_mixin.py:190} INFO - [2024-09-28T03:45:50.921+0000] {dagbag.py:588} INFO - Filling up the DagBag from /home/airflow/.local/lib/python3.12/site-packages/airflow/example_dags/tutorial.py
[2024-09-28T03:45:50.931+0000] {processor.py:925} INFO - DAG(s) 'tutorial' retrieved from /home/airflow/.local/lib/python3.12/site-packages/airflow/example_dags/tutorial.py
[2024-09-28T03:45:50.958+0000] {logging_mixin.py:190} INFO - [2024-09-28T03:45:50.957+0000] {dag.py:3239} INFO - Sync 1 DAGs
[2024-09-28T03:45:50.990+0000] {logging_mixin.py:190} INFO - [2024-09-28T03:45:50.990+0000] {dag.py:4180} INFO - Setting next_dagrun for tutorial to 2024-09-27 00:00:00+00:00, run_after=2024-09-28 00:00:00+00:00
[2024-09-28T03:45:51.021+0000] {processor.py:208} INFO - Processing /home/airflow/.local/lib/python3.12/site-packages/airflow/example_dags/tutorial.py took 0.110 seconds
[2024-09-28T03:46:21.690+0000] {processor.py:186} INFO - Started process (PID=1019) to work on /home/airflow/.local/lib/python3.12/site-packages/airflow/example_dags/tutorial.py
[2024-09-28T03:46:21.692+0000] {processor.py:914} INFO - Processing file /home/airflow/.local/lib/python3.12/site-packages/airflow/example_dags/tutorial.py for tasks to queue
[2024-09-28T03:46:21.697+0000] {logging_mixin.py:190} INFO - [2024-09-28T03:46:21.696+0000] {dagbag.py:588} INFO - Filling up the DagBag from /home/airflow/.local/lib/python3.12/site-packages/airflow/example_dags/tutorial.py
[2024-09-28T03:46:21.706+0000] {processor.py:925} INFO - DAG(s) 'tutorial' retrieved from /home/airflow/.local/lib/python3.12/site-packages/airflow/example_dags/tutorial.py
[2024-09-28T03:46:21.733+0000] {logging_mixin.py:190} INFO - [2024-09-28T03:46:21.732+0000] {dag.py:3239} INFO - Sync 1 DAGs
[2024-09-28T03:46:21.775+0000] {logging_mixin.py:190} INFO - [2024-09-28T03:46:21.774+0000] {dag.py:4180} INFO - Setting next_dagrun for tutorial to 2024-09-27 00:00:00+00:00, run_after=2024-09-28 00:00:00+00:00
[2024-09-28T03:46:21.806+0000] {processor.py:208} INFO - Processing /home/airflow/.local/lib/python3.12/site-packages/airflow/example_dags/tutorial.py took 0.121 seconds
[2024-09-28T03:46:52.852+0000] {processor.py:186} INFO - Started process (PID=1093) to work on /home/airflow/.local/lib/python3.12/site-packages/airflow/example_dags/tutorial.py
[2024-09-28T03:46:52.854+0000] {processor.py:914} INFO - Processing file /home/airflow/.local/lib/python3.12/site-packages/airflow/example_dags/tutorial.py for tasks to queue
[2024-09-28T03:46:52.857+0000] {logging_mixin.py:190} INFO - [2024-09-28T03:46:52.856+0000] {dagbag.py:588} INFO - Filling up the DagBag from /home/airflow/.local/lib/python3.12/site-packages/airflow/example_dags/tutorial.py
[2024-09-28T03:46:52.867+0000] {processor.py:925} INFO - DAG(s) 'tutorial' retrieved from /home/airflow/.local/lib/python3.12/site-packages/airflow/example_dags/tutorial.py
[2024-09-28T03:46:52.894+0000] {logging_mixin.py:190} INFO - [2024-09-28T03:46:52.894+0000] {dag.py:3239} INFO - Sync 1 DAGs
[2024-09-28T03:46:52.924+0000] {logging_mixin.py:190} INFO - [2024-09-28T03:46:52.924+0000] {dag.py:4180} INFO - Setting next_dagrun for tutorial to 2024-09-27 00:00:00+00:00, run_after=2024-09-28 00:00:00+00:00
[2024-09-28T03:46:52.956+0000] {processor.py:208} INFO - Processing /home/airflow/.local/lib/python3.12/site-packages/airflow/example_dags/tutorial.py took 0.110 seconds
[2024-09-28T03:47:23.003+0000] {processor.py:186} INFO - Started process (PID=1166) to work on /home/airflow/.local/lib/python3.12/site-packages/airflow/example_dags/tutorial.py
[2024-09-28T03:47:23.004+0000] {processor.py:914} INFO - Processing file /home/airflow/.local/lib/python3.12/site-packages/airflow/example_dags/tutorial.py for tasks to queue
[2024-09-28T03:47:23.008+0000] {logging_mixin.py:190} INFO - [2024-09-28T03:47:23.008+0000] {dagbag.py:588} INFO - Filling up the DagBag from /home/airflow/.local/lib/python3.12/site-packages/airflow/example_dags/tutorial.py
[2024-09-28T03:47:23.017+0000] {processor.py:925} INFO - DAG(s) 'tutorial' retrieved from /home/airflow/.local/lib/python3.12/site-packages/airflow/example_dags/tutorial.py
[2024-09-28T03:47:23.044+0000] {logging_mixin.py:190} INFO - [2024-09-28T03:47:23.043+0000] {dag.py:3239} INFO - Sync 1 DAGs
[2024-09-28T03:47:23.074+0000] {logging_mixin.py:190} INFO - [2024-09-28T03:47:23.074+0000] {dag.py:4180} INFO - Setting next_dagrun for tutorial to 2024-09-27 00:00:00+00:00, run_after=2024-09-28 00:00:00+00:00
[2024-09-28T03:47:23.099+0000] {processor.py:208} INFO - Processing /home/airflow/.local/lib/python3.12/site-packages/airflow/example_dags/tutorial.py took 0.103 seconds
[2024-09-28T03:47:53.317+0000] {processor.py:186} INFO - Started process (PID=1240) to work on /home/airflow/.local/lib/python3.12/site-packages/airflow/example_dags/tutorial.py
[2024-09-28T03:47:53.318+0000] {processor.py:914} INFO - Processing file /home/airflow/.local/lib/python3.12/site-packages/airflow/example_dags/tutorial.py for tasks to queue
[2024-09-28T03:47:53.321+0000] {logging_mixin.py:190} INFO - [2024-09-28T03:47:53.320+0000] {dagbag.py:588} INFO - Filling up the DagBag from /home/airflow/.local/lib/python3.12/site-packages/airflow/example_dags/tutorial.py
[2024-09-28T03:47:53.331+0000] {processor.py:925} INFO - DAG(s) 'tutorial' retrieved from /home/airflow/.local/lib/python3.12/site-packages/airflow/example_dags/tutorial.py
[2024-09-28T03:47:53.356+0000] {logging_mixin.py:190} INFO - [2024-09-28T03:47:53.356+0000] {dag.py:3239} INFO - Sync 1 DAGs
[2024-09-28T03:47:53.390+0000] {logging_mixin.py:190} INFO - [2024-09-28T03:47:53.390+0000] {dag.py:4180} INFO - Setting next_dagrun for tutorial to 2024-09-27 00:00:00+00:00, run_after=2024-09-28 00:00:00+00:00
[2024-09-28T03:47:53.420+0000] {processor.py:208} INFO - Processing /home/airflow/.local/lib/python3.12/site-packages/airflow/example_dags/tutorial.py took 0.110 seconds
[2024-09-28T03:48:23.576+0000] {processor.py:186} INFO - Started process (PID=1314) to work on /home/airflow/.local/lib/python3.12/site-packages/airflow/example_dags/tutorial.py
[2024-09-28T03:48:23.577+0000] {processor.py:914} INFO - Processing file /home/airflow/.local/lib/python3.12/site-packages/airflow/example_dags/tutorial.py for tasks to queue
[2024-09-28T03:48:23.580+0000] {logging_mixin.py:190} INFO - [2024-09-28T03:48:23.580+0000] {dagbag.py:588} INFO - Filling up the DagBag from /home/airflow/.local/lib/python3.12/site-packages/airflow/example_dags/tutorial.py
[2024-09-28T03:48:23.588+0000] {processor.py:925} INFO - DAG(s) 'tutorial' retrieved from /home/airflow/.local/lib/python3.12/site-packages/airflow/example_dags/tutorial.py
[2024-09-28T03:48:23.610+0000] {logging_mixin.py:190} INFO - [2024-09-28T03:48:23.610+0000] {dag.py:3239} INFO - Sync 1 DAGs
[2024-09-28T03:48:23.639+0000] {logging_mixin.py:190} INFO - [2024-09-28T03:48:23.639+0000] {dag.py:4180} INFO - Setting next_dagrun for tutorial to 2024-09-27 00:00:00+00:00, run_after=2024-09-28 00:00:00+00:00
[2024-09-28T03:48:23.668+0000] {processor.py:208} INFO - Processing /home/airflow/.local/lib/python3.12/site-packages/airflow/example_dags/tutorial.py took 0.098 seconds
[2024-09-28T03:48:54.099+0000] {processor.py:186} INFO - Started process (PID=1388) to work on /home/airflow/.local/lib/python3.12/site-packages/airflow/example_dags/tutorial.py
[2024-09-28T03:48:54.100+0000] {processor.py:914} INFO - Processing file /home/airflow/.local/lib/python3.12/site-packages/airflow/example_dags/tutorial.py for tasks to queue
[2024-09-28T03:48:54.103+0000] {logging_mixin.py:190} INFO - [2024-09-28T03:48:54.103+0000] {dagbag.py:588} INFO - Filling up the DagBag from /home/airflow/.local/lib/python3.12/site-packages/airflow/example_dags/tutorial.py
[2024-09-28T03:48:54.111+0000] {processor.py:925} INFO - DAG(s) 'tutorial' retrieved from /home/airflow/.local/lib/python3.12/site-packages/airflow/example_dags/tutorial.py
[2024-09-28T03:48:54.133+0000] {logging_mixin.py:190} INFO - [2024-09-28T03:48:54.133+0000] {dag.py:3239} INFO - Sync 1 DAGs
[2024-09-28T03:48:54.160+0000] {logging_mixin.py:190} INFO - [2024-09-28T03:48:54.160+0000] {dag.py:4180} INFO - Setting next_dagrun for tutorial to 2024-09-27 00:00:00+00:00, run_after=2024-09-28 00:00:00+00:00
[2024-09-28T03:48:54.187+0000] {processor.py:208} INFO - Processing /home/airflow/.local/lib/python3.12/site-packages/airflow/example_dags/tutorial.py took 0.094 seconds
[2024-09-28T03:49:24.397+0000] {processor.py:186} INFO - Started process (PID=1463) to work on /home/airflow/.local/lib/python3.12/site-packages/airflow/example_dags/tutorial.py
[2024-09-28T03:49:24.399+0000] {processor.py:914} INFO - Processing file /home/airflow/.local/lib/python3.12/site-packages/airflow/example_dags/tutorial.py for tasks to queue
[2024-09-28T03:49:24.402+0000] {logging_mixin.py:190} INFO - [2024-09-28T03:49:24.401+0000] {dagbag.py:588} INFO - Filling up the DagBag from /home/airflow/.local/lib/python3.12/site-packages/airflow/example_dags/tutorial.py
[2024-09-28T03:49:24.413+0000] {processor.py:925} INFO - DAG(s) 'tutorial' retrieved from /home/airflow/.local/lib/python3.12/site-packages/airflow/example_dags/tutorial.py
[2024-09-28T03:49:24.455+0000] {logging_mixin.py:190} INFO - [2024-09-28T03:49:24.454+0000] {dag.py:3239} INFO - Sync 1 DAGs
[2024-09-28T03:49:24.487+0000] {logging_mixin.py:190} INFO - [2024-09-28T03:49:24.487+0000] {dag.py:4180} INFO - Setting next_dagrun for tutorial to 2024-09-27 00:00:00+00:00, run_after=2024-09-28 00:00:00+00:00
[2024-09-28T03:49:24.527+0000] {processor.py:208} INFO - Processing /home/airflow/.local/lib/python3.12/site-packages/airflow/example_dags/tutorial.py took 0.139 seconds
[2024-09-28T03:49:55.624+0000] {processor.py:186} INFO - Started process (PID=1536) to work on /home/airflow/.local/lib/python3.12/site-packages/airflow/example_dags/tutorial.py
[2024-09-28T03:49:55.626+0000] {processor.py:914} INFO - Processing file /home/airflow/.local/lib/python3.12/site-packages/airflow/example_dags/tutorial.py for tasks to queue
[2024-09-28T03:49:55.629+0000] {logging_mixin.py:190} INFO - [2024-09-28T03:49:55.628+0000] {dagbag.py:588} INFO - Filling up the DagBag from /home/airflow/.local/lib/python3.12/site-packages/airflow/example_dags/tutorial.py
[2024-09-28T03:49:55.639+0000] {processor.py:925} INFO - DAG(s) 'tutorial' retrieved from /home/airflow/.local/lib/python3.12/site-packages/airflow/example_dags/tutorial.py
[2024-09-28T03:49:55.666+0000] {logging_mixin.py:190} INFO - [2024-09-28T03:49:55.666+0000] {dag.py:3239} INFO - Sync 1 DAGs
[2024-09-28T03:49:55.700+0000] {logging_mixin.py:190} INFO - [2024-09-28T03:49:55.699+0000] {dag.py:4180} INFO - Setting next_dagrun for tutorial to 2024-09-27 00:00:00+00:00, run_after=2024-09-28 00:00:00+00:00
[2024-09-28T03:49:55.729+0000] {processor.py:208} INFO - Processing /home/airflow/.local/lib/python3.12/site-packages/airflow/example_dags/tutorial.py took 0.112 seconds
[2024-09-28T03:50:26.208+0000] {processor.py:186} INFO - Started process (PID=1610) to work on /home/airflow/.local/lib/python3.12/site-packages/airflow/example_dags/tutorial.py
[2024-09-28T03:50:26.209+0000] {processor.py:914} INFO - Processing file /home/airflow/.local/lib/python3.12/site-packages/airflow/example_dags/tutorial.py for tasks to queue
[2024-09-28T03:50:26.211+0000] {logging_mixin.py:190} INFO - [2024-09-28T03:50:26.211+0000] {dagbag.py:588} INFO - Filling up the DagBag from /home/airflow/.local/lib/python3.12/site-packages/airflow/example_dags/tutorial.py
[2024-09-28T03:50:26.220+0000] {processor.py:925} INFO - DAG(s) 'tutorial' retrieved from /home/airflow/.local/lib/python3.12/site-packages/airflow/example_dags/tutorial.py
[2024-09-28T03:50:26.242+0000] {logging_mixin.py:190} INFO - [2024-09-28T03:50:26.242+0000] {dag.py:3239} INFO - Sync 1 DAGs
[2024-09-28T03:50:26.269+0000] {logging_mixin.py:190} INFO - [2024-09-28T03:50:26.269+0000] {dag.py:4180} INFO - Setting next_dagrun for tutorial to 2024-09-27 00:00:00+00:00, run_after=2024-09-28 00:00:00+00:00
[2024-09-28T03:50:26.299+0000] {processor.py:208} INFO - Processing /home/airflow/.local/lib/python3.12/site-packages/airflow/example_dags/tutorial.py took 0.096 seconds
[2024-09-28T03:53:38.892+0000] {processor.py:186} INFO - Started process (PID=129) to work on /home/airflow/.local/lib/python3.12/site-packages/airflow/example_dags/tutorial.py
[2024-09-28T03:53:38.894+0000] {processor.py:914} INFO - Processing file /home/airflow/.local/lib/python3.12/site-packages/airflow/example_dags/tutorial.py for tasks to queue
[2024-09-28T03:53:38.896+0000] {logging_mixin.py:190} INFO - [2024-09-28T03:53:38.896+0000] {dagbag.py:588} INFO - Filling up the DagBag from /home/airflow/.local/lib/python3.12/site-packages/airflow/example_dags/tutorial.py
[2024-09-28T03:53:38.905+0000] {processor.py:925} INFO - DAG(s) 'tutorial' retrieved from /home/airflow/.local/lib/python3.12/site-packages/airflow/example_dags/tutorial.py
[2024-09-28T03:53:38.937+0000] {logging_mixin.py:190} INFO - [2024-09-28T03:53:38.937+0000] {dag.py:3239} INFO - Sync 1 DAGs
[2024-09-28T03:53:38.970+0000] {logging_mixin.py:190} INFO - [2024-09-28T03:53:38.970+0000] {dag.py:4180} INFO - Setting next_dagrun for tutorial to 2024-09-27 00:00:00+00:00, run_after=2024-09-28 00:00:00+00:00
[2024-09-28T03:53:38.996+0000] {processor.py:208} INFO - Processing /home/airflow/.local/lib/python3.12/site-packages/airflow/example_dags/tutorial.py took 0.109 seconds
[2024-09-28T03:54:10.131+0000] {processor.py:186} INFO - Started process (PID=204) to work on /home/airflow/.local/lib/python3.12/site-packages/airflow/example_dags/tutorial.py
[2024-09-28T03:54:10.133+0000] {processor.py:914} INFO - Processing file /home/airflow/.local/lib/python3.12/site-packages/airflow/example_dags/tutorial.py for tasks to queue
[2024-09-28T03:54:10.135+0000] {logging_mixin.py:190} INFO - [2024-09-28T03:54:10.135+0000] {dagbag.py:588} INFO - Filling up the DagBag from /home/airflow/.local/lib/python3.12/site-packages/airflow/example_dags/tutorial.py
[2024-09-28T03:54:10.142+0000] {processor.py:925} INFO - DAG(s) 'tutorial' retrieved from /home/airflow/.local/lib/python3.12/site-packages/airflow/example_dags/tutorial.py
[2024-09-28T03:54:10.163+0000] {logging_mixin.py:190} INFO - [2024-09-28T03:54:10.163+0000] {dag.py:3239} INFO - Sync 1 DAGs
[2024-09-28T03:54:10.189+0000] {logging_mixin.py:190} INFO - [2024-09-28T03:54:10.189+0000] {dag.py:4180} INFO - Setting next_dagrun for tutorial to 2024-09-27 00:00:00+00:00, run_after=2024-09-28 00:00:00+00:00
[2024-09-28T03:54:10.213+0000] {processor.py:208} INFO - Processing /home/airflow/.local/lib/python3.12/site-packages/airflow/example_dags/tutorial.py took 0.087 seconds
[2024-09-28T03:54:40.289+0000] {processor.py:186} INFO - Started process (PID=277) to work on /home/airflow/.local/lib/python3.12/site-packages/airflow/example_dags/tutorial.py
[2024-09-28T03:54:40.291+0000] {processor.py:914} INFO - Processing file /home/airflow/.local/lib/python3.12/site-packages/airflow/example_dags/tutorial.py for tasks to queue
[2024-09-28T03:54:40.294+0000] {logging_mixin.py:190} INFO - [2024-09-28T03:54:40.293+0000] {dagbag.py:588} INFO - Filling up the DagBag from /home/airflow/.local/lib/python3.12/site-packages/airflow/example_dags/tutorial.py
[2024-09-28T03:54:40.302+0000] {processor.py:925} INFO - DAG(s) 'tutorial' retrieved from /home/airflow/.local/lib/python3.12/site-packages/airflow/example_dags/tutorial.py
[2024-09-28T03:54:40.325+0000] {logging_mixin.py:190} INFO - [2024-09-28T03:54:40.325+0000] {dag.py:3239} INFO - Sync 1 DAGs
[2024-09-28T03:54:40.352+0000] {logging_mixin.py:190} INFO - [2024-09-28T03:54:40.352+0000] {dag.py:4180} INFO - Setting next_dagrun for tutorial to 2024-09-27 00:00:00+00:00, run_after=2024-09-28 00:00:00+00:00
[2024-09-28T03:54:40.376+0000] {processor.py:208} INFO - Processing /home/airflow/.local/lib/python3.12/site-packages/airflow/example_dags/tutorial.py took 0.093 seconds
[2024-09-28T03:55:12.161+0000] {processor.py:186} INFO - Started process (PID=352) to work on /home/airflow/.local/lib/python3.12/site-packages/airflow/example_dags/tutorial.py
[2024-09-28T03:55:12.163+0000] {processor.py:914} INFO - Processing file /home/airflow/.local/lib/python3.12/site-packages/airflow/example_dags/tutorial.py for tasks to queue
[2024-09-28T03:55:12.166+0000] {logging_mixin.py:190} INFO - [2024-09-28T03:55:12.166+0000] {dagbag.py:588} INFO - Filling up the DagBag from /home/airflow/.local/lib/python3.12/site-packages/airflow/example_dags/tutorial.py
[2024-09-28T03:55:12.181+0000] {processor.py:925} INFO - DAG(s) 'tutorial' retrieved from /home/airflow/.local/lib/python3.12/site-packages/airflow/example_dags/tutorial.py
[2024-09-28T03:55:12.212+0000] {logging_mixin.py:190} INFO - [2024-09-28T03:55:12.211+0000] {dag.py:3239} INFO - Sync 1 DAGs
[2024-09-28T03:55:12.246+0000] {logging_mixin.py:190} INFO - [2024-09-28T03:55:12.246+0000] {dag.py:4180} INFO - Setting next_dagrun for tutorial to 2024-09-27 00:00:00+00:00, run_after=2024-09-28 00:00:00+00:00
[2024-09-28T03:55:12.276+0000] {processor.py:208} INFO - Processing /home/airflow/.local/lib/python3.12/site-packages/airflow/example_dags/tutorial.py took 0.130 seconds
[2024-09-28T03:55:42.923+0000] {processor.py:186} INFO - Started process (PID=452) to work on /home/airflow/.local/lib/python3.12/site-packages/airflow/example_dags/tutorial.py
[2024-09-28T03:55:42.924+0000] {processor.py:914} INFO - Processing file /home/airflow/.local/lib/python3.12/site-packages/airflow/example_dags/tutorial.py for tasks to queue
[2024-09-28T03:55:42.927+0000] {logging_mixin.py:190} INFO - [2024-09-28T03:55:42.926+0000] {dagbag.py:588} INFO - Filling up the DagBag from /home/airflow/.local/lib/python3.12/site-packages/airflow/example_dags/tutorial.py
[2024-09-28T03:55:42.935+0000] {processor.py:925} INFO - DAG(s) 'tutorial' retrieved from /home/airflow/.local/lib/python3.12/site-packages/airflow/example_dags/tutorial.py
[2024-09-28T03:55:42.959+0000] {logging_mixin.py:190} INFO - [2024-09-28T03:55:42.959+0000] {dag.py:3239} INFO - Sync 1 DAGs
[2024-09-28T03:55:42.985+0000] {logging_mixin.py:190} INFO - [2024-09-28T03:55:42.984+0000] {dag.py:4180} INFO - Setting next_dagrun for tutorial to 2024-09-27 00:00:00+00:00, run_after=2024-09-28 00:00:00+00:00
[2024-09-28T03:55:43.012+0000] {processor.py:208} INFO - Processing /home/airflow/.local/lib/python3.12/site-packages/airflow/example_dags/tutorial.py took 0.095 seconds
[2024-09-28T03:56:14.003+0000] {processor.py:186} INFO - Started process (PID=623) to work on /home/airflow/.local/lib/python3.12/site-packages/airflow/example_dags/tutorial.py
[2024-09-28T03:56:14.005+0000] {processor.py:914} INFO - Processing file /home/airflow/.local/lib/python3.12/site-packages/airflow/example_dags/tutorial.py for tasks to queue
[2024-09-28T03:56:14.007+0000] {logging_mixin.py:190} INFO - [2024-09-28T03:56:14.007+0000] {dagbag.py:588} INFO - Filling up the DagBag from /home/airflow/.local/lib/python3.12/site-packages/airflow/example_dags/tutorial.py
[2024-09-28T03:56:14.016+0000] {processor.py:925} INFO - DAG(s) 'tutorial' retrieved from /home/airflow/.local/lib/python3.12/site-packages/airflow/example_dags/tutorial.py
[2024-09-28T03:56:14.038+0000] {logging_mixin.py:190} INFO - [2024-09-28T03:56:14.038+0000] {dag.py:3239} INFO - Sync 1 DAGs
[2024-09-28T03:56:14.067+0000] {logging_mixin.py:190} INFO - [2024-09-28T03:56:14.067+0000] {dag.py:4180} INFO - Setting next_dagrun for tutorial to 2024-09-27 00:00:00+00:00, run_after=2024-09-28 00:00:00+00:00
[2024-09-28T03:56:14.097+0000] {processor.py:208} INFO - Processing /home/airflow/.local/lib/python3.12/site-packages/airflow/example_dags/tutorial.py took 0.099 seconds
[2024-09-28T03:56:44.958+0000] {processor.py:186} INFO - Started process (PID=689) to work on /home/airflow/.local/lib/python3.12/site-packages/airflow/example_dags/tutorial.py
[2024-09-28T03:56:44.959+0000] {processor.py:914} INFO - Processing file /home/airflow/.local/lib/python3.12/site-packages/airflow/example_dags/tutorial.py for tasks to queue
[2024-09-28T03:56:44.962+0000] {logging_mixin.py:190} INFO - [2024-09-28T03:56:44.961+0000] {dagbag.py:588} INFO - Filling up the DagBag from /home/airflow/.local/lib/python3.12/site-packages/airflow/example_dags/tutorial.py
[2024-09-28T03:56:44.969+0000] {processor.py:925} INFO - DAG(s) 'tutorial' retrieved from /home/airflow/.local/lib/python3.12/site-packages/airflow/example_dags/tutorial.py
[2024-09-28T03:56:44.991+0000] {logging_mixin.py:190} INFO - [2024-09-28T03:56:44.990+0000] {dag.py:3239} INFO - Sync 1 DAGs
[2024-09-28T03:56:45.014+0000] {logging_mixin.py:190} INFO - [2024-09-28T03:56:45.014+0000] {dag.py:4180} INFO - Setting next_dagrun for tutorial to 2024-09-27 00:00:00+00:00, run_after=2024-09-28 00:00:00+00:00
[2024-09-28T03:56:45.037+0000] {processor.py:208} INFO - Processing /home/airflow/.local/lib/python3.12/site-packages/airflow/example_dags/tutorial.py took 0.085 seconds
[2024-09-28T04:03:11.743+0000] {processor.py:186} INFO - Started process (PID=119) to work on /home/airflow/.local/lib/python3.12/site-packages/airflow/example_dags/tutorial.py
[2024-09-28T04:03:11.745+0000] {processor.py:914} INFO - Processing file /home/airflow/.local/lib/python3.12/site-packages/airflow/example_dags/tutorial.py for tasks to queue
[2024-09-28T04:03:11.747+0000] {logging_mixin.py:190} INFO - [2024-09-28T04:03:11.747+0000] {dagbag.py:588} INFO - Filling up the DagBag from /home/airflow/.local/lib/python3.12/site-packages/airflow/example_dags/tutorial.py
[2024-09-28T04:03:11.755+0000] {processor.py:925} INFO - DAG(s) 'tutorial' retrieved from /home/airflow/.local/lib/python3.12/site-packages/airflow/example_dags/tutorial.py
[2024-09-28T04:03:11.776+0000] {logging_mixin.py:190} INFO - [2024-09-28T04:03:11.776+0000] {dag.py:3239} INFO - Sync 1 DAGs
[2024-09-28T04:03:11.805+0000] {logging_mixin.py:190} INFO - [2024-09-28T04:03:11.804+0000] {dag.py:4180} INFO - Setting next_dagrun for tutorial to 2024-09-27 00:00:00+00:00, run_after=2024-09-28 00:00:00+00:00
[2024-09-28T04:03:11.832+0000] {processor.py:208} INFO - Processing /home/airflow/.local/lib/python3.12/site-packages/airflow/example_dags/tutorial.py took 0.094 seconds
[2024-09-28T04:03:42.013+0000] {processor.py:186} INFO - Started process (PID=182) to work on /home/airflow/.local/lib/python3.12/site-packages/airflow/example_dags/tutorial.py
[2024-09-28T04:03:42.015+0000] {processor.py:914} INFO - Processing file /home/airflow/.local/lib/python3.12/site-packages/airflow/example_dags/tutorial.py for tasks to queue
[2024-09-28T04:03:42.018+0000] {logging_mixin.py:190} INFO - [2024-09-28T04:03:42.017+0000] {dagbag.py:588} INFO - Filling up the DagBag from /home/airflow/.local/lib/python3.12/site-packages/airflow/example_dags/tutorial.py
[2024-09-28T04:03:42.030+0000] {processor.py:925} INFO - DAG(s) 'tutorial' retrieved from /home/airflow/.local/lib/python3.12/site-packages/airflow/example_dags/tutorial.py
[2024-09-28T04:03:42.055+0000] {logging_mixin.py:190} INFO - [2024-09-28T04:03:42.055+0000] {dag.py:3239} INFO - Sync 1 DAGs
[2024-09-28T04:03:42.084+0000] {logging_mixin.py:190} INFO - [2024-09-28T04:03:42.084+0000] {dag.py:4180} INFO - Setting next_dagrun for tutorial to 2024-09-27 00:00:00+00:00, run_after=2024-09-28 00:00:00+00:00
[2024-09-28T04:03:42.112+0000] {processor.py:208} INFO - Processing /home/airflow/.local/lib/python3.12/site-packages/airflow/example_dags/tutorial.py took 0.111 seconds
[2024-09-28T04:04:12.626+0000] {processor.py:186} INFO - Started process (PID=245) to work on /home/airflow/.local/lib/python3.12/site-packages/airflow/example_dags/tutorial.py
[2024-09-28T04:04:12.628+0000] {processor.py:914} INFO - Processing file /home/airflow/.local/lib/python3.12/site-packages/airflow/example_dags/tutorial.py for tasks to queue
[2024-09-28T04:04:12.631+0000] {logging_mixin.py:190} INFO - [2024-09-28T04:04:12.631+0000] {dagbag.py:588} INFO - Filling up the DagBag from /home/airflow/.local/lib/python3.12/site-packages/airflow/example_dags/tutorial.py
[2024-09-28T04:04:12.638+0000] {processor.py:925} INFO - DAG(s) 'tutorial' retrieved from /home/airflow/.local/lib/python3.12/site-packages/airflow/example_dags/tutorial.py
[2024-09-28T04:04:12.658+0000] {logging_mixin.py:190} INFO - [2024-09-28T04:04:12.658+0000] {dag.py:3239} INFO - Sync 1 DAGs
[2024-09-28T04:04:12.691+0000] {logging_mixin.py:190} INFO - [2024-09-28T04:04:12.690+0000] {dag.py:4180} INFO - Setting next_dagrun for tutorial to 2024-09-27 00:00:00+00:00, run_after=2024-09-28 00:00:00+00:00
[2024-09-28T04:04:12.724+0000] {processor.py:208} INFO - Processing /home/airflow/.local/lib/python3.12/site-packages/airflow/example_dags/tutorial.py took 0.103 seconds
[2024-09-28T04:04:43.617+0000] {processor.py:186} INFO - Started process (PID=308) to work on /home/airflow/.local/lib/python3.12/site-packages/airflow/example_dags/tutorial.py
[2024-09-28T04:04:43.618+0000] {processor.py:914} INFO - Processing file /home/airflow/.local/lib/python3.12/site-packages/airflow/example_dags/tutorial.py for tasks to queue
[2024-09-28T04:04:43.621+0000] {logging_mixin.py:190} INFO - [2024-09-28T04:04:43.620+0000] {dagbag.py:588} INFO - Filling up the DagBag from /home/airflow/.local/lib/python3.12/site-packages/airflow/example_dags/tutorial.py
[2024-09-28T04:04:43.628+0000] {processor.py:925} INFO - DAG(s) 'tutorial' retrieved from /home/airflow/.local/lib/python3.12/site-packages/airflow/example_dags/tutorial.py
[2024-09-28T04:04:43.653+0000] {logging_mixin.py:190} INFO - [2024-09-28T04:04:43.652+0000] {dag.py:3239} INFO - Sync 1 DAGs
[2024-09-28T04:04:43.683+0000] {logging_mixin.py:190} INFO - [2024-09-28T04:04:43.683+0000] {dag.py:4180} INFO - Setting next_dagrun for tutorial to 2024-09-27 00:00:00+00:00, run_after=2024-09-28 00:00:00+00:00
[2024-09-28T04:04:43.713+0000] {processor.py:208} INFO - Processing /home/airflow/.local/lib/python3.12/site-packages/airflow/example_dags/tutorial.py took 0.102 seconds
[2024-09-28T04:05:14.397+0000] {processor.py:186} INFO - Started process (PID=394) to work on /home/airflow/.local/lib/python3.12/site-packages/airflow/example_dags/tutorial.py
[2024-09-28T04:05:14.398+0000] {processor.py:914} INFO - Processing file /home/airflow/.local/lib/python3.12/site-packages/airflow/example_dags/tutorial.py for tasks to queue
[2024-09-28T04:05:14.401+0000] {logging_mixin.py:190} INFO - [2024-09-28T04:05:14.401+0000] {dagbag.py:588} INFO - Filling up the DagBag from /home/airflow/.local/lib/python3.12/site-packages/airflow/example_dags/tutorial.py
[2024-09-28T04:05:14.410+0000] {processor.py:925} INFO - DAG(s) 'tutorial' retrieved from /home/airflow/.local/lib/python3.12/site-packages/airflow/example_dags/tutorial.py
[2024-09-28T04:05:14.432+0000] {logging_mixin.py:190} INFO - [2024-09-28T04:05:14.432+0000] {dag.py:3239} INFO - Sync 1 DAGs
[2024-09-28T04:05:14.461+0000] {logging_mixin.py:190} INFO - [2024-09-28T04:05:14.460+0000] {dag.py:4180} INFO - Setting next_dagrun for tutorial to 2024-09-27 00:00:00+00:00, run_after=2024-09-28 00:00:00+00:00
[2024-09-28T04:05:14.485+0000] {processor.py:208} INFO - Processing /home/airflow/.local/lib/python3.12/site-packages/airflow/example_dags/tutorial.py took 0.093 seconds
[2024-09-28T04:05:55.113+0000] {processor.py:186} INFO - Started process (PID=123) to work on /home/airflow/.local/lib/python3.12/site-packages/airflow/example_dags/tutorial.py
[2024-09-28T04:05:55.114+0000] {processor.py:914} INFO - Processing file /home/airflow/.local/lib/python3.12/site-packages/airflow/example_dags/tutorial.py for tasks to queue
[2024-09-28T04:05:55.116+0000] {logging_mixin.py:190} INFO - [2024-09-28T04:05:55.116+0000] {dagbag.py:588} INFO - Filling up the DagBag from /home/airflow/.local/lib/python3.12/site-packages/airflow/example_dags/tutorial.py
[2024-09-28T04:05:55.123+0000] {processor.py:925} INFO - DAG(s) 'tutorial' retrieved from /home/airflow/.local/lib/python3.12/site-packages/airflow/example_dags/tutorial.py
[2024-09-28T04:05:55.142+0000] {logging_mixin.py:190} INFO - [2024-09-28T04:05:55.142+0000] {dag.py:3239} INFO - Sync 1 DAGs
[2024-09-28T04:05:55.165+0000] {logging_mixin.py:190} INFO - [2024-09-28T04:05:55.165+0000] {dag.py:4180} INFO - Setting next_dagrun for tutorial to 2024-09-27 00:00:00+00:00, run_after=2024-09-28 00:00:00+00:00
[2024-09-28T04:05:55.188+0000] {processor.py:208} INFO - Processing /home/airflow/.local/lib/python3.12/site-packages/airflow/example_dags/tutorial.py took 0.078 seconds
[2024-09-28T04:06:25.597+0000] {processor.py:186} INFO - Started process (PID=197) to work on /home/airflow/.local/lib/python3.12/site-packages/airflow/example_dags/tutorial.py
[2024-09-28T04:06:25.598+0000] {processor.py:914} INFO - Processing file /home/airflow/.local/lib/python3.12/site-packages/airflow/example_dags/tutorial.py for tasks to queue
[2024-09-28T04:06:25.601+0000] {logging_mixin.py:190} INFO - [2024-09-28T04:06:25.601+0000] {dagbag.py:588} INFO - Filling up the DagBag from /home/airflow/.local/lib/python3.12/site-packages/airflow/example_dags/tutorial.py
[2024-09-28T04:06:25.610+0000] {processor.py:925} INFO - DAG(s) 'tutorial' retrieved from /home/airflow/.local/lib/python3.12/site-packages/airflow/example_dags/tutorial.py
[2024-09-28T04:06:25.634+0000] {logging_mixin.py:190} INFO - [2024-09-28T04:06:25.633+0000] {dag.py:3239} INFO - Sync 1 DAGs
[2024-09-28T04:06:25.661+0000] {logging_mixin.py:190} INFO - [2024-09-28T04:06:25.660+0000] {dag.py:4180} INFO - Setting next_dagrun for tutorial to 2024-09-27 00:00:00+00:00, run_after=2024-09-28 00:00:00+00:00
[2024-09-28T04:06:25.682+0000] {processor.py:208} INFO - Processing /home/airflow/.local/lib/python3.12/site-packages/airflow/example_dags/tutorial.py took 0.092 seconds
[2024-09-28T04:06:56.543+0000] {processor.py:186} INFO - Started process (PID=271) to work on /home/airflow/.local/lib/python3.12/site-packages/airflow/example_dags/tutorial.py
[2024-09-28T04:06:56.545+0000] {processor.py:914} INFO - Processing file /home/airflow/.local/lib/python3.12/site-packages/airflow/example_dags/tutorial.py for tasks to queue
[2024-09-28T04:06:56.549+0000] {logging_mixin.py:190} INFO - [2024-09-28T04:06:56.548+0000] {dagbag.py:588} INFO - Filling up the DagBag from /home/airflow/.local/lib/python3.12/site-packages/airflow/example_dags/tutorial.py
[2024-09-28T04:06:56.561+0000] {processor.py:925} INFO - DAG(s) 'tutorial' retrieved from /home/airflow/.local/lib/python3.12/site-packages/airflow/example_dags/tutorial.py
[2024-09-28T04:06:56.599+0000] {logging_mixin.py:190} INFO - [2024-09-28T04:06:56.599+0000] {dag.py:3239} INFO - Sync 1 DAGs
[2024-09-28T04:06:56.640+0000] {logging_mixin.py:190} INFO - [2024-09-28T04:06:56.640+0000] {dag.py:4180} INFO - Setting next_dagrun for tutorial to 2024-09-27 00:00:00+00:00, run_after=2024-09-28 00:00:00+00:00
[2024-09-28T04:06:56.677+0000] {processor.py:208} INFO - Processing /home/airflow/.local/lib/python3.12/site-packages/airflow/example_dags/tutorial.py took 0.142 seconds
[2024-09-28T04:07:26.955+0000] {processor.py:186} INFO - Started process (PID=345) to work on /home/airflow/.local/lib/python3.12/site-packages/airflow/example_dags/tutorial.py
[2024-09-28T04:07:26.957+0000] {processor.py:914} INFO - Processing file /home/airflow/.local/lib/python3.12/site-packages/airflow/example_dags/tutorial.py for tasks to queue
[2024-09-28T04:07:26.959+0000] {logging_mixin.py:190} INFO - [2024-09-28T04:07:26.959+0000] {dagbag.py:588} INFO - Filling up the DagBag from /home/airflow/.local/lib/python3.12/site-packages/airflow/example_dags/tutorial.py
[2024-09-28T04:07:26.966+0000] {processor.py:925} INFO - DAG(s) 'tutorial' retrieved from /home/airflow/.local/lib/python3.12/site-packages/airflow/example_dags/tutorial.py
[2024-09-28T04:07:26.985+0000] {logging_mixin.py:190} INFO - [2024-09-28T04:07:26.985+0000] {dag.py:3239} INFO - Sync 1 DAGs
[2024-09-28T04:07:27.011+0000] {logging_mixin.py:190} INFO - [2024-09-28T04:07:27.010+0000] {dag.py:4180} INFO - Setting next_dagrun for tutorial to 2024-09-27 00:00:00+00:00, run_after=2024-09-28 00:00:00+00:00
[2024-09-28T04:07:27.032+0000] {processor.py:208} INFO - Processing /home/airflow/.local/lib/python3.12/site-packages/airflow/example_dags/tutorial.py took 0.082 seconds
